2025-10-27 20:25:08,445 [INFO] [root] [MainThread]: Utility started.
2025-10-27 20:25:08,446 [INFO] [root] [MainThread]: Processing NIFTY from NFO exchange
2025-10-27 20:25:08,446 [INFO] [root] [MainThread]: Detected yearly folder structure in NFO\GFDLNFO_TICK_03012025
2025-10-27 20:25:09,176 [INFO] [root] [MainThread]: No date subfolders found, extracted date 03012025 from parent folder: GFDLNFO_TICK_03012025
2025-10-27 20:25:09,177 [INFO] [root] [MainThread]: Got following folder info {'03012025': {'NFO\\GFDLNFO_TICK_03012025'}} for processing {'index': 'NIFTY', 'instrument_type': 'call'}.
2025-10-27 20:25:09,178 [INFO] [root] [MainThread]: Started processing folder: NFO\GFDLNFO_TICK_03012025 for {'index': 'NIFTY', 'instrument_type': 'call'}, date: 03012025
2025-10-27 20:25:09,227 [INFO] [root] [MainThread]: Found 425 call option files to process for NIFTY.
2025-10-27 20:25:09,228 [INFO] [root] [MainThread]: Started processing: NFO\GFDLNFO_TICK_03012025\Options\NIFTY06FEB2523950CE.NFO.csv
2025-10-27 20:25:09,288 [INFO] [root] [MainThread]: Successfully processed: NFO\GFDLNFO_TICK_03012025\Options\NIFTY06FEB2523950CE.NFO.csv
2025-10-27 20:25:09,288 [INFO] [root] [MainThread]: Started processing: NFO\GFDLNFO_TICK_03012025\Options\NIFTY06FEB2524000CE.NFO.csv
2025-10-27 20:25:09,343 [INFO] [root] [MainThread]: Successfully processed: NFO\GFDLNFO_TICK_03012025\Options\NIFTY06FEB2524000CE.NFO.csv
2025-10-27 20:25:09,343 [INFO] [root] [MainThread]: Started processing: NFO\GFDLNFO_TICK_03012025\Options\NIFTY06FEB2524100CE.NFO.csv
2025-10-27 20:25:09,395 [INFO] [root] [MainThread]: Successfully processed: NFO\GFDLNFO_TICK_03012025\Options\NIFTY06FEB2524100CE.NFO.csv
2025-10-27 20:25:09,396 [INFO] [root] [MainThread]: Started processing: NFO\GFDLNFO_TICK_03012025\Options\NIFTY06FEB2524200CE.NFO.csv
2025-10-27 20:25:09,464 [INFO] [root] [MainThread]: Successfully processed: NFO\GFDLNFO_TICK_03012025\Options\NIFTY06FEB2524200CE.NFO.csv
2025-10-27 20:25:09,464 [INFO] [root] [MainThread]: Started processing: NFO\GFDLNFO_TICK_03012025\Options\NIFTY06FEB2524350CE.NFO.csv
2025-10-27 20:25:09,516 [INFO] [root] [MainThread]: Successfully processed: NFO\GFDLNFO_TICK_03012025\Options\NIFTY06FEB2524350CE.NFO.csv
2025-10-27 20:25:09,517 [INFO] [root] [MainThread]: Started processing: NFO\GFDLNFO_TICK_03012025\Options\NIFTY06FEB2524500CE.NFO.csv
2025-10-27 20:25:09,546 [INFO] [root] [MainThread]: Successfully processed: NFO\GFDLNFO_TICK_03012025\Options\NIFTY06FEB2524500CE.NFO.csv
2025-10-27 20:25:09,547 [INFO] [root] [MainThread]: Started processing: NFO\GFDLNFO_TICK_03012025\Options\NIFTY06FEB2524700CE.NFO.csv
2025-10-27 20:25:09,593 [INFO] [root] [MainThread]: Successfully processed: NFO\GFDLNFO_TICK_03012025\Options\NIFTY06FEB2524700CE.NFO.csv
2025-10-27 20:25:09,593 [INFO] [root] [MainThread]: Started processing: NFO\GFDLNFO_TICK_03012025\Options\NIFTY06FEB2524800CE.NFO.csv
2025-10-27 20:25:09,648 [INFO] [root] [MainThread]: Successfully processed: NFO\GFDLNFO_TICK_03012025\Options\NIFTY06FEB2524800CE.NFO.csv
2025-10-27 20:25:09,648 [INFO] [root] [MainThread]: Started processing: NFO\GFDLNFO_TICK_03012025\Options\NIFTY06FEB2525000CE.NFO.csv
2025-10-27 20:25:09,682 [INFO] [root] [MainThread]: Successfully processed: NFO\GFDLNFO_TICK_03012025\Options\NIFTY06FEB2525000CE.NFO.csv
2025-10-27 20:25:09,682 [INFO] [root] [MainThread]: Started processing: NFO\GFDLNFO_TICK_03012025\Options\NIFTY06FEB2525500CE.NFO.csv
2025-10-27 20:25:09,711 [INFO] [root] [MainThread]: Successfully processed: NFO\GFDLNFO_TICK_03012025\Options\NIFTY06FEB2525500CE.NFO.csv
2025-10-27 20:25:09,711 [INFO] [root] [MainThread]: Started processing: NFO\GFDLNFO_TICK_03012025\Options\NIFTY06FEB2525700CE.NFO.csv
2025-10-27 20:25:09,742 [INFO] [root] [MainThread]: Successfully processed: NFO\GFDLNFO_TICK_03012025\Options\NIFTY06FEB2525700CE.NFO.csv
2025-10-27 20:25:09,742 [INFO] [root] [MainThread]: Started processing: NFO\GFDLNFO_TICK_03012025\Options\NIFTY09JAN2521850CE.NFO.csv
2025-10-27 20:25:09,788 [INFO] [root] [MainThread]: Successfully processed: NFO\GFDLNFO_TICK_03012025\Options\NIFTY09JAN2521850CE.NFO.csv
2025-10-27 20:25:09,788 [INFO] [root] [MainThread]: Started processing: NFO\GFDLNFO_TICK_03012025\Options\NIFTY09JAN2522000CE.NFO.csv
2025-10-27 20:25:09,845 [INFO] [root] [MainThread]: Successfully processed: NFO\GFDLNFO_TICK_03012025\Options\NIFTY09JAN2522000CE.NFO.csv
2025-10-27 20:25:09,845 [INFO] [root] [MainThread]: Started processing: NFO\GFDLNFO_TICK_03012025\Options\NIFTY09JAN2522400CE.NFO.csv
2025-10-27 20:25:09,901 [INFO] [root] [MainThread]: Successfully processed: NFO\GFDLNFO_TICK_03012025\Options\NIFTY09JAN2522400CE.NFO.csv
2025-10-27 20:25:09,901 [INFO] [root] [MainThread]: Started processing: NFO\GFDLNFO_TICK_03012025\Options\NIFTY09JAN2522500CE.NFO.csv
2025-10-27 20:25:09,980 [INFO] [root] [MainThread]: Successfully processed: NFO\GFDLNFO_TICK_03012025\Options\NIFTY09JAN2522500CE.NFO.csv
2025-10-27 20:25:09,980 [INFO] [root] [MainThread]: Started processing: NFO\GFDLNFO_TICK_03012025\Options\NIFTY09JAN2522600CE.NFO.csv
2025-10-27 20:25:10,039 [INFO] [root] [MainThread]: Successfully processed: NFO\GFDLNFO_TICK_03012025\Options\NIFTY09JAN2522600CE.NFO.csv
2025-10-27 20:25:10,039 [INFO] [root] [MainThread]: Started processing: NFO\GFDLNFO_TICK_03012025\Options\NIFTY09JAN2522700CE.NFO.csv
2025-10-27 20:25:10,095 [INFO] [root] [MainThread]: Successfully processed: NFO\GFDLNFO_TICK_03012025\Options\NIFTY09JAN2522700CE.NFO.csv
2025-10-27 20:25:10,095 [INFO] [root] [MainThread]: Started processing: NFO\GFDLNFO_TICK_03012025\Options\NIFTY09JAN2522750CE.NFO.csv
2025-10-27 20:25:10,148 [INFO] [root] [MainThread]: Successfully processed: NFO\GFDLNFO_TICK_03012025\Options\NIFTY09JAN2522750CE.NFO.csv
2025-10-27 20:25:10,148 [INFO] [root] [MainThread]: Started processing: NFO\GFDLNFO_TICK_03012025\Options\NIFTY09JAN2522800CE.NFO.csv
2025-10-27 20:25:10,220 [INFO] [root] [MainThread]: Successfully processed: NFO\GFDLNFO_TICK_03012025\Options\NIFTY09JAN2522800CE.NFO.csv
2025-10-27 20:25:10,221 [INFO] [root] [MainThread]: Started processing: NFO\GFDLNFO_TICK_03012025\Options\NIFTY09JAN2522850CE.NFO.csv
2025-10-27 20:25:10,288 [INFO] [root] [MainThread]: Successfully processed: NFO\GFDLNFO_TICK_03012025\Options\NIFTY09JAN2522850CE.NFO.csv
2025-10-27 20:25:10,289 [INFO] [root] [MainThread]: Started processing: NFO\GFDLNFO_TICK_03012025\Options\NIFTY09JAN2522900CE.NFO.csv
2025-10-27 20:25:10,351 [INFO] [root] [MainThread]: Successfully processed: NFO\GFDLNFO_TICK_03012025\Options\NIFTY09JAN2522900CE.NFO.csv
2025-10-27 20:25:10,352 [INFO] [root] [MainThread]: Started processing: NFO\GFDLNFO_TICK_03012025\Options\NIFTY09JAN2523000CE.NFO.csv
2025-10-27 20:25:10,419 [INFO] [root] [MainThread]: Successfully processed: NFO\GFDLNFO_TICK_03012025\Options\NIFTY09JAN2523000CE.NFO.csv
2025-10-27 20:25:10,419 [INFO] [root] [MainThread]: Started processing: NFO\GFDLNFO_TICK_03012025\Options\NIFTY09JAN2523100CE.NFO.csv
2025-10-27 20:25:10,479 [INFO] [root] [MainThread]: Successfully processed: NFO\GFDLNFO_TICK_03012025\Options\NIFTY09JAN2523100CE.NFO.csv
2025-10-27 20:25:10,487 [INFO] [root] [MainThread]: Started processing: NFO\GFDLNFO_TICK_03012025\Options\NIFTY09JAN2523150CE.NFO.csv
2025-10-27 20:25:10,544 [INFO] [root] [MainThread]: Successfully processed: NFO\GFDLNFO_TICK_03012025\Options\NIFTY09JAN2523150CE.NFO.csv
2025-10-27 20:25:10,544 [INFO] [root] [MainThread]: Started processing: NFO\GFDLNFO_TICK_03012025\Options\NIFTY09JAN2523200CE.NFO.csv
2025-10-27 20:25:10,608 [INFO] [root] [MainThread]: Successfully processed: NFO\GFDLNFO_TICK_03012025\Options\NIFTY09JAN2523200CE.NFO.csv
2025-10-27 20:25:10,608 [INFO] [root] [MainThread]: Started processing: NFO\GFDLNFO_TICK_03012025\Options\NIFTY09JAN2523250CE.NFO.csv
2025-10-27 20:25:10,673 [INFO] [root] [MainThread]: Successfully processed: NFO\GFDLNFO_TICK_03012025\Options\NIFTY09JAN2523250CE.NFO.csv
2025-10-27 20:25:10,673 [INFO] [root] [MainThread]: Started processing: NFO\GFDLNFO_TICK_03012025\Options\NIFTY09JAN2523300CE.NFO.csv
2025-10-27 20:25:10,737 [INFO] [root] [MainThread]: Successfully processed: NFO\GFDLNFO_TICK_03012025\Options\NIFTY09JAN2523300CE.NFO.csv
2025-10-27 20:25:10,737 [INFO] [root] [MainThread]: Started processing: NFO\GFDLNFO_TICK_03012025\Options\NIFTY09JAN2523350CE.NFO.csv
2025-10-27 20:25:10,797 [INFO] [root] [MainThread]: Successfully processed: NFO\GFDLNFO_TICK_03012025\Options\NIFTY09JAN2523350CE.NFO.csv
2025-10-27 20:25:10,797 [INFO] [root] [MainThread]: Started processing: NFO\GFDLNFO_TICK_03012025\Options\NIFTY09JAN2523400CE.NFO.csv
2025-10-27 20:25:10,869 [INFO] [root] [MainThread]: Successfully processed: NFO\GFDLNFO_TICK_03012025\Options\NIFTY09JAN2523400CE.NFO.csv
2025-10-27 20:25:10,869 [INFO] [root] [MainThread]: Started processing: NFO\GFDLNFO_TICK_03012025\Options\NIFTY09JAN2523450CE.NFO.csv
2025-10-27 20:25:10,941 [INFO] [root] [MainThread]: Successfully processed: NFO\GFDLNFO_TICK_03012025\Options\NIFTY09JAN2523450CE.NFO.csv
2025-10-27 20:25:10,941 [INFO] [root] [MainThread]: Started processing: NFO\GFDLNFO_TICK_03012025\Options\NIFTY09JAN2523500CE.NFO.csv
2025-10-27 20:25:11,031 [INFO] [root] [MainThread]: Successfully processed: NFO\GFDLNFO_TICK_03012025\Options\NIFTY09JAN2523500CE.NFO.csv
2025-10-27 20:25:11,032 [INFO] [root] [MainThread]: Started processing: NFO\GFDLNFO_TICK_03012025\Options\NIFTY09JAN2523550CE.NFO.csv
2025-10-27 20:25:11,107 [INFO] [root] [MainThread]: Successfully processed: NFO\GFDLNFO_TICK_03012025\Options\NIFTY09JAN2523550CE.NFO.csv
2025-10-27 20:25:11,108 [INFO] [root] [MainThread]: Started processing: NFO\GFDLNFO_TICK_03012025\Options\NIFTY09JAN2523600CE.NFO.csv
2025-10-27 20:25:11,195 [INFO] [root] [MainThread]: Successfully processed: NFO\GFDLNFO_TICK_03012025\Options\NIFTY09JAN2523600CE.NFO.csv
2025-10-27 20:25:11,196 [INFO] [root] [MainThread]: Started processing: NFO\GFDLNFO_TICK_03012025\Options\NIFTY09JAN2523650CE.NFO.csv
2025-10-27 20:25:11,268 [INFO] [root] [MainThread]: Successfully processed: NFO\GFDLNFO_TICK_03012025\Options\NIFTY09JAN2523650CE.NFO.csv
2025-10-27 20:25:11,269 [INFO] [root] [MainThread]: Started processing: NFO\GFDLNFO_TICK_03012025\Options\NIFTY09JAN2523700CE.NFO.csv
2025-10-27 20:25:11,372 [INFO] [root] [MainThread]: Successfully processed: NFO\GFDLNFO_TICK_03012025\Options\NIFTY09JAN2523700CE.NFO.csv
2025-10-27 20:25:11,372 [INFO] [root] [MainThread]: Started processing: NFO\GFDLNFO_TICK_03012025\Options\NIFTY09JAN2523750CE.NFO.csv
2025-10-27 20:25:11,490 [INFO] [root] [MainThread]: Successfully processed: NFO\GFDLNFO_TICK_03012025\Options\NIFTY09JAN2523750CE.NFO.csv
2025-10-27 20:25:11,490 [INFO] [root] [MainThread]: Started processing: NFO\GFDLNFO_TICK_03012025\Options\NIFTY09JAN2523800CE.NFO.csv
2025-10-27 20:25:11,653 [INFO] [root] [MainThread]: Successfully processed: NFO\GFDLNFO_TICK_03012025\Options\NIFTY09JAN2523800CE.NFO.csv
2025-10-27 20:25:11,653 [INFO] [root] [MainThread]: Started processing: NFO\GFDLNFO_TICK_03012025\Options\NIFTY09JAN2523850CE.NFO.csv
2025-10-27 20:25:11,779 [INFO] [root] [MainThread]: Successfully processed: NFO\GFDLNFO_TICK_03012025\Options\NIFTY09JAN2523850CE.NFO.csv
2025-10-27 20:25:11,780 [INFO] [root] [MainThread]: Started processing: NFO\GFDLNFO_TICK_03012025\Options\NIFTY09JAN2523900CE.NFO.csv
2025-10-27 20:25:11,962 [INFO] [root] [MainThread]: Successfully processed: NFO\GFDLNFO_TICK_03012025\Options\NIFTY09JAN2523900CE.NFO.csv
2025-10-27 20:25:11,962 [INFO] [root] [MainThread]: Started processing: NFO\GFDLNFO_TICK_03012025\Options\NIFTY09JAN2523950CE.NFO.csv
2025-10-27 20:25:12,171 [INFO] [root] [MainThread]: Successfully processed: NFO\GFDLNFO_TICK_03012025\Options\NIFTY09JAN2523950CE.NFO.csv
2025-10-27 20:25:12,172 [INFO] [root] [MainThread]: Started processing: NFO\GFDLNFO_TICK_03012025\Options\NIFTY09JAN2524000CE.NFO.csv
2025-10-27 20:25:12,373 [INFO] [root] [MainThread]: Successfully processed: NFO\GFDLNFO_TICK_03012025\Options\NIFTY09JAN2524000CE.NFO.csv
2025-10-27 20:25:12,373 [INFO] [root] [MainThread]: Started processing: NFO\GFDLNFO_TICK_03012025\Options\NIFTY09JAN2524050CE.NFO.csv
2025-10-27 20:25:12,549 [INFO] [root] [MainThread]: Successfully processed: NFO\GFDLNFO_TICK_03012025\Options\NIFTY09JAN2524050CE.NFO.csv
2025-10-27 20:25:12,550 [INFO] [root] [MainThread]: Started processing: NFO\GFDLNFO_TICK_03012025\Options\NIFTY09JAN2524100CE.NFO.csv
2025-10-27 20:25:12,726 [INFO] [root] [MainThread]: Successfully processed: NFO\GFDLNFO_TICK_03012025\Options\NIFTY09JAN2524100CE.NFO.csv
2025-10-27 20:25:12,726 [INFO] [root] [MainThread]: Started processing: NFO\GFDLNFO_TICK_03012025\Options\NIFTY09JAN2524150CE.NFO.csv
2025-10-27 20:25:12,886 [INFO] [root] [MainThread]: Successfully processed: NFO\GFDLNFO_TICK_03012025\Options\NIFTY09JAN2524150CE.NFO.csv
2025-10-27 20:25:12,887 [INFO] [root] [MainThread]: Started processing: NFO\GFDLNFO_TICK_03012025\Options\NIFTY09JAN2524200CE.NFO.csv
2025-10-27 20:25:13,048 [INFO] [root] [MainThread]: Successfully processed: NFO\GFDLNFO_TICK_03012025\Options\NIFTY09JAN2524200CE.NFO.csv
2025-10-27 20:25:13,048 [INFO] [root] [MainThread]: Started processing: NFO\GFDLNFO_TICK_03012025\Options\NIFTY09JAN2524250CE.NFO.csv
2025-10-27 20:25:13,205 [INFO] [root] [MainThread]: Successfully processed: NFO\GFDLNFO_TICK_03012025\Options\NIFTY09JAN2524250CE.NFO.csv
2025-10-27 20:25:13,205 [INFO] [root] [MainThread]: Started processing: NFO\GFDLNFO_TICK_03012025\Options\NIFTY09JAN2524300CE.NFO.csv
2025-10-27 20:25:13,360 [INFO] [root] [MainThread]: Successfully processed: NFO\GFDLNFO_TICK_03012025\Options\NIFTY09JAN2524300CE.NFO.csv
2025-10-27 20:25:13,360 [INFO] [root] [MainThread]: Started processing: NFO\GFDLNFO_TICK_03012025\Options\NIFTY09JAN2524350CE.NFO.csv
2025-10-27 20:25:13,500 [INFO] [root] [MainThread]: Successfully processed: NFO\GFDLNFO_TICK_03012025\Options\NIFTY09JAN2524350CE.NFO.csv
2025-10-27 20:25:13,500 [INFO] [root] [MainThread]: Started processing: NFO\GFDLNFO_TICK_03012025\Options\NIFTY09JAN2524400CE.NFO.csv
2025-10-27 20:25:13,627 [INFO] [root] [MainThread]: Successfully processed: NFO\GFDLNFO_TICK_03012025\Options\NIFTY09JAN2524400CE.NFO.csv
2025-10-27 20:25:13,627 [INFO] [root] [MainThread]: Started processing: NFO\GFDLNFO_TICK_03012025\Options\NIFTY09JAN2524450CE.NFO.csv
2025-10-27 20:25:13,755 [INFO] [root] [MainThread]: Successfully processed: NFO\GFDLNFO_TICK_03012025\Options\NIFTY09JAN2524450CE.NFO.csv
2025-10-27 20:25:13,755 [INFO] [root] [MainThread]: Started processing: NFO\GFDLNFO_TICK_03012025\Options\NIFTY09JAN2524500CE.NFO.csv
2025-10-27 20:25:13,910 [INFO] [root] [MainThread]: Successfully processed: NFO\GFDLNFO_TICK_03012025\Options\NIFTY09JAN2524500CE.NFO.csv
2025-10-27 20:25:13,910 [INFO] [root] [MainThread]: Started processing: NFO\GFDLNFO_TICK_03012025\Options\NIFTY09JAN2524550CE.NFO.csv
2025-10-27 20:25:14,074 [INFO] [root] [MainThread]: Successfully processed: NFO\GFDLNFO_TICK_03012025\Options\NIFTY09JAN2524550CE.NFO.csv
2025-10-27 20:25:14,075 [INFO] [root] [MainThread]: Started processing: NFO\GFDLNFO_TICK_03012025\Options\NIFTY09JAN2524600CE.NFO.csv
2025-10-27 20:25:14,229 [INFO] [root] [MainThread]: Successfully processed: NFO\GFDLNFO_TICK_03012025\Options\NIFTY09JAN2524600CE.NFO.csv
2025-10-27 20:25:14,229 [INFO] [root] [MainThread]: Started processing: NFO\GFDLNFO_TICK_03012025\Options\NIFTY09JAN2524650CE.NFO.csv
2025-10-27 20:25:14,391 [INFO] [root] [MainThread]: Successfully processed: NFO\GFDLNFO_TICK_03012025\Options\NIFTY09JAN2524650CE.NFO.csv
2025-10-27 20:25:14,391 [INFO] [root] [MainThread]: Started processing: NFO\GFDLNFO_TICK_03012025\Options\NIFTY09JAN2524700CE.NFO.csv
2025-10-27 20:25:14,557 [INFO] [root] [MainThread]: Successfully processed: NFO\GFDLNFO_TICK_03012025\Options\NIFTY09JAN2524700CE.NFO.csv
2025-10-27 20:25:14,557 [INFO] [root] [MainThread]: Started processing: NFO\GFDLNFO_TICK_03012025\Options\NIFTY09JAN2524750CE.NFO.csv
2025-10-27 20:25:14,722 [INFO] [root] [MainThread]: Successfully processed: NFO\GFDLNFO_TICK_03012025\Options\NIFTY09JAN2524750CE.NFO.csv
2025-10-27 20:25:14,722 [INFO] [root] [MainThread]: Started processing: NFO\GFDLNFO_TICK_03012025\Options\NIFTY09JAN2524800CE.NFO.csv
2025-10-27 20:25:14,874 [INFO] [root] [MainThread]: Successfully processed: NFO\GFDLNFO_TICK_03012025\Options\NIFTY09JAN2524800CE.NFO.csv
2025-10-27 20:25:14,875 [INFO] [root] [MainThread]: Started processing: NFO\GFDLNFO_TICK_03012025\Options\NIFTY09JAN2524850CE.NFO.csv
2025-10-27 20:25:15,013 [INFO] [root] [MainThread]: Successfully processed: NFO\GFDLNFO_TICK_03012025\Options\NIFTY09JAN2524850CE.NFO.csv
2025-10-27 20:25:15,014 [INFO] [root] [MainThread]: Started processing: NFO\GFDLNFO_TICK_03012025\Options\NIFTY09JAN2524900CE.NFO.csv
2025-10-27 20:25:15,156 [INFO] [root] [MainThread]: Successfully processed: NFO\GFDLNFO_TICK_03012025\Options\NIFTY09JAN2524900CE.NFO.csv
2025-10-27 20:25:15,156 [INFO] [root] [MainThread]: Started processing: NFO\GFDLNFO_TICK_03012025\Options\NIFTY09JAN2524950CE.NFO.csv
2025-10-27 20:25:15,271 [INFO] [root] [MainThread]: Successfully processed: NFO\GFDLNFO_TICK_03012025\Options\NIFTY09JAN2524950CE.NFO.csv
2025-10-27 20:25:15,271 [INFO] [root] [MainThread]: Started processing: NFO\GFDLNFO_TICK_03012025\Options\NIFTY09JAN2525000CE.NFO.csv
2025-10-27 20:25:15,416 [INFO] [root] [MainThread]: Successfully processed: NFO\GFDLNFO_TICK_03012025\Options\NIFTY09JAN2525000CE.NFO.csv
2025-10-27 20:25:15,416 [INFO] [root] [MainThread]: Started processing: NFO\GFDLNFO_TICK_03012025\Options\NIFTY09JAN2525050CE.NFO.csv
2025-10-27 20:25:15,632 [INFO] [root] [MainThread]: Successfully processed: NFO\GFDLNFO_TICK_03012025\Options\NIFTY09JAN2525050CE.NFO.csv
2025-10-27 20:25:15,633 [INFO] [root] [MainThread]: Started processing: NFO\GFDLNFO_TICK_03012025\Options\NIFTY09JAN2525100CE.NFO.csv
2025-10-27 20:25:15,913 [INFO] [root] [MainThread]: Successfully processed: NFO\GFDLNFO_TICK_03012025\Options\NIFTY09JAN2525100CE.NFO.csv
2025-10-27 20:25:15,913 [INFO] [root] [MainThread]: Started processing: NFO\GFDLNFO_TICK_03012025\Options\NIFTY09JAN2525150CE.NFO.csv
2025-10-27 20:25:16,136 [INFO] [root] [MainThread]: Successfully processed: NFO\GFDLNFO_TICK_03012025\Options\NIFTY09JAN2525150CE.NFO.csv
2025-10-27 20:25:16,137 [INFO] [root] [MainThread]: Started processing: NFO\GFDLNFO_TICK_03012025\Options\NIFTY09JAN2525200CE.NFO.csv
2025-10-27 20:25:16,283 [INFO] [root] [MainThread]: Successfully processed: NFO\GFDLNFO_TICK_03012025\Options\NIFTY09JAN2525200CE.NFO.csv
2025-10-27 20:25:16,283 [INFO] [root] [MainThread]: Started processing: NFO\GFDLNFO_TICK_03012025\Options\NIFTY09JAN2525250CE.NFO.csv
2025-10-27 20:25:16,485 [INFO] [root] [MainThread]: Successfully processed: NFO\GFDLNFO_TICK_03012025\Options\NIFTY09JAN2525250CE.NFO.csv
2025-10-27 20:25:16,486 [INFO] [root] [MainThread]: Started processing: NFO\GFDLNFO_TICK_03012025\Options\NIFTY09JAN2525300CE.NFO.csv
2025-10-27 20:25:16,679 [INFO] [root] [MainThread]: Successfully processed: NFO\GFDLNFO_TICK_03012025\Options\NIFTY09JAN2525300CE.NFO.csv
2025-10-27 20:25:16,679 [INFO] [root] [MainThread]: Started processing: NFO\GFDLNFO_TICK_03012025\Options\NIFTY09JAN2525350CE.NFO.csv
2025-10-27 20:25:16,770 [INFO] [root] [MainThread]: Successfully processed: NFO\GFDLNFO_TICK_03012025\Options\NIFTY09JAN2525350CE.NFO.csv
2025-10-27 20:25:16,770 [INFO] [root] [MainThread]: Started processing: NFO\GFDLNFO_TICK_03012025\Options\NIFTY09JAN2525400CE.NFO.csv
2025-10-27 20:25:16,837 [INFO] [root] [MainThread]: Successfully processed: NFO\GFDLNFO_TICK_03012025\Options\NIFTY09JAN2525400CE.NFO.csv
2025-10-27 20:25:16,837 [INFO] [root] [MainThread]: Started processing: NFO\GFDLNFO_TICK_03012025\Options\NIFTY09JAN2525450CE.NFO.csv
2025-10-27 20:25:16,920 [INFO] [root] [MainThread]: Successfully processed: NFO\GFDLNFO_TICK_03012025\Options\NIFTY09JAN2525450CE.NFO.csv
2025-10-27 20:25:16,920 [INFO] [root] [MainThread]: Started processing: NFO\GFDLNFO_TICK_03012025\Options\NIFTY09JAN2525500CE.NFO.csv
2025-10-27 20:25:16,990 [INFO] [root] [MainThread]: Successfully processed: NFO\GFDLNFO_TICK_03012025\Options\NIFTY09JAN2525500CE.NFO.csv
2025-10-27 20:25:16,991 [INFO] [root] [MainThread]: Started processing: NFO\GFDLNFO_TICK_03012025\Options\NIFTY09JAN2525550CE.NFO.csv
2025-10-27 20:25:17,055 [INFO] [root] [MainThread]: Successfully processed: NFO\GFDLNFO_TICK_03012025\Options\NIFTY09JAN2525550CE.NFO.csv
2025-10-27 20:25:17,055 [INFO] [root] [MainThread]: Started processing: NFO\GFDLNFO_TICK_03012025\Options\NIFTY09JAN2525600CE.NFO.csv
2025-10-27 20:25:17,104 [INFO] [root] [MainThread]: Successfully processed: NFO\GFDLNFO_TICK_03012025\Options\NIFTY09JAN2525600CE.NFO.csv
2025-10-27 20:25:17,105 [INFO] [root] [MainThread]: Started processing: NFO\GFDLNFO_TICK_03012025\Options\NIFTY09JAN2525650CE.NFO.csv
2025-10-27 20:25:17,184 [INFO] [root] [MainThread]: Successfully processed: NFO\GFDLNFO_TICK_03012025\Options\NIFTY09JAN2525650CE.NFO.csv
2025-10-27 20:25:17,185 [INFO] [root] [MainThread]: Started processing: NFO\GFDLNFO_TICK_03012025\Options\NIFTY09JAN2525700CE.NFO.csv
2025-10-27 20:25:17,239 [INFO] [root] [MainThread]: Successfully processed: NFO\GFDLNFO_TICK_03012025\Options\NIFTY09JAN2525700CE.NFO.csv
2025-10-27 20:25:17,239 [INFO] [root] [MainThread]: Started processing: NFO\GFDLNFO_TICK_03012025\Options\NIFTY09JAN2525750CE.NFO.csv
2025-10-27 20:25:17,301 [INFO] [root] [MainThread]: Successfully processed: NFO\GFDLNFO_TICK_03012025\Options\NIFTY09JAN2525750CE.NFO.csv
2025-10-27 20:25:17,301 [INFO] [root] [MainThread]: Started processing: NFO\GFDLNFO_TICK_03012025\Options\NIFTY09JAN2525800CE.NFO.csv
2025-10-27 20:25:17,343 [INFO] [root] [MainThread]: Successfully processed: NFO\GFDLNFO_TICK_03012025\Options\NIFTY09JAN2525800CE.NFO.csv
2025-10-27 20:25:17,343 [INFO] [root] [MainThread]: Started processing: NFO\GFDLNFO_TICK_03012025\Options\NIFTY09JAN2525850CE.NFO.csv
2025-10-27 20:25:17,401 [INFO] [root] [MainThread]: Successfully processed: NFO\GFDLNFO_TICK_03012025\Options\NIFTY09JAN2525850CE.NFO.csv
2025-10-27 20:25:17,401 [INFO] [root] [MainThread]: Started processing: NFO\GFDLNFO_TICK_03012025\Options\NIFTY09JAN2525900CE.NFO.csv
2025-10-27 20:25:17,442 [INFO] [root] [MainThread]: Successfully processed: NFO\GFDLNFO_TICK_03012025\Options\NIFTY09JAN2525900CE.NFO.csv
2025-10-27 20:25:17,442 [INFO] [root] [MainThread]: Started processing: NFO\GFDLNFO_TICK_03012025\Options\NIFTY09JAN2525950CE.NFO.csv
2025-10-27 20:25:17,504 [INFO] [root] [MainThread]: Successfully processed: NFO\GFDLNFO_TICK_03012025\Options\NIFTY09JAN2525950CE.NFO.csv
2025-10-27 20:25:17,504 [INFO] [root] [MainThread]: Started processing: NFO\GFDLNFO_TICK_03012025\Options\NIFTY09JAN2526000CE.NFO.csv
2025-10-27 20:25:17,567 [INFO] [root] [MainThread]: Successfully processed: NFO\GFDLNFO_TICK_03012025\Options\NIFTY09JAN2526000CE.NFO.csv
2025-10-27 20:25:17,568 [INFO] [root] [MainThread]: Started processing: NFO\GFDLNFO_TICK_03012025\Options\NIFTY09JAN2526050CE.NFO.csv
2025-10-27 20:25:17,620 [INFO] [root] [MainThread]: Successfully processed: NFO\GFDLNFO_TICK_03012025\Options\NIFTY09JAN2526050CE.NFO.csv
2025-10-27 20:25:17,620 [INFO] [root] [MainThread]: Started processing: NFO\GFDLNFO_TICK_03012025\Options\NIFTY09JAN2526100CE.NFO.csv
2025-10-27 20:25:17,666 [INFO] [root] [MainThread]: Successfully processed: NFO\GFDLNFO_TICK_03012025\Options\NIFTY09JAN2526100CE.NFO.csv
2025-10-27 20:25:17,666 [INFO] [root] [MainThread]: Started processing: NFO\GFDLNFO_TICK_03012025\Options\NIFTY09JAN2526150CE.NFO.csv
2025-10-27 20:25:17,731 [INFO] [root] [MainThread]: Successfully processed: NFO\GFDLNFO_TICK_03012025\Options\NIFTY09JAN2526150CE.NFO.csv
2025-10-27 20:25:17,731 [INFO] [root] [MainThread]: Started processing: NFO\GFDLNFO_TICK_03012025\Options\NIFTY09JAN2526200CE.NFO.csv
2025-10-27 20:25:17,769 [INFO] [root] [MainThread]: Successfully processed: NFO\GFDLNFO_TICK_03012025\Options\NIFTY09JAN2526200CE.NFO.csv
2025-10-27 20:25:17,769 [INFO] [root] [MainThread]: Started processing: NFO\GFDLNFO_TICK_03012025\Options\NIFTY09JAN2526250CE.NFO.csv
2025-10-27 20:25:17,834 [INFO] [root] [MainThread]: Successfully processed: NFO\GFDLNFO_TICK_03012025\Options\NIFTY09JAN2526250CE.NFO.csv
2025-10-27 20:25:17,834 [INFO] [root] [MainThread]: Started processing: NFO\GFDLNFO_TICK_03012025\Options\NIFTY09JAN2526300CE.NFO.csv
2025-10-27 20:25:17,890 [INFO] [root] [MainThread]: Successfully processed: NFO\GFDLNFO_TICK_03012025\Options\NIFTY09JAN2526300CE.NFO.csv
2025-10-27 20:25:17,890 [INFO] [root] [MainThread]: Started processing: NFO\GFDLNFO_TICK_03012025\Options\NIFTY09JAN2526350CE.NFO.csv
2025-10-27 20:25:17,957 [INFO] [root] [MainThread]: Successfully processed: NFO\GFDLNFO_TICK_03012025\Options\NIFTY09JAN2526350CE.NFO.csv
2025-10-27 20:25:17,957 [INFO] [root] [MainThread]: Started processing: NFO\GFDLNFO_TICK_03012025\Options\NIFTY09JAN2526400CE.NFO.csv
2025-10-27 20:25:18,004 [INFO] [root] [MainThread]: Successfully processed: NFO\GFDLNFO_TICK_03012025\Options\NIFTY09JAN2526400CE.NFO.csv
2025-10-27 20:25:18,004 [INFO] [root] [MainThread]: Started processing: NFO\GFDLNFO_TICK_03012025\Options\NIFTY09JAN2526450CE.NFO.csv
2025-10-27 20:25:18,082 [INFO] [root] [MainThread]: Successfully processed: NFO\GFDLNFO_TICK_03012025\Options\NIFTY09JAN2526450CE.NFO.csv
2025-10-27 20:25:18,082 [INFO] [root] [MainThread]: Started processing: NFO\GFDLNFO_TICK_03012025\Options\NIFTY09JAN2526500CE.NFO.csv
2025-10-27 20:25:18,151 [INFO] [root] [MainThread]: Successfully processed: NFO\GFDLNFO_TICK_03012025\Options\NIFTY09JAN2526500CE.NFO.csv
2025-10-27 20:25:18,151 [INFO] [root] [MainThread]: Started processing: NFO\GFDLNFO_TICK_03012025\Options\NIFTY16JAN2522000CE.NFO.csv
2025-10-27 20:25:18,203 [INFO] [root] [MainThread]: Successfully processed: NFO\GFDLNFO_TICK_03012025\Options\NIFTY16JAN2522000CE.NFO.csv
2025-10-27 20:25:18,203 [INFO] [root] [MainThread]: Started processing: NFO\GFDLNFO_TICK_03012025\Options\NIFTY16JAN2522500CE.NFO.csv
2025-10-27 20:25:18,252 [INFO] [root] [MainThread]: Successfully processed: NFO\GFDLNFO_TICK_03012025\Options\NIFTY16JAN2522500CE.NFO.csv
2025-10-27 20:25:18,252 [INFO] [root] [MainThread]: Started processing: NFO\GFDLNFO_TICK_03012025\Options\NIFTY16JAN2523000CE.NFO.csv
2025-10-27 20:25:18,317 [INFO] [root] [MainThread]: Successfully processed: NFO\GFDLNFO_TICK_03012025\Options\NIFTY16JAN2523000CE.NFO.csv
2025-10-27 20:25:18,317 [INFO] [root] [MainThread]: Started processing: NFO\GFDLNFO_TICK_03012025\Options\NIFTY16JAN2523100CE.NFO.csv
2025-10-27 20:25:18,358 [INFO] [root] [MainThread]: Successfully processed: NFO\GFDLNFO_TICK_03012025\Options\NIFTY16JAN2523100CE.NFO.csv
2025-10-27 20:25:18,358 [INFO] [root] [MainThread]: Started processing: NFO\GFDLNFO_TICK_03012025\Options\NIFTY16JAN2523200CE.NFO.csv
2025-10-27 20:25:18,427 [INFO] [root] [MainThread]: Successfully processed: NFO\GFDLNFO_TICK_03012025\Options\NIFTY16JAN2523200CE.NFO.csv
2025-10-27 20:25:18,427 [INFO] [root] [MainThread]: Started processing: NFO\GFDLNFO_TICK_03012025\Options\NIFTY16JAN2523250CE.NFO.csv
2025-10-27 20:25:18,469 [INFO] [root] [MainThread]: Successfully processed: NFO\GFDLNFO_TICK_03012025\Options\NIFTY16JAN2523250CE.NFO.csv
2025-10-27 20:25:18,469 [INFO] [root] [MainThread]: Started processing: NFO\GFDLNFO_TICK_03012025\Options\NIFTY16JAN2523300CE.NFO.csv
2025-10-27 20:25:18,523 [INFO] [root] [MainThread]: Successfully processed: NFO\GFDLNFO_TICK_03012025\Options\NIFTY16JAN2523300CE.NFO.csv
2025-10-27 20:25:18,524 [INFO] [root] [MainThread]: Started processing: NFO\GFDLNFO_TICK_03012025\Options\NIFTY16JAN2523350CE.NFO.csv
2025-10-27 20:25:18,581 [INFO] [root] [MainThread]: Successfully processed: NFO\GFDLNFO_TICK_03012025\Options\NIFTY16JAN2523350CE.NFO.csv
2025-10-27 20:25:18,581 [INFO] [root] [MainThread]: Started processing: NFO\GFDLNFO_TICK_03012025\Options\NIFTY16JAN2523400CE.NFO.csv
2025-10-27 20:25:18,649 [INFO] [root] [MainThread]: Successfully processed: NFO\GFDLNFO_TICK_03012025\Options\NIFTY16JAN2523400CE.NFO.csv
2025-10-27 20:25:18,649 [INFO] [root] [MainThread]: Processed 100/425 files...
2025-10-27 20:25:18,649 [INFO] [root] [MainThread]: Started processing: NFO\GFDLNFO_TICK_03012025\Options\NIFTY16JAN2523450CE.NFO.csv
2025-10-27 20:25:18,720 [INFO] [root] [MainThread]: Successfully processed: NFO\GFDLNFO_TICK_03012025\Options\NIFTY16JAN2523450CE.NFO.csv
2025-10-27 20:25:18,720 [INFO] [root] [MainThread]: Started processing: NFO\GFDLNFO_TICK_03012025\Options\NIFTY16JAN2523500CE.NFO.csv
2025-10-27 20:25:18,815 [INFO] [root] [MainThread]: Successfully processed: NFO\GFDLNFO_TICK_03012025\Options\NIFTY16JAN2523500CE.NFO.csv
2025-10-27 20:25:18,815 [INFO] [root] [MainThread]: Started processing: NFO\GFDLNFO_TICK_03012025\Options\NIFTY16JAN2523550CE.NFO.csv
2025-10-27 20:25:18,892 [INFO] [root] [MainThread]: Successfully processed: NFO\GFDLNFO_TICK_03012025\Options\NIFTY16JAN2523550CE.NFO.csv
2025-10-27 20:25:18,893 [INFO] [root] [MainThread]: Started processing: NFO\GFDLNFO_TICK_03012025\Options\NIFTY16JAN2523600CE.NFO.csv
2025-10-27 20:25:18,996 [INFO] [root] [MainThread]: Successfully processed: NFO\GFDLNFO_TICK_03012025\Options\NIFTY16JAN2523600CE.NFO.csv
2025-10-27 20:25:18,996 [INFO] [root] [MainThread]: Started processing: NFO\GFDLNFO_TICK_03012025\Options\NIFTY16JAN2523650CE.NFO.csv
2025-10-27 20:25:19,089 [INFO] [root] [MainThread]: Successfully processed: NFO\GFDLNFO_TICK_03012025\Options\NIFTY16JAN2523650CE.NFO.csv
2025-10-27 20:25:19,089 [INFO] [root] [MainThread]: Started processing: NFO\GFDLNFO_TICK_03012025\Options\NIFTY16JAN2523700CE.NFO.csv
2025-10-27 20:25:19,182 [INFO] [root] [MainThread]: Successfully processed: NFO\GFDLNFO_TICK_03012025\Options\NIFTY16JAN2523700CE.NFO.csv
2025-10-27 20:25:19,182 [INFO] [root] [MainThread]: Started processing: NFO\GFDLNFO_TICK_03012025\Options\NIFTY16JAN2523750CE.NFO.csv
2025-10-27 20:25:19,251 [INFO] [root] [MainThread]: Successfully processed: NFO\GFDLNFO_TICK_03012025\Options\NIFTY16JAN2523750CE.NFO.csv
2025-10-27 20:25:19,252 [INFO] [root] [MainThread]: Started processing: NFO\GFDLNFO_TICK_03012025\Options\NIFTY16JAN2523800CE.NFO.csv
2025-10-27 20:25:19,329 [INFO] [root] [MainThread]: Successfully processed: NFO\GFDLNFO_TICK_03012025\Options\NIFTY16JAN2523800CE.NFO.csv
2025-10-27 20:25:19,330 [INFO] [root] [MainThread]: Started processing: NFO\GFDLNFO_TICK_03012025\Options\NIFTY16JAN2523850CE.NFO.csv
2025-10-27 20:25:19,411 [INFO] [root] [MainThread]: Successfully processed: NFO\GFDLNFO_TICK_03012025\Options\NIFTY16JAN2523850CE.NFO.csv
2025-10-27 20:25:19,411 [INFO] [root] [MainThread]: Started processing: NFO\GFDLNFO_TICK_03012025\Options\NIFTY16JAN2523900CE.NFO.csv
2025-10-27 20:25:19,495 [INFO] [root] [MainThread]: Successfully processed: NFO\GFDLNFO_TICK_03012025\Options\NIFTY16JAN2523900CE.NFO.csv
2025-10-27 20:25:19,495 [INFO] [root] [MainThread]: Started processing: NFO\GFDLNFO_TICK_03012025\Options\NIFTY16JAN2523950CE.NFO.csv
2025-10-27 20:25:19,563 [INFO] [root] [MainThread]: Successfully processed: NFO\GFDLNFO_TICK_03012025\Options\NIFTY16JAN2523950CE.NFO.csv
2025-10-27 20:25:19,563 [INFO] [root] [MainThread]: Started processing: NFO\GFDLNFO_TICK_03012025\Options\NIFTY16JAN2524000CE.NFO.csv
2025-10-27 20:25:19,691 [INFO] [root] [MainThread]: Successfully processed: NFO\GFDLNFO_TICK_03012025\Options\NIFTY16JAN2524000CE.NFO.csv
2025-10-27 20:25:19,692 [INFO] [root] [MainThread]: Started processing: NFO\GFDLNFO_TICK_03012025\Options\NIFTY16JAN2524050CE.NFO.csv
2025-10-27 20:25:19,788 [INFO] [root] [MainThread]: Successfully processed: NFO\GFDLNFO_TICK_03012025\Options\NIFTY16JAN2524050CE.NFO.csv
2025-10-27 20:25:19,788 [INFO] [root] [MainThread]: Started processing: NFO\GFDLNFO_TICK_03012025\Options\NIFTY16JAN2524100CE.NFO.csv
2025-10-27 20:25:19,898 [INFO] [root] [MainThread]: Successfully processed: NFO\GFDLNFO_TICK_03012025\Options\NIFTY16JAN2524100CE.NFO.csv
2025-10-27 20:25:19,898 [INFO] [root] [MainThread]: Started processing: NFO\GFDLNFO_TICK_03012025\Options\NIFTY16JAN2524150CE.NFO.csv
2025-10-27 20:25:19,978 [INFO] [root] [MainThread]: Successfully processed: NFO\GFDLNFO_TICK_03012025\Options\NIFTY16JAN2524150CE.NFO.csv
2025-10-27 20:25:19,978 [INFO] [root] [MainThread]: Started processing: NFO\GFDLNFO_TICK_03012025\Options\NIFTY16JAN2524200CE.NFO.csv
2025-10-27 20:25:20,069 [INFO] [root] [MainThread]: Successfully processed: NFO\GFDLNFO_TICK_03012025\Options\NIFTY16JAN2524200CE.NFO.csv
2025-10-27 20:25:20,069 [INFO] [root] [MainThread]: Started processing: NFO\GFDLNFO_TICK_03012025\Options\NIFTY16JAN2524250CE.NFO.csv
2025-10-27 20:25:20,134 [INFO] [root] [MainThread]: Successfully processed: NFO\GFDLNFO_TICK_03012025\Options\NIFTY16JAN2524250CE.NFO.csv
2025-10-27 20:25:20,134 [INFO] [root] [MainThread]: Started processing: NFO\GFDLNFO_TICK_03012025\Options\NIFTY16JAN2524300CE.NFO.csv
2025-10-27 20:25:20,216 [INFO] [root] [MainThread]: Successfully processed: NFO\GFDLNFO_TICK_03012025\Options\NIFTY16JAN2524300CE.NFO.csv
2025-10-27 20:25:20,216 [INFO] [root] [MainThread]: Started processing: NFO\GFDLNFO_TICK_03012025\Options\NIFTY16JAN2524350CE.NFO.csv
2025-10-27 20:25:20,279 [INFO] [root] [MainThread]: Successfully processed: NFO\GFDLNFO_TICK_03012025\Options\NIFTY16JAN2524350CE.NFO.csv
2025-10-27 20:25:20,280 [INFO] [root] [MainThread]: Started processing: NFO\GFDLNFO_TICK_03012025\Options\NIFTY16JAN2524400CE.NFO.csv
2025-10-27 20:25:20,365 [INFO] [root] [MainThread]: Successfully processed: NFO\GFDLNFO_TICK_03012025\Options\NIFTY16JAN2524400CE.NFO.csv
2025-10-27 20:25:20,365 [INFO] [root] [MainThread]: Started processing: NFO\GFDLNFO_TICK_03012025\Options\NIFTY16JAN2524450CE.NFO.csv
2025-10-27 20:25:20,445 [INFO] [root] [MainThread]: An uncaught exception occurred: <class 'KeyboardInterrupt'>, , <traceback object at 0x0000024708B3FC80>
2025-10-27 20:25:20,609 [INFO] [root] [MainThread]: '  File "C:\\parquet_conversion\\prepareTickByTickData_Parquet.py", line 394, in <module>\n    df = getFinalDatasetToPush(\n        dataFilePath=os.path.join(folderpath, symbolFile),\n    ...<7 lines>...\n        isFutureDataFile=False\n    )\n'
2025-10-27 20:25:20,609 [INFO] [root] [MainThread]: '  File "C:\\parquet_conversion\\prepareTickByTickData_Parquet.py", line 160, in getFinalDatasetToPush\n    optDataset = optDataset.drop_duplicates(subset=[\'time\'], keep="last")\n'
2025-10-27 20:25:20,609 [INFO] [root] [MainThread]: '  File "C:\\Users\\User\\AppData\\Local\\Programs\\Python\\Python313\\Lib\\site-packages\\pandas\\core\\frame.py", line 6840, in drop_duplicates\n    result = self[-self.duplicated(subset, keep=keep)]\n                   ~~~~~~~~~~~~~~~^^^^^^^^^^^^^^^^^^^\n'
2025-10-27 20:25:20,609 [INFO] [root] [MainThread]: '  File "C:\\Users\\User\\AppData\\Local\\Programs\\Python\\Python313\\Lib\\site-packages\\pandas\\core\\frame.py", line 6976, in duplicated\n    result = self[subset[0]].duplicated(keep)\n             ~~~~^^^^^^^^^^^\n'
2025-10-27 20:25:20,609 [INFO] [root] [MainThread]: '  File "C:\\Users\\User\\AppData\\Local\\Programs\\Python\\Python313\\Lib\\site-packages\\pandas\\core\\frame.py", line 4089, in __getitem__\n    return self._get_item_cache(key)\n           ~~~~~~~~~~~~~~~~~~~~^^^^^\n'
2025-10-27 20:25:20,609 [INFO] [root] [MainThread]: '  File "C:\\Users\\User\\AppData\\Local\\Programs\\Python\\Python313\\Lib\\site-packages\\pandas\\core\\frame.py", line 4650, in _get_item_cache\n    res = self._ixs(loc, axis=1)\n'
2025-10-27 20:25:20,609 [INFO] [root] [MainThread]: '  File "C:\\Users\\User\\AppData\\Local\\Programs\\Python\\Python313\\Lib\\site-packages\\pandas\\core\\frame.py", line 4022, in _ixs\n    result = self._box_col_values(col_mgr, i)\n'
2025-10-27 20:25:20,609 [INFO] [root] [MainThread]: '  File "C:\\Users\\User\\AppData\\Local\\Programs\\Python\\Python313\\Lib\\site-packages\\pandas\\core\\frame.py", line 4627, in _box_col_values\n    obj = self._constructor_sliced_from_mgr(values, axes=values.axes)\n'
2025-10-27 20:25:20,609 [INFO] [root] [MainThread]: '  File "C:\\Users\\User\\AppData\\Local\\Programs\\Python\\Python313\\Lib\\site-packages\\pandas\\core\\frame.py", line 684, in _constructor_sliced_from_mgr\n    ser._name = None  # caller is responsible for setting real name\n    ^^^^^^^^^\n'
2025-10-27 20:25:20,609 [INFO] [root] [MainThread]: '  File "C:\\Users\\User\\AppData\\Local\\Programs\\Python\\Python313\\Lib\\site-packages\\pandas\\core\\generic.py", line 6323, in __setattr__\n    @final\n    \n'
