2025-10-27 13:48:51,119 [INFO] [root] [MainThread]: Utility started.
2025-10-27 13:48:51,120 [INFO] [root] [MainThread]: Processing SENSEX from BFO exchange
2025-10-27 13:48:51,120 [INFO] [root] [MainThread]: Found date 03012025 from folder name: BFO_TICK_03012025 for exchange BFO
2025-10-27 13:48:51,121 [INFO] [root] [MainThread]: Got following folder info {'03012025': {'BFO\\BFO_TICK_03012025\\BFO_TICK_03012025'}} for processing {'index': 'SENSEX', 'instrument_type': 'call'}.
2025-10-27 13:48:51,126 [INFO] [root] [MainThread]: Started processing folder: BFO\BFO_TICK_03012025\BFO_TICK_03012025 for {'index': 'SENSEX', 'instrument_type': 'call'}, date: 03012025
2025-10-27 13:48:51,127 [INFO] [root] [MainThread]: Found 211 call option files to process for SENSEX.
2025-10-27 13:48:51,128 [INFO] [root] [MainThread]: Started processing: BFO\BFO_TICK_03012025\BFO_TICK_03012025\SENSEX03JAN2575000CE.BFO.csv
2025-10-27 13:48:51,143 [INFO] [root] [MainThread]: Successfully processed: BFO\BFO_TICK_03012025\BFO_TICK_03012025\SENSEX03JAN2575000CE.BFO.csv
2025-10-27 13:48:51,143 [INFO] [root] [MainThread]: Started processing: BFO\BFO_TICK_03012025\BFO_TICK_03012025\SENSEX03JAN2575100CE.BFO.csv
2025-10-27 13:48:51,151 [INFO] [root] [MainThread]: Successfully processed: BFO\BFO_TICK_03012025\BFO_TICK_03012025\SENSEX03JAN2575100CE.BFO.csv
2025-10-27 13:48:51,151 [INFO] [root] [MainThread]: Started processing: BFO\BFO_TICK_03012025\BFO_TICK_03012025\SENSEX03JAN2575200CE.BFO.csv
2025-10-27 13:48:51,162 [INFO] [root] [MainThread]: Successfully processed: BFO\BFO_TICK_03012025\BFO_TICK_03012025\SENSEX03JAN2575200CE.BFO.csv
2025-10-27 13:48:51,162 [INFO] [root] [MainThread]: Started processing: BFO\BFO_TICK_03012025\BFO_TICK_03012025\SENSEX03JAN2576100CE.BFO.csv
2025-10-27 13:48:51,170 [INFO] [root] [MainThread]: Successfully processed: BFO\BFO_TICK_03012025\BFO_TICK_03012025\SENSEX03JAN2576100CE.BFO.csv
2025-10-27 13:48:51,170 [INFO] [root] [MainThread]: Started processing: BFO\BFO_TICK_03012025\BFO_TICK_03012025\SENSEX03JAN2576300CE.BFO.csv
2025-10-27 13:48:51,181 [INFO] [root] [MainThread]: Successfully processed: BFO\BFO_TICK_03012025\BFO_TICK_03012025\SENSEX03JAN2576300CE.BFO.csv
2025-10-27 13:48:51,181 [INFO] [root] [MainThread]: Started processing: BFO\BFO_TICK_03012025\BFO_TICK_03012025\SENSEX03JAN2576500CE.BFO.csv
2025-10-27 13:48:51,191 [INFO] [root] [MainThread]: Successfully processed: BFO\BFO_TICK_03012025\BFO_TICK_03012025\SENSEX03JAN2576500CE.BFO.csv
2025-10-27 13:48:51,192 [INFO] [root] [MainThread]: Started processing: BFO\BFO_TICK_03012025\BFO_TICK_03012025\SENSEX03JAN2577000CE.BFO.csv
2025-10-27 13:48:51,202 [INFO] [root] [MainThread]: Successfully processed: BFO\BFO_TICK_03012025\BFO_TICK_03012025\SENSEX03JAN2577000CE.BFO.csv
2025-10-27 13:48:51,203 [INFO] [root] [MainThread]: Started processing: BFO\BFO_TICK_03012025\BFO_TICK_03012025\SENSEX03JAN2577100CE.BFO.csv
2025-10-27 13:48:51,214 [INFO] [root] [MainThread]: Successfully processed: BFO\BFO_TICK_03012025\BFO_TICK_03012025\SENSEX03JAN2577100CE.BFO.csv
2025-10-27 13:48:51,214 [INFO] [root] [MainThread]: Started processing: BFO\BFO_TICK_03012025\BFO_TICK_03012025\SENSEX03JAN2577200CE.BFO.csv
2025-10-27 13:48:51,225 [INFO] [root] [MainThread]: Successfully processed: BFO\BFO_TICK_03012025\BFO_TICK_03012025\SENSEX03JAN2577200CE.BFO.csv
2025-10-27 13:48:51,225 [INFO] [root] [MainThread]: Started processing: BFO\BFO_TICK_03012025\BFO_TICK_03012025\SENSEX03JAN2577300CE.BFO.csv
2025-10-27 13:48:51,233 [INFO] [root] [MainThread]: Successfully processed: BFO\BFO_TICK_03012025\BFO_TICK_03012025\SENSEX03JAN2577300CE.BFO.csv
2025-10-27 13:48:51,233 [INFO] [root] [MainThread]: Started processing: BFO\BFO_TICK_03012025\BFO_TICK_03012025\SENSEX03JAN2577400CE.BFO.csv
2025-10-27 13:48:51,244 [INFO] [root] [MainThread]: Successfully processed: BFO\BFO_TICK_03012025\BFO_TICK_03012025\SENSEX03JAN2577400CE.BFO.csv
2025-10-27 13:48:51,244 [INFO] [root] [MainThread]: Started processing: BFO\BFO_TICK_03012025\BFO_TICK_03012025\SENSEX03JAN2577500CE.BFO.csv
2025-10-27 13:48:51,253 [INFO] [root] [MainThread]: Successfully processed: BFO\BFO_TICK_03012025\BFO_TICK_03012025\SENSEX03JAN2577500CE.BFO.csv
2025-10-27 13:48:51,253 [INFO] [root] [MainThread]: Started processing: BFO\BFO_TICK_03012025\BFO_TICK_03012025\SENSEX03JAN2577600CE.BFO.csv
2025-10-27 13:48:51,264 [INFO] [root] [MainThread]: Successfully processed: BFO\BFO_TICK_03012025\BFO_TICK_03012025\SENSEX03JAN2577600CE.BFO.csv
2025-10-27 13:48:51,264 [INFO] [root] [MainThread]: Started processing: BFO\BFO_TICK_03012025\BFO_TICK_03012025\SENSEX03JAN2577700CE.BFO.csv
2025-10-27 13:48:51,277 [INFO] [root] [MainThread]: Successfully processed: BFO\BFO_TICK_03012025\BFO_TICK_03012025\SENSEX03JAN2577700CE.BFO.csv
2025-10-27 13:48:51,277 [INFO] [root] [MainThread]: Started processing: BFO\BFO_TICK_03012025\BFO_TICK_03012025\SENSEX03JAN2577800CE.BFO.csv
2025-10-27 13:48:51,285 [INFO] [root] [MainThread]: Successfully processed: BFO\BFO_TICK_03012025\BFO_TICK_03012025\SENSEX03JAN2577800CE.BFO.csv
2025-10-27 13:48:51,285 [INFO] [root] [MainThread]: Started processing: BFO\BFO_TICK_03012025\BFO_TICK_03012025\SENSEX03JAN2577900CE.BFO.csv
2025-10-27 13:48:51,297 [INFO] [root] [MainThread]: Successfully processed: BFO\BFO_TICK_03012025\BFO_TICK_03012025\SENSEX03JAN2577900CE.BFO.csv
2025-10-27 13:48:51,297 [INFO] [root] [MainThread]: Started processing: BFO\BFO_TICK_03012025\BFO_TICK_03012025\SENSEX03JAN2578000CE.BFO.csv
2025-10-27 13:48:51,314 [INFO] [root] [MainThread]: Successfully processed: BFO\BFO_TICK_03012025\BFO_TICK_03012025\SENSEX03JAN2578000CE.BFO.csv
2025-10-27 13:48:51,314 [INFO] [root] [MainThread]: Started processing: BFO\BFO_TICK_03012025\BFO_TICK_03012025\SENSEX03JAN2578100CE.BFO.csv
2025-10-27 13:48:51,327 [INFO] [root] [MainThread]: Successfully processed: BFO\BFO_TICK_03012025\BFO_TICK_03012025\SENSEX03JAN2578100CE.BFO.csv
2025-10-27 13:48:51,328 [INFO] [root] [MainThread]: Started processing: BFO\BFO_TICK_03012025\BFO_TICK_03012025\SENSEX03JAN2578200CE.BFO.csv
2025-10-27 13:48:51,342 [INFO] [root] [MainThread]: Successfully processed: BFO\BFO_TICK_03012025\BFO_TICK_03012025\SENSEX03JAN2578200CE.BFO.csv
2025-10-27 13:48:51,342 [INFO] [root] [MainThread]: Started processing: BFO\BFO_TICK_03012025\BFO_TICK_03012025\SENSEX03JAN2578300CE.BFO.csv
2025-10-27 13:48:51,356 [INFO] [root] [MainThread]: Successfully processed: BFO\BFO_TICK_03012025\BFO_TICK_03012025\SENSEX03JAN2578300CE.BFO.csv
2025-10-27 13:48:51,356 [INFO] [root] [MainThread]: Started processing: BFO\BFO_TICK_03012025\BFO_TICK_03012025\SENSEX03JAN2578400CE.BFO.csv
2025-10-27 13:48:51,371 [INFO] [root] [MainThread]: Successfully processed: BFO\BFO_TICK_03012025\BFO_TICK_03012025\SENSEX03JAN2578400CE.BFO.csv
2025-10-27 13:48:51,372 [INFO] [root] [MainThread]: Started processing: BFO\BFO_TICK_03012025\BFO_TICK_03012025\SENSEX03JAN2578500CE.BFO.csv
2025-10-27 13:48:51,418 [INFO] [root] [MainThread]: Successfully processed: BFO\BFO_TICK_03012025\BFO_TICK_03012025\SENSEX03JAN2578500CE.BFO.csv
2025-10-27 13:48:51,418 [INFO] [root] [MainThread]: Started processing: BFO\BFO_TICK_03012025\BFO_TICK_03012025\SENSEX03JAN2578600CE.BFO.csv
2025-10-27 13:48:51,447 [INFO] [root] [MainThread]: Successfully processed: BFO\BFO_TICK_03012025\BFO_TICK_03012025\SENSEX03JAN2578600CE.BFO.csv
2025-10-27 13:48:51,447 [INFO] [root] [MainThread]: Started processing: BFO\BFO_TICK_03012025\BFO_TICK_03012025\SENSEX03JAN2578700CE.BFO.csv
2025-10-27 13:48:51,485 [INFO] [root] [MainThread]: Successfully processed: BFO\BFO_TICK_03012025\BFO_TICK_03012025\SENSEX03JAN2578700CE.BFO.csv
2025-10-27 13:48:51,486 [INFO] [root] [MainThread]: Started processing: BFO\BFO_TICK_03012025\BFO_TICK_03012025\SENSEX03JAN2578800CE.BFO.csv
2025-10-27 13:48:51,546 [INFO] [root] [MainThread]: Successfully processed: BFO\BFO_TICK_03012025\BFO_TICK_03012025\SENSEX03JAN2578800CE.BFO.csv
2025-10-27 13:48:51,546 [INFO] [root] [MainThread]: Started processing: BFO\BFO_TICK_03012025\BFO_TICK_03012025\SENSEX03JAN2578900CE.BFO.csv
2025-10-27 13:48:51,622 [INFO] [root] [MainThread]: Successfully processed: BFO\BFO_TICK_03012025\BFO_TICK_03012025\SENSEX03JAN2578900CE.BFO.csv
2025-10-27 13:48:51,623 [INFO] [root] [MainThread]: Started processing: BFO\BFO_TICK_03012025\BFO_TICK_03012025\SENSEX03JAN2579000CE.BFO.csv
2025-10-27 13:48:51,771 [INFO] [root] [MainThread]: Successfully processed: BFO\BFO_TICK_03012025\BFO_TICK_03012025\SENSEX03JAN2579000CE.BFO.csv
2025-10-27 13:48:51,771 [INFO] [root] [MainThread]: Started processing: BFO\BFO_TICK_03012025\BFO_TICK_03012025\SENSEX03JAN2579100CE.BFO.csv
2025-10-27 13:48:51,913 [INFO] [root] [MainThread]: Successfully processed: BFO\BFO_TICK_03012025\BFO_TICK_03012025\SENSEX03JAN2579100CE.BFO.csv
2025-10-27 13:48:51,913 [INFO] [root] [MainThread]: Started processing: BFO\BFO_TICK_03012025\BFO_TICK_03012025\SENSEX03JAN2579200CE.BFO.csv
2025-10-27 13:48:52,092 [INFO] [root] [MainThread]: Successfully processed: BFO\BFO_TICK_03012025\BFO_TICK_03012025\SENSEX03JAN2579200CE.BFO.csv
2025-10-27 13:48:52,092 [INFO] [root] [MainThread]: Started processing: BFO\BFO_TICK_03012025\BFO_TICK_03012025\SENSEX03JAN2579300CE.BFO.csv
2025-10-27 13:48:52,335 [INFO] [root] [MainThread]: Successfully processed: BFO\BFO_TICK_03012025\BFO_TICK_03012025\SENSEX03JAN2579300CE.BFO.csv
2025-10-27 13:48:52,335 [INFO] [root] [MainThread]: Started processing: BFO\BFO_TICK_03012025\BFO_TICK_03012025\SENSEX03JAN2579400CE.BFO.csv
2025-10-27 13:48:52,570 [INFO] [root] [MainThread]: Successfully processed: BFO\BFO_TICK_03012025\BFO_TICK_03012025\SENSEX03JAN2579400CE.BFO.csv
2025-10-27 13:48:52,570 [INFO] [root] [MainThread]: Started processing: BFO\BFO_TICK_03012025\BFO_TICK_03012025\SENSEX03JAN2579500CE.BFO.csv
2025-10-27 13:48:52,794 [INFO] [root] [MainThread]: Successfully processed: BFO\BFO_TICK_03012025\BFO_TICK_03012025\SENSEX03JAN2579500CE.BFO.csv
2025-10-27 13:48:52,794 [INFO] [root] [MainThread]: Started processing: BFO\BFO_TICK_03012025\BFO_TICK_03012025\SENSEX03JAN2579600CE.BFO.csv
2025-10-27 13:48:53,015 [INFO] [root] [MainThread]: Successfully processed: BFO\BFO_TICK_03012025\BFO_TICK_03012025\SENSEX03JAN2579600CE.BFO.csv
2025-10-27 13:48:53,015 [INFO] [root] [MainThread]: Started processing: BFO\BFO_TICK_03012025\BFO_TICK_03012025\SENSEX03JAN2579700CE.BFO.csv
2025-10-27 13:48:53,230 [INFO] [root] [MainThread]: Successfully processed: BFO\BFO_TICK_03012025\BFO_TICK_03012025\SENSEX03JAN2579700CE.BFO.csv
2025-10-27 13:48:53,230 [INFO] [root] [MainThread]: Started processing: BFO\BFO_TICK_03012025\BFO_TICK_03012025\SENSEX03JAN2579800CE.BFO.csv
2025-10-27 13:48:53,432 [INFO] [root] [MainThread]: Successfully processed: BFO\BFO_TICK_03012025\BFO_TICK_03012025\SENSEX03JAN2579800CE.BFO.csv
2025-10-27 13:48:53,432 [INFO] [root] [MainThread]: Started processing: BFO\BFO_TICK_03012025\BFO_TICK_03012025\SENSEX03JAN2579900CE.BFO.csv
2025-10-27 13:48:53,634 [INFO] [root] [MainThread]: Successfully processed: BFO\BFO_TICK_03012025\BFO_TICK_03012025\SENSEX03JAN2579900CE.BFO.csv
2025-10-27 13:48:53,634 [INFO] [root] [MainThread]: Started processing: BFO\BFO_TICK_03012025\BFO_TICK_03012025\SENSEX03JAN2580000CE.BFO.csv
2025-10-27 13:48:53,840 [INFO] [root] [MainThread]: Successfully processed: BFO\BFO_TICK_03012025\BFO_TICK_03012025\SENSEX03JAN2580000CE.BFO.csv
2025-10-27 13:48:53,840 [INFO] [root] [MainThread]: Started processing: BFO\BFO_TICK_03012025\BFO_TICK_03012025\SENSEX03JAN2580100CE.BFO.csv
2025-10-27 13:48:54,033 [INFO] [root] [MainThread]: Successfully processed: BFO\BFO_TICK_03012025\BFO_TICK_03012025\SENSEX03JAN2580100CE.BFO.csv
2025-10-27 13:48:54,033 [INFO] [root] [MainThread]: Started processing: BFO\BFO_TICK_03012025\BFO_TICK_03012025\SENSEX03JAN2580200CE.BFO.csv
2025-10-27 13:48:54,228 [INFO] [root] [MainThread]: Successfully processed: BFO\BFO_TICK_03012025\BFO_TICK_03012025\SENSEX03JAN2580200CE.BFO.csv
2025-10-27 13:48:54,229 [INFO] [root] [MainThread]: Started processing: BFO\BFO_TICK_03012025\BFO_TICK_03012025\SENSEX03JAN2580300CE.BFO.csv
2025-10-27 13:48:54,416 [INFO] [root] [MainThread]: Successfully processed: BFO\BFO_TICK_03012025\BFO_TICK_03012025\SENSEX03JAN2580300CE.BFO.csv
2025-10-27 13:48:54,416 [INFO] [root] [MainThread]: Started processing: BFO\BFO_TICK_03012025\BFO_TICK_03012025\SENSEX03JAN2580400CE.BFO.csv
2025-10-27 13:48:54,594 [INFO] [root] [MainThread]: Successfully processed: BFO\BFO_TICK_03012025\BFO_TICK_03012025\SENSEX03JAN2580400CE.BFO.csv
2025-10-27 13:48:54,594 [INFO] [root] [MainThread]: Started processing: BFO\BFO_TICK_03012025\BFO_TICK_03012025\SENSEX03JAN2580500CE.BFO.csv
2025-10-27 13:48:54,783 [INFO] [root] [MainThread]: Successfully processed: BFO\BFO_TICK_03012025\BFO_TICK_03012025\SENSEX03JAN2580500CE.BFO.csv
2025-10-27 13:48:54,783 [INFO] [root] [MainThread]: Started processing: BFO\BFO_TICK_03012025\BFO_TICK_03012025\SENSEX03JAN2580600CE.BFO.csv
2025-10-27 13:48:54,959 [INFO] [root] [MainThread]: Successfully processed: BFO\BFO_TICK_03012025\BFO_TICK_03012025\SENSEX03JAN2580600CE.BFO.csv
2025-10-27 13:48:54,959 [INFO] [root] [MainThread]: Started processing: BFO\BFO_TICK_03012025\BFO_TICK_03012025\SENSEX03JAN2580700CE.BFO.csv
2025-10-27 13:48:55,121 [INFO] [root] [MainThread]: Successfully processed: BFO\BFO_TICK_03012025\BFO_TICK_03012025\SENSEX03JAN2580700CE.BFO.csv
2025-10-27 13:48:55,121 [INFO] [root] [MainThread]: Started processing: BFO\BFO_TICK_03012025\BFO_TICK_03012025\SENSEX03JAN2580800CE.BFO.csv
2025-10-27 13:48:55,287 [INFO] [root] [MainThread]: Successfully processed: BFO\BFO_TICK_03012025\BFO_TICK_03012025\SENSEX03JAN2580800CE.BFO.csv
2025-10-27 13:48:55,287 [INFO] [root] [MainThread]: Started processing: BFO\BFO_TICK_03012025\BFO_TICK_03012025\SENSEX03JAN2580900CE.BFO.csv
2025-10-27 13:48:55,448 [INFO] [root] [MainThread]: Successfully processed: BFO\BFO_TICK_03012025\BFO_TICK_03012025\SENSEX03JAN2580900CE.BFO.csv
2025-10-27 13:48:55,448 [INFO] [root] [MainThread]: Started processing: BFO\BFO_TICK_03012025\BFO_TICK_03012025\SENSEX03JAN2581000CE.BFO.csv
2025-10-27 13:48:55,630 [INFO] [root] [MainThread]: Successfully processed: BFO\BFO_TICK_03012025\BFO_TICK_03012025\SENSEX03JAN2581000CE.BFO.csv
2025-10-27 13:48:55,630 [INFO] [root] [MainThread]: Started processing: BFO\BFO_TICK_03012025\BFO_TICK_03012025\SENSEX03JAN2581100CE.BFO.csv
2025-10-27 13:48:55,780 [INFO] [root] [MainThread]: Successfully processed: BFO\BFO_TICK_03012025\BFO_TICK_03012025\SENSEX03JAN2581100CE.BFO.csv
2025-10-27 13:48:55,780 [INFO] [root] [MainThread]: Started processing: BFO\BFO_TICK_03012025\BFO_TICK_03012025\SENSEX03JAN2581200CE.BFO.csv
2025-10-27 13:48:55,930 [INFO] [root] [MainThread]: Successfully processed: BFO\BFO_TICK_03012025\BFO_TICK_03012025\SENSEX03JAN2581200CE.BFO.csv
2025-10-27 13:48:55,930 [INFO] [root] [MainThread]: Started processing: BFO\BFO_TICK_03012025\BFO_TICK_03012025\SENSEX03JAN2581300CE.BFO.csv
2025-10-27 13:48:56,065 [INFO] [root] [MainThread]: Successfully processed: BFO\BFO_TICK_03012025\BFO_TICK_03012025\SENSEX03JAN2581300CE.BFO.csv
2025-10-27 13:48:56,065 [INFO] [root] [MainThread]: Started processing: BFO\BFO_TICK_03012025\BFO_TICK_03012025\SENSEX03JAN2581400CE.BFO.csv
2025-10-27 13:48:56,194 [INFO] [root] [MainThread]: Successfully processed: BFO\BFO_TICK_03012025\BFO_TICK_03012025\SENSEX03JAN2581400CE.BFO.csv
2025-10-27 13:48:56,194 [INFO] [root] [MainThread]: Started processing: BFO\BFO_TICK_03012025\BFO_TICK_03012025\SENSEX03JAN2581500CE.BFO.csv
2025-10-27 13:48:56,330 [INFO] [root] [MainThread]: Successfully processed: BFO\BFO_TICK_03012025\BFO_TICK_03012025\SENSEX03JAN2581500CE.BFO.csv
2025-10-27 13:48:56,330 [INFO] [root] [MainThread]: Started processing: BFO\BFO_TICK_03012025\BFO_TICK_03012025\SENSEX03JAN2581600CE.BFO.csv
2025-10-27 13:48:56,445 [INFO] [root] [MainThread]: Successfully processed: BFO\BFO_TICK_03012025\BFO_TICK_03012025\SENSEX03JAN2581600CE.BFO.csv
2025-10-27 13:48:56,445 [INFO] [root] [MainThread]: Started processing: BFO\BFO_TICK_03012025\BFO_TICK_03012025\SENSEX03JAN2581700CE.BFO.csv
2025-10-27 13:48:56,550 [INFO] [root] [MainThread]: Successfully processed: BFO\BFO_TICK_03012025\BFO_TICK_03012025\SENSEX03JAN2581700CE.BFO.csv
2025-10-27 13:48:56,550 [INFO] [root] [MainThread]: Started processing: BFO\BFO_TICK_03012025\BFO_TICK_03012025\SENSEX03JAN2581800CE.BFO.csv
2025-10-27 13:48:56,656 [INFO] [root] [MainThread]: Successfully processed: BFO\BFO_TICK_03012025\BFO_TICK_03012025\SENSEX03JAN2581800CE.BFO.csv
2025-10-27 13:48:56,656 [INFO] [root] [MainThread]: Started processing: BFO\BFO_TICK_03012025\BFO_TICK_03012025\SENSEX03JAN2581900CE.BFO.csv
2025-10-27 13:48:56,753 [INFO] [root] [MainThread]: Successfully processed: BFO\BFO_TICK_03012025\BFO_TICK_03012025\SENSEX03JAN2581900CE.BFO.csv
2025-10-27 13:48:56,753 [INFO] [root] [MainThread]: Started processing: BFO\BFO_TICK_03012025\BFO_TICK_03012025\SENSEX03JAN2582000CE.BFO.csv
2025-10-27 13:48:56,875 [INFO] [root] [MainThread]: Successfully processed: BFO\BFO_TICK_03012025\BFO_TICK_03012025\SENSEX03JAN2582000CE.BFO.csv
2025-10-27 13:48:56,875 [INFO] [root] [MainThread]: Started processing: BFO\BFO_TICK_03012025\BFO_TICK_03012025\SENSEX03JAN2582100CE.BFO.csv
2025-10-27 13:48:56,950 [INFO] [root] [MainThread]: Successfully processed: BFO\BFO_TICK_03012025\BFO_TICK_03012025\SENSEX03JAN2582100CE.BFO.csv
2025-10-27 13:48:56,951 [INFO] [root] [MainThread]: Started processing: BFO\BFO_TICK_03012025\BFO_TICK_03012025\SENSEX03JAN2582200CE.BFO.csv
2025-10-27 13:48:57,024 [INFO] [root] [MainThread]: Successfully processed: BFO\BFO_TICK_03012025\BFO_TICK_03012025\SENSEX03JAN2582200CE.BFO.csv
2025-10-27 13:48:57,024 [INFO] [root] [MainThread]: Started processing: BFO\BFO_TICK_03012025\BFO_TICK_03012025\SENSEX03JAN2582300CE.BFO.csv
2025-10-27 13:48:57,091 [INFO] [root] [MainThread]: Successfully processed: BFO\BFO_TICK_03012025\BFO_TICK_03012025\SENSEX03JAN2582300CE.BFO.csv
2025-10-27 13:48:57,091 [INFO] [root] [MainThread]: Started processing: BFO\BFO_TICK_03012025\BFO_TICK_03012025\SENSEX03JAN2582400CE.BFO.csv
2025-10-27 13:48:57,153 [INFO] [root] [MainThread]: Successfully processed: BFO\BFO_TICK_03012025\BFO_TICK_03012025\SENSEX03JAN2582400CE.BFO.csv
2025-10-27 13:48:57,153 [INFO] [root] [MainThread]: Started processing: BFO\BFO_TICK_03012025\BFO_TICK_03012025\SENSEX03JAN2582500CE.BFO.csv
2025-10-27 13:48:57,240 [INFO] [root] [MainThread]: Successfully processed: BFO\BFO_TICK_03012025\BFO_TICK_03012025\SENSEX03JAN2582500CE.BFO.csv
2025-10-27 13:48:57,240 [INFO] [root] [MainThread]: Started processing: BFO\BFO_TICK_03012025\BFO_TICK_03012025\SENSEX03JAN2582600CE.BFO.csv
2025-10-27 13:48:57,285 [INFO] [root] [MainThread]: Successfully processed: BFO\BFO_TICK_03012025\BFO_TICK_03012025\SENSEX03JAN2582600CE.BFO.csv
2025-10-27 13:48:57,285 [INFO] [root] [MainThread]: Started processing: BFO\BFO_TICK_03012025\BFO_TICK_03012025\SENSEX03JAN2582700CE.BFO.csv
2025-10-27 13:48:57,328 [INFO] [root] [MainThread]: Successfully processed: BFO\BFO_TICK_03012025\BFO_TICK_03012025\SENSEX03JAN2582700CE.BFO.csv
2025-10-27 13:48:57,328 [INFO] [root] [MainThread]: Started processing: BFO\BFO_TICK_03012025\BFO_TICK_03012025\SENSEX03JAN2582800CE.BFO.csv
2025-10-27 13:48:57,370 [INFO] [root] [MainThread]: Successfully processed: BFO\BFO_TICK_03012025\BFO_TICK_03012025\SENSEX03JAN2582800CE.BFO.csv
2025-10-27 13:48:57,370 [INFO] [root] [MainThread]: Started processing: BFO\BFO_TICK_03012025\BFO_TICK_03012025\SENSEX03JAN2582900CE.BFO.csv
2025-10-27 13:48:57,409 [INFO] [root] [MainThread]: Successfully processed: BFO\BFO_TICK_03012025\BFO_TICK_03012025\SENSEX03JAN2582900CE.BFO.csv
2025-10-27 13:48:57,409 [INFO] [root] [MainThread]: Started processing: BFO\BFO_TICK_03012025\BFO_TICK_03012025\SENSEX03JAN2583000CE.BFO.csv
2025-10-27 13:48:57,476 [INFO] [root] [MainThread]: Successfully processed: BFO\BFO_TICK_03012025\BFO_TICK_03012025\SENSEX03JAN2583000CE.BFO.csv
2025-10-27 13:48:57,476 [INFO] [root] [MainThread]: Started processing: BFO\BFO_TICK_03012025\BFO_TICK_03012025\SENSEX03JAN2583100CE.BFO.csv
2025-10-27 13:48:57,511 [INFO] [root] [MainThread]: Successfully processed: BFO\BFO_TICK_03012025\BFO_TICK_03012025\SENSEX03JAN2583100CE.BFO.csv
2025-10-27 13:48:57,511 [INFO] [root] [MainThread]: Started processing: BFO\BFO_TICK_03012025\BFO_TICK_03012025\SENSEX03JAN2583200CE.BFO.csv
2025-10-27 13:48:57,540 [INFO] [root] [MainThread]: Successfully processed: BFO\BFO_TICK_03012025\BFO_TICK_03012025\SENSEX03JAN2583200CE.BFO.csv
2025-10-27 13:48:57,540 [INFO] [root] [MainThread]: Started processing: BFO\BFO_TICK_03012025\BFO_TICK_03012025\SENSEX03JAN2583300CE.BFO.csv
2025-10-27 13:48:57,568 [INFO] [root] [MainThread]: Successfully processed: BFO\BFO_TICK_03012025\BFO_TICK_03012025\SENSEX03JAN2583300CE.BFO.csv
2025-10-27 13:48:57,569 [INFO] [root] [MainThread]: Started processing: BFO\BFO_TICK_03012025\BFO_TICK_03012025\SENSEX03JAN2583400CE.BFO.csv
2025-10-27 13:48:57,592 [INFO] [root] [MainThread]: Successfully processed: BFO\BFO_TICK_03012025\BFO_TICK_03012025\SENSEX03JAN2583400CE.BFO.csv
2025-10-27 13:48:57,592 [INFO] [root] [MainThread]: Started processing: BFO\BFO_TICK_03012025\BFO_TICK_03012025\SENSEX03JAN2583500CE.BFO.csv
2025-10-27 13:48:57,630 [INFO] [root] [MainThread]: Successfully processed: BFO\BFO_TICK_03012025\BFO_TICK_03012025\SENSEX03JAN2583500CE.BFO.csv
2025-10-27 13:48:57,630 [INFO] [root] [MainThread]: Started processing: BFO\BFO_TICK_03012025\BFO_TICK_03012025\SENSEX03JAN2583600CE.BFO.csv
2025-10-27 13:48:57,649 [INFO] [root] [MainThread]: Successfully processed: BFO\BFO_TICK_03012025\BFO_TICK_03012025\SENSEX03JAN2583600CE.BFO.csv
2025-10-27 13:48:57,649 [INFO] [root] [MainThread]: Started processing: BFO\BFO_TICK_03012025\BFO_TICK_03012025\SENSEX03JAN2583700CE.BFO.csv
2025-10-27 13:48:57,666 [INFO] [root] [MainThread]: Successfully processed: BFO\BFO_TICK_03012025\BFO_TICK_03012025\SENSEX03JAN2583700CE.BFO.csv
2025-10-27 13:48:57,666 [INFO] [root] [MainThread]: Started processing: BFO\BFO_TICK_03012025\BFO_TICK_03012025\SENSEX03JAN2583800CE.BFO.csv
2025-10-27 13:48:57,688 [INFO] [root] [MainThread]: Successfully processed: BFO\BFO_TICK_03012025\BFO_TICK_03012025\SENSEX03JAN2583800CE.BFO.csv
2025-10-27 13:48:57,689 [INFO] [root] [MainThread]: Started processing: BFO\BFO_TICK_03012025\BFO_TICK_03012025\SENSEX03JAN2583900CE.BFO.csv
2025-10-27 13:48:57,703 [INFO] [root] [MainThread]: Successfully processed: BFO\BFO_TICK_03012025\BFO_TICK_03012025\SENSEX03JAN2583900CE.BFO.csv
2025-10-27 13:48:57,703 [INFO] [root] [MainThread]: Started processing: BFO\BFO_TICK_03012025\BFO_TICK_03012025\SENSEX03JAN2584000CE.BFO.csv
2025-10-27 13:48:57,737 [INFO] [root] [MainThread]: Successfully processed: BFO\BFO_TICK_03012025\BFO_TICK_03012025\SENSEX03JAN2584000CE.BFO.csv
2025-10-27 13:48:57,737 [INFO] [root] [MainThread]: Started processing: BFO\BFO_TICK_03012025\BFO_TICK_03012025\SENSEX03JAN2584100CE.BFO.csv
2025-10-27 13:48:57,752 [INFO] [root] [MainThread]: Successfully processed: BFO\BFO_TICK_03012025\BFO_TICK_03012025\SENSEX03JAN2584100CE.BFO.csv
2025-10-27 13:48:57,752 [INFO] [root] [MainThread]: Started processing: BFO\BFO_TICK_03012025\BFO_TICK_03012025\SENSEX03JAN2584200CE.BFO.csv
2025-10-27 13:48:57,766 [INFO] [root] [MainThread]: Successfully processed: BFO\BFO_TICK_03012025\BFO_TICK_03012025\SENSEX03JAN2584200CE.BFO.csv
2025-10-27 13:48:57,766 [INFO] [root] [MainThread]: Started processing: BFO\BFO_TICK_03012025\BFO_TICK_03012025\SENSEX03JAN2584300CE.BFO.csv
2025-10-27 13:48:57,781 [INFO] [root] [MainThread]: Successfully processed: BFO\BFO_TICK_03012025\BFO_TICK_03012025\SENSEX03JAN2584300CE.BFO.csv
2025-10-27 13:48:57,781 [INFO] [root] [MainThread]: Started processing: BFO\BFO_TICK_03012025\BFO_TICK_03012025\SENSEX03JAN2584400CE.BFO.csv
2025-10-27 13:48:57,797 [INFO] [root] [MainThread]: Successfully processed: BFO\BFO_TICK_03012025\BFO_TICK_03012025\SENSEX03JAN2584400CE.BFO.csv
2025-10-27 13:48:57,798 [INFO] [root] [MainThread]: Started processing: BFO\BFO_TICK_03012025\BFO_TICK_03012025\SENSEX03JAN2584500CE.BFO.csv
2025-10-27 13:48:57,813 [INFO] [root] [MainThread]: Successfully processed: BFO\BFO_TICK_03012025\BFO_TICK_03012025\SENSEX03JAN2584500CE.BFO.csv
2025-10-27 13:48:57,813 [INFO] [root] [MainThread]: Started processing: BFO\BFO_TICK_03012025\BFO_TICK_03012025\SENSEX03JAN2584600CE.BFO.csv
2025-10-27 13:48:57,826 [INFO] [root] [MainThread]: Successfully processed: BFO\BFO_TICK_03012025\BFO_TICK_03012025\SENSEX03JAN2584600CE.BFO.csv
2025-10-27 13:48:57,826 [INFO] [root] [MainThread]: Started processing: BFO\BFO_TICK_03012025\BFO_TICK_03012025\SENSEX03JAN2584700CE.BFO.csv
2025-10-27 13:48:57,839 [INFO] [root] [MainThread]: Successfully processed: BFO\BFO_TICK_03012025\BFO_TICK_03012025\SENSEX03JAN2584700CE.BFO.csv
2025-10-27 13:48:57,840 [INFO] [root] [MainThread]: Started processing: BFO\BFO_TICK_03012025\BFO_TICK_03012025\SENSEX03JAN2584800CE.BFO.csv
2025-10-27 13:48:57,853 [INFO] [root] [MainThread]: Successfully processed: BFO\BFO_TICK_03012025\BFO_TICK_03012025\SENSEX03JAN2584800CE.BFO.csv
2025-10-27 13:48:57,853 [INFO] [root] [MainThread]: Started processing: BFO\BFO_TICK_03012025\BFO_TICK_03012025\SENSEX03JAN2584900CE.BFO.csv
2025-10-27 13:48:57,864 [INFO] [root] [MainThread]: Successfully processed: BFO\BFO_TICK_03012025\BFO_TICK_03012025\SENSEX03JAN2584900CE.BFO.csv
2025-10-27 13:48:57,864 [INFO] [root] [MainThread]: Started processing: BFO\BFO_TICK_03012025\BFO_TICK_03012025\SENSEX03JAN2585000CE.BFO.csv
2025-10-27 13:48:57,887 [INFO] [root] [MainThread]: Successfully processed: BFO\BFO_TICK_03012025\BFO_TICK_03012025\SENSEX03JAN2585000CE.BFO.csv
2025-10-27 13:48:57,887 [INFO] [root] [MainThread]: Started processing: BFO\BFO_TICK_03012025\BFO_TICK_03012025\SENSEX03JAN2585100CE.BFO.csv
2025-10-27 13:48:57,898 [INFO] [root] [MainThread]: Successfully processed: BFO\BFO_TICK_03012025\BFO_TICK_03012025\SENSEX03JAN2585100CE.BFO.csv
2025-10-27 13:48:57,898 [INFO] [root] [MainThread]: Started processing: BFO\BFO_TICK_03012025\BFO_TICK_03012025\SENSEX03JAN2585200CE.BFO.csv
2025-10-27 13:48:57,909 [INFO] [root] [MainThread]: Successfully processed: BFO\BFO_TICK_03012025\BFO_TICK_03012025\SENSEX03JAN2585200CE.BFO.csv
2025-10-27 13:48:57,909 [INFO] [root] [MainThread]: Started processing: BFO\BFO_TICK_03012025\BFO_TICK_03012025\SENSEX03JAN2585300CE.BFO.csv
2025-10-27 13:48:57,923 [INFO] [root] [MainThread]: Successfully processed: BFO\BFO_TICK_03012025\BFO_TICK_03012025\SENSEX03JAN2585300CE.BFO.csv
2025-10-27 13:48:57,923 [INFO] [root] [MainThread]: Started processing: BFO\BFO_TICK_03012025\BFO_TICK_03012025\SENSEX03JAN2585400CE.BFO.csv
2025-10-27 13:48:57,938 [INFO] [root] [MainThread]: Successfully processed: BFO\BFO_TICK_03012025\BFO_TICK_03012025\SENSEX03JAN2585400CE.BFO.csv
2025-10-27 13:48:57,938 [INFO] [root] [MainThread]: Started processing: BFO\BFO_TICK_03012025\BFO_TICK_03012025\SENSEX03JAN2585500CE.BFO.csv
2025-10-27 13:48:57,953 [INFO] [root] [MainThread]: Successfully processed: BFO\BFO_TICK_03012025\BFO_TICK_03012025\SENSEX03JAN2585500CE.BFO.csv
2025-10-27 13:48:57,953 [INFO] [root] [MainThread]: Started processing: BFO\BFO_TICK_03012025\BFO_TICK_03012025\SENSEX03JAN2585600CE.BFO.csv
2025-10-27 13:48:57,963 [INFO] [root] [MainThread]: Successfully processed: BFO\BFO_TICK_03012025\BFO_TICK_03012025\SENSEX03JAN2585600CE.BFO.csv
2025-10-27 13:48:57,963 [INFO] [root] [MainThread]: Started processing: BFO\BFO_TICK_03012025\BFO_TICK_03012025\SENSEX03JAN2585700CE.BFO.csv
2025-10-27 13:48:57,976 [INFO] [root] [MainThread]: Successfully processed: BFO\BFO_TICK_03012025\BFO_TICK_03012025\SENSEX03JAN2585700CE.BFO.csv
2025-10-27 13:48:57,977 [INFO] [root] [MainThread]: Started processing: BFO\BFO_TICK_03012025\BFO_TICK_03012025\SENSEX03JAN2585800CE.BFO.csv
2025-10-27 13:48:57,990 [INFO] [root] [MainThread]: Successfully processed: BFO\BFO_TICK_03012025\BFO_TICK_03012025\SENSEX03JAN2585800CE.BFO.csv
2025-10-27 13:48:57,990 [INFO] [root] [MainThread]: Started processing: BFO\BFO_TICK_03012025\BFO_TICK_03012025\SENSEX03JAN2585900CE.BFO.csv
2025-10-27 13:48:58,005 [INFO] [root] [MainThread]: Successfully processed: BFO\BFO_TICK_03012025\BFO_TICK_03012025\SENSEX03JAN2585900CE.BFO.csv
2025-10-27 13:48:58,005 [INFO] [root] [MainThread]: Started processing: BFO\BFO_TICK_03012025\BFO_TICK_03012025\SENSEX03JAN2586000CE.BFO.csv
2025-10-27 13:48:58,025 [INFO] [root] [MainThread]: Successfully processed: BFO\BFO_TICK_03012025\BFO_TICK_03012025\SENSEX03JAN2586000CE.BFO.csv
2025-10-27 13:48:58,025 [INFO] [root] [MainThread]: Started processing: BFO\BFO_TICK_03012025\BFO_TICK_03012025\SENSEX03JAN2586100CE.BFO.csv
2025-10-27 13:48:58,059 [INFO] [root] [MainThread]: Successfully processed: BFO\BFO_TICK_03012025\BFO_TICK_03012025\SENSEX03JAN2586100CE.BFO.csv
2025-10-27 13:48:58,059 [INFO] [root] [MainThread]: Started processing: BFO\BFO_TICK_03012025\BFO_TICK_03012025\SENSEX07JAN2577500CE.BFO.csv
2025-10-27 13:48:58,071 [INFO] [root] [MainThread]: Successfully processed: BFO\BFO_TICK_03012025\BFO_TICK_03012025\SENSEX07JAN2577500CE.BFO.csv
2025-10-27 13:48:58,071 [INFO] [root] [MainThread]: Started processing: BFO\BFO_TICK_03012025\BFO_TICK_03012025\SENSEX07JAN2578000CE.BFO.csv
2025-10-27 13:48:58,082 [INFO] [root] [MainThread]: Successfully processed: BFO\BFO_TICK_03012025\BFO_TICK_03012025\SENSEX07JAN2578000CE.BFO.csv
2025-10-27 13:48:58,083 [INFO] [root] [MainThread]: Processed 100/211 files...
2025-10-27 13:48:58,083 [INFO] [root] [MainThread]: Started processing: BFO\BFO_TICK_03012025\BFO_TICK_03012025\SENSEX07JAN2578100CE.BFO.csv
2025-10-27 13:48:58,093 [INFO] [root] [MainThread]: Successfully processed: BFO\BFO_TICK_03012025\BFO_TICK_03012025\SENSEX07JAN2578100CE.BFO.csv
2025-10-27 13:48:58,093 [INFO] [root] [MainThread]: Started processing: BFO\BFO_TICK_03012025\BFO_TICK_03012025\SENSEX07JAN2578200CE.BFO.csv
2025-10-27 13:48:58,105 [INFO] [root] [MainThread]: Successfully processed: BFO\BFO_TICK_03012025\BFO_TICK_03012025\SENSEX07JAN2578200CE.BFO.csv
2025-10-27 13:48:58,105 [INFO] [root] [MainThread]: Started processing: BFO\BFO_TICK_03012025\BFO_TICK_03012025\SENSEX07JAN2578500CE.BFO.csv
2025-10-27 13:48:58,123 [INFO] [root] [MainThread]: Successfully processed: BFO\BFO_TICK_03012025\BFO_TICK_03012025\SENSEX07JAN2578500CE.BFO.csv
2025-10-27 13:48:58,123 [INFO] [root] [MainThread]: Started processing: BFO\BFO_TICK_03012025\BFO_TICK_03012025\SENSEX07JAN2578600CE.BFO.csv
2025-10-27 13:48:58,138 [INFO] [root] [MainThread]: Successfully processed: BFO\BFO_TICK_03012025\BFO_TICK_03012025\SENSEX07JAN2578600CE.BFO.csv
2025-10-27 13:48:58,139 [INFO] [root] [MainThread]: Started processing: BFO\BFO_TICK_03012025\BFO_TICK_03012025\SENSEX07JAN2578700CE.BFO.csv
2025-10-27 13:48:58,154 [INFO] [root] [MainThread]: Successfully processed: BFO\BFO_TICK_03012025\BFO_TICK_03012025\SENSEX07JAN2578700CE.BFO.csv
2025-10-27 13:48:58,155 [INFO] [root] [MainThread]: Started processing: BFO\BFO_TICK_03012025\BFO_TICK_03012025\SENSEX07JAN2578800CE.BFO.csv
2025-10-27 13:48:58,171 [INFO] [root] [MainThread]: Successfully processed: BFO\BFO_TICK_03012025\BFO_TICK_03012025\SENSEX07JAN2578800CE.BFO.csv
2025-10-27 13:48:58,171 [INFO] [root] [MainThread]: Started processing: BFO\BFO_TICK_03012025\BFO_TICK_03012025\SENSEX07JAN2578900CE.BFO.csv
2025-10-27 13:48:58,189 [INFO] [root] [MainThread]: Successfully processed: BFO\BFO_TICK_03012025\BFO_TICK_03012025\SENSEX07JAN2578900CE.BFO.csv
2025-10-27 13:48:58,189 [INFO] [root] [MainThread]: Started processing: BFO\BFO_TICK_03012025\BFO_TICK_03012025\SENSEX07JAN2579000CE.BFO.csv
2025-10-27 13:48:58,234 [INFO] [root] [MainThread]: Successfully processed: BFO\BFO_TICK_03012025\BFO_TICK_03012025\SENSEX07JAN2579000CE.BFO.csv
2025-10-27 13:48:58,235 [INFO] [root] [MainThread]: Started processing: BFO\BFO_TICK_03012025\BFO_TICK_03012025\SENSEX07JAN2579100CE.BFO.csv
2025-10-27 13:48:58,256 [INFO] [root] [MainThread]: Successfully processed: BFO\BFO_TICK_03012025\BFO_TICK_03012025\SENSEX07JAN2579100CE.BFO.csv
2025-10-27 13:48:58,257 [INFO] [root] [MainThread]: Started processing: BFO\BFO_TICK_03012025\BFO_TICK_03012025\SENSEX07JAN2579200CE.BFO.csv
2025-10-27 13:48:58,289 [INFO] [root] [MainThread]: Successfully processed: BFO\BFO_TICK_03012025\BFO_TICK_03012025\SENSEX07JAN2579200CE.BFO.csv
2025-10-27 13:48:58,289 [INFO] [root] [MainThread]: Started processing: BFO\BFO_TICK_03012025\BFO_TICK_03012025\SENSEX07JAN2579300CE.BFO.csv
2025-10-27 13:48:58,338 [INFO] [root] [MainThread]: Successfully processed: BFO\BFO_TICK_03012025\BFO_TICK_03012025\SENSEX07JAN2579300CE.BFO.csv
2025-10-27 13:48:58,338 [INFO] [root] [MainThread]: Started processing: BFO\BFO_TICK_03012025\BFO_TICK_03012025\SENSEX07JAN2579400CE.BFO.csv
2025-10-27 13:48:58,392 [INFO] [root] [MainThread]: Successfully processed: BFO\BFO_TICK_03012025\BFO_TICK_03012025\SENSEX07JAN2579400CE.BFO.csv
2025-10-27 13:48:58,392 [INFO] [root] [MainThread]: Started processing: BFO\BFO_TICK_03012025\BFO_TICK_03012025\SENSEX07JAN2579500CE.BFO.csv
2025-10-27 13:48:58,505 [INFO] [root] [MainThread]: Successfully processed: BFO\BFO_TICK_03012025\BFO_TICK_03012025\SENSEX07JAN2579500CE.BFO.csv
2025-10-27 13:48:58,505 [INFO] [root] [MainThread]: Started processing: BFO\BFO_TICK_03012025\BFO_TICK_03012025\SENSEX07JAN2579600CE.BFO.csv
2025-10-27 13:48:58,561 [INFO] [root] [MainThread]: Successfully processed: BFO\BFO_TICK_03012025\BFO_TICK_03012025\SENSEX07JAN2579600CE.BFO.csv
2025-10-27 13:48:58,561 [INFO] [root] [MainThread]: Started processing: BFO\BFO_TICK_03012025\BFO_TICK_03012025\SENSEX07JAN2579700CE.BFO.csv
2025-10-27 13:48:58,615 [INFO] [root] [MainThread]: Successfully processed: BFO\BFO_TICK_03012025\BFO_TICK_03012025\SENSEX07JAN2579700CE.BFO.csv
2025-10-27 13:48:58,615 [INFO] [root] [MainThread]: Started processing: BFO\BFO_TICK_03012025\BFO_TICK_03012025\SENSEX07JAN2579800CE.BFO.csv
2025-10-27 13:48:58,673 [INFO] [root] [MainThread]: Successfully processed: BFO\BFO_TICK_03012025\BFO_TICK_03012025\SENSEX07JAN2579800CE.BFO.csv
2025-10-27 13:48:58,673 [INFO] [root] [MainThread]: Started processing: BFO\BFO_TICK_03012025\BFO_TICK_03012025\SENSEX07JAN2579900CE.BFO.csv
2025-10-27 13:48:58,717 [INFO] [root] [MainThread]: Successfully processed: BFO\BFO_TICK_03012025\BFO_TICK_03012025\SENSEX07JAN2579900CE.BFO.csv
2025-10-27 13:48:58,717 [INFO] [root] [MainThread]: Started processing: BFO\BFO_TICK_03012025\BFO_TICK_03012025\SENSEX07JAN2580000CE.BFO.csv
2025-10-27 13:48:58,810 [INFO] [root] [MainThread]: Successfully processed: BFO\BFO_TICK_03012025\BFO_TICK_03012025\SENSEX07JAN2580000CE.BFO.csv
2025-10-27 13:48:58,810 [INFO] [root] [MainThread]: Started processing: BFO\BFO_TICK_03012025\BFO_TICK_03012025\SENSEX07JAN2580100CE.BFO.csv
2025-10-27 13:48:58,849 [INFO] [root] [MainThread]: Successfully processed: BFO\BFO_TICK_03012025\BFO_TICK_03012025\SENSEX07JAN2580100CE.BFO.csv
2025-10-27 13:48:58,850 [INFO] [root] [MainThread]: Started processing: BFO\BFO_TICK_03012025\BFO_TICK_03012025\SENSEX07JAN2580200CE.BFO.csv
2025-10-27 13:48:58,889 [INFO] [root] [MainThread]: Successfully processed: BFO\BFO_TICK_03012025\BFO_TICK_03012025\SENSEX07JAN2580200CE.BFO.csv
2025-10-27 13:48:58,889 [INFO] [root] [MainThread]: Started processing: BFO\BFO_TICK_03012025\BFO_TICK_03012025\SENSEX07JAN2580300CE.BFO.csv
2025-10-27 13:48:58,924 [INFO] [root] [MainThread]: Successfully processed: BFO\BFO_TICK_03012025\BFO_TICK_03012025\SENSEX07JAN2580300CE.BFO.csv
2025-10-27 13:48:58,924 [INFO] [root] [MainThread]: Started processing: BFO\BFO_TICK_03012025\BFO_TICK_03012025\SENSEX07JAN2580400CE.BFO.csv
2025-10-27 13:48:58,960 [INFO] [root] [MainThread]: Successfully processed: BFO\BFO_TICK_03012025\BFO_TICK_03012025\SENSEX07JAN2580400CE.BFO.csv
2025-10-27 13:48:58,961 [INFO] [root] [MainThread]: Started processing: BFO\BFO_TICK_03012025\BFO_TICK_03012025\SENSEX07JAN2580500CE.BFO.csv
2025-10-27 13:48:59,028 [INFO] [root] [MainThread]: Successfully processed: BFO\BFO_TICK_03012025\BFO_TICK_03012025\SENSEX07JAN2580500CE.BFO.csv
2025-10-27 13:48:59,028 [INFO] [root] [MainThread]: Started processing: BFO\BFO_TICK_03012025\BFO_TICK_03012025\SENSEX07JAN2580600CE.BFO.csv
2025-10-27 13:48:59,062 [INFO] [root] [MainThread]: Successfully processed: BFO\BFO_TICK_03012025\BFO_TICK_03012025\SENSEX07JAN2580600CE.BFO.csv
2025-10-27 13:48:59,063 [INFO] [root] [MainThread]: Started processing: BFO\BFO_TICK_03012025\BFO_TICK_03012025\SENSEX07JAN2580700CE.BFO.csv
2025-10-27 13:48:59,100 [INFO] [root] [MainThread]: Successfully processed: BFO\BFO_TICK_03012025\BFO_TICK_03012025\SENSEX07JAN2580700CE.BFO.csv
2025-10-27 13:48:59,100 [INFO] [root] [MainThread]: Started processing: BFO\BFO_TICK_03012025\BFO_TICK_03012025\SENSEX07JAN2580800CE.BFO.csv
2025-10-27 13:48:59,138 [INFO] [root] [MainThread]: Successfully processed: BFO\BFO_TICK_03012025\BFO_TICK_03012025\SENSEX07JAN2580800CE.BFO.csv
2025-10-27 13:48:59,138 [INFO] [root] [MainThread]: Started processing: BFO\BFO_TICK_03012025\BFO_TICK_03012025\SENSEX07JAN2580900CE.BFO.csv
2025-10-27 13:48:59,172 [INFO] [root] [MainThread]: Successfully processed: BFO\BFO_TICK_03012025\BFO_TICK_03012025\SENSEX07JAN2580900CE.BFO.csv
2025-10-27 13:48:59,172 [INFO] [root] [MainThread]: Started processing: BFO\BFO_TICK_03012025\BFO_TICK_03012025\SENSEX07JAN2581000CE.BFO.csv
2025-10-27 13:48:59,266 [INFO] [root] [MainThread]: Successfully processed: BFO\BFO_TICK_03012025\BFO_TICK_03012025\SENSEX07JAN2581000CE.BFO.csv
2025-10-27 13:48:59,266 [INFO] [root] [MainThread]: Started processing: BFO\BFO_TICK_03012025\BFO_TICK_03012025\SENSEX07JAN2581100CE.BFO.csv
2025-10-27 13:48:59,297 [INFO] [root] [MainThread]: Successfully processed: BFO\BFO_TICK_03012025\BFO_TICK_03012025\SENSEX07JAN2581100CE.BFO.csv
2025-10-27 13:48:59,297 [INFO] [root] [MainThread]: Started processing: BFO\BFO_TICK_03012025\BFO_TICK_03012025\SENSEX07JAN2581200CE.BFO.csv
2025-10-27 13:48:59,335 [INFO] [root] [MainThread]: Successfully processed: BFO\BFO_TICK_03012025\BFO_TICK_03012025\SENSEX07JAN2581200CE.BFO.csv
2025-10-27 13:48:59,336 [INFO] [root] [MainThread]: Started processing: BFO\BFO_TICK_03012025\BFO_TICK_03012025\SENSEX07JAN2581300CE.BFO.csv
2025-10-27 13:48:59,360 [INFO] [root] [MainThread]: Successfully processed: BFO\BFO_TICK_03012025\BFO_TICK_03012025\SENSEX07JAN2581300CE.BFO.csv
2025-10-27 13:48:59,360 [INFO] [root] [MainThread]: Started processing: BFO\BFO_TICK_03012025\BFO_TICK_03012025\SENSEX07JAN2581400CE.BFO.csv
2025-10-27 13:48:59,384 [INFO] [root] [MainThread]: Successfully processed: BFO\BFO_TICK_03012025\BFO_TICK_03012025\SENSEX07JAN2581400CE.BFO.csv
2025-10-27 13:48:59,384 [INFO] [root] [MainThread]: Started processing: BFO\BFO_TICK_03012025\BFO_TICK_03012025\SENSEX07JAN2581500CE.BFO.csv
2025-10-27 13:48:59,440 [INFO] [root] [MainThread]: Successfully processed: BFO\BFO_TICK_03012025\BFO_TICK_03012025\SENSEX07JAN2581500CE.BFO.csv
2025-10-27 13:48:59,441 [INFO] [root] [MainThread]: Started processing: BFO\BFO_TICK_03012025\BFO_TICK_03012025\SENSEX07JAN2581600CE.BFO.csv
2025-10-27 13:48:59,462 [INFO] [root] [MainThread]: Successfully processed: BFO\BFO_TICK_03012025\BFO_TICK_03012025\SENSEX07JAN2581600CE.BFO.csv
2025-10-27 13:48:59,463 [INFO] [root] [MainThread]: Started processing: BFO\BFO_TICK_03012025\BFO_TICK_03012025\SENSEX07JAN2581700CE.BFO.csv
2025-10-27 13:48:59,483 [INFO] [root] [MainThread]: Successfully processed: BFO\BFO_TICK_03012025\BFO_TICK_03012025\SENSEX07JAN2581700CE.BFO.csv
2025-10-27 13:48:59,484 [INFO] [root] [MainThread]: Started processing: BFO\BFO_TICK_03012025\BFO_TICK_03012025\SENSEX07JAN2581800CE.BFO.csv
2025-10-27 13:48:59,508 [INFO] [root] [MainThread]: Successfully processed: BFO\BFO_TICK_03012025\BFO_TICK_03012025\SENSEX07JAN2581800CE.BFO.csv
2025-10-27 13:48:59,508 [INFO] [root] [MainThread]: Started processing: BFO\BFO_TICK_03012025\BFO_TICK_03012025\SENSEX07JAN2581900CE.BFO.csv
2025-10-27 13:48:59,521 [INFO] [root] [MainThread]: Successfully processed: BFO\BFO_TICK_03012025\BFO_TICK_03012025\SENSEX07JAN2581900CE.BFO.csv
2025-10-27 13:48:59,521 [INFO] [root] [MainThread]: Started processing: BFO\BFO_TICK_03012025\BFO_TICK_03012025\SENSEX07JAN2582000CE.BFO.csv
2025-10-27 13:48:59,577 [INFO] [root] [MainThread]: Successfully processed: BFO\BFO_TICK_03012025\BFO_TICK_03012025\SENSEX07JAN2582000CE.BFO.csv
2025-10-27 13:48:59,577 [INFO] [root] [MainThread]: Started processing: BFO\BFO_TICK_03012025\BFO_TICK_03012025\SENSEX07JAN2582100CE.BFO.csv
2025-10-27 13:48:59,591 [INFO] [root] [MainThread]: Successfully processed: BFO\BFO_TICK_03012025\BFO_TICK_03012025\SENSEX07JAN2582100CE.BFO.csv
2025-10-27 13:48:59,591 [INFO] [root] [MainThread]: Started processing: BFO\BFO_TICK_03012025\BFO_TICK_03012025\SENSEX07JAN2582200CE.BFO.csv
2025-10-27 13:48:59,605 [INFO] [root] [MainThread]: Successfully processed: BFO\BFO_TICK_03012025\BFO_TICK_03012025\SENSEX07JAN2582200CE.BFO.csv
2025-10-27 13:48:59,605 [INFO] [root] [MainThread]: Started processing: BFO\BFO_TICK_03012025\BFO_TICK_03012025\SENSEX07JAN2582300CE.BFO.csv
2025-10-27 13:48:59,618 [INFO] [root] [MainThread]: Successfully processed: BFO\BFO_TICK_03012025\BFO_TICK_03012025\SENSEX07JAN2582300CE.BFO.csv
2025-10-27 13:48:59,619 [INFO] [root] [MainThread]: Started processing: BFO\BFO_TICK_03012025\BFO_TICK_03012025\SENSEX07JAN2582400CE.BFO.csv
2025-10-27 13:48:59,628 [INFO] [root] [MainThread]: Successfully processed: BFO\BFO_TICK_03012025\BFO_TICK_03012025\SENSEX07JAN2582400CE.BFO.csv
2025-10-27 13:48:59,629 [INFO] [root] [MainThread]: Started processing: BFO\BFO_TICK_03012025\BFO_TICK_03012025\SENSEX07JAN2582500CE.BFO.csv
2025-10-27 13:48:59,667 [INFO] [root] [MainThread]: Successfully processed: BFO\BFO_TICK_03012025\BFO_TICK_03012025\SENSEX07JAN2582500CE.BFO.csv
2025-10-27 13:48:59,667 [INFO] [root] [MainThread]: Started processing: BFO\BFO_TICK_03012025\BFO_TICK_03012025\SENSEX07JAN2582600CE.BFO.csv
2025-10-27 13:48:59,677 [INFO] [root] [MainThread]: Successfully processed: BFO\BFO_TICK_03012025\BFO_TICK_03012025\SENSEX07JAN2582600CE.BFO.csv
2025-10-27 13:48:59,677 [INFO] [root] [MainThread]: Started processing: BFO\BFO_TICK_03012025\BFO_TICK_03012025\SENSEX07JAN2582700CE.BFO.csv
2025-10-27 13:48:59,689 [INFO] [root] [MainThread]: Successfully processed: BFO\BFO_TICK_03012025\BFO_TICK_03012025\SENSEX07JAN2582700CE.BFO.csv
2025-10-27 13:48:59,689 [INFO] [root] [MainThread]: Started processing: BFO\BFO_TICK_03012025\BFO_TICK_03012025\SENSEX07JAN2582800CE.BFO.csv
2025-10-27 13:48:59,701 [INFO] [root] [MainThread]: Successfully processed: BFO\BFO_TICK_03012025\BFO_TICK_03012025\SENSEX07JAN2582800CE.BFO.csv
2025-10-27 13:48:59,701 [INFO] [root] [MainThread]: Started processing: BFO\BFO_TICK_03012025\BFO_TICK_03012025\SENSEX07JAN2582900CE.BFO.csv
2025-10-27 13:48:59,711 [INFO] [root] [MainThread]: Successfully processed: BFO\BFO_TICK_03012025\BFO_TICK_03012025\SENSEX07JAN2582900CE.BFO.csv
2025-10-27 13:48:59,711 [INFO] [root] [MainThread]: Started processing: BFO\BFO_TICK_03012025\BFO_TICK_03012025\SENSEX07JAN2583000CE.BFO.csv
2025-10-27 13:48:59,742 [INFO] [root] [MainThread]: Successfully processed: BFO\BFO_TICK_03012025\BFO_TICK_03012025\SENSEX07JAN2583000CE.BFO.csv
2025-10-27 13:48:59,742 [INFO] [root] [MainThread]: Started processing: BFO\BFO_TICK_03012025\BFO_TICK_03012025\SENSEX07JAN2583100CE.BFO.csv
2025-10-27 13:48:59,754 [INFO] [root] [MainThread]: Successfully processed: BFO\BFO_TICK_03012025\BFO_TICK_03012025\SENSEX07JAN2583100CE.BFO.csv
2025-10-27 13:48:59,754 [INFO] [root] [MainThread]: Started processing: BFO\BFO_TICK_03012025\BFO_TICK_03012025\SENSEX07JAN2583200CE.BFO.csv
2025-10-27 13:48:59,763 [INFO] [root] [MainThread]: Successfully processed: BFO\BFO_TICK_03012025\BFO_TICK_03012025\SENSEX07JAN2583200CE.BFO.csv
2025-10-27 13:48:59,764 [INFO] [root] [MainThread]: Started processing: BFO\BFO_TICK_03012025\BFO_TICK_03012025\SENSEX07JAN2583300CE.BFO.csv
2025-10-27 13:48:59,774 [INFO] [root] [MainThread]: Successfully processed: BFO\BFO_TICK_03012025\BFO_TICK_03012025\SENSEX07JAN2583300CE.BFO.csv
2025-10-27 13:48:59,774 [INFO] [root] [MainThread]: Started processing: BFO\BFO_TICK_03012025\BFO_TICK_03012025\SENSEX07JAN2583500CE.BFO.csv
2025-10-27 13:48:59,795 [INFO] [root] [MainThread]: Successfully processed: BFO\BFO_TICK_03012025\BFO_TICK_03012025\SENSEX07JAN2583500CE.BFO.csv
2025-10-27 13:48:59,795 [INFO] [root] [MainThread]: Started processing: BFO\BFO_TICK_03012025\BFO_TICK_03012025\SENSEX07JAN2583600CE.BFO.csv
2025-10-27 13:48:59,806 [INFO] [root] [MainThread]: Successfully processed: BFO\BFO_TICK_03012025\BFO_TICK_03012025\SENSEX07JAN2583600CE.BFO.csv
2025-10-27 13:48:59,806 [INFO] [root] [MainThread]: Started processing: BFO\BFO_TICK_03012025\BFO_TICK_03012025\SENSEX07JAN2583700CE.BFO.csv
2025-10-27 13:48:59,817 [INFO] [root] [MainThread]: Successfully processed: BFO\BFO_TICK_03012025\BFO_TICK_03012025\SENSEX07JAN2583700CE.BFO.csv
2025-10-27 13:48:59,818 [INFO] [root] [MainThread]: Started processing: BFO\BFO_TICK_03012025\BFO_TICK_03012025\SENSEX07JAN2584000CE.BFO.csv
2025-10-27 13:48:59,834 [INFO] [root] [MainThread]: Successfully processed: BFO\BFO_TICK_03012025\BFO_TICK_03012025\SENSEX07JAN2584000CE.BFO.csv
2025-10-27 13:48:59,835 [INFO] [root] [MainThread]: Started processing: BFO\BFO_TICK_03012025\BFO_TICK_03012025\SENSEX07JAN2584500CE.BFO.csv
2025-10-27 13:48:59,850 [INFO] [root] [MainThread]: Successfully processed: BFO\BFO_TICK_03012025\BFO_TICK_03012025\SENSEX07JAN2584500CE.BFO.csv
2025-10-27 13:48:59,850 [INFO] [root] [MainThread]: Started processing: BFO\BFO_TICK_03012025\BFO_TICK_03012025\SENSEX07JAN2585000CE.BFO.csv
2025-10-27 13:48:59,871 [INFO] [root] [MainThread]: Successfully processed: BFO\BFO_TICK_03012025\BFO_TICK_03012025\SENSEX07JAN2585000CE.BFO.csv
2025-10-27 13:48:59,871 [INFO] [root] [MainThread]: Started processing: BFO\BFO_TICK_03012025\BFO_TICK_03012025\SENSEX07JAN2585500CE.BFO.csv
2025-10-27 13:48:59,885 [INFO] [root] [MainThread]: Successfully processed: BFO\BFO_TICK_03012025\BFO_TICK_03012025\SENSEX07JAN2585500CE.BFO.csv
2025-10-27 13:48:59,885 [INFO] [root] [MainThread]: Started processing: BFO\BFO_TICK_03012025\BFO_TICK_03012025\SENSEX07JAN2586000CE.BFO.csv
2025-10-27 13:48:59,903 [INFO] [root] [MainThread]: Successfully processed: BFO\BFO_TICK_03012025\BFO_TICK_03012025\SENSEX07JAN2586000CE.BFO.csv
2025-10-27 13:48:59,903 [INFO] [root] [MainThread]: Started processing: BFO\BFO_TICK_03012025\BFO_TICK_03012025\SENSEX07JAN2586100CE.BFO.csv
2025-10-27 13:48:59,914 [INFO] [root] [MainThread]: Successfully processed: BFO\BFO_TICK_03012025\BFO_TICK_03012025\SENSEX07JAN2586100CE.BFO.csv
2025-10-27 13:48:59,915 [INFO] [root] [MainThread]: Started processing: BFO\BFO_TICK_03012025\BFO_TICK_03012025\SENSEX11FEB2583600CE.BFO.csv
2025-10-27 13:48:59,924 [INFO] [root] [MainThread]: Successfully processed: BFO\BFO_TICK_03012025\BFO_TICK_03012025\SENSEX11FEB2583600CE.BFO.csv
2025-10-27 13:48:59,924 [INFO] [root] [MainThread]: Started processing: BFO\BFO_TICK_03012025\BFO_TICK_03012025\SENSEX14JAN2579000CE.BFO.csv
2025-10-27 13:48:59,936 [INFO] [root] [MainThread]: Successfully processed: BFO\BFO_TICK_03012025\BFO_TICK_03012025\SENSEX14JAN2579000CE.BFO.csv
2025-10-27 13:48:59,936 [INFO] [root] [MainThread]: Started processing: BFO\BFO_TICK_03012025\BFO_TICK_03012025\SENSEX14JAN2579100CE.BFO.csv
2025-10-27 13:48:59,946 [INFO] [root] [MainThread]: Successfully processed: BFO\BFO_TICK_03012025\BFO_TICK_03012025\SENSEX14JAN2579100CE.BFO.csv
2025-10-27 13:48:59,946 [INFO] [root] [MainThread]: Started processing: BFO\BFO_TICK_03012025\BFO_TICK_03012025\SENSEX14JAN2579200CE.BFO.csv
2025-10-27 13:48:59,956 [INFO] [root] [MainThread]: Successfully processed: BFO\BFO_TICK_03012025\BFO_TICK_03012025\SENSEX14JAN2579200CE.BFO.csv
2025-10-27 13:48:59,956 [INFO] [root] [MainThread]: Started processing: BFO\BFO_TICK_03012025\BFO_TICK_03012025\SENSEX14JAN2579300CE.BFO.csv
2025-10-27 13:48:59,968 [INFO] [root] [MainThread]: Successfully processed: BFO\BFO_TICK_03012025\BFO_TICK_03012025\SENSEX14JAN2579300CE.BFO.csv
2025-10-27 13:48:59,968 [INFO] [root] [MainThread]: Started processing: BFO\BFO_TICK_03012025\BFO_TICK_03012025\SENSEX14JAN2579400CE.BFO.csv
2025-10-27 13:48:59,977 [INFO] [root] [MainThread]: Successfully processed: BFO\BFO_TICK_03012025\BFO_TICK_03012025\SENSEX14JAN2579400CE.BFO.csv
2025-10-27 13:48:59,977 [INFO] [root] [MainThread]: Started processing: BFO\BFO_TICK_03012025\BFO_TICK_03012025\SENSEX14JAN2579500CE.BFO.csv
2025-10-27 13:48:59,991 [INFO] [root] [MainThread]: Successfully processed: BFO\BFO_TICK_03012025\BFO_TICK_03012025\SENSEX14JAN2579500CE.BFO.csv
2025-10-27 13:48:59,992 [INFO] [root] [MainThread]: Started processing: BFO\BFO_TICK_03012025\BFO_TICK_03012025\SENSEX14JAN2579600CE.BFO.csv
2025-10-27 13:49:00,004 [INFO] [root] [MainThread]: Successfully processed: BFO\BFO_TICK_03012025\BFO_TICK_03012025\SENSEX14JAN2579600CE.BFO.csv
2025-10-27 13:49:00,004 [INFO] [root] [MainThread]: Started processing: BFO\BFO_TICK_03012025\BFO_TICK_03012025\SENSEX14JAN2579800CE.BFO.csv
2025-10-27 13:49:00,022 [INFO] [root] [MainThread]: Successfully processed: BFO\BFO_TICK_03012025\BFO_TICK_03012025\SENSEX14JAN2579800CE.BFO.csv
2025-10-27 13:49:00,022 [INFO] [root] [MainThread]: Started processing: BFO\BFO_TICK_03012025\BFO_TICK_03012025\SENSEX14JAN2580000CE.BFO.csv
2025-10-27 13:49:00,039 [INFO] [root] [MainThread]: Successfully processed: BFO\BFO_TICK_03012025\BFO_TICK_03012025\SENSEX14JAN2580000CE.BFO.csv
2025-10-27 13:49:00,039 [INFO] [root] [MainThread]: Started processing: BFO\BFO_TICK_03012025\BFO_TICK_03012025\SENSEX14JAN2580100CE.BFO.csv
2025-10-27 13:49:00,051 [INFO] [root] [MainThread]: Successfully processed: BFO\BFO_TICK_03012025\BFO_TICK_03012025\SENSEX14JAN2580100CE.BFO.csv
2025-10-27 13:49:00,051 [INFO] [root] [MainThread]: Started processing: BFO\BFO_TICK_03012025\BFO_TICK_03012025\SENSEX14JAN2580200CE.BFO.csv
2025-10-27 13:49:00,060 [INFO] [root] [MainThread]: Successfully processed: BFO\BFO_TICK_03012025\BFO_TICK_03012025\SENSEX14JAN2580200CE.BFO.csv
2025-10-27 13:49:00,060 [INFO] [root] [MainThread]: Started processing: BFO\BFO_TICK_03012025\BFO_TICK_03012025\SENSEX14JAN2580500CE.BFO.csv
2025-10-27 13:49:00,073 [INFO] [root] [MainThread]: Successfully processed: BFO\BFO_TICK_03012025\BFO_TICK_03012025\SENSEX14JAN2580500CE.BFO.csv
2025-10-27 13:49:00,073 [INFO] [root] [MainThread]: Started processing: BFO\BFO_TICK_03012025\BFO_TICK_03012025\SENSEX14JAN2580700CE.BFO.csv
2025-10-27 13:49:00,084 [INFO] [root] [MainThread]: Successfully processed: BFO\BFO_TICK_03012025\BFO_TICK_03012025\SENSEX14JAN2580700CE.BFO.csv
2025-10-27 13:49:00,084 [INFO] [root] [MainThread]: Started processing: BFO\BFO_TICK_03012025\BFO_TICK_03012025\SENSEX14JAN2580900CE.BFO.csv
2025-10-27 13:49:00,093 [INFO] [root] [MainThread]: Successfully processed: BFO\BFO_TICK_03012025\BFO_TICK_03012025\SENSEX14JAN2580900CE.BFO.csv
2025-10-27 13:49:00,093 [INFO] [root] [MainThread]: Started processing: BFO\BFO_TICK_03012025\BFO_TICK_03012025\SENSEX14JAN2581000CE.BFO.csv
2025-10-27 13:49:00,107 [INFO] [root] [MainThread]: Successfully processed: BFO\BFO_TICK_03012025\BFO_TICK_03012025\SENSEX14JAN2581000CE.BFO.csv
2025-10-27 13:49:00,107 [INFO] [root] [MainThread]: Started processing: BFO\BFO_TICK_03012025\BFO_TICK_03012025\SENSEX14JAN2581200CE.BFO.csv
2025-10-27 13:49:00,118 [INFO] [root] [MainThread]: Successfully processed: BFO\BFO_TICK_03012025\BFO_TICK_03012025\SENSEX14JAN2581200CE.BFO.csv
2025-10-27 13:49:00,119 [INFO] [root] [MainThread]: Started processing: BFO\BFO_TICK_03012025\BFO_TICK_03012025\SENSEX14JAN2581500CE.BFO.csv
2025-10-27 13:49:00,128 [INFO] [root] [MainThread]: Successfully processed: BFO\BFO_TICK_03012025\BFO_TICK_03012025\SENSEX14JAN2581500CE.BFO.csv
2025-10-27 13:49:00,128 [INFO] [root] [MainThread]: Started processing: BFO\BFO_TICK_03012025\BFO_TICK_03012025\SENSEX14JAN2582000CE.BFO.csv
2025-10-27 13:49:00,140 [INFO] [root] [MainThread]: Successfully processed: BFO\BFO_TICK_03012025\BFO_TICK_03012025\SENSEX14JAN2582000CE.BFO.csv
2025-10-27 13:49:00,140 [INFO] [root] [MainThread]: Started processing: BFO\BFO_TICK_03012025\BFO_TICK_03012025\SENSEX14JAN2582200CE.BFO.csv
2025-10-27 13:49:00,151 [INFO] [root] [MainThread]: Successfully processed: BFO\BFO_TICK_03012025\BFO_TICK_03012025\SENSEX14JAN2582200CE.BFO.csv
2025-10-27 13:49:00,151 [INFO] [root] [MainThread]: Started processing: BFO\BFO_TICK_03012025\BFO_TICK_03012025\SENSEX14JAN2583000CE.BFO.csv
2025-10-27 13:49:00,159 [INFO] [root] [MainThread]: Successfully processed: BFO\BFO_TICK_03012025\BFO_TICK_03012025\SENSEX14JAN2583000CE.BFO.csv
2025-10-27 13:49:00,160 [INFO] [root] [MainThread]: Started processing: BFO\BFO_TICK_03012025\BFO_TICK_03012025\SENSEX14JAN2583300CE.BFO.csv
2025-10-27 13:49:00,171 [INFO] [root] [MainThread]: Successfully processed: BFO\BFO_TICK_03012025\BFO_TICK_03012025\SENSEX14JAN2583300CE.BFO.csv
2025-10-27 13:49:00,171 [INFO] [root] [MainThread]: Started processing: BFO\BFO_TICK_03012025\BFO_TICK_03012025\SENSEX14JAN2584200CE.BFO.csv
2025-10-27 13:49:00,180 [INFO] [root] [MainThread]: Successfully processed: BFO\BFO_TICK_03012025\BFO_TICK_03012025\SENSEX14JAN2584200CE.BFO.csv
2025-10-27 13:49:00,180 [INFO] [root] [MainThread]: Started processing: BFO\BFO_TICK_03012025\BFO_TICK_03012025\SENSEX14JAN2584500CE.BFO.csv
2025-10-27 13:49:00,190 [INFO] [root] [MainThread]: Successfully processed: BFO\BFO_TICK_03012025\BFO_TICK_03012025\SENSEX14JAN2584500CE.BFO.csv
2025-10-27 13:49:00,190 [INFO] [root] [MainThread]: Started processing: BFO\BFO_TICK_03012025\BFO_TICK_03012025\SENSEX14JAN2585000CE.BFO.csv
2025-10-27 13:49:00,202 [INFO] [root] [MainThread]: Successfully processed: BFO\BFO_TICK_03012025\BFO_TICK_03012025\SENSEX14JAN2585000CE.BFO.csv
2025-10-27 13:49:00,202 [INFO] [root] [MainThread]: Started processing: BFO\BFO_TICK_03012025\BFO_TICK_03012025\SENSEX14JAN2585400CE.BFO.csv
2025-10-27 13:49:00,211 [INFO] [root] [MainThread]: Successfully processed: BFO\BFO_TICK_03012025\BFO_TICK_03012025\SENSEX14JAN2585400CE.BFO.csv
2025-10-27 13:49:00,211 [INFO] [root] [MainThread]: Started processing: BFO\BFO_TICK_03012025\BFO_TICK_03012025\SENSEX14JAN2585500CE.BFO.csv
2025-10-27 13:49:00,221 [INFO] [root] [MainThread]: Successfully processed: BFO\BFO_TICK_03012025\BFO_TICK_03012025\SENSEX14JAN2585500CE.BFO.csv
2025-10-27 13:49:00,221 [INFO] [root] [MainThread]: Started processing: BFO\BFO_TICK_03012025\BFO_TICK_03012025\SENSEX14JAN2585600CE.BFO.csv
2025-10-27 13:49:00,231 [INFO] [root] [MainThread]: Successfully processed: BFO\BFO_TICK_03012025\BFO_TICK_03012025\SENSEX14JAN2585600CE.BFO.csv
2025-10-27 13:49:00,231 [INFO] [root] [MainThread]: Started processing: BFO\BFO_TICK_03012025\BFO_TICK_03012025\SENSEX14JAN2585700CE.BFO.csv
2025-10-27 13:49:00,240 [INFO] [root] [MainThread]: Successfully processed: BFO\BFO_TICK_03012025\BFO_TICK_03012025\SENSEX14JAN2585700CE.BFO.csv
2025-10-27 13:49:00,240 [INFO] [root] [MainThread]: Started processing: BFO\BFO_TICK_03012025\BFO_TICK_03012025\SENSEX14JAN2585800CE.BFO.csv
2025-10-27 13:49:00,250 [INFO] [root] [MainThread]: Successfully processed: BFO\BFO_TICK_03012025\BFO_TICK_03012025\SENSEX14JAN2585800CE.BFO.csv
2025-10-27 13:49:00,250 [INFO] [root] [MainThread]: Started processing: BFO\BFO_TICK_03012025\BFO_TICK_03012025\SENSEX21JAN2579800CE.BFO.csv
2025-10-27 13:49:00,258 [INFO] [root] [MainThread]: Successfully processed: BFO\BFO_TICK_03012025\BFO_TICK_03012025\SENSEX21JAN2579800CE.BFO.csv
2025-10-27 13:49:00,258 [INFO] [root] [MainThread]: Started processing: BFO\BFO_TICK_03012025\BFO_TICK_03012025\SENSEX21JAN2580100CE.BFO.csv
2025-10-27 13:49:00,268 [INFO] [root] [MainThread]: Successfully processed: BFO\BFO_TICK_03012025\BFO_TICK_03012025\SENSEX21JAN2580100CE.BFO.csv
2025-10-27 13:49:00,269 [INFO] [root] [MainThread]: Started processing: BFO\BFO_TICK_03012025\BFO_TICK_03012025\SENSEX21JAN2585500CE.BFO.csv
2025-10-27 13:49:00,276 [INFO] [root] [MainThread]: Successfully processed: BFO\BFO_TICK_03012025\BFO_TICK_03012025\SENSEX21JAN2585500CE.BFO.csv
2025-10-27 13:49:00,276 [INFO] [root] [MainThread]: Started processing: BFO\BFO_TICK_03012025\BFO_TICK_03012025\SENSEX25MAR2589000CE.BFO.csv
2025-10-27 13:49:00,287 [INFO] [root] [MainThread]: Successfully processed: BFO\BFO_TICK_03012025\BFO_TICK_03012025\SENSEX25MAR2589000CE.BFO.csv
2025-10-27 13:49:00,287 [INFO] [root] [MainThread]: Started processing: BFO\BFO_TICK_03012025\BFO_TICK_03012025\SENSEX28JAN2578000CE.BFO.csv
2025-10-27 13:49:00,294 [INFO] [root] [MainThread]: Successfully processed: BFO\BFO_TICK_03012025\BFO_TICK_03012025\SENSEX28JAN2578000CE.BFO.csv
2025-10-27 13:49:00,294 [INFO] [root] [MainThread]: Started processing: BFO\BFO_TICK_03012025\BFO_TICK_03012025\SENSEX28JAN2578300CE.BFO.csv
2025-10-27 13:49:00,305 [INFO] [root] [MainThread]: Successfully processed: BFO\BFO_TICK_03012025\BFO_TICK_03012025\SENSEX28JAN2578300CE.BFO.csv
2025-10-27 13:49:00,305 [INFO] [root] [MainThread]: Started processing: BFO\BFO_TICK_03012025\BFO_TICK_03012025\SENSEX28JAN2579000CE.BFO.csv
2025-10-27 13:49:00,313 [INFO] [root] [MainThread]: Successfully processed: BFO\BFO_TICK_03012025\BFO_TICK_03012025\SENSEX28JAN2579000CE.BFO.csv
2025-10-27 13:49:00,314 [INFO] [root] [MainThread]: Started processing: BFO\BFO_TICK_03012025\BFO_TICK_03012025\SENSEX28JAN2579200CE.BFO.csv
2025-10-27 13:49:00,322 [INFO] [root] [MainThread]: Successfully processed: BFO\BFO_TICK_03012025\BFO_TICK_03012025\SENSEX28JAN2579200CE.BFO.csv
2025-10-27 13:49:00,322 [INFO] [root] [MainThread]: Started processing: BFO\BFO_TICK_03012025\BFO_TICK_03012025\SENSEX28JAN2579400CE.BFO.csv
2025-10-27 13:49:00,332 [INFO] [root] [MainThread]: Successfully processed: BFO\BFO_TICK_03012025\BFO_TICK_03012025\SENSEX28JAN2579400CE.BFO.csv
2025-10-27 13:49:00,332 [INFO] [root] [MainThread]: Started processing: BFO\BFO_TICK_03012025\BFO_TICK_03012025\SENSEX28JAN2579500CE.BFO.csv
2025-10-27 13:49:00,340 [INFO] [root] [MainThread]: Successfully processed: BFO\BFO_TICK_03012025\BFO_TICK_03012025\SENSEX28JAN2579500CE.BFO.csv
2025-10-27 13:49:00,340 [INFO] [root] [MainThread]: Processed 200/211 files...
2025-10-27 13:49:00,340 [INFO] [root] [MainThread]: Started processing: BFO\BFO_TICK_03012025\BFO_TICK_03012025\SENSEX28JAN2579600CE.BFO.csv
2025-10-27 13:49:00,351 [INFO] [root] [MainThread]: Successfully processed: BFO\BFO_TICK_03012025\BFO_TICK_03012025\SENSEX28JAN2579600CE.BFO.csv
2025-10-27 13:49:00,351 [INFO] [root] [MainThread]: Started processing: BFO\BFO_TICK_03012025\BFO_TICK_03012025\SENSEX28JAN2579700CE.BFO.csv
2025-10-27 13:49:00,358 [INFO] [root] [MainThread]: Successfully processed: BFO\BFO_TICK_03012025\BFO_TICK_03012025\SENSEX28JAN2579700CE.BFO.csv
2025-10-27 13:49:00,359 [INFO] [root] [MainThread]: Started processing: BFO\BFO_TICK_03012025\BFO_TICK_03012025\SENSEX28JAN2579800CE.BFO.csv
2025-10-27 13:49:00,369 [INFO] [root] [MainThread]: Successfully processed: BFO\BFO_TICK_03012025\BFO_TICK_03012025\SENSEX28JAN2579800CE.BFO.csv
2025-10-27 13:49:00,369 [INFO] [root] [MainThread]: Started processing: BFO\BFO_TICK_03012025\BFO_TICK_03012025\SENSEX28JAN2579900CE.BFO.csv
2025-10-27 13:49:00,377 [INFO] [root] [MainThread]: Successfully processed: BFO\BFO_TICK_03012025\BFO_TICK_03012025\SENSEX28JAN2579900CE.BFO.csv
2025-10-27 13:49:00,377 [INFO] [root] [MainThread]: Started processing: BFO\BFO_TICK_03012025\BFO_TICK_03012025\SENSEX28JAN2580000CE.BFO.csv
2025-10-27 13:49:00,389 [INFO] [root] [MainThread]: Successfully processed: BFO\BFO_TICK_03012025\BFO_TICK_03012025\SENSEX28JAN2580000CE.BFO.csv
2025-10-27 13:49:00,389 [INFO] [root] [MainThread]: Started processing: BFO\BFO_TICK_03012025\BFO_TICK_03012025\SENSEX28JAN2580500CE.BFO.csv
2025-10-27 13:49:00,397 [INFO] [root] [MainThread]: Successfully processed: BFO\BFO_TICK_03012025\BFO_TICK_03012025\SENSEX28JAN2580500CE.BFO.csv
2025-10-27 13:49:00,397 [INFO] [root] [MainThread]: Started processing: BFO\BFO_TICK_03012025\BFO_TICK_03012025\SENSEX28JAN2580600CE.BFO.csv
2025-10-27 13:49:00,406 [INFO] [root] [MainThread]: Successfully processed: BFO\BFO_TICK_03012025\BFO_TICK_03012025\SENSEX28JAN2580600CE.BFO.csv
2025-10-27 13:49:00,406 [INFO] [root] [MainThread]: Started processing: BFO\BFO_TICK_03012025\BFO_TICK_03012025\SENSEX28JAN2581000CE.BFO.csv
2025-10-27 13:49:00,417 [INFO] [root] [MainThread]: Successfully processed: BFO\BFO_TICK_03012025\BFO_TICK_03012025\SENSEX28JAN2581000CE.BFO.csv
2025-10-27 13:49:00,417 [INFO] [root] [MainThread]: Started processing: BFO\BFO_TICK_03012025\BFO_TICK_03012025\SENSEX28JAN2584000CE.BFO.csv
2025-10-27 13:49:00,424 [INFO] [root] [MainThread]: Successfully processed: BFO\BFO_TICK_03012025\BFO_TICK_03012025\SENSEX28JAN2584000CE.BFO.csv
2025-10-27 13:49:00,424 [INFO] [root] [MainThread]: Started processing: BFO\BFO_TICK_03012025\BFO_TICK_03012025\SENSEX28JAN2585000CE.BFO.csv
2025-10-27 13:49:00,434 [INFO] [root] [MainThread]: Successfully processed: BFO\BFO_TICK_03012025\BFO_TICK_03012025\SENSEX28JAN2585000CE.BFO.csv
2025-10-27 13:49:00,435 [INFO] [root] [MainThread]: Started processing: BFO\BFO_TICK_03012025\BFO_TICK_03012025\SENSEX28JAN2586100CE.BFO.csv
2025-10-27 13:49:00,442 [INFO] [root] [MainThread]: Successfully processed: BFO\BFO_TICK_03012025\BFO_TICK_03012025\SENSEX28JAN2586100CE.BFO.csv
2025-10-27 13:49:00,442 [INFO] [root] [MainThread]: Combining 211 dataframes...
2025-10-27 13:49:00,522 [INFO] [root] [MainThread]: Writing to ProcessedParquet\sensex_call_03012025.parquet (844096 rows)...
2025-10-27 13:49:01,276 [INFO] [root] [MainThread]: Successfully saved 211 option files to ProcessedParquet\sensex_call_03012025.parquet
2025-10-27 13:49:01,276 [INFO] [root] [MainThread]: Utility stopped.
