2025-10-27 10:08:22,983 [INFO] [root] [MainThread]: Utility started.
2025-10-27 10:08:22,983 [INFO] [root] [MainThread]: Found date 03012025 from folder name: GFDLNFO_TICK_03012025
2025-10-27 10:08:22,983 [INFO] [root] [MainThread]: Got following folder info {'03012025': {'GFDLNFO_TICK_03012025'}} for processing {'index': 'BANKNIFTY', 'instrument_type': 'put'}.
2025-10-27 10:08:22,984 [INFO] [root] [MainThread]: Started processing folder: GFDLNFO_TICK_03012025 for {'index': 'BANKNIFTY', 'instrument_type': 'put'}
2025-10-27 10:08:23,012 [INFO] [root] [MainThread]: Found 170 put option files to process for BANKNIFTY.
2025-10-27 10:08:23,023 [INFO] [root] [MainThread]: Started processing: GFDLNFO_TICK_03012025\Options\BANKNIFTY25SEP2552500PE.NFO.csv
2025-10-27 10:08:23,038 [INFO] [root] [MainThread]: Successfully processed and saved: ProcessedCSV\banknifty_put_03012025.csv
2025-10-27 10:08:23,038 [INFO] [root] [MainThread]: Started processing: GFDLNFO_TICK_03012025\Options\BANKNIFTY26JUN2549500PE.NFO.csv
2025-10-27 10:08:23,064 [INFO] [root] [MainThread]: Successfully processed and saved: ProcessedCSV\banknifty_put_03012025.csv
2025-10-27 10:08:23,064 [INFO] [root] [MainThread]: Started processing: GFDLNFO_TICK_03012025\Options\BANKNIFTY27FEB2543500PE.NFO.csv
2025-10-27 10:08:23,074 [INFO] [root] [MainThread]: Successfully processed and saved: ProcessedCSV\banknifty_put_03012025.csv
2025-10-27 10:08:23,074 [INFO] [root] [MainThread]: Started processing: GFDLNFO_TICK_03012025\Options\BANKNIFTY27FEB2545000PE.NFO.csv
2025-10-27 10:08:23,093 [INFO] [root] [MainThread]: Successfully processed and saved: ProcessedCSV\banknifty_put_03012025.csv
2025-10-27 10:08:23,093 [INFO] [root] [MainThread]: Started processing: GFDLNFO_TICK_03012025\Options\BANKNIFTY27FEB2546000PE.NFO.csv
2025-10-27 10:08:23,109 [INFO] [root] [MainThread]: Successfully processed and saved: ProcessedCSV\banknifty_put_03012025.csv
2025-10-27 10:08:23,109 [INFO] [root] [MainThread]: Started processing: GFDLNFO_TICK_03012025\Options\BANKNIFTY27FEB2546500PE.NFO.csv
2025-10-27 10:08:23,124 [INFO] [root] [MainThread]: Successfully processed and saved: ProcessedCSV\banknifty_put_03012025.csv
2025-10-27 10:08:23,125 [INFO] [root] [MainThread]: Started processing: GFDLNFO_TICK_03012025\Options\BANKNIFTY27FEB2547000PE.NFO.csv
2025-10-27 10:08:23,165 [INFO] [root] [MainThread]: Successfully processed and saved: ProcessedCSV\banknifty_put_03012025.csv
2025-10-27 10:08:23,166 [INFO] [root] [MainThread]: Started processing: GFDLNFO_TICK_03012025\Options\BANKNIFTY27FEB2547500PE.NFO.csv
2025-10-27 10:08:23,200 [INFO] [root] [MainThread]: Successfully processed and saved: ProcessedCSV\banknifty_put_03012025.csv
2025-10-27 10:08:23,200 [INFO] [root] [MainThread]: Started processing: GFDLNFO_TICK_03012025\Options\BANKNIFTY27FEB2548000PE.NFO.csv
2025-10-27 10:08:23,241 [INFO] [root] [MainThread]: Successfully processed and saved: ProcessedCSV\banknifty_put_03012025.csv
2025-10-27 10:08:23,241 [INFO] [root] [MainThread]: Started processing: GFDLNFO_TICK_03012025\Options\BANKNIFTY27FEB2548100PE.NFO.csv
2025-10-27 10:08:23,254 [INFO] [root] [MainThread]: Successfully processed and saved: ProcessedCSV\banknifty_put_03012025.csv
2025-10-27 10:08:23,254 [INFO] [root] [MainThread]: Started processing: GFDLNFO_TICK_03012025\Options\BANKNIFTY27FEB2548500PE.NFO.csv
2025-10-27 10:08:23,286 [INFO] [root] [MainThread]: Successfully processed and saved: ProcessedCSV\banknifty_put_03012025.csv
2025-10-27 10:08:23,286 [INFO] [root] [MainThread]: Started processing: GFDLNFO_TICK_03012025\Options\BANKNIFTY27FEB2549000PE.NFO.csv
2025-10-27 10:08:23,324 [INFO] [root] [MainThread]: Successfully processed and saved: ProcessedCSV\banknifty_put_03012025.csv
2025-10-27 10:08:23,324 [INFO] [root] [MainThread]: Started processing: GFDLNFO_TICK_03012025\Options\BANKNIFTY27FEB2549200PE.NFO.csv
2025-10-27 10:08:23,337 [INFO] [root] [MainThread]: Successfully processed and saved: ProcessedCSV\banknifty_put_03012025.csv
2025-10-27 10:08:23,337 [INFO] [root] [MainThread]: Started processing: GFDLNFO_TICK_03012025\Options\BANKNIFTY27FEB2549500PE.NFO.csv
2025-10-27 10:08:23,370 [INFO] [root] [MainThread]: Successfully processed and saved: ProcessedCSV\banknifty_put_03012025.csv
2025-10-27 10:08:23,370 [INFO] [root] [MainThread]: Started processing: GFDLNFO_TICK_03012025\Options\BANKNIFTY27FEB2549600PE.NFO.csv
2025-10-27 10:08:23,386 [INFO] [root] [MainThread]: Successfully processed and saved: ProcessedCSV\banknifty_put_03012025.csv
2025-10-27 10:08:23,386 [INFO] [root] [MainThread]: Started processing: GFDLNFO_TICK_03012025\Options\BANKNIFTY27FEB2549800PE.NFO.csv
2025-10-27 10:08:23,404 [INFO] [root] [MainThread]: Successfully processed and saved: ProcessedCSV\banknifty_put_03012025.csv
2025-10-27 10:08:23,404 [INFO] [root] [MainThread]: Started processing: GFDLNFO_TICK_03012025\Options\BANKNIFTY27FEB2549900PE.NFO.csv
2025-10-27 10:08:23,420 [INFO] [root] [MainThread]: Successfully processed and saved: ProcessedCSV\banknifty_put_03012025.csv
2025-10-27 10:08:23,420 [INFO] [root] [MainThread]: Started processing: GFDLNFO_TICK_03012025\Options\BANKNIFTY27FEB2550000PE.NFO.csv
2025-10-27 10:08:23,457 [INFO] [root] [MainThread]: Successfully processed and saved: ProcessedCSV\banknifty_put_03012025.csv
2025-10-27 10:08:23,458 [INFO] [root] [MainThread]: Started processing: GFDLNFO_TICK_03012025\Options\BANKNIFTY27FEB2550100PE.NFO.csv
2025-10-27 10:08:23,477 [INFO] [root] [MainThread]: Successfully processed and saved: ProcessedCSV\banknifty_put_03012025.csv
2025-10-27 10:08:23,477 [INFO] [root] [MainThread]: Started processing: GFDLNFO_TICK_03012025\Options\BANKNIFTY27FEB2550200PE.NFO.csv
2025-10-27 10:08:23,496 [INFO] [root] [MainThread]: Successfully processed and saved: ProcessedCSV\banknifty_put_03012025.csv
2025-10-27 10:08:23,496 [INFO] [root] [MainThread]: Started processing: GFDLNFO_TICK_03012025\Options\BANKNIFTY27FEB2550400PE.NFO.csv
2025-10-27 10:08:23,514 [INFO] [root] [MainThread]: Successfully processed and saved: ProcessedCSV\banknifty_put_03012025.csv
2025-10-27 10:08:23,514 [INFO] [root] [MainThread]: Started processing: GFDLNFO_TICK_03012025\Options\BANKNIFTY27FEB2550500PE.NFO.csv
2025-10-27 10:08:23,548 [INFO] [root] [MainThread]: Successfully processed and saved: ProcessedCSV\banknifty_put_03012025.csv
2025-10-27 10:08:23,549 [INFO] [root] [MainThread]: Started processing: GFDLNFO_TICK_03012025\Options\BANKNIFTY27FEB2550600PE.NFO.csv
2025-10-27 10:08:23,573 [INFO] [root] [MainThread]: Successfully processed and saved: ProcessedCSV\banknifty_put_03012025.csv
2025-10-27 10:08:23,574 [INFO] [root] [MainThread]: Started processing: GFDLNFO_TICK_03012025\Options\BANKNIFTY27FEB2550700PE.NFO.csv
2025-10-27 10:08:23,602 [INFO] [root] [MainThread]: Successfully processed and saved: ProcessedCSV\banknifty_put_03012025.csv
2025-10-27 10:08:23,602 [INFO] [root] [MainThread]: Started processing: GFDLNFO_TICK_03012025\Options\BANKNIFTY27FEB2550800PE.NFO.csv
2025-10-27 10:08:23,631 [INFO] [root] [MainThread]: Successfully processed and saved: ProcessedCSV\banknifty_put_03012025.csv
2025-10-27 10:08:23,631 [INFO] [root] [MainThread]: Started processing: GFDLNFO_TICK_03012025\Options\BANKNIFTY27FEB2550900PE.NFO.csv
2025-10-27 10:08:23,661 [INFO] [root] [MainThread]: Successfully processed and saved: ProcessedCSV\banknifty_put_03012025.csv
2025-10-27 10:08:23,661 [INFO] [root] [MainThread]: Started processing: GFDLNFO_TICK_03012025\Options\BANKNIFTY27FEB2551000PE.NFO.csv
2025-10-27 10:08:23,702 [INFO] [root] [MainThread]: Successfully processed and saved: ProcessedCSV\banknifty_put_03012025.csv
2025-10-27 10:08:23,702 [INFO] [root] [MainThread]: Started processing: GFDLNFO_TICK_03012025\Options\BANKNIFTY27FEB2551100PE.NFO.csv
2025-10-27 10:08:23,737 [INFO] [root] [MainThread]: Successfully processed and saved: ProcessedCSV\banknifty_put_03012025.csv
2025-10-27 10:08:23,737 [INFO] [root] [MainThread]: Started processing: GFDLNFO_TICK_03012025\Options\BANKNIFTY27FEB2551200PE.NFO.csv
2025-10-27 10:08:23,769 [INFO] [root] [MainThread]: Successfully processed and saved: ProcessedCSV\banknifty_put_03012025.csv
2025-10-27 10:08:23,769 [INFO] [root] [MainThread]: Started processing: GFDLNFO_TICK_03012025\Options\BANKNIFTY27FEB2551300PE.NFO.csv
2025-10-27 10:08:23,802 [INFO] [root] [MainThread]: Successfully processed and saved: ProcessedCSV\banknifty_put_03012025.csv
2025-10-27 10:08:23,802 [INFO] [root] [MainThread]: Started processing: GFDLNFO_TICK_03012025\Options\BANKNIFTY27FEB2551400PE.NFO.csv
2025-10-27 10:08:23,836 [INFO] [root] [MainThread]: Successfully processed and saved: ProcessedCSV\banknifty_put_03012025.csv
2025-10-27 10:08:23,837 [INFO] [root] [MainThread]: Started processing: GFDLNFO_TICK_03012025\Options\BANKNIFTY27FEB2551500PE.NFO.csv
2025-10-27 10:08:23,873 [INFO] [root] [MainThread]: Successfully processed and saved: ProcessedCSV\banknifty_put_03012025.csv
2025-10-27 10:08:23,874 [INFO] [root] [MainThread]: Started processing: GFDLNFO_TICK_03012025\Options\BANKNIFTY27FEB2551600PE.NFO.csv
2025-10-27 10:08:23,908 [INFO] [root] [MainThread]: Successfully processed and saved: ProcessedCSV\banknifty_put_03012025.csv
2025-10-27 10:08:23,909 [INFO] [root] [MainThread]: Started processing: GFDLNFO_TICK_03012025\Options\BANKNIFTY27FEB2551700PE.NFO.csv
2025-10-27 10:08:23,944 [INFO] [root] [MainThread]: Successfully processed and saved: ProcessedCSV\banknifty_put_03012025.csv
2025-10-27 10:08:23,944 [INFO] [root] [MainThread]: Started processing: GFDLNFO_TICK_03012025\Options\BANKNIFTY27FEB2551800PE.NFO.csv
2025-10-27 10:08:23,978 [INFO] [root] [MainThread]: Successfully processed and saved: ProcessedCSV\banknifty_put_03012025.csv
2025-10-27 10:08:23,979 [INFO] [root] [MainThread]: Started processing: GFDLNFO_TICK_03012025\Options\BANKNIFTY27FEB2551900PE.NFO.csv
2025-10-27 10:08:24,012 [INFO] [root] [MainThread]: Successfully processed and saved: ProcessedCSV\banknifty_put_03012025.csv
2025-10-27 10:08:24,012 [INFO] [root] [MainThread]: Started processing: GFDLNFO_TICK_03012025\Options\BANKNIFTY27FEB2552000PE.NFO.csv
2025-10-27 10:08:24,053 [INFO] [root] [MainThread]: Successfully processed and saved: ProcessedCSV\banknifty_put_03012025.csv
2025-10-27 10:08:24,053 [INFO] [root] [MainThread]: Started processing: GFDLNFO_TICK_03012025\Options\BANKNIFTY27FEB2552100PE.NFO.csv
2025-10-27 10:08:24,090 [INFO] [root] [MainThread]: Successfully processed and saved: ProcessedCSV\banknifty_put_03012025.csv
2025-10-27 10:08:24,090 [INFO] [root] [MainThread]: Started processing: GFDLNFO_TICK_03012025\Options\BANKNIFTY27FEB2552200PE.NFO.csv
2025-10-27 10:08:24,126 [INFO] [root] [MainThread]: Successfully processed and saved: ProcessedCSV\banknifty_put_03012025.csv
2025-10-27 10:08:24,126 [INFO] [root] [MainThread]: Started processing: GFDLNFO_TICK_03012025\Options\BANKNIFTY27FEB2552300PE.NFO.csv
2025-10-27 10:08:24,157 [INFO] [root] [MainThread]: Successfully processed and saved: ProcessedCSV\banknifty_put_03012025.csv
2025-10-27 10:08:24,157 [INFO] [root] [MainThread]: Started processing: GFDLNFO_TICK_03012025\Options\BANKNIFTY27FEB2552400PE.NFO.csv
2025-10-27 10:08:24,187 [INFO] [root] [MainThread]: Successfully processed and saved: ProcessedCSV\banknifty_put_03012025.csv
2025-10-27 10:08:24,187 [INFO] [root] [MainThread]: Started processing: GFDLNFO_TICK_03012025\Options\BANKNIFTY27FEB2552500PE.NFO.csv
2025-10-27 10:08:24,224 [INFO] [root] [MainThread]: Successfully processed and saved: ProcessedCSV\banknifty_put_03012025.csv
2025-10-27 10:08:24,224 [INFO] [root] [MainThread]: Started processing: GFDLNFO_TICK_03012025\Options\BANKNIFTY27FEB2552600PE.NFO.csv
2025-10-27 10:08:24,260 [INFO] [root] [MainThread]: Successfully processed and saved: ProcessedCSV\banknifty_put_03012025.csv
2025-10-27 10:08:24,260 [INFO] [root] [MainThread]: Started processing: GFDLNFO_TICK_03012025\Options\BANKNIFTY27FEB2552700PE.NFO.csv
2025-10-27 10:08:24,282 [INFO] [root] [MainThread]: Successfully processed and saved: ProcessedCSV\banknifty_put_03012025.csv
2025-10-27 10:08:24,282 [INFO] [root] [MainThread]: Started processing: GFDLNFO_TICK_03012025\Options\BANKNIFTY27FEB2552800PE.NFO.csv
2025-10-27 10:08:24,309 [INFO] [root] [MainThread]: Successfully processed and saved: ProcessedCSV\banknifty_put_03012025.csv
2025-10-27 10:08:24,309 [INFO] [root] [MainThread]: Started processing: GFDLNFO_TICK_03012025\Options\BANKNIFTY27FEB2552900PE.NFO.csv
2025-10-27 10:08:24,322 [INFO] [root] [MainThread]: Successfully processed and saved: ProcessedCSV\banknifty_put_03012025.csv
2025-10-27 10:08:24,322 [INFO] [root] [MainThread]: Started processing: GFDLNFO_TICK_03012025\Options\BANKNIFTY27FEB2553000PE.NFO.csv
2025-10-27 10:08:24,358 [INFO] [root] [MainThread]: Successfully processed and saved: ProcessedCSV\banknifty_put_03012025.csv
2025-10-27 10:08:24,358 [INFO] [root] [MainThread]: Started processing: GFDLNFO_TICK_03012025\Options\BANKNIFTY27FEB2553100PE.NFO.csv
2025-10-27 10:08:24,381 [INFO] [root] [MainThread]: Successfully processed and saved: ProcessedCSV\banknifty_put_03012025.csv
2025-10-27 10:08:24,381 [INFO] [root] [MainThread]: Started processing: GFDLNFO_TICK_03012025\Options\BANKNIFTY27FEB2553200PE.NFO.csv
2025-10-27 10:08:24,390 [INFO] [root] [MainThread]: Successfully processed and saved: ProcessedCSV\banknifty_put_03012025.csv
2025-10-27 10:08:24,390 [INFO] [root] [MainThread]: Started processing: GFDLNFO_TICK_03012025\Options\BANKNIFTY27FEB2553500PE.NFO.csv
2025-10-27 10:08:24,417 [INFO] [root] [MainThread]: Successfully processed and saved: ProcessedCSV\banknifty_put_03012025.csv
2025-10-27 10:08:24,417 [INFO] [root] [MainThread]: Started processing: GFDLNFO_TICK_03012025\Options\BANKNIFTY27FEB2554000PE.NFO.csv
2025-10-27 10:08:24,455 [INFO] [root] [MainThread]: Successfully processed and saved: ProcessedCSV\banknifty_put_03012025.csv
2025-10-27 10:08:24,455 [INFO] [root] [MainThread]: Started processing: GFDLNFO_TICK_03012025\Options\BANKNIFTY27FEB2555000PE.NFO.csv
2025-10-27 10:08:24,482 [INFO] [root] [MainThread]: Successfully processed and saved: ProcessedCSV\banknifty_put_03012025.csv
2025-10-27 10:08:24,482 [INFO] [root] [MainThread]: Started processing: GFDLNFO_TICK_03012025\Options\BANKNIFTY27FEB2555500PE.NFO.csv
2025-10-27 10:08:24,511 [INFO] [root] [MainThread]: Successfully processed and saved: ProcessedCSV\banknifty_put_03012025.csv
2025-10-27 10:08:24,511 [INFO] [root] [MainThread]: Started processing: GFDLNFO_TICK_03012025\Options\BANKNIFTY27FEB2556000PE.NFO.csv
2025-10-27 10:08:24,544 [INFO] [root] [MainThread]: Successfully processed and saved: ProcessedCSV\banknifty_put_03012025.csv
2025-10-27 10:08:24,544 [INFO] [root] [MainThread]: Started processing: GFDLNFO_TICK_03012025\Options\BANKNIFTY27FEB2556500PE.NFO.csv
2025-10-27 10:08:24,569 [INFO] [root] [MainThread]: Successfully processed and saved: ProcessedCSV\banknifty_put_03012025.csv
2025-10-27 10:08:24,569 [INFO] [root] [MainThread]: Started processing: GFDLNFO_TICK_03012025\Options\BANKNIFTY27FEB2557000PE.NFO.csv
2025-10-27 10:08:24,597 [INFO] [root] [MainThread]: Successfully processed and saved: ProcessedCSV\banknifty_put_03012025.csv
2025-10-27 10:08:24,597 [INFO] [root] [MainThread]: Started processing: GFDLNFO_TICK_03012025\Options\BANKNIFTY27MAR2545000PE.NFO.csv
2025-10-27 10:08:24,607 [INFO] [root] [MainThread]: Successfully processed and saved: ProcessedCSV\banknifty_put_03012025.csv
2025-10-27 10:08:24,607 [INFO] [root] [MainThread]: Started processing: GFDLNFO_TICK_03012025\Options\BANKNIFTY27MAR2546500PE.NFO.csv
2025-10-27 10:08:24,632 [INFO] [root] [MainThread]: Successfully processed and saved: ProcessedCSV\banknifty_put_03012025.csv
2025-10-27 10:08:24,632 [INFO] [root] [MainThread]: Started processing: GFDLNFO_TICK_03012025\Options\BANKNIFTY27MAR2547000PE.NFO.csv
2025-10-27 10:08:24,658 [INFO] [root] [MainThread]: Successfully processed and saved: ProcessedCSV\banknifty_put_03012025.csv
2025-10-27 10:08:24,658 [INFO] [root] [MainThread]: Started processing: GFDLNFO_TICK_03012025\Options\BANKNIFTY27MAR2547500PE.NFO.csv
2025-10-27 10:08:24,685 [INFO] [root] [MainThread]: Successfully processed and saved: ProcessedCSV\banknifty_put_03012025.csv
2025-10-27 10:08:24,686 [INFO] [root] [MainThread]: Started processing: GFDLNFO_TICK_03012025\Options\BANKNIFTY27MAR2548000PE.NFO.csv
2025-10-27 10:08:24,716 [INFO] [root] [MainThread]: Successfully processed and saved: ProcessedCSV\banknifty_put_03012025.csv
2025-10-27 10:08:24,716 [INFO] [root] [MainThread]: Started processing: GFDLNFO_TICK_03012025\Options\BANKNIFTY27MAR2548100PE.NFO.csv
2025-10-27 10:08:24,725 [INFO] [root] [MainThread]: Successfully processed and saved: ProcessedCSV\banknifty_put_03012025.csv
2025-10-27 10:08:24,726 [INFO] [root] [MainThread]: Started processing: GFDLNFO_TICK_03012025\Options\BANKNIFTY27MAR2548500PE.NFO.csv
2025-10-27 10:08:24,742 [INFO] [root] [MainThread]: Successfully processed and saved: ProcessedCSV\banknifty_put_03012025.csv
2025-10-27 10:08:24,742 [INFO] [root] [MainThread]: Started processing: GFDLNFO_TICK_03012025\Options\BANKNIFTY27MAR2549000PE.NFO.csv
2025-10-27 10:08:24,769 [INFO] [root] [MainThread]: Successfully processed and saved: ProcessedCSV\banknifty_put_03012025.csv
2025-10-27 10:08:24,769 [INFO] [root] [MainThread]: Started processing: GFDLNFO_TICK_03012025\Options\BANKNIFTY27MAR2549500PE.NFO.csv
2025-10-27 10:08:24,800 [INFO] [root] [MainThread]: Successfully processed and saved: ProcessedCSV\banknifty_put_03012025.csv
2025-10-27 10:08:24,800 [INFO] [root] [MainThread]: Started processing: GFDLNFO_TICK_03012025\Options\BANKNIFTY27MAR2550000PE.NFO.csv
2025-10-27 10:08:24,829 [INFO] [root] [MainThread]: Successfully processed and saved: ProcessedCSV\banknifty_put_03012025.csv
2025-10-27 10:08:24,829 [INFO] [root] [MainThread]: Started processing: GFDLNFO_TICK_03012025\Options\BANKNIFTY27MAR2550500PE.NFO.csv
2025-10-27 10:08:24,855 [INFO] [root] [MainThread]: Successfully processed and saved: ProcessedCSV\banknifty_put_03012025.csv
2025-10-27 10:08:24,855 [INFO] [root] [MainThread]: Started processing: GFDLNFO_TICK_03012025\Options\BANKNIFTY27MAR2551000PE.NFO.csv
2025-10-27 10:08:24,887 [INFO] [root] [MainThread]: Successfully processed and saved: ProcessedCSV\banknifty_put_03012025.csv
2025-10-27 10:08:24,887 [INFO] [root] [MainThread]: Started processing: GFDLNFO_TICK_03012025\Options\BANKNIFTY27MAR2551200PE.NFO.csv
2025-10-27 10:08:24,910 [INFO] [root] [MainThread]: Successfully processed and saved: ProcessedCSV\banknifty_put_03012025.csv
2025-10-27 10:08:24,910 [INFO] [root] [MainThread]: Started processing: GFDLNFO_TICK_03012025\Options\BANKNIFTY27MAR2551500PE.NFO.csv
2025-10-27 10:08:24,934 [INFO] [root] [MainThread]: Successfully processed and saved: ProcessedCSV\banknifty_put_03012025.csv
2025-10-27 10:08:24,934 [INFO] [root] [MainThread]: Started processing: GFDLNFO_TICK_03012025\Options\BANKNIFTY27MAR2552000PE.NFO.csv
2025-10-27 10:08:24,963 [INFO] [root] [MainThread]: Successfully processed and saved: ProcessedCSV\banknifty_put_03012025.csv
2025-10-27 10:08:24,963 [INFO] [root] [MainThread]: Started processing: GFDLNFO_TICK_03012025\Options\BANKNIFTY27MAR2552500PE.NFO.csv
2025-10-27 10:08:24,995 [INFO] [root] [MainThread]: Successfully processed and saved: ProcessedCSV\banknifty_put_03012025.csv
2025-10-27 10:08:24,995 [INFO] [root] [MainThread]: Started processing: GFDLNFO_TICK_03012025\Options\BANKNIFTY27MAR2553000PE.NFO.csv
2025-10-27 10:08:25,022 [INFO] [root] [MainThread]: Successfully processed and saved: ProcessedCSV\banknifty_put_03012025.csv
2025-10-27 10:08:25,022 [INFO] [root] [MainThread]: Started processing: GFDLNFO_TICK_03012025\Options\BANKNIFTY27MAR2554000PE.NFO.csv
2025-10-27 10:08:25,046 [INFO] [root] [MainThread]: Successfully processed and saved: ProcessedCSV\banknifty_put_03012025.csv
2025-10-27 10:08:25,046 [INFO] [root] [MainThread]: Started processing: GFDLNFO_TICK_03012025\Options\BANKNIFTY27MAR2555500PE.NFO.csv
2025-10-27 10:08:25,061 [INFO] [root] [MainThread]: Successfully processed and saved: ProcessedCSV\banknifty_put_03012025.csv
2025-10-27 10:08:25,061 [INFO] [root] [MainThread]: Started processing: GFDLNFO_TICK_03012025\Options\BANKNIFTY30JAN2542500PE.NFO.csv
2025-10-27 10:08:25,151 [INFO] [root] [MainThread]: Successfully processed and saved: ProcessedCSV\banknifty_put_03012025.csv
2025-10-27 10:08:25,151 [INFO] [root] [MainThread]: Started processing: GFDLNFO_TICK_03012025\Options\BANKNIFTY30JAN2543000PE.NFO.csv
2025-10-27 10:08:25,197 [INFO] [root] [MainThread]: Successfully processed and saved: ProcessedCSV\banknifty_put_03012025.csv
2025-10-27 10:08:25,197 [INFO] [root] [MainThread]: Started processing: GFDLNFO_TICK_03012025\Options\BANKNIFTY30JAN2543500PE.NFO.csv
2025-10-27 10:08:25,258 [INFO] [root] [MainThread]: Successfully processed and saved: ProcessedCSV\banknifty_put_03012025.csv
2025-10-27 10:08:25,258 [INFO] [root] [MainThread]: Started processing: GFDLNFO_TICK_03012025\Options\BANKNIFTY30JAN2544000PE.NFO.csv
2025-10-27 10:08:25,300 [INFO] [root] [MainThread]: Successfully processed and saved: ProcessedCSV\banknifty_put_03012025.csv
2025-10-27 10:08:25,300 [INFO] [root] [MainThread]: Started processing: GFDLNFO_TICK_03012025\Options\BANKNIFTY30JAN2544500PE.NFO.csv
2025-10-27 10:08:25,353 [INFO] [root] [MainThread]: Successfully processed and saved: ProcessedCSV\banknifty_put_03012025.csv
2025-10-27 10:08:25,354 [INFO] [root] [MainThread]: Started processing: GFDLNFO_TICK_03012025\Options\BANKNIFTY30JAN2545000PE.NFO.csv
2025-10-27 10:08:25,431 [INFO] [root] [MainThread]: Successfully processed and saved: ProcessedCSV\banknifty_put_03012025.csv
2025-10-27 10:08:25,432 [INFO] [root] [MainThread]: Started processing: GFDLNFO_TICK_03012025\Options\BANKNIFTY30JAN2545500PE.NFO.csv
2025-10-27 10:08:25,497 [INFO] [root] [MainThread]: Successfully processed and saved: ProcessedCSV\banknifty_put_03012025.csv
2025-10-27 10:08:25,497 [INFO] [root] [MainThread]: Started processing: GFDLNFO_TICK_03012025\Options\BANKNIFTY30JAN2546000PE.NFO.csv
2025-10-27 10:08:25,582 [INFO] [root] [MainThread]: Successfully processed and saved: ProcessedCSV\banknifty_put_03012025.csv
2025-10-27 10:08:25,583 [INFO] [root] [MainThread]: Started processing: GFDLNFO_TICK_03012025\Options\BANKNIFTY30JAN2546500PE.NFO.csv
2025-10-27 10:08:25,681 [INFO] [root] [MainThread]: Successfully processed and saved: ProcessedCSV\banknifty_put_03012025.csv
2025-10-27 10:08:25,681 [INFO] [root] [MainThread]: Started processing: GFDLNFO_TICK_03012025\Options\BANKNIFTY30JAN2547000PE.NFO.csv
2025-10-27 10:08:25,801 [INFO] [root] [MainThread]: Successfully processed and saved: ProcessedCSV\banknifty_put_03012025.csv
2025-10-27 10:08:25,802 [INFO] [root] [MainThread]: Started processing: GFDLNFO_TICK_03012025\Options\BANKNIFTY30JAN2547100PE.NFO.csv
2025-10-27 10:08:25,868 [INFO] [root] [MainThread]: Successfully processed and saved: ProcessedCSV\banknifty_put_03012025.csv
2025-10-27 10:08:25,868 [INFO] [root] [MainThread]: Started processing: GFDLNFO_TICK_03012025\Options\BANKNIFTY30JAN2547200PE.NFO.csv
2025-10-27 10:08:25,939 [INFO] [root] [MainThread]: Successfully processed and saved: ProcessedCSV\banknifty_put_03012025.csv
2025-10-27 10:08:25,939 [INFO] [root] [MainThread]: Started processing: GFDLNFO_TICK_03012025\Options\BANKNIFTY30JAN2547300PE.NFO.csv
2025-10-27 10:08:26,003 [INFO] [root] [MainThread]: Successfully processed and saved: ProcessedCSV\banknifty_put_03012025.csv
2025-10-27 10:08:26,003 [INFO] [root] [MainThread]: Started processing: GFDLNFO_TICK_03012025\Options\BANKNIFTY30JAN2547400PE.NFO.csv
2025-10-27 10:08:26,069 [INFO] [root] [MainThread]: Successfully processed and saved: ProcessedCSV\banknifty_put_03012025.csv
2025-10-27 10:08:26,069 [INFO] [root] [MainThread]: Started processing: GFDLNFO_TICK_03012025\Options\BANKNIFTY30JAN2547500PE.NFO.csv
2025-10-27 10:08:26,179 [INFO] [root] [MainThread]: Successfully processed and saved: ProcessedCSV\banknifty_put_03012025.csv
2025-10-27 10:08:26,179 [INFO] [root] [MainThread]: Started processing: GFDLNFO_TICK_03012025\Options\BANKNIFTY30JAN2547600PE.NFO.csv
2025-10-27 10:08:26,237 [INFO] [root] [MainThread]: Successfully processed and saved: ProcessedCSV\banknifty_put_03012025.csv
2025-10-27 10:08:26,237 [INFO] [root] [MainThread]: Started processing: GFDLNFO_TICK_03012025\Options\BANKNIFTY30JAN2547700PE.NFO.csv
2025-10-27 10:08:26,304 [INFO] [root] [MainThread]: Successfully processed and saved: ProcessedCSV\banknifty_put_03012025.csv
2025-10-27 10:08:26,304 [INFO] [root] [MainThread]: Started processing: GFDLNFO_TICK_03012025\Options\BANKNIFTY30JAN2547800PE.NFO.csv
2025-10-27 10:08:26,359 [INFO] [root] [MainThread]: Successfully processed and saved: ProcessedCSV\banknifty_put_03012025.csv
2025-10-27 10:08:26,360 [INFO] [root] [MainThread]: Started processing: GFDLNFO_TICK_03012025\Options\BANKNIFTY30JAN2547900PE.NFO.csv
2025-10-27 10:08:26,416 [INFO] [root] [MainThread]: Successfully processed and saved: ProcessedCSV\banknifty_put_03012025.csv
2025-10-27 10:08:26,416 [INFO] [root] [MainThread]: Started processing: GFDLNFO_TICK_03012025\Options\BANKNIFTY30JAN2548000PE.NFO.csv
2025-10-27 10:08:26,544 [INFO] [root] [MainThread]: Successfully processed and saved: ProcessedCSV\banknifty_put_03012025.csv
2025-10-27 10:08:26,545 [INFO] [root] [MainThread]: Started processing: GFDLNFO_TICK_03012025\Options\BANKNIFTY30JAN2548100PE.NFO.csv
2025-10-27 10:08:26,617 [INFO] [root] [MainThread]: Successfully processed and saved: ProcessedCSV\banknifty_put_03012025.csv
2025-10-27 10:08:26,617 [INFO] [root] [MainThread]: Started processing: GFDLNFO_TICK_03012025\Options\BANKNIFTY30JAN2548200PE.NFO.csv
2025-10-27 10:08:26,679 [INFO] [root] [MainThread]: Successfully processed and saved: ProcessedCSV\banknifty_put_03012025.csv
2025-10-27 10:08:26,679 [INFO] [root] [MainThread]: Started processing: GFDLNFO_TICK_03012025\Options\BANKNIFTY30JAN2548300PE.NFO.csv
2025-10-27 10:08:26,746 [INFO] [root] [MainThread]: Successfully processed and saved: ProcessedCSV\banknifty_put_03012025.csv
2025-10-27 10:08:26,746 [INFO] [root] [MainThread]: Started processing: GFDLNFO_TICK_03012025\Options\BANKNIFTY30JAN2548400PE.NFO.csv
2025-10-27 10:08:26,820 [INFO] [root] [MainThread]: Successfully processed and saved: ProcessedCSV\banknifty_put_03012025.csv
2025-10-27 10:08:26,820 [INFO] [root] [MainThread]: Started processing: GFDLNFO_TICK_03012025\Options\BANKNIFTY30JAN2548500PE.NFO.csv
2025-10-27 10:08:26,926 [INFO] [root] [MainThread]: Successfully processed and saved: ProcessedCSV\banknifty_put_03012025.csv
2025-10-27 10:08:26,927 [INFO] [root] [MainThread]: Started processing: GFDLNFO_TICK_03012025\Options\BANKNIFTY30JAN2548600PE.NFO.csv
2025-10-27 10:08:26,997 [INFO] [root] [MainThread]: Successfully processed and saved: ProcessedCSV\banknifty_put_03012025.csv
2025-10-27 10:08:26,998 [INFO] [root] [MainThread]: Started processing: GFDLNFO_TICK_03012025\Options\BANKNIFTY30JAN2548700PE.NFO.csv
2025-10-27 10:08:27,064 [INFO] [root] [MainThread]: Successfully processed and saved: ProcessedCSV\banknifty_put_03012025.csv
2025-10-27 10:08:27,064 [INFO] [root] [MainThread]: Started processing: GFDLNFO_TICK_03012025\Options\BANKNIFTY30JAN2548800PE.NFO.csv
2025-10-27 10:08:27,129 [INFO] [root] [MainThread]: Successfully processed and saved: ProcessedCSV\banknifty_put_03012025.csv
2025-10-27 10:08:27,129 [INFO] [root] [MainThread]: Started processing: GFDLNFO_TICK_03012025\Options\BANKNIFTY30JAN2548900PE.NFO.csv
2025-10-27 10:08:27,192 [INFO] [root] [MainThread]: Successfully processed and saved: ProcessedCSV\banknifty_put_03012025.csv
2025-10-27 10:08:27,193 [INFO] [root] [MainThread]: Started processing: GFDLNFO_TICK_03012025\Options\BANKNIFTY30JAN2549000PE.NFO.csv
2025-10-27 10:08:27,326 [INFO] [root] [MainThread]: Successfully processed and saved: ProcessedCSV\banknifty_put_03012025.csv
2025-10-27 10:08:27,326 [INFO] [root] [MainThread]: Started processing: GFDLNFO_TICK_03012025\Options\BANKNIFTY30JAN2549100PE.NFO.csv
2025-10-27 10:08:27,398 [INFO] [root] [MainThread]: Successfully processed and saved: ProcessedCSV\banknifty_put_03012025.csv
2025-10-27 10:08:27,399 [INFO] [root] [MainThread]: Started processing: GFDLNFO_TICK_03012025\Options\BANKNIFTY30JAN2549200PE.NFO.csv
2025-10-27 10:08:27,471 [INFO] [root] [MainThread]: Successfully processed and saved: ProcessedCSV\banknifty_put_03012025.csv
2025-10-27 10:08:27,472 [INFO] [root] [MainThread]: Started processing: GFDLNFO_TICK_03012025\Options\BANKNIFTY30JAN2549300PE.NFO.csv
2025-10-27 10:08:27,549 [INFO] [root] [MainThread]: Successfully processed and saved: ProcessedCSV\banknifty_put_03012025.csv
2025-10-27 10:08:27,549 [INFO] [root] [MainThread]: Started processing: GFDLNFO_TICK_03012025\Options\BANKNIFTY30JAN2549400PE.NFO.csv
2025-10-27 10:08:27,628 [INFO] [root] [MainThread]: Successfully processed and saved: ProcessedCSV\banknifty_put_03012025.csv
2025-10-27 10:08:27,629 [INFO] [root] [MainThread]: Started processing: GFDLNFO_TICK_03012025\Options\BANKNIFTY30JAN2549500PE.NFO.csv
2025-10-27 10:08:27,749 [INFO] [root] [MainThread]: Successfully processed and saved: ProcessedCSV\banknifty_put_03012025.csv
2025-10-27 10:08:27,750 [INFO] [root] [MainThread]: Started processing: GFDLNFO_TICK_03012025\Options\BANKNIFTY30JAN2549600PE.NFO.csv
2025-10-27 10:08:27,827 [INFO] [root] [MainThread]: Successfully processed and saved: ProcessedCSV\banknifty_put_03012025.csv
2025-10-27 10:08:27,828 [INFO] [root] [MainThread]: Started processing: GFDLNFO_TICK_03012025\Options\BANKNIFTY30JAN2549700PE.NFO.csv
2025-10-27 10:08:27,905 [INFO] [root] [MainThread]: Successfully processed and saved: ProcessedCSV\banknifty_put_03012025.csv
2025-10-27 10:08:27,906 [INFO] [root] [MainThread]: Started processing: GFDLNFO_TICK_03012025\Options\BANKNIFTY30JAN2549800PE.NFO.csv
2025-10-27 10:08:27,987 [INFO] [root] [MainThread]: Successfully processed and saved: ProcessedCSV\banknifty_put_03012025.csv
2025-10-27 10:08:27,987 [INFO] [root] [MainThread]: Started processing: GFDLNFO_TICK_03012025\Options\BANKNIFTY30JAN2549900PE.NFO.csv
2025-10-27 10:08:28,067 [INFO] [root] [MainThread]: Successfully processed and saved: ProcessedCSV\banknifty_put_03012025.csv
2025-10-27 10:08:28,068 [INFO] [root] [MainThread]: Started processing: GFDLNFO_TICK_03012025\Options\BANKNIFTY30JAN2550000PE.NFO.csv
2025-10-27 10:08:28,198 [INFO] [root] [MainThread]: Successfully processed and saved: ProcessedCSV\banknifty_put_03012025.csv
2025-10-27 10:08:28,198 [INFO] [root] [MainThread]: Started processing: GFDLNFO_TICK_03012025\Options\BANKNIFTY30JAN2550100PE.NFO.csv
2025-10-27 10:08:28,287 [INFO] [root] [MainThread]: Successfully processed and saved: ProcessedCSV\banknifty_put_03012025.csv
2025-10-27 10:08:28,288 [INFO] [root] [MainThread]: Started processing: GFDLNFO_TICK_03012025\Options\BANKNIFTY30JAN2550200PE.NFO.csv
2025-10-27 10:08:28,379 [INFO] [root] [MainThread]: Successfully processed and saved: ProcessedCSV\banknifty_put_03012025.csv
2025-10-27 10:08:28,379 [INFO] [root] [MainThread]: Started processing: GFDLNFO_TICK_03012025\Options\BANKNIFTY30JAN2550300PE.NFO.csv
2025-10-27 10:08:28,470 [INFO] [root] [MainThread]: Successfully processed and saved: ProcessedCSV\banknifty_put_03012025.csv
2025-10-27 10:08:28,471 [INFO] [root] [MainThread]: Started processing: GFDLNFO_TICK_03012025\Options\BANKNIFTY30JAN2550400PE.NFO.csv
2025-10-27 10:08:28,551 [INFO] [root] [MainThread]: Successfully processed and saved: ProcessedCSV\banknifty_put_03012025.csv
2025-10-27 10:08:28,552 [INFO] [root] [MainThread]: Started processing: GFDLNFO_TICK_03012025\Options\BANKNIFTY30JAN2550500PE.NFO.csv
2025-10-27 10:08:28,678 [INFO] [root] [MainThread]: Successfully processed and saved: ProcessedCSV\banknifty_put_03012025.csv
2025-10-27 10:08:28,679 [INFO] [root] [MainThread]: Started processing: GFDLNFO_TICK_03012025\Options\BANKNIFTY30JAN2550600PE.NFO.csv
2025-10-27 10:08:28,772 [INFO] [root] [MainThread]: Successfully processed and saved: ProcessedCSV\banknifty_put_03012025.csv
2025-10-27 10:08:28,773 [INFO] [root] [MainThread]: Started processing: GFDLNFO_TICK_03012025\Options\BANKNIFTY30JAN2550700PE.NFO.csv
2025-10-27 10:08:28,871 [INFO] [root] [MainThread]: Successfully processed and saved: ProcessedCSV\banknifty_put_03012025.csv
2025-10-27 10:08:28,871 [INFO] [root] [MainThread]: Started processing: GFDLNFO_TICK_03012025\Options\BANKNIFTY30JAN2550800PE.NFO.csv
2025-10-27 10:08:28,983 [INFO] [root] [MainThread]: Successfully processed and saved: ProcessedCSV\banknifty_put_03012025.csv
2025-10-27 10:08:28,983 [INFO] [root] [MainThread]: Started processing: GFDLNFO_TICK_03012025\Options\BANKNIFTY30JAN2550900PE.NFO.csv
2025-10-27 10:08:29,113 [INFO] [root] [MainThread]: Successfully processed and saved: ProcessedCSV\banknifty_put_03012025.csv
2025-10-27 10:08:29,113 [INFO] [root] [MainThread]: Started processing: GFDLNFO_TICK_03012025\Options\BANKNIFTY30JAN2551000PE.NFO.csv
2025-10-27 10:08:29,284 [INFO] [root] [MainThread]: Successfully processed and saved: ProcessedCSV\banknifty_put_03012025.csv
2025-10-27 10:08:29,284 [INFO] [root] [MainThread]: Started processing: GFDLNFO_TICK_03012025\Options\BANKNIFTY30JAN2551100PE.NFO.csv
2025-10-27 10:08:29,448 [INFO] [root] [MainThread]: Successfully processed and saved: ProcessedCSV\banknifty_put_03012025.csv
2025-10-27 10:08:29,449 [INFO] [root] [MainThread]: Started processing: GFDLNFO_TICK_03012025\Options\BANKNIFTY30JAN2551200PE.NFO.csv
2025-10-27 10:08:29,615 [INFO] [root] [MainThread]: Successfully processed and saved: ProcessedCSV\banknifty_put_03012025.csv
2025-10-27 10:08:29,616 [INFO] [root] [MainThread]: Started processing: GFDLNFO_TICK_03012025\Options\BANKNIFTY30JAN2551300PE.NFO.csv
2025-10-27 10:08:29,780 [INFO] [root] [MainThread]: Successfully processed and saved: ProcessedCSV\banknifty_put_03012025.csv
2025-10-27 10:08:29,781 [INFO] [root] [MainThread]: Started processing: GFDLNFO_TICK_03012025\Options\BANKNIFTY30JAN2551400PE.NFO.csv
2025-10-27 10:08:29,941 [INFO] [root] [MainThread]: Successfully processed and saved: ProcessedCSV\banknifty_put_03012025.csv
2025-10-27 10:08:29,942 [INFO] [root] [MainThread]: Started processing: GFDLNFO_TICK_03012025\Options\BANKNIFTY30JAN2551500PE.NFO.csv
2025-10-27 10:08:30,118 [INFO] [root] [MainThread]: Successfully processed and saved: ProcessedCSV\banknifty_put_03012025.csv
2025-10-27 10:08:30,119 [INFO] [root] [MainThread]: Started processing: GFDLNFO_TICK_03012025\Options\BANKNIFTY30JAN2551600PE.NFO.csv
2025-10-27 10:08:30,238 [INFO] [root] [MainThread]: Successfully processed and saved: ProcessedCSV\banknifty_put_03012025.csv
2025-10-27 10:08:30,238 [INFO] [root] [MainThread]: Started processing: GFDLNFO_TICK_03012025\Options\BANKNIFTY30JAN2551700PE.NFO.csv
2025-10-27 10:08:30,343 [INFO] [root] [MainThread]: Successfully processed and saved: ProcessedCSV\banknifty_put_03012025.csv
2025-10-27 10:08:30,344 [INFO] [root] [MainThread]: Started processing: GFDLNFO_TICK_03012025\Options\BANKNIFTY30JAN2551800PE.NFO.csv
2025-10-27 10:08:30,474 [INFO] [root] [MainThread]: Successfully processed and saved: ProcessedCSV\banknifty_put_03012025.csv
2025-10-27 10:08:30,475 [INFO] [root] [MainThread]: Started processing: GFDLNFO_TICK_03012025\Options\BANKNIFTY30JAN2551900PE.NFO.csv
2025-10-27 10:08:30,597 [INFO] [root] [MainThread]: Successfully processed and saved: ProcessedCSV\banknifty_put_03012025.csv
2025-10-27 10:08:30,598 [INFO] [root] [MainThread]: Started processing: GFDLNFO_TICK_03012025\Options\BANKNIFTY30JAN2552000PE.NFO.csv
2025-10-27 10:08:30,753 [INFO] [root] [MainThread]: Successfully processed and saved: ProcessedCSV\banknifty_put_03012025.csv
2025-10-27 10:08:30,754 [INFO] [root] [MainThread]: Started processing: GFDLNFO_TICK_03012025\Options\BANKNIFTY30JAN2552100PE.NFO.csv
2025-10-27 10:08:30,823 [INFO] [root] [MainThread]: Successfully processed and saved: ProcessedCSV\banknifty_put_03012025.csv
2025-10-27 10:08:30,823 [INFO] [root] [MainThread]: Started processing: GFDLNFO_TICK_03012025\Options\BANKNIFTY30JAN2552200PE.NFO.csv
2025-10-27 10:08:30,885 [INFO] [root] [MainThread]: Successfully processed and saved: ProcessedCSV\banknifty_put_03012025.csv
2025-10-27 10:08:30,885 [INFO] [root] [MainThread]: Started processing: GFDLNFO_TICK_03012025\Options\BANKNIFTY30JAN2552300PE.NFO.csv
2025-10-27 10:08:30,953 [INFO] [root] [MainThread]: Successfully processed and saved: ProcessedCSV\banknifty_put_03012025.csv
2025-10-27 10:08:30,954 [INFO] [root] [MainThread]: Started processing: GFDLNFO_TICK_03012025\Options\BANKNIFTY30JAN2552400PE.NFO.csv
2025-10-27 10:08:31,034 [INFO] [root] [MainThread]: Successfully processed and saved: ProcessedCSV\banknifty_put_03012025.csv
2025-10-27 10:08:31,034 [INFO] [root] [MainThread]: Started processing: GFDLNFO_TICK_03012025\Options\BANKNIFTY30JAN2552500PE.NFO.csv
2025-10-27 10:08:31,140 [INFO] [root] [MainThread]: Successfully processed and saved: ProcessedCSV\banknifty_put_03012025.csv
2025-10-27 10:08:31,141 [INFO] [root] [MainThread]: Started processing: GFDLNFO_TICK_03012025\Options\BANKNIFTY30JAN2552600PE.NFO.csv
2025-10-27 10:08:31,208 [INFO] [root] [MainThread]: Successfully processed and saved: ProcessedCSV\banknifty_put_03012025.csv
2025-10-27 10:08:31,208 [INFO] [root] [MainThread]: Started processing: GFDLNFO_TICK_03012025\Options\BANKNIFTY30JAN2552700PE.NFO.csv
2025-10-27 10:08:31,267 [INFO] [root] [MainThread]: Successfully processed and saved: ProcessedCSV\banknifty_put_03012025.csv
2025-10-27 10:08:31,267 [INFO] [root] [MainThread]: Started processing: GFDLNFO_TICK_03012025\Options\BANKNIFTY30JAN2552800PE.NFO.csv
2025-10-27 10:08:31,320 [INFO] [root] [MainThread]: Successfully processed and saved: ProcessedCSV\banknifty_put_03012025.csv
2025-10-27 10:08:31,320 [INFO] [root] [MainThread]: Started processing: GFDLNFO_TICK_03012025\Options\BANKNIFTY30JAN2552900PE.NFO.csv
2025-10-27 10:08:31,375 [INFO] [root] [MainThread]: Successfully processed and saved: ProcessedCSV\banknifty_put_03012025.csv
2025-10-27 10:08:31,375 [INFO] [root] [MainThread]: Started processing: GFDLNFO_TICK_03012025\Options\BANKNIFTY30JAN2553000PE.NFO.csv
2025-10-27 10:08:31,467 [INFO] [root] [MainThread]: Successfully processed and saved: ProcessedCSV\banknifty_put_03012025.csv
2025-10-27 10:08:31,467 [INFO] [root] [MainThread]: Started processing: GFDLNFO_TICK_03012025\Options\BANKNIFTY30JAN2553100PE.NFO.csv
2025-10-27 10:08:31,527 [INFO] [root] [MainThread]: Successfully processed and saved: ProcessedCSV\banknifty_put_03012025.csv
2025-10-27 10:08:31,527 [INFO] [root] [MainThread]: Started processing: GFDLNFO_TICK_03012025\Options\BANKNIFTY30JAN2553200PE.NFO.csv
2025-10-27 10:08:31,571 [INFO] [root] [MainThread]: Successfully processed and saved: ProcessedCSV\banknifty_put_03012025.csv
2025-10-27 10:08:31,571 [INFO] [root] [MainThread]: Started processing: GFDLNFO_TICK_03012025\Options\BANKNIFTY30JAN2553300PE.NFO.csv
2025-10-27 10:08:31,619 [INFO] [root] [MainThread]: Successfully processed and saved: ProcessedCSV\banknifty_put_03012025.csv
2025-10-27 10:08:31,619 [INFO] [root] [MainThread]: Started processing: GFDLNFO_TICK_03012025\Options\BANKNIFTY30JAN2553400PE.NFO.csv
2025-10-27 10:08:31,673 [INFO] [root] [MainThread]: Successfully processed and saved: ProcessedCSV\banknifty_put_03012025.csv
2025-10-27 10:08:31,673 [INFO] [root] [MainThread]: Started processing: GFDLNFO_TICK_03012025\Options\BANKNIFTY30JAN2553500PE.NFO.csv
2025-10-27 10:08:31,721 [INFO] [root] [MainThread]: Successfully processed and saved: ProcessedCSV\banknifty_put_03012025.csv
2025-10-27 10:08:31,722 [INFO] [root] [MainThread]: Started processing: GFDLNFO_TICK_03012025\Options\BANKNIFTY30JAN2553600PE.NFO.csv
2025-10-27 10:08:31,766 [INFO] [root] [MainThread]: Successfully processed and saved: ProcessedCSV\banknifty_put_03012025.csv
2025-10-27 10:08:31,767 [INFO] [root] [MainThread]: Started processing: GFDLNFO_TICK_03012025\Options\BANKNIFTY30JAN2553700PE.NFO.csv
2025-10-27 10:08:31,813 [INFO] [root] [MainThread]: Successfully processed and saved: ProcessedCSV\banknifty_put_03012025.csv
2025-10-27 10:08:31,813 [INFO] [root] [MainThread]: Started processing: GFDLNFO_TICK_03012025\Options\BANKNIFTY30JAN2553800PE.NFO.csv
2025-10-27 10:08:31,853 [INFO] [root] [MainThread]: Successfully processed and saved: ProcessedCSV\banknifty_put_03012025.csv
2025-10-27 10:08:31,853 [INFO] [root] [MainThread]: Started processing: GFDLNFO_TICK_03012025\Options\BANKNIFTY30JAN2553900PE.NFO.csv
2025-10-27 10:08:31,868 [INFO] [root] [MainThread]: Successfully processed and saved: ProcessedCSV\banknifty_put_03012025.csv
2025-10-27 10:08:31,868 [INFO] [root] [MainThread]: Started processing: GFDLNFO_TICK_03012025\Options\BANKNIFTY30JAN2554000PE.NFO.csv
2025-10-27 10:08:31,917 [INFO] [root] [MainThread]: Successfully processed and saved: ProcessedCSV\banknifty_put_03012025.csv
2025-10-27 10:08:31,917 [INFO] [root] [MainThread]: Started processing: GFDLNFO_TICK_03012025\Options\BANKNIFTY30JAN2554100PE.NFO.csv
2025-10-27 10:08:31,931 [INFO] [root] [MainThread]: Successfully processed and saved: ProcessedCSV\banknifty_put_03012025.csv
2025-10-27 10:08:31,931 [INFO] [root] [MainThread]: Started processing: GFDLNFO_TICK_03012025\Options\BANKNIFTY30JAN2554200PE.NFO.csv
2025-10-27 10:08:31,951 [INFO] [root] [MainThread]: Successfully processed and saved: ProcessedCSV\banknifty_put_03012025.csv
2025-10-27 10:08:31,951 [INFO] [root] [MainThread]: Started processing: GFDLNFO_TICK_03012025\Options\BANKNIFTY30JAN2554400PE.NFO.csv
2025-10-27 10:08:31,993 [INFO] [root] [MainThread]: Successfully processed and saved: ProcessedCSV\banknifty_put_03012025.csv
2025-10-27 10:08:31,993 [INFO] [root] [MainThread]: Started processing: GFDLNFO_TICK_03012025\Options\BANKNIFTY30JAN2554500PE.NFO.csv
2025-10-27 10:08:32,051 [INFO] [root] [MainThread]: Successfully processed and saved: ProcessedCSV\banknifty_put_03012025.csv
2025-10-27 10:08:32,051 [INFO] [root] [MainThread]: Started processing: GFDLNFO_TICK_03012025\Options\BANKNIFTY30JAN2554700PE.NFO.csv
2025-10-27 10:08:32,096 [INFO] [root] [MainThread]: Successfully processed and saved: ProcessedCSV\banknifty_put_03012025.csv
2025-10-27 10:08:32,096 [INFO] [root] [MainThread]: Started processing: GFDLNFO_TICK_03012025\Options\BANKNIFTY30JAN2555000PE.NFO.csv
2025-10-27 10:08:32,155 [INFO] [root] [MainThread]: Successfully processed and saved: ProcessedCSV\banknifty_put_03012025.csv
2025-10-27 10:08:32,155 [INFO] [root] [MainThread]: Started processing: GFDLNFO_TICK_03012025\Options\BANKNIFTY30JAN2555100PE.NFO.csv
2025-10-27 10:08:32,175 [INFO] [root] [MainThread]: Successfully processed and saved: ProcessedCSV\banknifty_put_03012025.csv
2025-10-27 10:08:32,175 [INFO] [root] [MainThread]: Started processing: GFDLNFO_TICK_03012025\Options\BANKNIFTY30JAN2555200PE.NFO.csv
2025-10-27 10:08:32,197 [INFO] [root] [MainThread]: Successfully processed and saved: ProcessedCSV\banknifty_put_03012025.csv
2025-10-27 10:08:32,197 [INFO] [root] [MainThread]: Started processing: GFDLNFO_TICK_03012025\Options\BANKNIFTY30JAN2555500PE.NFO.csv
2025-10-27 10:08:32,238 [INFO] [root] [MainThread]: Successfully processed and saved: ProcessedCSV\banknifty_put_03012025.csv
2025-10-27 10:08:32,238 [INFO] [root] [MainThread]: Started processing: GFDLNFO_TICK_03012025\Options\BANKNIFTY30JAN2556000PE.NFO.csv
2025-10-27 10:08:32,281 [INFO] [root] [MainThread]: Successfully processed and saved: ProcessedCSV\banknifty_put_03012025.csv
2025-10-27 10:08:32,282 [INFO] [root] [MainThread]: Started processing: GFDLNFO_TICK_03012025\Options\BANKNIFTY30JAN2556500PE.NFO.csv
2025-10-27 10:08:32,312 [INFO] [root] [MainThread]: Successfully processed and saved: ProcessedCSV\banknifty_put_03012025.csv
2025-10-27 10:08:32,312 [INFO] [root] [MainThread]: Started processing: GFDLNFO_TICK_03012025\Options\BANKNIFTY30JAN2557000PE.NFO.csv
2025-10-27 10:08:32,349 [INFO] [root] [MainThread]: Successfully processed and saved: ProcessedCSV\banknifty_put_03012025.csv
2025-10-27 10:08:32,349 [INFO] [root] [MainThread]: Started processing: GFDLNFO_TICK_03012025\Options\BANKNIFTY30JAN2558000PE.NFO.csv
2025-10-27 10:08:32,382 [INFO] [root] [MainThread]: Successfully processed and saved: ProcessedCSV\banknifty_put_03012025.csv
2025-10-27 10:08:32,382 [INFO] [root] [MainThread]: Started processing: GFDLNFO_TICK_03012025\Options\BANKNIFTY30JAN2560000PE.NFO.csv
2025-10-27 10:08:32,426 [INFO] [root] [MainThread]: Successfully processed and saved: ProcessedCSV\banknifty_put_03012025.csv
2025-10-27 10:08:32,426 [INFO] [root] [MainThread]: Started processing: GFDLNFO_TICK_03012025\Options\BANKNIFTY30JAN2561000PE.NFO.csv
2025-10-27 10:08:32,462 [INFO] [root] [MainThread]: Successfully processed and saved: ProcessedCSV\banknifty_put_03012025.csv
2025-10-27 10:08:32,462 [INFO] [root] [MainThread]: Utility stopped.
