2025-10-27 13:44:39,338 [INFO] [root] [MainThread]: Utility started.
2025-10-27 13:44:39,339 [INFO] [root] [MainThread]: Processing SENSEX from BFO exchange
2025-10-27 13:44:39,339 [INFO] [root] [MainThread]: Found date 03012025 from folder name: BFO_TICK_03012025 for exchange BFO
2025-10-27 13:44:39,339 [INFO] [root] [MainThread]: Got following folder info {'03012025': {'BFO\\BFO_TICK_03012025\\BFO_TICK_03012025'}} for processing {'index': 'SENSEX', 'instrument_type': 'put'}.
2025-10-27 13:44:39,343 [INFO] [root] [MainThread]: Started processing folder: BFO\BFO_TICK_03012025\BFO_TICK_03012025 for {'index': 'SENSEX', 'instrument_type': 'put'}, date: 03012025
2025-10-27 13:44:39,355 [INFO] [root] [MainThread]: Found 171 put option files to process for SENSEX.
2025-10-27 13:44:39,356 [INFO] [root] [MainThread]: Started processing: BFO\BFO_TICK_03012025\BFO_TICK_03012025\SENSEX03JAN2573200PE.BFO.csv
2025-10-27 13:44:39,436 [INFO] [root] [MainThread]: Successfully processed: BFO\BFO_TICK_03012025\BFO_TICK_03012025\SENSEX03JAN2573200PE.BFO.csv
2025-10-27 13:44:39,436 [INFO] [root] [MainThread]: Started processing: BFO\BFO_TICK_03012025\BFO_TICK_03012025\SENSEX03JAN2573300PE.BFO.csv
2025-10-27 13:44:39,483 [INFO] [root] [MainThread]: Successfully processed: BFO\BFO_TICK_03012025\BFO_TICK_03012025\SENSEX03JAN2573300PE.BFO.csv
2025-10-27 13:44:39,483 [INFO] [root] [MainThread]: Started processing: BFO\BFO_TICK_03012025\BFO_TICK_03012025\SENSEX03JAN2573400PE.BFO.csv
2025-10-27 13:44:39,520 [INFO] [root] [MainThread]: Successfully processed: BFO\BFO_TICK_03012025\BFO_TICK_03012025\SENSEX03JAN2573400PE.BFO.csv
2025-10-27 13:44:39,520 [INFO] [root] [MainThread]: Started processing: BFO\BFO_TICK_03012025\BFO_TICK_03012025\SENSEX03JAN2573500PE.BFO.csv
2025-10-27 13:44:39,571 [INFO] [root] [MainThread]: Successfully processed: BFO\BFO_TICK_03012025\BFO_TICK_03012025\SENSEX03JAN2573500PE.BFO.csv
2025-10-27 13:44:39,571 [INFO] [root] [MainThread]: Started processing: BFO\BFO_TICK_03012025\BFO_TICK_03012025\SENSEX03JAN2573600PE.BFO.csv
2025-10-27 13:44:39,614 [INFO] [root] [MainThread]: Successfully processed: BFO\BFO_TICK_03012025\BFO_TICK_03012025\SENSEX03JAN2573600PE.BFO.csv
2025-10-27 13:44:39,614 [INFO] [root] [MainThread]: Started processing: BFO\BFO_TICK_03012025\BFO_TICK_03012025\SENSEX03JAN2573700PE.BFO.csv
2025-10-27 13:44:39,655 [INFO] [root] [MainThread]: Successfully processed: BFO\BFO_TICK_03012025\BFO_TICK_03012025\SENSEX03JAN2573700PE.BFO.csv
2025-10-27 13:44:39,655 [INFO] [root] [MainThread]: Started processing: BFO\BFO_TICK_03012025\BFO_TICK_03012025\SENSEX03JAN2573800PE.BFO.csv
2025-10-27 13:44:39,702 [INFO] [root] [MainThread]: Successfully processed: BFO\BFO_TICK_03012025\BFO_TICK_03012025\SENSEX03JAN2573800PE.BFO.csv
2025-10-27 13:44:39,702 [INFO] [root] [MainThread]: Started processing: BFO\BFO_TICK_03012025\BFO_TICK_03012025\SENSEX03JAN2573900PE.BFO.csv
2025-10-27 13:44:39,745 [INFO] [root] [MainThread]: Successfully processed: BFO\BFO_TICK_03012025\BFO_TICK_03012025\SENSEX03JAN2573900PE.BFO.csv
2025-10-27 13:44:39,745 [INFO] [root] [MainThread]: Started processing: BFO\BFO_TICK_03012025\BFO_TICK_03012025\SENSEX03JAN2574000PE.BFO.csv
2025-10-27 13:44:39,808 [INFO] [root] [MainThread]: Successfully processed: BFO\BFO_TICK_03012025\BFO_TICK_03012025\SENSEX03JAN2574000PE.BFO.csv
2025-10-27 13:44:39,808 [INFO] [root] [MainThread]: Started processing: BFO\BFO_TICK_03012025\BFO_TICK_03012025\SENSEX03JAN2574100PE.BFO.csv
2025-10-27 13:44:39,850 [INFO] [root] [MainThread]: Successfully processed: BFO\BFO_TICK_03012025\BFO_TICK_03012025\SENSEX03JAN2574100PE.BFO.csv
2025-10-27 13:44:39,851 [INFO] [root] [MainThread]: Started processing: BFO\BFO_TICK_03012025\BFO_TICK_03012025\SENSEX03JAN2574200PE.BFO.csv
2025-10-27 13:44:39,897 [INFO] [root] [MainThread]: Successfully processed: BFO\BFO_TICK_03012025\BFO_TICK_03012025\SENSEX03JAN2574200PE.BFO.csv
2025-10-27 13:44:39,897 [INFO] [root] [MainThread]: Started processing: BFO\BFO_TICK_03012025\BFO_TICK_03012025\SENSEX03JAN2574300PE.BFO.csv
2025-10-27 13:44:39,937 [INFO] [root] [MainThread]: Successfully processed: BFO\BFO_TICK_03012025\BFO_TICK_03012025\SENSEX03JAN2574300PE.BFO.csv
2025-10-27 13:44:39,937 [INFO] [root] [MainThread]: Started processing: BFO\BFO_TICK_03012025\BFO_TICK_03012025\SENSEX03JAN2574400PE.BFO.csv
2025-10-27 13:44:39,992 [INFO] [root] [MainThread]: Successfully processed: BFO\BFO_TICK_03012025\BFO_TICK_03012025\SENSEX03JAN2574400PE.BFO.csv
2025-10-27 13:44:39,992 [INFO] [root] [MainThread]: Started processing: BFO\BFO_TICK_03012025\BFO_TICK_03012025\SENSEX03JAN2574500PE.BFO.csv
2025-10-27 13:44:40,055 [INFO] [root] [MainThread]: Successfully processed: BFO\BFO_TICK_03012025\BFO_TICK_03012025\SENSEX03JAN2574500PE.BFO.csv
2025-10-27 13:44:40,057 [INFO] [root] [MainThread]: Started processing: BFO\BFO_TICK_03012025\BFO_TICK_03012025\SENSEX03JAN2574600PE.BFO.csv
2025-10-27 13:44:40,107 [INFO] [root] [MainThread]: Successfully processed: BFO\BFO_TICK_03012025\BFO_TICK_03012025\SENSEX03JAN2574600PE.BFO.csv
2025-10-27 13:44:40,108 [INFO] [root] [MainThread]: Started processing: BFO\BFO_TICK_03012025\BFO_TICK_03012025\SENSEX03JAN2574700PE.BFO.csv
2025-10-27 13:44:40,155 [INFO] [root] [MainThread]: Successfully processed: BFO\BFO_TICK_03012025\BFO_TICK_03012025\SENSEX03JAN2574700PE.BFO.csv
2025-10-27 13:44:40,155 [INFO] [root] [MainThread]: Started processing: BFO\BFO_TICK_03012025\BFO_TICK_03012025\SENSEX03JAN2574800PE.BFO.csv
2025-10-27 13:44:40,223 [INFO] [root] [MainThread]: Successfully processed: BFO\BFO_TICK_03012025\BFO_TICK_03012025\SENSEX03JAN2574800PE.BFO.csv
2025-10-27 13:44:40,223 [INFO] [root] [MainThread]: Started processing: BFO\BFO_TICK_03012025\BFO_TICK_03012025\SENSEX03JAN2574900PE.BFO.csv
2025-10-27 13:44:40,312 [INFO] [root] [MainThread]: Successfully processed: BFO\BFO_TICK_03012025\BFO_TICK_03012025\SENSEX03JAN2574900PE.BFO.csv
2025-10-27 13:44:40,313 [INFO] [root] [MainThread]: Started processing: BFO\BFO_TICK_03012025\BFO_TICK_03012025\SENSEX03JAN2575000PE.BFO.csv
2025-10-27 13:44:40,443 [INFO] [root] [MainThread]: Successfully processed: BFO\BFO_TICK_03012025\BFO_TICK_03012025\SENSEX03JAN2575000PE.BFO.csv
2025-10-27 13:44:40,443 [INFO] [root] [MainThread]: Started processing: BFO\BFO_TICK_03012025\BFO_TICK_03012025\SENSEX03JAN2575100PE.BFO.csv
2025-10-27 13:44:40,516 [INFO] [root] [MainThread]: Successfully processed: BFO\BFO_TICK_03012025\BFO_TICK_03012025\SENSEX03JAN2575100PE.BFO.csv
2025-10-27 13:44:40,516 [INFO] [root] [MainThread]: Started processing: BFO\BFO_TICK_03012025\BFO_TICK_03012025\SENSEX03JAN2575200PE.BFO.csv
2025-10-27 13:44:40,589 [INFO] [root] [MainThread]: Successfully processed: BFO\BFO_TICK_03012025\BFO_TICK_03012025\SENSEX03JAN2575200PE.BFO.csv
2025-10-27 13:44:40,589 [INFO] [root] [MainThread]: Started processing: BFO\BFO_TICK_03012025\BFO_TICK_03012025\SENSEX03JAN2575300PE.BFO.csv
2025-10-27 13:44:40,656 [INFO] [root] [MainThread]: Successfully processed: BFO\BFO_TICK_03012025\BFO_TICK_03012025\SENSEX03JAN2575300PE.BFO.csv
2025-10-27 13:44:40,656 [INFO] [root] [MainThread]: Started processing: BFO\BFO_TICK_03012025\BFO_TICK_03012025\SENSEX03JAN2575400PE.BFO.csv
2025-10-27 13:44:40,721 [INFO] [root] [MainThread]: Successfully processed: BFO\BFO_TICK_03012025\BFO_TICK_03012025\SENSEX03JAN2575400PE.BFO.csv
2025-10-27 13:44:40,721 [INFO] [root] [MainThread]: Started processing: BFO\BFO_TICK_03012025\BFO_TICK_03012025\SENSEX03JAN2575500PE.BFO.csv
2025-10-27 13:44:40,836 [INFO] [root] [MainThread]: Successfully processed: BFO\BFO_TICK_03012025\BFO_TICK_03012025\SENSEX03JAN2575500PE.BFO.csv
2025-10-27 13:44:40,836 [INFO] [root] [MainThread]: Started processing: BFO\BFO_TICK_03012025\BFO_TICK_03012025\SENSEX03JAN2575600PE.BFO.csv
2025-10-27 13:44:40,903 [INFO] [root] [MainThread]: Successfully processed: BFO\BFO_TICK_03012025\BFO_TICK_03012025\SENSEX03JAN2575600PE.BFO.csv
2025-10-27 13:44:40,904 [INFO] [root] [MainThread]: Started processing: BFO\BFO_TICK_03012025\BFO_TICK_03012025\SENSEX03JAN2575700PE.BFO.csv
2025-10-27 13:44:40,966 [INFO] [root] [MainThread]: Successfully processed: BFO\BFO_TICK_03012025\BFO_TICK_03012025\SENSEX03JAN2575700PE.BFO.csv
2025-10-27 13:44:40,966 [INFO] [root] [MainThread]: Started processing: BFO\BFO_TICK_03012025\BFO_TICK_03012025\SENSEX03JAN2575800PE.BFO.csv
2025-10-27 13:44:41,061 [INFO] [root] [MainThread]: Successfully processed: BFO\BFO_TICK_03012025\BFO_TICK_03012025\SENSEX03JAN2575800PE.BFO.csv
2025-10-27 13:44:41,061 [INFO] [root] [MainThread]: Started processing: BFO\BFO_TICK_03012025\BFO_TICK_03012025\SENSEX03JAN2575900PE.BFO.csv
2025-10-27 13:44:41,133 [INFO] [root] [MainThread]: Successfully processed: BFO\BFO_TICK_03012025\BFO_TICK_03012025\SENSEX03JAN2575900PE.BFO.csv
2025-10-27 13:44:41,133 [INFO] [root] [MainThread]: Started processing: BFO\BFO_TICK_03012025\BFO_TICK_03012025\SENSEX03JAN2576000PE.BFO.csv
2025-10-27 13:44:41,258 [INFO] [root] [MainThread]: Successfully processed: BFO\BFO_TICK_03012025\BFO_TICK_03012025\SENSEX03JAN2576000PE.BFO.csv
2025-10-27 13:44:41,260 [INFO] [root] [MainThread]: Started processing: BFO\BFO_TICK_03012025\BFO_TICK_03012025\SENSEX03JAN2576100PE.BFO.csv
2025-10-27 13:44:41,337 [INFO] [root] [MainThread]: Successfully processed: BFO\BFO_TICK_03012025\BFO_TICK_03012025\SENSEX03JAN2576100PE.BFO.csv
2025-10-27 13:44:41,338 [INFO] [root] [MainThread]: Started processing: BFO\BFO_TICK_03012025\BFO_TICK_03012025\SENSEX03JAN2576200PE.BFO.csv
2025-10-27 13:44:41,418 [INFO] [root] [MainThread]: Successfully processed: BFO\BFO_TICK_03012025\BFO_TICK_03012025\SENSEX03JAN2576200PE.BFO.csv
2025-10-27 13:44:41,418 [INFO] [root] [MainThread]: Started processing: BFO\BFO_TICK_03012025\BFO_TICK_03012025\SENSEX03JAN2576300PE.BFO.csv
2025-10-27 13:44:41,502 [INFO] [root] [MainThread]: Successfully processed: BFO\BFO_TICK_03012025\BFO_TICK_03012025\SENSEX03JAN2576300PE.BFO.csv
2025-10-27 13:44:41,502 [INFO] [root] [MainThread]: Started processing: BFO\BFO_TICK_03012025\BFO_TICK_03012025\SENSEX03JAN2576400PE.BFO.csv
2025-10-27 13:44:41,601 [INFO] [root] [MainThread]: Successfully processed: BFO\BFO_TICK_03012025\BFO_TICK_03012025\SENSEX03JAN2576400PE.BFO.csv
2025-10-27 13:44:41,602 [INFO] [root] [MainThread]: Started processing: BFO\BFO_TICK_03012025\BFO_TICK_03012025\SENSEX03JAN2576500PE.BFO.csv
2025-10-27 13:44:41,747 [INFO] [root] [MainThread]: Successfully processed: BFO\BFO_TICK_03012025\BFO_TICK_03012025\SENSEX03JAN2576500PE.BFO.csv
2025-10-27 13:44:41,748 [INFO] [root] [MainThread]: Started processing: BFO\BFO_TICK_03012025\BFO_TICK_03012025\SENSEX03JAN2576600PE.BFO.csv
2025-10-27 13:44:41,862 [INFO] [root] [MainThread]: Successfully processed: BFO\BFO_TICK_03012025\BFO_TICK_03012025\SENSEX03JAN2576600PE.BFO.csv
2025-10-27 13:44:41,862 [INFO] [root] [MainThread]: Started processing: BFO\BFO_TICK_03012025\BFO_TICK_03012025\SENSEX03JAN2576700PE.BFO.csv
2025-10-27 13:44:41,981 [INFO] [root] [MainThread]: Successfully processed: BFO\BFO_TICK_03012025\BFO_TICK_03012025\SENSEX03JAN2576700PE.BFO.csv
2025-10-27 13:44:41,981 [INFO] [root] [MainThread]: Started processing: BFO\BFO_TICK_03012025\BFO_TICK_03012025\SENSEX03JAN2576800PE.BFO.csv
2025-10-27 13:44:42,118 [INFO] [root] [MainThread]: Successfully processed: BFO\BFO_TICK_03012025\BFO_TICK_03012025\SENSEX03JAN2576800PE.BFO.csv
2025-10-27 13:44:42,119 [INFO] [root] [MainThread]: Started processing: BFO\BFO_TICK_03012025\BFO_TICK_03012025\SENSEX03JAN2576900PE.BFO.csv
2025-10-27 13:44:42,256 [INFO] [root] [MainThread]: Successfully processed: BFO\BFO_TICK_03012025\BFO_TICK_03012025\SENSEX03JAN2576900PE.BFO.csv
2025-10-27 13:44:42,256 [INFO] [root] [MainThread]: Started processing: BFO\BFO_TICK_03012025\BFO_TICK_03012025\SENSEX03JAN2577000PE.BFO.csv
2025-10-27 13:44:42,447 [INFO] [root] [MainThread]: Successfully processed: BFO\BFO_TICK_03012025\BFO_TICK_03012025\SENSEX03JAN2577000PE.BFO.csv
2025-10-27 13:44:42,447 [INFO] [root] [MainThread]: Started processing: BFO\BFO_TICK_03012025\BFO_TICK_03012025\SENSEX03JAN2577100PE.BFO.csv
2025-10-27 13:44:42,564 [INFO] [root] [MainThread]: Successfully processed: BFO\BFO_TICK_03012025\BFO_TICK_03012025\SENSEX03JAN2577100PE.BFO.csv
2025-10-27 13:44:42,564 [INFO] [root] [MainThread]: Started processing: BFO\BFO_TICK_03012025\BFO_TICK_03012025\SENSEX03JAN2577200PE.BFO.csv
2025-10-27 13:44:42,698 [INFO] [root] [MainThread]: Successfully processed: BFO\BFO_TICK_03012025\BFO_TICK_03012025\SENSEX03JAN2577200PE.BFO.csv
2025-10-27 13:44:42,698 [INFO] [root] [MainThread]: Started processing: BFO\BFO_TICK_03012025\BFO_TICK_03012025\SENSEX03JAN2577300PE.BFO.csv
2025-10-27 13:44:42,849 [INFO] [root] [MainThread]: Successfully processed: BFO\BFO_TICK_03012025\BFO_TICK_03012025\SENSEX03JAN2577300PE.BFO.csv
2025-10-27 13:44:42,849 [INFO] [root] [MainThread]: Started processing: BFO\BFO_TICK_03012025\BFO_TICK_03012025\SENSEX03JAN2577400PE.BFO.csv
2025-10-27 13:44:43,017 [INFO] [root] [MainThread]: Successfully processed: BFO\BFO_TICK_03012025\BFO_TICK_03012025\SENSEX03JAN2577400PE.BFO.csv
2025-10-27 13:44:43,017 [INFO] [root] [MainThread]: Started processing: BFO\BFO_TICK_03012025\BFO_TICK_03012025\SENSEX03JAN2577500PE.BFO.csv
2025-10-27 13:44:43,218 [INFO] [root] [MainThread]: Successfully processed: BFO\BFO_TICK_03012025\BFO_TICK_03012025\SENSEX03JAN2577500PE.BFO.csv
2025-10-27 13:44:43,218 [INFO] [root] [MainThread]: Started processing: BFO\BFO_TICK_03012025\BFO_TICK_03012025\SENSEX03JAN2577600PE.BFO.csv
2025-10-27 13:44:43,390 [INFO] [root] [MainThread]: Successfully processed: BFO\BFO_TICK_03012025\BFO_TICK_03012025\SENSEX03JAN2577600PE.BFO.csv
2025-10-27 13:44:43,391 [INFO] [root] [MainThread]: Started processing: BFO\BFO_TICK_03012025\BFO_TICK_03012025\SENSEX03JAN2577700PE.BFO.csv
2025-10-27 13:44:43,581 [INFO] [root] [MainThread]: Successfully processed: BFO\BFO_TICK_03012025\BFO_TICK_03012025\SENSEX03JAN2577700PE.BFO.csv
2025-10-27 13:44:43,582 [INFO] [root] [MainThread]: Started processing: BFO\BFO_TICK_03012025\BFO_TICK_03012025\SENSEX03JAN2577800PE.BFO.csv
2025-10-27 13:44:43,837 [INFO] [root] [MainThread]: Successfully processed: BFO\BFO_TICK_03012025\BFO_TICK_03012025\SENSEX03JAN2577800PE.BFO.csv
2025-10-27 13:44:43,837 [INFO] [root] [MainThread]: Started processing: BFO\BFO_TICK_03012025\BFO_TICK_03012025\SENSEX03JAN2577900PE.BFO.csv
2025-10-27 13:44:44,107 [INFO] [root] [MainThread]: Successfully processed: BFO\BFO_TICK_03012025\BFO_TICK_03012025\SENSEX03JAN2577900PE.BFO.csv
2025-10-27 13:44:44,107 [INFO] [root] [MainThread]: Started processing: BFO\BFO_TICK_03012025\BFO_TICK_03012025\SENSEX03JAN2578000PE.BFO.csv
2025-10-27 13:44:44,448 [INFO] [root] [MainThread]: Successfully processed: BFO\BFO_TICK_03012025\BFO_TICK_03012025\SENSEX03JAN2578000PE.BFO.csv
2025-10-27 13:44:44,448 [INFO] [root] [MainThread]: Started processing: BFO\BFO_TICK_03012025\BFO_TICK_03012025\SENSEX03JAN2578100PE.BFO.csv
2025-10-27 13:44:44,790 [INFO] [root] [MainThread]: Successfully processed: BFO\BFO_TICK_03012025\BFO_TICK_03012025\SENSEX03JAN2578100PE.BFO.csv
2025-10-27 13:44:44,790 [INFO] [root] [MainThread]: Started processing: BFO\BFO_TICK_03012025\BFO_TICK_03012025\SENSEX03JAN2578200PE.BFO.csv
2025-10-27 13:44:45,159 [INFO] [root] [MainThread]: Successfully processed: BFO\BFO_TICK_03012025\BFO_TICK_03012025\SENSEX03JAN2578200PE.BFO.csv
2025-10-27 13:44:45,159 [INFO] [root] [MainThread]: Started processing: BFO\BFO_TICK_03012025\BFO_TICK_03012025\SENSEX03JAN2578300PE.BFO.csv
2025-10-27 13:44:45,469 [INFO] [root] [MainThread]: Successfully processed: BFO\BFO_TICK_03012025\BFO_TICK_03012025\SENSEX03JAN2578300PE.BFO.csv
2025-10-27 13:44:45,469 [INFO] [root] [MainThread]: Started processing: BFO\BFO_TICK_03012025\BFO_TICK_03012025\SENSEX03JAN2578400PE.BFO.csv
2025-10-27 13:44:45,759 [INFO] [root] [MainThread]: Successfully processed: BFO\BFO_TICK_03012025\BFO_TICK_03012025\SENSEX03JAN2578400PE.BFO.csv
2025-10-27 13:44:45,759 [INFO] [root] [MainThread]: Started processing: BFO\BFO_TICK_03012025\BFO_TICK_03012025\SENSEX03JAN2578500PE.BFO.csv
2025-10-27 13:44:46,026 [INFO] [root] [MainThread]: Successfully processed: BFO\BFO_TICK_03012025\BFO_TICK_03012025\SENSEX03JAN2578500PE.BFO.csv
2025-10-27 13:44:46,026 [INFO] [root] [MainThread]: Started processing: BFO\BFO_TICK_03012025\BFO_TICK_03012025\SENSEX03JAN2578600PE.BFO.csv
2025-10-27 13:44:46,260 [INFO] [root] [MainThread]: Successfully processed: BFO\BFO_TICK_03012025\BFO_TICK_03012025\SENSEX03JAN2578600PE.BFO.csv
2025-10-27 13:44:46,260 [INFO] [root] [MainThread]: Started processing: BFO\BFO_TICK_03012025\BFO_TICK_03012025\SENSEX03JAN2578700PE.BFO.csv
2025-10-27 13:44:46,524 [INFO] [root] [MainThread]: Successfully processed: BFO\BFO_TICK_03012025\BFO_TICK_03012025\SENSEX03JAN2578700PE.BFO.csv
2025-10-27 13:44:46,524 [INFO] [root] [MainThread]: Started processing: BFO\BFO_TICK_03012025\BFO_TICK_03012025\SENSEX03JAN2578800PE.BFO.csv
2025-10-27 13:44:46,805 [INFO] [root] [MainThread]: Successfully processed: BFO\BFO_TICK_03012025\BFO_TICK_03012025\SENSEX03JAN2578800PE.BFO.csv
2025-10-27 13:44:46,806 [INFO] [root] [MainThread]: Started processing: BFO\BFO_TICK_03012025\BFO_TICK_03012025\SENSEX03JAN2578900PE.BFO.csv
2025-10-27 13:44:47,085 [INFO] [root] [MainThread]: Successfully processed: BFO\BFO_TICK_03012025\BFO_TICK_03012025\SENSEX03JAN2578900PE.BFO.csv
2025-10-27 13:44:47,086 [INFO] [root] [MainThread]: Started processing: BFO\BFO_TICK_03012025\BFO_TICK_03012025\SENSEX03JAN2579000PE.BFO.csv
2025-10-27 13:44:47,378 [INFO] [root] [MainThread]: Successfully processed: BFO\BFO_TICK_03012025\BFO_TICK_03012025\SENSEX03JAN2579000PE.BFO.csv
2025-10-27 13:44:47,379 [INFO] [root] [MainThread]: Started processing: BFO\BFO_TICK_03012025\BFO_TICK_03012025\SENSEX03JAN2579100PE.BFO.csv
2025-10-27 13:44:47,664 [INFO] [root] [MainThread]: Successfully processed: BFO\BFO_TICK_03012025\BFO_TICK_03012025\SENSEX03JAN2579100PE.BFO.csv
2025-10-27 13:44:47,664 [INFO] [root] [MainThread]: Started processing: BFO\BFO_TICK_03012025\BFO_TICK_03012025\SENSEX03JAN2579200PE.BFO.csv
2025-10-27 13:44:48,046 [INFO] [root] [MainThread]: Successfully processed: BFO\BFO_TICK_03012025\BFO_TICK_03012025\SENSEX03JAN2579200PE.BFO.csv
2025-10-27 13:44:48,046 [INFO] [root] [MainThread]: Started processing: BFO\BFO_TICK_03012025\BFO_TICK_03012025\SENSEX03JAN2579300PE.BFO.csv
2025-10-27 13:44:48,403 [INFO] [root] [MainThread]: Successfully processed: BFO\BFO_TICK_03012025\BFO_TICK_03012025\SENSEX03JAN2579300PE.BFO.csv
2025-10-27 13:44:48,404 [INFO] [root] [MainThread]: Started processing: BFO\BFO_TICK_03012025\BFO_TICK_03012025\SENSEX03JAN2579400PE.BFO.csv
2025-10-27 13:44:48,821 [INFO] [root] [MainThread]: Successfully processed: BFO\BFO_TICK_03012025\BFO_TICK_03012025\SENSEX03JAN2579400PE.BFO.csv
2025-10-27 13:44:48,822 [INFO] [root] [MainThread]: Started processing: BFO\BFO_TICK_03012025\BFO_TICK_03012025\SENSEX03JAN2579500PE.BFO.csv
2025-10-27 13:44:49,175 [INFO] [root] [MainThread]: Successfully processed: BFO\BFO_TICK_03012025\BFO_TICK_03012025\SENSEX03JAN2579500PE.BFO.csv
2025-10-27 13:44:49,175 [INFO] [root] [MainThread]: Started processing: BFO\BFO_TICK_03012025\BFO_TICK_03012025\SENSEX03JAN2579600PE.BFO.csv
2025-10-27 13:44:49,496 [INFO] [root] [MainThread]: Successfully processed: BFO\BFO_TICK_03012025\BFO_TICK_03012025\SENSEX03JAN2579600PE.BFO.csv
2025-10-27 13:44:49,497 [INFO] [root] [MainThread]: Started processing: BFO\BFO_TICK_03012025\BFO_TICK_03012025\SENSEX03JAN2579700PE.BFO.csv
2025-10-27 13:44:49,826 [INFO] [root] [MainThread]: Successfully processed: BFO\BFO_TICK_03012025\BFO_TICK_03012025\SENSEX03JAN2579700PE.BFO.csv
2025-10-27 13:44:49,826 [INFO] [root] [MainThread]: Started processing: BFO\BFO_TICK_03012025\BFO_TICK_03012025\SENSEX03JAN2579800PE.BFO.csv
2025-10-27 13:44:50,059 [INFO] [root] [MainThread]: Successfully processed: BFO\BFO_TICK_03012025\BFO_TICK_03012025\SENSEX03JAN2579800PE.BFO.csv
2025-10-27 13:44:50,059 [INFO] [root] [MainThread]: Started processing: BFO\BFO_TICK_03012025\BFO_TICK_03012025\SENSEX03JAN2579900PE.BFO.csv
2025-10-27 13:44:50,273 [INFO] [root] [MainThread]: Successfully processed: BFO\BFO_TICK_03012025\BFO_TICK_03012025\SENSEX03JAN2579900PE.BFO.csv
2025-10-27 13:44:50,273 [INFO] [root] [MainThread]: Started processing: BFO\BFO_TICK_03012025\BFO_TICK_03012025\SENSEX03JAN2580000PE.BFO.csv
2025-10-27 13:44:50,491 [INFO] [root] [MainThread]: Successfully processed: BFO\BFO_TICK_03012025\BFO_TICK_03012025\SENSEX03JAN2580000PE.BFO.csv
2025-10-27 13:44:50,491 [INFO] [root] [MainThread]: Started processing: BFO\BFO_TICK_03012025\BFO_TICK_03012025\SENSEX03JAN2580100PE.BFO.csv
2025-10-27 13:44:50,625 [INFO] [root] [MainThread]: Successfully processed: BFO\BFO_TICK_03012025\BFO_TICK_03012025\SENSEX03JAN2580100PE.BFO.csv
2025-10-27 13:44:50,625 [INFO] [root] [MainThread]: Started processing: BFO\BFO_TICK_03012025\BFO_TICK_03012025\SENSEX03JAN2580200PE.BFO.csv
2025-10-27 13:44:50,726 [INFO] [root] [MainThread]: Successfully processed: BFO\BFO_TICK_03012025\BFO_TICK_03012025\SENSEX03JAN2580200PE.BFO.csv
2025-10-27 13:44:50,726 [INFO] [root] [MainThread]: Started processing: BFO\BFO_TICK_03012025\BFO_TICK_03012025\SENSEX03JAN2580300PE.BFO.csv
2025-10-27 13:44:50,823 [INFO] [root] [MainThread]: Successfully processed: BFO\BFO_TICK_03012025\BFO_TICK_03012025\SENSEX03JAN2580300PE.BFO.csv
2025-10-27 13:44:50,823 [INFO] [root] [MainThread]: Started processing: BFO\BFO_TICK_03012025\BFO_TICK_03012025\SENSEX03JAN2580400PE.BFO.csv
2025-10-27 13:44:50,888 [INFO] [root] [MainThread]: Successfully processed: BFO\BFO_TICK_03012025\BFO_TICK_03012025\SENSEX03JAN2580400PE.BFO.csv
2025-10-27 13:44:50,889 [INFO] [root] [MainThread]: Started processing: BFO\BFO_TICK_03012025\BFO_TICK_03012025\SENSEX03JAN2580500PE.BFO.csv
2025-10-27 13:44:50,957 [INFO] [root] [MainThread]: Successfully processed: BFO\BFO_TICK_03012025\BFO_TICK_03012025\SENSEX03JAN2580500PE.BFO.csv
2025-10-27 13:44:50,957 [INFO] [root] [MainThread]: Started processing: BFO\BFO_TICK_03012025\BFO_TICK_03012025\SENSEX03JAN2580600PE.BFO.csv
2025-10-27 13:44:51,006 [INFO] [root] [MainThread]: Successfully processed: BFO\BFO_TICK_03012025\BFO_TICK_03012025\SENSEX03JAN2580600PE.BFO.csv
2025-10-27 13:44:51,006 [INFO] [root] [MainThread]: Started processing: BFO\BFO_TICK_03012025\BFO_TICK_03012025\SENSEX03JAN2580700PE.BFO.csv
2025-10-27 13:44:51,061 [INFO] [root] [MainThread]: Successfully processed: BFO\BFO_TICK_03012025\BFO_TICK_03012025\SENSEX03JAN2580700PE.BFO.csv
2025-10-27 13:44:51,061 [INFO] [root] [MainThread]: Started processing: BFO\BFO_TICK_03012025\BFO_TICK_03012025\SENSEX03JAN2580800PE.BFO.csv
2025-10-27 13:44:51,104 [INFO] [root] [MainThread]: Successfully processed: BFO\BFO_TICK_03012025\BFO_TICK_03012025\SENSEX03JAN2580800PE.BFO.csv
2025-10-27 13:44:51,104 [INFO] [root] [MainThread]: Started processing: BFO\BFO_TICK_03012025\BFO_TICK_03012025\SENSEX03JAN2580900PE.BFO.csv
2025-10-27 13:44:51,143 [INFO] [root] [MainThread]: Successfully processed: BFO\BFO_TICK_03012025\BFO_TICK_03012025\SENSEX03JAN2580900PE.BFO.csv
2025-10-27 13:44:51,144 [INFO] [root] [MainThread]: Started processing: BFO\BFO_TICK_03012025\BFO_TICK_03012025\SENSEX03JAN2581000PE.BFO.csv
2025-10-27 13:44:51,187 [INFO] [root] [MainThread]: Successfully processed: BFO\BFO_TICK_03012025\BFO_TICK_03012025\SENSEX03JAN2581000PE.BFO.csv
2025-10-27 13:44:51,188 [INFO] [root] [MainThread]: Started processing: BFO\BFO_TICK_03012025\BFO_TICK_03012025\SENSEX03JAN2581100PE.BFO.csv
2025-10-27 13:44:51,217 [INFO] [root] [MainThread]: Successfully processed: BFO\BFO_TICK_03012025\BFO_TICK_03012025\SENSEX03JAN2581100PE.BFO.csv
2025-10-27 13:44:51,217 [INFO] [root] [MainThread]: Started processing: BFO\BFO_TICK_03012025\BFO_TICK_03012025\SENSEX03JAN2581200PE.BFO.csv
2025-10-27 13:44:51,250 [INFO] [root] [MainThread]: Successfully processed: BFO\BFO_TICK_03012025\BFO_TICK_03012025\SENSEX03JAN2581200PE.BFO.csv
2025-10-27 13:44:51,250 [INFO] [root] [MainThread]: Started processing: BFO\BFO_TICK_03012025\BFO_TICK_03012025\SENSEX03JAN2581300PE.BFO.csv
2025-10-27 13:44:51,281 [INFO] [root] [MainThread]: Successfully processed: BFO\BFO_TICK_03012025\BFO_TICK_03012025\SENSEX03JAN2581300PE.BFO.csv
2025-10-27 13:44:51,281 [INFO] [root] [MainThread]: Started processing: BFO\BFO_TICK_03012025\BFO_TICK_03012025\SENSEX03JAN2581400PE.BFO.csv
2025-10-27 13:44:51,309 [INFO] [root] [MainThread]: Successfully processed: BFO\BFO_TICK_03012025\BFO_TICK_03012025\SENSEX03JAN2581400PE.BFO.csv
2025-10-27 13:44:51,310 [INFO] [root] [MainThread]: Started processing: BFO\BFO_TICK_03012025\BFO_TICK_03012025\SENSEX03JAN2581500PE.BFO.csv
2025-10-27 13:44:51,344 [INFO] [root] [MainThread]: Successfully processed: BFO\BFO_TICK_03012025\BFO_TICK_03012025\SENSEX03JAN2581500PE.BFO.csv
2025-10-27 13:44:51,344 [INFO] [root] [MainThread]: Started processing: BFO\BFO_TICK_03012025\BFO_TICK_03012025\SENSEX03JAN2581700PE.BFO.csv
2025-10-27 13:44:51,378 [INFO] [root] [MainThread]: Successfully processed: BFO\BFO_TICK_03012025\BFO_TICK_03012025\SENSEX03JAN2581700PE.BFO.csv
2025-10-27 13:44:51,378 [INFO] [root] [MainThread]: Started processing: BFO\BFO_TICK_03012025\BFO_TICK_03012025\SENSEX03JAN2581900PE.BFO.csv
2025-10-27 13:44:51,407 [INFO] [root] [MainThread]: Successfully processed: BFO\BFO_TICK_03012025\BFO_TICK_03012025\SENSEX03JAN2581900PE.BFO.csv
2025-10-27 13:44:51,407 [INFO] [root] [MainThread]: Started processing: BFO\BFO_TICK_03012025\BFO_TICK_03012025\SENSEX03JAN2582000PE.BFO.csv
2025-10-27 13:44:51,443 [INFO] [root] [MainThread]: Successfully processed: BFO\BFO_TICK_03012025\BFO_TICK_03012025\SENSEX03JAN2582000PE.BFO.csv
2025-10-27 13:44:51,443 [INFO] [root] [MainThread]: Started processing: BFO\BFO_TICK_03012025\BFO_TICK_03012025\SENSEX03JAN2582100PE.BFO.csv
2025-10-27 13:44:51,475 [INFO] [root] [MainThread]: Successfully processed: BFO\BFO_TICK_03012025\BFO_TICK_03012025\SENSEX03JAN2582100PE.BFO.csv
2025-10-27 13:44:51,475 [INFO] [root] [MainThread]: Started processing: BFO\BFO_TICK_03012025\BFO_TICK_03012025\SENSEX03JAN2583900PE.BFO.csv
2025-10-27 13:44:51,506 [INFO] [root] [MainThread]: Successfully processed: BFO\BFO_TICK_03012025\BFO_TICK_03012025\SENSEX03JAN2583900PE.BFO.csv
2025-10-27 13:44:51,506 [INFO] [root] [MainThread]: Started processing: BFO\BFO_TICK_03012025\BFO_TICK_03012025\SENSEX03JAN2584000PE.BFO.csv
2025-10-27 13:44:51,532 [INFO] [root] [MainThread]: Successfully processed: BFO\BFO_TICK_03012025\BFO_TICK_03012025\SENSEX03JAN2584000PE.BFO.csv
2025-10-27 13:44:51,533 [INFO] [root] [MainThread]: Started processing: BFO\BFO_TICK_03012025\BFO_TICK_03012025\SENSEX07JAN2574000PE.BFO.csv
2025-10-27 13:44:51,573 [INFO] [root] [MainThread]: Successfully processed: BFO\BFO_TICK_03012025\BFO_TICK_03012025\SENSEX07JAN2574000PE.BFO.csv
2025-10-27 13:44:51,573 [INFO] [root] [MainThread]: Started processing: BFO\BFO_TICK_03012025\BFO_TICK_03012025\SENSEX07JAN2574100PE.BFO.csv
2025-10-27 13:44:51,621 [INFO] [root] [MainThread]: Successfully processed: BFO\BFO_TICK_03012025\BFO_TICK_03012025\SENSEX07JAN2574100PE.BFO.csv
2025-10-27 13:44:51,622 [INFO] [root] [MainThread]: Started processing: BFO\BFO_TICK_03012025\BFO_TICK_03012025\SENSEX07JAN2574300PE.BFO.csv
2025-10-27 13:44:51,671 [INFO] [root] [MainThread]: Successfully processed: BFO\BFO_TICK_03012025\BFO_TICK_03012025\SENSEX07JAN2574300PE.BFO.csv
2025-10-27 13:44:51,671 [INFO] [root] [MainThread]: Started processing: BFO\BFO_TICK_03012025\BFO_TICK_03012025\SENSEX07JAN2574500PE.BFO.csv
2025-10-27 13:44:51,717 [INFO] [root] [MainThread]: Successfully processed: BFO\BFO_TICK_03012025\BFO_TICK_03012025\SENSEX07JAN2574500PE.BFO.csv
2025-10-27 13:44:51,717 [INFO] [root] [MainThread]: Started processing: BFO\BFO_TICK_03012025\BFO_TICK_03012025\SENSEX07JAN2574800PE.BFO.csv
2025-10-27 13:44:51,754 [INFO] [root] [MainThread]: Successfully processed: BFO\BFO_TICK_03012025\BFO_TICK_03012025\SENSEX07JAN2574800PE.BFO.csv
2025-10-27 13:44:51,754 [INFO] [root] [MainThread]: Started processing: BFO\BFO_TICK_03012025\BFO_TICK_03012025\SENSEX07JAN2575000PE.BFO.csv
2025-10-27 13:44:51,810 [INFO] [root] [MainThread]: Successfully processed: BFO\BFO_TICK_03012025\BFO_TICK_03012025\SENSEX07JAN2575000PE.BFO.csv
2025-10-27 13:44:51,810 [INFO] [root] [MainThread]: Started processing: BFO\BFO_TICK_03012025\BFO_TICK_03012025\SENSEX07JAN2575500PE.BFO.csv
2025-10-27 13:44:51,838 [INFO] [root] [MainThread]: Successfully processed: BFO\BFO_TICK_03012025\BFO_TICK_03012025\SENSEX07JAN2575500PE.BFO.csv
2025-10-27 13:44:51,839 [INFO] [root] [MainThread]: Started processing: BFO\BFO_TICK_03012025\BFO_TICK_03012025\SENSEX07JAN2575800PE.BFO.csv
2025-10-27 13:44:51,858 [INFO] [root] [MainThread]: Successfully processed: BFO\BFO_TICK_03012025\BFO_TICK_03012025\SENSEX07JAN2575800PE.BFO.csv
2025-10-27 13:44:51,858 [INFO] [root] [MainThread]: Started processing: BFO\BFO_TICK_03012025\BFO_TICK_03012025\SENSEX07JAN2575900PE.BFO.csv
2025-10-27 13:44:51,893 [INFO] [root] [MainThread]: Successfully processed: BFO\BFO_TICK_03012025\BFO_TICK_03012025\SENSEX07JAN2575900PE.BFO.csv
2025-10-27 13:44:51,893 [INFO] [root] [MainThread]: Started processing: BFO\BFO_TICK_03012025\BFO_TICK_03012025\SENSEX07JAN2576000PE.BFO.csv
2025-10-27 13:44:51,945 [INFO] [root] [MainThread]: Successfully processed: BFO\BFO_TICK_03012025\BFO_TICK_03012025\SENSEX07JAN2576000PE.BFO.csv
2025-10-27 13:44:51,946 [INFO] [root] [MainThread]: Processed 100/171 files...
2025-10-27 13:44:51,946 [INFO] [root] [MainThread]: Started processing: BFO\BFO_TICK_03012025\BFO_TICK_03012025\SENSEX07JAN2576200PE.BFO.csv
2025-10-27 13:44:51,990 [INFO] [root] [MainThread]: Successfully processed: BFO\BFO_TICK_03012025\BFO_TICK_03012025\SENSEX07JAN2576200PE.BFO.csv
2025-10-27 13:44:51,990 [INFO] [root] [MainThread]: Started processing: BFO\BFO_TICK_03012025\BFO_TICK_03012025\SENSEX07JAN2576300PE.BFO.csv
2025-10-27 13:44:52,038 [INFO] [root] [MainThread]: Successfully processed: BFO\BFO_TICK_03012025\BFO_TICK_03012025\SENSEX07JAN2576300PE.BFO.csv
2025-10-27 13:44:52,038 [INFO] [root] [MainThread]: Started processing: BFO\BFO_TICK_03012025\BFO_TICK_03012025\SENSEX07JAN2576400PE.BFO.csv
2025-10-27 13:44:52,076 [INFO] [root] [MainThread]: Successfully processed: BFO\BFO_TICK_03012025\BFO_TICK_03012025\SENSEX07JAN2576400PE.BFO.csv
2025-10-27 13:44:52,077 [INFO] [root] [MainThread]: Started processing: BFO\BFO_TICK_03012025\BFO_TICK_03012025\SENSEX07JAN2576500PE.BFO.csv
2025-10-27 13:44:52,158 [INFO] [root] [MainThread]: Successfully processed: BFO\BFO_TICK_03012025\BFO_TICK_03012025\SENSEX07JAN2576500PE.BFO.csv
2025-10-27 13:44:52,158 [INFO] [root] [MainThread]: Started processing: BFO\BFO_TICK_03012025\BFO_TICK_03012025\SENSEX07JAN2576600PE.BFO.csv
2025-10-27 13:44:52,207 [INFO] [root] [MainThread]: Successfully processed: BFO\BFO_TICK_03012025\BFO_TICK_03012025\SENSEX07JAN2576600PE.BFO.csv
2025-10-27 13:44:52,207 [INFO] [root] [MainThread]: Started processing: BFO\BFO_TICK_03012025\BFO_TICK_03012025\SENSEX07JAN2576700PE.BFO.csv
2025-10-27 13:44:52,254 [INFO] [root] [MainThread]: Successfully processed: BFO\BFO_TICK_03012025\BFO_TICK_03012025\SENSEX07JAN2576700PE.BFO.csv
2025-10-27 13:44:52,255 [INFO] [root] [MainThread]: Started processing: BFO\BFO_TICK_03012025\BFO_TICK_03012025\SENSEX07JAN2576800PE.BFO.csv
2025-10-27 13:44:52,306 [INFO] [root] [MainThread]: Successfully processed: BFO\BFO_TICK_03012025\BFO_TICK_03012025\SENSEX07JAN2576800PE.BFO.csv
2025-10-27 13:44:52,306 [INFO] [root] [MainThread]: Started processing: BFO\BFO_TICK_03012025\BFO_TICK_03012025\SENSEX07JAN2576900PE.BFO.csv
2025-10-27 13:44:52,355 [INFO] [root] [MainThread]: Successfully processed: BFO\BFO_TICK_03012025\BFO_TICK_03012025\SENSEX07JAN2576900PE.BFO.csv
2025-10-27 13:44:52,356 [INFO] [root] [MainThread]: Started processing: BFO\BFO_TICK_03012025\BFO_TICK_03012025\SENSEX07JAN2577000PE.BFO.csv
2025-10-27 13:44:52,442 [INFO] [root] [MainThread]: Successfully processed: BFO\BFO_TICK_03012025\BFO_TICK_03012025\SENSEX07JAN2577000PE.BFO.csv
2025-10-27 13:44:52,442 [INFO] [root] [MainThread]: Started processing: BFO\BFO_TICK_03012025\BFO_TICK_03012025\SENSEX07JAN2577100PE.BFO.csv
2025-10-27 13:44:52,495 [INFO] [root] [MainThread]: Successfully processed: BFO\BFO_TICK_03012025\BFO_TICK_03012025\SENSEX07JAN2577100PE.BFO.csv
2025-10-27 13:44:52,495 [INFO] [root] [MainThread]: Started processing: BFO\BFO_TICK_03012025\BFO_TICK_03012025\SENSEX07JAN2577200PE.BFO.csv
2025-10-27 13:44:52,545 [INFO] [root] [MainThread]: Successfully processed: BFO\BFO_TICK_03012025\BFO_TICK_03012025\SENSEX07JAN2577200PE.BFO.csv
2025-10-27 13:44:52,546 [INFO] [root] [MainThread]: Started processing: BFO\BFO_TICK_03012025\BFO_TICK_03012025\SENSEX07JAN2577300PE.BFO.csv
2025-10-27 13:44:52,605 [INFO] [root] [MainThread]: Successfully processed: BFO\BFO_TICK_03012025\BFO_TICK_03012025\SENSEX07JAN2577300PE.BFO.csv
2025-10-27 13:44:52,605 [INFO] [root] [MainThread]: Started processing: BFO\BFO_TICK_03012025\BFO_TICK_03012025\SENSEX07JAN2577400PE.BFO.csv
2025-10-27 13:44:52,657 [INFO] [root] [MainThread]: Successfully processed: BFO\BFO_TICK_03012025\BFO_TICK_03012025\SENSEX07JAN2577400PE.BFO.csv
2025-10-27 13:44:52,658 [INFO] [root] [MainThread]: Started processing: BFO\BFO_TICK_03012025\BFO_TICK_03012025\SENSEX07JAN2577500PE.BFO.csv
2025-10-27 13:44:52,779 [INFO] [root] [MainThread]: Successfully processed: BFO\BFO_TICK_03012025\BFO_TICK_03012025\SENSEX07JAN2577500PE.BFO.csv
2025-10-27 13:44:52,779 [INFO] [root] [MainThread]: Started processing: BFO\BFO_TICK_03012025\BFO_TICK_03012025\SENSEX07JAN2577600PE.BFO.csv
2025-10-27 13:44:52,844 [INFO] [root] [MainThread]: Successfully processed: BFO\BFO_TICK_03012025\BFO_TICK_03012025\SENSEX07JAN2577600PE.BFO.csv
2025-10-27 13:44:52,844 [INFO] [root] [MainThread]: Started processing: BFO\BFO_TICK_03012025\BFO_TICK_03012025\SENSEX07JAN2577700PE.BFO.csv
2025-10-27 13:44:52,911 [INFO] [root] [MainThread]: Successfully processed: BFO\BFO_TICK_03012025\BFO_TICK_03012025\SENSEX07JAN2577700PE.BFO.csv
2025-10-27 13:44:52,912 [INFO] [root] [MainThread]: Started processing: BFO\BFO_TICK_03012025\BFO_TICK_03012025\SENSEX07JAN2577800PE.BFO.csv
2025-10-27 13:44:52,973 [INFO] [root] [MainThread]: Successfully processed: BFO\BFO_TICK_03012025\BFO_TICK_03012025\SENSEX07JAN2577800PE.BFO.csv
2025-10-27 13:44:52,973 [INFO] [root] [MainThread]: Started processing: BFO\BFO_TICK_03012025\BFO_TICK_03012025\SENSEX07JAN2577900PE.BFO.csv
2025-10-27 13:44:53,036 [INFO] [root] [MainThread]: Successfully processed: BFO\BFO_TICK_03012025\BFO_TICK_03012025\SENSEX07JAN2577900PE.BFO.csv
2025-10-27 13:44:53,036 [INFO] [root] [MainThread]: Started processing: BFO\BFO_TICK_03012025\BFO_TICK_03012025\SENSEX07JAN2578000PE.BFO.csv
2025-10-27 13:44:53,145 [INFO] [root] [MainThread]: Successfully processed: BFO\BFO_TICK_03012025\BFO_TICK_03012025\SENSEX07JAN2578000PE.BFO.csv
2025-10-27 13:44:53,145 [INFO] [root] [MainThread]: Started processing: BFO\BFO_TICK_03012025\BFO_TICK_03012025\SENSEX07JAN2578100PE.BFO.csv
2025-10-27 13:44:53,205 [INFO] [root] [MainThread]: Successfully processed: BFO\BFO_TICK_03012025\BFO_TICK_03012025\SENSEX07JAN2578100PE.BFO.csv
2025-10-27 13:44:53,206 [INFO] [root] [MainThread]: Started processing: BFO\BFO_TICK_03012025\BFO_TICK_03012025\SENSEX07JAN2578200PE.BFO.csv
2025-10-27 13:44:53,277 [INFO] [root] [MainThread]: Successfully processed: BFO\BFO_TICK_03012025\BFO_TICK_03012025\SENSEX07JAN2578200PE.BFO.csv
2025-10-27 13:44:53,277 [INFO] [root] [MainThread]: Started processing: BFO\BFO_TICK_03012025\BFO_TICK_03012025\SENSEX07JAN2578300PE.BFO.csv
2025-10-27 13:44:53,351 [INFO] [root] [MainThread]: Successfully processed: BFO\BFO_TICK_03012025\BFO_TICK_03012025\SENSEX07JAN2578300PE.BFO.csv
2025-10-27 13:44:53,352 [INFO] [root] [MainThread]: Started processing: BFO\BFO_TICK_03012025\BFO_TICK_03012025\SENSEX07JAN2578400PE.BFO.csv
2025-10-27 13:44:53,408 [INFO] [root] [MainThread]: Successfully processed: BFO\BFO_TICK_03012025\BFO_TICK_03012025\SENSEX07JAN2578400PE.BFO.csv
2025-10-27 13:44:53,408 [INFO] [root] [MainThread]: Started processing: BFO\BFO_TICK_03012025\BFO_TICK_03012025\SENSEX07JAN2578500PE.BFO.csv
2025-10-27 13:44:53,512 [INFO] [root] [MainThread]: Successfully processed: BFO\BFO_TICK_03012025\BFO_TICK_03012025\SENSEX07JAN2578500PE.BFO.csv
2025-10-27 13:44:53,513 [INFO] [root] [MainThread]: Started processing: BFO\BFO_TICK_03012025\BFO_TICK_03012025\SENSEX07JAN2578600PE.BFO.csv
2025-10-27 13:44:53,586 [INFO] [root] [MainThread]: Successfully processed: BFO\BFO_TICK_03012025\BFO_TICK_03012025\SENSEX07JAN2578600PE.BFO.csv
2025-10-27 13:44:53,587 [INFO] [root] [MainThread]: Started processing: BFO\BFO_TICK_03012025\BFO_TICK_03012025\SENSEX07JAN2578700PE.BFO.csv
2025-10-27 13:44:53,651 [INFO] [root] [MainThread]: Successfully processed: BFO\BFO_TICK_03012025\BFO_TICK_03012025\SENSEX07JAN2578700PE.BFO.csv
2025-10-27 13:44:53,651 [INFO] [root] [MainThread]: Started processing: BFO\BFO_TICK_03012025\BFO_TICK_03012025\SENSEX07JAN2578800PE.BFO.csv
2025-10-27 13:44:53,719 [INFO] [root] [MainThread]: Successfully processed: BFO\BFO_TICK_03012025\BFO_TICK_03012025\SENSEX07JAN2578800PE.BFO.csv
2025-10-27 13:44:53,719 [INFO] [root] [MainThread]: Started processing: BFO\BFO_TICK_03012025\BFO_TICK_03012025\SENSEX07JAN2578900PE.BFO.csv
2025-10-27 13:44:53,775 [INFO] [root] [MainThread]: Successfully processed: BFO\BFO_TICK_03012025\BFO_TICK_03012025\SENSEX07JAN2578900PE.BFO.csv
2025-10-27 13:44:53,775 [INFO] [root] [MainThread]: Started processing: BFO\BFO_TICK_03012025\BFO_TICK_03012025\SENSEX07JAN2579000PE.BFO.csv
2025-10-27 13:44:53,878 [INFO] [root] [MainThread]: Successfully processed: BFO\BFO_TICK_03012025\BFO_TICK_03012025\SENSEX07JAN2579000PE.BFO.csv
2025-10-27 13:44:53,879 [INFO] [root] [MainThread]: Started processing: BFO\BFO_TICK_03012025\BFO_TICK_03012025\SENSEX07JAN2579100PE.BFO.csv
2025-10-27 13:44:53,937 [INFO] [root] [MainThread]: Successfully processed: BFO\BFO_TICK_03012025\BFO_TICK_03012025\SENSEX07JAN2579100PE.BFO.csv
2025-10-27 13:44:53,937 [INFO] [root] [MainThread]: Started processing: BFO\BFO_TICK_03012025\BFO_TICK_03012025\SENSEX07JAN2579200PE.BFO.csv
2025-10-27 13:44:54,005 [INFO] [root] [MainThread]: Successfully processed: BFO\BFO_TICK_03012025\BFO_TICK_03012025\SENSEX07JAN2579200PE.BFO.csv
2025-10-27 13:44:54,005 [INFO] [root] [MainThread]: Started processing: BFO\BFO_TICK_03012025\BFO_TICK_03012025\SENSEX07JAN2579300PE.BFO.csv
2025-10-27 13:44:54,103 [INFO] [root] [MainThread]: Successfully processed: BFO\BFO_TICK_03012025\BFO_TICK_03012025\SENSEX07JAN2579300PE.BFO.csv
2025-10-27 13:44:54,103 [INFO] [root] [MainThread]: Started processing: BFO\BFO_TICK_03012025\BFO_TICK_03012025\SENSEX07JAN2579400PE.BFO.csv
2025-10-27 13:44:54,205 [INFO] [root] [MainThread]: Successfully processed: BFO\BFO_TICK_03012025\BFO_TICK_03012025\SENSEX07JAN2579400PE.BFO.csv
2025-10-27 13:44:54,206 [INFO] [root] [MainThread]: Started processing: BFO\BFO_TICK_03012025\BFO_TICK_03012025\SENSEX07JAN2579500PE.BFO.csv
2025-10-27 13:44:54,340 [INFO] [root] [MainThread]: Successfully processed: BFO\BFO_TICK_03012025\BFO_TICK_03012025\SENSEX07JAN2579500PE.BFO.csv
2025-10-27 13:44:54,340 [INFO] [root] [MainThread]: Started processing: BFO\BFO_TICK_03012025\BFO_TICK_03012025\SENSEX07JAN2579600PE.BFO.csv
2025-10-27 13:44:54,440 [INFO] [root] [MainThread]: Successfully processed: BFO\BFO_TICK_03012025\BFO_TICK_03012025\SENSEX07JAN2579600PE.BFO.csv
2025-10-27 13:44:54,440 [INFO] [root] [MainThread]: Started processing: BFO\BFO_TICK_03012025\BFO_TICK_03012025\SENSEX07JAN2579700PE.BFO.csv
2025-10-27 13:44:54,519 [INFO] [root] [MainThread]: Successfully processed: BFO\BFO_TICK_03012025\BFO_TICK_03012025\SENSEX07JAN2579700PE.BFO.csv
2025-10-27 13:44:54,519 [INFO] [root] [MainThread]: Started processing: BFO\BFO_TICK_03012025\BFO_TICK_03012025\SENSEX07JAN2579800PE.BFO.csv
2025-10-27 13:44:54,589 [INFO] [root] [MainThread]: Successfully processed: BFO\BFO_TICK_03012025\BFO_TICK_03012025\SENSEX07JAN2579800PE.BFO.csv
2025-10-27 13:44:54,589 [INFO] [root] [MainThread]: Started processing: BFO\BFO_TICK_03012025\BFO_TICK_03012025\SENSEX07JAN2579900PE.BFO.csv
2025-10-27 13:44:54,638 [INFO] [root] [MainThread]: Successfully processed: BFO\BFO_TICK_03012025\BFO_TICK_03012025\SENSEX07JAN2579900PE.BFO.csv
2025-10-27 13:44:54,638 [INFO] [root] [MainThread]: Started processing: BFO\BFO_TICK_03012025\BFO_TICK_03012025\SENSEX07JAN2580000PE.BFO.csv
2025-10-27 13:44:54,738 [INFO] [root] [MainThread]: Successfully processed: BFO\BFO_TICK_03012025\BFO_TICK_03012025\SENSEX07JAN2580000PE.BFO.csv
2025-10-27 13:44:54,739 [INFO] [root] [MainThread]: Started processing: BFO\BFO_TICK_03012025\BFO_TICK_03012025\SENSEX07JAN2580100PE.BFO.csv
2025-10-27 13:44:54,779 [INFO] [root] [MainThread]: Successfully processed: BFO\BFO_TICK_03012025\BFO_TICK_03012025\SENSEX07JAN2580100PE.BFO.csv
2025-10-27 13:44:54,779 [INFO] [root] [MainThread]: Started processing: BFO\BFO_TICK_03012025\BFO_TICK_03012025\SENSEX07JAN2580200PE.BFO.csv
2025-10-27 13:44:54,821 [INFO] [root] [MainThread]: Successfully processed: BFO\BFO_TICK_03012025\BFO_TICK_03012025\SENSEX07JAN2580200PE.BFO.csv
2025-10-27 13:44:54,821 [INFO] [root] [MainThread]: Started processing: BFO\BFO_TICK_03012025\BFO_TICK_03012025\SENSEX07JAN2580300PE.BFO.csv
2025-10-27 13:44:54,854 [INFO] [root] [MainThread]: Successfully processed: BFO\BFO_TICK_03012025\BFO_TICK_03012025\SENSEX07JAN2580300PE.BFO.csv
2025-10-27 13:44:54,855 [INFO] [root] [MainThread]: Started processing: BFO\BFO_TICK_03012025\BFO_TICK_03012025\SENSEX07JAN2580400PE.BFO.csv
2025-10-27 13:44:54,889 [INFO] [root] [MainThread]: Successfully processed: BFO\BFO_TICK_03012025\BFO_TICK_03012025\SENSEX07JAN2580400PE.BFO.csv
2025-10-27 13:44:54,890 [INFO] [root] [MainThread]: Started processing: BFO\BFO_TICK_03012025\BFO_TICK_03012025\SENSEX07JAN2580500PE.BFO.csv
2025-10-27 13:44:54,926 [INFO] [root] [MainThread]: Successfully processed: BFO\BFO_TICK_03012025\BFO_TICK_03012025\SENSEX07JAN2580500PE.BFO.csv
2025-10-27 13:44:54,927 [INFO] [root] [MainThread]: Started processing: BFO\BFO_TICK_03012025\BFO_TICK_03012025\SENSEX07JAN2581000PE.BFO.csv
2025-10-27 13:44:54,967 [INFO] [root] [MainThread]: Successfully processed: BFO\BFO_TICK_03012025\BFO_TICK_03012025\SENSEX07JAN2581000PE.BFO.csv
2025-10-27 13:44:54,968 [INFO] [root] [MainThread]: Started processing: BFO\BFO_TICK_03012025\BFO_TICK_03012025\SENSEX07JAN2581500PE.BFO.csv
2025-10-27 13:44:55,001 [INFO] [root] [MainThread]: Successfully processed: BFO\BFO_TICK_03012025\BFO_TICK_03012025\SENSEX07JAN2581500PE.BFO.csv
2025-10-27 13:44:55,001 [INFO] [root] [MainThread]: Started processing: BFO\BFO_TICK_03012025\BFO_TICK_03012025\SENSEX07JAN2582000PE.BFO.csv
2025-10-27 13:44:55,035 [INFO] [root] [MainThread]: Successfully processed: BFO\BFO_TICK_03012025\BFO_TICK_03012025\SENSEX07JAN2582000PE.BFO.csv
2025-10-27 13:44:55,035 [INFO] [root] [MainThread]: Started processing: BFO\BFO_TICK_03012025\BFO_TICK_03012025\SENSEX07JAN2582100PE.BFO.csv
2025-10-27 13:44:55,054 [INFO] [root] [MainThread]: Successfully processed: BFO\BFO_TICK_03012025\BFO_TICK_03012025\SENSEX07JAN2582100PE.BFO.csv
2025-10-27 13:44:55,054 [INFO] [root] [MainThread]: Started processing: BFO\BFO_TICK_03012025\BFO_TICK_03012025\SENSEX14JAN2574000PE.BFO.csv
2025-10-27 13:44:55,087 [INFO] [root] [MainThread]: Successfully processed: BFO\BFO_TICK_03012025\BFO_TICK_03012025\SENSEX14JAN2574000PE.BFO.csv
2025-10-27 13:44:55,087 [INFO] [root] [MainThread]: Started processing: BFO\BFO_TICK_03012025\BFO_TICK_03012025\SENSEX14JAN2577200PE.BFO.csv
2025-10-27 13:44:55,103 [INFO] [root] [MainThread]: Successfully processed: BFO\BFO_TICK_03012025\BFO_TICK_03012025\SENSEX14JAN2577200PE.BFO.csv
2025-10-27 13:44:55,104 [INFO] [root] [MainThread]: Started processing: BFO\BFO_TICK_03012025\BFO_TICK_03012025\SENSEX14JAN2579200PE.BFO.csv
2025-10-27 13:44:55,136 [INFO] [root] [MainThread]: Successfully processed: BFO\BFO_TICK_03012025\BFO_TICK_03012025\SENSEX14JAN2579200PE.BFO.csv
2025-10-27 13:44:55,137 [INFO] [root] [MainThread]: Started processing: BFO\BFO_TICK_03012025\BFO_TICK_03012025\SENSEX14JAN2579500PE.BFO.csv
2025-10-27 13:44:55,171 [INFO] [root] [MainThread]: Successfully processed: BFO\BFO_TICK_03012025\BFO_TICK_03012025\SENSEX14JAN2579500PE.BFO.csv
2025-10-27 13:44:55,172 [INFO] [root] [MainThread]: Started processing: BFO\BFO_TICK_03012025\BFO_TICK_03012025\SENSEX14JAN2579600PE.BFO.csv
2025-10-27 13:44:55,202 [INFO] [root] [MainThread]: Successfully processed: BFO\BFO_TICK_03012025\BFO_TICK_03012025\SENSEX14JAN2579600PE.BFO.csv
2025-10-27 13:44:55,202 [INFO] [root] [MainThread]: Started processing: BFO\BFO_TICK_03012025\BFO_TICK_03012025\SENSEX14JAN2580000PE.BFO.csv
2025-10-27 13:44:55,233 [INFO] [root] [MainThread]: Successfully processed: BFO\BFO_TICK_03012025\BFO_TICK_03012025\SENSEX14JAN2580000PE.BFO.csv
2025-10-27 13:44:55,234 [INFO] [root] [MainThread]: Started processing: BFO\BFO_TICK_03012025\BFO_TICK_03012025\SENSEX28JAN2573200PE.BFO.csv
2025-10-27 13:44:55,262 [INFO] [root] [MainThread]: Successfully processed: BFO\BFO_TICK_03012025\BFO_TICK_03012025\SENSEX28JAN2573200PE.BFO.csv
2025-10-27 13:44:55,263 [INFO] [root] [MainThread]: Started processing: BFO\BFO_TICK_03012025\BFO_TICK_03012025\SENSEX28JAN2575000PE.BFO.csv
2025-10-27 13:44:55,292 [INFO] [root] [MainThread]: Successfully processed: BFO\BFO_TICK_03012025\BFO_TICK_03012025\SENSEX28JAN2575000PE.BFO.csv
2025-10-27 13:44:55,292 [INFO] [root] [MainThread]: Started processing: BFO\BFO_TICK_03012025\BFO_TICK_03012025\SENSEX28JAN2577500PE.BFO.csv
2025-10-27 13:44:55,324 [INFO] [root] [MainThread]: Successfully processed: BFO\BFO_TICK_03012025\BFO_TICK_03012025\SENSEX28JAN2577500PE.BFO.csv
2025-10-27 13:44:55,324 [INFO] [root] [MainThread]: Started processing: BFO\BFO_TICK_03012025\BFO_TICK_03012025\SENSEX28JAN2578000PE.BFO.csv
2025-10-27 13:44:55,339 [INFO] [root] [MainThread]: Successfully processed: BFO\BFO_TICK_03012025\BFO_TICK_03012025\SENSEX28JAN2578000PE.BFO.csv
2025-10-27 13:44:55,340 [INFO] [root] [MainThread]: Started processing: BFO\BFO_TICK_03012025\BFO_TICK_03012025\SENSEX28JAN2578500PE.BFO.csv
2025-10-27 13:44:55,371 [INFO] [root] [MainThread]: Successfully processed: BFO\BFO_TICK_03012025\BFO_TICK_03012025\SENSEX28JAN2578500PE.BFO.csv
2025-10-27 13:44:55,371 [INFO] [root] [MainThread]: Started processing: BFO\BFO_TICK_03012025\BFO_TICK_03012025\SENSEX28JAN2578600PE.BFO.csv
2025-10-27 13:44:55,399 [INFO] [root] [MainThread]: Successfully processed: BFO\BFO_TICK_03012025\BFO_TICK_03012025\SENSEX28JAN2578600PE.BFO.csv
2025-10-27 13:44:55,399 [INFO] [root] [MainThread]: Started processing: BFO\BFO_TICK_03012025\BFO_TICK_03012025\SENSEX28JAN2578700PE.BFO.csv
2025-10-27 13:44:55,424 [INFO] [root] [MainThread]: Successfully processed: BFO\BFO_TICK_03012025\BFO_TICK_03012025\SENSEX28JAN2578700PE.BFO.csv
2025-10-27 13:44:55,424 [INFO] [root] [MainThread]: Started processing: BFO\BFO_TICK_03012025\BFO_TICK_03012025\SENSEX28JAN2579000PE.BFO.csv
2025-10-27 13:44:55,453 [INFO] [root] [MainThread]: Successfully processed: BFO\BFO_TICK_03012025\BFO_TICK_03012025\SENSEX28JAN2579000PE.BFO.csv
2025-10-27 13:44:55,453 [INFO] [root] [MainThread]: Started processing: BFO\BFO_TICK_03012025\BFO_TICK_03012025\SENSEX28JAN2579200PE.BFO.csv
2025-10-27 13:44:55,483 [INFO] [root] [MainThread]: Successfully processed: BFO\BFO_TICK_03012025\BFO_TICK_03012025\SENSEX28JAN2579200PE.BFO.csv
2025-10-27 13:44:55,484 [INFO] [root] [MainThread]: Started processing: BFO\BFO_TICK_03012025\BFO_TICK_03012025\SENSEX28JAN2579500PE.BFO.csv
2025-10-27 13:44:55,517 [INFO] [root] [MainThread]: Successfully processed: BFO\BFO_TICK_03012025\BFO_TICK_03012025\SENSEX28JAN2579500PE.BFO.csv
2025-10-27 13:44:55,518 [INFO] [root] [MainThread]: Started processing: BFO\BFO_TICK_03012025\BFO_TICK_03012025\SENSEX28JAN2579600PE.BFO.csv
2025-10-27 13:44:55,533 [INFO] [root] [MainThread]: Successfully processed: BFO\BFO_TICK_03012025\BFO_TICK_03012025\SENSEX28JAN2579600PE.BFO.csv
2025-10-27 13:44:55,533 [INFO] [root] [MainThread]: Started processing: BFO\BFO_TICK_03012025\BFO_TICK_03012025\SENSEX28JAN2579700PE.BFO.csv
2025-10-27 13:44:55,564 [INFO] [root] [MainThread]: Successfully processed: BFO\BFO_TICK_03012025\BFO_TICK_03012025\SENSEX28JAN2579700PE.BFO.csv
2025-10-27 13:44:55,564 [INFO] [root] [MainThread]: Started processing: BFO\BFO_TICK_03012025\BFO_TICK_03012025\SENSEX28JAN2579800PE.BFO.csv
2025-10-27 13:44:55,577 [INFO] [root] [MainThread]: Successfully processed: BFO\BFO_TICK_03012025\BFO_TICK_03012025\SENSEX28JAN2579800PE.BFO.csv
2025-10-27 13:44:55,578 [INFO] [root] [MainThread]: Started processing: BFO\BFO_TICK_03012025\BFO_TICK_03012025\SENSEX28JAN2579900PE.BFO.csv
2025-10-27 13:44:55,610 [INFO] [root] [MainThread]: Successfully processed: BFO\BFO_TICK_03012025\BFO_TICK_03012025\SENSEX28JAN2579900PE.BFO.csv
2025-10-27 13:44:55,610 [INFO] [root] [MainThread]: Started processing: BFO\BFO_TICK_03012025\BFO_TICK_03012025\SENSEX28JAN2580000PE.BFO.csv
2025-10-27 13:44:55,639 [INFO] [root] [MainThread]: Successfully processed: BFO\BFO_TICK_03012025\BFO_TICK_03012025\SENSEX28JAN2580000PE.BFO.csv
2025-10-27 13:44:55,639 [INFO] [root] [MainThread]: Started processing: BFO\BFO_TICK_03012025\BFO_TICK_03012025\SENSEX28JAN2580100PE.BFO.csv
2025-10-27 13:44:55,670 [INFO] [root] [MainThread]: Successfully processed: BFO\BFO_TICK_03012025\BFO_TICK_03012025\SENSEX28JAN2580100PE.BFO.csv
2025-10-27 13:44:55,670 [INFO] [root] [MainThread]: Started processing: BFO\BFO_TICK_03012025\BFO_TICK_03012025\SENSEX28JAN2580700PE.BFO.csv
2025-10-27 13:44:55,685 [INFO] [root] [MainThread]: Successfully processed: BFO\BFO_TICK_03012025\BFO_TICK_03012025\SENSEX28JAN2580700PE.BFO.csv
2025-10-27 13:44:55,685 [INFO] [root] [MainThread]: Combining 171 dataframes...
2025-10-27 13:44:55,817 [INFO] [root] [MainThread]: Writing to ProcessedParquet\sensex_put_03012025.parquet (798920 rows)...
2025-10-27 13:44:56,921 [INFO] [root] [MainThread]: Successfully saved 171 option files to ProcessedParquet\sensex_put_03012025.parquet
2025-10-27 13:44:56,921 [INFO] [root] [MainThread]: Utility stopped.
