2025-10-27 13:48:45,174 [INFO] [root] [MainThread]: Utility started.
2025-10-27 13:48:45,174 [INFO] [root] [MainThread]: Processing MIDCPNIFTY from NFO exchange
2025-10-27 13:48:45,175 [INFO] [root] [MainThread]: Detected yearly folder structure in NFO\GFDLNFO_TICK_03012025\GFDLNFO_TICK_03012025
2025-10-27 13:48:45,914 [INFO] [root] [MainThread]: No date subfolders found, extracted date 03012025 from parent folder: GFDLNFO_TICK_03012025
2025-10-27 13:48:45,914 [INFO] [root] [MainThread]: Got following folder info {'03012025': {'NFO\\GFDLNFO_TICK_03012025\\GFDLNFO_TICK_03012025'}} for processing {'index': 'MIDCPNIFTY', 'instrument_type': 'call'}.
2025-10-27 13:48:45,927 [INFO] [root] [MainThread]: Started processing folder: NFO\GFDLNFO_TICK_03012025\GFDLNFO_TICK_03012025 for {'index': 'MIDCPNIFTY', 'instrument_type': 'call'}, date: 03012025
2025-10-27 13:48:45,972 [INFO] [root] [MainThread]: Found 67 call option files to process for MIDCPNIFTY.
2025-10-27 13:48:45,972 [INFO] [root] [MainThread]: Started processing: NFO\GFDLNFO_TICK_03012025\GFDLNFO_TICK_03012025\Options\MIDCPNIFTY27FEB2513000CE.NFO.csv
2025-10-27 13:48:46,031 [INFO] [root] [MainThread]: Successfully processed: NFO\GFDLNFO_TICK_03012025\GFDLNFO_TICK_03012025\Options\MIDCPNIFTY27FEB2513000CE.NFO.csv
2025-10-27 13:48:46,031 [INFO] [root] [MainThread]: Started processing: NFO\GFDLNFO_TICK_03012025\GFDLNFO_TICK_03012025\Options\MIDCPNIFTY27FEB2513400CE.NFO.csv
2025-10-27 13:48:46,058 [INFO] [root] [MainThread]: Successfully processed: NFO\GFDLNFO_TICK_03012025\GFDLNFO_TICK_03012025\Options\MIDCPNIFTY27FEB2513400CE.NFO.csv
2025-10-27 13:48:46,059 [INFO] [root] [MainThread]: Started processing: NFO\GFDLNFO_TICK_03012025\GFDLNFO_TICK_03012025\Options\MIDCPNIFTY27FEB2513500CE.NFO.csv
2025-10-27 13:48:46,087 [INFO] [root] [MainThread]: Successfully processed: NFO\GFDLNFO_TICK_03012025\GFDLNFO_TICK_03012025\Options\MIDCPNIFTY27FEB2513500CE.NFO.csv
2025-10-27 13:48:46,087 [INFO] [root] [MainThread]: Started processing: NFO\GFDLNFO_TICK_03012025\GFDLNFO_TICK_03012025\Options\MIDCPNIFTY27FEB2514600CE.NFO.csv
2025-10-27 13:48:46,103 [INFO] [root] [MainThread]: Successfully processed: NFO\GFDLNFO_TICK_03012025\GFDLNFO_TICK_03012025\Options\MIDCPNIFTY27FEB2514600CE.NFO.csv
2025-10-27 13:48:46,103 [INFO] [root] [MainThread]: Started processing: NFO\GFDLNFO_TICK_03012025\GFDLNFO_TICK_03012025\Options\MIDCPNIFTY27FEB2514700CE.NFO.csv
2025-10-27 13:48:46,132 [INFO] [root] [MainThread]: Successfully processed: NFO\GFDLNFO_TICK_03012025\GFDLNFO_TICK_03012025\Options\MIDCPNIFTY27FEB2514700CE.NFO.csv
2025-10-27 13:48:46,132 [INFO] [root] [MainThread]: Started processing: NFO\GFDLNFO_TICK_03012025\GFDLNFO_TICK_03012025\Options\MIDCPNIFTY30JAN2512500CE.NFO.csv
2025-10-27 13:48:46,189 [INFO] [root] [MainThread]: Successfully processed: NFO\GFDLNFO_TICK_03012025\GFDLNFO_TICK_03012025\Options\MIDCPNIFTY30JAN2512500CE.NFO.csv
2025-10-27 13:48:46,190 [INFO] [root] [MainThread]: Started processing: NFO\GFDLNFO_TICK_03012025\GFDLNFO_TICK_03012025\Options\MIDCPNIFTY30JAN2512525CE.NFO.csv
2025-10-27 13:48:46,235 [INFO] [root] [MainThread]: Successfully processed: NFO\GFDLNFO_TICK_03012025\GFDLNFO_TICK_03012025\Options\MIDCPNIFTY30JAN2512525CE.NFO.csv
2025-10-27 13:48:46,235 [INFO] [root] [MainThread]: Started processing: NFO\GFDLNFO_TICK_03012025\GFDLNFO_TICK_03012025\Options\MIDCPNIFTY30JAN2512600CE.NFO.csv
2025-10-27 13:48:46,298 [INFO] [root] [MainThread]: Successfully processed: NFO\GFDLNFO_TICK_03012025\GFDLNFO_TICK_03012025\Options\MIDCPNIFTY30JAN2512600CE.NFO.csv
2025-10-27 13:48:46,298 [INFO] [root] [MainThread]: Started processing: NFO\GFDLNFO_TICK_03012025\GFDLNFO_TICK_03012025\Options\MIDCPNIFTY30JAN2512700CE.NFO.csv
2025-10-27 13:48:46,360 [INFO] [root] [MainThread]: Successfully processed: NFO\GFDLNFO_TICK_03012025\GFDLNFO_TICK_03012025\Options\MIDCPNIFTY30JAN2512700CE.NFO.csv
2025-10-27 13:48:46,360 [INFO] [root] [MainThread]: Started processing: NFO\GFDLNFO_TICK_03012025\GFDLNFO_TICK_03012025\Options\MIDCPNIFTY30JAN2512725CE.NFO.csv
2025-10-27 13:48:46,420 [INFO] [root] [MainThread]: Successfully processed: NFO\GFDLNFO_TICK_03012025\GFDLNFO_TICK_03012025\Options\MIDCPNIFTY30JAN2512725CE.NFO.csv
2025-10-27 13:48:46,420 [INFO] [root] [MainThread]: Started processing: NFO\GFDLNFO_TICK_03012025\GFDLNFO_TICK_03012025\Options\MIDCPNIFTY30JAN2512750CE.NFO.csv
2025-10-27 13:48:46,474 [INFO] [root] [MainThread]: Successfully processed: NFO\GFDLNFO_TICK_03012025\GFDLNFO_TICK_03012025\Options\MIDCPNIFTY30JAN2512750CE.NFO.csv
2025-10-27 13:48:46,474 [INFO] [root] [MainThread]: Started processing: NFO\GFDLNFO_TICK_03012025\GFDLNFO_TICK_03012025\Options\MIDCPNIFTY30JAN2512775CE.NFO.csv
2025-10-27 13:48:46,544 [INFO] [root] [MainThread]: Successfully processed: NFO\GFDLNFO_TICK_03012025\GFDLNFO_TICK_03012025\Options\MIDCPNIFTY30JAN2512775CE.NFO.csv
2025-10-27 13:48:46,544 [INFO] [root] [MainThread]: Started processing: NFO\GFDLNFO_TICK_03012025\GFDLNFO_TICK_03012025\Options\MIDCPNIFTY30JAN2512800CE.NFO.csv
2025-10-27 13:48:46,604 [INFO] [root] [MainThread]: Successfully processed: NFO\GFDLNFO_TICK_03012025\GFDLNFO_TICK_03012025\Options\MIDCPNIFTY30JAN2512800CE.NFO.csv
2025-10-27 13:48:46,604 [INFO] [root] [MainThread]: Started processing: NFO\GFDLNFO_TICK_03012025\GFDLNFO_TICK_03012025\Options\MIDCPNIFTY30JAN2512825CE.NFO.csv
2025-10-27 13:48:46,666 [INFO] [root] [MainThread]: Successfully processed: NFO\GFDLNFO_TICK_03012025\GFDLNFO_TICK_03012025\Options\MIDCPNIFTY30JAN2512825CE.NFO.csv
2025-10-27 13:48:46,667 [INFO] [root] [MainThread]: Started processing: NFO\GFDLNFO_TICK_03012025\GFDLNFO_TICK_03012025\Options\MIDCPNIFTY30JAN2512850CE.NFO.csv
2025-10-27 13:48:46,723 [INFO] [root] [MainThread]: Successfully processed: NFO\GFDLNFO_TICK_03012025\GFDLNFO_TICK_03012025\Options\MIDCPNIFTY30JAN2512850CE.NFO.csv
2025-10-27 13:48:46,724 [INFO] [root] [MainThread]: Started processing: NFO\GFDLNFO_TICK_03012025\GFDLNFO_TICK_03012025\Options\MIDCPNIFTY30JAN2512875CE.NFO.csv
2025-10-27 13:48:46,791 [INFO] [root] [MainThread]: Successfully processed: NFO\GFDLNFO_TICK_03012025\GFDLNFO_TICK_03012025\Options\MIDCPNIFTY30JAN2512875CE.NFO.csv
2025-10-27 13:48:46,791 [INFO] [root] [MainThread]: Started processing: NFO\GFDLNFO_TICK_03012025\GFDLNFO_TICK_03012025\Options\MIDCPNIFTY30JAN2512900CE.NFO.csv
2025-10-27 13:48:46,862 [INFO] [root] [MainThread]: Successfully processed: NFO\GFDLNFO_TICK_03012025\GFDLNFO_TICK_03012025\Options\MIDCPNIFTY30JAN2512900CE.NFO.csv
2025-10-27 13:48:46,862 [INFO] [root] [MainThread]: Started processing: NFO\GFDLNFO_TICK_03012025\GFDLNFO_TICK_03012025\Options\MIDCPNIFTY30JAN2512925CE.NFO.csv
2025-10-27 13:48:46,920 [INFO] [root] [MainThread]: Successfully processed: NFO\GFDLNFO_TICK_03012025\GFDLNFO_TICK_03012025\Options\MIDCPNIFTY30JAN2512925CE.NFO.csv
2025-10-27 13:48:46,920 [INFO] [root] [MainThread]: Started processing: NFO\GFDLNFO_TICK_03012025\GFDLNFO_TICK_03012025\Options\MIDCPNIFTY30JAN2512950CE.NFO.csv
2025-10-27 13:48:46,982 [INFO] [root] [MainThread]: Successfully processed: NFO\GFDLNFO_TICK_03012025\GFDLNFO_TICK_03012025\Options\MIDCPNIFTY30JAN2512950CE.NFO.csv
2025-10-27 13:48:46,982 [INFO] [root] [MainThread]: Started processing: NFO\GFDLNFO_TICK_03012025\GFDLNFO_TICK_03012025\Options\MIDCPNIFTY30JAN2512975CE.NFO.csv
2025-10-27 13:48:47,046 [INFO] [root] [MainThread]: Successfully processed: NFO\GFDLNFO_TICK_03012025\GFDLNFO_TICK_03012025\Options\MIDCPNIFTY30JAN2512975CE.NFO.csv
2025-10-27 13:48:47,046 [INFO] [root] [MainThread]: Started processing: NFO\GFDLNFO_TICK_03012025\GFDLNFO_TICK_03012025\Options\MIDCPNIFTY30JAN2513000CE.NFO.csv
2025-10-27 13:48:47,146 [INFO] [root] [MainThread]: Successfully processed: NFO\GFDLNFO_TICK_03012025\GFDLNFO_TICK_03012025\Options\MIDCPNIFTY30JAN2513000CE.NFO.csv
2025-10-27 13:48:47,146 [INFO] [root] [MainThread]: Started processing: NFO\GFDLNFO_TICK_03012025\GFDLNFO_TICK_03012025\Options\MIDCPNIFTY30JAN2513025CE.NFO.csv
2025-10-27 13:48:47,225 [INFO] [root] [MainThread]: Successfully processed: NFO\GFDLNFO_TICK_03012025\GFDLNFO_TICK_03012025\Options\MIDCPNIFTY30JAN2513025CE.NFO.csv
2025-10-27 13:48:47,226 [INFO] [root] [MainThread]: Started processing: NFO\GFDLNFO_TICK_03012025\GFDLNFO_TICK_03012025\Options\MIDCPNIFTY30JAN2513050CE.NFO.csv
2025-10-27 13:48:47,302 [INFO] [root] [MainThread]: Successfully processed: NFO\GFDLNFO_TICK_03012025\GFDLNFO_TICK_03012025\Options\MIDCPNIFTY30JAN2513050CE.NFO.csv
2025-10-27 13:48:47,302 [INFO] [root] [MainThread]: Started processing: NFO\GFDLNFO_TICK_03012025\GFDLNFO_TICK_03012025\Options\MIDCPNIFTY30JAN2513075CE.NFO.csv
2025-10-27 13:48:47,372 [INFO] [root] [MainThread]: Successfully processed: NFO\GFDLNFO_TICK_03012025\GFDLNFO_TICK_03012025\Options\MIDCPNIFTY30JAN2513075CE.NFO.csv
2025-10-27 13:48:47,372 [INFO] [root] [MainThread]: Started processing: NFO\GFDLNFO_TICK_03012025\GFDLNFO_TICK_03012025\Options\MIDCPNIFTY30JAN2513100CE.NFO.csv
2025-10-27 13:48:47,459 [INFO] [root] [MainThread]: Successfully processed: NFO\GFDLNFO_TICK_03012025\GFDLNFO_TICK_03012025\Options\MIDCPNIFTY30JAN2513100CE.NFO.csv
2025-10-27 13:48:47,460 [INFO] [root] [MainThread]: Started processing: NFO\GFDLNFO_TICK_03012025\GFDLNFO_TICK_03012025\Options\MIDCPNIFTY30JAN2513125CE.NFO.csv
2025-10-27 13:48:47,534 [INFO] [root] [MainThread]: Successfully processed: NFO\GFDLNFO_TICK_03012025\GFDLNFO_TICK_03012025\Options\MIDCPNIFTY30JAN2513125CE.NFO.csv
2025-10-27 13:48:47,534 [INFO] [root] [MainThread]: Started processing: NFO\GFDLNFO_TICK_03012025\GFDLNFO_TICK_03012025\Options\MIDCPNIFTY30JAN2513150CE.NFO.csv
2025-10-27 13:48:47,605 [INFO] [root] [MainThread]: Successfully processed: NFO\GFDLNFO_TICK_03012025\GFDLNFO_TICK_03012025\Options\MIDCPNIFTY30JAN2513150CE.NFO.csv
2025-10-27 13:48:47,605 [INFO] [root] [MainThread]: Started processing: NFO\GFDLNFO_TICK_03012025\GFDLNFO_TICK_03012025\Options\MIDCPNIFTY30JAN2513175CE.NFO.csv
2025-10-27 13:48:47,671 [INFO] [root] [MainThread]: Successfully processed: NFO\GFDLNFO_TICK_03012025\GFDLNFO_TICK_03012025\Options\MIDCPNIFTY30JAN2513175CE.NFO.csv
2025-10-27 13:48:47,671 [INFO] [root] [MainThread]: Started processing: NFO\GFDLNFO_TICK_03012025\GFDLNFO_TICK_03012025\Options\MIDCPNIFTY30JAN2513200CE.NFO.csv
2025-10-27 13:48:47,753 [INFO] [root] [MainThread]: Successfully processed: NFO\GFDLNFO_TICK_03012025\GFDLNFO_TICK_03012025\Options\MIDCPNIFTY30JAN2513200CE.NFO.csv
2025-10-27 13:48:47,753 [INFO] [root] [MainThread]: Started processing: NFO\GFDLNFO_TICK_03012025\GFDLNFO_TICK_03012025\Options\MIDCPNIFTY30JAN2513225CE.NFO.csv
2025-10-27 13:48:47,816 [INFO] [root] [MainThread]: Successfully processed: NFO\GFDLNFO_TICK_03012025\GFDLNFO_TICK_03012025\Options\MIDCPNIFTY30JAN2513225CE.NFO.csv
2025-10-27 13:48:47,816 [INFO] [root] [MainThread]: Started processing: NFO\GFDLNFO_TICK_03012025\GFDLNFO_TICK_03012025\Options\MIDCPNIFTY30JAN2513250CE.NFO.csv
2025-10-27 13:48:47,872 [INFO] [root] [MainThread]: Successfully processed: NFO\GFDLNFO_TICK_03012025\GFDLNFO_TICK_03012025\Options\MIDCPNIFTY30JAN2513250CE.NFO.csv
2025-10-27 13:48:47,872 [INFO] [root] [MainThread]: Started processing: NFO\GFDLNFO_TICK_03012025\GFDLNFO_TICK_03012025\Options\MIDCPNIFTY30JAN2513275CE.NFO.csv
2025-10-27 13:48:47,922 [INFO] [root] [MainThread]: Successfully processed: NFO\GFDLNFO_TICK_03012025\GFDLNFO_TICK_03012025\Options\MIDCPNIFTY30JAN2513275CE.NFO.csv
2025-10-27 13:48:47,922 [INFO] [root] [MainThread]: Started processing: NFO\GFDLNFO_TICK_03012025\GFDLNFO_TICK_03012025\Options\MIDCPNIFTY30JAN2513300CE.NFO.csv
2025-10-27 13:48:47,984 [INFO] [root] [MainThread]: Successfully processed: NFO\GFDLNFO_TICK_03012025\GFDLNFO_TICK_03012025\Options\MIDCPNIFTY30JAN2513300CE.NFO.csv
2025-10-27 13:48:47,984 [INFO] [root] [MainThread]: Started processing: NFO\GFDLNFO_TICK_03012025\GFDLNFO_TICK_03012025\Options\MIDCPNIFTY30JAN2513325CE.NFO.csv
2025-10-27 13:48:48,037 [INFO] [root] [MainThread]: Successfully processed: NFO\GFDLNFO_TICK_03012025\GFDLNFO_TICK_03012025\Options\MIDCPNIFTY30JAN2513325CE.NFO.csv
2025-10-27 13:48:48,037 [INFO] [root] [MainThread]: Started processing: NFO\GFDLNFO_TICK_03012025\GFDLNFO_TICK_03012025\Options\MIDCPNIFTY30JAN2513350CE.NFO.csv
2025-10-27 13:48:48,086 [INFO] [root] [MainThread]: Successfully processed: NFO\GFDLNFO_TICK_03012025\GFDLNFO_TICK_03012025\Options\MIDCPNIFTY30JAN2513350CE.NFO.csv
2025-10-27 13:48:48,086 [INFO] [root] [MainThread]: Started processing: NFO\GFDLNFO_TICK_03012025\GFDLNFO_TICK_03012025\Options\MIDCPNIFTY30JAN2513375CE.NFO.csv
2025-10-27 13:48:48,135 [INFO] [root] [MainThread]: Successfully processed: NFO\GFDLNFO_TICK_03012025\GFDLNFO_TICK_03012025\Options\MIDCPNIFTY30JAN2513375CE.NFO.csv
2025-10-27 13:48:48,135 [INFO] [root] [MainThread]: Started processing: NFO\GFDLNFO_TICK_03012025\GFDLNFO_TICK_03012025\Options\MIDCPNIFTY30JAN2513400CE.NFO.csv
2025-10-27 13:48:48,194 [INFO] [root] [MainThread]: Successfully processed: NFO\GFDLNFO_TICK_03012025\GFDLNFO_TICK_03012025\Options\MIDCPNIFTY30JAN2513400CE.NFO.csv
2025-10-27 13:48:48,195 [INFO] [root] [MainThread]: Started processing: NFO\GFDLNFO_TICK_03012025\GFDLNFO_TICK_03012025\Options\MIDCPNIFTY30JAN2513425CE.NFO.csv
2025-10-27 13:48:48,245 [INFO] [root] [MainThread]: Successfully processed: NFO\GFDLNFO_TICK_03012025\GFDLNFO_TICK_03012025\Options\MIDCPNIFTY30JAN2513425CE.NFO.csv
2025-10-27 13:48:48,245 [INFO] [root] [MainThread]: Started processing: NFO\GFDLNFO_TICK_03012025\GFDLNFO_TICK_03012025\Options\MIDCPNIFTY30JAN2513450CE.NFO.csv
2025-10-27 13:48:48,295 [INFO] [root] [MainThread]: Successfully processed: NFO\GFDLNFO_TICK_03012025\GFDLNFO_TICK_03012025\Options\MIDCPNIFTY30JAN2513450CE.NFO.csv
2025-10-27 13:48:48,296 [INFO] [root] [MainThread]: Started processing: NFO\GFDLNFO_TICK_03012025\GFDLNFO_TICK_03012025\Options\MIDCPNIFTY30JAN2513475CE.NFO.csv
2025-10-27 13:48:48,347 [INFO] [root] [MainThread]: Successfully processed: NFO\GFDLNFO_TICK_03012025\GFDLNFO_TICK_03012025\Options\MIDCPNIFTY30JAN2513475CE.NFO.csv
2025-10-27 13:48:48,347 [INFO] [root] [MainThread]: Started processing: NFO\GFDLNFO_TICK_03012025\GFDLNFO_TICK_03012025\Options\MIDCPNIFTY30JAN2513500CE.NFO.csv
2025-10-27 13:48:48,415 [INFO] [root] [MainThread]: Successfully processed: NFO\GFDLNFO_TICK_03012025\GFDLNFO_TICK_03012025\Options\MIDCPNIFTY30JAN2513500CE.NFO.csv
2025-10-27 13:48:48,415 [INFO] [root] [MainThread]: Started processing: NFO\GFDLNFO_TICK_03012025\GFDLNFO_TICK_03012025\Options\MIDCPNIFTY30JAN2513525CE.NFO.csv
2025-10-27 13:48:48,465 [INFO] [root] [MainThread]: Successfully processed: NFO\GFDLNFO_TICK_03012025\GFDLNFO_TICK_03012025\Options\MIDCPNIFTY30JAN2513525CE.NFO.csv
2025-10-27 13:48:48,465 [INFO] [root] [MainThread]: Started processing: NFO\GFDLNFO_TICK_03012025\GFDLNFO_TICK_03012025\Options\MIDCPNIFTY30JAN2513550CE.NFO.csv
2025-10-27 13:48:48,518 [INFO] [root] [MainThread]: Successfully processed: NFO\GFDLNFO_TICK_03012025\GFDLNFO_TICK_03012025\Options\MIDCPNIFTY30JAN2513550CE.NFO.csv
2025-10-27 13:48:48,518 [INFO] [root] [MainThread]: Started processing: NFO\GFDLNFO_TICK_03012025\GFDLNFO_TICK_03012025\Options\MIDCPNIFTY30JAN2513575CE.NFO.csv
2025-10-27 13:48:48,569 [INFO] [root] [MainThread]: Successfully processed: NFO\GFDLNFO_TICK_03012025\GFDLNFO_TICK_03012025\Options\MIDCPNIFTY30JAN2513575CE.NFO.csv
2025-10-27 13:48:48,569 [INFO] [root] [MainThread]: Started processing: NFO\GFDLNFO_TICK_03012025\GFDLNFO_TICK_03012025\Options\MIDCPNIFTY30JAN2513600CE.NFO.csv
2025-10-27 13:48:48,632 [INFO] [root] [MainThread]: Successfully processed: NFO\GFDLNFO_TICK_03012025\GFDLNFO_TICK_03012025\Options\MIDCPNIFTY30JAN2513600CE.NFO.csv
2025-10-27 13:48:48,632 [INFO] [root] [MainThread]: Started processing: NFO\GFDLNFO_TICK_03012025\GFDLNFO_TICK_03012025\Options\MIDCPNIFTY30JAN2513625CE.NFO.csv
2025-10-27 13:48:48,684 [INFO] [root] [MainThread]: Successfully processed: NFO\GFDLNFO_TICK_03012025\GFDLNFO_TICK_03012025\Options\MIDCPNIFTY30JAN2513625CE.NFO.csv
2025-10-27 13:48:48,684 [INFO] [root] [MainThread]: Started processing: NFO\GFDLNFO_TICK_03012025\GFDLNFO_TICK_03012025\Options\MIDCPNIFTY30JAN2513650CE.NFO.csv
2025-10-27 13:48:48,730 [INFO] [root] [MainThread]: Successfully processed: NFO\GFDLNFO_TICK_03012025\GFDLNFO_TICK_03012025\Options\MIDCPNIFTY30JAN2513650CE.NFO.csv
2025-10-27 13:48:48,730 [INFO] [root] [MainThread]: Started processing: NFO\GFDLNFO_TICK_03012025\GFDLNFO_TICK_03012025\Options\MIDCPNIFTY30JAN2513675CE.NFO.csv
2025-10-27 13:48:48,777 [INFO] [root] [MainThread]: Successfully processed: NFO\GFDLNFO_TICK_03012025\GFDLNFO_TICK_03012025\Options\MIDCPNIFTY30JAN2513675CE.NFO.csv
2025-10-27 13:48:48,777 [INFO] [root] [MainThread]: Started processing: NFO\GFDLNFO_TICK_03012025\GFDLNFO_TICK_03012025\Options\MIDCPNIFTY30JAN2513700CE.NFO.csv
2025-10-27 13:48:48,829 [INFO] [root] [MainThread]: Successfully processed: NFO\GFDLNFO_TICK_03012025\GFDLNFO_TICK_03012025\Options\MIDCPNIFTY30JAN2513700CE.NFO.csv
2025-10-27 13:48:48,829 [INFO] [root] [MainThread]: Started processing: NFO\GFDLNFO_TICK_03012025\GFDLNFO_TICK_03012025\Options\MIDCPNIFTY30JAN2513725CE.NFO.csv
2025-10-27 13:48:48,873 [INFO] [root] [MainThread]: Successfully processed: NFO\GFDLNFO_TICK_03012025\GFDLNFO_TICK_03012025\Options\MIDCPNIFTY30JAN2513725CE.NFO.csv
2025-10-27 13:48:48,874 [INFO] [root] [MainThread]: Started processing: NFO\GFDLNFO_TICK_03012025\GFDLNFO_TICK_03012025\Options\MIDCPNIFTY30JAN2513750CE.NFO.csv
2025-10-27 13:48:48,919 [INFO] [root] [MainThread]: Successfully processed: NFO\GFDLNFO_TICK_03012025\GFDLNFO_TICK_03012025\Options\MIDCPNIFTY30JAN2513750CE.NFO.csv
2025-10-27 13:48:48,919 [INFO] [root] [MainThread]: Started processing: NFO\GFDLNFO_TICK_03012025\GFDLNFO_TICK_03012025\Options\MIDCPNIFTY30JAN2513775CE.NFO.csv
2025-10-27 13:48:48,965 [INFO] [root] [MainThread]: Successfully processed: NFO\GFDLNFO_TICK_03012025\GFDLNFO_TICK_03012025\Options\MIDCPNIFTY30JAN2513775CE.NFO.csv
2025-10-27 13:48:48,965 [INFO] [root] [MainThread]: Started processing: NFO\GFDLNFO_TICK_03012025\GFDLNFO_TICK_03012025\Options\MIDCPNIFTY30JAN2513800CE.NFO.csv
2025-10-27 13:48:49,033 [INFO] [root] [MainThread]: Successfully processed: NFO\GFDLNFO_TICK_03012025\GFDLNFO_TICK_03012025\Options\MIDCPNIFTY30JAN2513800CE.NFO.csv
2025-10-27 13:48:49,033 [INFO] [root] [MainThread]: Started processing: NFO\GFDLNFO_TICK_03012025\GFDLNFO_TICK_03012025\Options\MIDCPNIFTY30JAN2513825CE.NFO.csv
2025-10-27 13:48:49,087 [INFO] [root] [MainThread]: Successfully processed: NFO\GFDLNFO_TICK_03012025\GFDLNFO_TICK_03012025\Options\MIDCPNIFTY30JAN2513825CE.NFO.csv
2025-10-27 13:48:49,087 [INFO] [root] [MainThread]: Started processing: NFO\GFDLNFO_TICK_03012025\GFDLNFO_TICK_03012025\Options\MIDCPNIFTY30JAN2513850CE.NFO.csv
2025-10-27 13:48:49,142 [INFO] [root] [MainThread]: Successfully processed: NFO\GFDLNFO_TICK_03012025\GFDLNFO_TICK_03012025\Options\MIDCPNIFTY30JAN2513850CE.NFO.csv
2025-10-27 13:48:49,142 [INFO] [root] [MainThread]: Started processing: NFO\GFDLNFO_TICK_03012025\GFDLNFO_TICK_03012025\Options\MIDCPNIFTY30JAN2513875CE.NFO.csv
2025-10-27 13:48:49,196 [INFO] [root] [MainThread]: Successfully processed: NFO\GFDLNFO_TICK_03012025\GFDLNFO_TICK_03012025\Options\MIDCPNIFTY30JAN2513875CE.NFO.csv
2025-10-27 13:48:49,197 [INFO] [root] [MainThread]: Started processing: NFO\GFDLNFO_TICK_03012025\GFDLNFO_TICK_03012025\Options\MIDCPNIFTY30JAN2513900CE.NFO.csv
2025-10-27 13:48:49,256 [INFO] [root] [MainThread]: Successfully processed: NFO\GFDLNFO_TICK_03012025\GFDLNFO_TICK_03012025\Options\MIDCPNIFTY30JAN2513900CE.NFO.csv
2025-10-27 13:48:49,256 [INFO] [root] [MainThread]: Started processing: NFO\GFDLNFO_TICK_03012025\GFDLNFO_TICK_03012025\Options\MIDCPNIFTY30JAN2513925CE.NFO.csv
2025-10-27 13:48:49,305 [INFO] [root] [MainThread]: Successfully processed: NFO\GFDLNFO_TICK_03012025\GFDLNFO_TICK_03012025\Options\MIDCPNIFTY30JAN2513925CE.NFO.csv
2025-10-27 13:48:49,305 [INFO] [root] [MainThread]: Started processing: NFO\GFDLNFO_TICK_03012025\GFDLNFO_TICK_03012025\Options\MIDCPNIFTY30JAN2513950CE.NFO.csv
2025-10-27 13:48:49,350 [INFO] [root] [MainThread]: Successfully processed: NFO\GFDLNFO_TICK_03012025\GFDLNFO_TICK_03012025\Options\MIDCPNIFTY30JAN2513950CE.NFO.csv
2025-10-27 13:48:49,351 [INFO] [root] [MainThread]: Started processing: NFO\GFDLNFO_TICK_03012025\GFDLNFO_TICK_03012025\Options\MIDCPNIFTY30JAN2514000CE.NFO.csv
2025-10-27 13:48:49,403 [INFO] [root] [MainThread]: Successfully processed: NFO\GFDLNFO_TICK_03012025\GFDLNFO_TICK_03012025\Options\MIDCPNIFTY30JAN2514000CE.NFO.csv
2025-10-27 13:48:49,404 [INFO] [root] [MainThread]: Started processing: NFO\GFDLNFO_TICK_03012025\GFDLNFO_TICK_03012025\Options\MIDCPNIFTY30JAN2514100CE.NFO.csv
2025-10-27 13:48:49,456 [INFO] [root] [MainThread]: Successfully processed: NFO\GFDLNFO_TICK_03012025\GFDLNFO_TICK_03012025\Options\MIDCPNIFTY30JAN2514100CE.NFO.csv
2025-10-27 13:48:49,456 [INFO] [root] [MainThread]: Started processing: NFO\GFDLNFO_TICK_03012025\GFDLNFO_TICK_03012025\Options\MIDCPNIFTY30JAN2514200CE.NFO.csv
2025-10-27 13:48:49,543 [INFO] [root] [MainThread]: Successfully processed: NFO\GFDLNFO_TICK_03012025\GFDLNFO_TICK_03012025\Options\MIDCPNIFTY30JAN2514200CE.NFO.csv
2025-10-27 13:48:49,544 [INFO] [root] [MainThread]: Started processing: NFO\GFDLNFO_TICK_03012025\GFDLNFO_TICK_03012025\Options\MIDCPNIFTY30JAN2514300CE.NFO.csv
2025-10-27 13:48:49,584 [INFO] [root] [MainThread]: Successfully processed: NFO\GFDLNFO_TICK_03012025\GFDLNFO_TICK_03012025\Options\MIDCPNIFTY30JAN2514300CE.NFO.csv
2025-10-27 13:48:49,584 [INFO] [root] [MainThread]: Started processing: NFO\GFDLNFO_TICK_03012025\GFDLNFO_TICK_03012025\Options\MIDCPNIFTY30JAN2514400CE.NFO.csv
2025-10-27 13:48:49,636 [INFO] [root] [MainThread]: Successfully processed: NFO\GFDLNFO_TICK_03012025\GFDLNFO_TICK_03012025\Options\MIDCPNIFTY30JAN2514400CE.NFO.csv
2025-10-27 13:48:49,637 [INFO] [root] [MainThread]: Started processing: NFO\GFDLNFO_TICK_03012025\GFDLNFO_TICK_03012025\Options\MIDCPNIFTY30JAN2514500CE.NFO.csv
2025-10-27 13:48:49,674 [INFO] [root] [MainThread]: Successfully processed: NFO\GFDLNFO_TICK_03012025\GFDLNFO_TICK_03012025\Options\MIDCPNIFTY30JAN2514500CE.NFO.csv
2025-10-27 13:48:49,675 [INFO] [root] [MainThread]: Started processing: NFO\GFDLNFO_TICK_03012025\GFDLNFO_TICK_03012025\Options\MIDCPNIFTY30JAN2514600CE.NFO.csv
2025-10-27 13:48:49,705 [INFO] [root] [MainThread]: Successfully processed: NFO\GFDLNFO_TICK_03012025\GFDLNFO_TICK_03012025\Options\MIDCPNIFTY30JAN2514600CE.NFO.csv
2025-10-27 13:48:49,705 [INFO] [root] [MainThread]: Started processing: NFO\GFDLNFO_TICK_03012025\GFDLNFO_TICK_03012025\Options\MIDCPNIFTY30JAN2514700CE.NFO.csv
2025-10-27 13:48:49,752 [INFO] [root] [MainThread]: Successfully processed: NFO\GFDLNFO_TICK_03012025\GFDLNFO_TICK_03012025\Options\MIDCPNIFTY30JAN2514700CE.NFO.csv
2025-10-27 13:48:49,753 [INFO] [root] [MainThread]: Combining 67 dataframes...
2025-10-27 13:48:49,772 [INFO] [root] [MainThread]: Writing to ProcessedParquet\midcpnifty_call_03012025.parquet (69729 rows)...
2025-10-27 13:48:49,887 [INFO] [root] [MainThread]: Successfully saved 67 option files to ProcessedParquet\midcpnifty_call_03012025.parquet
2025-10-27 13:48:49,887 [INFO] [root] [MainThread]: Utility stopped.
