2025-10-27 20:33:10,832 [INFO] [root] [MainThread]: Utility started.
2025-10-27 20:33:10,832 [INFO] [root] [MainThread]: Processing FINNIFTY from NFO exchange
2025-10-27 20:33:10,833 [INFO] [root] [MainThread]: Detected yearly folder structure in NFO\GFDLNFO_TICK_03012025
2025-10-27 20:33:11,592 [INFO] [root] [MainThread]: No date subfolders found, extracted date 03012025 from parent folder: GFDLNFO_TICK_03012025
2025-10-27 20:33:11,592 [INFO] [root] [MainThread]: Got following folder info {'03012025': {'NFO\\GFDLNFO_TICK_03012025'}} for processing {'index': 'FINNIFTY', 'instrument_type': 'call'}.
2025-10-27 20:33:11,593 [INFO] [root] [MainThread]: Started processing folder: NFO\GFDLNFO_TICK_03012025 for {'index': 'FINNIFTY', 'instrument_type': 'call'}, date: 03012025
2025-10-27 20:33:11,640 [INFO] [root] [MainThread]: Found 67 call option files to process for FINNIFTY.
2025-10-27 20:33:11,641 [INFO] [root] [MainThread]: Started processing: NFO\GFDLNFO_TICK_03012025\Options\FINNIFTY27FEB2526100CE.NFO.csv
2025-10-27 20:33:11,669 [INFO] [root] [MainThread]: Successfully processed: NFO\GFDLNFO_TICK_03012025\Options\FINNIFTY27FEB2526100CE.NFO.csv
2025-10-27 20:33:11,670 [INFO] [root] [MainThread]: Started processing: NFO\GFDLNFO_TICK_03012025\Options\FINNIFTY27MAR2523000CE.NFO.csv
2025-10-27 20:33:11,688 [INFO] [root] [MainThread]: Successfully processed: NFO\GFDLNFO_TICK_03012025\Options\FINNIFTY27MAR2523000CE.NFO.csv
2025-10-27 20:33:11,689 [INFO] [root] [MainThread]: Started processing: NFO\GFDLNFO_TICK_03012025\Options\FINNIFTY27MAR2524000CE.NFO.csv
2025-10-27 20:33:11,703 [INFO] [root] [MainThread]: Successfully processed: NFO\GFDLNFO_TICK_03012025\Options\FINNIFTY27MAR2524000CE.NFO.csv
2025-10-27 20:33:11,704 [INFO] [root] [MainThread]: Started processing: NFO\GFDLNFO_TICK_03012025\Options\FINNIFTY30JAN2522900CE.NFO.csv
2025-10-27 20:33:11,728 [INFO] [root] [MainThread]: Successfully processed: NFO\GFDLNFO_TICK_03012025\Options\FINNIFTY30JAN2522900CE.NFO.csv
2025-10-27 20:33:11,728 [INFO] [root] [MainThread]: Started processing: NFO\GFDLNFO_TICK_03012025\Options\FINNIFTY30JAN2523000CE.NFO.csv
2025-10-27 20:33:11,742 [INFO] [root] [MainThread]: Successfully processed: NFO\GFDLNFO_TICK_03012025\Options\FINNIFTY30JAN2523000CE.NFO.csv
2025-10-27 20:33:11,743 [INFO] [root] [MainThread]: Started processing: NFO\GFDLNFO_TICK_03012025\Options\FINNIFTY30JAN2523150CE.NFO.csv
2025-10-27 20:33:11,773 [INFO] [root] [MainThread]: Successfully processed: NFO\GFDLNFO_TICK_03012025\Options\FINNIFTY30JAN2523150CE.NFO.csv
2025-10-27 20:33:11,774 [INFO] [root] [MainThread]: Started processing: NFO\GFDLNFO_TICK_03012025\Options\FINNIFTY30JAN2523200CE.NFO.csv
2025-10-27 20:33:11,802 [INFO] [root] [MainThread]: Successfully processed: NFO\GFDLNFO_TICK_03012025\Options\FINNIFTY30JAN2523200CE.NFO.csv
2025-10-27 20:33:11,802 [INFO] [root] [MainThread]: Started processing: NFO\GFDLNFO_TICK_03012025\Options\FINNIFTY30JAN2523250CE.NFO.csv
2025-10-27 20:33:11,856 [INFO] [root] [MainThread]: Successfully processed: NFO\GFDLNFO_TICK_03012025\Options\FINNIFTY30JAN2523250CE.NFO.csv
2025-10-27 20:33:11,856 [INFO] [root] [MainThread]: Started processing: NFO\GFDLNFO_TICK_03012025\Options\FINNIFTY30JAN2523300CE.NFO.csv
2025-10-27 20:33:11,881 [INFO] [root] [MainThread]: Successfully processed: NFO\GFDLNFO_TICK_03012025\Options\FINNIFTY30JAN2523300CE.NFO.csv
2025-10-27 20:33:11,882 [INFO] [root] [MainThread]: Started processing: NFO\GFDLNFO_TICK_03012025\Options\FINNIFTY30JAN2523350CE.NFO.csv
2025-10-27 20:33:11,932 [INFO] [root] [MainThread]: Successfully processed: NFO\GFDLNFO_TICK_03012025\Options\FINNIFTY30JAN2523350CE.NFO.csv
2025-10-27 20:33:11,932 [INFO] [root] [MainThread]: Started processing: NFO\GFDLNFO_TICK_03012025\Options\FINNIFTY30JAN2523400CE.NFO.csv
2025-10-27 20:33:11,965 [INFO] [root] [MainThread]: Successfully processed: NFO\GFDLNFO_TICK_03012025\Options\FINNIFTY30JAN2523400CE.NFO.csv
2025-10-27 20:33:11,965 [INFO] [root] [MainThread]: Started processing: NFO\GFDLNFO_TICK_03012025\Options\FINNIFTY30JAN2523450CE.NFO.csv
2025-10-27 20:33:12,013 [INFO] [root] [MainThread]: Successfully processed: NFO\GFDLNFO_TICK_03012025\Options\FINNIFTY30JAN2523450CE.NFO.csv
2025-10-27 20:33:12,014 [INFO] [root] [MainThread]: Started processing: NFO\GFDLNFO_TICK_03012025\Options\FINNIFTY30JAN2523500CE.NFO.csv
2025-10-27 20:33:12,048 [INFO] [root] [MainThread]: Successfully processed: NFO\GFDLNFO_TICK_03012025\Options\FINNIFTY30JAN2523500CE.NFO.csv
2025-10-27 20:33:12,049 [INFO] [root] [MainThread]: Started processing: NFO\GFDLNFO_TICK_03012025\Options\FINNIFTY30JAN2523550CE.NFO.csv
2025-10-27 20:33:12,092 [INFO] [root] [MainThread]: Successfully processed: NFO\GFDLNFO_TICK_03012025\Options\FINNIFTY30JAN2523550CE.NFO.csv
2025-10-27 20:33:12,092 [INFO] [root] [MainThread]: Started processing: NFO\GFDLNFO_TICK_03012025\Options\FINNIFTY30JAN2523600CE.NFO.csv
2025-10-27 20:33:12,127 [INFO] [root] [MainThread]: Successfully processed: NFO\GFDLNFO_TICK_03012025\Options\FINNIFTY30JAN2523600CE.NFO.csv
2025-10-27 20:33:12,128 [INFO] [root] [MainThread]: Started processing: NFO\GFDLNFO_TICK_03012025\Options\FINNIFTY30JAN2523650CE.NFO.csv
2025-10-27 20:33:12,187 [INFO] [root] [MainThread]: Successfully processed: NFO\GFDLNFO_TICK_03012025\Options\FINNIFTY30JAN2523650CE.NFO.csv
2025-10-27 20:33:12,188 [INFO] [root] [MainThread]: Started processing: NFO\GFDLNFO_TICK_03012025\Options\FINNIFTY30JAN2523700CE.NFO.csv
2025-10-27 20:33:12,243 [INFO] [root] [MainThread]: Successfully processed: NFO\GFDLNFO_TICK_03012025\Options\FINNIFTY30JAN2523700CE.NFO.csv
2025-10-27 20:33:12,243 [INFO] [root] [MainThread]: Started processing: NFO\GFDLNFO_TICK_03012025\Options\FINNIFTY30JAN2523750CE.NFO.csv
2025-10-27 20:33:12,317 [INFO] [root] [MainThread]: Successfully processed: NFO\GFDLNFO_TICK_03012025\Options\FINNIFTY30JAN2523750CE.NFO.csv
2025-10-27 20:33:12,318 [INFO] [root] [MainThread]: Started processing: NFO\GFDLNFO_TICK_03012025\Options\FINNIFTY30JAN2523800CE.NFO.csv
2025-10-27 20:33:12,409 [INFO] [root] [MainThread]: Successfully processed: NFO\GFDLNFO_TICK_03012025\Options\FINNIFTY30JAN2523800CE.NFO.csv
2025-10-27 20:33:12,409 [INFO] [root] [MainThread]: Started processing: NFO\GFDLNFO_TICK_03012025\Options\FINNIFTY30JAN2523850CE.NFO.csv
2025-10-27 20:33:12,494 [INFO] [root] [MainThread]: Successfully processed: NFO\GFDLNFO_TICK_03012025\Options\FINNIFTY30JAN2523850CE.NFO.csv
2025-10-27 20:33:12,495 [INFO] [root] [MainThread]: Started processing: NFO\GFDLNFO_TICK_03012025\Options\FINNIFTY30JAN2523900CE.NFO.csv
2025-10-27 20:33:12,572 [INFO] [root] [MainThread]: Successfully processed: NFO\GFDLNFO_TICK_03012025\Options\FINNIFTY30JAN2523900CE.NFO.csv
2025-10-27 20:33:12,572 [INFO] [root] [MainThread]: Started processing: NFO\GFDLNFO_TICK_03012025\Options\FINNIFTY30JAN2523950CE.NFO.csv
2025-10-27 20:33:12,654 [INFO] [root] [MainThread]: Successfully processed: NFO\GFDLNFO_TICK_03012025\Options\FINNIFTY30JAN2523950CE.NFO.csv
2025-10-27 20:33:12,654 [INFO] [root] [MainThread]: Started processing: NFO\GFDLNFO_TICK_03012025\Options\FINNIFTY30JAN2524000CE.NFO.csv
2025-10-27 20:33:12,754 [INFO] [root] [MainThread]: Successfully processed: NFO\GFDLNFO_TICK_03012025\Options\FINNIFTY30JAN2524000CE.NFO.csv
2025-10-27 20:33:12,754 [INFO] [root] [MainThread]: Started processing: NFO\GFDLNFO_TICK_03012025\Options\FINNIFTY30JAN2524050CE.NFO.csv
2025-10-27 20:33:12,832 [INFO] [root] [MainThread]: Successfully processed: NFO\GFDLNFO_TICK_03012025\Options\FINNIFTY30JAN2524050CE.NFO.csv
2025-10-27 20:33:12,832 [INFO] [root] [MainThread]: Started processing: NFO\GFDLNFO_TICK_03012025\Options\FINNIFTY30JAN2524100CE.NFO.csv
2025-10-27 20:33:12,909 [INFO] [root] [MainThread]: Successfully processed: NFO\GFDLNFO_TICK_03012025\Options\FINNIFTY30JAN2524100CE.NFO.csv
2025-10-27 20:33:12,909 [INFO] [root] [MainThread]: Started processing: NFO\GFDLNFO_TICK_03012025\Options\FINNIFTY30JAN2524150CE.NFO.csv
2025-10-27 20:33:12,982 [INFO] [root] [MainThread]: Successfully processed: NFO\GFDLNFO_TICK_03012025\Options\FINNIFTY30JAN2524150CE.NFO.csv
2025-10-27 20:33:12,982 [INFO] [root] [MainThread]: Started processing: NFO\GFDLNFO_TICK_03012025\Options\FINNIFTY30JAN2524200CE.NFO.csv
2025-10-27 20:33:13,060 [INFO] [root] [MainThread]: Successfully processed: NFO\GFDLNFO_TICK_03012025\Options\FINNIFTY30JAN2524200CE.NFO.csv
2025-10-27 20:33:13,061 [INFO] [root] [MainThread]: Started processing: NFO\GFDLNFO_TICK_03012025\Options\FINNIFTY30JAN2524250CE.NFO.csv
2025-10-27 20:33:13,145 [INFO] [root] [MainThread]: Successfully processed: NFO\GFDLNFO_TICK_03012025\Options\FINNIFTY30JAN2524250CE.NFO.csv
2025-10-27 20:33:13,145 [INFO] [root] [MainThread]: Started processing: NFO\GFDLNFO_TICK_03012025\Options\FINNIFTY30JAN2524300CE.NFO.csv
2025-10-27 20:33:13,250 [INFO] [root] [MainThread]: Successfully processed: NFO\GFDLNFO_TICK_03012025\Options\FINNIFTY30JAN2524300CE.NFO.csv
2025-10-27 20:33:13,251 [INFO] [root] [MainThread]: Started processing: NFO\GFDLNFO_TICK_03012025\Options\FINNIFTY30JAN2524350CE.NFO.csv
2025-10-27 20:33:13,326 [INFO] [root] [MainThread]: Successfully processed: NFO\GFDLNFO_TICK_03012025\Options\FINNIFTY30JAN2524350CE.NFO.csv
2025-10-27 20:33:13,326 [INFO] [root] [MainThread]: Started processing: NFO\GFDLNFO_TICK_03012025\Options\FINNIFTY30JAN2524400CE.NFO.csv
2025-10-27 20:33:13,389 [INFO] [root] [MainThread]: Successfully processed: NFO\GFDLNFO_TICK_03012025\Options\FINNIFTY30JAN2524400CE.NFO.csv
2025-10-27 20:33:13,389 [INFO] [root] [MainThread]: Started processing: NFO\GFDLNFO_TICK_03012025\Options\FINNIFTY30JAN2524450CE.NFO.csv
2025-10-27 20:33:13,459 [INFO] [root] [MainThread]: Successfully processed: NFO\GFDLNFO_TICK_03012025\Options\FINNIFTY30JAN2524450CE.NFO.csv
2025-10-27 20:33:13,460 [INFO] [root] [MainThread]: Started processing: NFO\GFDLNFO_TICK_03012025\Options\FINNIFTY30JAN2524500CE.NFO.csv
2025-10-27 20:33:13,559 [INFO] [root] [MainThread]: Successfully processed: NFO\GFDLNFO_TICK_03012025\Options\FINNIFTY30JAN2524500CE.NFO.csv
2025-10-27 20:33:13,559 [INFO] [root] [MainThread]: Started processing: NFO\GFDLNFO_TICK_03012025\Options\FINNIFTY30JAN2524550CE.NFO.csv
2025-10-27 20:33:13,623 [INFO] [root] [MainThread]: Successfully processed: NFO\GFDLNFO_TICK_03012025\Options\FINNIFTY30JAN2524550CE.NFO.csv
2025-10-27 20:33:13,624 [INFO] [root] [MainThread]: Started processing: NFO\GFDLNFO_TICK_03012025\Options\FINNIFTY30JAN2524600CE.NFO.csv
2025-10-27 20:33:13,678 [INFO] [root] [MainThread]: Successfully processed: NFO\GFDLNFO_TICK_03012025\Options\FINNIFTY30JAN2524600CE.NFO.csv
2025-10-27 20:33:13,679 [INFO] [root] [MainThread]: Started processing: NFO\GFDLNFO_TICK_03012025\Options\FINNIFTY30JAN2524650CE.NFO.csv
2025-10-27 20:33:13,731 [INFO] [root] [MainThread]: Successfully processed: NFO\GFDLNFO_TICK_03012025\Options\FINNIFTY30JAN2524650CE.NFO.csv
2025-10-27 20:33:13,731 [INFO] [root] [MainThread]: Started processing: NFO\GFDLNFO_TICK_03012025\Options\FINNIFTY30JAN2524700CE.NFO.csv
2025-10-27 20:33:13,762 [INFO] [root] [MainThread]: Successfully processed: NFO\GFDLNFO_TICK_03012025\Options\FINNIFTY30JAN2524700CE.NFO.csv
2025-10-27 20:33:13,763 [INFO] [root] [MainThread]: Started processing: NFO\GFDLNFO_TICK_03012025\Options\FINNIFTY30JAN2524750CE.NFO.csv
2025-10-27 20:33:13,822 [INFO] [root] [MainThread]: Successfully processed: NFO\GFDLNFO_TICK_03012025\Options\FINNIFTY30JAN2524750CE.NFO.csv
2025-10-27 20:33:13,822 [INFO] [root] [MainThread]: Started processing: NFO\GFDLNFO_TICK_03012025\Options\FINNIFTY30JAN2524800CE.NFO.csv
2025-10-27 20:33:13,875 [INFO] [root] [MainThread]: Successfully processed: NFO\GFDLNFO_TICK_03012025\Options\FINNIFTY30JAN2524800CE.NFO.csv
2025-10-27 20:33:13,876 [INFO] [root] [MainThread]: Started processing: NFO\GFDLNFO_TICK_03012025\Options\FINNIFTY30JAN2524850CE.NFO.csv
2025-10-27 20:33:13,943 [INFO] [root] [MainThread]: Successfully processed: NFO\GFDLNFO_TICK_03012025\Options\FINNIFTY30JAN2524850CE.NFO.csv
2025-10-27 20:33:13,943 [INFO] [root] [MainThread]: Started processing: NFO\GFDLNFO_TICK_03012025\Options\FINNIFTY30JAN2524900CE.NFO.csv
2025-10-27 20:33:13,996 [INFO] [root] [MainThread]: Successfully processed: NFO\GFDLNFO_TICK_03012025\Options\FINNIFTY30JAN2524900CE.NFO.csv
2025-10-27 20:33:13,996 [INFO] [root] [MainThread]: Started processing: NFO\GFDLNFO_TICK_03012025\Options\FINNIFTY30JAN2524950CE.NFO.csv
2025-10-27 20:33:14,037 [INFO] [root] [MainThread]: Successfully processed: NFO\GFDLNFO_TICK_03012025\Options\FINNIFTY30JAN2524950CE.NFO.csv
2025-10-27 20:33:14,038 [INFO] [root] [MainThread]: Started processing: NFO\GFDLNFO_TICK_03012025\Options\FINNIFTY30JAN2525000CE.NFO.csv
2025-10-27 20:33:14,113 [INFO] [root] [MainThread]: Successfully processed: NFO\GFDLNFO_TICK_03012025\Options\FINNIFTY30JAN2525000CE.NFO.csv
2025-10-27 20:33:14,113 [INFO] [root] [MainThread]: Started processing: NFO\GFDLNFO_TICK_03012025\Options\FINNIFTY30JAN2525100CE.NFO.csv
2025-10-27 20:33:14,162 [INFO] [root] [MainThread]: Successfully processed: NFO\GFDLNFO_TICK_03012025\Options\FINNIFTY30JAN2525100CE.NFO.csv
2025-10-27 20:33:14,162 [INFO] [root] [MainThread]: Started processing: NFO\GFDLNFO_TICK_03012025\Options\FINNIFTY30JAN2525150CE.NFO.csv
2025-10-27 20:33:14,203 [INFO] [root] [MainThread]: Successfully processed: NFO\GFDLNFO_TICK_03012025\Options\FINNIFTY30JAN2525150CE.NFO.csv
2025-10-27 20:33:14,204 [INFO] [root] [MainThread]: Started processing: NFO\GFDLNFO_TICK_03012025\Options\FINNIFTY30JAN2525200CE.NFO.csv
2025-10-27 20:33:14,241 [INFO] [root] [MainThread]: Successfully processed: NFO\GFDLNFO_TICK_03012025\Options\FINNIFTY30JAN2525200CE.NFO.csv
2025-10-27 20:33:14,242 [INFO] [root] [MainThread]: Started processing: NFO\GFDLNFO_TICK_03012025\Options\FINNIFTY30JAN2525250CE.NFO.csv
2025-10-27 20:33:14,277 [INFO] [root] [MainThread]: Successfully processed: NFO\GFDLNFO_TICK_03012025\Options\FINNIFTY30JAN2525250CE.NFO.csv
2025-10-27 20:33:14,277 [INFO] [root] [MainThread]: Started processing: NFO\GFDLNFO_TICK_03012025\Options\FINNIFTY30JAN2525300CE.NFO.csv
2025-10-27 20:33:14,314 [INFO] [root] [MainThread]: Successfully processed: NFO\GFDLNFO_TICK_03012025\Options\FINNIFTY30JAN2525300CE.NFO.csv
2025-10-27 20:33:14,314 [INFO] [root] [MainThread]: Started processing: NFO\GFDLNFO_TICK_03012025\Options\FINNIFTY30JAN2525400CE.NFO.csv
2025-10-27 20:33:14,356 [INFO] [root] [MainThread]: Successfully processed: NFO\GFDLNFO_TICK_03012025\Options\FINNIFTY30JAN2525400CE.NFO.csv
2025-10-27 20:33:14,357 [INFO] [root] [MainThread]: Started processing: NFO\GFDLNFO_TICK_03012025\Options\FINNIFTY30JAN2525500CE.NFO.csv
2025-10-27 20:33:14,412 [INFO] [root] [MainThread]: Successfully processed: NFO\GFDLNFO_TICK_03012025\Options\FINNIFTY30JAN2525500CE.NFO.csv
2025-10-27 20:33:14,413 [INFO] [root] [MainThread]: Started processing: NFO\GFDLNFO_TICK_03012025\Options\FINNIFTY30JAN2525600CE.NFO.csv
2025-10-27 20:33:14,439 [INFO] [root] [MainThread]: Successfully processed: NFO\GFDLNFO_TICK_03012025\Options\FINNIFTY30JAN2525600CE.NFO.csv
2025-10-27 20:33:14,439 [INFO] [root] [MainThread]: Started processing: NFO\GFDLNFO_TICK_03012025\Options\FINNIFTY30JAN2525700CE.NFO.csv
2025-10-27 20:33:14,468 [INFO] [root] [MainThread]: Successfully processed: NFO\GFDLNFO_TICK_03012025\Options\FINNIFTY30JAN2525700CE.NFO.csv
2025-10-27 20:33:14,468 [INFO] [root] [MainThread]: Started processing: NFO\GFDLNFO_TICK_03012025\Options\FINNIFTY30JAN2525800CE.NFO.csv
2025-10-27 20:33:14,494 [INFO] [root] [MainThread]: Successfully processed: NFO\GFDLNFO_TICK_03012025\Options\FINNIFTY30JAN2525800CE.NFO.csv
2025-10-27 20:33:14,495 [INFO] [root] [MainThread]: Started processing: NFO\GFDLNFO_TICK_03012025\Options\FINNIFTY30JAN2525900CE.NFO.csv
2025-10-27 20:33:14,519 [INFO] [root] [MainThread]: Successfully processed: NFO\GFDLNFO_TICK_03012025\Options\FINNIFTY30JAN2525900CE.NFO.csv
2025-10-27 20:33:14,519 [INFO] [root] [MainThread]: Started processing: NFO\GFDLNFO_TICK_03012025\Options\FINNIFTY30JAN2526000CE.NFO.csv
2025-10-27 20:33:14,543 [INFO] [root] [MainThread]: Successfully processed: NFO\GFDLNFO_TICK_03012025\Options\FINNIFTY30JAN2526000CE.NFO.csv
2025-10-27 20:33:14,543 [INFO] [root] [MainThread]: Started processing: NFO\GFDLNFO_TICK_03012025\Options\FINNIFTY30JAN2526100CE.NFO.csv
2025-10-27 20:33:14,564 [INFO] [root] [MainThread]: Successfully processed: NFO\GFDLNFO_TICK_03012025\Options\FINNIFTY30JAN2526100CE.NFO.csv
2025-10-27 20:33:14,564 [INFO] [root] [MainThread]: Started processing: NFO\GFDLNFO_TICK_03012025\Options\FINNIFTY30JAN2526200CE.NFO.csv
2025-10-27 20:33:14,586 [INFO] [root] [MainThread]: Successfully processed: NFO\GFDLNFO_TICK_03012025\Options\FINNIFTY30JAN2526200CE.NFO.csv
2025-10-27 20:33:14,586 [INFO] [root] [MainThread]: Started processing: NFO\GFDLNFO_TICK_03012025\Options\FINNIFTY30JAN2526300CE.NFO.csv
2025-10-27 20:33:14,608 [INFO] [root] [MainThread]: Successfully processed: NFO\GFDLNFO_TICK_03012025\Options\FINNIFTY30JAN2526300CE.NFO.csv
2025-10-27 20:33:14,608 [INFO] [root] [MainThread]: Started processing: NFO\GFDLNFO_TICK_03012025\Options\FINNIFTY30JAN2526400CE.NFO.csv
2025-10-27 20:33:14,627 [INFO] [root] [MainThread]: Successfully processed: NFO\GFDLNFO_TICK_03012025\Options\FINNIFTY30JAN2526400CE.NFO.csv
2025-10-27 20:33:14,627 [INFO] [root] [MainThread]: Started processing: NFO\GFDLNFO_TICK_03012025\Options\FINNIFTY30JAN2526500CE.NFO.csv
2025-10-27 20:33:14,649 [INFO] [root] [MainThread]: Successfully processed: NFO\GFDLNFO_TICK_03012025\Options\FINNIFTY30JAN2526500CE.NFO.csv
2025-10-27 20:33:14,649 [INFO] [root] [MainThread]: Started processing: NFO\GFDLNFO_TICK_03012025\Options\FINNIFTY30JAN2526600CE.NFO.csv
2025-10-27 20:33:14,673 [INFO] [root] [MainThread]: Successfully processed: NFO\GFDLNFO_TICK_03012025\Options\FINNIFTY30JAN2526600CE.NFO.csv
2025-10-27 20:33:14,673 [INFO] [root] [MainThread]: Started processing: NFO\GFDLNFO_TICK_03012025\Options\FINNIFTY30JAN2526700CE.NFO.csv
2025-10-27 20:33:14,695 [INFO] [root] [MainThread]: Successfully processed: NFO\GFDLNFO_TICK_03012025\Options\FINNIFTY30JAN2526700CE.NFO.csv
2025-10-27 20:33:14,695 [INFO] [root] [MainThread]: Started processing: NFO\GFDLNFO_TICK_03012025\Options\FINNIFTY30JAN2526800CE.NFO.csv
2025-10-27 20:33:14,711 [INFO] [root] [MainThread]: Successfully processed: NFO\GFDLNFO_TICK_03012025\Options\FINNIFTY30JAN2526800CE.NFO.csv
2025-10-27 20:33:14,712 [INFO] [root] [MainThread]: Started processing: NFO\GFDLNFO_TICK_03012025\Options\FINNIFTY30JAN2526900CE.NFO.csv
2025-10-27 20:33:14,729 [INFO] [root] [MainThread]: Successfully processed: NFO\GFDLNFO_TICK_03012025\Options\FINNIFTY30JAN2526900CE.NFO.csv
2025-10-27 20:33:14,729 [INFO] [root] [MainThread]: Started processing: NFO\GFDLNFO_TICK_03012025\Options\FINNIFTY30JAN2527000CE.NFO.csv
2025-10-27 20:33:14,753 [INFO] [root] [MainThread]: Successfully processed: NFO\GFDLNFO_TICK_03012025\Options\FINNIFTY30JAN2527000CE.NFO.csv
2025-10-27 20:33:14,754 [INFO] [root] [MainThread]: Started processing: NFO\GFDLNFO_TICK_03012025\Options\FINNIFTY30JAN2527500CE.NFO.csv
2025-10-27 20:33:14,773 [INFO] [root] [MainThread]: Successfully processed: NFO\GFDLNFO_TICK_03012025\Options\FINNIFTY30JAN2527500CE.NFO.csv
2025-10-27 20:33:14,773 [INFO] [root] [MainThread]: Started processing: NFO\GFDLNFO_TICK_03012025\Options\FINNIFTY30JAN2528000CE.NFO.csv
2025-10-27 20:33:14,788 [INFO] [root] [MainThread]: Successfully processed: NFO\GFDLNFO_TICK_03012025\Options\FINNIFTY30JAN2528000CE.NFO.csv
2025-10-27 20:33:14,788 [INFO] [root] [MainThread]: Combining 67 dataframes...
2025-10-27 20:33:14,822 [INFO] [root] [MainThread]: Writing to ProcessedParquet\finnifty_call_03012025.parquet (46530 rows)...
2025-10-27 20:33:14,939 [INFO] [root] [MainThread]: Successfully saved 67 option files to ProcessedParquet\finnifty_call_03012025.parquet
2025-10-27 20:33:14,939 [INFO] [root] [MainThread]: Utility stopped.
