2025-10-27 11:09:03,399 [INFO] [root] [MainThread]: Utility started.
2025-10-27 11:09:03,400 [INFO] [root] [MainThread]: Processing BANKNIFTY from NFO exchange
2025-10-27 11:09:03,401 [INFO] [root] [MainThread]: Found date 03012025 from folder name: GFDLNFO_TICK_03012025 for exchange NFO
2025-10-27 11:09:03,402 [INFO] [root] [MainThread]: Got following folder info {'03012025': {'GFDLNFO_TICK_03012025'}} for processing {'index': 'BANKNIFTY', 'instrument_type': 'put'}.
2025-10-27 11:09:03,403 [INFO] [root] [MainThread]: Started processing folder: GFDLNFO_TICK_03012025 for {'index': 'BANKNIFTY', 'instrument_type': 'put'}
2025-10-27 11:09:03,452 [INFO] [root] [MainThread]: Found 170 put option files to process for BANKNIFTY.
2025-10-27 11:09:03,453 [INFO] [root] [MainThread]: Started processing: GFDLNFO_TICK_03012025\Options\BANKNIFTY25SEP2552500PE.NFO.csv
2025-10-27 11:09:03,673 [INFO] [root] [MainThread]: Successfully processed: GFDLNFO_TICK_03012025\Options\BANKNIFTY25SEP2552500PE.NFO.csv
2025-10-27 11:09:03,673 [INFO] [root] [MainThread]: Started processing: GFDLNFO_TICK_03012025\Options\BANKNIFTY26JUN2549500PE.NFO.csv
2025-10-27 11:09:03,843 [INFO] [root] [MainThread]: Successfully processed: GFDLNFO_TICK_03012025\Options\BANKNIFTY26JUN2549500PE.NFO.csv
2025-10-27 11:09:03,848 [INFO] [root] [MainThread]: Started processing: GFDLNFO_TICK_03012025\Options\BANKNIFTY27FEB2543500PE.NFO.csv
2025-10-27 11:09:03,920 [INFO] [root] [MainThread]: Successfully processed: GFDLNFO_TICK_03012025\Options\BANKNIFTY27FEB2543500PE.NFO.csv
2025-10-27 11:09:03,920 [INFO] [root] [MainThread]: Started processing: GFDLNFO_TICK_03012025\Options\BANKNIFTY27FEB2545000PE.NFO.csv
2025-10-27 11:09:04,002 [INFO] [root] [MainThread]: Successfully processed: GFDLNFO_TICK_03012025\Options\BANKNIFTY27FEB2545000PE.NFO.csv
2025-10-27 11:09:04,002 [INFO] [root] [MainThread]: Started processing: GFDLNFO_TICK_03012025\Options\BANKNIFTY27FEB2546000PE.NFO.csv
2025-10-27 11:09:04,104 [INFO] [root] [MainThread]: Successfully processed: GFDLNFO_TICK_03012025\Options\BANKNIFTY27FEB2546000PE.NFO.csv
2025-10-27 11:09:04,104 [INFO] [root] [MainThread]: Started processing: GFDLNFO_TICK_03012025\Options\BANKNIFTY27FEB2546500PE.NFO.csv
2025-10-27 11:09:04,176 [INFO] [root] [MainThread]: Successfully processed: GFDLNFO_TICK_03012025\Options\BANKNIFTY27FEB2546500PE.NFO.csv
2025-10-27 11:09:04,176 [INFO] [root] [MainThread]: Started processing: GFDLNFO_TICK_03012025\Options\BANKNIFTY27FEB2547000PE.NFO.csv
2025-10-27 11:09:04,337 [INFO] [root] [MainThread]: Successfully processed: GFDLNFO_TICK_03012025\Options\BANKNIFTY27FEB2547000PE.NFO.csv
2025-10-27 11:09:04,337 [INFO] [root] [MainThread]: Started processing: GFDLNFO_TICK_03012025\Options\BANKNIFTY27FEB2547500PE.NFO.csv
2025-10-27 11:09:04,433 [INFO] [root] [MainThread]: Successfully processed: GFDLNFO_TICK_03012025\Options\BANKNIFTY27FEB2547500PE.NFO.csv
2025-10-27 11:09:04,433 [INFO] [root] [MainThread]: Started processing: GFDLNFO_TICK_03012025\Options\BANKNIFTY27FEB2548000PE.NFO.csv
2025-10-27 11:09:04,510 [INFO] [root] [MainThread]: Successfully processed: GFDLNFO_TICK_03012025\Options\BANKNIFTY27FEB2548000PE.NFO.csv
2025-10-27 11:09:04,510 [INFO] [root] [MainThread]: Started processing: GFDLNFO_TICK_03012025\Options\BANKNIFTY27FEB2548100PE.NFO.csv
2025-10-27 11:09:04,539 [INFO] [root] [MainThread]: Successfully processed: GFDLNFO_TICK_03012025\Options\BANKNIFTY27FEB2548100PE.NFO.csv
2025-10-27 11:09:04,539 [INFO] [root] [MainThread]: Started processing: GFDLNFO_TICK_03012025\Options\BANKNIFTY27FEB2548500PE.NFO.csv
2025-10-27 11:09:04,614 [INFO] [root] [MainThread]: Successfully processed: GFDLNFO_TICK_03012025\Options\BANKNIFTY27FEB2548500PE.NFO.csv
2025-10-27 11:09:04,614 [INFO] [root] [MainThread]: Started processing: GFDLNFO_TICK_03012025\Options\BANKNIFTY27FEB2549000PE.NFO.csv
2025-10-27 11:09:04,707 [INFO] [root] [MainThread]: Successfully processed: GFDLNFO_TICK_03012025\Options\BANKNIFTY27FEB2549000PE.NFO.csv
2025-10-27 11:09:04,709 [INFO] [root] [MainThread]: Started processing: GFDLNFO_TICK_03012025\Options\BANKNIFTY27FEB2549200PE.NFO.csv
2025-10-27 11:09:04,790 [INFO] [root] [MainThread]: Successfully processed: GFDLNFO_TICK_03012025\Options\BANKNIFTY27FEB2549200PE.NFO.csv
2025-10-27 11:09:04,790 [INFO] [root] [MainThread]: Started processing: GFDLNFO_TICK_03012025\Options\BANKNIFTY27FEB2549500PE.NFO.csv
2025-10-27 11:09:04,949 [INFO] [root] [MainThread]: Successfully processed: GFDLNFO_TICK_03012025\Options\BANKNIFTY27FEB2549500PE.NFO.csv
2025-10-27 11:09:04,950 [INFO] [root] [MainThread]: Started processing: GFDLNFO_TICK_03012025\Options\BANKNIFTY27FEB2549600PE.NFO.csv
2025-10-27 11:09:05,036 [INFO] [root] [MainThread]: Successfully processed: GFDLNFO_TICK_03012025\Options\BANKNIFTY27FEB2549600PE.NFO.csv
2025-10-27 11:09:05,036 [INFO] [root] [MainThread]: Started processing: GFDLNFO_TICK_03012025\Options\BANKNIFTY27FEB2549800PE.NFO.csv
2025-10-27 11:09:05,128 [INFO] [root] [MainThread]: Successfully processed: GFDLNFO_TICK_03012025\Options\BANKNIFTY27FEB2549800PE.NFO.csv
2025-10-27 11:09:05,128 [INFO] [root] [MainThread]: Started processing: GFDLNFO_TICK_03012025\Options\BANKNIFTY27FEB2549900PE.NFO.csv
2025-10-27 11:09:05,212 [INFO] [root] [MainThread]: Successfully processed: GFDLNFO_TICK_03012025\Options\BANKNIFTY27FEB2549900PE.NFO.csv
2025-10-27 11:09:05,212 [INFO] [root] [MainThread]: Started processing: GFDLNFO_TICK_03012025\Options\BANKNIFTY27FEB2550000PE.NFO.csv
2025-10-27 11:09:05,352 [INFO] [root] [MainThread]: Successfully processed: GFDLNFO_TICK_03012025\Options\BANKNIFTY27FEB2550000PE.NFO.csv
2025-10-27 11:09:05,352 [INFO] [root] [MainThread]: Started processing: GFDLNFO_TICK_03012025\Options\BANKNIFTY27FEB2550100PE.NFO.csv
2025-10-27 11:09:05,507 [INFO] [root] [MainThread]: Successfully processed: GFDLNFO_TICK_03012025\Options\BANKNIFTY27FEB2550100PE.NFO.csv
2025-10-27 11:09:05,508 [INFO] [root] [MainThread]: Started processing: GFDLNFO_TICK_03012025\Options\BANKNIFTY27FEB2550200PE.NFO.csv
2025-10-27 11:09:05,588 [INFO] [root] [MainThread]: Successfully processed: GFDLNFO_TICK_03012025\Options\BANKNIFTY27FEB2550200PE.NFO.csv
2025-10-27 11:09:05,589 [INFO] [root] [MainThread]: Started processing: GFDLNFO_TICK_03012025\Options\BANKNIFTY27FEB2550400PE.NFO.csv
2025-10-27 11:09:05,712 [INFO] [root] [MainThread]: Successfully processed: GFDLNFO_TICK_03012025\Options\BANKNIFTY27FEB2550400PE.NFO.csv
2025-10-27 11:09:05,712 [INFO] [root] [MainThread]: Started processing: GFDLNFO_TICK_03012025\Options\BANKNIFTY27FEB2550500PE.NFO.csv
2025-10-27 11:09:05,853 [INFO] [root] [MainThread]: Successfully processed: GFDLNFO_TICK_03012025\Options\BANKNIFTY27FEB2550500PE.NFO.csv
2025-10-27 11:09:05,854 [INFO] [root] [MainThread]: Started processing: GFDLNFO_TICK_03012025\Options\BANKNIFTY27FEB2550600PE.NFO.csv
2025-10-27 11:09:05,981 [INFO] [root] [MainThread]: Successfully processed: GFDLNFO_TICK_03012025\Options\BANKNIFTY27FEB2550600PE.NFO.csv
2025-10-27 11:09:05,981 [INFO] [root] [MainThread]: Started processing: GFDLNFO_TICK_03012025\Options\BANKNIFTY27FEB2550700PE.NFO.csv
2025-10-27 11:09:06,102 [INFO] [root] [MainThread]: Successfully processed: GFDLNFO_TICK_03012025\Options\BANKNIFTY27FEB2550700PE.NFO.csv
2025-10-27 11:09:06,102 [INFO] [root] [MainThread]: Started processing: GFDLNFO_TICK_03012025\Options\BANKNIFTY27FEB2550800PE.NFO.csv
2025-10-27 11:09:06,229 [INFO] [root] [MainThread]: Successfully processed: GFDLNFO_TICK_03012025\Options\BANKNIFTY27FEB2550800PE.NFO.csv
2025-10-27 11:09:06,229 [INFO] [root] [MainThread]: Started processing: GFDLNFO_TICK_03012025\Options\BANKNIFTY27FEB2550900PE.NFO.csv
2025-10-27 11:09:06,360 [INFO] [root] [MainThread]: Successfully processed: GFDLNFO_TICK_03012025\Options\BANKNIFTY27FEB2550900PE.NFO.csv
2025-10-27 11:09:06,360 [INFO] [root] [MainThread]: Started processing: GFDLNFO_TICK_03012025\Options\BANKNIFTY27FEB2551000PE.NFO.csv
2025-10-27 11:09:06,557 [INFO] [root] [MainThread]: Successfully processed: GFDLNFO_TICK_03012025\Options\BANKNIFTY27FEB2551000PE.NFO.csv
2025-10-27 11:09:06,557 [INFO] [root] [MainThread]: Started processing: GFDLNFO_TICK_03012025\Options\BANKNIFTY27FEB2551100PE.NFO.csv
2025-10-27 11:09:06,720 [INFO] [root] [MainThread]: Successfully processed: GFDLNFO_TICK_03012025\Options\BANKNIFTY27FEB2551100PE.NFO.csv
2025-10-27 11:09:06,720 [INFO] [root] [MainThread]: Started processing: GFDLNFO_TICK_03012025\Options\BANKNIFTY27FEB2551200PE.NFO.csv
2025-10-27 11:09:06,866 [INFO] [root] [MainThread]: Successfully processed: GFDLNFO_TICK_03012025\Options\BANKNIFTY27FEB2551200PE.NFO.csv
2025-10-27 11:09:06,867 [INFO] [root] [MainThread]: Started processing: GFDLNFO_TICK_03012025\Options\BANKNIFTY27FEB2551300PE.NFO.csv
2025-10-27 11:09:06,990 [INFO] [root] [MainThread]: Successfully processed: GFDLNFO_TICK_03012025\Options\BANKNIFTY27FEB2551300PE.NFO.csv
2025-10-27 11:09:06,991 [INFO] [root] [MainThread]: Started processing: GFDLNFO_TICK_03012025\Options\BANKNIFTY27FEB2551400PE.NFO.csv
2025-10-27 11:09:07,089 [INFO] [root] [MainThread]: Successfully processed: GFDLNFO_TICK_03012025\Options\BANKNIFTY27FEB2551400PE.NFO.csv
2025-10-27 11:09:07,090 [INFO] [root] [MainThread]: Started processing: GFDLNFO_TICK_03012025\Options\BANKNIFTY27FEB2551500PE.NFO.csv
2025-10-27 11:09:07,222 [INFO] [root] [MainThread]: Successfully processed: GFDLNFO_TICK_03012025\Options\BANKNIFTY27FEB2551500PE.NFO.csv
2025-10-27 11:09:07,222 [INFO] [root] [MainThread]: Started processing: GFDLNFO_TICK_03012025\Options\BANKNIFTY27FEB2551600PE.NFO.csv
2025-10-27 11:09:07,340 [INFO] [root] [MainThread]: Successfully processed: GFDLNFO_TICK_03012025\Options\BANKNIFTY27FEB2551600PE.NFO.csv
2025-10-27 11:09:07,340 [INFO] [root] [MainThread]: Started processing: GFDLNFO_TICK_03012025\Options\BANKNIFTY27FEB2551700PE.NFO.csv
2025-10-27 11:09:07,447 [INFO] [root] [MainThread]: Successfully processed: GFDLNFO_TICK_03012025\Options\BANKNIFTY27FEB2551700PE.NFO.csv
2025-10-27 11:09:07,447 [INFO] [root] [MainThread]: Started processing: GFDLNFO_TICK_03012025\Options\BANKNIFTY27FEB2551800PE.NFO.csv
2025-10-27 11:09:07,546 [INFO] [root] [MainThread]: Successfully processed: GFDLNFO_TICK_03012025\Options\BANKNIFTY27FEB2551800PE.NFO.csv
2025-10-27 11:09:07,546 [INFO] [root] [MainThread]: Started processing: GFDLNFO_TICK_03012025\Options\BANKNIFTY27FEB2551900PE.NFO.csv
2025-10-27 11:09:07,649 [INFO] [root] [MainThread]: Successfully processed: GFDLNFO_TICK_03012025\Options\BANKNIFTY27FEB2551900PE.NFO.csv
2025-10-27 11:09:07,649 [INFO] [root] [MainThread]: Started processing: GFDLNFO_TICK_03012025\Options\BANKNIFTY27FEB2552000PE.NFO.csv
2025-10-27 11:09:07,761 [INFO] [root] [MainThread]: Successfully processed: GFDLNFO_TICK_03012025\Options\BANKNIFTY27FEB2552000PE.NFO.csv
2025-10-27 11:09:07,761 [INFO] [root] [MainThread]: Started processing: GFDLNFO_TICK_03012025\Options\BANKNIFTY27FEB2552100PE.NFO.csv
2025-10-27 11:09:07,866 [INFO] [root] [MainThread]: Successfully processed: GFDLNFO_TICK_03012025\Options\BANKNIFTY27FEB2552100PE.NFO.csv
2025-10-27 11:09:07,866 [INFO] [root] [MainThread]: Started processing: GFDLNFO_TICK_03012025\Options\BANKNIFTY27FEB2552200PE.NFO.csv
2025-10-27 11:09:07,969 [INFO] [root] [MainThread]: Successfully processed: GFDLNFO_TICK_03012025\Options\BANKNIFTY27FEB2552200PE.NFO.csv
2025-10-27 11:09:07,969 [INFO] [root] [MainThread]: Started processing: GFDLNFO_TICK_03012025\Options\BANKNIFTY27FEB2552300PE.NFO.csv
2025-10-27 11:09:08,055 [INFO] [root] [MainThread]: Successfully processed: GFDLNFO_TICK_03012025\Options\BANKNIFTY27FEB2552300PE.NFO.csv
2025-10-27 11:09:08,055 [INFO] [root] [MainThread]: Started processing: GFDLNFO_TICK_03012025\Options\BANKNIFTY27FEB2552400PE.NFO.csv
2025-10-27 11:09:08,134 [INFO] [root] [MainThread]: Successfully processed: GFDLNFO_TICK_03012025\Options\BANKNIFTY27FEB2552400PE.NFO.csv
2025-10-27 11:09:08,135 [INFO] [root] [MainThread]: Started processing: GFDLNFO_TICK_03012025\Options\BANKNIFTY27FEB2552500PE.NFO.csv
2025-10-27 11:09:08,224 [INFO] [root] [MainThread]: Successfully processed: GFDLNFO_TICK_03012025\Options\BANKNIFTY27FEB2552500PE.NFO.csv
2025-10-27 11:09:08,224 [INFO] [root] [MainThread]: Started processing: GFDLNFO_TICK_03012025\Options\BANKNIFTY27FEB2552600PE.NFO.csv
2025-10-27 11:09:08,318 [INFO] [root] [MainThread]: Successfully processed: GFDLNFO_TICK_03012025\Options\BANKNIFTY27FEB2552600PE.NFO.csv
2025-10-27 11:09:08,319 [INFO] [root] [MainThread]: Started processing: GFDLNFO_TICK_03012025\Options\BANKNIFTY27FEB2552700PE.NFO.csv
2025-10-27 11:09:08,384 [INFO] [root] [MainThread]: Successfully processed: GFDLNFO_TICK_03012025\Options\BANKNIFTY27FEB2552700PE.NFO.csv
2025-10-27 11:09:08,384 [INFO] [root] [MainThread]: Started processing: GFDLNFO_TICK_03012025\Options\BANKNIFTY27FEB2552800PE.NFO.csv
2025-10-27 11:09:08,482 [INFO] [root] [MainThread]: Successfully processed: GFDLNFO_TICK_03012025\Options\BANKNIFTY27FEB2552800PE.NFO.csv
2025-10-27 11:09:08,483 [INFO] [root] [MainThread]: Started processing: GFDLNFO_TICK_03012025\Options\BANKNIFTY27FEB2552900PE.NFO.csv
2025-10-27 11:09:08,537 [INFO] [root] [MainThread]: Successfully processed: GFDLNFO_TICK_03012025\Options\BANKNIFTY27FEB2552900PE.NFO.csv
2025-10-27 11:09:08,538 [INFO] [root] [MainThread]: Started processing: GFDLNFO_TICK_03012025\Options\BANKNIFTY27FEB2553000PE.NFO.csv
2025-10-27 11:09:08,649 [INFO] [root] [MainThread]: Successfully processed: GFDLNFO_TICK_03012025\Options\BANKNIFTY27FEB2553000PE.NFO.csv
2025-10-27 11:09:08,650 [INFO] [root] [MainThread]: Started processing: GFDLNFO_TICK_03012025\Options\BANKNIFTY27FEB2553100PE.NFO.csv
2025-10-27 11:09:08,724 [INFO] [root] [MainThread]: Successfully processed: GFDLNFO_TICK_03012025\Options\BANKNIFTY27FEB2553100PE.NFO.csv
2025-10-27 11:09:08,725 [INFO] [root] [MainThread]: Started processing: GFDLNFO_TICK_03012025\Options\BANKNIFTY27FEB2553200PE.NFO.csv
2025-10-27 11:09:08,785 [INFO] [root] [MainThread]: Successfully processed: GFDLNFO_TICK_03012025\Options\BANKNIFTY27FEB2553200PE.NFO.csv
2025-10-27 11:09:08,785 [INFO] [root] [MainThread]: Started processing: GFDLNFO_TICK_03012025\Options\BANKNIFTY27FEB2553500PE.NFO.csv
2025-10-27 11:09:08,901 [INFO] [root] [MainThread]: Successfully processed: GFDLNFO_TICK_03012025\Options\BANKNIFTY27FEB2553500PE.NFO.csv
2025-10-27 11:09:08,902 [INFO] [root] [MainThread]: Started processing: GFDLNFO_TICK_03012025\Options\BANKNIFTY27FEB2554000PE.NFO.csv
2025-10-27 11:09:09,068 [INFO] [root] [MainThread]: Successfully processed: GFDLNFO_TICK_03012025\Options\BANKNIFTY27FEB2554000PE.NFO.csv
2025-10-27 11:09:09,068 [INFO] [root] [MainThread]: Started processing: GFDLNFO_TICK_03012025\Options\BANKNIFTY27FEB2555000PE.NFO.csv
2025-10-27 11:09:09,229 [INFO] [root] [MainThread]: Successfully processed: GFDLNFO_TICK_03012025\Options\BANKNIFTY27FEB2555000PE.NFO.csv
2025-10-27 11:09:09,230 [INFO] [root] [MainThread]: Started processing: GFDLNFO_TICK_03012025\Options\BANKNIFTY27FEB2555500PE.NFO.csv
2025-10-27 11:09:09,357 [INFO] [root] [MainThread]: Successfully processed: GFDLNFO_TICK_03012025\Options\BANKNIFTY27FEB2555500PE.NFO.csv
2025-10-27 11:09:09,358 [INFO] [root] [MainThread]: Started processing: GFDLNFO_TICK_03012025\Options\BANKNIFTY27FEB2556000PE.NFO.csv
2025-10-27 11:09:09,465 [INFO] [root] [MainThread]: Successfully processed: GFDLNFO_TICK_03012025\Options\BANKNIFTY27FEB2556000PE.NFO.csv
2025-10-27 11:09:09,465 [INFO] [root] [MainThread]: Started processing: GFDLNFO_TICK_03012025\Options\BANKNIFTY27FEB2556500PE.NFO.csv
2025-10-27 11:09:09,575 [INFO] [root] [MainThread]: Successfully processed: GFDLNFO_TICK_03012025\Options\BANKNIFTY27FEB2556500PE.NFO.csv
2025-10-27 11:09:09,575 [INFO] [root] [MainThread]: Started processing: GFDLNFO_TICK_03012025\Options\BANKNIFTY27FEB2557000PE.NFO.csv
2025-10-27 11:09:09,687 [INFO] [root] [MainThread]: Successfully processed: GFDLNFO_TICK_03012025\Options\BANKNIFTY27FEB2557000PE.NFO.csv
2025-10-27 11:09:09,687 [INFO] [root] [MainThread]: Started processing: GFDLNFO_TICK_03012025\Options\BANKNIFTY27MAR2545000PE.NFO.csv
2025-10-27 11:09:09,761 [INFO] [root] [MainThread]: Successfully processed: GFDLNFO_TICK_03012025\Options\BANKNIFTY27MAR2545000PE.NFO.csv
2025-10-27 11:09:09,761 [INFO] [root] [MainThread]: Started processing: GFDLNFO_TICK_03012025\Options\BANKNIFTY27MAR2546500PE.NFO.csv
2025-10-27 11:09:09,868 [INFO] [root] [MainThread]: Successfully processed: GFDLNFO_TICK_03012025\Options\BANKNIFTY27MAR2546500PE.NFO.csv
2025-10-27 11:09:09,869 [INFO] [root] [MainThread]: Started processing: GFDLNFO_TICK_03012025\Options\BANKNIFTY27MAR2547000PE.NFO.csv
2025-10-27 11:09:09,986 [INFO] [root] [MainThread]: Successfully processed: GFDLNFO_TICK_03012025\Options\BANKNIFTY27MAR2547000PE.NFO.csv
2025-10-27 11:09:09,986 [INFO] [root] [MainThread]: Started processing: GFDLNFO_TICK_03012025\Options\BANKNIFTY27MAR2547500PE.NFO.csv
2025-10-27 11:09:10,085 [INFO] [root] [MainThread]: Successfully processed: GFDLNFO_TICK_03012025\Options\BANKNIFTY27MAR2547500PE.NFO.csv
2025-10-27 11:09:10,085 [INFO] [root] [MainThread]: Started processing: GFDLNFO_TICK_03012025\Options\BANKNIFTY27MAR2548000PE.NFO.csv
2025-10-27 11:09:10,196 [INFO] [root] [MainThread]: Successfully processed: GFDLNFO_TICK_03012025\Options\BANKNIFTY27MAR2548000PE.NFO.csv
2025-10-27 11:09:10,196 [INFO] [root] [MainThread]: Started processing: GFDLNFO_TICK_03012025\Options\BANKNIFTY27MAR2548100PE.NFO.csv
2025-10-27 11:09:10,260 [INFO] [root] [MainThread]: Successfully processed: GFDLNFO_TICK_03012025\Options\BANKNIFTY27MAR2548100PE.NFO.csv
2025-10-27 11:09:10,261 [INFO] [root] [MainThread]: Started processing: GFDLNFO_TICK_03012025\Options\BANKNIFTY27MAR2548500PE.NFO.csv
2025-10-27 11:09:10,353 [INFO] [root] [MainThread]: Successfully processed: GFDLNFO_TICK_03012025\Options\BANKNIFTY27MAR2548500PE.NFO.csv
2025-10-27 11:09:10,353 [INFO] [root] [MainThread]: Started processing: GFDLNFO_TICK_03012025\Options\BANKNIFTY27MAR2549000PE.NFO.csv
2025-10-27 11:09:10,465 [INFO] [root] [MainThread]: Successfully processed: GFDLNFO_TICK_03012025\Options\BANKNIFTY27MAR2549000PE.NFO.csv
2025-10-27 11:09:10,465 [INFO] [root] [MainThread]: Started processing: GFDLNFO_TICK_03012025\Options\BANKNIFTY27MAR2549500PE.NFO.csv
2025-10-27 11:09:10,585 [INFO] [root] [MainThread]: Successfully processed: GFDLNFO_TICK_03012025\Options\BANKNIFTY27MAR2549500PE.NFO.csv
2025-10-27 11:09:10,586 [INFO] [root] [MainThread]: Started processing: GFDLNFO_TICK_03012025\Options\BANKNIFTY27MAR2550000PE.NFO.csv
2025-10-27 11:09:10,716 [INFO] [root] [MainThread]: Successfully processed: GFDLNFO_TICK_03012025\Options\BANKNIFTY27MAR2550000PE.NFO.csv
2025-10-27 11:09:10,717 [INFO] [root] [MainThread]: Started processing: GFDLNFO_TICK_03012025\Options\BANKNIFTY27MAR2550500PE.NFO.csv
2025-10-27 11:09:10,810 [INFO] [root] [MainThread]: Successfully processed: GFDLNFO_TICK_03012025\Options\BANKNIFTY27MAR2550500PE.NFO.csv
2025-10-27 11:09:10,811 [INFO] [root] [MainThread]: Started processing: GFDLNFO_TICK_03012025\Options\BANKNIFTY27MAR2551000PE.NFO.csv
2025-10-27 11:09:10,915 [INFO] [root] [MainThread]: Successfully processed: GFDLNFO_TICK_03012025\Options\BANKNIFTY27MAR2551000PE.NFO.csv
2025-10-27 11:09:10,915 [INFO] [root] [MainThread]: Started processing: GFDLNFO_TICK_03012025\Options\BANKNIFTY27MAR2551200PE.NFO.csv
2025-10-27 11:09:10,999 [INFO] [root] [MainThread]: Successfully processed: GFDLNFO_TICK_03012025\Options\BANKNIFTY27MAR2551200PE.NFO.csv
2025-10-27 11:09:10,999 [INFO] [root] [MainThread]: Started processing: GFDLNFO_TICK_03012025\Options\BANKNIFTY27MAR2551500PE.NFO.csv
2025-10-27 11:09:11,074 [INFO] [root] [MainThread]: Successfully processed: GFDLNFO_TICK_03012025\Options\BANKNIFTY27MAR2551500PE.NFO.csv
2025-10-27 11:09:11,075 [INFO] [root] [MainThread]: Started processing: GFDLNFO_TICK_03012025\Options\BANKNIFTY27MAR2552000PE.NFO.csv
2025-10-27 11:09:11,168 [INFO] [root] [MainThread]: Successfully processed: GFDLNFO_TICK_03012025\Options\BANKNIFTY27MAR2552000PE.NFO.csv
2025-10-27 11:09:11,168 [INFO] [root] [MainThread]: Started processing: GFDLNFO_TICK_03012025\Options\BANKNIFTY27MAR2552500PE.NFO.csv
2025-10-27 11:09:11,260 [INFO] [root] [MainThread]: Successfully processed: GFDLNFO_TICK_03012025\Options\BANKNIFTY27MAR2552500PE.NFO.csv
2025-10-27 11:09:11,260 [INFO] [root] [MainThread]: Started processing: GFDLNFO_TICK_03012025\Options\BANKNIFTY27MAR2553000PE.NFO.csv
2025-10-27 11:09:11,339 [INFO] [root] [MainThread]: Successfully processed: GFDLNFO_TICK_03012025\Options\BANKNIFTY27MAR2553000PE.NFO.csv
2025-10-27 11:09:11,339 [INFO] [root] [MainThread]: Started processing: GFDLNFO_TICK_03012025\Options\BANKNIFTY27MAR2554000PE.NFO.csv
2025-10-27 11:09:11,416 [INFO] [root] [MainThread]: Successfully processed: GFDLNFO_TICK_03012025\Options\BANKNIFTY27MAR2554000PE.NFO.csv
2025-10-27 11:09:11,417 [INFO] [root] [MainThread]: Started processing: GFDLNFO_TICK_03012025\Options\BANKNIFTY27MAR2555500PE.NFO.csv
2025-10-27 11:09:11,502 [INFO] [root] [MainThread]: Successfully processed: GFDLNFO_TICK_03012025\Options\BANKNIFTY27MAR2555500PE.NFO.csv
2025-10-27 11:09:11,503 [INFO] [root] [MainThread]: Started processing: GFDLNFO_TICK_03012025\Options\BANKNIFTY30JAN2542500PE.NFO.csv
2025-10-27 11:09:11,647 [INFO] [root] [MainThread]: Successfully processed: GFDLNFO_TICK_03012025\Options\BANKNIFTY30JAN2542500PE.NFO.csv
2025-10-27 11:09:11,647 [INFO] [root] [MainThread]: Started processing: GFDLNFO_TICK_03012025\Options\BANKNIFTY30JAN2543000PE.NFO.csv
2025-10-27 11:09:11,823 [INFO] [root] [MainThread]: Successfully processed: GFDLNFO_TICK_03012025\Options\BANKNIFTY30JAN2543000PE.NFO.csv
2025-10-27 11:09:11,823 [INFO] [root] [MainThread]: Started processing: GFDLNFO_TICK_03012025\Options\BANKNIFTY30JAN2543500PE.NFO.csv
2025-10-27 11:09:11,925 [INFO] [root] [MainThread]: Successfully processed: GFDLNFO_TICK_03012025\Options\BANKNIFTY30JAN2543500PE.NFO.csv
2025-10-27 11:09:11,925 [INFO] [root] [MainThread]: Started processing: GFDLNFO_TICK_03012025\Options\BANKNIFTY30JAN2544000PE.NFO.csv
2025-10-27 11:09:12,011 [INFO] [root] [MainThread]: Successfully processed: GFDLNFO_TICK_03012025\Options\BANKNIFTY30JAN2544000PE.NFO.csv
2025-10-27 11:09:12,012 [INFO] [root] [MainThread]: Started processing: GFDLNFO_TICK_03012025\Options\BANKNIFTY30JAN2544500PE.NFO.csv
2025-10-27 11:09:12,109 [INFO] [root] [MainThread]: Successfully processed: GFDLNFO_TICK_03012025\Options\BANKNIFTY30JAN2544500PE.NFO.csv
2025-10-27 11:09:12,109 [INFO] [root] [MainThread]: Started processing: GFDLNFO_TICK_03012025\Options\BANKNIFTY30JAN2545000PE.NFO.csv
2025-10-27 11:09:12,231 [INFO] [root] [MainThread]: Successfully processed: GFDLNFO_TICK_03012025\Options\BANKNIFTY30JAN2545000PE.NFO.csv
2025-10-27 11:09:12,231 [INFO] [root] [MainThread]: Started processing: GFDLNFO_TICK_03012025\Options\BANKNIFTY30JAN2545500PE.NFO.csv
2025-10-27 11:09:12,333 [INFO] [root] [MainThread]: Successfully processed: GFDLNFO_TICK_03012025\Options\BANKNIFTY30JAN2545500PE.NFO.csv
2025-10-27 11:09:12,333 [INFO] [root] [MainThread]: Started processing: GFDLNFO_TICK_03012025\Options\BANKNIFTY30JAN2546000PE.NFO.csv
2025-10-27 11:09:12,470 [INFO] [root] [MainThread]: Successfully processed: GFDLNFO_TICK_03012025\Options\BANKNIFTY30JAN2546000PE.NFO.csv
2025-10-27 11:09:12,470 [INFO] [root] [MainThread]: Started processing: GFDLNFO_TICK_03012025\Options\BANKNIFTY30JAN2546500PE.NFO.csv
2025-10-27 11:09:12,617 [INFO] [root] [MainThread]: Successfully processed: GFDLNFO_TICK_03012025\Options\BANKNIFTY30JAN2546500PE.NFO.csv
2025-10-27 11:09:12,618 [INFO] [root] [MainThread]: Started processing: GFDLNFO_TICK_03012025\Options\BANKNIFTY30JAN2547000PE.NFO.csv
2025-10-27 11:09:12,831 [INFO] [root] [MainThread]: Successfully processed: GFDLNFO_TICK_03012025\Options\BANKNIFTY30JAN2547000PE.NFO.csv
2025-10-27 11:09:12,832 [INFO] [root] [MainThread]: Started processing: GFDLNFO_TICK_03012025\Options\BANKNIFTY30JAN2547100PE.NFO.csv
2025-10-27 11:09:12,987 [INFO] [root] [MainThread]: Successfully processed: GFDLNFO_TICK_03012025\Options\BANKNIFTY30JAN2547100PE.NFO.csv
2025-10-27 11:09:12,987 [INFO] [root] [MainThread]: Started processing: GFDLNFO_TICK_03012025\Options\BANKNIFTY30JAN2547200PE.NFO.csv
2025-10-27 11:09:13,193 [INFO] [root] [MainThread]: Successfully processed: GFDLNFO_TICK_03012025\Options\BANKNIFTY30JAN2547200PE.NFO.csv
2025-10-27 11:09:13,193 [INFO] [root] [MainThread]: Started processing: GFDLNFO_TICK_03012025\Options\BANKNIFTY30JAN2547300PE.NFO.csv
2025-10-27 11:09:13,363 [INFO] [root] [MainThread]: Successfully processed: GFDLNFO_TICK_03012025\Options\BANKNIFTY30JAN2547300PE.NFO.csv
2025-10-27 11:09:13,363 [INFO] [root] [MainThread]: Started processing: GFDLNFO_TICK_03012025\Options\BANKNIFTY30JAN2547400PE.NFO.csv
2025-10-27 11:09:13,535 [INFO] [root] [MainThread]: Successfully processed: GFDLNFO_TICK_03012025\Options\BANKNIFTY30JAN2547400PE.NFO.csv
2025-10-27 11:09:13,535 [INFO] [root] [MainThread]: Started processing: GFDLNFO_TICK_03012025\Options\BANKNIFTY30JAN2547500PE.NFO.csv
2025-10-27 11:09:13,797 [INFO] [root] [MainThread]: Successfully processed: GFDLNFO_TICK_03012025\Options\BANKNIFTY30JAN2547500PE.NFO.csv
2025-10-27 11:09:13,798 [INFO] [root] [MainThread]: Started processing: GFDLNFO_TICK_03012025\Options\BANKNIFTY30JAN2547600PE.NFO.csv
2025-10-27 11:09:13,958 [INFO] [root] [MainThread]: Successfully processed: GFDLNFO_TICK_03012025\Options\BANKNIFTY30JAN2547600PE.NFO.csv
2025-10-27 11:09:13,959 [INFO] [root] [MainThread]: Started processing: GFDLNFO_TICK_03012025\Options\BANKNIFTY30JAN2547700PE.NFO.csv
2025-10-27 11:09:14,137 [INFO] [root] [MainThread]: Successfully processed: GFDLNFO_TICK_03012025\Options\BANKNIFTY30JAN2547700PE.NFO.csv
2025-10-27 11:09:14,138 [INFO] [root] [MainThread]: Started processing: GFDLNFO_TICK_03012025\Options\BANKNIFTY30JAN2547800PE.NFO.csv
2025-10-27 11:09:14,308 [INFO] [root] [MainThread]: Successfully processed: GFDLNFO_TICK_03012025\Options\BANKNIFTY30JAN2547800PE.NFO.csv
2025-10-27 11:09:14,308 [INFO] [root] [MainThread]: Started processing: GFDLNFO_TICK_03012025\Options\BANKNIFTY30JAN2547900PE.NFO.csv
2025-10-27 11:09:14,476 [INFO] [root] [MainThread]: Successfully processed: GFDLNFO_TICK_03012025\Options\BANKNIFTY30JAN2547900PE.NFO.csv
2025-10-27 11:09:14,477 [INFO] [root] [MainThread]: Started processing: GFDLNFO_TICK_03012025\Options\BANKNIFTY30JAN2548000PE.NFO.csv
2025-10-27 11:09:14,738 [INFO] [root] [MainThread]: Successfully processed: GFDLNFO_TICK_03012025\Options\BANKNIFTY30JAN2548000PE.NFO.csv
2025-10-27 11:09:14,739 [INFO] [root] [MainThread]: Started processing: GFDLNFO_TICK_03012025\Options\BANKNIFTY30JAN2548100PE.NFO.csv
2025-10-27 11:09:14,926 [INFO] [root] [MainThread]: Successfully processed: GFDLNFO_TICK_03012025\Options\BANKNIFTY30JAN2548100PE.NFO.csv
2025-10-27 11:09:14,926 [INFO] [root] [MainThread]: Started processing: GFDLNFO_TICK_03012025\Options\BANKNIFTY30JAN2548200PE.NFO.csv
2025-10-27 11:09:15,059 [INFO] [root] [MainThread]: Successfully processed: GFDLNFO_TICK_03012025\Options\BANKNIFTY30JAN2548200PE.NFO.csv
2025-10-27 11:09:15,059 [INFO] [root] [MainThread]: Started processing: GFDLNFO_TICK_03012025\Options\BANKNIFTY30JAN2548300PE.NFO.csv
2025-10-27 11:09:15,198 [INFO] [root] [MainThread]: Successfully processed: GFDLNFO_TICK_03012025\Options\BANKNIFTY30JAN2548300PE.NFO.csv
2025-10-27 11:09:15,199 [INFO] [root] [MainThread]: Started processing: GFDLNFO_TICK_03012025\Options\BANKNIFTY30JAN2548400PE.NFO.csv
2025-10-27 11:09:15,353 [INFO] [root] [MainThread]: Successfully processed: GFDLNFO_TICK_03012025\Options\BANKNIFTY30JAN2548400PE.NFO.csv
2025-10-27 11:09:15,353 [INFO] [root] [MainThread]: Started processing: GFDLNFO_TICK_03012025\Options\BANKNIFTY30JAN2548500PE.NFO.csv
2025-10-27 11:09:15,545 [INFO] [root] [MainThread]: Successfully processed: GFDLNFO_TICK_03012025\Options\BANKNIFTY30JAN2548500PE.NFO.csv
2025-10-27 11:09:15,545 [INFO] [root] [MainThread]: Processed 100/170 files...
2025-10-27 11:09:15,546 [INFO] [root] [MainThread]: Started processing: GFDLNFO_TICK_03012025\Options\BANKNIFTY30JAN2548600PE.NFO.csv
2025-10-27 11:09:15,680 [INFO] [root] [MainThread]: Successfully processed: GFDLNFO_TICK_03012025\Options\BANKNIFTY30JAN2548600PE.NFO.csv
2025-10-27 11:09:15,680 [INFO] [root] [MainThread]: Started processing: GFDLNFO_TICK_03012025\Options\BANKNIFTY30JAN2548700PE.NFO.csv
2025-10-27 11:09:15,829 [INFO] [root] [MainThread]: Successfully processed: GFDLNFO_TICK_03012025\Options\BANKNIFTY30JAN2548700PE.NFO.csv
2025-10-27 11:09:15,830 [INFO] [root] [MainThread]: Started processing: GFDLNFO_TICK_03012025\Options\BANKNIFTY30JAN2548800PE.NFO.csv
2025-10-27 11:09:15,972 [INFO] [root] [MainThread]: Successfully processed: GFDLNFO_TICK_03012025\Options\BANKNIFTY30JAN2548800PE.NFO.csv
2025-10-27 11:09:15,972 [INFO] [root] [MainThread]: Started processing: GFDLNFO_TICK_03012025\Options\BANKNIFTY30JAN2548900PE.NFO.csv
2025-10-27 11:09:16,113 [INFO] [root] [MainThread]: Successfully processed: GFDLNFO_TICK_03012025\Options\BANKNIFTY30JAN2548900PE.NFO.csv
2025-10-27 11:09:16,113 [INFO] [root] [MainThread]: Started processing: GFDLNFO_TICK_03012025\Options\BANKNIFTY30JAN2549000PE.NFO.csv
2025-10-27 11:09:16,314 [INFO] [root] [MainThread]: Successfully processed: GFDLNFO_TICK_03012025\Options\BANKNIFTY30JAN2549000PE.NFO.csv
2025-10-27 11:09:16,314 [INFO] [root] [MainThread]: Started processing: GFDLNFO_TICK_03012025\Options\BANKNIFTY30JAN2549100PE.NFO.csv
2025-10-27 11:09:16,458 [INFO] [root] [MainThread]: Successfully processed: GFDLNFO_TICK_03012025\Options\BANKNIFTY30JAN2549100PE.NFO.csv
2025-10-27 11:09:16,458 [INFO] [root] [MainThread]: Started processing: GFDLNFO_TICK_03012025\Options\BANKNIFTY30JAN2549200PE.NFO.csv
2025-10-27 11:09:16,574 [INFO] [root] [MainThread]: Successfully processed: GFDLNFO_TICK_03012025\Options\BANKNIFTY30JAN2549200PE.NFO.csv
2025-10-27 11:09:16,575 [INFO] [root] [MainThread]: Started processing: GFDLNFO_TICK_03012025\Options\BANKNIFTY30JAN2549300PE.NFO.csv
2025-10-27 11:09:16,715 [INFO] [root] [MainThread]: Successfully processed: GFDLNFO_TICK_03012025\Options\BANKNIFTY30JAN2549300PE.NFO.csv
2025-10-27 11:09:16,716 [INFO] [root] [MainThread]: Started processing: GFDLNFO_TICK_03012025\Options\BANKNIFTY30JAN2549400PE.NFO.csv
2025-10-27 11:09:17,193 [INFO] [root] [MainThread]: Successfully processed: GFDLNFO_TICK_03012025\Options\BANKNIFTY30JAN2549400PE.NFO.csv
2025-10-27 11:09:17,194 [INFO] [root] [MainThread]: Started processing: GFDLNFO_TICK_03012025\Options\BANKNIFTY30JAN2549500PE.NFO.csv
2025-10-27 11:09:18,250 [INFO] [root] [MainThread]: Successfully processed: GFDLNFO_TICK_03012025\Options\BANKNIFTY30JAN2549500PE.NFO.csv
2025-10-27 11:09:18,256 [INFO] [root] [MainThread]: Started processing: GFDLNFO_TICK_03012025\Options\BANKNIFTY30JAN2549600PE.NFO.csv
2025-10-27 11:09:18,685 [INFO] [root] [MainThread]: Successfully processed: GFDLNFO_TICK_03012025\Options\BANKNIFTY30JAN2549600PE.NFO.csv
2025-10-27 11:09:18,686 [INFO] [root] [MainThread]: Started processing: GFDLNFO_TICK_03012025\Options\BANKNIFTY30JAN2549700PE.NFO.csv
2025-10-27 11:09:19,054 [INFO] [root] [MainThread]: Successfully processed: GFDLNFO_TICK_03012025\Options\BANKNIFTY30JAN2549700PE.NFO.csv
2025-10-27 11:09:19,054 [INFO] [root] [MainThread]: Started processing: GFDLNFO_TICK_03012025\Options\BANKNIFTY30JAN2549800PE.NFO.csv
2025-10-27 11:09:19,439 [INFO] [root] [MainThread]: Successfully processed: GFDLNFO_TICK_03012025\Options\BANKNIFTY30JAN2549800PE.NFO.csv
2025-10-27 11:09:19,439 [INFO] [root] [MainThread]: Started processing: GFDLNFO_TICK_03012025\Options\BANKNIFTY30JAN2549900PE.NFO.csv
2025-10-27 11:09:19,680 [INFO] [root] [MainThread]: Successfully processed: GFDLNFO_TICK_03012025\Options\BANKNIFTY30JAN2549900PE.NFO.csv
2025-10-27 11:09:19,681 [INFO] [root] [MainThread]: Started processing: GFDLNFO_TICK_03012025\Options\BANKNIFTY30JAN2550000PE.NFO.csv
2025-10-27 11:09:19,958 [INFO] [root] [MainThread]: Successfully processed: GFDLNFO_TICK_03012025\Options\BANKNIFTY30JAN2550000PE.NFO.csv
2025-10-27 11:09:19,958 [INFO] [root] [MainThread]: Started processing: GFDLNFO_TICK_03012025\Options\BANKNIFTY30JAN2550100PE.NFO.csv
2025-10-27 11:09:20,166 [INFO] [root] [MainThread]: Successfully processed: GFDLNFO_TICK_03012025\Options\BANKNIFTY30JAN2550100PE.NFO.csv
2025-10-27 11:09:20,167 [INFO] [root] [MainThread]: Started processing: GFDLNFO_TICK_03012025\Options\BANKNIFTY30JAN2550200PE.NFO.csv
2025-10-27 11:09:20,340 [INFO] [root] [MainThread]: Successfully processed: GFDLNFO_TICK_03012025\Options\BANKNIFTY30JAN2550200PE.NFO.csv
2025-10-27 11:09:20,340 [INFO] [root] [MainThread]: Started processing: GFDLNFO_TICK_03012025\Options\BANKNIFTY30JAN2550300PE.NFO.csv
2025-10-27 11:09:20,519 [INFO] [root] [MainThread]: Successfully processed: GFDLNFO_TICK_03012025\Options\BANKNIFTY30JAN2550300PE.NFO.csv
2025-10-27 11:09:20,519 [INFO] [root] [MainThread]: Started processing: GFDLNFO_TICK_03012025\Options\BANKNIFTY30JAN2550400PE.NFO.csv
2025-10-27 11:09:20,702 [INFO] [root] [MainThread]: Successfully processed: GFDLNFO_TICK_03012025\Options\BANKNIFTY30JAN2550400PE.NFO.csv
2025-10-27 11:09:20,702 [INFO] [root] [MainThread]: Started processing: GFDLNFO_TICK_03012025\Options\BANKNIFTY30JAN2550500PE.NFO.csv
2025-10-27 11:09:21,036 [INFO] [root] [MainThread]: Successfully processed: GFDLNFO_TICK_03012025\Options\BANKNIFTY30JAN2550500PE.NFO.csv
2025-10-27 11:09:21,037 [INFO] [root] [MainThread]: Started processing: GFDLNFO_TICK_03012025\Options\BANKNIFTY30JAN2550600PE.NFO.csv
2025-10-27 11:09:21,487 [INFO] [root] [MainThread]: Successfully processed: GFDLNFO_TICK_03012025\Options\BANKNIFTY30JAN2550600PE.NFO.csv
2025-10-27 11:09:21,489 [INFO] [root] [MainThread]: Started processing: GFDLNFO_TICK_03012025\Options\BANKNIFTY30JAN2550700PE.NFO.csv
2025-10-27 11:09:21,854 [INFO] [root] [MainThread]: Successfully processed: GFDLNFO_TICK_03012025\Options\BANKNIFTY30JAN2550700PE.NFO.csv
2025-10-27 11:09:21,855 [INFO] [root] [MainThread]: Started processing: GFDLNFO_TICK_03012025\Options\BANKNIFTY30JAN2550800PE.NFO.csv
2025-10-27 11:09:22,265 [INFO] [root] [MainThread]: Successfully processed: GFDLNFO_TICK_03012025\Options\BANKNIFTY30JAN2550800PE.NFO.csv
2025-10-27 11:09:22,266 [INFO] [root] [MainThread]: Started processing: GFDLNFO_TICK_03012025\Options\BANKNIFTY30JAN2550900PE.NFO.csv
2025-10-27 11:09:22,757 [INFO] [root] [MainThread]: Successfully processed: GFDLNFO_TICK_03012025\Options\BANKNIFTY30JAN2550900PE.NFO.csv
2025-10-27 11:09:22,757 [INFO] [root] [MainThread]: Started processing: GFDLNFO_TICK_03012025\Options\BANKNIFTY30JAN2551000PE.NFO.csv
2025-10-27 11:09:23,181 [INFO] [root] [MainThread]: Successfully processed: GFDLNFO_TICK_03012025\Options\BANKNIFTY30JAN2551000PE.NFO.csv
2025-10-27 11:09:23,182 [INFO] [root] [MainThread]: Started processing: GFDLNFO_TICK_03012025\Options\BANKNIFTY30JAN2551100PE.NFO.csv
2025-10-27 11:09:23,522 [INFO] [root] [MainThread]: Successfully processed: GFDLNFO_TICK_03012025\Options\BANKNIFTY30JAN2551100PE.NFO.csv
2025-10-27 11:09:23,523 [INFO] [root] [MainThread]: Started processing: GFDLNFO_TICK_03012025\Options\BANKNIFTY30JAN2551200PE.NFO.csv
2025-10-27 11:09:23,851 [INFO] [root] [MainThread]: Successfully processed: GFDLNFO_TICK_03012025\Options\BANKNIFTY30JAN2551200PE.NFO.csv
2025-10-27 11:09:23,851 [INFO] [root] [MainThread]: Started processing: GFDLNFO_TICK_03012025\Options\BANKNIFTY30JAN2551300PE.NFO.csv
2025-10-27 11:09:24,149 [INFO] [root] [MainThread]: Successfully processed: GFDLNFO_TICK_03012025\Options\BANKNIFTY30JAN2551300PE.NFO.csv
2025-10-27 11:09:24,149 [INFO] [root] [MainThread]: Started processing: GFDLNFO_TICK_03012025\Options\BANKNIFTY30JAN2551400PE.NFO.csv
2025-10-27 11:09:24,395 [INFO] [root] [MainThread]: Successfully processed: GFDLNFO_TICK_03012025\Options\BANKNIFTY30JAN2551400PE.NFO.csv
2025-10-27 11:09:24,396 [INFO] [root] [MainThread]: Started processing: GFDLNFO_TICK_03012025\Options\BANKNIFTY30JAN2551500PE.NFO.csv
2025-10-27 11:09:24,671 [INFO] [root] [MainThread]: Successfully processed: GFDLNFO_TICK_03012025\Options\BANKNIFTY30JAN2551500PE.NFO.csv
2025-10-27 11:09:24,671 [INFO] [root] [MainThread]: Started processing: GFDLNFO_TICK_03012025\Options\BANKNIFTY30JAN2551600PE.NFO.csv
2025-10-27 11:09:25,020 [INFO] [root] [MainThread]: Successfully processed: GFDLNFO_TICK_03012025\Options\BANKNIFTY30JAN2551600PE.NFO.csv
2025-10-27 11:09:25,021 [INFO] [root] [MainThread]: Started processing: GFDLNFO_TICK_03012025\Options\BANKNIFTY30JAN2551700PE.NFO.csv
2025-10-27 11:09:25,429 [INFO] [root] [MainThread]: Successfully processed: GFDLNFO_TICK_03012025\Options\BANKNIFTY30JAN2551700PE.NFO.csv
2025-10-27 11:09:25,429 [INFO] [root] [MainThread]: Started processing: GFDLNFO_TICK_03012025\Options\BANKNIFTY30JAN2551800PE.NFO.csv
2025-10-27 11:09:25,820 [INFO] [root] [MainThread]: Successfully processed: GFDLNFO_TICK_03012025\Options\BANKNIFTY30JAN2551800PE.NFO.csv
2025-10-27 11:09:25,821 [INFO] [root] [MainThread]: Started processing: GFDLNFO_TICK_03012025\Options\BANKNIFTY30JAN2551900PE.NFO.csv
2025-10-27 11:09:26,143 [INFO] [root] [MainThread]: Successfully processed: GFDLNFO_TICK_03012025\Options\BANKNIFTY30JAN2551900PE.NFO.csv
2025-10-27 11:09:26,144 [INFO] [root] [MainThread]: Started processing: GFDLNFO_TICK_03012025\Options\BANKNIFTY30JAN2552000PE.NFO.csv
2025-10-27 11:09:26,610 [INFO] [root] [MainThread]: Successfully processed: GFDLNFO_TICK_03012025\Options\BANKNIFTY30JAN2552000PE.NFO.csv
2025-10-27 11:09:26,610 [INFO] [root] [MainThread]: Started processing: GFDLNFO_TICK_03012025\Options\BANKNIFTY30JAN2552100PE.NFO.csv
2025-10-27 11:09:26,886 [INFO] [root] [MainThread]: Successfully processed: GFDLNFO_TICK_03012025\Options\BANKNIFTY30JAN2552100PE.NFO.csv
2025-10-27 11:09:26,887 [INFO] [root] [MainThread]: Started processing: GFDLNFO_TICK_03012025\Options\BANKNIFTY30JAN2552200PE.NFO.csv
2025-10-27 11:09:27,146 [INFO] [root] [MainThread]: Successfully processed: GFDLNFO_TICK_03012025\Options\BANKNIFTY30JAN2552200PE.NFO.csv
2025-10-27 11:09:27,147 [INFO] [root] [MainThread]: Started processing: GFDLNFO_TICK_03012025\Options\BANKNIFTY30JAN2552300PE.NFO.csv
2025-10-27 11:09:27,368 [INFO] [root] [MainThread]: Successfully processed: GFDLNFO_TICK_03012025\Options\BANKNIFTY30JAN2552300PE.NFO.csv
2025-10-27 11:09:27,369 [INFO] [root] [MainThread]: Started processing: GFDLNFO_TICK_03012025\Options\BANKNIFTY30JAN2552400PE.NFO.csv
2025-10-27 11:09:27,536 [INFO] [root] [MainThread]: Successfully processed: GFDLNFO_TICK_03012025\Options\BANKNIFTY30JAN2552400PE.NFO.csv
2025-10-27 11:09:27,536 [INFO] [root] [MainThread]: Started processing: GFDLNFO_TICK_03012025\Options\BANKNIFTY30JAN2552500PE.NFO.csv
2025-10-27 11:09:27,781 [INFO] [root] [MainThread]: Successfully processed: GFDLNFO_TICK_03012025\Options\BANKNIFTY30JAN2552500PE.NFO.csv
2025-10-27 11:09:27,782 [INFO] [root] [MainThread]: Started processing: GFDLNFO_TICK_03012025\Options\BANKNIFTY30JAN2552600PE.NFO.csv
2025-10-27 11:09:27,957 [INFO] [root] [MainThread]: Successfully processed: GFDLNFO_TICK_03012025\Options\BANKNIFTY30JAN2552600PE.NFO.csv
2025-10-27 11:09:27,957 [INFO] [root] [MainThread]: Started processing: GFDLNFO_TICK_03012025\Options\BANKNIFTY30JAN2552700PE.NFO.csv
2025-10-27 11:09:28,117 [INFO] [root] [MainThread]: Successfully processed: GFDLNFO_TICK_03012025\Options\BANKNIFTY30JAN2552700PE.NFO.csv
2025-10-27 11:09:28,118 [INFO] [root] [MainThread]: Started processing: GFDLNFO_TICK_03012025\Options\BANKNIFTY30JAN2552800PE.NFO.csv
2025-10-27 11:09:28,286 [INFO] [root] [MainThread]: Successfully processed: GFDLNFO_TICK_03012025\Options\BANKNIFTY30JAN2552800PE.NFO.csv
2025-10-27 11:09:28,287 [INFO] [root] [MainThread]: Started processing: GFDLNFO_TICK_03012025\Options\BANKNIFTY30JAN2552900PE.NFO.csv
2025-10-27 11:09:28,450 [INFO] [root] [MainThread]: Successfully processed: GFDLNFO_TICK_03012025\Options\BANKNIFTY30JAN2552900PE.NFO.csv
2025-10-27 11:09:28,450 [INFO] [root] [MainThread]: Started processing: GFDLNFO_TICK_03012025\Options\BANKNIFTY30JAN2553000PE.NFO.csv
2025-10-27 11:09:28,633 [INFO] [root] [MainThread]: Successfully processed: GFDLNFO_TICK_03012025\Options\BANKNIFTY30JAN2553000PE.NFO.csv
2025-10-27 11:09:28,633 [INFO] [root] [MainThread]: Started processing: GFDLNFO_TICK_03012025\Options\BANKNIFTY30JAN2553100PE.NFO.csv
2025-10-27 11:09:28,795 [INFO] [root] [MainThread]: Successfully processed: GFDLNFO_TICK_03012025\Options\BANKNIFTY30JAN2553100PE.NFO.csv
2025-10-27 11:09:28,796 [INFO] [root] [MainThread]: Started processing: GFDLNFO_TICK_03012025\Options\BANKNIFTY30JAN2553200PE.NFO.csv
2025-10-27 11:09:29,059 [INFO] [root] [MainThread]: Successfully processed: GFDLNFO_TICK_03012025\Options\BANKNIFTY30JAN2553200PE.NFO.csv
2025-10-27 11:09:29,060 [INFO] [root] [MainThread]: Started processing: GFDLNFO_TICK_03012025\Options\BANKNIFTY30JAN2553300PE.NFO.csv
2025-10-27 11:09:29,322 [INFO] [root] [MainThread]: Successfully processed: GFDLNFO_TICK_03012025\Options\BANKNIFTY30JAN2553300PE.NFO.csv
2025-10-27 11:09:29,323 [INFO] [root] [MainThread]: Started processing: GFDLNFO_TICK_03012025\Options\BANKNIFTY30JAN2553400PE.NFO.csv
2025-10-27 11:09:29,578 [INFO] [root] [MainThread]: Successfully processed: GFDLNFO_TICK_03012025\Options\BANKNIFTY30JAN2553400PE.NFO.csv
2025-10-27 11:09:29,578 [INFO] [root] [MainThread]: Started processing: GFDLNFO_TICK_03012025\Options\BANKNIFTY30JAN2553500PE.NFO.csv
2025-10-27 11:09:29,918 [INFO] [root] [MainThread]: Successfully processed: GFDLNFO_TICK_03012025\Options\BANKNIFTY30JAN2553500PE.NFO.csv
2025-10-27 11:09:29,919 [INFO] [root] [MainThread]: Started processing: GFDLNFO_TICK_03012025\Options\BANKNIFTY30JAN2553600PE.NFO.csv
2025-10-27 11:09:30,181 [INFO] [root] [MainThread]: Successfully processed: GFDLNFO_TICK_03012025\Options\BANKNIFTY30JAN2553600PE.NFO.csv
2025-10-27 11:09:30,181 [INFO] [root] [MainThread]: Started processing: GFDLNFO_TICK_03012025\Options\BANKNIFTY30JAN2553700PE.NFO.csv
2025-10-27 11:09:30,464 [INFO] [root] [MainThread]: Successfully processed: GFDLNFO_TICK_03012025\Options\BANKNIFTY30JAN2553700PE.NFO.csv
2025-10-27 11:09:30,465 [INFO] [root] [MainThread]: Started processing: GFDLNFO_TICK_03012025\Options\BANKNIFTY30JAN2553800PE.NFO.csv
2025-10-27 11:09:30,708 [INFO] [root] [MainThread]: Successfully processed: GFDLNFO_TICK_03012025\Options\BANKNIFTY30JAN2553800PE.NFO.csv
2025-10-27 11:09:30,709 [INFO] [root] [MainThread]: Started processing: GFDLNFO_TICK_03012025\Options\BANKNIFTY30JAN2553900PE.NFO.csv
2025-10-27 11:09:30,851 [INFO] [root] [MainThread]: Successfully processed: GFDLNFO_TICK_03012025\Options\BANKNIFTY30JAN2553900PE.NFO.csv
2025-10-27 11:09:30,852 [INFO] [root] [MainThread]: Started processing: GFDLNFO_TICK_03012025\Options\BANKNIFTY30JAN2554000PE.NFO.csv
2025-10-27 11:09:31,089 [INFO] [root] [MainThread]: Successfully processed: GFDLNFO_TICK_03012025\Options\BANKNIFTY30JAN2554000PE.NFO.csv
2025-10-27 11:09:31,089 [INFO] [root] [MainThread]: Started processing: GFDLNFO_TICK_03012025\Options\BANKNIFTY30JAN2554100PE.NFO.csv
2025-10-27 11:09:31,167 [INFO] [root] [MainThread]: Successfully processed: GFDLNFO_TICK_03012025\Options\BANKNIFTY30JAN2554100PE.NFO.csv
2025-10-27 11:09:31,168 [INFO] [root] [MainThread]: Started processing: GFDLNFO_TICK_03012025\Options\BANKNIFTY30JAN2554200PE.NFO.csv
2025-10-27 11:09:31,270 [INFO] [root] [MainThread]: Successfully processed: GFDLNFO_TICK_03012025\Options\BANKNIFTY30JAN2554200PE.NFO.csv
2025-10-27 11:09:31,271 [INFO] [root] [MainThread]: Started processing: GFDLNFO_TICK_03012025\Options\BANKNIFTY30JAN2554400PE.NFO.csv
2025-10-27 11:09:31,433 [INFO] [root] [MainThread]: Successfully processed: GFDLNFO_TICK_03012025\Options\BANKNIFTY30JAN2554400PE.NFO.csv
2025-10-27 11:09:31,433 [INFO] [root] [MainThread]: Started processing: GFDLNFO_TICK_03012025\Options\BANKNIFTY30JAN2554500PE.NFO.csv
2025-10-27 11:09:31,632 [INFO] [root] [MainThread]: Successfully processed: GFDLNFO_TICK_03012025\Options\BANKNIFTY30JAN2554500PE.NFO.csv
2025-10-27 11:09:31,632 [INFO] [root] [MainThread]: Started processing: GFDLNFO_TICK_03012025\Options\BANKNIFTY30JAN2554700PE.NFO.csv
2025-10-27 11:09:31,777 [INFO] [root] [MainThread]: Successfully processed: GFDLNFO_TICK_03012025\Options\BANKNIFTY30JAN2554700PE.NFO.csv
2025-10-27 11:09:31,779 [INFO] [root] [MainThread]: Started processing: GFDLNFO_TICK_03012025\Options\BANKNIFTY30JAN2555000PE.NFO.csv
2025-10-27 11:09:31,940 [INFO] [root] [MainThread]: Successfully processed: GFDLNFO_TICK_03012025\Options\BANKNIFTY30JAN2555000PE.NFO.csv
2025-10-27 11:09:31,940 [INFO] [root] [MainThread]: Started processing: GFDLNFO_TICK_03012025\Options\BANKNIFTY30JAN2555100PE.NFO.csv
2025-10-27 11:09:32,027 [INFO] [root] [MainThread]: Successfully processed: GFDLNFO_TICK_03012025\Options\BANKNIFTY30JAN2555100PE.NFO.csv
2025-10-27 11:09:32,027 [INFO] [root] [MainThread]: Started processing: GFDLNFO_TICK_03012025\Options\BANKNIFTY30JAN2555200PE.NFO.csv
2025-10-27 11:09:32,139 [INFO] [root] [MainThread]: Successfully processed: GFDLNFO_TICK_03012025\Options\BANKNIFTY30JAN2555200PE.NFO.csv
2025-10-27 11:09:32,140 [INFO] [root] [MainThread]: Started processing: GFDLNFO_TICK_03012025\Options\BANKNIFTY30JAN2555500PE.NFO.csv
2025-10-27 11:09:32,278 [INFO] [root] [MainThread]: Successfully processed: GFDLNFO_TICK_03012025\Options\BANKNIFTY30JAN2555500PE.NFO.csv
2025-10-27 11:09:32,279 [INFO] [root] [MainThread]: Started processing: GFDLNFO_TICK_03012025\Options\BANKNIFTY30JAN2556000PE.NFO.csv
2025-10-27 11:09:32,416 [INFO] [root] [MainThread]: Successfully processed: GFDLNFO_TICK_03012025\Options\BANKNIFTY30JAN2556000PE.NFO.csv
2025-10-27 11:09:32,416 [INFO] [root] [MainThread]: Started processing: GFDLNFO_TICK_03012025\Options\BANKNIFTY30JAN2556500PE.NFO.csv
2025-10-27 11:09:32,538 [INFO] [root] [MainThread]: Successfully processed: GFDLNFO_TICK_03012025\Options\BANKNIFTY30JAN2556500PE.NFO.csv
2025-10-27 11:09:32,538 [INFO] [root] [MainThread]: Started processing: GFDLNFO_TICK_03012025\Options\BANKNIFTY30JAN2557000PE.NFO.csv
2025-10-27 11:09:32,673 [INFO] [root] [MainThread]: Successfully processed: GFDLNFO_TICK_03012025\Options\BANKNIFTY30JAN2557000PE.NFO.csv
2025-10-27 11:09:32,673 [INFO] [root] [MainThread]: Started processing: GFDLNFO_TICK_03012025\Options\BANKNIFTY30JAN2558000PE.NFO.csv
2025-10-27 11:09:32,817 [INFO] [root] [MainThread]: Successfully processed: GFDLNFO_TICK_03012025\Options\BANKNIFTY30JAN2558000PE.NFO.csv
2025-10-27 11:09:32,817 [INFO] [root] [MainThread]: Started processing: GFDLNFO_TICK_03012025\Options\BANKNIFTY30JAN2560000PE.NFO.csv
2025-10-27 11:09:33,104 [INFO] [root] [MainThread]: Successfully processed: GFDLNFO_TICK_03012025\Options\BANKNIFTY30JAN2560000PE.NFO.csv
2025-10-27 11:09:33,104 [INFO] [root] [MainThread]: Started processing: GFDLNFO_TICK_03012025\Options\BANKNIFTY30JAN2561000PE.NFO.csv
2025-10-27 11:09:33,311 [INFO] [root] [MainThread]: Successfully processed: GFDLNFO_TICK_03012025\Options\BANKNIFTY30JAN2561000PE.NFO.csv
2025-10-27 11:09:33,311 [INFO] [root] [MainThread]: Combining 170 dataframes...
2025-10-27 11:09:33,578 [INFO] [root] [MainThread]: Writing to ProcessedParquet\banknifty_put_03012025.parquet (399757 rows)...
2025-10-27 11:09:36,753 [INFO] [root] [MainThread]: Successfully saved 170 option files to ProcessedParquet\banknifty_put_03012025.parquet
2025-10-27 11:09:36,753 [INFO] [root] [MainThread]: Utility stopped.
