2025-10-27 13:44:04,941 [INFO] [root] [MainThread]: Utility started.
2025-10-27 13:44:04,942 [INFO] [root] [MainThread]: Processing SENSEX from BFO exchange
2025-10-27 13:44:04,942 [INFO] [root] [MainThread]: Found date 03012025 from folder name: BFO_TICK_03012025 for exchange BFO
2025-10-27 13:44:04,943 [INFO] [root] [MainThread]: Got following folder info {'03012025': {'BFO\\BFO_TICK_03012025\\BFO_TICK_03012025'}} for processing {'index': 'SENSEX', 'instrument_type': 'call'}.
2025-10-27 13:44:04,948 [INFO] [root] [MainThread]: Started processing folder: BFO\BFO_TICK_03012025\BFO_TICK_03012025 for {'index': 'SENSEX', 'instrument_type': 'call'}, date: 03012025
2025-10-27 13:44:04,950 [INFO] [root] [MainThread]: Found 211 call option files to process for SENSEX.
2025-10-27 13:44:04,950 [INFO] [root] [MainThread]: Started processing: BFO\BFO_TICK_03012025\BFO_TICK_03012025\SENSEX03JAN2575000CE.BFO.csv
2025-10-27 13:44:05,022 [INFO] [root] [MainThread]: Successfully processed: BFO\BFO_TICK_03012025\BFO_TICK_03012025\SENSEX03JAN2575000CE.BFO.csv
2025-10-27 13:44:05,022 [INFO] [root] [MainThread]: Started processing: BFO\BFO_TICK_03012025\BFO_TICK_03012025\SENSEX03JAN2575100CE.BFO.csv
2025-10-27 13:44:05,050 [INFO] [root] [MainThread]: Successfully processed: BFO\BFO_TICK_03012025\BFO_TICK_03012025\SENSEX03JAN2575100CE.BFO.csv
2025-10-27 13:44:05,051 [INFO] [root] [MainThread]: Started processing: BFO\BFO_TICK_03012025\BFO_TICK_03012025\SENSEX03JAN2575200CE.BFO.csv
2025-10-27 13:44:05,080 [INFO] [root] [MainThread]: Successfully processed: BFO\BFO_TICK_03012025\BFO_TICK_03012025\SENSEX03JAN2575200CE.BFO.csv
2025-10-27 13:44:05,080 [INFO] [root] [MainThread]: Started processing: BFO\BFO_TICK_03012025\BFO_TICK_03012025\SENSEX03JAN2576100CE.BFO.csv
2025-10-27 13:44:05,105 [INFO] [root] [MainThread]: Successfully processed: BFO\BFO_TICK_03012025\BFO_TICK_03012025\SENSEX03JAN2576100CE.BFO.csv
2025-10-27 13:44:05,105 [INFO] [root] [MainThread]: Started processing: BFO\BFO_TICK_03012025\BFO_TICK_03012025\SENSEX03JAN2576300CE.BFO.csv
2025-10-27 13:44:05,133 [INFO] [root] [MainThread]: Successfully processed: BFO\BFO_TICK_03012025\BFO_TICK_03012025\SENSEX03JAN2576300CE.BFO.csv
2025-10-27 13:44:05,133 [INFO] [root] [MainThread]: Started processing: BFO\BFO_TICK_03012025\BFO_TICK_03012025\SENSEX03JAN2576500CE.BFO.csv
2025-10-27 13:44:05,168 [INFO] [root] [MainThread]: Successfully processed: BFO\BFO_TICK_03012025\BFO_TICK_03012025\SENSEX03JAN2576500CE.BFO.csv
2025-10-27 13:44:05,168 [INFO] [root] [MainThread]: Started processing: BFO\BFO_TICK_03012025\BFO_TICK_03012025\SENSEX03JAN2577000CE.BFO.csv
2025-10-27 13:44:05,209 [INFO] [root] [MainThread]: Successfully processed: BFO\BFO_TICK_03012025\BFO_TICK_03012025\SENSEX03JAN2577000CE.BFO.csv
2025-10-27 13:44:05,210 [INFO] [root] [MainThread]: Started processing: BFO\BFO_TICK_03012025\BFO_TICK_03012025\SENSEX03JAN2577100CE.BFO.csv
2025-10-27 13:44:05,248 [INFO] [root] [MainThread]: Successfully processed: BFO\BFO_TICK_03012025\BFO_TICK_03012025\SENSEX03JAN2577100CE.BFO.csv
2025-10-27 13:44:05,249 [INFO] [root] [MainThread]: Started processing: BFO\BFO_TICK_03012025\BFO_TICK_03012025\SENSEX03JAN2577200CE.BFO.csv
2025-10-27 13:44:05,285 [INFO] [root] [MainThread]: Successfully processed: BFO\BFO_TICK_03012025\BFO_TICK_03012025\SENSEX03JAN2577200CE.BFO.csv
2025-10-27 13:44:05,285 [INFO] [root] [MainThread]: Started processing: BFO\BFO_TICK_03012025\BFO_TICK_03012025\SENSEX03JAN2577300CE.BFO.csv
2025-10-27 13:44:05,324 [INFO] [root] [MainThread]: Successfully processed: BFO\BFO_TICK_03012025\BFO_TICK_03012025\SENSEX03JAN2577300CE.BFO.csv
2025-10-27 13:44:05,324 [INFO] [root] [MainThread]: Started processing: BFO\BFO_TICK_03012025\BFO_TICK_03012025\SENSEX03JAN2577400CE.BFO.csv
2025-10-27 13:44:05,374 [INFO] [root] [MainThread]: Successfully processed: BFO\BFO_TICK_03012025\BFO_TICK_03012025\SENSEX03JAN2577400CE.BFO.csv
2025-10-27 13:44:05,374 [INFO] [root] [MainThread]: Started processing: BFO\BFO_TICK_03012025\BFO_TICK_03012025\SENSEX03JAN2577500CE.BFO.csv
2025-10-27 13:44:05,424 [INFO] [root] [MainThread]: Successfully processed: BFO\BFO_TICK_03012025\BFO_TICK_03012025\SENSEX03JAN2577500CE.BFO.csv
2025-10-27 13:44:05,425 [INFO] [root] [MainThread]: Started processing: BFO\BFO_TICK_03012025\BFO_TICK_03012025\SENSEX03JAN2577600CE.BFO.csv
2025-10-27 13:44:05,450 [INFO] [root] [MainThread]: Successfully processed: BFO\BFO_TICK_03012025\BFO_TICK_03012025\SENSEX03JAN2577600CE.BFO.csv
2025-10-27 13:44:05,450 [INFO] [root] [MainThread]: Started processing: BFO\BFO_TICK_03012025\BFO_TICK_03012025\SENSEX03JAN2577700CE.BFO.csv
2025-10-27 13:44:05,493 [INFO] [root] [MainThread]: Successfully processed: BFO\BFO_TICK_03012025\BFO_TICK_03012025\SENSEX03JAN2577700CE.BFO.csv
2025-10-27 13:44:05,494 [INFO] [root] [MainThread]: Started processing: BFO\BFO_TICK_03012025\BFO_TICK_03012025\SENSEX03JAN2577800CE.BFO.csv
2025-10-27 13:44:05,534 [INFO] [root] [MainThread]: Successfully processed: BFO\BFO_TICK_03012025\BFO_TICK_03012025\SENSEX03JAN2577800CE.BFO.csv
2025-10-27 13:44:05,534 [INFO] [root] [MainThread]: Started processing: BFO\BFO_TICK_03012025\BFO_TICK_03012025\SENSEX03JAN2577900CE.BFO.csv
2025-10-27 13:44:05,582 [INFO] [root] [MainThread]: Successfully processed: BFO\BFO_TICK_03012025\BFO_TICK_03012025\SENSEX03JAN2577900CE.BFO.csv
2025-10-27 13:44:05,582 [INFO] [root] [MainThread]: Started processing: BFO\BFO_TICK_03012025\BFO_TICK_03012025\SENSEX03JAN2578000CE.BFO.csv
2025-10-27 13:44:05,640 [INFO] [root] [MainThread]: Successfully processed: BFO\BFO_TICK_03012025\BFO_TICK_03012025\SENSEX03JAN2578000CE.BFO.csv
2025-10-27 13:44:05,640 [INFO] [root] [MainThread]: Started processing: BFO\BFO_TICK_03012025\BFO_TICK_03012025\SENSEX03JAN2578100CE.BFO.csv
2025-10-27 13:44:05,686 [INFO] [root] [MainThread]: Successfully processed: BFO\BFO_TICK_03012025\BFO_TICK_03012025\SENSEX03JAN2578100CE.BFO.csv
2025-10-27 13:44:05,686 [INFO] [root] [MainThread]: Started processing: BFO\BFO_TICK_03012025\BFO_TICK_03012025\SENSEX03JAN2578200CE.BFO.csv
2025-10-27 13:44:05,734 [INFO] [root] [MainThread]: Successfully processed: BFO\BFO_TICK_03012025\BFO_TICK_03012025\SENSEX03JAN2578200CE.BFO.csv
2025-10-27 13:44:05,734 [INFO] [root] [MainThread]: Started processing: BFO\BFO_TICK_03012025\BFO_TICK_03012025\SENSEX03JAN2578300CE.BFO.csv
2025-10-27 13:44:05,785 [INFO] [root] [MainThread]: Successfully processed: BFO\BFO_TICK_03012025\BFO_TICK_03012025\SENSEX03JAN2578300CE.BFO.csv
2025-10-27 13:44:05,785 [INFO] [root] [MainThread]: Started processing: BFO\BFO_TICK_03012025\BFO_TICK_03012025\SENSEX03JAN2578400CE.BFO.csv
2025-10-27 13:44:05,837 [INFO] [root] [MainThread]: Successfully processed: BFO\BFO_TICK_03012025\BFO_TICK_03012025\SENSEX03JAN2578400CE.BFO.csv
2025-10-27 13:44:05,837 [INFO] [root] [MainThread]: Started processing: BFO\BFO_TICK_03012025\BFO_TICK_03012025\SENSEX03JAN2578500CE.BFO.csv
2025-10-27 13:44:05,935 [INFO] [root] [MainThread]: Successfully processed: BFO\BFO_TICK_03012025\BFO_TICK_03012025\SENSEX03JAN2578500CE.BFO.csv
2025-10-27 13:44:05,935 [INFO] [root] [MainThread]: Started processing: BFO\BFO_TICK_03012025\BFO_TICK_03012025\SENSEX03JAN2578600CE.BFO.csv
2025-10-27 13:44:06,002 [INFO] [root] [MainThread]: Successfully processed: BFO\BFO_TICK_03012025\BFO_TICK_03012025\SENSEX03JAN2578600CE.BFO.csv
2025-10-27 13:44:06,002 [INFO] [root] [MainThread]: Started processing: BFO\BFO_TICK_03012025\BFO_TICK_03012025\SENSEX03JAN2578700CE.BFO.csv
2025-10-27 13:44:06,088 [INFO] [root] [MainThread]: Successfully processed: BFO\BFO_TICK_03012025\BFO_TICK_03012025\SENSEX03JAN2578700CE.BFO.csv
2025-10-27 13:44:06,089 [INFO] [root] [MainThread]: Started processing: BFO\BFO_TICK_03012025\BFO_TICK_03012025\SENSEX03JAN2578800CE.BFO.csv
2025-10-27 13:44:06,202 [INFO] [root] [MainThread]: Successfully processed: BFO\BFO_TICK_03012025\BFO_TICK_03012025\SENSEX03JAN2578800CE.BFO.csv
2025-10-27 13:44:06,202 [INFO] [root] [MainThread]: Started processing: BFO\BFO_TICK_03012025\BFO_TICK_03012025\SENSEX03JAN2578900CE.BFO.csv
2025-10-27 13:44:06,357 [INFO] [root] [MainThread]: Successfully processed: BFO\BFO_TICK_03012025\BFO_TICK_03012025\SENSEX03JAN2578900CE.BFO.csv
2025-10-27 13:44:06,357 [INFO] [root] [MainThread]: Started processing: BFO\BFO_TICK_03012025\BFO_TICK_03012025\SENSEX03JAN2579000CE.BFO.csv
2025-10-27 13:44:06,650 [INFO] [root] [MainThread]: Successfully processed: BFO\BFO_TICK_03012025\BFO_TICK_03012025\SENSEX03JAN2579000CE.BFO.csv
2025-10-27 13:44:06,650 [INFO] [root] [MainThread]: Started processing: BFO\BFO_TICK_03012025\BFO_TICK_03012025\SENSEX03JAN2579100CE.BFO.csv
2025-10-27 13:44:06,945 [INFO] [root] [MainThread]: Successfully processed: BFO\BFO_TICK_03012025\BFO_TICK_03012025\SENSEX03JAN2579100CE.BFO.csv
2025-10-27 13:44:06,946 [INFO] [root] [MainThread]: Started processing: BFO\BFO_TICK_03012025\BFO_TICK_03012025\SENSEX03JAN2579200CE.BFO.csv
2025-10-27 13:44:07,253 [INFO] [root] [MainThread]: Successfully processed: BFO\BFO_TICK_03012025\BFO_TICK_03012025\SENSEX03JAN2579200CE.BFO.csv
2025-10-27 13:44:07,254 [INFO] [root] [MainThread]: Started processing: BFO\BFO_TICK_03012025\BFO_TICK_03012025\SENSEX03JAN2579300CE.BFO.csv
2025-10-27 13:44:07,542 [INFO] [root] [MainThread]: Successfully processed: BFO\BFO_TICK_03012025\BFO_TICK_03012025\SENSEX03JAN2579300CE.BFO.csv
2025-10-27 13:44:07,543 [INFO] [root] [MainThread]: Started processing: BFO\BFO_TICK_03012025\BFO_TICK_03012025\SENSEX03JAN2579400CE.BFO.csv
2025-10-27 13:44:07,822 [INFO] [root] [MainThread]: Successfully processed: BFO\BFO_TICK_03012025\BFO_TICK_03012025\SENSEX03JAN2579400CE.BFO.csv
2025-10-27 13:44:07,822 [INFO] [root] [MainThread]: Started processing: BFO\BFO_TICK_03012025\BFO_TICK_03012025\SENSEX03JAN2579500CE.BFO.csv
2025-10-27 13:44:08,109 [INFO] [root] [MainThread]: Successfully processed: BFO\BFO_TICK_03012025\BFO_TICK_03012025\SENSEX03JAN2579500CE.BFO.csv
2025-10-27 13:44:08,109 [INFO] [root] [MainThread]: Started processing: BFO\BFO_TICK_03012025\BFO_TICK_03012025\SENSEX03JAN2579600CE.BFO.csv
2025-10-27 13:44:08,404 [INFO] [root] [MainThread]: Successfully processed: BFO\BFO_TICK_03012025\BFO_TICK_03012025\SENSEX03JAN2579600CE.BFO.csv
2025-10-27 13:44:08,404 [INFO] [root] [MainThread]: Started processing: BFO\BFO_TICK_03012025\BFO_TICK_03012025\SENSEX03JAN2579700CE.BFO.csv
2025-10-27 13:44:08,788 [INFO] [root] [MainThread]: Successfully processed: BFO\BFO_TICK_03012025\BFO_TICK_03012025\SENSEX03JAN2579700CE.BFO.csv
2025-10-27 13:44:08,788 [INFO] [root] [MainThread]: Started processing: BFO\BFO_TICK_03012025\BFO_TICK_03012025\SENSEX03JAN2579800CE.BFO.csv
2025-10-27 13:44:09,140 [INFO] [root] [MainThread]: Successfully processed: BFO\BFO_TICK_03012025\BFO_TICK_03012025\SENSEX03JAN2579800CE.BFO.csv
2025-10-27 13:44:09,141 [INFO] [root] [MainThread]: Started processing: BFO\BFO_TICK_03012025\BFO_TICK_03012025\SENSEX03JAN2579900CE.BFO.csv
2025-10-27 13:44:09,461 [INFO] [root] [MainThread]: Successfully processed: BFO\BFO_TICK_03012025\BFO_TICK_03012025\SENSEX03JAN2579900CE.BFO.csv
2025-10-27 13:44:09,462 [INFO] [root] [MainThread]: Started processing: BFO\BFO_TICK_03012025\BFO_TICK_03012025\SENSEX03JAN2580000CE.BFO.csv
2025-10-27 13:44:09,759 [INFO] [root] [MainThread]: Successfully processed: BFO\BFO_TICK_03012025\BFO_TICK_03012025\SENSEX03JAN2580000CE.BFO.csv
2025-10-27 13:44:09,760 [INFO] [root] [MainThread]: Started processing: BFO\BFO_TICK_03012025\BFO_TICK_03012025\SENSEX03JAN2580100CE.BFO.csv
2025-10-27 13:44:10,047 [INFO] [root] [MainThread]: Successfully processed: BFO\BFO_TICK_03012025\BFO_TICK_03012025\SENSEX03JAN2580100CE.BFO.csv
2025-10-27 13:44:10,047 [INFO] [root] [MainThread]: Started processing: BFO\BFO_TICK_03012025\BFO_TICK_03012025\SENSEX03JAN2580200CE.BFO.csv
2025-10-27 13:44:10,330 [INFO] [root] [MainThread]: Successfully processed: BFO\BFO_TICK_03012025\BFO_TICK_03012025\SENSEX03JAN2580200CE.BFO.csv
2025-10-27 13:44:10,330 [INFO] [root] [MainThread]: Started processing: BFO\BFO_TICK_03012025\BFO_TICK_03012025\SENSEX03JAN2580300CE.BFO.csv
2025-10-27 13:44:10,580 [INFO] [root] [MainThread]: Successfully processed: BFO\BFO_TICK_03012025\BFO_TICK_03012025\SENSEX03JAN2580300CE.BFO.csv
2025-10-27 13:44:10,580 [INFO] [root] [MainThread]: Started processing: BFO\BFO_TICK_03012025\BFO_TICK_03012025\SENSEX03JAN2580400CE.BFO.csv
2025-10-27 13:44:10,810 [INFO] [root] [MainThread]: Successfully processed: BFO\BFO_TICK_03012025\BFO_TICK_03012025\SENSEX03JAN2580400CE.BFO.csv
2025-10-27 13:44:10,810 [INFO] [root] [MainThread]: Started processing: BFO\BFO_TICK_03012025\BFO_TICK_03012025\SENSEX03JAN2580500CE.BFO.csv
2025-10-27 13:44:11,059 [INFO] [root] [MainThread]: Successfully processed: BFO\BFO_TICK_03012025\BFO_TICK_03012025\SENSEX03JAN2580500CE.BFO.csv
2025-10-27 13:44:11,059 [INFO] [root] [MainThread]: Started processing: BFO\BFO_TICK_03012025\BFO_TICK_03012025\SENSEX03JAN2580600CE.BFO.csv
2025-10-27 13:44:11,315 [INFO] [root] [MainThread]: Successfully processed: BFO\BFO_TICK_03012025\BFO_TICK_03012025\SENSEX03JAN2580600CE.BFO.csv
2025-10-27 13:44:11,315 [INFO] [root] [MainThread]: Started processing: BFO\BFO_TICK_03012025\BFO_TICK_03012025\SENSEX03JAN2580700CE.BFO.csv
2025-10-27 13:44:11,552 [INFO] [root] [MainThread]: Successfully processed: BFO\BFO_TICK_03012025\BFO_TICK_03012025\SENSEX03JAN2580700CE.BFO.csv
2025-10-27 13:44:11,553 [INFO] [root] [MainThread]: Started processing: BFO\BFO_TICK_03012025\BFO_TICK_03012025\SENSEX03JAN2580800CE.BFO.csv
2025-10-27 13:44:11,800 [INFO] [root] [MainThread]: Successfully processed: BFO\BFO_TICK_03012025\BFO_TICK_03012025\SENSEX03JAN2580800CE.BFO.csv
2025-10-27 13:44:11,800 [INFO] [root] [MainThread]: Started processing: BFO\BFO_TICK_03012025\BFO_TICK_03012025\SENSEX03JAN2580900CE.BFO.csv
2025-10-27 13:44:12,039 [INFO] [root] [MainThread]: Successfully processed: BFO\BFO_TICK_03012025\BFO_TICK_03012025\SENSEX03JAN2580900CE.BFO.csv
2025-10-27 13:44:12,040 [INFO] [root] [MainThread]: Started processing: BFO\BFO_TICK_03012025\BFO_TICK_03012025\SENSEX03JAN2581000CE.BFO.csv
2025-10-27 13:44:12,285 [INFO] [root] [MainThread]: Successfully processed: BFO\BFO_TICK_03012025\BFO_TICK_03012025\SENSEX03JAN2581000CE.BFO.csv
2025-10-27 13:44:12,286 [INFO] [root] [MainThread]: Started processing: BFO\BFO_TICK_03012025\BFO_TICK_03012025\SENSEX03JAN2581100CE.BFO.csv
2025-10-27 13:44:12,562 [INFO] [root] [MainThread]: Successfully processed: BFO\BFO_TICK_03012025\BFO_TICK_03012025\SENSEX03JAN2581100CE.BFO.csv
2025-10-27 13:44:12,563 [INFO] [root] [MainThread]: Started processing: BFO\BFO_TICK_03012025\BFO_TICK_03012025\SENSEX03JAN2581200CE.BFO.csv
2025-10-27 13:44:12,822 [INFO] [root] [MainThread]: Successfully processed: BFO\BFO_TICK_03012025\BFO_TICK_03012025\SENSEX03JAN2581200CE.BFO.csv
2025-10-27 13:44:12,822 [INFO] [root] [MainThread]: Started processing: BFO\BFO_TICK_03012025\BFO_TICK_03012025\SENSEX03JAN2581300CE.BFO.csv
2025-10-27 13:44:13,064 [INFO] [root] [MainThread]: Successfully processed: BFO\BFO_TICK_03012025\BFO_TICK_03012025\SENSEX03JAN2581300CE.BFO.csv
2025-10-27 13:44:13,065 [INFO] [root] [MainThread]: Started processing: BFO\BFO_TICK_03012025\BFO_TICK_03012025\SENSEX03JAN2581400CE.BFO.csv
2025-10-27 13:44:13,280 [INFO] [root] [MainThread]: Successfully processed: BFO\BFO_TICK_03012025\BFO_TICK_03012025\SENSEX03JAN2581400CE.BFO.csv
2025-10-27 13:44:13,280 [INFO] [root] [MainThread]: Started processing: BFO\BFO_TICK_03012025\BFO_TICK_03012025\SENSEX03JAN2581500CE.BFO.csv
2025-10-27 13:44:13,521 [INFO] [root] [MainThread]: Successfully processed: BFO\BFO_TICK_03012025\BFO_TICK_03012025\SENSEX03JAN2581500CE.BFO.csv
2025-10-27 13:44:13,521 [INFO] [root] [MainThread]: Started processing: BFO\BFO_TICK_03012025\BFO_TICK_03012025\SENSEX03JAN2581600CE.BFO.csv
2025-10-27 13:44:13,746 [INFO] [root] [MainThread]: Successfully processed: BFO\BFO_TICK_03012025\BFO_TICK_03012025\SENSEX03JAN2581600CE.BFO.csv
2025-10-27 13:44:13,746 [INFO] [root] [MainThread]: Started processing: BFO\BFO_TICK_03012025\BFO_TICK_03012025\SENSEX03JAN2581700CE.BFO.csv
2025-10-27 13:44:13,947 [INFO] [root] [MainThread]: Successfully processed: BFO\BFO_TICK_03012025\BFO_TICK_03012025\SENSEX03JAN2581700CE.BFO.csv
2025-10-27 13:44:13,947 [INFO] [root] [MainThread]: Started processing: BFO\BFO_TICK_03012025\BFO_TICK_03012025\SENSEX03JAN2581800CE.BFO.csv
2025-10-27 13:44:14,132 [INFO] [root] [MainThread]: Successfully processed: BFO\BFO_TICK_03012025\BFO_TICK_03012025\SENSEX03JAN2581800CE.BFO.csv
2025-10-27 13:44:14,133 [INFO] [root] [MainThread]: Started processing: BFO\BFO_TICK_03012025\BFO_TICK_03012025\SENSEX03JAN2581900CE.BFO.csv
2025-10-27 13:44:14,296 [INFO] [root] [MainThread]: Successfully processed: BFO\BFO_TICK_03012025\BFO_TICK_03012025\SENSEX03JAN2581900CE.BFO.csv
2025-10-27 13:44:14,296 [INFO] [root] [MainThread]: Started processing: BFO\BFO_TICK_03012025\BFO_TICK_03012025\SENSEX03JAN2582000CE.BFO.csv
2025-10-27 13:44:14,481 [INFO] [root] [MainThread]: Successfully processed: BFO\BFO_TICK_03012025\BFO_TICK_03012025\SENSEX03JAN2582000CE.BFO.csv
2025-10-27 13:44:14,481 [INFO] [root] [MainThread]: Started processing: BFO\BFO_TICK_03012025\BFO_TICK_03012025\SENSEX03JAN2582100CE.BFO.csv
2025-10-27 13:44:14,591 [INFO] [root] [MainThread]: Successfully processed: BFO\BFO_TICK_03012025\BFO_TICK_03012025\SENSEX03JAN2582100CE.BFO.csv
2025-10-27 13:44:14,591 [INFO] [root] [MainThread]: Started processing: BFO\BFO_TICK_03012025\BFO_TICK_03012025\SENSEX03JAN2582200CE.BFO.csv
2025-10-27 13:44:14,689 [INFO] [root] [MainThread]: Successfully processed: BFO\BFO_TICK_03012025\BFO_TICK_03012025\SENSEX03JAN2582200CE.BFO.csv
2025-10-27 13:44:14,689 [INFO] [root] [MainThread]: Started processing: BFO\BFO_TICK_03012025\BFO_TICK_03012025\SENSEX03JAN2582300CE.BFO.csv
2025-10-27 13:44:14,791 [INFO] [root] [MainThread]: Successfully processed: BFO\BFO_TICK_03012025\BFO_TICK_03012025\SENSEX03JAN2582300CE.BFO.csv
2025-10-27 13:44:14,791 [INFO] [root] [MainThread]: Started processing: BFO\BFO_TICK_03012025\BFO_TICK_03012025\SENSEX03JAN2582400CE.BFO.csv
2025-10-27 13:44:14,880 [INFO] [root] [MainThread]: Successfully processed: BFO\BFO_TICK_03012025\BFO_TICK_03012025\SENSEX03JAN2582400CE.BFO.csv
2025-10-27 13:44:14,881 [INFO] [root] [MainThread]: Started processing: BFO\BFO_TICK_03012025\BFO_TICK_03012025\SENSEX03JAN2582500CE.BFO.csv
2025-10-27 13:44:15,009 [INFO] [root] [MainThread]: Successfully processed: BFO\BFO_TICK_03012025\BFO_TICK_03012025\SENSEX03JAN2582500CE.BFO.csv
2025-10-27 13:44:15,009 [INFO] [root] [MainThread]: Started processing: BFO\BFO_TICK_03012025\BFO_TICK_03012025\SENSEX03JAN2582600CE.BFO.csv
2025-10-27 13:44:15,089 [INFO] [root] [MainThread]: Successfully processed: BFO\BFO_TICK_03012025\BFO_TICK_03012025\SENSEX03JAN2582600CE.BFO.csv
2025-10-27 13:44:15,090 [INFO] [root] [MainThread]: Started processing: BFO\BFO_TICK_03012025\BFO_TICK_03012025\SENSEX03JAN2582700CE.BFO.csv
2025-10-27 13:44:15,189 [INFO] [root] [MainThread]: Successfully processed: BFO\BFO_TICK_03012025\BFO_TICK_03012025\SENSEX03JAN2582700CE.BFO.csv
2025-10-27 13:44:15,189 [INFO] [root] [MainThread]: Started processing: BFO\BFO_TICK_03012025\BFO_TICK_03012025\SENSEX03JAN2582800CE.BFO.csv
2025-10-27 13:44:15,260 [INFO] [root] [MainThread]: Successfully processed: BFO\BFO_TICK_03012025\BFO_TICK_03012025\SENSEX03JAN2582800CE.BFO.csv
2025-10-27 13:44:15,260 [INFO] [root] [MainThread]: Started processing: BFO\BFO_TICK_03012025\BFO_TICK_03012025\SENSEX03JAN2582900CE.BFO.csv
2025-10-27 13:44:15,354 [INFO] [root] [MainThread]: Successfully processed: BFO\BFO_TICK_03012025\BFO_TICK_03012025\SENSEX03JAN2582900CE.BFO.csv
2025-10-27 13:44:15,354 [INFO] [root] [MainThread]: Started processing: BFO\BFO_TICK_03012025\BFO_TICK_03012025\SENSEX03JAN2583000CE.BFO.csv
2025-10-27 13:44:15,475 [INFO] [root] [MainThread]: Successfully processed: BFO\BFO_TICK_03012025\BFO_TICK_03012025\SENSEX03JAN2583000CE.BFO.csv
2025-10-27 13:44:15,476 [INFO] [root] [MainThread]: Started processing: BFO\BFO_TICK_03012025\BFO_TICK_03012025\SENSEX03JAN2583100CE.BFO.csv
2025-10-27 13:44:15,559 [INFO] [root] [MainThread]: Successfully processed: BFO\BFO_TICK_03012025\BFO_TICK_03012025\SENSEX03JAN2583100CE.BFO.csv
2025-10-27 13:44:15,559 [INFO] [root] [MainThread]: Started processing: BFO\BFO_TICK_03012025\BFO_TICK_03012025\SENSEX03JAN2583200CE.BFO.csv
2025-10-27 13:44:15,625 [INFO] [root] [MainThread]: Successfully processed: BFO\BFO_TICK_03012025\BFO_TICK_03012025\SENSEX03JAN2583200CE.BFO.csv
2025-10-27 13:44:15,625 [INFO] [root] [MainThread]: Started processing: BFO\BFO_TICK_03012025\BFO_TICK_03012025\SENSEX03JAN2583300CE.BFO.csv
2025-10-27 13:44:15,687 [INFO] [root] [MainThread]: Successfully processed: BFO\BFO_TICK_03012025\BFO_TICK_03012025\SENSEX03JAN2583300CE.BFO.csv
2025-10-27 13:44:15,688 [INFO] [root] [MainThread]: Started processing: BFO\BFO_TICK_03012025\BFO_TICK_03012025\SENSEX03JAN2583400CE.BFO.csv
2025-10-27 13:44:15,740 [INFO] [root] [MainThread]: Successfully processed: BFO\BFO_TICK_03012025\BFO_TICK_03012025\SENSEX03JAN2583400CE.BFO.csv
2025-10-27 13:44:15,740 [INFO] [root] [MainThread]: Started processing: BFO\BFO_TICK_03012025\BFO_TICK_03012025\SENSEX03JAN2583500CE.BFO.csv
2025-10-27 13:44:15,823 [INFO] [root] [MainThread]: Successfully processed: BFO\BFO_TICK_03012025\BFO_TICK_03012025\SENSEX03JAN2583500CE.BFO.csv
2025-10-27 13:44:15,823 [INFO] [root] [MainThread]: Started processing: BFO\BFO_TICK_03012025\BFO_TICK_03012025\SENSEX03JAN2583600CE.BFO.csv
2025-10-27 13:44:15,877 [INFO] [root] [MainThread]: Successfully processed: BFO\BFO_TICK_03012025\BFO_TICK_03012025\SENSEX03JAN2583600CE.BFO.csv
2025-10-27 13:44:15,878 [INFO] [root] [MainThread]: Started processing: BFO\BFO_TICK_03012025\BFO_TICK_03012025\SENSEX03JAN2583700CE.BFO.csv
2025-10-27 13:44:15,942 [INFO] [root] [MainThread]: Successfully processed: BFO\BFO_TICK_03012025\BFO_TICK_03012025\SENSEX03JAN2583700CE.BFO.csv
2025-10-27 13:44:15,942 [INFO] [root] [MainThread]: Started processing: BFO\BFO_TICK_03012025\BFO_TICK_03012025\SENSEX03JAN2583800CE.BFO.csv
2025-10-27 13:44:16,086 [INFO] [root] [MainThread]: Successfully processed: BFO\BFO_TICK_03012025\BFO_TICK_03012025\SENSEX03JAN2583800CE.BFO.csv
2025-10-27 13:44:16,086 [INFO] [root] [MainThread]: Started processing: BFO\BFO_TICK_03012025\BFO_TICK_03012025\SENSEX03JAN2583900CE.BFO.csv
2025-10-27 13:44:16,147 [INFO] [root] [MainThread]: Successfully processed: BFO\BFO_TICK_03012025\BFO_TICK_03012025\SENSEX03JAN2583900CE.BFO.csv
2025-10-27 13:44:16,148 [INFO] [root] [MainThread]: Started processing: BFO\BFO_TICK_03012025\BFO_TICK_03012025\SENSEX03JAN2584000CE.BFO.csv
2025-10-27 13:44:16,224 [INFO] [root] [MainThread]: Successfully processed: BFO\BFO_TICK_03012025\BFO_TICK_03012025\SENSEX03JAN2584000CE.BFO.csv
2025-10-27 13:44:16,224 [INFO] [root] [MainThread]: Started processing: BFO\BFO_TICK_03012025\BFO_TICK_03012025\SENSEX03JAN2584100CE.BFO.csv
2025-10-27 13:44:16,269 [INFO] [root] [MainThread]: Successfully processed: BFO\BFO_TICK_03012025\BFO_TICK_03012025\SENSEX03JAN2584100CE.BFO.csv
2025-10-27 13:44:16,269 [INFO] [root] [MainThread]: Started processing: BFO\BFO_TICK_03012025\BFO_TICK_03012025\SENSEX03JAN2584200CE.BFO.csv
2025-10-27 13:44:16,318 [INFO] [root] [MainThread]: Successfully processed: BFO\BFO_TICK_03012025\BFO_TICK_03012025\SENSEX03JAN2584200CE.BFO.csv
2025-10-27 13:44:16,318 [INFO] [root] [MainThread]: Started processing: BFO\BFO_TICK_03012025\BFO_TICK_03012025\SENSEX03JAN2584300CE.BFO.csv
2025-10-27 13:44:16,376 [INFO] [root] [MainThread]: Successfully processed: BFO\BFO_TICK_03012025\BFO_TICK_03012025\SENSEX03JAN2584300CE.BFO.csv
2025-10-27 13:44:16,376 [INFO] [root] [MainThread]: Started processing: BFO\BFO_TICK_03012025\BFO_TICK_03012025\SENSEX03JAN2584400CE.BFO.csv
2025-10-27 13:44:16,427 [INFO] [root] [MainThread]: Successfully processed: BFO\BFO_TICK_03012025\BFO_TICK_03012025\SENSEX03JAN2584400CE.BFO.csv
2025-10-27 13:44:16,427 [INFO] [root] [MainThread]: Started processing: BFO\BFO_TICK_03012025\BFO_TICK_03012025\SENSEX03JAN2584500CE.BFO.csv
2025-10-27 13:44:16,484 [INFO] [root] [MainThread]: Successfully processed: BFO\BFO_TICK_03012025\BFO_TICK_03012025\SENSEX03JAN2584500CE.BFO.csv
2025-10-27 13:44:16,484 [INFO] [root] [MainThread]: Started processing: BFO\BFO_TICK_03012025\BFO_TICK_03012025\SENSEX03JAN2584600CE.BFO.csv
2025-10-27 13:44:16,529 [INFO] [root] [MainThread]: Successfully processed: BFO\BFO_TICK_03012025\BFO_TICK_03012025\SENSEX03JAN2584600CE.BFO.csv
2025-10-27 13:44:16,529 [INFO] [root] [MainThread]: Started processing: BFO\BFO_TICK_03012025\BFO_TICK_03012025\SENSEX03JAN2584700CE.BFO.csv
2025-10-27 13:44:16,579 [INFO] [root] [MainThread]: Successfully processed: BFO\BFO_TICK_03012025\BFO_TICK_03012025\SENSEX03JAN2584700CE.BFO.csv
2025-10-27 13:44:16,579 [INFO] [root] [MainThread]: Started processing: BFO\BFO_TICK_03012025\BFO_TICK_03012025\SENSEX03JAN2584800CE.BFO.csv
2025-10-27 13:44:16,625 [INFO] [root] [MainThread]: Successfully processed: BFO\BFO_TICK_03012025\BFO_TICK_03012025\SENSEX03JAN2584800CE.BFO.csv
2025-10-27 13:44:16,626 [INFO] [root] [MainThread]: Started processing: BFO\BFO_TICK_03012025\BFO_TICK_03012025\SENSEX03JAN2584900CE.BFO.csv
2025-10-27 13:44:16,668 [INFO] [root] [MainThread]: Successfully processed: BFO\BFO_TICK_03012025\BFO_TICK_03012025\SENSEX03JAN2584900CE.BFO.csv
2025-10-27 13:44:16,668 [INFO] [root] [MainThread]: Started processing: BFO\BFO_TICK_03012025\BFO_TICK_03012025\SENSEX03JAN2585000CE.BFO.csv
2025-10-27 13:44:16,725 [INFO] [root] [MainThread]: Successfully processed: BFO\BFO_TICK_03012025\BFO_TICK_03012025\SENSEX03JAN2585000CE.BFO.csv
2025-10-27 13:44:16,725 [INFO] [root] [MainThread]: Started processing: BFO\BFO_TICK_03012025\BFO_TICK_03012025\SENSEX03JAN2585100CE.BFO.csv
2025-10-27 13:44:16,768 [INFO] [root] [MainThread]: Successfully processed: BFO\BFO_TICK_03012025\BFO_TICK_03012025\SENSEX03JAN2585100CE.BFO.csv
2025-10-27 13:44:16,768 [INFO] [root] [MainThread]: Started processing: BFO\BFO_TICK_03012025\BFO_TICK_03012025\SENSEX03JAN2585200CE.BFO.csv
2025-10-27 13:44:16,816 [INFO] [root] [MainThread]: Successfully processed: BFO\BFO_TICK_03012025\BFO_TICK_03012025\SENSEX03JAN2585200CE.BFO.csv
2025-10-27 13:44:16,817 [INFO] [root] [MainThread]: Started processing: BFO\BFO_TICK_03012025\BFO_TICK_03012025\SENSEX03JAN2585300CE.BFO.csv
2025-10-27 13:44:16,859 [INFO] [root] [MainThread]: Successfully processed: BFO\BFO_TICK_03012025\BFO_TICK_03012025\SENSEX03JAN2585300CE.BFO.csv
2025-10-27 13:44:16,859 [INFO] [root] [MainThread]: Started processing: BFO\BFO_TICK_03012025\BFO_TICK_03012025\SENSEX03JAN2585400CE.BFO.csv
2025-10-27 13:44:16,904 [INFO] [root] [MainThread]: Successfully processed: BFO\BFO_TICK_03012025\BFO_TICK_03012025\SENSEX03JAN2585400CE.BFO.csv
2025-10-27 13:44:16,904 [INFO] [root] [MainThread]: Started processing: BFO\BFO_TICK_03012025\BFO_TICK_03012025\SENSEX03JAN2585500CE.BFO.csv
2025-10-27 13:44:16,954 [INFO] [root] [MainThread]: Successfully processed: BFO\BFO_TICK_03012025\BFO_TICK_03012025\SENSEX03JAN2585500CE.BFO.csv
2025-10-27 13:44:16,955 [INFO] [root] [MainThread]: Started processing: BFO\BFO_TICK_03012025\BFO_TICK_03012025\SENSEX03JAN2585600CE.BFO.csv
2025-10-27 13:44:16,994 [INFO] [root] [MainThread]: Successfully processed: BFO\BFO_TICK_03012025\BFO_TICK_03012025\SENSEX03JAN2585600CE.BFO.csv
2025-10-27 13:44:16,994 [INFO] [root] [MainThread]: Started processing: BFO\BFO_TICK_03012025\BFO_TICK_03012025\SENSEX03JAN2585700CE.BFO.csv
2025-10-27 13:44:17,041 [INFO] [root] [MainThread]: Successfully processed: BFO\BFO_TICK_03012025\BFO_TICK_03012025\SENSEX03JAN2585700CE.BFO.csv
2025-10-27 13:44:17,042 [INFO] [root] [MainThread]: Started processing: BFO\BFO_TICK_03012025\BFO_TICK_03012025\SENSEX03JAN2585800CE.BFO.csv
2025-10-27 13:44:17,088 [INFO] [root] [MainThread]: Successfully processed: BFO\BFO_TICK_03012025\BFO_TICK_03012025\SENSEX03JAN2585800CE.BFO.csv
2025-10-27 13:44:17,088 [INFO] [root] [MainThread]: Started processing: BFO\BFO_TICK_03012025\BFO_TICK_03012025\SENSEX03JAN2585900CE.BFO.csv
2025-10-27 13:44:17,135 [INFO] [root] [MainThread]: Successfully processed: BFO\BFO_TICK_03012025\BFO_TICK_03012025\SENSEX03JAN2585900CE.BFO.csv
2025-10-27 13:44:17,135 [INFO] [root] [MainThread]: Started processing: BFO\BFO_TICK_03012025\BFO_TICK_03012025\SENSEX03JAN2586000CE.BFO.csv
2025-10-27 13:44:17,196 [INFO] [root] [MainThread]: Successfully processed: BFO\BFO_TICK_03012025\BFO_TICK_03012025\SENSEX03JAN2586000CE.BFO.csv
2025-10-27 13:44:17,196 [INFO] [root] [MainThread]: Started processing: BFO\BFO_TICK_03012025\BFO_TICK_03012025\SENSEX03JAN2586100CE.BFO.csv
2025-10-27 13:44:17,273 [INFO] [root] [MainThread]: Successfully processed: BFO\BFO_TICK_03012025\BFO_TICK_03012025\SENSEX03JAN2586100CE.BFO.csv
2025-10-27 13:44:17,274 [INFO] [root] [MainThread]: Started processing: BFO\BFO_TICK_03012025\BFO_TICK_03012025\SENSEX07JAN2577500CE.BFO.csv
2025-10-27 13:44:17,309 [INFO] [root] [MainThread]: Successfully processed: BFO\BFO_TICK_03012025\BFO_TICK_03012025\SENSEX07JAN2577500CE.BFO.csv
2025-10-27 13:44:17,309 [INFO] [root] [MainThread]: Started processing: BFO\BFO_TICK_03012025\BFO_TICK_03012025\SENSEX07JAN2578000CE.BFO.csv
2025-10-27 13:44:17,356 [INFO] [root] [MainThread]: Successfully processed: BFO\BFO_TICK_03012025\BFO_TICK_03012025\SENSEX07JAN2578000CE.BFO.csv
2025-10-27 13:44:17,356 [INFO] [root] [MainThread]: Processed 100/211 files...
2025-10-27 13:44:17,356 [INFO] [root] [MainThread]: Started processing: BFO\BFO_TICK_03012025\BFO_TICK_03012025\SENSEX07JAN2578100CE.BFO.csv
2025-10-27 13:44:17,378 [INFO] [root] [MainThread]: Successfully processed: BFO\BFO_TICK_03012025\BFO_TICK_03012025\SENSEX07JAN2578100CE.BFO.csv
2025-10-27 13:44:17,380 [INFO] [root] [MainThread]: Started processing: BFO\BFO_TICK_03012025\BFO_TICK_03012025\SENSEX07JAN2578200CE.BFO.csv
2025-10-27 13:44:17,419 [INFO] [root] [MainThread]: Successfully processed: BFO\BFO_TICK_03012025\BFO_TICK_03012025\SENSEX07JAN2578200CE.BFO.csv
2025-10-27 13:44:17,419 [INFO] [root] [MainThread]: Started processing: BFO\BFO_TICK_03012025\BFO_TICK_03012025\SENSEX07JAN2578500CE.BFO.csv
2025-10-27 13:44:17,472 [INFO] [root] [MainThread]: Successfully processed: BFO\BFO_TICK_03012025\BFO_TICK_03012025\SENSEX07JAN2578500CE.BFO.csv
2025-10-27 13:44:17,472 [INFO] [root] [MainThread]: Started processing: BFO\BFO_TICK_03012025\BFO_TICK_03012025\SENSEX07JAN2578600CE.BFO.csv
2025-10-27 13:44:17,515 [INFO] [root] [MainThread]: Successfully processed: BFO\BFO_TICK_03012025\BFO_TICK_03012025\SENSEX07JAN2578600CE.BFO.csv
2025-10-27 13:44:17,516 [INFO] [root] [MainThread]: Started processing: BFO\BFO_TICK_03012025\BFO_TICK_03012025\SENSEX07JAN2578700CE.BFO.csv
2025-10-27 13:44:17,551 [INFO] [root] [MainThread]: Successfully processed: BFO\BFO_TICK_03012025\BFO_TICK_03012025\SENSEX07JAN2578700CE.BFO.csv
2025-10-27 13:44:17,551 [INFO] [root] [MainThread]: Started processing: BFO\BFO_TICK_03012025\BFO_TICK_03012025\SENSEX07JAN2578800CE.BFO.csv
2025-10-27 13:44:17,591 [INFO] [root] [MainThread]: Successfully processed: BFO\BFO_TICK_03012025\BFO_TICK_03012025\SENSEX07JAN2578800CE.BFO.csv
2025-10-27 13:44:17,591 [INFO] [root] [MainThread]: Started processing: BFO\BFO_TICK_03012025\BFO_TICK_03012025\SENSEX07JAN2578900CE.BFO.csv
2025-10-27 13:44:17,633 [INFO] [root] [MainThread]: Successfully processed: BFO\BFO_TICK_03012025\BFO_TICK_03012025\SENSEX07JAN2578900CE.BFO.csv
2025-10-27 13:44:17,633 [INFO] [root] [MainThread]: Started processing: BFO\BFO_TICK_03012025\BFO_TICK_03012025\SENSEX07JAN2579000CE.BFO.csv
2025-10-27 13:44:17,720 [INFO] [root] [MainThread]: Successfully processed: BFO\BFO_TICK_03012025\BFO_TICK_03012025\SENSEX07JAN2579000CE.BFO.csv
2025-10-27 13:44:17,720 [INFO] [root] [MainThread]: Started processing: BFO\BFO_TICK_03012025\BFO_TICK_03012025\SENSEX07JAN2579100CE.BFO.csv
2025-10-27 13:44:17,771 [INFO] [root] [MainThread]: Successfully processed: BFO\BFO_TICK_03012025\BFO_TICK_03012025\SENSEX07JAN2579100CE.BFO.csv
2025-10-27 13:44:17,771 [INFO] [root] [MainThread]: Started processing: BFO\BFO_TICK_03012025\BFO_TICK_03012025\SENSEX07JAN2579200CE.BFO.csv
2025-10-27 13:44:17,840 [INFO] [root] [MainThread]: Successfully processed: BFO\BFO_TICK_03012025\BFO_TICK_03012025\SENSEX07JAN2579200CE.BFO.csv
2025-10-27 13:44:17,840 [INFO] [root] [MainThread]: Started processing: BFO\BFO_TICK_03012025\BFO_TICK_03012025\SENSEX07JAN2579300CE.BFO.csv
2025-10-27 13:44:17,921 [INFO] [root] [MainThread]: Successfully processed: BFO\BFO_TICK_03012025\BFO_TICK_03012025\SENSEX07JAN2579300CE.BFO.csv
2025-10-27 13:44:17,922 [INFO] [root] [MainThread]: Started processing: BFO\BFO_TICK_03012025\BFO_TICK_03012025\SENSEX07JAN2579400CE.BFO.csv
2025-10-27 13:44:18,008 [INFO] [root] [MainThread]: Successfully processed: BFO\BFO_TICK_03012025\BFO_TICK_03012025\SENSEX07JAN2579400CE.BFO.csv
2025-10-27 13:44:18,008 [INFO] [root] [MainThread]: Started processing: BFO\BFO_TICK_03012025\BFO_TICK_03012025\SENSEX07JAN2579500CE.BFO.csv
2025-10-27 13:44:18,169 [INFO] [root] [MainThread]: Successfully processed: BFO\BFO_TICK_03012025\BFO_TICK_03012025\SENSEX07JAN2579500CE.BFO.csv
2025-10-27 13:44:18,170 [INFO] [root] [MainThread]: Started processing: BFO\BFO_TICK_03012025\BFO_TICK_03012025\SENSEX07JAN2579600CE.BFO.csv
2025-10-27 13:44:18,258 [INFO] [root] [MainThread]: Successfully processed: BFO\BFO_TICK_03012025\BFO_TICK_03012025\SENSEX07JAN2579600CE.BFO.csv
2025-10-27 13:44:18,258 [INFO] [root] [MainThread]: Started processing: BFO\BFO_TICK_03012025\BFO_TICK_03012025\SENSEX07JAN2579700CE.BFO.csv
2025-10-27 13:44:18,357 [INFO] [root] [MainThread]: Successfully processed: BFO\BFO_TICK_03012025\BFO_TICK_03012025\SENSEX07JAN2579700CE.BFO.csv
2025-10-27 13:44:18,357 [INFO] [root] [MainThread]: Started processing: BFO\BFO_TICK_03012025\BFO_TICK_03012025\SENSEX07JAN2579800CE.BFO.csv
2025-10-27 13:44:18,444 [INFO] [root] [MainThread]: Successfully processed: BFO\BFO_TICK_03012025\BFO_TICK_03012025\SENSEX07JAN2579800CE.BFO.csv
2025-10-27 13:44:18,445 [INFO] [root] [MainThread]: Started processing: BFO\BFO_TICK_03012025\BFO_TICK_03012025\SENSEX07JAN2579900CE.BFO.csv
2025-10-27 13:44:18,515 [INFO] [root] [MainThread]: Successfully processed: BFO\BFO_TICK_03012025\BFO_TICK_03012025\SENSEX07JAN2579900CE.BFO.csv
2025-10-27 13:44:18,515 [INFO] [root] [MainThread]: Started processing: BFO\BFO_TICK_03012025\BFO_TICK_03012025\SENSEX07JAN2580000CE.BFO.csv
2025-10-27 13:44:18,645 [INFO] [root] [MainThread]: Successfully processed: BFO\BFO_TICK_03012025\BFO_TICK_03012025\SENSEX07JAN2580000CE.BFO.csv
2025-10-27 13:44:18,645 [INFO] [root] [MainThread]: Started processing: BFO\BFO_TICK_03012025\BFO_TICK_03012025\SENSEX07JAN2580100CE.BFO.csv
2025-10-27 13:44:18,735 [INFO] [root] [MainThread]: Successfully processed: BFO\BFO_TICK_03012025\BFO_TICK_03012025\SENSEX07JAN2580100CE.BFO.csv
2025-10-27 13:44:18,735 [INFO] [root] [MainThread]: Started processing: BFO\BFO_TICK_03012025\BFO_TICK_03012025\SENSEX07JAN2580200CE.BFO.csv
2025-10-27 13:44:18,816 [INFO] [root] [MainThread]: Successfully processed: BFO\BFO_TICK_03012025\BFO_TICK_03012025\SENSEX07JAN2580200CE.BFO.csv
2025-10-27 13:44:18,816 [INFO] [root] [MainThread]: Started processing: BFO\BFO_TICK_03012025\BFO_TICK_03012025\SENSEX07JAN2580300CE.BFO.csv
2025-10-27 13:44:18,889 [INFO] [root] [MainThread]: Successfully processed: BFO\BFO_TICK_03012025\BFO_TICK_03012025\SENSEX07JAN2580300CE.BFO.csv
2025-10-27 13:44:18,889 [INFO] [root] [MainThread]: Started processing: BFO\BFO_TICK_03012025\BFO_TICK_03012025\SENSEX07JAN2580400CE.BFO.csv
2025-10-27 13:44:18,968 [INFO] [root] [MainThread]: Successfully processed: BFO\BFO_TICK_03012025\BFO_TICK_03012025\SENSEX07JAN2580400CE.BFO.csv
2025-10-27 13:44:18,968 [INFO] [root] [MainThread]: Started processing: BFO\BFO_TICK_03012025\BFO_TICK_03012025\SENSEX07JAN2580500CE.BFO.csv
2025-10-27 13:44:19,073 [INFO] [root] [MainThread]: Successfully processed: BFO\BFO_TICK_03012025\BFO_TICK_03012025\SENSEX07JAN2580500CE.BFO.csv
2025-10-27 13:44:19,074 [INFO] [root] [MainThread]: Started processing: BFO\BFO_TICK_03012025\BFO_TICK_03012025\SENSEX07JAN2580600CE.BFO.csv
2025-10-27 13:44:19,169 [INFO] [root] [MainThread]: Successfully processed: BFO\BFO_TICK_03012025\BFO_TICK_03012025\SENSEX07JAN2580600CE.BFO.csv
2025-10-27 13:44:19,169 [INFO] [root] [MainThread]: Started processing: BFO\BFO_TICK_03012025\BFO_TICK_03012025\SENSEX07JAN2580700CE.BFO.csv
2025-10-27 13:44:19,267 [INFO] [root] [MainThread]: Successfully processed: BFO\BFO_TICK_03012025\BFO_TICK_03012025\SENSEX07JAN2580700CE.BFO.csv
2025-10-27 13:44:19,267 [INFO] [root] [MainThread]: Started processing: BFO\BFO_TICK_03012025\BFO_TICK_03012025\SENSEX07JAN2580800CE.BFO.csv
2025-10-27 13:44:19,336 [INFO] [root] [MainThread]: Successfully processed: BFO\BFO_TICK_03012025\BFO_TICK_03012025\SENSEX07JAN2580800CE.BFO.csv
2025-10-27 13:44:19,337 [INFO] [root] [MainThread]: Started processing: BFO\BFO_TICK_03012025\BFO_TICK_03012025\SENSEX07JAN2580900CE.BFO.csv
2025-10-27 13:44:19,424 [INFO] [root] [MainThread]: Successfully processed: BFO\BFO_TICK_03012025\BFO_TICK_03012025\SENSEX07JAN2580900CE.BFO.csv
2025-10-27 13:44:19,424 [INFO] [root] [MainThread]: Started processing: BFO\BFO_TICK_03012025\BFO_TICK_03012025\SENSEX07JAN2581000CE.BFO.csv
2025-10-27 13:44:19,575 [INFO] [root] [MainThread]: Successfully processed: BFO\BFO_TICK_03012025\BFO_TICK_03012025\SENSEX07JAN2581000CE.BFO.csv
2025-10-27 13:44:19,575 [INFO] [root] [MainThread]: Started processing: BFO\BFO_TICK_03012025\BFO_TICK_03012025\SENSEX07JAN2581100CE.BFO.csv
2025-10-27 13:44:19,638 [INFO] [root] [MainThread]: Successfully processed: BFO\BFO_TICK_03012025\BFO_TICK_03012025\SENSEX07JAN2581100CE.BFO.csv
2025-10-27 13:44:19,638 [INFO] [root] [MainThread]: Started processing: BFO\BFO_TICK_03012025\BFO_TICK_03012025\SENSEX07JAN2581200CE.BFO.csv
2025-10-27 13:44:19,716 [INFO] [root] [MainThread]: Successfully processed: BFO\BFO_TICK_03012025\BFO_TICK_03012025\SENSEX07JAN2581200CE.BFO.csv
2025-10-27 13:44:19,716 [INFO] [root] [MainThread]: Started processing: BFO\BFO_TICK_03012025\BFO_TICK_03012025\SENSEX07JAN2581300CE.BFO.csv
2025-10-27 13:44:19,771 [INFO] [root] [MainThread]: Successfully processed: BFO\BFO_TICK_03012025\BFO_TICK_03012025\SENSEX07JAN2581300CE.BFO.csv
2025-10-27 13:44:19,771 [INFO] [root] [MainThread]: Started processing: BFO\BFO_TICK_03012025\BFO_TICK_03012025\SENSEX07JAN2581400CE.BFO.csv
2025-10-27 13:44:19,823 [INFO] [root] [MainThread]: Successfully processed: BFO\BFO_TICK_03012025\BFO_TICK_03012025\SENSEX07JAN2581400CE.BFO.csv
2025-10-27 13:44:19,823 [INFO] [root] [MainThread]: Started processing: BFO\BFO_TICK_03012025\BFO_TICK_03012025\SENSEX07JAN2581500CE.BFO.csv
2025-10-27 13:44:19,918 [INFO] [root] [MainThread]: Successfully processed: BFO\BFO_TICK_03012025\BFO_TICK_03012025\SENSEX07JAN2581500CE.BFO.csv
2025-10-27 13:44:19,919 [INFO] [root] [MainThread]: Started processing: BFO\BFO_TICK_03012025\BFO_TICK_03012025\SENSEX07JAN2581600CE.BFO.csv
2025-10-27 13:44:19,983 [INFO] [root] [MainThread]: Successfully processed: BFO\BFO_TICK_03012025\BFO_TICK_03012025\SENSEX07JAN2581600CE.BFO.csv
2025-10-27 13:44:19,983 [INFO] [root] [MainThread]: Started processing: BFO\BFO_TICK_03012025\BFO_TICK_03012025\SENSEX07JAN2581700CE.BFO.csv
2025-10-27 13:44:20,044 [INFO] [root] [MainThread]: Successfully processed: BFO\BFO_TICK_03012025\BFO_TICK_03012025\SENSEX07JAN2581700CE.BFO.csv
2025-10-27 13:44:20,044 [INFO] [root] [MainThread]: Started processing: BFO\BFO_TICK_03012025\BFO_TICK_03012025\SENSEX07JAN2581800CE.BFO.csv
2025-10-27 13:44:20,131 [INFO] [root] [MainThread]: Successfully processed: BFO\BFO_TICK_03012025\BFO_TICK_03012025\SENSEX07JAN2581800CE.BFO.csv
2025-10-27 13:44:20,131 [INFO] [root] [MainThread]: Started processing: BFO\BFO_TICK_03012025\BFO_TICK_03012025\SENSEX07JAN2581900CE.BFO.csv
2025-10-27 13:44:20,178 [INFO] [root] [MainThread]: Successfully processed: BFO\BFO_TICK_03012025\BFO_TICK_03012025\SENSEX07JAN2581900CE.BFO.csv
2025-10-27 13:44:20,179 [INFO] [root] [MainThread]: Started processing: BFO\BFO_TICK_03012025\BFO_TICK_03012025\SENSEX07JAN2582000CE.BFO.csv
2025-10-27 13:44:20,274 [INFO] [root] [MainThread]: Successfully processed: BFO\BFO_TICK_03012025\BFO_TICK_03012025\SENSEX07JAN2582000CE.BFO.csv
2025-10-27 13:44:20,274 [INFO] [root] [MainThread]: Started processing: BFO\BFO_TICK_03012025\BFO_TICK_03012025\SENSEX07JAN2582100CE.BFO.csv
2025-10-27 13:44:20,310 [INFO] [root] [MainThread]: Successfully processed: BFO\BFO_TICK_03012025\BFO_TICK_03012025\SENSEX07JAN2582100CE.BFO.csv
2025-10-27 13:44:20,310 [INFO] [root] [MainThread]: Started processing: BFO\BFO_TICK_03012025\BFO_TICK_03012025\SENSEX07JAN2582200CE.BFO.csv
2025-10-27 13:44:20,350 [INFO] [root] [MainThread]: Successfully processed: BFO\BFO_TICK_03012025\BFO_TICK_03012025\SENSEX07JAN2582200CE.BFO.csv
2025-10-27 13:44:20,350 [INFO] [root] [MainThread]: Started processing: BFO\BFO_TICK_03012025\BFO_TICK_03012025\SENSEX07JAN2582300CE.BFO.csv
2025-10-27 13:44:20,413 [INFO] [root] [MainThread]: Successfully processed: BFO\BFO_TICK_03012025\BFO_TICK_03012025\SENSEX07JAN2582300CE.BFO.csv
2025-10-27 13:44:20,414 [INFO] [root] [MainThread]: Started processing: BFO\BFO_TICK_03012025\BFO_TICK_03012025\SENSEX07JAN2582400CE.BFO.csv
2025-10-27 13:44:20,483 [INFO] [root] [MainThread]: Successfully processed: BFO\BFO_TICK_03012025\BFO_TICK_03012025\SENSEX07JAN2582400CE.BFO.csv
2025-10-27 13:44:20,483 [INFO] [root] [MainThread]: Started processing: BFO\BFO_TICK_03012025\BFO_TICK_03012025\SENSEX07JAN2582500CE.BFO.csv
2025-10-27 13:44:20,656 [INFO] [root] [MainThread]: Successfully processed: BFO\BFO_TICK_03012025\BFO_TICK_03012025\SENSEX07JAN2582500CE.BFO.csv
2025-10-27 13:44:20,657 [INFO] [root] [MainThread]: Started processing: BFO\BFO_TICK_03012025\BFO_TICK_03012025\SENSEX07JAN2582600CE.BFO.csv
2025-10-27 13:44:20,684 [INFO] [root] [MainThread]: Successfully processed: BFO\BFO_TICK_03012025\BFO_TICK_03012025\SENSEX07JAN2582600CE.BFO.csv
2025-10-27 13:44:20,684 [INFO] [root] [MainThread]: Started processing: BFO\BFO_TICK_03012025\BFO_TICK_03012025\SENSEX07JAN2582700CE.BFO.csv
2025-10-27 13:44:20,705 [INFO] [root] [MainThread]: Successfully processed: BFO\BFO_TICK_03012025\BFO_TICK_03012025\SENSEX07JAN2582700CE.BFO.csv
2025-10-27 13:44:20,706 [INFO] [root] [MainThread]: Started processing: BFO\BFO_TICK_03012025\BFO_TICK_03012025\SENSEX07JAN2582800CE.BFO.csv
2025-10-27 13:44:20,745 [INFO] [root] [MainThread]: Successfully processed: BFO\BFO_TICK_03012025\BFO_TICK_03012025\SENSEX07JAN2582800CE.BFO.csv
2025-10-27 13:44:20,746 [INFO] [root] [MainThread]: Started processing: BFO\BFO_TICK_03012025\BFO_TICK_03012025\SENSEX07JAN2582900CE.BFO.csv
2025-10-27 13:44:20,803 [INFO] [root] [MainThread]: Successfully processed: BFO\BFO_TICK_03012025\BFO_TICK_03012025\SENSEX07JAN2582900CE.BFO.csv
2025-10-27 13:44:20,804 [INFO] [root] [MainThread]: Started processing: BFO\BFO_TICK_03012025\BFO_TICK_03012025\SENSEX07JAN2583000CE.BFO.csv
2025-10-27 13:44:20,886 [INFO] [root] [MainThread]: Successfully processed: BFO\BFO_TICK_03012025\BFO_TICK_03012025\SENSEX07JAN2583000CE.BFO.csv
2025-10-27 13:44:20,886 [INFO] [root] [MainThread]: Started processing: BFO\BFO_TICK_03012025\BFO_TICK_03012025\SENSEX07JAN2583100CE.BFO.csv
2025-10-27 13:44:20,913 [INFO] [root] [MainThread]: Successfully processed: BFO\BFO_TICK_03012025\BFO_TICK_03012025\SENSEX07JAN2583100CE.BFO.csv
2025-10-27 13:44:20,914 [INFO] [root] [MainThread]: Started processing: BFO\BFO_TICK_03012025\BFO_TICK_03012025\SENSEX07JAN2583200CE.BFO.csv
2025-10-27 13:44:20,956 [INFO] [root] [MainThread]: Successfully processed: BFO\BFO_TICK_03012025\BFO_TICK_03012025\SENSEX07JAN2583200CE.BFO.csv
2025-10-27 13:44:20,956 [INFO] [root] [MainThread]: Started processing: BFO\BFO_TICK_03012025\BFO_TICK_03012025\SENSEX07JAN2583300CE.BFO.csv
2025-10-27 13:44:20,991 [INFO] [root] [MainThread]: Successfully processed: BFO\BFO_TICK_03012025\BFO_TICK_03012025\SENSEX07JAN2583300CE.BFO.csv
2025-10-27 13:44:20,991 [INFO] [root] [MainThread]: Started processing: BFO\BFO_TICK_03012025\BFO_TICK_03012025\SENSEX07JAN2583500CE.BFO.csv
2025-10-27 13:44:21,053 [INFO] [root] [MainThread]: Successfully processed: BFO\BFO_TICK_03012025\BFO_TICK_03012025\SENSEX07JAN2583500CE.BFO.csv
2025-10-27 13:44:21,054 [INFO] [root] [MainThread]: Started processing: BFO\BFO_TICK_03012025\BFO_TICK_03012025\SENSEX07JAN2583600CE.BFO.csv
2025-10-27 13:44:21,093 [INFO] [root] [MainThread]: Successfully processed: BFO\BFO_TICK_03012025\BFO_TICK_03012025\SENSEX07JAN2583600CE.BFO.csv
2025-10-27 13:44:21,094 [INFO] [root] [MainThread]: Started processing: BFO\BFO_TICK_03012025\BFO_TICK_03012025\SENSEX07JAN2583700CE.BFO.csv
2025-10-27 13:44:21,139 [INFO] [root] [MainThread]: Successfully processed: BFO\BFO_TICK_03012025\BFO_TICK_03012025\SENSEX07JAN2583700CE.BFO.csv
2025-10-27 13:44:21,139 [INFO] [root] [MainThread]: Started processing: BFO\BFO_TICK_03012025\BFO_TICK_03012025\SENSEX07JAN2584000CE.BFO.csv
2025-10-27 13:44:21,219 [INFO] [root] [MainThread]: Successfully processed: BFO\BFO_TICK_03012025\BFO_TICK_03012025\SENSEX07JAN2584000CE.BFO.csv
2025-10-27 13:44:21,219 [INFO] [root] [MainThread]: Started processing: BFO\BFO_TICK_03012025\BFO_TICK_03012025\SENSEX07JAN2584500CE.BFO.csv
2025-10-27 13:44:21,284 [INFO] [root] [MainThread]: Successfully processed: BFO\BFO_TICK_03012025\BFO_TICK_03012025\SENSEX07JAN2584500CE.BFO.csv
2025-10-27 13:44:21,284 [INFO] [root] [MainThread]: Started processing: BFO\BFO_TICK_03012025\BFO_TICK_03012025\SENSEX07JAN2585000CE.BFO.csv
2025-10-27 13:44:21,352 [INFO] [root] [MainThread]: Successfully processed: BFO\BFO_TICK_03012025\BFO_TICK_03012025\SENSEX07JAN2585000CE.BFO.csv
2025-10-27 13:44:21,352 [INFO] [root] [MainThread]: Started processing: BFO\BFO_TICK_03012025\BFO_TICK_03012025\SENSEX07JAN2585500CE.BFO.csv
2025-10-27 13:44:21,400 [INFO] [root] [MainThread]: Successfully processed: BFO\BFO_TICK_03012025\BFO_TICK_03012025\SENSEX07JAN2585500CE.BFO.csv
2025-10-27 13:44:21,400 [INFO] [root] [MainThread]: Started processing: BFO\BFO_TICK_03012025\BFO_TICK_03012025\SENSEX07JAN2586000CE.BFO.csv
2025-10-27 13:44:21,464 [INFO] [root] [MainThread]: Successfully processed: BFO\BFO_TICK_03012025\BFO_TICK_03012025\SENSEX07JAN2586000CE.BFO.csv
2025-10-27 13:44:21,464 [INFO] [root] [MainThread]: Started processing: BFO\BFO_TICK_03012025\BFO_TICK_03012025\SENSEX07JAN2586100CE.BFO.csv
2025-10-27 13:44:21,507 [INFO] [root] [MainThread]: Successfully processed: BFO\BFO_TICK_03012025\BFO_TICK_03012025\SENSEX07JAN2586100CE.BFO.csv
2025-10-27 13:44:21,507 [INFO] [root] [MainThread]: Started processing: BFO\BFO_TICK_03012025\BFO_TICK_03012025\SENSEX11FEB2583600CE.BFO.csv
2025-10-27 13:44:21,524 [INFO] [root] [MainThread]: Successfully processed: BFO\BFO_TICK_03012025\BFO_TICK_03012025\SENSEX11FEB2583600CE.BFO.csv
2025-10-27 13:44:21,525 [INFO] [root] [MainThread]: Started processing: BFO\BFO_TICK_03012025\BFO_TICK_03012025\SENSEX14JAN2579000CE.BFO.csv
2025-10-27 13:44:21,551 [INFO] [root] [MainThread]: Successfully processed: BFO\BFO_TICK_03012025\BFO_TICK_03012025\SENSEX14JAN2579000CE.BFO.csv
2025-10-27 13:44:21,552 [INFO] [root] [MainThread]: Started processing: BFO\BFO_TICK_03012025\BFO_TICK_03012025\SENSEX14JAN2579100CE.BFO.csv
2025-10-27 13:44:21,596 [INFO] [root] [MainThread]: Successfully processed: BFO\BFO_TICK_03012025\BFO_TICK_03012025\SENSEX14JAN2579100CE.BFO.csv
2025-10-27 13:44:21,596 [INFO] [root] [MainThread]: Started processing: BFO\BFO_TICK_03012025\BFO_TICK_03012025\SENSEX14JAN2579200CE.BFO.csv
2025-10-27 13:44:21,615 [INFO] [root] [MainThread]: Successfully processed: BFO\BFO_TICK_03012025\BFO_TICK_03012025\SENSEX14JAN2579200CE.BFO.csv
2025-10-27 13:44:21,615 [INFO] [root] [MainThread]: Started processing: BFO\BFO_TICK_03012025\BFO_TICK_03012025\SENSEX14JAN2579300CE.BFO.csv
2025-10-27 13:44:21,636 [INFO] [root] [MainThread]: Successfully processed: BFO\BFO_TICK_03012025\BFO_TICK_03012025\SENSEX14JAN2579300CE.BFO.csv
2025-10-27 13:44:21,637 [INFO] [root] [MainThread]: Started processing: BFO\BFO_TICK_03012025\BFO_TICK_03012025\SENSEX14JAN2579400CE.BFO.csv
2025-10-27 13:44:21,679 [INFO] [root] [MainThread]: Successfully processed: BFO\BFO_TICK_03012025\BFO_TICK_03012025\SENSEX14JAN2579400CE.BFO.csv
2025-10-27 13:44:21,679 [INFO] [root] [MainThread]: Started processing: BFO\BFO_TICK_03012025\BFO_TICK_03012025\SENSEX14JAN2579500CE.BFO.csv
2025-10-27 13:44:21,734 [INFO] [root] [MainThread]: Successfully processed: BFO\BFO_TICK_03012025\BFO_TICK_03012025\SENSEX14JAN2579500CE.BFO.csv
2025-10-27 13:44:21,734 [INFO] [root] [MainThread]: Started processing: BFO\BFO_TICK_03012025\BFO_TICK_03012025\SENSEX14JAN2579600CE.BFO.csv
2025-10-27 13:44:21,786 [INFO] [root] [MainThread]: Successfully processed: BFO\BFO_TICK_03012025\BFO_TICK_03012025\SENSEX14JAN2579600CE.BFO.csv
2025-10-27 13:44:21,786 [INFO] [root] [MainThread]: Started processing: BFO\BFO_TICK_03012025\BFO_TICK_03012025\SENSEX14JAN2579800CE.BFO.csv
2025-10-27 13:44:21,857 [INFO] [root] [MainThread]: Successfully processed: BFO\BFO_TICK_03012025\BFO_TICK_03012025\SENSEX14JAN2579800CE.BFO.csv
2025-10-27 13:44:21,857 [INFO] [root] [MainThread]: Started processing: BFO\BFO_TICK_03012025\BFO_TICK_03012025\SENSEX14JAN2580000CE.BFO.csv
2025-10-27 13:44:21,954 [INFO] [root] [MainThread]: Successfully processed: BFO\BFO_TICK_03012025\BFO_TICK_03012025\SENSEX14JAN2580000CE.BFO.csv
2025-10-27 13:44:21,955 [INFO] [root] [MainThread]: Started processing: BFO\BFO_TICK_03012025\BFO_TICK_03012025\SENSEX14JAN2580100CE.BFO.csv
2025-10-27 13:44:22,014 [INFO] [root] [MainThread]: Successfully processed: BFO\BFO_TICK_03012025\BFO_TICK_03012025\SENSEX14JAN2580100CE.BFO.csv
2025-10-27 13:44:22,014 [INFO] [root] [MainThread]: Started processing: BFO\BFO_TICK_03012025\BFO_TICK_03012025\SENSEX14JAN2580200CE.BFO.csv
2025-10-27 13:44:22,084 [INFO] [root] [MainThread]: Successfully processed: BFO\BFO_TICK_03012025\BFO_TICK_03012025\SENSEX14JAN2580200CE.BFO.csv
2025-10-27 13:44:22,084 [INFO] [root] [MainThread]: Started processing: BFO\BFO_TICK_03012025\BFO_TICK_03012025\SENSEX14JAN2580500CE.BFO.csv
2025-10-27 13:44:22,144 [INFO] [root] [MainThread]: Successfully processed: BFO\BFO_TICK_03012025\BFO_TICK_03012025\SENSEX14JAN2580500CE.BFO.csv
2025-10-27 13:44:22,144 [INFO] [root] [MainThread]: Started processing: BFO\BFO_TICK_03012025\BFO_TICK_03012025\SENSEX14JAN2580700CE.BFO.csv
2025-10-27 13:44:22,170 [INFO] [root] [MainThread]: Successfully processed: BFO\BFO_TICK_03012025\BFO_TICK_03012025\SENSEX14JAN2580700CE.BFO.csv
2025-10-27 13:44:22,170 [INFO] [root] [MainThread]: Started processing: BFO\BFO_TICK_03012025\BFO_TICK_03012025\SENSEX14JAN2580900CE.BFO.csv
2025-10-27 13:44:22,198 [INFO] [root] [MainThread]: Successfully processed: BFO\BFO_TICK_03012025\BFO_TICK_03012025\SENSEX14JAN2580900CE.BFO.csv
2025-10-27 13:44:22,199 [INFO] [root] [MainThread]: Started processing: BFO\BFO_TICK_03012025\BFO_TICK_03012025\SENSEX14JAN2581000CE.BFO.csv
2025-10-27 13:44:22,284 [INFO] [root] [MainThread]: Successfully processed: BFO\BFO_TICK_03012025\BFO_TICK_03012025\SENSEX14JAN2581000CE.BFO.csv
2025-10-27 13:44:22,284 [INFO] [root] [MainThread]: Started processing: BFO\BFO_TICK_03012025\BFO_TICK_03012025\SENSEX14JAN2581200CE.BFO.csv
2025-10-27 13:44:22,336 [INFO] [root] [MainThread]: Successfully processed: BFO\BFO_TICK_03012025\BFO_TICK_03012025\SENSEX14JAN2581200CE.BFO.csv
2025-10-27 13:44:22,337 [INFO] [root] [MainThread]: Started processing: BFO\BFO_TICK_03012025\BFO_TICK_03012025\SENSEX14JAN2581500CE.BFO.csv
2025-10-27 13:44:22,398 [INFO] [root] [MainThread]: Successfully processed: BFO\BFO_TICK_03012025\BFO_TICK_03012025\SENSEX14JAN2581500CE.BFO.csv
2025-10-27 13:44:22,399 [INFO] [root] [MainThread]: Started processing: BFO\BFO_TICK_03012025\BFO_TICK_03012025\SENSEX14JAN2582000CE.BFO.csv
2025-10-27 13:44:22,448 [INFO] [root] [MainThread]: Successfully processed: BFO\BFO_TICK_03012025\BFO_TICK_03012025\SENSEX14JAN2582000CE.BFO.csv
2025-10-27 13:44:22,449 [INFO] [root] [MainThread]: Started processing: BFO\BFO_TICK_03012025\BFO_TICK_03012025\SENSEX14JAN2582200CE.BFO.csv
2025-10-27 13:44:22,488 [INFO] [root] [MainThread]: Successfully processed: BFO\BFO_TICK_03012025\BFO_TICK_03012025\SENSEX14JAN2582200CE.BFO.csv
2025-10-27 13:44:22,488 [INFO] [root] [MainThread]: Started processing: BFO\BFO_TICK_03012025\BFO_TICK_03012025\SENSEX14JAN2583000CE.BFO.csv
2025-10-27 13:44:22,529 [INFO] [root] [MainThread]: Successfully processed: BFO\BFO_TICK_03012025\BFO_TICK_03012025\SENSEX14JAN2583000CE.BFO.csv
2025-10-27 13:44:22,529 [INFO] [root] [MainThread]: Started processing: BFO\BFO_TICK_03012025\BFO_TICK_03012025\SENSEX14JAN2583300CE.BFO.csv
2025-10-27 13:44:22,553 [INFO] [root] [MainThread]: Successfully processed: BFO\BFO_TICK_03012025\BFO_TICK_03012025\SENSEX14JAN2583300CE.BFO.csv
2025-10-27 13:44:22,553 [INFO] [root] [MainThread]: Started processing: BFO\BFO_TICK_03012025\BFO_TICK_03012025\SENSEX14JAN2584200CE.BFO.csv
2025-10-27 13:44:22,592 [INFO] [root] [MainThread]: Successfully processed: BFO\BFO_TICK_03012025\BFO_TICK_03012025\SENSEX14JAN2584200CE.BFO.csv
2025-10-27 13:44:22,593 [INFO] [root] [MainThread]: Started processing: BFO\BFO_TICK_03012025\BFO_TICK_03012025\SENSEX14JAN2584500CE.BFO.csv
2025-10-27 13:44:22,634 [INFO] [root] [MainThread]: Successfully processed: BFO\BFO_TICK_03012025\BFO_TICK_03012025\SENSEX14JAN2584500CE.BFO.csv
2025-10-27 13:44:22,635 [INFO] [root] [MainThread]: Started processing: BFO\BFO_TICK_03012025\BFO_TICK_03012025\SENSEX14JAN2585000CE.BFO.csv
2025-10-27 13:44:22,666 [INFO] [root] [MainThread]: Successfully processed: BFO\BFO_TICK_03012025\BFO_TICK_03012025\SENSEX14JAN2585000CE.BFO.csv
2025-10-27 13:44:22,666 [INFO] [root] [MainThread]: Started processing: BFO\BFO_TICK_03012025\BFO_TICK_03012025\SENSEX14JAN2585400CE.BFO.csv
2025-10-27 13:44:22,699 [INFO] [root] [MainThread]: Successfully processed: BFO\BFO_TICK_03012025\BFO_TICK_03012025\SENSEX14JAN2585400CE.BFO.csv
2025-10-27 13:44:22,699 [INFO] [root] [MainThread]: Started processing: BFO\BFO_TICK_03012025\BFO_TICK_03012025\SENSEX14JAN2585500CE.BFO.csv
2025-10-27 13:44:22,737 [INFO] [root] [MainThread]: Successfully processed: BFO\BFO_TICK_03012025\BFO_TICK_03012025\SENSEX14JAN2585500CE.BFO.csv
2025-10-27 13:44:22,738 [INFO] [root] [MainThread]: Started processing: BFO\BFO_TICK_03012025\BFO_TICK_03012025\SENSEX14JAN2585600CE.BFO.csv
2025-10-27 13:44:22,755 [INFO] [root] [MainThread]: Successfully processed: BFO\BFO_TICK_03012025\BFO_TICK_03012025\SENSEX14JAN2585600CE.BFO.csv
2025-10-27 13:44:22,755 [INFO] [root] [MainThread]: Started processing: BFO\BFO_TICK_03012025\BFO_TICK_03012025\SENSEX14JAN2585700CE.BFO.csv
2025-10-27 13:44:22,786 [INFO] [root] [MainThread]: Successfully processed: BFO\BFO_TICK_03012025\BFO_TICK_03012025\SENSEX14JAN2585700CE.BFO.csv
2025-10-27 13:44:22,786 [INFO] [root] [MainThread]: Started processing: BFO\BFO_TICK_03012025\BFO_TICK_03012025\SENSEX14JAN2585800CE.BFO.csv
2025-10-27 13:44:22,808 [INFO] [root] [MainThread]: Successfully processed: BFO\BFO_TICK_03012025\BFO_TICK_03012025\SENSEX14JAN2585800CE.BFO.csv
2025-10-27 13:44:22,809 [INFO] [root] [MainThread]: Started processing: BFO\BFO_TICK_03012025\BFO_TICK_03012025\SENSEX21JAN2579800CE.BFO.csv
2025-10-27 13:44:22,848 [INFO] [root] [MainThread]: Successfully processed: BFO\BFO_TICK_03012025\BFO_TICK_03012025\SENSEX21JAN2579800CE.BFO.csv
2025-10-27 13:44:22,848 [INFO] [root] [MainThread]: Started processing: BFO\BFO_TICK_03012025\BFO_TICK_03012025\SENSEX21JAN2580100CE.BFO.csv
2025-10-27 13:44:22,887 [INFO] [root] [MainThread]: Successfully processed: BFO\BFO_TICK_03012025\BFO_TICK_03012025\SENSEX21JAN2580100CE.BFO.csv
2025-10-27 13:44:22,887 [INFO] [root] [MainThread]: Started processing: BFO\BFO_TICK_03012025\BFO_TICK_03012025\SENSEX21JAN2585500CE.BFO.csv
2025-10-27 13:44:22,928 [INFO] [root] [MainThread]: Successfully processed: BFO\BFO_TICK_03012025\BFO_TICK_03012025\SENSEX21JAN2585500CE.BFO.csv
2025-10-27 13:44:22,928 [INFO] [root] [MainThread]: Started processing: BFO\BFO_TICK_03012025\BFO_TICK_03012025\SENSEX25MAR2589000CE.BFO.csv
2025-10-27 13:44:22,959 [INFO] [root] [MainThread]: Successfully processed: BFO\BFO_TICK_03012025\BFO_TICK_03012025\SENSEX25MAR2589000CE.BFO.csv
2025-10-27 13:44:22,960 [INFO] [root] [MainThread]: Started processing: BFO\BFO_TICK_03012025\BFO_TICK_03012025\SENSEX28JAN2578000CE.BFO.csv
2025-10-27 13:44:22,998 [INFO] [root] [MainThread]: Successfully processed: BFO\BFO_TICK_03012025\BFO_TICK_03012025\SENSEX28JAN2578000CE.BFO.csv
2025-10-27 13:44:22,998 [INFO] [root] [MainThread]: Started processing: BFO\BFO_TICK_03012025\BFO_TICK_03012025\SENSEX28JAN2578300CE.BFO.csv
2025-10-27 13:44:23,019 [INFO] [root] [MainThread]: Successfully processed: BFO\BFO_TICK_03012025\BFO_TICK_03012025\SENSEX28JAN2578300CE.BFO.csv
2025-10-27 13:44:23,020 [INFO] [root] [MainThread]: Started processing: BFO\BFO_TICK_03012025\BFO_TICK_03012025\SENSEX28JAN2579000CE.BFO.csv
2025-10-27 13:44:23,058 [INFO] [root] [MainThread]: Successfully processed: BFO\BFO_TICK_03012025\BFO_TICK_03012025\SENSEX28JAN2579000CE.BFO.csv
2025-10-27 13:44:23,059 [INFO] [root] [MainThread]: Started processing: BFO\BFO_TICK_03012025\BFO_TICK_03012025\SENSEX28JAN2579200CE.BFO.csv
2025-10-27 13:44:23,074 [INFO] [root] [MainThread]: Successfully processed: BFO\BFO_TICK_03012025\BFO_TICK_03012025\SENSEX28JAN2579200CE.BFO.csv
2025-10-27 13:44:23,074 [INFO] [root] [MainThread]: Started processing: BFO\BFO_TICK_03012025\BFO_TICK_03012025\SENSEX28JAN2579400CE.BFO.csv
2025-10-27 13:44:23,111 [INFO] [root] [MainThread]: Successfully processed: BFO\BFO_TICK_03012025\BFO_TICK_03012025\SENSEX28JAN2579400CE.BFO.csv
2025-10-27 13:44:23,112 [INFO] [root] [MainThread]: Started processing: BFO\BFO_TICK_03012025\BFO_TICK_03012025\SENSEX28JAN2579500CE.BFO.csv
2025-10-27 13:44:23,151 [INFO] [root] [MainThread]: Successfully processed: BFO\BFO_TICK_03012025\BFO_TICK_03012025\SENSEX28JAN2579500CE.BFO.csv
2025-10-27 13:44:23,151 [INFO] [root] [MainThread]: Processed 200/211 files...
2025-10-27 13:44:23,151 [INFO] [root] [MainThread]: Started processing: BFO\BFO_TICK_03012025\BFO_TICK_03012025\SENSEX28JAN2579600CE.BFO.csv
2025-10-27 13:44:23,197 [INFO] [root] [MainThread]: Successfully processed: BFO\BFO_TICK_03012025\BFO_TICK_03012025\SENSEX28JAN2579600CE.BFO.csv
2025-10-27 13:44:23,197 [INFO] [root] [MainThread]: Started processing: BFO\BFO_TICK_03012025\BFO_TICK_03012025\SENSEX28JAN2579700CE.BFO.csv
2025-10-27 13:44:23,216 [INFO] [root] [MainThread]: Successfully processed: BFO\BFO_TICK_03012025\BFO_TICK_03012025\SENSEX28JAN2579700CE.BFO.csv
2025-10-27 13:44:23,216 [INFO] [root] [MainThread]: Started processing: BFO\BFO_TICK_03012025\BFO_TICK_03012025\SENSEX28JAN2579800CE.BFO.csv
2025-10-27 13:44:23,254 [INFO] [root] [MainThread]: Successfully processed: BFO\BFO_TICK_03012025\BFO_TICK_03012025\SENSEX28JAN2579800CE.BFO.csv
2025-10-27 13:44:23,254 [INFO] [root] [MainThread]: Started processing: BFO\BFO_TICK_03012025\BFO_TICK_03012025\SENSEX28JAN2579900CE.BFO.csv
2025-10-27 13:44:23,274 [INFO] [root] [MainThread]: Successfully processed: BFO\BFO_TICK_03012025\BFO_TICK_03012025\SENSEX28JAN2579900CE.BFO.csv
2025-10-27 13:44:23,274 [INFO] [root] [MainThread]: Started processing: BFO\BFO_TICK_03012025\BFO_TICK_03012025\SENSEX28JAN2580000CE.BFO.csv
2025-10-27 13:44:23,315 [INFO] [root] [MainThread]: Successfully processed: BFO\BFO_TICK_03012025\BFO_TICK_03012025\SENSEX28JAN2580000CE.BFO.csv
2025-10-27 13:44:23,315 [INFO] [root] [MainThread]: Started processing: BFO\BFO_TICK_03012025\BFO_TICK_03012025\SENSEX28JAN2580500CE.BFO.csv
2025-10-27 13:44:23,350 [INFO] [root] [MainThread]: Successfully processed: BFO\BFO_TICK_03012025\BFO_TICK_03012025\SENSEX28JAN2580500CE.BFO.csv
2025-10-27 13:44:23,350 [INFO] [root] [MainThread]: Started processing: BFO\BFO_TICK_03012025\BFO_TICK_03012025\SENSEX28JAN2580600CE.BFO.csv
2025-10-27 13:44:23,384 [INFO] [root] [MainThread]: Successfully processed: BFO\BFO_TICK_03012025\BFO_TICK_03012025\SENSEX28JAN2580600CE.BFO.csv
2025-10-27 13:44:23,384 [INFO] [root] [MainThread]: Started processing: BFO\BFO_TICK_03012025\BFO_TICK_03012025\SENSEX28JAN2581000CE.BFO.csv
2025-10-27 13:44:23,418 [INFO] [root] [MainThread]: Successfully processed: BFO\BFO_TICK_03012025\BFO_TICK_03012025\SENSEX28JAN2581000CE.BFO.csv
2025-10-27 13:44:23,418 [INFO] [root] [MainThread]: Started processing: BFO\BFO_TICK_03012025\BFO_TICK_03012025\SENSEX28JAN2584000CE.BFO.csv
2025-10-27 13:44:23,439 [INFO] [root] [MainThread]: Successfully processed: BFO\BFO_TICK_03012025\BFO_TICK_03012025\SENSEX28JAN2584000CE.BFO.csv
2025-10-27 13:44:23,439 [INFO] [root] [MainThread]: Started processing: BFO\BFO_TICK_03012025\BFO_TICK_03012025\SENSEX28JAN2585000CE.BFO.csv
2025-10-27 13:44:23,460 [INFO] [root] [MainThread]: Successfully processed: BFO\BFO_TICK_03012025\BFO_TICK_03012025\SENSEX28JAN2585000CE.BFO.csv
2025-10-27 13:44:23,461 [INFO] [root] [MainThread]: Started processing: BFO\BFO_TICK_03012025\BFO_TICK_03012025\SENSEX28JAN2586100CE.BFO.csv
2025-10-27 13:44:23,479 [INFO] [root] [MainThread]: Successfully processed: BFO\BFO_TICK_03012025\BFO_TICK_03012025\SENSEX28JAN2586100CE.BFO.csv
2025-10-27 13:44:23,479 [INFO] [root] [MainThread]: Combining 211 dataframes...
2025-10-27 13:44:23,612 [INFO] [root] [MainThread]: Writing to ProcessedParquet\sensex_call_03012025.parquet (844096 rows)...
2025-10-27 13:44:25,211 [INFO] [root] [MainThread]: Successfully saved 211 option files to ProcessedParquet\sensex_call_03012025.parquet
2025-10-27 13:44:25,211 [INFO] [root] [MainThread]: Utility stopped.
