2025-10-27 20:31:39,650 [INFO] [root] [MainThread]: Utility started.
2025-10-27 20:31:39,650 [INFO] [root] [MainThread]: Processing FINNIFTY from NFO exchange
2025-10-27 20:31:39,650 [INFO] [root] [MainThread]: Detected yearly folder structure in NFO\GFDLNFO_TICK_03012025
2025-10-27 20:31:40,090 [INFO] [root] [MainThread]: No date subfolders found, extracted date 03012025 from parent folder: GFDLNFO_TICK_03012025
2025-10-27 20:31:40,090 [INFO] [root] [MainThread]: Got following folder info {'03012025': {'NFO\\GFDLNFO_TICK_03012025'}} for processing {'index': 'FINNIFTY', 'instrument_type': 'call'}.
2025-10-27 20:31:40,100 [INFO] [root] [MainThread]: Started processing folder: NFO\GFDLNFO_TICK_03012025 for {'index': 'FINNIFTY', 'instrument_type': 'call'}, date: 03012025
2025-10-27 20:31:40,130 [INFO] [root] [MainThread]: Found 67 call option files to process for FINNIFTY.
2025-10-27 20:31:40,130 [INFO] [root] [MainThread]: Started processing: NFO\GFDLNFO_TICK_03012025\Options\FINNIFTY27FEB2526100CE.NFO.csv
2025-10-27 20:31:40,148 [INFO] [root] [MainThread]: Successfully processed: NFO\GFDLNFO_TICK_03012025\Options\FINNIFTY27FEB2526100CE.NFO.csv
2025-10-27 20:31:40,148 [INFO] [root] [MainThread]: Started processing: NFO\GFDLNFO_TICK_03012025\Options\FINNIFTY27MAR2523000CE.NFO.csv
2025-10-27 20:31:40,159 [INFO] [root] [MainThread]: Successfully processed: NFO\GFDLNFO_TICK_03012025\Options\FINNIFTY27MAR2523000CE.NFO.csv
2025-10-27 20:31:40,159 [INFO] [root] [MainThread]: Started processing: NFO\GFDLNFO_TICK_03012025\Options\FINNIFTY27MAR2524000CE.NFO.csv
2025-10-27 20:31:40,168 [INFO] [root] [MainThread]: Successfully processed: NFO\GFDLNFO_TICK_03012025\Options\FINNIFTY27MAR2524000CE.NFO.csv
2025-10-27 20:31:40,168 [INFO] [root] [MainThread]: Started processing: NFO\GFDLNFO_TICK_03012025\Options\FINNIFTY30JAN2522900CE.NFO.csv
2025-10-27 20:31:40,187 [INFO] [root] [MainThread]: Successfully processed: NFO\GFDLNFO_TICK_03012025\Options\FINNIFTY30JAN2522900CE.NFO.csv
2025-10-27 20:31:40,187 [INFO] [root] [MainThread]: Started processing: NFO\GFDLNFO_TICK_03012025\Options\FINNIFTY30JAN2523000CE.NFO.csv
2025-10-27 20:31:40,196 [INFO] [root] [MainThread]: Successfully processed: NFO\GFDLNFO_TICK_03012025\Options\FINNIFTY30JAN2523000CE.NFO.csv
2025-10-27 20:31:40,196 [INFO] [root] [MainThread]: Started processing: NFO\GFDLNFO_TICK_03012025\Options\FINNIFTY30JAN2523150CE.NFO.csv
2025-10-27 20:31:40,214 [INFO] [root] [MainThread]: Successfully processed: NFO\GFDLNFO_TICK_03012025\Options\FINNIFTY30JAN2523150CE.NFO.csv
2025-10-27 20:31:40,214 [INFO] [root] [MainThread]: Started processing: NFO\GFDLNFO_TICK_03012025\Options\FINNIFTY30JAN2523200CE.NFO.csv
2025-10-27 20:31:40,229 [INFO] [root] [MainThread]: Successfully processed: NFO\GFDLNFO_TICK_03012025\Options\FINNIFTY30JAN2523200CE.NFO.csv
2025-10-27 20:31:40,229 [INFO] [root] [MainThread]: Started processing: NFO\GFDLNFO_TICK_03012025\Options\FINNIFTY30JAN2523250CE.NFO.csv
2025-10-27 20:31:40,252 [INFO] [root] [MainThread]: Successfully processed: NFO\GFDLNFO_TICK_03012025\Options\FINNIFTY30JAN2523250CE.NFO.csv
2025-10-27 20:31:40,252 [INFO] [root] [MainThread]: Started processing: NFO\GFDLNFO_TICK_03012025\Options\FINNIFTY30JAN2523300CE.NFO.csv
2025-10-27 20:31:40,266 [INFO] [root] [MainThread]: Successfully processed: NFO\GFDLNFO_TICK_03012025\Options\FINNIFTY30JAN2523300CE.NFO.csv
2025-10-27 20:31:40,266 [INFO] [root] [MainThread]: Started processing: NFO\GFDLNFO_TICK_03012025\Options\FINNIFTY30JAN2523350CE.NFO.csv
2025-10-27 20:31:40,290 [INFO] [root] [MainThread]: Successfully processed: NFO\GFDLNFO_TICK_03012025\Options\FINNIFTY30JAN2523350CE.NFO.csv
2025-10-27 20:31:40,291 [INFO] [root] [MainThread]: Started processing: NFO\GFDLNFO_TICK_03012025\Options\FINNIFTY30JAN2523400CE.NFO.csv
2025-10-27 20:31:40,304 [INFO] [root] [MainThread]: Successfully processed: NFO\GFDLNFO_TICK_03012025\Options\FINNIFTY30JAN2523400CE.NFO.csv
2025-10-27 20:31:40,305 [INFO] [root] [MainThread]: Started processing: NFO\GFDLNFO_TICK_03012025\Options\FINNIFTY30JAN2523450CE.NFO.csv
2025-10-27 20:31:40,332 [INFO] [root] [MainThread]: Successfully processed: NFO\GFDLNFO_TICK_03012025\Options\FINNIFTY30JAN2523450CE.NFO.csv
2025-10-27 20:31:40,332 [INFO] [root] [MainThread]: Started processing: NFO\GFDLNFO_TICK_03012025\Options\FINNIFTY30JAN2523500CE.NFO.csv
2025-10-27 20:31:40,349 [INFO] [root] [MainThread]: Successfully processed: NFO\GFDLNFO_TICK_03012025\Options\FINNIFTY30JAN2523500CE.NFO.csv
2025-10-27 20:31:40,349 [INFO] [root] [MainThread]: Started processing: NFO\GFDLNFO_TICK_03012025\Options\FINNIFTY30JAN2523550CE.NFO.csv
2025-10-27 20:31:40,377 [INFO] [root] [MainThread]: Successfully processed: NFO\GFDLNFO_TICK_03012025\Options\FINNIFTY30JAN2523550CE.NFO.csv
2025-10-27 20:31:40,377 [INFO] [root] [MainThread]: Started processing: NFO\GFDLNFO_TICK_03012025\Options\FINNIFTY30JAN2523600CE.NFO.csv
2025-10-27 20:31:40,395 [INFO] [root] [MainThread]: Successfully processed: NFO\GFDLNFO_TICK_03012025\Options\FINNIFTY30JAN2523600CE.NFO.csv
2025-10-27 20:31:40,396 [INFO] [root] [MainThread]: Started processing: NFO\GFDLNFO_TICK_03012025\Options\FINNIFTY30JAN2523650CE.NFO.csv
2025-10-27 20:31:40,426 [INFO] [root] [MainThread]: Successfully processed: NFO\GFDLNFO_TICK_03012025\Options\FINNIFTY30JAN2523650CE.NFO.csv
2025-10-27 20:31:40,426 [INFO] [root] [MainThread]: Started processing: NFO\GFDLNFO_TICK_03012025\Options\FINNIFTY30JAN2523700CE.NFO.csv
2025-10-27 20:31:40,457 [INFO] [root] [MainThread]: Successfully processed: NFO\GFDLNFO_TICK_03012025\Options\FINNIFTY30JAN2523700CE.NFO.csv
2025-10-27 20:31:40,457 [INFO] [root] [MainThread]: Started processing: NFO\GFDLNFO_TICK_03012025\Options\FINNIFTY30JAN2523750CE.NFO.csv
2025-10-27 20:31:40,504 [INFO] [root] [MainThread]: Successfully processed: NFO\GFDLNFO_TICK_03012025\Options\FINNIFTY30JAN2523750CE.NFO.csv
2025-10-27 20:31:40,504 [INFO] [root] [MainThread]: Started processing: NFO\GFDLNFO_TICK_03012025\Options\FINNIFTY30JAN2523800CE.NFO.csv
2025-10-27 20:31:40,565 [INFO] [root] [MainThread]: Successfully processed: NFO\GFDLNFO_TICK_03012025\Options\FINNIFTY30JAN2523800CE.NFO.csv
2025-10-27 20:31:40,566 [INFO] [root] [MainThread]: Started processing: NFO\GFDLNFO_TICK_03012025\Options\FINNIFTY30JAN2523850CE.NFO.csv
2025-10-27 20:31:40,620 [INFO] [root] [MainThread]: Successfully processed: NFO\GFDLNFO_TICK_03012025\Options\FINNIFTY30JAN2523850CE.NFO.csv
2025-10-27 20:31:40,620 [INFO] [root] [MainThread]: Started processing: NFO\GFDLNFO_TICK_03012025\Options\FINNIFTY30JAN2523900CE.NFO.csv
2025-10-27 20:31:40,678 [INFO] [root] [MainThread]: Successfully processed: NFO\GFDLNFO_TICK_03012025\Options\FINNIFTY30JAN2523900CE.NFO.csv
2025-10-27 20:31:40,678 [INFO] [root] [MainThread]: Started processing: NFO\GFDLNFO_TICK_03012025\Options\FINNIFTY30JAN2523950CE.NFO.csv
2025-10-27 20:31:40,738 [INFO] [root] [MainThread]: Successfully processed: NFO\GFDLNFO_TICK_03012025\Options\FINNIFTY30JAN2523950CE.NFO.csv
2025-10-27 20:31:40,738 [INFO] [root] [MainThread]: Started processing: NFO\GFDLNFO_TICK_03012025\Options\FINNIFTY30JAN2524000CE.NFO.csv
2025-10-27 20:31:40,795 [INFO] [root] [MainThread]: Successfully processed: NFO\GFDLNFO_TICK_03012025\Options\FINNIFTY30JAN2524000CE.NFO.csv
2025-10-27 20:31:40,795 [INFO] [root] [MainThread]: Started processing: NFO\GFDLNFO_TICK_03012025\Options\FINNIFTY30JAN2524050CE.NFO.csv
2025-10-27 20:31:40,841 [INFO] [root] [MainThread]: Successfully processed: NFO\GFDLNFO_TICK_03012025\Options\FINNIFTY30JAN2524050CE.NFO.csv
2025-10-27 20:31:40,842 [INFO] [root] [MainThread]: Started processing: NFO\GFDLNFO_TICK_03012025\Options\FINNIFTY30JAN2524100CE.NFO.csv
2025-10-27 20:31:40,886 [INFO] [root] [MainThread]: Successfully processed: NFO\GFDLNFO_TICK_03012025\Options\FINNIFTY30JAN2524100CE.NFO.csv
2025-10-27 20:31:40,886 [INFO] [root] [MainThread]: Started processing: NFO\GFDLNFO_TICK_03012025\Options\FINNIFTY30JAN2524150CE.NFO.csv
2025-10-27 20:31:40,931 [INFO] [root] [MainThread]: Successfully processed: NFO\GFDLNFO_TICK_03012025\Options\FINNIFTY30JAN2524150CE.NFO.csv
2025-10-27 20:31:40,931 [INFO] [root] [MainThread]: Started processing: NFO\GFDLNFO_TICK_03012025\Options\FINNIFTY30JAN2524200CE.NFO.csv
2025-10-27 20:31:40,975 [INFO] [root] [MainThread]: Successfully processed: NFO\GFDLNFO_TICK_03012025\Options\FINNIFTY30JAN2524200CE.NFO.csv
2025-10-27 20:31:40,975 [INFO] [root] [MainThread]: Started processing: NFO\GFDLNFO_TICK_03012025\Options\FINNIFTY30JAN2524250CE.NFO.csv
2025-10-27 20:31:41,007 [INFO] [root] [MainThread]: Successfully processed: NFO\GFDLNFO_TICK_03012025\Options\FINNIFTY30JAN2524250CE.NFO.csv
2025-10-27 20:31:41,007 [INFO] [root] [MainThread]: Started processing: NFO\GFDLNFO_TICK_03012025\Options\FINNIFTY30JAN2524300CE.NFO.csv
2025-10-27 20:31:41,043 [INFO] [root] [MainThread]: Successfully processed: NFO\GFDLNFO_TICK_03012025\Options\FINNIFTY30JAN2524300CE.NFO.csv
2025-10-27 20:31:41,044 [INFO] [root] [MainThread]: Started processing: NFO\GFDLNFO_TICK_03012025\Options\FINNIFTY30JAN2524350CE.NFO.csv
2025-10-27 20:31:41,076 [INFO] [root] [MainThread]: Successfully processed: NFO\GFDLNFO_TICK_03012025\Options\FINNIFTY30JAN2524350CE.NFO.csv
2025-10-27 20:31:41,076 [INFO] [root] [MainThread]: Started processing: NFO\GFDLNFO_TICK_03012025\Options\FINNIFTY30JAN2524400CE.NFO.csv
2025-10-27 20:31:41,103 [INFO] [root] [MainThread]: Successfully processed: NFO\GFDLNFO_TICK_03012025\Options\FINNIFTY30JAN2524400CE.NFO.csv
2025-10-27 20:31:41,103 [INFO] [root] [MainThread]: Started processing: NFO\GFDLNFO_TICK_03012025\Options\FINNIFTY30JAN2524450CE.NFO.csv
2025-10-27 20:31:41,140 [INFO] [root] [MainThread]: Successfully processed: NFO\GFDLNFO_TICK_03012025\Options\FINNIFTY30JAN2524450CE.NFO.csv
2025-10-27 20:31:41,141 [INFO] [root] [MainThread]: Started processing: NFO\GFDLNFO_TICK_03012025\Options\FINNIFTY30JAN2524500CE.NFO.csv
2025-10-27 20:31:41,235 [INFO] [root] [MainThread]: Successfully processed: NFO\GFDLNFO_TICK_03012025\Options\FINNIFTY30JAN2524500CE.NFO.csv
2025-10-27 20:31:41,235 [INFO] [root] [MainThread]: Started processing: NFO\GFDLNFO_TICK_03012025\Options\FINNIFTY30JAN2524550CE.NFO.csv
2025-10-27 20:31:41,311 [INFO] [root] [MainThread]: Successfully processed: NFO\GFDLNFO_TICK_03012025\Options\FINNIFTY30JAN2524550CE.NFO.csv
2025-10-27 20:31:41,311 [INFO] [root] [MainThread]: Started processing: NFO\GFDLNFO_TICK_03012025\Options\FINNIFTY30JAN2524600CE.NFO.csv
2025-10-27 20:31:41,360 [INFO] [root] [MainThread]: Successfully processed: NFO\GFDLNFO_TICK_03012025\Options\FINNIFTY30JAN2524600CE.NFO.csv
2025-10-27 20:31:41,360 [INFO] [root] [MainThread]: Started processing: NFO\GFDLNFO_TICK_03012025\Options\FINNIFTY30JAN2524650CE.NFO.csv
2025-10-27 20:31:41,418 [INFO] [root] [MainThread]: Successfully processed: NFO\GFDLNFO_TICK_03012025\Options\FINNIFTY30JAN2524650CE.NFO.csv
2025-10-27 20:31:41,418 [INFO] [root] [MainThread]: Started processing: NFO\GFDLNFO_TICK_03012025\Options\FINNIFTY30JAN2524700CE.NFO.csv
2025-10-27 20:31:41,444 [INFO] [root] [MainThread]: Successfully processed: NFO\GFDLNFO_TICK_03012025\Options\FINNIFTY30JAN2524700CE.NFO.csv
2025-10-27 20:31:41,444 [INFO] [root] [MainThread]: Started processing: NFO\GFDLNFO_TICK_03012025\Options\FINNIFTY30JAN2524750CE.NFO.csv
2025-10-27 20:31:41,479 [INFO] [root] [MainThread]: Successfully processed: NFO\GFDLNFO_TICK_03012025\Options\FINNIFTY30JAN2524750CE.NFO.csv
2025-10-27 20:31:41,479 [INFO] [root] [MainThread]: Started processing: NFO\GFDLNFO_TICK_03012025\Options\FINNIFTY30JAN2524800CE.NFO.csv
2025-10-27 20:31:41,517 [INFO] [root] [MainThread]: Successfully processed: NFO\GFDLNFO_TICK_03012025\Options\FINNIFTY30JAN2524800CE.NFO.csv
2025-10-27 20:31:41,517 [INFO] [root] [MainThread]: Started processing: NFO\GFDLNFO_TICK_03012025\Options\FINNIFTY30JAN2524850CE.NFO.csv
2025-10-27 20:31:41,566 [INFO] [root] [MainThread]: Successfully processed: NFO\GFDLNFO_TICK_03012025\Options\FINNIFTY30JAN2524850CE.NFO.csv
2025-10-27 20:31:41,566 [INFO] [root] [MainThread]: Started processing: NFO\GFDLNFO_TICK_03012025\Options\FINNIFTY30JAN2524900CE.NFO.csv
2025-10-27 20:31:41,598 [INFO] [root] [MainThread]: Successfully processed: NFO\GFDLNFO_TICK_03012025\Options\FINNIFTY30JAN2524900CE.NFO.csv
2025-10-27 20:31:41,598 [INFO] [root] [MainThread]: Started processing: NFO\GFDLNFO_TICK_03012025\Options\FINNIFTY30JAN2524950CE.NFO.csv
2025-10-27 20:31:41,630 [INFO] [root] [MainThread]: Successfully processed: NFO\GFDLNFO_TICK_03012025\Options\FINNIFTY30JAN2524950CE.NFO.csv
2025-10-27 20:31:41,630 [INFO] [root] [MainThread]: Started processing: NFO\GFDLNFO_TICK_03012025\Options\FINNIFTY30JAN2525000CE.NFO.csv
2025-10-27 20:31:41,686 [INFO] [root] [MainThread]: Successfully processed: NFO\GFDLNFO_TICK_03012025\Options\FINNIFTY30JAN2525000CE.NFO.csv
2025-10-27 20:31:41,686 [INFO] [root] [MainThread]: Started processing: NFO\GFDLNFO_TICK_03012025\Options\FINNIFTY30JAN2525100CE.NFO.csv
2025-10-27 20:31:41,720 [INFO] [root] [MainThread]: Successfully processed: NFO\GFDLNFO_TICK_03012025\Options\FINNIFTY30JAN2525100CE.NFO.csv
2025-10-27 20:31:41,720 [INFO] [root] [MainThread]: Started processing: NFO\GFDLNFO_TICK_03012025\Options\FINNIFTY30JAN2525150CE.NFO.csv
2025-10-27 20:31:41,750 [INFO] [root] [MainThread]: Successfully processed: NFO\GFDLNFO_TICK_03012025\Options\FINNIFTY30JAN2525150CE.NFO.csv
2025-10-27 20:31:41,750 [INFO] [root] [MainThread]: Started processing: NFO\GFDLNFO_TICK_03012025\Options\FINNIFTY30JAN2525200CE.NFO.csv
2025-10-27 20:31:41,779 [INFO] [root] [MainThread]: Successfully processed: NFO\GFDLNFO_TICK_03012025\Options\FINNIFTY30JAN2525200CE.NFO.csv
2025-10-27 20:31:41,780 [INFO] [root] [MainThread]: Started processing: NFO\GFDLNFO_TICK_03012025\Options\FINNIFTY30JAN2525250CE.NFO.csv
2025-10-27 20:31:41,800 [INFO] [root] [MainThread]: Successfully processed: NFO\GFDLNFO_TICK_03012025\Options\FINNIFTY30JAN2525250CE.NFO.csv
2025-10-27 20:31:41,800 [INFO] [root] [MainThread]: Started processing: NFO\GFDLNFO_TICK_03012025\Options\FINNIFTY30JAN2525300CE.NFO.csv
2025-10-27 20:31:41,822 [INFO] [root] [MainThread]: Successfully processed: NFO\GFDLNFO_TICK_03012025\Options\FINNIFTY30JAN2525300CE.NFO.csv
2025-10-27 20:31:41,823 [INFO] [root] [MainThread]: Started processing: NFO\GFDLNFO_TICK_03012025\Options\FINNIFTY30JAN2525400CE.NFO.csv
2025-10-27 20:31:41,851 [INFO] [root] [MainThread]: Successfully processed: NFO\GFDLNFO_TICK_03012025\Options\FINNIFTY30JAN2525400CE.NFO.csv
2025-10-27 20:31:41,851 [INFO] [root] [MainThread]: Started processing: NFO\GFDLNFO_TICK_03012025\Options\FINNIFTY30JAN2525500CE.NFO.csv
2025-10-27 20:31:41,891 [INFO] [root] [MainThread]: Successfully processed: NFO\GFDLNFO_TICK_03012025\Options\FINNIFTY30JAN2525500CE.NFO.csv
2025-10-27 20:31:41,891 [INFO] [root] [MainThread]: Started processing: NFO\GFDLNFO_TICK_03012025\Options\FINNIFTY30JAN2525600CE.NFO.csv
2025-10-27 20:31:41,919 [INFO] [root] [MainThread]: Successfully processed: NFO\GFDLNFO_TICK_03012025\Options\FINNIFTY30JAN2525600CE.NFO.csv
2025-10-27 20:31:41,920 [INFO] [root] [MainThread]: Started processing: NFO\GFDLNFO_TICK_03012025\Options\FINNIFTY30JAN2525700CE.NFO.csv
2025-10-27 20:31:41,951 [INFO] [root] [MainThread]: Successfully processed: NFO\GFDLNFO_TICK_03012025\Options\FINNIFTY30JAN2525700CE.NFO.csv
2025-10-27 20:31:41,951 [INFO] [root] [MainThread]: Started processing: NFO\GFDLNFO_TICK_03012025\Options\FINNIFTY30JAN2525800CE.NFO.csv
2025-10-27 20:31:41,985 [INFO] [root] [MainThread]: Successfully processed: NFO\GFDLNFO_TICK_03012025\Options\FINNIFTY30JAN2525800CE.NFO.csv
2025-10-27 20:31:41,985 [INFO] [root] [MainThread]: Started processing: NFO\GFDLNFO_TICK_03012025\Options\FINNIFTY30JAN2525900CE.NFO.csv
2025-10-27 20:31:42,009 [INFO] [root] [MainThread]: Successfully processed: NFO\GFDLNFO_TICK_03012025\Options\FINNIFTY30JAN2525900CE.NFO.csv
2025-10-27 20:31:42,010 [INFO] [root] [MainThread]: Started processing: NFO\GFDLNFO_TICK_03012025\Options\FINNIFTY30JAN2526000CE.NFO.csv
2025-10-27 20:31:42,032 [INFO] [root] [MainThread]: Successfully processed: NFO\GFDLNFO_TICK_03012025\Options\FINNIFTY30JAN2526000CE.NFO.csv
2025-10-27 20:31:42,032 [INFO] [root] [MainThread]: Started processing: NFO\GFDLNFO_TICK_03012025\Options\FINNIFTY30JAN2526100CE.NFO.csv
2025-10-27 20:31:42,051 [INFO] [root] [MainThread]: Successfully processed: NFO\GFDLNFO_TICK_03012025\Options\FINNIFTY30JAN2526100CE.NFO.csv
2025-10-27 20:31:42,051 [INFO] [root] [MainThread]: Started processing: NFO\GFDLNFO_TICK_03012025\Options\FINNIFTY30JAN2526200CE.NFO.csv
2025-10-27 20:31:42,070 [INFO] [root] [MainThread]: Successfully processed: NFO\GFDLNFO_TICK_03012025\Options\FINNIFTY30JAN2526200CE.NFO.csv
2025-10-27 20:31:42,070 [INFO] [root] [MainThread]: Started processing: NFO\GFDLNFO_TICK_03012025\Options\FINNIFTY30JAN2526300CE.NFO.csv
2025-10-27 20:31:42,085 [INFO] [root] [MainThread]: Successfully processed: NFO\GFDLNFO_TICK_03012025\Options\FINNIFTY30JAN2526300CE.NFO.csv
2025-10-27 20:31:42,085 [INFO] [root] [MainThread]: Started processing: NFO\GFDLNFO_TICK_03012025\Options\FINNIFTY30JAN2526400CE.NFO.csv
2025-10-27 20:31:42,099 [INFO] [root] [MainThread]: Successfully processed: NFO\GFDLNFO_TICK_03012025\Options\FINNIFTY30JAN2526400CE.NFO.csv
2025-10-27 20:31:42,099 [INFO] [root] [MainThread]: Started processing: NFO\GFDLNFO_TICK_03012025\Options\FINNIFTY30JAN2526500CE.NFO.csv
2025-10-27 20:31:42,117 [INFO] [root] [MainThread]: Successfully processed: NFO\GFDLNFO_TICK_03012025\Options\FINNIFTY30JAN2526500CE.NFO.csv
2025-10-27 20:31:42,117 [INFO] [root] [MainThread]: Started processing: NFO\GFDLNFO_TICK_03012025\Options\FINNIFTY30JAN2526600CE.NFO.csv
2025-10-27 20:31:42,131 [INFO] [root] [MainThread]: Successfully processed: NFO\GFDLNFO_TICK_03012025\Options\FINNIFTY30JAN2526600CE.NFO.csv
2025-10-27 20:31:42,131 [INFO] [root] [MainThread]: Started processing: NFO\GFDLNFO_TICK_03012025\Options\FINNIFTY30JAN2526700CE.NFO.csv
2025-10-27 20:31:42,145 [INFO] [root] [MainThread]: Successfully processed: NFO\GFDLNFO_TICK_03012025\Options\FINNIFTY30JAN2526700CE.NFO.csv
2025-10-27 20:31:42,145 [INFO] [root] [MainThread]: Started processing: NFO\GFDLNFO_TICK_03012025\Options\FINNIFTY30JAN2526800CE.NFO.csv
2025-10-27 20:31:42,160 [INFO] [root] [MainThread]: Successfully processed: NFO\GFDLNFO_TICK_03012025\Options\FINNIFTY30JAN2526800CE.NFO.csv
2025-10-27 20:31:42,160 [INFO] [root] [MainThread]: Started processing: NFO\GFDLNFO_TICK_03012025\Options\FINNIFTY30JAN2526900CE.NFO.csv
2025-10-27 20:31:42,175 [INFO] [root] [MainThread]: Successfully processed: NFO\GFDLNFO_TICK_03012025\Options\FINNIFTY30JAN2526900CE.NFO.csv
2025-10-27 20:31:42,175 [INFO] [root] [MainThread]: Started processing: NFO\GFDLNFO_TICK_03012025\Options\FINNIFTY30JAN2527000CE.NFO.csv
2025-10-27 20:31:42,191 [INFO] [root] [MainThread]: Successfully processed: NFO\GFDLNFO_TICK_03012025\Options\FINNIFTY30JAN2527000CE.NFO.csv
2025-10-27 20:31:42,191 [INFO] [root] [MainThread]: Started processing: NFO\GFDLNFO_TICK_03012025\Options\FINNIFTY30JAN2527500CE.NFO.csv
2025-10-27 20:31:42,204 [INFO] [root] [MainThread]: Successfully processed: NFO\GFDLNFO_TICK_03012025\Options\FINNIFTY30JAN2527500CE.NFO.csv
2025-10-27 20:31:42,204 [INFO] [root] [MainThread]: Started processing: NFO\GFDLNFO_TICK_03012025\Options\FINNIFTY30JAN2528000CE.NFO.csv
2025-10-27 20:31:42,217 [INFO] [root] [MainThread]: Successfully processed: NFO\GFDLNFO_TICK_03012025\Options\FINNIFTY30JAN2528000CE.NFO.csv
2025-10-27 20:31:42,217 [INFO] [root] [MainThread]: Combining 67 dataframes...
2025-10-27 20:31:42,235 [INFO] [root] [MainThread]: Writing to ProcessedParquet\finnifty_call_03012025.parquet (46530 rows)...
2025-10-27 20:31:42,326 [INFO] [root] [MainThread]: Successfully saved 67 option files to ProcessedParquet\finnifty_call_03012025.parquet
2025-10-27 20:31:42,326 [INFO] [root] [MainThread]: Utility stopped.
