2025-10-27 13:55:57,544 [INFO] [root] [MainThread]: Utility started.
2025-10-27 13:55:57,545 [INFO] [root] [MainThread]: Processing SENSEX from BFO exchange
2025-10-27 13:55:57,545 [INFO] [root] [MainThread]: Found date 03012025 from folder name: BFO_TICK_03012025 for exchange BFO
2025-10-27 13:55:57,545 [INFO] [root] [MainThread]: Got following folder info {'03012025': {'BFO\\BFO_TICK_03012025\\BFO_TICK_03012025'}} for processing {'index': 'SENSEX', 'instrument_type': 'put'}.
2025-10-27 13:55:57,549 [INFO] [root] [MainThread]: Started processing folder: BFO\BFO_TICK_03012025\BFO_TICK_03012025 for {'index': 'SENSEX', 'instrument_type': 'put'}, date: 03012025
2025-10-27 13:55:57,560 [INFO] [root] [MainThread]: Found 171 put option files to process for SENSEX.
2025-10-27 13:55:57,560 [INFO] [root] [MainThread]: Started processing: BFO\BFO_TICK_03012025\BFO_TICK_03012025\SENSEX03JAN2573200PE.BFO.csv
2025-10-27 13:55:57,602 [INFO] [root] [MainThread]: Successfully processed: BFO\BFO_TICK_03012025\BFO_TICK_03012025\SENSEX03JAN2573200PE.BFO.csv
2025-10-27 13:55:57,603 [INFO] [root] [MainThread]: Started processing: BFO\BFO_TICK_03012025\BFO_TICK_03012025\SENSEX03JAN2573300PE.BFO.csv
2025-10-27 13:55:57,624 [INFO] [root] [MainThread]: Successfully processed: BFO\BFO_TICK_03012025\BFO_TICK_03012025\SENSEX03JAN2573300PE.BFO.csv
2025-10-27 13:55:57,625 [INFO] [root] [MainThread]: Started processing: BFO\BFO_TICK_03012025\BFO_TICK_03012025\SENSEX03JAN2573400PE.BFO.csv
2025-10-27 13:55:57,642 [INFO] [root] [MainThread]: Successfully processed: BFO\BFO_TICK_03012025\BFO_TICK_03012025\SENSEX03JAN2573400PE.BFO.csv
2025-10-27 13:55:57,642 [INFO] [root] [MainThread]: Started processing: BFO\BFO_TICK_03012025\BFO_TICK_03012025\SENSEX03JAN2573500PE.BFO.csv
2025-10-27 13:55:57,665 [INFO] [root] [MainThread]: Successfully processed: BFO\BFO_TICK_03012025\BFO_TICK_03012025\SENSEX03JAN2573500PE.BFO.csv
2025-10-27 13:55:57,665 [INFO] [root] [MainThread]: Started processing: BFO\BFO_TICK_03012025\BFO_TICK_03012025\SENSEX03JAN2573600PE.BFO.csv
2025-10-27 13:55:57,682 [INFO] [root] [MainThread]: Successfully processed: BFO\BFO_TICK_03012025\BFO_TICK_03012025\SENSEX03JAN2573600PE.BFO.csv
2025-10-27 13:55:57,683 [INFO] [root] [MainThread]: Started processing: BFO\BFO_TICK_03012025\BFO_TICK_03012025\SENSEX03JAN2573700PE.BFO.csv
2025-10-27 13:55:57,704 [INFO] [root] [MainThread]: Successfully processed: BFO\BFO_TICK_03012025\BFO_TICK_03012025\SENSEX03JAN2573700PE.BFO.csv
2025-10-27 13:55:57,705 [INFO] [root] [MainThread]: Started processing: BFO\BFO_TICK_03012025\BFO_TICK_03012025\SENSEX03JAN2573800PE.BFO.csv
2025-10-27 13:55:57,729 [INFO] [root] [MainThread]: Successfully processed: BFO\BFO_TICK_03012025\BFO_TICK_03012025\SENSEX03JAN2573800PE.BFO.csv
2025-10-27 13:55:57,729 [INFO] [root] [MainThread]: Started processing: BFO\BFO_TICK_03012025\BFO_TICK_03012025\SENSEX03JAN2573900PE.BFO.csv
2025-10-27 13:55:57,748 [INFO] [root] [MainThread]: Successfully processed: BFO\BFO_TICK_03012025\BFO_TICK_03012025\SENSEX03JAN2573900PE.BFO.csv
2025-10-27 13:55:57,748 [INFO] [root] [MainThread]: Started processing: BFO\BFO_TICK_03012025\BFO_TICK_03012025\SENSEX03JAN2574000PE.BFO.csv
2025-10-27 13:55:57,780 [INFO] [root] [MainThread]: Successfully processed: BFO\BFO_TICK_03012025\BFO_TICK_03012025\SENSEX03JAN2574000PE.BFO.csv
2025-10-27 13:55:57,780 [INFO] [root] [MainThread]: Started processing: BFO\BFO_TICK_03012025\BFO_TICK_03012025\SENSEX03JAN2574100PE.BFO.csv
2025-10-27 13:55:57,800 [INFO] [root] [MainThread]: Successfully processed: BFO\BFO_TICK_03012025\BFO_TICK_03012025\SENSEX03JAN2574100PE.BFO.csv
2025-10-27 13:55:57,800 [INFO] [root] [MainThread]: Started processing: BFO\BFO_TICK_03012025\BFO_TICK_03012025\SENSEX03JAN2574200PE.BFO.csv
2025-10-27 13:55:57,824 [INFO] [root] [MainThread]: Successfully processed: BFO\BFO_TICK_03012025\BFO_TICK_03012025\SENSEX03JAN2574200PE.BFO.csv
2025-10-27 13:55:57,824 [INFO] [root] [MainThread]: Started processing: BFO\BFO_TICK_03012025\BFO_TICK_03012025\SENSEX03JAN2574300PE.BFO.csv
2025-10-27 13:55:57,840 [INFO] [root] [MainThread]: Successfully processed: BFO\BFO_TICK_03012025\BFO_TICK_03012025\SENSEX03JAN2574300PE.BFO.csv
2025-10-27 13:55:57,841 [INFO] [root] [MainThread]: Started processing: BFO\BFO_TICK_03012025\BFO_TICK_03012025\SENSEX03JAN2574400PE.BFO.csv
2025-10-27 13:55:57,858 [INFO] [root] [MainThread]: Successfully processed: BFO\BFO_TICK_03012025\BFO_TICK_03012025\SENSEX03JAN2574400PE.BFO.csv
2025-10-27 13:55:57,858 [INFO] [root] [MainThread]: Started processing: BFO\BFO_TICK_03012025\BFO_TICK_03012025\SENSEX03JAN2574500PE.BFO.csv
2025-10-27 13:55:57,887 [INFO] [root] [MainThread]: Successfully processed: BFO\BFO_TICK_03012025\BFO_TICK_03012025\SENSEX03JAN2574500PE.BFO.csv
2025-10-27 13:55:57,887 [INFO] [root] [MainThread]: Started processing: BFO\BFO_TICK_03012025\BFO_TICK_03012025\SENSEX03JAN2574600PE.BFO.csv
2025-10-27 13:55:57,908 [INFO] [root] [MainThread]: Successfully processed: BFO\BFO_TICK_03012025\BFO_TICK_03012025\SENSEX03JAN2574600PE.BFO.csv
2025-10-27 13:55:57,908 [INFO] [root] [MainThread]: Started processing: BFO\BFO_TICK_03012025\BFO_TICK_03012025\SENSEX03JAN2574700PE.BFO.csv
2025-10-27 13:55:57,926 [INFO] [root] [MainThread]: Successfully processed: BFO\BFO_TICK_03012025\BFO_TICK_03012025\SENSEX03JAN2574700PE.BFO.csv
2025-10-27 13:55:57,926 [INFO] [root] [MainThread]: Started processing: BFO\BFO_TICK_03012025\BFO_TICK_03012025\SENSEX03JAN2574800PE.BFO.csv
2025-10-27 13:55:57,947 [INFO] [root] [MainThread]: Successfully processed: BFO\BFO_TICK_03012025\BFO_TICK_03012025\SENSEX03JAN2574800PE.BFO.csv
2025-10-27 13:55:57,948 [INFO] [root] [MainThread]: Started processing: BFO\BFO_TICK_03012025\BFO_TICK_03012025\SENSEX03JAN2574900PE.BFO.csv
2025-10-27 13:55:57,968 [INFO] [root] [MainThread]: Successfully processed: BFO\BFO_TICK_03012025\BFO_TICK_03012025\SENSEX03JAN2574900PE.BFO.csv
2025-10-27 13:55:57,968 [INFO] [root] [MainThread]: Started processing: BFO\BFO_TICK_03012025\BFO_TICK_03012025\SENSEX03JAN2575000PE.BFO.csv
2025-10-27 13:55:58,013 [INFO] [root] [MainThread]: Successfully processed: BFO\BFO_TICK_03012025\BFO_TICK_03012025\SENSEX03JAN2575000PE.BFO.csv
2025-10-27 13:55:58,014 [INFO] [root] [MainThread]: Started processing: BFO\BFO_TICK_03012025\BFO_TICK_03012025\SENSEX03JAN2575100PE.BFO.csv
2025-10-27 13:55:58,034 [INFO] [root] [MainThread]: Successfully processed: BFO\BFO_TICK_03012025\BFO_TICK_03012025\SENSEX03JAN2575100PE.BFO.csv
2025-10-27 13:55:58,034 [INFO] [root] [MainThread]: Started processing: BFO\BFO_TICK_03012025\BFO_TICK_03012025\SENSEX03JAN2575200PE.BFO.csv
2025-10-27 13:55:58,055 [INFO] [root] [MainThread]: Successfully processed: BFO\BFO_TICK_03012025\BFO_TICK_03012025\SENSEX03JAN2575200PE.BFO.csv
2025-10-27 13:55:58,055 [INFO] [root] [MainThread]: Started processing: BFO\BFO_TICK_03012025\BFO_TICK_03012025\SENSEX03JAN2575300PE.BFO.csv
2025-10-27 13:55:58,077 [INFO] [root] [MainThread]: Successfully processed: BFO\BFO_TICK_03012025\BFO_TICK_03012025\SENSEX03JAN2575300PE.BFO.csv
2025-10-27 13:55:58,077 [INFO] [root] [MainThread]: Started processing: BFO\BFO_TICK_03012025\BFO_TICK_03012025\SENSEX03JAN2575400PE.BFO.csv
2025-10-27 13:55:58,099 [INFO] [root] [MainThread]: Successfully processed: BFO\BFO_TICK_03012025\BFO_TICK_03012025\SENSEX03JAN2575400PE.BFO.csv
2025-10-27 13:55:58,099 [INFO] [root] [MainThread]: Started processing: BFO\BFO_TICK_03012025\BFO_TICK_03012025\SENSEX03JAN2575500PE.BFO.csv
2025-10-27 13:55:58,134 [INFO] [root] [MainThread]: Successfully processed: BFO\BFO_TICK_03012025\BFO_TICK_03012025\SENSEX03JAN2575500PE.BFO.csv
2025-10-27 13:55:58,135 [INFO] [root] [MainThread]: Started processing: BFO\BFO_TICK_03012025\BFO_TICK_03012025\SENSEX03JAN2575600PE.BFO.csv
2025-10-27 13:55:58,158 [INFO] [root] [MainThread]: Successfully processed: BFO\BFO_TICK_03012025\BFO_TICK_03012025\SENSEX03JAN2575600PE.BFO.csv
2025-10-27 13:55:58,159 [INFO] [root] [MainThread]: Started processing: BFO\BFO_TICK_03012025\BFO_TICK_03012025\SENSEX03JAN2575700PE.BFO.csv
2025-10-27 13:55:58,181 [INFO] [root] [MainThread]: Successfully processed: BFO\BFO_TICK_03012025\BFO_TICK_03012025\SENSEX03JAN2575700PE.BFO.csv
2025-10-27 13:55:58,182 [INFO] [root] [MainThread]: Started processing: BFO\BFO_TICK_03012025\BFO_TICK_03012025\SENSEX03JAN2575800PE.BFO.csv
2025-10-27 13:55:58,209 [INFO] [root] [MainThread]: Successfully processed: BFO\BFO_TICK_03012025\BFO_TICK_03012025\SENSEX03JAN2575800PE.BFO.csv
2025-10-27 13:55:58,209 [INFO] [root] [MainThread]: Started processing: BFO\BFO_TICK_03012025\BFO_TICK_03012025\SENSEX03JAN2575900PE.BFO.csv
2025-10-27 13:55:58,239 [INFO] [root] [MainThread]: Successfully processed: BFO\BFO_TICK_03012025\BFO_TICK_03012025\SENSEX03JAN2575900PE.BFO.csv
2025-10-27 13:55:58,240 [INFO] [root] [MainThread]: Started processing: BFO\BFO_TICK_03012025\BFO_TICK_03012025\SENSEX03JAN2576000PE.BFO.csv
2025-10-27 13:55:58,297 [INFO] [root] [MainThread]: Successfully processed: BFO\BFO_TICK_03012025\BFO_TICK_03012025\SENSEX03JAN2576000PE.BFO.csv
2025-10-27 13:55:58,297 [INFO] [root] [MainThread]: Started processing: BFO\BFO_TICK_03012025\BFO_TICK_03012025\SENSEX03JAN2576100PE.BFO.csv
2025-10-27 13:55:58,333 [INFO] [root] [MainThread]: Successfully processed: BFO\BFO_TICK_03012025\BFO_TICK_03012025\SENSEX03JAN2576100PE.BFO.csv
2025-10-27 13:55:58,333 [INFO] [root] [MainThread]: Started processing: BFO\BFO_TICK_03012025\BFO_TICK_03012025\SENSEX03JAN2576200PE.BFO.csv
2025-10-27 13:55:58,367 [INFO] [root] [MainThread]: Successfully processed: BFO\BFO_TICK_03012025\BFO_TICK_03012025\SENSEX03JAN2576200PE.BFO.csv
2025-10-27 13:55:58,367 [INFO] [root] [MainThread]: Started processing: BFO\BFO_TICK_03012025\BFO_TICK_03012025\SENSEX03JAN2576300PE.BFO.csv
2025-10-27 13:55:58,404 [INFO] [root] [MainThread]: Successfully processed: BFO\BFO_TICK_03012025\BFO_TICK_03012025\SENSEX03JAN2576300PE.BFO.csv
2025-10-27 13:55:58,405 [INFO] [root] [MainThread]: Started processing: BFO\BFO_TICK_03012025\BFO_TICK_03012025\SENSEX03JAN2576400PE.BFO.csv
2025-10-27 13:55:58,445 [INFO] [root] [MainThread]: Successfully processed: BFO\BFO_TICK_03012025\BFO_TICK_03012025\SENSEX03JAN2576400PE.BFO.csv
2025-10-27 13:55:58,445 [INFO] [root] [MainThread]: Started processing: BFO\BFO_TICK_03012025\BFO_TICK_03012025\SENSEX03JAN2576500PE.BFO.csv
2025-10-27 13:55:58,523 [INFO] [root] [MainThread]: Successfully processed: BFO\BFO_TICK_03012025\BFO_TICK_03012025\SENSEX03JAN2576500PE.BFO.csv
2025-10-27 13:55:58,523 [INFO] [root] [MainThread]: Started processing: BFO\BFO_TICK_03012025\BFO_TICK_03012025\SENSEX03JAN2576600PE.BFO.csv
2025-10-27 13:55:58,579 [INFO] [root] [MainThread]: Successfully processed: BFO\BFO_TICK_03012025\BFO_TICK_03012025\SENSEX03JAN2576600PE.BFO.csv
2025-10-27 13:55:58,579 [INFO] [root] [MainThread]: Started processing: BFO\BFO_TICK_03012025\BFO_TICK_03012025\SENSEX03JAN2576700PE.BFO.csv
2025-10-27 13:55:58,650 [INFO] [root] [MainThread]: Successfully processed: BFO\BFO_TICK_03012025\BFO_TICK_03012025\SENSEX03JAN2576700PE.BFO.csv
2025-10-27 13:55:58,651 [INFO] [root] [MainThread]: Started processing: BFO\BFO_TICK_03012025\BFO_TICK_03012025\SENSEX03JAN2576800PE.BFO.csv
2025-10-27 13:55:58,730 [INFO] [root] [MainThread]: Successfully processed: BFO\BFO_TICK_03012025\BFO_TICK_03012025\SENSEX03JAN2576800PE.BFO.csv
2025-10-27 13:55:58,730 [INFO] [root] [MainThread]: Started processing: BFO\BFO_TICK_03012025\BFO_TICK_03012025\SENSEX03JAN2576900PE.BFO.csv
2025-10-27 13:55:58,811 [INFO] [root] [MainThread]: Successfully processed: BFO\BFO_TICK_03012025\BFO_TICK_03012025\SENSEX03JAN2576900PE.BFO.csv
2025-10-27 13:55:58,811 [INFO] [root] [MainThread]: Started processing: BFO\BFO_TICK_03012025\BFO_TICK_03012025\SENSEX03JAN2577000PE.BFO.csv
2025-10-27 13:55:58,934 [INFO] [root] [MainThread]: Successfully processed: BFO\BFO_TICK_03012025\BFO_TICK_03012025\SENSEX03JAN2577000PE.BFO.csv
2025-10-27 13:55:58,934 [INFO] [root] [MainThread]: Started processing: BFO\BFO_TICK_03012025\BFO_TICK_03012025\SENSEX03JAN2577100PE.BFO.csv
2025-10-27 13:55:59,017 [INFO] [root] [MainThread]: Successfully processed: BFO\BFO_TICK_03012025\BFO_TICK_03012025\SENSEX03JAN2577100PE.BFO.csv
2025-10-27 13:55:59,018 [INFO] [root] [MainThread]: Started processing: BFO\BFO_TICK_03012025\BFO_TICK_03012025\SENSEX03JAN2577200PE.BFO.csv
2025-10-27 13:55:59,114 [INFO] [root] [MainThread]: Successfully processed: BFO\BFO_TICK_03012025\BFO_TICK_03012025\SENSEX03JAN2577200PE.BFO.csv
2025-10-27 13:55:59,114 [INFO] [root] [MainThread]: Started processing: BFO\BFO_TICK_03012025\BFO_TICK_03012025\SENSEX03JAN2577300PE.BFO.csv
2025-10-27 13:55:59,214 [INFO] [root] [MainThread]: Successfully processed: BFO\BFO_TICK_03012025\BFO_TICK_03012025\SENSEX03JAN2577300PE.BFO.csv
2025-10-27 13:55:59,214 [INFO] [root] [MainThread]: Started processing: BFO\BFO_TICK_03012025\BFO_TICK_03012025\SENSEX03JAN2577400PE.BFO.csv
2025-10-27 13:55:59,324 [INFO] [root] [MainThread]: Successfully processed: BFO\BFO_TICK_03012025\BFO_TICK_03012025\SENSEX03JAN2577400PE.BFO.csv
2025-10-27 13:55:59,324 [INFO] [root] [MainThread]: Started processing: BFO\BFO_TICK_03012025\BFO_TICK_03012025\SENSEX03JAN2577500PE.BFO.csv
2025-10-27 13:55:59,462 [INFO] [root] [MainThread]: Successfully processed: BFO\BFO_TICK_03012025\BFO_TICK_03012025\SENSEX03JAN2577500PE.BFO.csv
2025-10-27 13:55:59,462 [INFO] [root] [MainThread]: Started processing: BFO\BFO_TICK_03012025\BFO_TICK_03012025\SENSEX03JAN2577600PE.BFO.csv
2025-10-27 13:55:59,581 [INFO] [root] [MainThread]: Successfully processed: BFO\BFO_TICK_03012025\BFO_TICK_03012025\SENSEX03JAN2577600PE.BFO.csv
2025-10-27 13:55:59,582 [INFO] [root] [MainThread]: Started processing: BFO\BFO_TICK_03012025\BFO_TICK_03012025\SENSEX03JAN2577700PE.BFO.csv
2025-10-27 13:55:59,705 [INFO] [root] [MainThread]: Successfully processed: BFO\BFO_TICK_03012025\BFO_TICK_03012025\SENSEX03JAN2577700PE.BFO.csv
2025-10-27 13:55:59,705 [INFO] [root] [MainThread]: Started processing: BFO\BFO_TICK_03012025\BFO_TICK_03012025\SENSEX03JAN2577800PE.BFO.csv
2025-10-27 13:55:59,834 [INFO] [root] [MainThread]: Successfully processed: BFO\BFO_TICK_03012025\BFO_TICK_03012025\SENSEX03JAN2577800PE.BFO.csv
2025-10-27 13:55:59,834 [INFO] [root] [MainThread]: Started processing: BFO\BFO_TICK_03012025\BFO_TICK_03012025\SENSEX03JAN2577900PE.BFO.csv
2025-10-27 13:55:59,976 [INFO] [root] [MainThread]: Successfully processed: BFO\BFO_TICK_03012025\BFO_TICK_03012025\SENSEX03JAN2577900PE.BFO.csv
2025-10-27 13:55:59,976 [INFO] [root] [MainThread]: Started processing: BFO\BFO_TICK_03012025\BFO_TICK_03012025\SENSEX03JAN2578000PE.BFO.csv
2025-10-27 13:56:00,173 [INFO] [root] [MainThread]: Successfully processed: BFO\BFO_TICK_03012025\BFO_TICK_03012025\SENSEX03JAN2578000PE.BFO.csv
2025-10-27 13:56:00,173 [INFO] [root] [MainThread]: Started processing: BFO\BFO_TICK_03012025\BFO_TICK_03012025\SENSEX03JAN2578100PE.BFO.csv
2025-10-27 13:56:00,328 [INFO] [root] [MainThread]: Successfully processed: BFO\BFO_TICK_03012025\BFO_TICK_03012025\SENSEX03JAN2578100PE.BFO.csv
2025-10-27 13:56:00,328 [INFO] [root] [MainThread]: Started processing: BFO\BFO_TICK_03012025\BFO_TICK_03012025\SENSEX03JAN2578200PE.BFO.csv
2025-10-27 13:56:00,489 [INFO] [root] [MainThread]: Successfully processed: BFO\BFO_TICK_03012025\BFO_TICK_03012025\SENSEX03JAN2578200PE.BFO.csv
2025-10-27 13:56:00,489 [INFO] [root] [MainThread]: Started processing: BFO\BFO_TICK_03012025\BFO_TICK_03012025\SENSEX03JAN2578300PE.BFO.csv
2025-10-27 13:56:00,658 [INFO] [root] [MainThread]: Successfully processed: BFO\BFO_TICK_03012025\BFO_TICK_03012025\SENSEX03JAN2578300PE.BFO.csv
2025-10-27 13:56:00,659 [INFO] [root] [MainThread]: Started processing: BFO\BFO_TICK_03012025\BFO_TICK_03012025\SENSEX03JAN2578400PE.BFO.csv
2025-10-27 13:56:00,842 [INFO] [root] [MainThread]: Successfully processed: BFO\BFO_TICK_03012025\BFO_TICK_03012025\SENSEX03JAN2578400PE.BFO.csv
2025-10-27 13:56:00,842 [INFO] [root] [MainThread]: Started processing: BFO\BFO_TICK_03012025\BFO_TICK_03012025\SENSEX03JAN2578500PE.BFO.csv
2025-10-27 13:56:01,035 [INFO] [root] [MainThread]: Successfully processed: BFO\BFO_TICK_03012025\BFO_TICK_03012025\SENSEX03JAN2578500PE.BFO.csv
2025-10-27 13:56:01,036 [INFO] [root] [MainThread]: Started processing: BFO\BFO_TICK_03012025\BFO_TICK_03012025\SENSEX03JAN2578600PE.BFO.csv
2025-10-27 13:56:01,211 [INFO] [root] [MainThread]: Successfully processed: BFO\BFO_TICK_03012025\BFO_TICK_03012025\SENSEX03JAN2578600PE.BFO.csv
2025-10-27 13:56:01,211 [INFO] [root] [MainThread]: Started processing: BFO\BFO_TICK_03012025\BFO_TICK_03012025\SENSEX03JAN2578700PE.BFO.csv
2025-10-27 13:56:01,392 [INFO] [root] [MainThread]: Successfully processed: BFO\BFO_TICK_03012025\BFO_TICK_03012025\SENSEX03JAN2578700PE.BFO.csv
2025-10-27 13:56:01,392 [INFO] [root] [MainThread]: Started processing: BFO\BFO_TICK_03012025\BFO_TICK_03012025\SENSEX03JAN2578800PE.BFO.csv
2025-10-27 13:56:01,587 [INFO] [root] [MainThread]: Successfully processed: BFO\BFO_TICK_03012025\BFO_TICK_03012025\SENSEX03JAN2578800PE.BFO.csv
2025-10-27 13:56:01,587 [INFO] [root] [MainThread]: Started processing: BFO\BFO_TICK_03012025\BFO_TICK_03012025\SENSEX03JAN2578900PE.BFO.csv
2025-10-27 13:56:01,778 [INFO] [root] [MainThread]: Successfully processed: BFO\BFO_TICK_03012025\BFO_TICK_03012025\SENSEX03JAN2578900PE.BFO.csv
2025-10-27 13:56:01,778 [INFO] [root] [MainThread]: Started processing: BFO\BFO_TICK_03012025\BFO_TICK_03012025\SENSEX03JAN2579000PE.BFO.csv
2025-10-27 13:56:01,981 [INFO] [root] [MainThread]: Successfully processed: BFO\BFO_TICK_03012025\BFO_TICK_03012025\SENSEX03JAN2579000PE.BFO.csv
2025-10-27 13:56:01,981 [INFO] [root] [MainThread]: Started processing: BFO\BFO_TICK_03012025\BFO_TICK_03012025\SENSEX03JAN2579100PE.BFO.csv
2025-10-27 13:56:02,168 [INFO] [root] [MainThread]: Successfully processed: BFO\BFO_TICK_03012025\BFO_TICK_03012025\SENSEX03JAN2579100PE.BFO.csv
2025-10-27 13:56:02,169 [INFO] [root] [MainThread]: Started processing: BFO\BFO_TICK_03012025\BFO_TICK_03012025\SENSEX03JAN2579200PE.BFO.csv
2025-10-27 13:56:02,364 [INFO] [root] [MainThread]: Successfully processed: BFO\BFO_TICK_03012025\BFO_TICK_03012025\SENSEX03JAN2579200PE.BFO.csv
2025-10-27 13:56:02,364 [INFO] [root] [MainThread]: Started processing: BFO\BFO_TICK_03012025\BFO_TICK_03012025\SENSEX03JAN2579300PE.BFO.csv
2025-10-27 13:56:02,570 [INFO] [root] [MainThread]: Successfully processed: BFO\BFO_TICK_03012025\BFO_TICK_03012025\SENSEX03JAN2579300PE.BFO.csv
2025-10-27 13:56:02,570 [INFO] [root] [MainThread]: Started processing: BFO\BFO_TICK_03012025\BFO_TICK_03012025\SENSEX03JAN2579400PE.BFO.csv
2025-10-27 13:56:02,774 [INFO] [root] [MainThread]: Successfully processed: BFO\BFO_TICK_03012025\BFO_TICK_03012025\SENSEX03JAN2579400PE.BFO.csv
2025-10-27 13:56:02,774 [INFO] [root] [MainThread]: Started processing: BFO\BFO_TICK_03012025\BFO_TICK_03012025\SENSEX03JAN2579500PE.BFO.csv
2025-10-27 13:56:02,968 [INFO] [root] [MainThread]: Successfully processed: BFO\BFO_TICK_03012025\BFO_TICK_03012025\SENSEX03JAN2579500PE.BFO.csv
2025-10-27 13:56:02,968 [INFO] [root] [MainThread]: Started processing: BFO\BFO_TICK_03012025\BFO_TICK_03012025\SENSEX03JAN2579600PE.BFO.csv
2025-10-27 13:56:03,144 [INFO] [root] [MainThread]: Successfully processed: BFO\BFO_TICK_03012025\BFO_TICK_03012025\SENSEX03JAN2579600PE.BFO.csv
2025-10-27 13:56:03,144 [INFO] [root] [MainThread]: Started processing: BFO\BFO_TICK_03012025\BFO_TICK_03012025\SENSEX03JAN2579700PE.BFO.csv
2025-10-27 13:56:03,327 [INFO] [root] [MainThread]: Successfully processed: BFO\BFO_TICK_03012025\BFO_TICK_03012025\SENSEX03JAN2579700PE.BFO.csv
2025-10-27 13:56:03,327 [INFO] [root] [MainThread]: Started processing: BFO\BFO_TICK_03012025\BFO_TICK_03012025\SENSEX03JAN2579800PE.BFO.csv
2025-10-27 13:56:03,509 [INFO] [root] [MainThread]: Successfully processed: BFO\BFO_TICK_03012025\BFO_TICK_03012025\SENSEX03JAN2579800PE.BFO.csv
2025-10-27 13:56:03,509 [INFO] [root] [MainThread]: Started processing: BFO\BFO_TICK_03012025\BFO_TICK_03012025\SENSEX03JAN2579900PE.BFO.csv
2025-10-27 13:56:03,663 [INFO] [root] [MainThread]: Successfully processed: BFO\BFO_TICK_03012025\BFO_TICK_03012025\SENSEX03JAN2579900PE.BFO.csv
2025-10-27 13:56:03,663 [INFO] [root] [MainThread]: Started processing: BFO\BFO_TICK_03012025\BFO_TICK_03012025\SENSEX03JAN2580000PE.BFO.csv
2025-10-27 13:56:03,811 [INFO] [root] [MainThread]: Successfully processed: BFO\BFO_TICK_03012025\BFO_TICK_03012025\SENSEX03JAN2580000PE.BFO.csv
2025-10-27 13:56:03,811 [INFO] [root] [MainThread]: Started processing: BFO\BFO_TICK_03012025\BFO_TICK_03012025\SENSEX03JAN2580100PE.BFO.csv
2025-10-27 13:56:03,902 [INFO] [root] [MainThread]: Successfully processed: BFO\BFO_TICK_03012025\BFO_TICK_03012025\SENSEX03JAN2580100PE.BFO.csv
2025-10-27 13:56:03,902 [INFO] [root] [MainThread]: Started processing: BFO\BFO_TICK_03012025\BFO_TICK_03012025\SENSEX03JAN2580200PE.BFO.csv
2025-10-27 13:56:03,965 [INFO] [root] [MainThread]: Successfully processed: BFO\BFO_TICK_03012025\BFO_TICK_03012025\SENSEX03JAN2580200PE.BFO.csv
2025-10-27 13:56:03,965 [INFO] [root] [MainThread]: Started processing: BFO\BFO_TICK_03012025\BFO_TICK_03012025\SENSEX03JAN2580300PE.BFO.csv
2025-10-27 13:56:04,013 [INFO] [root] [MainThread]: Successfully processed: BFO\BFO_TICK_03012025\BFO_TICK_03012025\SENSEX03JAN2580300PE.BFO.csv
2025-10-27 13:56:04,014 [INFO] [root] [MainThread]: Started processing: BFO\BFO_TICK_03012025\BFO_TICK_03012025\SENSEX03JAN2580400PE.BFO.csv
2025-10-27 13:56:04,047 [INFO] [root] [MainThread]: Successfully processed: BFO\BFO_TICK_03012025\BFO_TICK_03012025\SENSEX03JAN2580400PE.BFO.csv
2025-10-27 13:56:04,047 [INFO] [root] [MainThread]: Started processing: BFO\BFO_TICK_03012025\BFO_TICK_03012025\SENSEX03JAN2580500PE.BFO.csv
2025-10-27 13:56:04,095 [INFO] [root] [MainThread]: Successfully processed: BFO\BFO_TICK_03012025\BFO_TICK_03012025\SENSEX03JAN2580500PE.BFO.csv
2025-10-27 13:56:04,095 [INFO] [root] [MainThread]: Started processing: BFO\BFO_TICK_03012025\BFO_TICK_03012025\SENSEX03JAN2580600PE.BFO.csv
2025-10-27 13:56:04,121 [INFO] [root] [MainThread]: Successfully processed: BFO\BFO_TICK_03012025\BFO_TICK_03012025\SENSEX03JAN2580600PE.BFO.csv
2025-10-27 13:56:04,121 [INFO] [root] [MainThread]: Started processing: BFO\BFO_TICK_03012025\BFO_TICK_03012025\SENSEX03JAN2580700PE.BFO.csv
2025-10-27 13:56:04,142 [INFO] [root] [MainThread]: Successfully processed: BFO\BFO_TICK_03012025\BFO_TICK_03012025\SENSEX03JAN2580700PE.BFO.csv
2025-10-27 13:56:04,142 [INFO] [root] [MainThread]: Started processing: BFO\BFO_TICK_03012025\BFO_TICK_03012025\SENSEX03JAN2580800PE.BFO.csv
2025-10-27 13:56:04,159 [INFO] [root] [MainThread]: Successfully processed: BFO\BFO_TICK_03012025\BFO_TICK_03012025\SENSEX03JAN2580800PE.BFO.csv
2025-10-27 13:56:04,160 [INFO] [root] [MainThread]: Started processing: BFO\BFO_TICK_03012025\BFO_TICK_03012025\SENSEX03JAN2580900PE.BFO.csv
2025-10-27 13:56:04,178 [INFO] [root] [MainThread]: Successfully processed: BFO\BFO_TICK_03012025\BFO_TICK_03012025\SENSEX03JAN2580900PE.BFO.csv
2025-10-27 13:56:04,178 [INFO] [root] [MainThread]: Started processing: BFO\BFO_TICK_03012025\BFO_TICK_03012025\SENSEX03JAN2581000PE.BFO.csv
2025-10-27 13:56:04,201 [INFO] [root] [MainThread]: Successfully processed: BFO\BFO_TICK_03012025\BFO_TICK_03012025\SENSEX03JAN2581000PE.BFO.csv
2025-10-27 13:56:04,201 [INFO] [root] [MainThread]: Started processing: BFO\BFO_TICK_03012025\BFO_TICK_03012025\SENSEX03JAN2581100PE.BFO.csv
2025-10-27 13:56:04,212 [INFO] [root] [MainThread]: Successfully processed: BFO\BFO_TICK_03012025\BFO_TICK_03012025\SENSEX03JAN2581100PE.BFO.csv
2025-10-27 13:56:04,212 [INFO] [root] [MainThread]: Started processing: BFO\BFO_TICK_03012025\BFO_TICK_03012025\SENSEX03JAN2581200PE.BFO.csv
2025-10-27 13:56:04,228 [INFO] [root] [MainThread]: Successfully processed: BFO\BFO_TICK_03012025\BFO_TICK_03012025\SENSEX03JAN2581200PE.BFO.csv
2025-10-27 13:56:04,228 [INFO] [root] [MainThread]: Started processing: BFO\BFO_TICK_03012025\BFO_TICK_03012025\SENSEX03JAN2581300PE.BFO.csv
2025-10-27 13:56:04,241 [INFO] [root] [MainThread]: Successfully processed: BFO\BFO_TICK_03012025\BFO_TICK_03012025\SENSEX03JAN2581300PE.BFO.csv
2025-10-27 13:56:04,241 [INFO] [root] [MainThread]: Started processing: BFO\BFO_TICK_03012025\BFO_TICK_03012025\SENSEX03JAN2581400PE.BFO.csv
2025-10-27 13:56:04,254 [INFO] [root] [MainThread]: Successfully processed: BFO\BFO_TICK_03012025\BFO_TICK_03012025\SENSEX03JAN2581400PE.BFO.csv
2025-10-27 13:56:04,254 [INFO] [root] [MainThread]: Started processing: BFO\BFO_TICK_03012025\BFO_TICK_03012025\SENSEX03JAN2581500PE.BFO.csv
2025-10-27 13:56:04,269 [INFO] [root] [MainThread]: Successfully processed: BFO\BFO_TICK_03012025\BFO_TICK_03012025\SENSEX03JAN2581500PE.BFO.csv
2025-10-27 13:56:04,269 [INFO] [root] [MainThread]: Started processing: BFO\BFO_TICK_03012025\BFO_TICK_03012025\SENSEX03JAN2581700PE.BFO.csv
2025-10-27 13:56:04,280 [INFO] [root] [MainThread]: Successfully processed: BFO\BFO_TICK_03012025\BFO_TICK_03012025\SENSEX03JAN2581700PE.BFO.csv
2025-10-27 13:56:04,280 [INFO] [root] [MainThread]: Started processing: BFO\BFO_TICK_03012025\BFO_TICK_03012025\SENSEX03JAN2581900PE.BFO.csv
2025-10-27 13:56:04,292 [INFO] [root] [MainThread]: Successfully processed: BFO\BFO_TICK_03012025\BFO_TICK_03012025\SENSEX03JAN2581900PE.BFO.csv
2025-10-27 13:56:04,293 [INFO] [root] [MainThread]: Started processing: BFO\BFO_TICK_03012025\BFO_TICK_03012025\SENSEX03JAN2582000PE.BFO.csv
2025-10-27 13:56:04,307 [INFO] [root] [MainThread]: Successfully processed: BFO\BFO_TICK_03012025\BFO_TICK_03012025\SENSEX03JAN2582000PE.BFO.csv
2025-10-27 13:56:04,307 [INFO] [root] [MainThread]: Started processing: BFO\BFO_TICK_03012025\BFO_TICK_03012025\SENSEX03JAN2582100PE.BFO.csv
2025-10-27 13:56:04,319 [INFO] [root] [MainThread]: Successfully processed: BFO\BFO_TICK_03012025\BFO_TICK_03012025\SENSEX03JAN2582100PE.BFO.csv
2025-10-27 13:56:04,320 [INFO] [root] [MainThread]: Started processing: BFO\BFO_TICK_03012025\BFO_TICK_03012025\SENSEX03JAN2583900PE.BFO.csv
2025-10-27 13:56:04,330 [INFO] [root] [MainThread]: Successfully processed: BFO\BFO_TICK_03012025\BFO_TICK_03012025\SENSEX03JAN2583900PE.BFO.csv
2025-10-27 13:56:04,330 [INFO] [root] [MainThread]: Started processing: BFO\BFO_TICK_03012025\BFO_TICK_03012025\SENSEX03JAN2584000PE.BFO.csv
2025-10-27 13:56:04,342 [INFO] [root] [MainThread]: Successfully processed: BFO\BFO_TICK_03012025\BFO_TICK_03012025\SENSEX03JAN2584000PE.BFO.csv
2025-10-27 13:56:04,343 [INFO] [root] [MainThread]: Started processing: BFO\BFO_TICK_03012025\BFO_TICK_03012025\SENSEX07JAN2574000PE.BFO.csv
2025-10-27 13:56:04,358 [INFO] [root] [MainThread]: Successfully processed: BFO\BFO_TICK_03012025\BFO_TICK_03012025\SENSEX07JAN2574000PE.BFO.csv
2025-10-27 13:56:04,358 [INFO] [root] [MainThread]: Started processing: BFO\BFO_TICK_03012025\BFO_TICK_03012025\SENSEX07JAN2574100PE.BFO.csv
2025-10-27 13:56:04,371 [INFO] [root] [MainThread]: Successfully processed: BFO\BFO_TICK_03012025\BFO_TICK_03012025\SENSEX07JAN2574100PE.BFO.csv
2025-10-27 13:56:04,372 [INFO] [root] [MainThread]: Started processing: BFO\BFO_TICK_03012025\BFO_TICK_03012025\SENSEX07JAN2574300PE.BFO.csv
2025-10-27 13:56:04,385 [INFO] [root] [MainThread]: Successfully processed: BFO\BFO_TICK_03012025\BFO_TICK_03012025\SENSEX07JAN2574300PE.BFO.csv
2025-10-27 13:56:04,385 [INFO] [root] [MainThread]: Started processing: BFO\BFO_TICK_03012025\BFO_TICK_03012025\SENSEX07JAN2574500PE.BFO.csv
2025-10-27 13:56:04,398 [INFO] [root] [MainThread]: Successfully processed: BFO\BFO_TICK_03012025\BFO_TICK_03012025\SENSEX07JAN2574500PE.BFO.csv
2025-10-27 13:56:04,398 [INFO] [root] [MainThread]: Started processing: BFO\BFO_TICK_03012025\BFO_TICK_03012025\SENSEX07JAN2574800PE.BFO.csv
2025-10-27 13:56:04,410 [INFO] [root] [MainThread]: Successfully processed: BFO\BFO_TICK_03012025\BFO_TICK_03012025\SENSEX07JAN2574800PE.BFO.csv
2025-10-27 13:56:04,410 [INFO] [root] [MainThread]: Started processing: BFO\BFO_TICK_03012025\BFO_TICK_03012025\SENSEX07JAN2575000PE.BFO.csv
2025-10-27 13:56:04,427 [INFO] [root] [MainThread]: Successfully processed: BFO\BFO_TICK_03012025\BFO_TICK_03012025\SENSEX07JAN2575000PE.BFO.csv
2025-10-27 13:56:04,427 [INFO] [root] [MainThread]: Started processing: BFO\BFO_TICK_03012025\BFO_TICK_03012025\SENSEX07JAN2575500PE.BFO.csv
2025-10-27 13:56:04,440 [INFO] [root] [MainThread]: Successfully processed: BFO\BFO_TICK_03012025\BFO_TICK_03012025\SENSEX07JAN2575500PE.BFO.csv
2025-10-27 13:56:04,441 [INFO] [root] [MainThread]: Started processing: BFO\BFO_TICK_03012025\BFO_TICK_03012025\SENSEX07JAN2575800PE.BFO.csv
2025-10-27 13:56:04,452 [INFO] [root] [MainThread]: Successfully processed: BFO\BFO_TICK_03012025\BFO_TICK_03012025\SENSEX07JAN2575800PE.BFO.csv
2025-10-27 13:56:04,453 [INFO] [root] [MainThread]: Started processing: BFO\BFO_TICK_03012025\BFO_TICK_03012025\SENSEX07JAN2575900PE.BFO.csv
2025-10-27 13:56:04,462 [INFO] [root] [MainThread]: Successfully processed: BFO\BFO_TICK_03012025\BFO_TICK_03012025\SENSEX07JAN2575900PE.BFO.csv
2025-10-27 13:56:04,462 [INFO] [root] [MainThread]: Started processing: BFO\BFO_TICK_03012025\BFO_TICK_03012025\SENSEX07JAN2576000PE.BFO.csv
2025-10-27 13:56:04,485 [INFO] [root] [MainThread]: Successfully processed: BFO\BFO_TICK_03012025\BFO_TICK_03012025\SENSEX07JAN2576000PE.BFO.csv
2025-10-27 13:56:04,485 [INFO] [root] [MainThread]: Processed 100/171 files...
2025-10-27 13:56:04,485 [INFO] [root] [MainThread]: Started processing: BFO\BFO_TICK_03012025\BFO_TICK_03012025\SENSEX07JAN2576200PE.BFO.csv
2025-10-27 13:56:04,496 [INFO] [root] [MainThread]: Successfully processed: BFO\BFO_TICK_03012025\BFO_TICK_03012025\SENSEX07JAN2576200PE.BFO.csv
2025-10-27 13:56:04,496 [INFO] [root] [MainThread]: Started processing: BFO\BFO_TICK_03012025\BFO_TICK_03012025\SENSEX07JAN2576300PE.BFO.csv
2025-10-27 13:56:04,508 [INFO] [root] [MainThread]: Successfully processed: BFO\BFO_TICK_03012025\BFO_TICK_03012025\SENSEX07JAN2576300PE.BFO.csv
2025-10-27 13:56:04,508 [INFO] [root] [MainThread]: Started processing: BFO\BFO_TICK_03012025\BFO_TICK_03012025\SENSEX07JAN2576400PE.BFO.csv
2025-10-27 13:56:04,524 [INFO] [root] [MainThread]: Successfully processed: BFO\BFO_TICK_03012025\BFO_TICK_03012025\SENSEX07JAN2576400PE.BFO.csv
2025-10-27 13:56:04,524 [INFO] [root] [MainThread]: Started processing: BFO\BFO_TICK_03012025\BFO_TICK_03012025\SENSEX07JAN2576500PE.BFO.csv
2025-10-27 13:56:04,558 [INFO] [root] [MainThread]: Successfully processed: BFO\BFO_TICK_03012025\BFO_TICK_03012025\SENSEX07JAN2576500PE.BFO.csv
2025-10-27 13:56:04,559 [INFO] [root] [MainThread]: Started processing: BFO\BFO_TICK_03012025\BFO_TICK_03012025\SENSEX07JAN2576600PE.BFO.csv
2025-10-27 13:56:04,575 [INFO] [root] [MainThread]: Successfully processed: BFO\BFO_TICK_03012025\BFO_TICK_03012025\SENSEX07JAN2576600PE.BFO.csv
2025-10-27 13:56:04,576 [INFO] [root] [MainThread]: Started processing: BFO\BFO_TICK_03012025\BFO_TICK_03012025\SENSEX07JAN2576700PE.BFO.csv
2025-10-27 13:56:04,592 [INFO] [root] [MainThread]: Successfully processed: BFO\BFO_TICK_03012025\BFO_TICK_03012025\SENSEX07JAN2576700PE.BFO.csv
2025-10-27 13:56:04,593 [INFO] [root] [MainThread]: Started processing: BFO\BFO_TICK_03012025\BFO_TICK_03012025\SENSEX07JAN2576800PE.BFO.csv
2025-10-27 13:56:04,610 [INFO] [root] [MainThread]: Successfully processed: BFO\BFO_TICK_03012025\BFO_TICK_03012025\SENSEX07JAN2576800PE.BFO.csv
2025-10-27 13:56:04,611 [INFO] [root] [MainThread]: Started processing: BFO\BFO_TICK_03012025\BFO_TICK_03012025\SENSEX07JAN2576900PE.BFO.csv
2025-10-27 13:56:04,628 [INFO] [root] [MainThread]: Successfully processed: BFO\BFO_TICK_03012025\BFO_TICK_03012025\SENSEX07JAN2576900PE.BFO.csv
2025-10-27 13:56:04,628 [INFO] [root] [MainThread]: Started processing: BFO\BFO_TICK_03012025\BFO_TICK_03012025\SENSEX07JAN2577000PE.BFO.csv
2025-10-27 13:56:04,673 [INFO] [root] [MainThread]: Successfully processed: BFO\BFO_TICK_03012025\BFO_TICK_03012025\SENSEX07JAN2577000PE.BFO.csv
2025-10-27 13:56:04,674 [INFO] [root] [MainThread]: Started processing: BFO\BFO_TICK_03012025\BFO_TICK_03012025\SENSEX07JAN2577100PE.BFO.csv
2025-10-27 13:56:04,693 [INFO] [root] [MainThread]: Successfully processed: BFO\BFO_TICK_03012025\BFO_TICK_03012025\SENSEX07JAN2577100PE.BFO.csv
2025-10-27 13:56:04,694 [INFO] [root] [MainThread]: Started processing: BFO\BFO_TICK_03012025\BFO_TICK_03012025\SENSEX07JAN2577200PE.BFO.csv
2025-10-27 13:56:04,722 [INFO] [root] [MainThread]: Successfully processed: BFO\BFO_TICK_03012025\BFO_TICK_03012025\SENSEX07JAN2577200PE.BFO.csv
2025-10-27 13:56:04,722 [INFO] [root] [MainThread]: Started processing: BFO\BFO_TICK_03012025\BFO_TICK_03012025\SENSEX07JAN2577300PE.BFO.csv
2025-10-27 13:56:04,756 [INFO] [root] [MainThread]: Successfully processed: BFO\BFO_TICK_03012025\BFO_TICK_03012025\SENSEX07JAN2577300PE.BFO.csv
2025-10-27 13:56:04,756 [INFO] [root] [MainThread]: Started processing: BFO\BFO_TICK_03012025\BFO_TICK_03012025\SENSEX07JAN2577400PE.BFO.csv
2025-10-27 13:56:04,786 [INFO] [root] [MainThread]: Successfully processed: BFO\BFO_TICK_03012025\BFO_TICK_03012025\SENSEX07JAN2577400PE.BFO.csv
2025-10-27 13:56:04,786 [INFO] [root] [MainThread]: Started processing: BFO\BFO_TICK_03012025\BFO_TICK_03012025\SENSEX07JAN2577500PE.BFO.csv
2025-10-27 13:56:04,859 [INFO] [root] [MainThread]: Successfully processed: BFO\BFO_TICK_03012025\BFO_TICK_03012025\SENSEX07JAN2577500PE.BFO.csv
2025-10-27 13:56:04,859 [INFO] [root] [MainThread]: Started processing: BFO\BFO_TICK_03012025\BFO_TICK_03012025\SENSEX07JAN2577600PE.BFO.csv
2025-10-27 13:56:04,888 [INFO] [root] [MainThread]: Successfully processed: BFO\BFO_TICK_03012025\BFO_TICK_03012025\SENSEX07JAN2577600PE.BFO.csv
2025-10-27 13:56:04,889 [INFO] [root] [MainThread]: Started processing: BFO\BFO_TICK_03012025\BFO_TICK_03012025\SENSEX07JAN2577700PE.BFO.csv
2025-10-27 13:56:04,919 [INFO] [root] [MainThread]: Successfully processed: BFO\BFO_TICK_03012025\BFO_TICK_03012025\SENSEX07JAN2577700PE.BFO.csv
2025-10-27 13:56:04,919 [INFO] [root] [MainThread]: Started processing: BFO\BFO_TICK_03012025\BFO_TICK_03012025\SENSEX07JAN2577800PE.BFO.csv
2025-10-27 13:56:04,952 [INFO] [root] [MainThread]: Successfully processed: BFO\BFO_TICK_03012025\BFO_TICK_03012025\SENSEX07JAN2577800PE.BFO.csv
2025-10-27 13:56:04,952 [INFO] [root] [MainThread]: Started processing: BFO\BFO_TICK_03012025\BFO_TICK_03012025\SENSEX07JAN2577900PE.BFO.csv
2025-10-27 13:56:04,981 [INFO] [root] [MainThread]: Successfully processed: BFO\BFO_TICK_03012025\BFO_TICK_03012025\SENSEX07JAN2577900PE.BFO.csv
2025-10-27 13:56:04,981 [INFO] [root] [MainThread]: Started processing: BFO\BFO_TICK_03012025\BFO_TICK_03012025\SENSEX07JAN2578000PE.BFO.csv
2025-10-27 13:56:05,050 [INFO] [root] [MainThread]: Successfully processed: BFO\BFO_TICK_03012025\BFO_TICK_03012025\SENSEX07JAN2578000PE.BFO.csv
2025-10-27 13:56:05,050 [INFO] [root] [MainThread]: Started processing: BFO\BFO_TICK_03012025\BFO_TICK_03012025\SENSEX07JAN2578100PE.BFO.csv
2025-10-27 13:56:05,083 [INFO] [root] [MainThread]: Successfully processed: BFO\BFO_TICK_03012025\BFO_TICK_03012025\SENSEX07JAN2578100PE.BFO.csv
2025-10-27 13:56:05,083 [INFO] [root] [MainThread]: Started processing: BFO\BFO_TICK_03012025\BFO_TICK_03012025\SENSEX07JAN2578200PE.BFO.csv
2025-10-27 13:56:05,134 [INFO] [root] [MainThread]: Successfully processed: BFO\BFO_TICK_03012025\BFO_TICK_03012025\SENSEX07JAN2578200PE.BFO.csv
2025-10-27 13:56:05,134 [INFO] [root] [MainThread]: Started processing: BFO\BFO_TICK_03012025\BFO_TICK_03012025\SENSEX07JAN2578300PE.BFO.csv
2025-10-27 13:56:05,174 [INFO] [root] [MainThread]: Successfully processed: BFO\BFO_TICK_03012025\BFO_TICK_03012025\SENSEX07JAN2578300PE.BFO.csv
2025-10-27 13:56:05,174 [INFO] [root] [MainThread]: Started processing: BFO\BFO_TICK_03012025\BFO_TICK_03012025\SENSEX07JAN2578400PE.BFO.csv
2025-10-27 13:56:05,208 [INFO] [root] [MainThread]: Successfully processed: BFO\BFO_TICK_03012025\BFO_TICK_03012025\SENSEX07JAN2578400PE.BFO.csv
2025-10-27 13:56:05,208 [INFO] [root] [MainThread]: Started processing: BFO\BFO_TICK_03012025\BFO_TICK_03012025\SENSEX07JAN2578500PE.BFO.csv
2025-10-27 13:56:05,284 [INFO] [root] [MainThread]: Successfully processed: BFO\BFO_TICK_03012025\BFO_TICK_03012025\SENSEX07JAN2578500PE.BFO.csv
2025-10-27 13:56:05,284 [INFO] [root] [MainThread]: Started processing: BFO\BFO_TICK_03012025\BFO_TICK_03012025\SENSEX07JAN2578600PE.BFO.csv
2025-10-27 13:56:05,322 [INFO] [root] [MainThread]: Successfully processed: BFO\BFO_TICK_03012025\BFO_TICK_03012025\SENSEX07JAN2578600PE.BFO.csv
2025-10-27 13:56:05,322 [INFO] [root] [MainThread]: Started processing: BFO\BFO_TICK_03012025\BFO_TICK_03012025\SENSEX07JAN2578700PE.BFO.csv
2025-10-27 13:56:05,358 [INFO] [root] [MainThread]: Successfully processed: BFO\BFO_TICK_03012025\BFO_TICK_03012025\SENSEX07JAN2578700PE.BFO.csv
2025-10-27 13:56:05,358 [INFO] [root] [MainThread]: Started processing: BFO\BFO_TICK_03012025\BFO_TICK_03012025\SENSEX07JAN2578800PE.BFO.csv
2025-10-27 13:56:05,402 [INFO] [root] [MainThread]: Successfully processed: BFO\BFO_TICK_03012025\BFO_TICK_03012025\SENSEX07JAN2578800PE.BFO.csv
2025-10-27 13:56:05,403 [INFO] [root] [MainThread]: Started processing: BFO\BFO_TICK_03012025\BFO_TICK_03012025\SENSEX07JAN2578900PE.BFO.csv
2025-10-27 13:56:05,435 [INFO] [root] [MainThread]: Successfully processed: BFO\BFO_TICK_03012025\BFO_TICK_03012025\SENSEX07JAN2578900PE.BFO.csv
2025-10-27 13:56:05,435 [INFO] [root] [MainThread]: Started processing: BFO\BFO_TICK_03012025\BFO_TICK_03012025\SENSEX07JAN2579000PE.BFO.csv
2025-10-27 13:56:05,510 [INFO] [root] [MainThread]: Successfully processed: BFO\BFO_TICK_03012025\BFO_TICK_03012025\SENSEX07JAN2579000PE.BFO.csv
2025-10-27 13:56:05,510 [INFO] [root] [MainThread]: Started processing: BFO\BFO_TICK_03012025\BFO_TICK_03012025\SENSEX07JAN2579100PE.BFO.csv
2025-10-27 13:56:05,549 [INFO] [root] [MainThread]: Successfully processed: BFO\BFO_TICK_03012025\BFO_TICK_03012025\SENSEX07JAN2579100PE.BFO.csv
2025-10-27 13:56:05,549 [INFO] [root] [MainThread]: Started processing: BFO\BFO_TICK_03012025\BFO_TICK_03012025\SENSEX07JAN2579200PE.BFO.csv
2025-10-27 13:56:05,593 [INFO] [root] [MainThread]: Successfully processed: BFO\BFO_TICK_03012025\BFO_TICK_03012025\SENSEX07JAN2579200PE.BFO.csv
2025-10-27 13:56:05,593 [INFO] [root] [MainThread]: Started processing: BFO\BFO_TICK_03012025\BFO_TICK_03012025\SENSEX07JAN2579300PE.BFO.csv
2025-10-27 13:56:05,644 [INFO] [root] [MainThread]: Successfully processed: BFO\BFO_TICK_03012025\BFO_TICK_03012025\SENSEX07JAN2579300PE.BFO.csv
2025-10-27 13:56:05,644 [INFO] [root] [MainThread]: Started processing: BFO\BFO_TICK_03012025\BFO_TICK_03012025\SENSEX07JAN2579400PE.BFO.csv
2025-10-27 13:56:05,720 [INFO] [root] [MainThread]: Successfully processed: BFO\BFO_TICK_03012025\BFO_TICK_03012025\SENSEX07JAN2579400PE.BFO.csv
2025-10-27 13:56:05,720 [INFO] [root] [MainThread]: Started processing: BFO\BFO_TICK_03012025\BFO_TICK_03012025\SENSEX07JAN2579500PE.BFO.csv
2025-10-27 13:56:05,821 [INFO] [root] [MainThread]: Successfully processed: BFO\BFO_TICK_03012025\BFO_TICK_03012025\SENSEX07JAN2579500PE.BFO.csv
2025-10-27 13:56:05,821 [INFO] [root] [MainThread]: Started processing: BFO\BFO_TICK_03012025\BFO_TICK_03012025\SENSEX07JAN2579600PE.BFO.csv
2025-10-27 13:56:05,871 [INFO] [root] [MainThread]: Successfully processed: BFO\BFO_TICK_03012025\BFO_TICK_03012025\SENSEX07JAN2579600PE.BFO.csv
2025-10-27 13:56:05,871 [INFO] [root] [MainThread]: Started processing: BFO\BFO_TICK_03012025\BFO_TICK_03012025\SENSEX07JAN2579700PE.BFO.csv
2025-10-27 13:56:05,915 [INFO] [root] [MainThread]: Successfully processed: BFO\BFO_TICK_03012025\BFO_TICK_03012025\SENSEX07JAN2579700PE.BFO.csv
2025-10-27 13:56:05,915 [INFO] [root] [MainThread]: Started processing: BFO\BFO_TICK_03012025\BFO_TICK_03012025\SENSEX07JAN2579800PE.BFO.csv
2025-10-27 13:56:05,954 [INFO] [root] [MainThread]: Successfully processed: BFO\BFO_TICK_03012025\BFO_TICK_03012025\SENSEX07JAN2579800PE.BFO.csv
2025-10-27 13:56:05,954 [INFO] [root] [MainThread]: Started processing: BFO\BFO_TICK_03012025\BFO_TICK_03012025\SENSEX07JAN2579900PE.BFO.csv
2025-10-27 13:56:05,975 [INFO] [root] [MainThread]: Successfully processed: BFO\BFO_TICK_03012025\BFO_TICK_03012025\SENSEX07JAN2579900PE.BFO.csv
2025-10-27 13:56:05,976 [INFO] [root] [MainThread]: Started processing: BFO\BFO_TICK_03012025\BFO_TICK_03012025\SENSEX07JAN2580000PE.BFO.csv
2025-10-27 13:56:06,025 [INFO] [root] [MainThread]: Successfully processed: BFO\BFO_TICK_03012025\BFO_TICK_03012025\SENSEX07JAN2580000PE.BFO.csv
2025-10-27 13:56:06,025 [INFO] [root] [MainThread]: Started processing: BFO\BFO_TICK_03012025\BFO_TICK_03012025\SENSEX07JAN2580100PE.BFO.csv
2025-10-27 13:56:06,041 [INFO] [root] [MainThread]: Successfully processed: BFO\BFO_TICK_03012025\BFO_TICK_03012025\SENSEX07JAN2580100PE.BFO.csv
2025-10-27 13:56:06,041 [INFO] [root] [MainThread]: Started processing: BFO\BFO_TICK_03012025\BFO_TICK_03012025\SENSEX07JAN2580200PE.BFO.csv
2025-10-27 13:56:06,055 [INFO] [root] [MainThread]: Successfully processed: BFO\BFO_TICK_03012025\BFO_TICK_03012025\SENSEX07JAN2580200PE.BFO.csv
2025-10-27 13:56:06,055 [INFO] [root] [MainThread]: Started processing: BFO\BFO_TICK_03012025\BFO_TICK_03012025\SENSEX07JAN2580300PE.BFO.csv
2025-10-27 13:56:06,069 [INFO] [root] [MainThread]: Successfully processed: BFO\BFO_TICK_03012025\BFO_TICK_03012025\SENSEX07JAN2580300PE.BFO.csv
2025-10-27 13:56:06,069 [INFO] [root] [MainThread]: Started processing: BFO\BFO_TICK_03012025\BFO_TICK_03012025\SENSEX07JAN2580400PE.BFO.csv
2025-10-27 13:56:06,080 [INFO] [root] [MainThread]: Successfully processed: BFO\BFO_TICK_03012025\BFO_TICK_03012025\SENSEX07JAN2580400PE.BFO.csv
2025-10-27 13:56:06,081 [INFO] [root] [MainThread]: Started processing: BFO\BFO_TICK_03012025\BFO_TICK_03012025\SENSEX07JAN2580500PE.BFO.csv
2025-10-27 13:56:06,094 [INFO] [root] [MainThread]: Successfully processed: BFO\BFO_TICK_03012025\BFO_TICK_03012025\SENSEX07JAN2580500PE.BFO.csv
2025-10-27 13:56:06,094 [INFO] [root] [MainThread]: Started processing: BFO\BFO_TICK_03012025\BFO_TICK_03012025\SENSEX07JAN2581000PE.BFO.csv
2025-10-27 13:56:06,107 [INFO] [root] [MainThread]: Successfully processed: BFO\BFO_TICK_03012025\BFO_TICK_03012025\SENSEX07JAN2581000PE.BFO.csv
2025-10-27 13:56:06,107 [INFO] [root] [MainThread]: Started processing: BFO\BFO_TICK_03012025\BFO_TICK_03012025\SENSEX07JAN2581500PE.BFO.csv
2025-10-27 13:56:06,120 [INFO] [root] [MainThread]: Successfully processed: BFO\BFO_TICK_03012025\BFO_TICK_03012025\SENSEX07JAN2581500PE.BFO.csv
2025-10-27 13:56:06,120 [INFO] [root] [MainThread]: Started processing: BFO\BFO_TICK_03012025\BFO_TICK_03012025\SENSEX07JAN2582000PE.BFO.csv
2025-10-27 13:56:06,133 [INFO] [root] [MainThread]: Successfully processed: BFO\BFO_TICK_03012025\BFO_TICK_03012025\SENSEX07JAN2582000PE.BFO.csv
2025-10-27 13:56:06,133 [INFO] [root] [MainThread]: Started processing: BFO\BFO_TICK_03012025\BFO_TICK_03012025\SENSEX07JAN2582100PE.BFO.csv
2025-10-27 13:56:06,142 [INFO] [root] [MainThread]: Successfully processed: BFO\BFO_TICK_03012025\BFO_TICK_03012025\SENSEX07JAN2582100PE.BFO.csv
2025-10-27 13:56:06,142 [INFO] [root] [MainThread]: Started processing: BFO\BFO_TICK_03012025\BFO_TICK_03012025\SENSEX14JAN2574000PE.BFO.csv
2025-10-27 13:56:06,154 [INFO] [root] [MainThread]: Successfully processed: BFO\BFO_TICK_03012025\BFO_TICK_03012025\SENSEX14JAN2574000PE.BFO.csv
2025-10-27 13:56:06,154 [INFO] [root] [MainThread]: Started processing: BFO\BFO_TICK_03012025\BFO_TICK_03012025\SENSEX14JAN2577200PE.BFO.csv
2025-10-27 13:56:06,164 [INFO] [root] [MainThread]: Successfully processed: BFO\BFO_TICK_03012025\BFO_TICK_03012025\SENSEX14JAN2577200PE.BFO.csv
2025-10-27 13:56:06,165 [INFO] [root] [MainThread]: Started processing: BFO\BFO_TICK_03012025\BFO_TICK_03012025\SENSEX14JAN2579200PE.BFO.csv
2025-10-27 13:56:06,174 [INFO] [root] [MainThread]: Successfully processed: BFO\BFO_TICK_03012025\BFO_TICK_03012025\SENSEX14JAN2579200PE.BFO.csv
2025-10-27 13:56:06,174 [INFO] [root] [MainThread]: Started processing: BFO\BFO_TICK_03012025\BFO_TICK_03012025\SENSEX14JAN2579500PE.BFO.csv
2025-10-27 13:56:06,188 [INFO] [root] [MainThread]: Successfully processed: BFO\BFO_TICK_03012025\BFO_TICK_03012025\SENSEX14JAN2579500PE.BFO.csv
2025-10-27 13:56:06,188 [INFO] [root] [MainThread]: Started processing: BFO\BFO_TICK_03012025\BFO_TICK_03012025\SENSEX14JAN2579600PE.BFO.csv
2025-10-27 13:56:06,197 [INFO] [root] [MainThread]: Successfully processed: BFO\BFO_TICK_03012025\BFO_TICK_03012025\SENSEX14JAN2579600PE.BFO.csv
2025-10-27 13:56:06,197 [INFO] [root] [MainThread]: Started processing: BFO\BFO_TICK_03012025\BFO_TICK_03012025\SENSEX14JAN2580000PE.BFO.csv
2025-10-27 13:56:06,206 [INFO] [root] [MainThread]: Successfully processed: BFO\BFO_TICK_03012025\BFO_TICK_03012025\SENSEX14JAN2580000PE.BFO.csv
2025-10-27 13:56:06,206 [INFO] [root] [MainThread]: Started processing: BFO\BFO_TICK_03012025\BFO_TICK_03012025\SENSEX28JAN2573200PE.BFO.csv
2025-10-27 13:56:06,218 [INFO] [root] [MainThread]: Successfully processed: BFO\BFO_TICK_03012025\BFO_TICK_03012025\SENSEX28JAN2573200PE.BFO.csv
2025-10-27 13:56:06,218 [INFO] [root] [MainThread]: Started processing: BFO\BFO_TICK_03012025\BFO_TICK_03012025\SENSEX28JAN2575000PE.BFO.csv
2025-10-27 13:56:06,225 [INFO] [root] [MainThread]: Successfully processed: BFO\BFO_TICK_03012025\BFO_TICK_03012025\SENSEX28JAN2575000PE.BFO.csv
2025-10-27 13:56:06,226 [INFO] [root] [MainThread]: Started processing: BFO\BFO_TICK_03012025\BFO_TICK_03012025\SENSEX28JAN2577500PE.BFO.csv
2025-10-27 13:56:06,237 [INFO] [root] [MainThread]: Successfully processed: BFO\BFO_TICK_03012025\BFO_TICK_03012025\SENSEX28JAN2577500PE.BFO.csv
2025-10-27 13:56:06,238 [INFO] [root] [MainThread]: Started processing: BFO\BFO_TICK_03012025\BFO_TICK_03012025\SENSEX28JAN2578000PE.BFO.csv
2025-10-27 13:56:06,249 [INFO] [root] [MainThread]: Successfully processed: BFO\BFO_TICK_03012025\BFO_TICK_03012025\SENSEX28JAN2578000PE.BFO.csv
2025-10-27 13:56:06,249 [INFO] [root] [MainThread]: Started processing: BFO\BFO_TICK_03012025\BFO_TICK_03012025\SENSEX28JAN2578500PE.BFO.csv
2025-10-27 13:56:06,257 [INFO] [root] [MainThread]: Successfully processed: BFO\BFO_TICK_03012025\BFO_TICK_03012025\SENSEX28JAN2578500PE.BFO.csv
2025-10-27 13:56:06,257 [INFO] [root] [MainThread]: Started processing: BFO\BFO_TICK_03012025\BFO_TICK_03012025\SENSEX28JAN2578600PE.BFO.csv
2025-10-27 13:56:06,268 [INFO] [root] [MainThread]: Successfully processed: BFO\BFO_TICK_03012025\BFO_TICK_03012025\SENSEX28JAN2578600PE.BFO.csv
2025-10-27 13:56:06,268 [INFO] [root] [MainThread]: Started processing: BFO\BFO_TICK_03012025\BFO_TICK_03012025\SENSEX28JAN2578700PE.BFO.csv
2025-10-27 13:56:06,276 [INFO] [root] [MainThread]: Successfully processed: BFO\BFO_TICK_03012025\BFO_TICK_03012025\SENSEX28JAN2578700PE.BFO.csv
2025-10-27 13:56:06,276 [INFO] [root] [MainThread]: Started processing: BFO\BFO_TICK_03012025\BFO_TICK_03012025\SENSEX28JAN2579000PE.BFO.csv
2025-10-27 13:56:06,287 [INFO] [root] [MainThread]: Successfully processed: BFO\BFO_TICK_03012025\BFO_TICK_03012025\SENSEX28JAN2579000PE.BFO.csv
2025-10-27 13:56:06,288 [INFO] [root] [MainThread]: Started processing: BFO\BFO_TICK_03012025\BFO_TICK_03012025\SENSEX28JAN2579200PE.BFO.csv
2025-10-27 13:56:06,295 [INFO] [root] [MainThread]: Successfully processed: BFO\BFO_TICK_03012025\BFO_TICK_03012025\SENSEX28JAN2579200PE.BFO.csv
2025-10-27 13:56:06,296 [INFO] [root] [MainThread]: Started processing: BFO\BFO_TICK_03012025\BFO_TICK_03012025\SENSEX28JAN2579500PE.BFO.csv
2025-10-27 13:56:06,305 [INFO] [root] [MainThread]: Successfully processed: BFO\BFO_TICK_03012025\BFO_TICK_03012025\SENSEX28JAN2579500PE.BFO.csv
2025-10-27 13:56:06,305 [INFO] [root] [MainThread]: Started processing: BFO\BFO_TICK_03012025\BFO_TICK_03012025\SENSEX28JAN2579600PE.BFO.csv
2025-10-27 13:56:06,314 [INFO] [root] [MainThread]: Successfully processed: BFO\BFO_TICK_03012025\BFO_TICK_03012025\SENSEX28JAN2579600PE.BFO.csv
2025-10-27 13:56:06,315 [INFO] [root] [MainThread]: Started processing: BFO\BFO_TICK_03012025\BFO_TICK_03012025\SENSEX28JAN2579700PE.BFO.csv
2025-10-27 13:56:06,323 [INFO] [root] [MainThread]: Successfully processed: BFO\BFO_TICK_03012025\BFO_TICK_03012025\SENSEX28JAN2579700PE.BFO.csv
2025-10-27 13:56:06,323 [INFO] [root] [MainThread]: Started processing: BFO\BFO_TICK_03012025\BFO_TICK_03012025\SENSEX28JAN2579800PE.BFO.csv
2025-10-27 13:56:06,334 [INFO] [root] [MainThread]: Successfully processed: BFO\BFO_TICK_03012025\BFO_TICK_03012025\SENSEX28JAN2579800PE.BFO.csv
2025-10-27 13:56:06,334 [INFO] [root] [MainThread]: Started processing: BFO\BFO_TICK_03012025\BFO_TICK_03012025\SENSEX28JAN2579900PE.BFO.csv
2025-10-27 13:56:06,343 [INFO] [root] [MainThread]: Successfully processed: BFO\BFO_TICK_03012025\BFO_TICK_03012025\SENSEX28JAN2579900PE.BFO.csv
2025-10-27 13:56:06,343 [INFO] [root] [MainThread]: Started processing: BFO\BFO_TICK_03012025\BFO_TICK_03012025\SENSEX28JAN2580000PE.BFO.csv
2025-10-27 13:56:06,354 [INFO] [root] [MainThread]: Successfully processed: BFO\BFO_TICK_03012025\BFO_TICK_03012025\SENSEX28JAN2580000PE.BFO.csv
2025-10-27 13:56:06,354 [INFO] [root] [MainThread]: Started processing: BFO\BFO_TICK_03012025\BFO_TICK_03012025\SENSEX28JAN2580100PE.BFO.csv
2025-10-27 13:56:06,365 [INFO] [root] [MainThread]: Successfully processed: BFO\BFO_TICK_03012025\BFO_TICK_03012025\SENSEX28JAN2580100PE.BFO.csv
2025-10-27 13:56:06,365 [INFO] [root] [MainThread]: Started processing: BFO\BFO_TICK_03012025\BFO_TICK_03012025\SENSEX28JAN2580700PE.BFO.csv
2025-10-27 13:56:06,373 [INFO] [root] [MainThread]: Successfully processed: BFO\BFO_TICK_03012025\BFO_TICK_03012025\SENSEX28JAN2580700PE.BFO.csv
2025-10-27 13:56:06,373 [INFO] [root] [MainThread]: Combining 171 dataframes...
2025-10-27 13:56:06,436 [INFO] [root] [MainThread]: Writing to ProcessedParquet\sensex_put_03012025.parquet (798920 rows)...
2025-10-27 13:56:07,135 [INFO] [root] [MainThread]: Successfully saved 171 option files to ProcessedParquet\sensex_put_03012025.parquet
2025-10-27 13:56:07,135 [INFO] [root] [MainThread]: Utility stopped.
