2025-10-27 10:26:26,066 [INFO] [root] [MainThread]: Utility started.
2025-10-27 10:26:26,066 [INFO] [root] [MainThread]: Found date 03012025 from folder name: GFDLNFO_TICK_03012025
2025-10-27 10:26:26,067 [INFO] [root] [MainThread]: Got following folder info {'03012025': {'GFDLNFO_TICK_03012025'}} for processing {'index': 'BANKNIFTY', 'instrument_type': 'put'}.
2025-10-27 10:26:26,067 [INFO] [root] [MainThread]: Started processing folder: GFDLNFO_TICK_03012025 for {'index': 'BANKNIFTY', 'instrument_type': 'put'}
2025-10-27 10:26:26,094 [INFO] [root] [MainThread]: Found 170 put option files to process for BANKNIFTY.
2025-10-27 10:26:26,105 [INFO] [root] [MainThread]: Started processing: GFDLNFO_TICK_03012025\Options\BANKNIFTY25SEP2552500PE.NFO.csv
2025-10-27 10:26:26,141 [INFO] [root] [MainThread]: Successfully processed and saved: ProcessedParquet\banknifty_put_03012025.parquet
2025-10-27 10:26:26,141 [INFO] [root] [MainThread]: Started processing: GFDLNFO_TICK_03012025\Options\BANKNIFTY26JUN2549500PE.NFO.csv
2025-10-27 10:26:26,201 [INFO] [root] [MainThread]: Successfully processed and saved: ProcessedParquet\banknifty_put_03012025.parquet
2025-10-27 10:26:26,202 [INFO] [root] [MainThread]: Started processing: GFDLNFO_TICK_03012025\Options\BANKNIFTY27FEB2543500PE.NFO.csv
2025-10-27 10:26:26,226 [INFO] [root] [MainThread]: Successfully processed and saved: ProcessedParquet\banknifty_put_03012025.parquet
2025-10-27 10:26:26,226 [INFO] [root] [MainThread]: Started processing: GFDLNFO_TICK_03012025\Options\BANKNIFTY27FEB2545000PE.NFO.csv
2025-10-27 10:26:26,258 [INFO] [root] [MainThread]: Successfully processed and saved: ProcessedParquet\banknifty_put_03012025.parquet
2025-10-27 10:26:26,258 [INFO] [root] [MainThread]: Started processing: GFDLNFO_TICK_03012025\Options\BANKNIFTY27FEB2546000PE.NFO.csv
2025-10-27 10:26:26,296 [INFO] [root] [MainThread]: Successfully processed and saved: ProcessedParquet\banknifty_put_03012025.parquet
2025-10-27 10:26:26,296 [INFO] [root] [MainThread]: Started processing: GFDLNFO_TICK_03012025\Options\BANKNIFTY27FEB2546500PE.NFO.csv
2025-10-27 10:26:26,326 [INFO] [root] [MainThread]: Successfully processed and saved: ProcessedParquet\banknifty_put_03012025.parquet
2025-10-27 10:26:26,326 [INFO] [root] [MainThread]: Started processing: GFDLNFO_TICK_03012025\Options\BANKNIFTY27FEB2547000PE.NFO.csv
2025-10-27 10:26:26,379 [INFO] [root] [MainThread]: Successfully processed and saved: ProcessedParquet\banknifty_put_03012025.parquet
2025-10-27 10:26:26,379 [INFO] [root] [MainThread]: Started processing: GFDLNFO_TICK_03012025\Options\BANKNIFTY27FEB2547500PE.NFO.csv
2025-10-27 10:26:26,429 [INFO] [root] [MainThread]: Successfully processed and saved: ProcessedParquet\banknifty_put_03012025.parquet
2025-10-27 10:26:26,429 [INFO] [root] [MainThread]: Started processing: GFDLNFO_TICK_03012025\Options\BANKNIFTY27FEB2548000PE.NFO.csv
2025-10-27 10:26:26,494 [INFO] [root] [MainThread]: Successfully processed and saved: ProcessedParquet\banknifty_put_03012025.parquet
2025-10-27 10:26:26,495 [INFO] [root] [MainThread]: Started processing: GFDLNFO_TICK_03012025\Options\BANKNIFTY27FEB2548100PE.NFO.csv
2025-10-27 10:26:26,547 [INFO] [root] [MainThread]: Successfully processed and saved: ProcessedParquet\banknifty_put_03012025.parquet
2025-10-27 10:26:26,547 [INFO] [root] [MainThread]: Started processing: GFDLNFO_TICK_03012025\Options\BANKNIFTY27FEB2548500PE.NFO.csv
2025-10-27 10:26:26,595 [INFO] [root] [MainThread]: Successfully processed and saved: ProcessedParquet\banknifty_put_03012025.parquet
2025-10-27 10:26:26,595 [INFO] [root] [MainThread]: Started processing: GFDLNFO_TICK_03012025\Options\BANKNIFTY27FEB2549000PE.NFO.csv
2025-10-27 10:26:26,646 [INFO] [root] [MainThread]: Successfully processed and saved: ProcessedParquet\banknifty_put_03012025.parquet
2025-10-27 10:26:26,647 [INFO] [root] [MainThread]: Started processing: GFDLNFO_TICK_03012025\Options\BANKNIFTY27FEB2549200PE.NFO.csv
2025-10-27 10:26:26,682 [INFO] [root] [MainThread]: Successfully processed and saved: ProcessedParquet\banknifty_put_03012025.parquet
2025-10-27 10:26:26,683 [INFO] [root] [MainThread]: Started processing: GFDLNFO_TICK_03012025\Options\BANKNIFTY27FEB2549500PE.NFO.csv
2025-10-27 10:26:26,736 [INFO] [root] [MainThread]: Successfully processed and saved: ProcessedParquet\banknifty_put_03012025.parquet
2025-10-27 10:26:26,737 [INFO] [root] [MainThread]: Started processing: GFDLNFO_TICK_03012025\Options\BANKNIFTY27FEB2549600PE.NFO.csv
2025-10-27 10:26:26,772 [INFO] [root] [MainThread]: Successfully processed and saved: ProcessedParquet\banknifty_put_03012025.parquet
2025-10-27 10:26:26,772 [INFO] [root] [MainThread]: Started processing: GFDLNFO_TICK_03012025\Options\BANKNIFTY27FEB2549800PE.NFO.csv
2025-10-27 10:26:26,809 [INFO] [root] [MainThread]: Successfully processed and saved: ProcessedParquet\banknifty_put_03012025.parquet
2025-10-27 10:26:26,810 [INFO] [root] [MainThread]: Started processing: GFDLNFO_TICK_03012025\Options\BANKNIFTY27FEB2549900PE.NFO.csv
2025-10-27 10:26:26,846 [INFO] [root] [MainThread]: Successfully processed and saved: ProcessedParquet\banknifty_put_03012025.parquet
2025-10-27 10:26:26,846 [INFO] [root] [MainThread]: Started processing: GFDLNFO_TICK_03012025\Options\BANKNIFTY27FEB2550000PE.NFO.csv
2025-10-27 10:26:26,905 [INFO] [root] [MainThread]: Successfully processed and saved: ProcessedParquet\banknifty_put_03012025.parquet
2025-10-27 10:26:26,906 [INFO] [root] [MainThread]: Started processing: GFDLNFO_TICK_03012025\Options\BANKNIFTY27FEB2550100PE.NFO.csv
2025-10-27 10:26:26,946 [INFO] [root] [MainThread]: Successfully processed and saved: ProcessedParquet\banknifty_put_03012025.parquet
2025-10-27 10:26:26,946 [INFO] [root] [MainThread]: Started processing: GFDLNFO_TICK_03012025\Options\BANKNIFTY27FEB2550200PE.NFO.csv
2025-10-27 10:26:26,985 [INFO] [root] [MainThread]: Successfully processed and saved: ProcessedParquet\banknifty_put_03012025.parquet
2025-10-27 10:26:26,985 [INFO] [root] [MainThread]: Started processing: GFDLNFO_TICK_03012025\Options\BANKNIFTY27FEB2550400PE.NFO.csv
2025-10-27 10:26:27,023 [INFO] [root] [MainThread]: Successfully processed and saved: ProcessedParquet\banknifty_put_03012025.parquet
2025-10-27 10:26:27,023 [INFO] [root] [MainThread]: Started processing: GFDLNFO_TICK_03012025\Options\BANKNIFTY27FEB2550500PE.NFO.csv
2025-10-27 10:26:27,076 [INFO] [root] [MainThread]: Successfully processed and saved: ProcessedParquet\banknifty_put_03012025.parquet
2025-10-27 10:26:27,076 [INFO] [root] [MainThread]: Started processing: GFDLNFO_TICK_03012025\Options\BANKNIFTY27FEB2550600PE.NFO.csv
2025-10-27 10:26:27,127 [INFO] [root] [MainThread]: Successfully processed and saved: ProcessedParquet\banknifty_put_03012025.parquet
2025-10-27 10:26:27,127 [INFO] [root] [MainThread]: Started processing: GFDLNFO_TICK_03012025\Options\BANKNIFTY27FEB2550700PE.NFO.csv
2025-10-27 10:26:27,176 [INFO] [root] [MainThread]: Successfully processed and saved: ProcessedParquet\banknifty_put_03012025.parquet
2025-10-27 10:26:27,176 [INFO] [root] [MainThread]: Started processing: GFDLNFO_TICK_03012025\Options\BANKNIFTY27FEB2550800PE.NFO.csv
2025-10-27 10:26:27,228 [INFO] [root] [MainThread]: Successfully processed and saved: ProcessedParquet\banknifty_put_03012025.parquet
2025-10-27 10:26:27,228 [INFO] [root] [MainThread]: Started processing: GFDLNFO_TICK_03012025\Options\BANKNIFTY27FEB2550900PE.NFO.csv
2025-10-27 10:26:27,280 [INFO] [root] [MainThread]: Successfully processed and saved: ProcessedParquet\banknifty_put_03012025.parquet
2025-10-27 10:26:27,280 [INFO] [root] [MainThread]: Started processing: GFDLNFO_TICK_03012025\Options\BANKNIFTY27FEB2551000PE.NFO.csv
2025-10-27 10:26:27,339 [INFO] [root] [MainThread]: Successfully processed and saved: ProcessedParquet\banknifty_put_03012025.parquet
2025-10-27 10:26:27,339 [INFO] [root] [MainThread]: Started processing: GFDLNFO_TICK_03012025\Options\BANKNIFTY27FEB2551100PE.NFO.csv
2025-10-27 10:26:27,399 [INFO] [root] [MainThread]: Successfully processed and saved: ProcessedParquet\banknifty_put_03012025.parquet
2025-10-27 10:26:27,399 [INFO] [root] [MainThread]: Started processing: GFDLNFO_TICK_03012025\Options\BANKNIFTY27FEB2551200PE.NFO.csv
2025-10-27 10:26:27,451 [INFO] [root] [MainThread]: Successfully processed and saved: ProcessedParquet\banknifty_put_03012025.parquet
2025-10-27 10:26:27,452 [INFO] [root] [MainThread]: Started processing: GFDLNFO_TICK_03012025\Options\BANKNIFTY27FEB2551300PE.NFO.csv
2025-10-27 10:26:27,507 [INFO] [root] [MainThread]: Successfully processed and saved: ProcessedParquet\banknifty_put_03012025.parquet
2025-10-27 10:26:27,508 [INFO] [root] [MainThread]: Started processing: GFDLNFO_TICK_03012025\Options\BANKNIFTY27FEB2551400PE.NFO.csv
2025-10-27 10:26:27,565 [INFO] [root] [MainThread]: Successfully processed and saved: ProcessedParquet\banknifty_put_03012025.parquet
2025-10-27 10:26:27,565 [INFO] [root] [MainThread]: Started processing: GFDLNFO_TICK_03012025\Options\BANKNIFTY27FEB2551500PE.NFO.csv
2025-10-27 10:26:27,626 [INFO] [root] [MainThread]: Successfully processed and saved: ProcessedParquet\banknifty_put_03012025.parquet
2025-10-27 10:26:27,626 [INFO] [root] [MainThread]: Started processing: GFDLNFO_TICK_03012025\Options\BANKNIFTY27FEB2551600PE.NFO.csv
2025-10-27 10:26:27,686 [INFO] [root] [MainThread]: Successfully processed and saved: ProcessedParquet\banknifty_put_03012025.parquet
2025-10-27 10:26:27,687 [INFO] [root] [MainThread]: Started processing: GFDLNFO_TICK_03012025\Options\BANKNIFTY27FEB2551700PE.NFO.csv
2025-10-27 10:26:27,746 [INFO] [root] [MainThread]: Successfully processed and saved: ProcessedParquet\banknifty_put_03012025.parquet
2025-10-27 10:26:27,746 [INFO] [root] [MainThread]: Started processing: GFDLNFO_TICK_03012025\Options\BANKNIFTY27FEB2551800PE.NFO.csv
2025-10-27 10:26:27,804 [INFO] [root] [MainThread]: Successfully processed and saved: ProcessedParquet\banknifty_put_03012025.parquet
2025-10-27 10:26:27,804 [INFO] [root] [MainThread]: Started processing: GFDLNFO_TICK_03012025\Options\BANKNIFTY27FEB2551900PE.NFO.csv
2025-10-27 10:26:27,859 [INFO] [root] [MainThread]: Successfully processed and saved: ProcessedParquet\banknifty_put_03012025.parquet
2025-10-27 10:26:27,860 [INFO] [root] [MainThread]: Started processing: GFDLNFO_TICK_03012025\Options\BANKNIFTY27FEB2552000PE.NFO.csv
2025-10-27 10:26:27,920 [INFO] [root] [MainThread]: Successfully processed and saved: ProcessedParquet\banknifty_put_03012025.parquet
2025-10-27 10:26:27,920 [INFO] [root] [MainThread]: Started processing: GFDLNFO_TICK_03012025\Options\BANKNIFTY27FEB2552100PE.NFO.csv
2025-10-27 10:26:27,982 [INFO] [root] [MainThread]: Successfully processed and saved: ProcessedParquet\banknifty_put_03012025.parquet
2025-10-27 10:26:27,982 [INFO] [root] [MainThread]: Started processing: GFDLNFO_TICK_03012025\Options\BANKNIFTY27FEB2552200PE.NFO.csv
2025-10-27 10:26:28,041 [INFO] [root] [MainThread]: Successfully processed and saved: ProcessedParquet\banknifty_put_03012025.parquet
2025-10-27 10:26:28,041 [INFO] [root] [MainThread]: Started processing: GFDLNFO_TICK_03012025\Options\BANKNIFTY27FEB2552300PE.NFO.csv
2025-10-27 10:26:28,101 [INFO] [root] [MainThread]: Successfully processed and saved: ProcessedParquet\banknifty_put_03012025.parquet
2025-10-27 10:26:28,101 [INFO] [root] [MainThread]: Started processing: GFDLNFO_TICK_03012025\Options\BANKNIFTY27FEB2552400PE.NFO.csv
2025-10-27 10:26:28,155 [INFO] [root] [MainThread]: Successfully processed and saved: ProcessedParquet\banknifty_put_03012025.parquet
2025-10-27 10:26:28,156 [INFO] [root] [MainThread]: Started processing: GFDLNFO_TICK_03012025\Options\BANKNIFTY27FEB2552500PE.NFO.csv
2025-10-27 10:26:28,215 [INFO] [root] [MainThread]: Successfully processed and saved: ProcessedParquet\banknifty_put_03012025.parquet
2025-10-27 10:26:28,215 [INFO] [root] [MainThread]: Started processing: GFDLNFO_TICK_03012025\Options\BANKNIFTY27FEB2552600PE.NFO.csv
2025-10-27 10:26:28,277 [INFO] [root] [MainThread]: Successfully processed and saved: ProcessedParquet\banknifty_put_03012025.parquet
2025-10-27 10:26:28,277 [INFO] [root] [MainThread]: Started processing: GFDLNFO_TICK_03012025\Options\BANKNIFTY27FEB2552700PE.NFO.csv
2025-10-27 10:26:28,323 [INFO] [root] [MainThread]: Successfully processed and saved: ProcessedParquet\banknifty_put_03012025.parquet
2025-10-27 10:26:28,324 [INFO] [root] [MainThread]: Started processing: GFDLNFO_TICK_03012025\Options\BANKNIFTY27FEB2552800PE.NFO.csv
2025-10-27 10:26:28,378 [INFO] [root] [MainThread]: Successfully processed and saved: ProcessedParquet\banknifty_put_03012025.parquet
2025-10-27 10:26:28,378 [INFO] [root] [MainThread]: Started processing: GFDLNFO_TICK_03012025\Options\BANKNIFTY27FEB2552900PE.NFO.csv
2025-10-27 10:26:28,417 [INFO] [root] [MainThread]: Successfully processed and saved: ProcessedParquet\banknifty_put_03012025.parquet
2025-10-27 10:26:28,418 [INFO] [root] [MainThread]: Started processing: GFDLNFO_TICK_03012025\Options\BANKNIFTY27FEB2553000PE.NFO.csv
2025-10-27 10:26:28,476 [INFO] [root] [MainThread]: Successfully processed and saved: ProcessedParquet\banknifty_put_03012025.parquet
2025-10-27 10:26:28,476 [INFO] [root] [MainThread]: Started processing: GFDLNFO_TICK_03012025\Options\BANKNIFTY27FEB2553100PE.NFO.csv
2025-10-27 10:26:28,525 [INFO] [root] [MainThread]: Successfully processed and saved: ProcessedParquet\banknifty_put_03012025.parquet
2025-10-27 10:26:28,525 [INFO] [root] [MainThread]: Started processing: GFDLNFO_TICK_03012025\Options\BANKNIFTY27FEB2553200PE.NFO.csv
2025-10-27 10:26:28,561 [INFO] [root] [MainThread]: Successfully processed and saved: ProcessedParquet\banknifty_put_03012025.parquet
2025-10-27 10:26:28,561 [INFO] [root] [MainThread]: Started processing: GFDLNFO_TICK_03012025\Options\BANKNIFTY27FEB2553500PE.NFO.csv
2025-10-27 10:26:28,614 [INFO] [root] [MainThread]: Successfully processed and saved: ProcessedParquet\banknifty_put_03012025.parquet
2025-10-27 10:26:28,614 [INFO] [root] [MainThread]: Started processing: GFDLNFO_TICK_03012025\Options\BANKNIFTY27FEB2554000PE.NFO.csv
2025-10-27 10:26:28,680 [INFO] [root] [MainThread]: Successfully processed and saved: ProcessedParquet\banknifty_put_03012025.parquet
2025-10-27 10:26:28,680 [INFO] [root] [MainThread]: Started processing: GFDLNFO_TICK_03012025\Options\BANKNIFTY27FEB2555000PE.NFO.csv
2025-10-27 10:26:28,742 [INFO] [root] [MainThread]: Successfully processed and saved: ProcessedParquet\banknifty_put_03012025.parquet
2025-10-27 10:26:28,743 [INFO] [root] [MainThread]: Started processing: GFDLNFO_TICK_03012025\Options\BANKNIFTY27FEB2555500PE.NFO.csv
2025-10-27 10:26:28,807 [INFO] [root] [MainThread]: Successfully processed and saved: ProcessedParquet\banknifty_put_03012025.parquet
2025-10-27 10:26:28,808 [INFO] [root] [MainThread]: Started processing: GFDLNFO_TICK_03012025\Options\BANKNIFTY27FEB2556000PE.NFO.csv
2025-10-27 10:26:28,874 [INFO] [root] [MainThread]: Successfully processed and saved: ProcessedParquet\banknifty_put_03012025.parquet
2025-10-27 10:26:28,875 [INFO] [root] [MainThread]: Started processing: GFDLNFO_TICK_03012025\Options\BANKNIFTY27FEB2556500PE.NFO.csv
2025-10-27 10:26:28,938 [INFO] [root] [MainThread]: Successfully processed and saved: ProcessedParquet\banknifty_put_03012025.parquet
2025-10-27 10:26:28,938 [INFO] [root] [MainThread]: Started processing: GFDLNFO_TICK_03012025\Options\BANKNIFTY27FEB2557000PE.NFO.csv
2025-10-27 10:26:29,005 [INFO] [root] [MainThread]: Successfully processed and saved: ProcessedParquet\banknifty_put_03012025.parquet
2025-10-27 10:26:29,006 [INFO] [root] [MainThread]: Started processing: GFDLNFO_TICK_03012025\Options\BANKNIFTY27MAR2545000PE.NFO.csv
2025-10-27 10:26:29,053 [INFO] [root] [MainThread]: Successfully processed and saved: ProcessedParquet\banknifty_put_03012025.parquet
2025-10-27 10:26:29,054 [INFO] [root] [MainThread]: Started processing: GFDLNFO_TICK_03012025\Options\BANKNIFTY27MAR2546500PE.NFO.csv
2025-10-27 10:26:29,116 [INFO] [root] [MainThread]: Successfully processed and saved: ProcessedParquet\banknifty_put_03012025.parquet
2025-10-27 10:26:29,117 [INFO] [root] [MainThread]: Started processing: GFDLNFO_TICK_03012025\Options\BANKNIFTY27MAR2547000PE.NFO.csv
2025-10-27 10:26:29,185 [INFO] [root] [MainThread]: Successfully processed and saved: ProcessedParquet\banknifty_put_03012025.parquet
2025-10-27 10:26:29,185 [INFO] [root] [MainThread]: Started processing: GFDLNFO_TICK_03012025\Options\BANKNIFTY27MAR2547500PE.NFO.csv
2025-10-27 10:26:29,248 [INFO] [root] [MainThread]: Successfully processed and saved: ProcessedParquet\banknifty_put_03012025.parquet
2025-10-27 10:26:29,249 [INFO] [root] [MainThread]: Started processing: GFDLNFO_TICK_03012025\Options\BANKNIFTY27MAR2548000PE.NFO.csv
2025-10-27 10:26:29,315 [INFO] [root] [MainThread]: Successfully processed and saved: ProcessedParquet\banknifty_put_03012025.parquet
2025-10-27 10:26:29,316 [INFO] [root] [MainThread]: Started processing: GFDLNFO_TICK_03012025\Options\BANKNIFTY27MAR2548100PE.NFO.csv
2025-10-27 10:26:29,366 [INFO] [root] [MainThread]: Successfully processed and saved: ProcessedParquet\banknifty_put_03012025.parquet
2025-10-27 10:26:29,367 [INFO] [root] [MainThread]: Started processing: GFDLNFO_TICK_03012025\Options\BANKNIFTY27MAR2548500PE.NFO.csv
2025-10-27 10:26:29,427 [INFO] [root] [MainThread]: Successfully processed and saved: ProcessedParquet\banknifty_put_03012025.parquet
2025-10-27 10:26:29,428 [INFO] [root] [MainThread]: Started processing: GFDLNFO_TICK_03012025\Options\BANKNIFTY27MAR2549000PE.NFO.csv
2025-10-27 10:26:29,498 [INFO] [root] [MainThread]: Successfully processed and saved: ProcessedParquet\banknifty_put_03012025.parquet
2025-10-27 10:26:29,499 [INFO] [root] [MainThread]: Started processing: GFDLNFO_TICK_03012025\Options\BANKNIFTY27MAR2549500PE.NFO.csv
2025-10-27 10:26:29,570 [INFO] [root] [MainThread]: Successfully processed and saved: ProcessedParquet\banknifty_put_03012025.parquet
2025-10-27 10:26:29,571 [INFO] [root] [MainThread]: Started processing: GFDLNFO_TICK_03012025\Options\BANKNIFTY27MAR2550000PE.NFO.csv
2025-10-27 10:26:29,652 [INFO] [root] [MainThread]: Successfully processed and saved: ProcessedParquet\banknifty_put_03012025.parquet
2025-10-27 10:26:29,653 [INFO] [root] [MainThread]: Started processing: GFDLNFO_TICK_03012025\Options\BANKNIFTY27MAR2550500PE.NFO.csv
2025-10-27 10:26:29,718 [INFO] [root] [MainThread]: Successfully processed and saved: ProcessedParquet\banknifty_put_03012025.parquet
2025-10-27 10:26:29,719 [INFO] [root] [MainThread]: Started processing: GFDLNFO_TICK_03012025\Options\BANKNIFTY27MAR2551000PE.NFO.csv
2025-10-27 10:26:29,796 [INFO] [root] [MainThread]: Successfully processed and saved: ProcessedParquet\banknifty_put_03012025.parquet
2025-10-27 10:26:29,797 [INFO] [root] [MainThread]: Started processing: GFDLNFO_TICK_03012025\Options\BANKNIFTY27MAR2551200PE.NFO.csv
2025-10-27 10:26:29,867 [INFO] [root] [MainThread]: Successfully processed and saved: ProcessedParquet\banknifty_put_03012025.parquet
2025-10-27 10:26:29,868 [INFO] [root] [MainThread]: Started processing: GFDLNFO_TICK_03012025\Options\BANKNIFTY27MAR2551500PE.NFO.csv
2025-10-27 10:26:29,935 [INFO] [root] [MainThread]: Successfully processed and saved: ProcessedParquet\banknifty_put_03012025.parquet
2025-10-27 10:26:29,936 [INFO] [root] [MainThread]: Started processing: GFDLNFO_TICK_03012025\Options\BANKNIFTY27MAR2552000PE.NFO.csv
2025-10-27 10:26:30,019 [INFO] [root] [MainThread]: Successfully processed and saved: ProcessedParquet\banknifty_put_03012025.parquet
2025-10-27 10:26:30,020 [INFO] [root] [MainThread]: Started processing: GFDLNFO_TICK_03012025\Options\BANKNIFTY27MAR2552500PE.NFO.csv
2025-10-27 10:26:30,099 [INFO] [root] [MainThread]: Successfully processed and saved: ProcessedParquet\banknifty_put_03012025.parquet
2025-10-27 10:26:30,100 [INFO] [root] [MainThread]: Started processing: GFDLNFO_TICK_03012025\Options\BANKNIFTY27MAR2553000PE.NFO.csv
2025-10-27 10:26:30,170 [INFO] [root] [MainThread]: Successfully processed and saved: ProcessedParquet\banknifty_put_03012025.parquet
2025-10-27 10:26:30,171 [INFO] [root] [MainThread]: Started processing: GFDLNFO_TICK_03012025\Options\BANKNIFTY27MAR2554000PE.NFO.csv
2025-10-27 10:26:30,240 [INFO] [root] [MainThread]: Successfully processed and saved: ProcessedParquet\banknifty_put_03012025.parquet
2025-10-27 10:26:30,241 [INFO] [root] [MainThread]: Started processing: GFDLNFO_TICK_03012025\Options\BANKNIFTY27MAR2555500PE.NFO.csv
2025-10-27 10:26:30,297 [INFO] [root] [MainThread]: Successfully processed and saved: ProcessedParquet\banknifty_put_03012025.parquet
2025-10-27 10:26:30,298 [INFO] [root] [MainThread]: Started processing: GFDLNFO_TICK_03012025\Options\BANKNIFTY30JAN2542500PE.NFO.csv
2025-10-27 10:26:30,398 [INFO] [root] [MainThread]: Successfully processed and saved: ProcessedParquet\banknifty_put_03012025.parquet
2025-10-27 10:26:30,399 [INFO] [root] [MainThread]: Started processing: GFDLNFO_TICK_03012025\Options\BANKNIFTY30JAN2543000PE.NFO.csv
2025-10-27 10:26:30,486 [INFO] [root] [MainThread]: Successfully processed and saved: ProcessedParquet\banknifty_put_03012025.parquet
2025-10-27 10:26:30,488 [INFO] [root] [MainThread]: Started processing: GFDLNFO_TICK_03012025\Options\BANKNIFTY30JAN2543500PE.NFO.csv
2025-10-27 10:26:30,582 [INFO] [root] [MainThread]: Successfully processed and saved: ProcessedParquet\banknifty_put_03012025.parquet
2025-10-27 10:26:30,583 [INFO] [root] [MainThread]: Started processing: GFDLNFO_TICK_03012025\Options\BANKNIFTY30JAN2544000PE.NFO.csv
2025-10-27 10:26:30,680 [INFO] [root] [MainThread]: Successfully processed and saved: ProcessedParquet\banknifty_put_03012025.parquet
2025-10-27 10:26:30,681 [INFO] [root] [MainThread]: Started processing: GFDLNFO_TICK_03012025\Options\BANKNIFTY30JAN2544500PE.NFO.csv
2025-10-27 10:26:30,777 [INFO] [root] [MainThread]: Successfully processed and saved: ProcessedParquet\banknifty_put_03012025.parquet
2025-10-27 10:26:30,778 [INFO] [root] [MainThread]: Started processing: GFDLNFO_TICK_03012025\Options\BANKNIFTY30JAN2545000PE.NFO.csv
2025-10-27 10:26:30,894 [INFO] [root] [MainThread]: Successfully processed and saved: ProcessedParquet\banknifty_put_03012025.parquet
2025-10-27 10:26:30,895 [INFO] [root] [MainThread]: Started processing: GFDLNFO_TICK_03012025\Options\BANKNIFTY30JAN2545500PE.NFO.csv
2025-10-27 10:26:31,018 [INFO] [root] [MainThread]: Successfully processed and saved: ProcessedParquet\banknifty_put_03012025.parquet
2025-10-27 10:26:31,020 [INFO] [root] [MainThread]: Started processing: GFDLNFO_TICK_03012025\Options\BANKNIFTY30JAN2546000PE.NFO.csv
2025-10-27 10:26:31,159 [INFO] [root] [MainThread]: Successfully processed and saved: ProcessedParquet\banknifty_put_03012025.parquet
2025-10-27 10:26:31,163 [INFO] [root] [MainThread]: Started processing: GFDLNFO_TICK_03012025\Options\BANKNIFTY30JAN2546500PE.NFO.csv
2025-10-27 10:26:31,316 [INFO] [root] [MainThread]: Successfully processed and saved: ProcessedParquet\banknifty_put_03012025.parquet
2025-10-27 10:26:31,319 [INFO] [root] [MainThread]: Started processing: GFDLNFO_TICK_03012025\Options\BANKNIFTY30JAN2547000PE.NFO.csv
2025-10-27 10:26:31,490 [INFO] [root] [MainThread]: Successfully processed and saved: ProcessedParquet\banknifty_put_03012025.parquet
2025-10-27 10:26:31,493 [INFO] [root] [MainThread]: Started processing: GFDLNFO_TICK_03012025\Options\BANKNIFTY30JAN2547100PE.NFO.csv
2025-10-27 10:26:31,643 [INFO] [root] [MainThread]: Successfully processed and saved: ProcessedParquet\banknifty_put_03012025.parquet
2025-10-27 10:26:31,646 [INFO] [root] [MainThread]: Started processing: GFDLNFO_TICK_03012025\Options\BANKNIFTY30JAN2547200PE.NFO.csv
2025-10-27 10:26:31,804 [INFO] [root] [MainThread]: Successfully processed and saved: ProcessedParquet\banknifty_put_03012025.parquet
2025-10-27 10:26:31,807 [INFO] [root] [MainThread]: Started processing: GFDLNFO_TICK_03012025\Options\BANKNIFTY30JAN2547300PE.NFO.csv
2025-10-27 10:26:31,955 [INFO] [root] [MainThread]: Successfully processed and saved: ProcessedParquet\banknifty_put_03012025.parquet
2025-10-27 10:26:31,958 [INFO] [root] [MainThread]: Started processing: GFDLNFO_TICK_03012025\Options\BANKNIFTY30JAN2547400PE.NFO.csv
2025-10-27 10:26:32,117 [INFO] [root] [MainThread]: Successfully processed and saved: ProcessedParquet\banknifty_put_03012025.parquet
2025-10-27 10:26:32,120 [INFO] [root] [MainThread]: Started processing: GFDLNFO_TICK_03012025\Options\BANKNIFTY30JAN2547500PE.NFO.csv
2025-10-27 10:26:32,301 [INFO] [root] [MainThread]: Successfully processed and saved: ProcessedParquet\banknifty_put_03012025.parquet
2025-10-27 10:26:32,305 [INFO] [root] [MainThread]: Started processing: GFDLNFO_TICK_03012025\Options\BANKNIFTY30JAN2547600PE.NFO.csv
2025-10-27 10:26:32,470 [INFO] [root] [MainThread]: Successfully processed and saved: ProcessedParquet\banknifty_put_03012025.parquet
2025-10-27 10:26:32,473 [INFO] [root] [MainThread]: Started processing: GFDLNFO_TICK_03012025\Options\BANKNIFTY30JAN2547700PE.NFO.csv
2025-10-27 10:26:32,656 [INFO] [root] [MainThread]: Successfully processed and saved: ProcessedParquet\banknifty_put_03012025.parquet
2025-10-27 10:26:32,659 [INFO] [root] [MainThread]: Started processing: GFDLNFO_TICK_03012025\Options\BANKNIFTY30JAN2547800PE.NFO.csv
2025-10-27 10:26:32,838 [INFO] [root] [MainThread]: Successfully processed and saved: ProcessedParquet\banknifty_put_03012025.parquet
2025-10-27 10:26:32,842 [INFO] [root] [MainThread]: Started processing: GFDLNFO_TICK_03012025\Options\BANKNIFTY30JAN2547900PE.NFO.csv
2025-10-27 10:26:33,023 [INFO] [root] [MainThread]: Successfully processed and saved: ProcessedParquet\banknifty_put_03012025.parquet
2025-10-27 10:26:33,027 [INFO] [root] [MainThread]: Started processing: GFDLNFO_TICK_03012025\Options\BANKNIFTY30JAN2548000PE.NFO.csv
2025-10-27 10:26:33,236 [INFO] [root] [MainThread]: Successfully processed and saved: ProcessedParquet\banknifty_put_03012025.parquet
2025-10-27 10:26:33,239 [INFO] [root] [MainThread]: Started processing: GFDLNFO_TICK_03012025\Options\BANKNIFTY30JAN2548100PE.NFO.csv
2025-10-27 10:26:33,410 [INFO] [root] [MainThread]: Successfully processed and saved: ProcessedParquet\banknifty_put_03012025.parquet
2025-10-27 10:26:33,414 [INFO] [root] [MainThread]: Started processing: GFDLNFO_TICK_03012025\Options\BANKNIFTY30JAN2548200PE.NFO.csv
2025-10-27 10:26:33,579 [INFO] [root] [MainThread]: Successfully processed and saved: ProcessedParquet\banknifty_put_03012025.parquet
2025-10-27 10:26:33,582 [INFO] [root] [MainThread]: Started processing: GFDLNFO_TICK_03012025\Options\BANKNIFTY30JAN2548300PE.NFO.csv
2025-10-27 10:26:33,751 [INFO] [root] [MainThread]: Successfully processed and saved: ProcessedParquet\banknifty_put_03012025.parquet
2025-10-27 10:26:33,754 [INFO] [root] [MainThread]: Started processing: GFDLNFO_TICK_03012025\Options\BANKNIFTY30JAN2548400PE.NFO.csv
2025-10-27 10:26:33,932 [INFO] [root] [MainThread]: Successfully processed and saved: ProcessedParquet\banknifty_put_03012025.parquet
2025-10-27 10:26:33,936 [INFO] [root] [MainThread]: Started processing: GFDLNFO_TICK_03012025\Options\BANKNIFTY30JAN2548500PE.NFO.csv
2025-10-27 10:26:34,132 [INFO] [root] [MainThread]: Successfully processed and saved: ProcessedParquet\banknifty_put_03012025.parquet
2025-10-27 10:26:34,136 [INFO] [root] [MainThread]: Started processing: GFDLNFO_TICK_03012025\Options\BANKNIFTY30JAN2548600PE.NFO.csv
2025-10-27 10:26:34,319 [INFO] [root] [MainThread]: Successfully processed and saved: ProcessedParquet\banknifty_put_03012025.parquet
2025-10-27 10:26:34,324 [INFO] [root] [MainThread]: Started processing: GFDLNFO_TICK_03012025\Options\BANKNIFTY30JAN2548700PE.NFO.csv
2025-10-27 10:26:34,583 [INFO] [root] [MainThread]: Successfully processed and saved: ProcessedParquet\banknifty_put_03012025.parquet
2025-10-27 10:26:34,588 [INFO] [root] [MainThread]: Started processing: GFDLNFO_TICK_03012025\Options\BANKNIFTY30JAN2548800PE.NFO.csv
2025-10-27 10:26:34,792 [INFO] [root] [MainThread]: Successfully processed and saved: ProcessedParquet\banknifty_put_03012025.parquet
2025-10-27 10:26:34,797 [INFO] [root] [MainThread]: Started processing: GFDLNFO_TICK_03012025\Options\BANKNIFTY30JAN2548900PE.NFO.csv
2025-10-27 10:26:34,995 [INFO] [root] [MainThread]: Successfully processed and saved: ProcessedParquet\banknifty_put_03012025.parquet
2025-10-27 10:26:35,000 [INFO] [root] [MainThread]: Started processing: GFDLNFO_TICK_03012025\Options\BANKNIFTY30JAN2549000PE.NFO.csv
2025-10-27 10:26:35,231 [INFO] [root] [MainThread]: Successfully processed and saved: ProcessedParquet\banknifty_put_03012025.parquet
2025-10-27 10:26:35,236 [INFO] [root] [MainThread]: Started processing: GFDLNFO_TICK_03012025\Options\BANKNIFTY30JAN2549100PE.NFO.csv
2025-10-27 10:26:35,445 [INFO] [root] [MainThread]: Successfully processed and saved: ProcessedParquet\banknifty_put_03012025.parquet
2025-10-27 10:26:35,450 [INFO] [root] [MainThread]: Started processing: GFDLNFO_TICK_03012025\Options\BANKNIFTY30JAN2549200PE.NFO.csv
2025-10-27 10:26:35,663 [INFO] [root] [MainThread]: Successfully processed and saved: ProcessedParquet\banknifty_put_03012025.parquet
2025-10-27 10:26:35,668 [INFO] [root] [MainThread]: Started processing: GFDLNFO_TICK_03012025\Options\BANKNIFTY30JAN2549300PE.NFO.csv
2025-10-27 10:26:35,891 [INFO] [root] [MainThread]: Successfully processed and saved: ProcessedParquet\banknifty_put_03012025.parquet
2025-10-27 10:26:35,896 [INFO] [root] [MainThread]: Started processing: GFDLNFO_TICK_03012025\Options\BANKNIFTY30JAN2549400PE.NFO.csv
2025-10-27 10:26:36,114 [INFO] [root] [MainThread]: Successfully processed and saved: ProcessedParquet\banknifty_put_03012025.parquet
2025-10-27 10:26:36,119 [INFO] [root] [MainThread]: Started processing: GFDLNFO_TICK_03012025\Options\BANKNIFTY30JAN2549500PE.NFO.csv
2025-10-27 10:26:36,378 [INFO] [root] [MainThread]: Successfully processed and saved: ProcessedParquet\banknifty_put_03012025.parquet
2025-10-27 10:26:36,384 [INFO] [root] [MainThread]: Started processing: GFDLNFO_TICK_03012025\Options\BANKNIFTY30JAN2549600PE.NFO.csv
2025-10-27 10:26:36,619 [INFO] [root] [MainThread]: Successfully processed and saved: ProcessedParquet\banknifty_put_03012025.parquet
2025-10-27 10:26:36,625 [INFO] [root] [MainThread]: Started processing: GFDLNFO_TICK_03012025\Options\BANKNIFTY30JAN2549700PE.NFO.csv
2025-10-27 10:26:36,853 [INFO] [root] [MainThread]: Successfully processed and saved: ProcessedParquet\banknifty_put_03012025.parquet
2025-10-27 10:26:36,859 [INFO] [root] [MainThread]: Started processing: GFDLNFO_TICK_03012025\Options\BANKNIFTY30JAN2549800PE.NFO.csv
2025-10-27 10:26:37,107 [INFO] [root] [MainThread]: Successfully processed and saved: ProcessedParquet\banknifty_put_03012025.parquet
2025-10-27 10:26:37,114 [INFO] [root] [MainThread]: Started processing: GFDLNFO_TICK_03012025\Options\BANKNIFTY30JAN2549900PE.NFO.csv
2025-10-27 10:26:37,370 [INFO] [root] [MainThread]: Successfully processed and saved: ProcessedParquet\banknifty_put_03012025.parquet
2025-10-27 10:26:37,376 [INFO] [root] [MainThread]: Started processing: GFDLNFO_TICK_03012025\Options\BANKNIFTY30JAN2550000PE.NFO.csv
2025-10-27 10:26:37,661 [INFO] [root] [MainThread]: Successfully processed and saved: ProcessedParquet\banknifty_put_03012025.parquet
2025-10-27 10:26:37,667 [INFO] [root] [MainThread]: Started processing: GFDLNFO_TICK_03012025\Options\BANKNIFTY30JAN2550100PE.NFO.csv
2025-10-27 10:26:37,935 [INFO] [root] [MainThread]: Successfully processed and saved: ProcessedParquet\banknifty_put_03012025.parquet
2025-10-27 10:26:37,942 [INFO] [root] [MainThread]: Started processing: GFDLNFO_TICK_03012025\Options\BANKNIFTY30JAN2550200PE.NFO.csv
2025-10-27 10:26:38,217 [INFO] [root] [MainThread]: Successfully processed and saved: ProcessedParquet\banknifty_put_03012025.parquet
2025-10-27 10:26:38,224 [INFO] [root] [MainThread]: Started processing: GFDLNFO_TICK_03012025\Options\BANKNIFTY30JAN2550300PE.NFO.csv
2025-10-27 10:26:38,507 [INFO] [root] [MainThread]: Successfully processed and saved: ProcessedParquet\banknifty_put_03012025.parquet
2025-10-27 10:26:38,515 [INFO] [root] [MainThread]: Started processing: GFDLNFO_TICK_03012025\Options\BANKNIFTY30JAN2550400PE.NFO.csv
2025-10-27 10:26:38,795 [INFO] [root] [MainThread]: Successfully processed and saved: ProcessedParquet\banknifty_put_03012025.parquet
2025-10-27 10:26:38,802 [INFO] [root] [MainThread]: Started processing: GFDLNFO_TICK_03012025\Options\BANKNIFTY30JAN2550500PE.NFO.csv
2025-10-27 10:26:39,124 [INFO] [root] [MainThread]: Successfully processed and saved: ProcessedParquet\banknifty_put_03012025.parquet
2025-10-27 10:26:39,132 [INFO] [root] [MainThread]: Started processing: GFDLNFO_TICK_03012025\Options\BANKNIFTY30JAN2550600PE.NFO.csv
2025-10-27 10:26:39,432 [INFO] [root] [MainThread]: Successfully processed and saved: ProcessedParquet\banknifty_put_03012025.parquet
2025-10-27 10:26:39,439 [INFO] [root] [MainThread]: Started processing: GFDLNFO_TICK_03012025\Options\BANKNIFTY30JAN2550700PE.NFO.csv
2025-10-27 10:26:39,759 [INFO] [root] [MainThread]: Successfully processed and saved: ProcessedParquet\banknifty_put_03012025.parquet
2025-10-27 10:26:39,766 [INFO] [root] [MainThread]: Started processing: GFDLNFO_TICK_03012025\Options\BANKNIFTY30JAN2550800PE.NFO.csv
2025-10-27 10:26:40,191 [INFO] [root] [MainThread]: Successfully processed and saved: ProcessedParquet\banknifty_put_03012025.parquet
2025-10-27 10:26:40,198 [INFO] [root] [MainThread]: Started processing: GFDLNFO_TICK_03012025\Options\BANKNIFTY30JAN2550900PE.NFO.csv
2025-10-27 10:26:40,551 [INFO] [root] [MainThread]: Successfully processed and saved: ProcessedParquet\banknifty_put_03012025.parquet
2025-10-27 10:26:40,559 [INFO] [root] [MainThread]: Started processing: GFDLNFO_TICK_03012025\Options\BANKNIFTY30JAN2551000PE.NFO.csv
2025-10-27 10:26:40,916 [INFO] [root] [MainThread]: Successfully processed and saved: ProcessedParquet\banknifty_put_03012025.parquet
2025-10-27 10:26:40,924 [INFO] [root] [MainThread]: Started processing: GFDLNFO_TICK_03012025\Options\BANKNIFTY30JAN2551100PE.NFO.csv
2025-10-27 10:26:41,293 [INFO] [root] [MainThread]: Successfully processed and saved: ProcessedParquet\banknifty_put_03012025.parquet
2025-10-27 10:26:41,301 [INFO] [root] [MainThread]: Started processing: GFDLNFO_TICK_03012025\Options\BANKNIFTY30JAN2551200PE.NFO.csv
2025-10-27 10:26:41,680 [INFO] [root] [MainThread]: Successfully processed and saved: ProcessedParquet\banknifty_put_03012025.parquet
2025-10-27 10:26:41,689 [INFO] [root] [MainThread]: Started processing: GFDLNFO_TICK_03012025\Options\BANKNIFTY30JAN2551300PE.NFO.csv
2025-10-27 10:26:42,072 [INFO] [root] [MainThread]: Successfully processed and saved: ProcessedParquet\banknifty_put_03012025.parquet
2025-10-27 10:26:42,081 [INFO] [root] [MainThread]: Started processing: GFDLNFO_TICK_03012025\Options\BANKNIFTY30JAN2551400PE.NFO.csv
2025-10-27 10:26:42,475 [INFO] [root] [MainThread]: Successfully processed and saved: ProcessedParquet\banknifty_put_03012025.parquet
2025-10-27 10:26:42,485 [INFO] [root] [MainThread]: Started processing: GFDLNFO_TICK_03012025\Options\BANKNIFTY30JAN2551500PE.NFO.csv
2025-10-27 10:26:42,908 [INFO] [root] [MainThread]: Successfully processed and saved: ProcessedParquet\banknifty_put_03012025.parquet
2025-10-27 10:26:42,918 [INFO] [root] [MainThread]: Started processing: GFDLNFO_TICK_03012025\Options\BANKNIFTY30JAN2551600PE.NFO.csv
2025-10-27 10:26:43,319 [INFO] [root] [MainThread]: Successfully processed and saved: ProcessedParquet\banknifty_put_03012025.parquet
2025-10-27 10:26:43,329 [INFO] [root] [MainThread]: Started processing: GFDLNFO_TICK_03012025\Options\BANKNIFTY30JAN2551700PE.NFO.csv
2025-10-27 10:26:43,733 [INFO] [root] [MainThread]: Successfully processed and saved: ProcessedParquet\banknifty_put_03012025.parquet
2025-10-27 10:26:43,743 [INFO] [root] [MainThread]: Started processing: GFDLNFO_TICK_03012025\Options\BANKNIFTY30JAN2551800PE.NFO.csv
2025-10-27 10:26:44,153 [INFO] [root] [MainThread]: Successfully processed and saved: ProcessedParquet\banknifty_put_03012025.parquet
2025-10-27 10:26:44,163 [INFO] [root] [MainThread]: Started processing: GFDLNFO_TICK_03012025\Options\BANKNIFTY30JAN2551900PE.NFO.csv
2025-10-27 10:26:44,567 [INFO] [root] [MainThread]: Successfully processed and saved: ProcessedParquet\banknifty_put_03012025.parquet
2025-10-27 10:26:44,577 [INFO] [root] [MainThread]: Started processing: GFDLNFO_TICK_03012025\Options\BANKNIFTY30JAN2552000PE.NFO.csv
2025-10-27 10:26:44,991 [INFO] [root] [MainThread]: Successfully processed and saved: ProcessedParquet\banknifty_put_03012025.parquet
2025-10-27 10:26:45,004 [INFO] [root] [MainThread]: Started processing: GFDLNFO_TICK_03012025\Options\BANKNIFTY30JAN2552100PE.NFO.csv
2025-10-27 10:26:45,415 [INFO] [root] [MainThread]: Successfully processed and saved: ProcessedParquet\banknifty_put_03012025.parquet
2025-10-27 10:26:45,425 [INFO] [root] [MainThread]: Started processing: GFDLNFO_TICK_03012025\Options\BANKNIFTY30JAN2552200PE.NFO.csv
2025-10-27 10:26:45,834 [INFO] [root] [MainThread]: Successfully processed and saved: ProcessedParquet\banknifty_put_03012025.parquet
2025-10-27 10:26:45,844 [INFO] [root] [MainThread]: Started processing: GFDLNFO_TICK_03012025\Options\BANKNIFTY30JAN2552300PE.NFO.csv
2025-10-27 10:26:46,243 [INFO] [root] [MainThread]: Successfully processed and saved: ProcessedParquet\banknifty_put_03012025.parquet
2025-10-27 10:26:46,253 [INFO] [root] [MainThread]: Started processing: GFDLNFO_TICK_03012025\Options\BANKNIFTY30JAN2552400PE.NFO.csv
2025-10-27 10:26:46,655 [INFO] [root] [MainThread]: Successfully processed and saved: ProcessedParquet\banknifty_put_03012025.parquet
2025-10-27 10:26:46,665 [INFO] [root] [MainThread]: Started processing: GFDLNFO_TICK_03012025\Options\BANKNIFTY30JAN2552500PE.NFO.csv
2025-10-27 10:26:47,073 [INFO] [root] [MainThread]: Successfully processed and saved: ProcessedParquet\banknifty_put_03012025.parquet
2025-10-27 10:26:47,083 [INFO] [root] [MainThread]: Started processing: GFDLNFO_TICK_03012025\Options\BANKNIFTY30JAN2552600PE.NFO.csv
2025-10-27 10:26:47,471 [INFO] [root] [MainThread]: Successfully processed and saved: ProcessedParquet\banknifty_put_03012025.parquet
2025-10-27 10:26:47,482 [INFO] [root] [MainThread]: Started processing: GFDLNFO_TICK_03012025\Options\BANKNIFTY30JAN2552700PE.NFO.csv
2025-10-27 10:26:47,871 [INFO] [root] [MainThread]: Successfully processed and saved: ProcessedParquet\banknifty_put_03012025.parquet
2025-10-27 10:26:47,882 [INFO] [root] [MainThread]: Started processing: GFDLNFO_TICK_03012025\Options\BANKNIFTY30JAN2552800PE.NFO.csv
2025-10-27 10:26:48,284 [INFO] [root] [MainThread]: Successfully processed and saved: ProcessedParquet\banknifty_put_03012025.parquet
2025-10-27 10:26:48,294 [INFO] [root] [MainThread]: Started processing: GFDLNFO_TICK_03012025\Options\BANKNIFTY30JAN2552900PE.NFO.csv
2025-10-27 10:26:48,694 [INFO] [root] [MainThread]: Successfully processed and saved: ProcessedParquet\banknifty_put_03012025.parquet
2025-10-27 10:26:48,704 [INFO] [root] [MainThread]: Started processing: GFDLNFO_TICK_03012025\Options\BANKNIFTY30JAN2553000PE.NFO.csv
2025-10-27 10:26:49,123 [INFO] [root] [MainThread]: Successfully processed and saved: ProcessedParquet\banknifty_put_03012025.parquet
2025-10-27 10:26:49,134 [INFO] [root] [MainThread]: Started processing: GFDLNFO_TICK_03012025\Options\BANKNIFTY30JAN2553100PE.NFO.csv
2025-10-27 10:26:49,537 [INFO] [root] [MainThread]: Successfully processed and saved: ProcessedParquet\banknifty_put_03012025.parquet
2025-10-27 10:26:49,547 [INFO] [root] [MainThread]: Started processing: GFDLNFO_TICK_03012025\Options\BANKNIFTY30JAN2553200PE.NFO.csv
2025-10-27 10:26:49,944 [INFO] [root] [MainThread]: Successfully processed and saved: ProcessedParquet\banknifty_put_03012025.parquet
2025-10-27 10:26:49,955 [INFO] [root] [MainThread]: Started processing: GFDLNFO_TICK_03012025\Options\BANKNIFTY30JAN2553300PE.NFO.csv
2025-10-27 10:26:50,352 [INFO] [root] [MainThread]: Successfully processed and saved: ProcessedParquet\banknifty_put_03012025.parquet
2025-10-27 10:26:50,362 [INFO] [root] [MainThread]: Started processing: GFDLNFO_TICK_03012025\Options\BANKNIFTY30JAN2553400PE.NFO.csv
2025-10-27 10:26:50,769 [INFO] [root] [MainThread]: Successfully processed and saved: ProcessedParquet\banknifty_put_03012025.parquet
2025-10-27 10:26:50,780 [INFO] [root] [MainThread]: Started processing: GFDLNFO_TICK_03012025\Options\BANKNIFTY30JAN2553500PE.NFO.csv
2025-10-27 10:26:51,179 [INFO] [root] [MainThread]: Successfully processed and saved: ProcessedParquet\banknifty_put_03012025.parquet
2025-10-27 10:26:51,189 [INFO] [root] [MainThread]: Started processing: GFDLNFO_TICK_03012025\Options\BANKNIFTY30JAN2553600PE.NFO.csv
2025-10-27 10:26:51,604 [INFO] [root] [MainThread]: Successfully processed and saved: ProcessedParquet\banknifty_put_03012025.parquet
2025-10-27 10:26:51,615 [INFO] [root] [MainThread]: Started processing: GFDLNFO_TICK_03012025\Options\BANKNIFTY30JAN2553700PE.NFO.csv
2025-10-27 10:26:52,007 [INFO] [root] [MainThread]: Successfully processed and saved: ProcessedParquet\banknifty_put_03012025.parquet
2025-10-27 10:26:52,018 [INFO] [root] [MainThread]: Started processing: GFDLNFO_TICK_03012025\Options\BANKNIFTY30JAN2553800PE.NFO.csv
2025-10-27 10:26:52,430 [INFO] [root] [MainThread]: Successfully processed and saved: ProcessedParquet\banknifty_put_03012025.parquet
2025-10-27 10:26:52,441 [INFO] [root] [MainThread]: Started processing: GFDLNFO_TICK_03012025\Options\BANKNIFTY30JAN2553900PE.NFO.csv
2025-10-27 10:26:52,819 [INFO] [root] [MainThread]: Successfully processed and saved: ProcessedParquet\banknifty_put_03012025.parquet
2025-10-27 10:26:52,829 [INFO] [root] [MainThread]: Started processing: GFDLNFO_TICK_03012025\Options\BANKNIFTY30JAN2554000PE.NFO.csv
2025-10-27 10:26:53,225 [INFO] [root] [MainThread]: Successfully processed and saved: ProcessedParquet\banknifty_put_03012025.parquet
2025-10-27 10:26:53,237 [INFO] [root] [MainThread]: Started processing: GFDLNFO_TICK_03012025\Options\BANKNIFTY30JAN2554100PE.NFO.csv
2025-10-27 10:26:53,616 [INFO] [root] [MainThread]: Successfully processed and saved: ProcessedParquet\banknifty_put_03012025.parquet
2025-10-27 10:26:53,626 [INFO] [root] [MainThread]: Started processing: GFDLNFO_TICK_03012025\Options\BANKNIFTY30JAN2554200PE.NFO.csv
2025-10-27 10:26:54,023 [INFO] [root] [MainThread]: Successfully processed and saved: ProcessedParquet\banknifty_put_03012025.parquet
2025-10-27 10:26:54,033 [INFO] [root] [MainThread]: Started processing: GFDLNFO_TICK_03012025\Options\BANKNIFTY30JAN2554400PE.NFO.csv
2025-10-27 10:26:54,436 [INFO] [root] [MainThread]: Successfully processed and saved: ProcessedParquet\banknifty_put_03012025.parquet
2025-10-27 10:26:54,446 [INFO] [root] [MainThread]: Started processing: GFDLNFO_TICK_03012025\Options\BANKNIFTY30JAN2554500PE.NFO.csv
2025-10-27 10:26:54,859 [INFO] [root] [MainThread]: Successfully processed and saved: ProcessedParquet\banknifty_put_03012025.parquet
2025-10-27 10:26:54,869 [INFO] [root] [MainThread]: Started processing: GFDLNFO_TICK_03012025\Options\BANKNIFTY30JAN2554700PE.NFO.csv
2025-10-27 10:26:55,269 [INFO] [root] [MainThread]: Successfully processed and saved: ProcessedParquet\banknifty_put_03012025.parquet
2025-10-27 10:26:55,279 [INFO] [root] [MainThread]: Started processing: GFDLNFO_TICK_03012025\Options\BANKNIFTY30JAN2555000PE.NFO.csv
2025-10-27 10:26:55,703 [INFO] [root] [MainThread]: Successfully processed and saved: ProcessedParquet\banknifty_put_03012025.parquet
2025-10-27 10:26:55,714 [INFO] [root] [MainThread]: Started processing: GFDLNFO_TICK_03012025\Options\BANKNIFTY30JAN2555100PE.NFO.csv
2025-10-27 10:26:56,096 [INFO] [root] [MainThread]: Successfully processed and saved: ProcessedParquet\banknifty_put_03012025.parquet
2025-10-27 10:26:56,108 [INFO] [root] [MainThread]: Started processing: GFDLNFO_TICK_03012025\Options\BANKNIFTY30JAN2555200PE.NFO.csv
2025-10-27 10:26:56,497 [INFO] [root] [MainThread]: Successfully processed and saved: ProcessedParquet\banknifty_put_03012025.parquet
2025-10-27 10:26:56,508 [INFO] [root] [MainThread]: Started processing: GFDLNFO_TICK_03012025\Options\BANKNIFTY30JAN2555500PE.NFO.csv
2025-10-27 10:26:56,913 [INFO] [root] [MainThread]: Successfully processed and saved: ProcessedParquet\banknifty_put_03012025.parquet
2025-10-27 10:26:56,925 [INFO] [root] [MainThread]: Started processing: GFDLNFO_TICK_03012025\Options\BANKNIFTY30JAN2556000PE.NFO.csv
2025-10-27 10:26:57,345 [INFO] [root] [MainThread]: Successfully processed and saved: ProcessedParquet\banknifty_put_03012025.parquet
2025-10-27 10:26:57,355 [INFO] [root] [MainThread]: Started processing: GFDLNFO_TICK_03012025\Options\BANKNIFTY30JAN2556500PE.NFO.csv
2025-10-27 10:26:57,768 [INFO] [root] [MainThread]: Successfully processed and saved: ProcessedParquet\banknifty_put_03012025.parquet
2025-10-27 10:26:57,779 [INFO] [root] [MainThread]: Started processing: GFDLNFO_TICK_03012025\Options\BANKNIFTY30JAN2557000PE.NFO.csv
2025-10-27 10:26:58,179 [INFO] [root] [MainThread]: Successfully processed and saved: ProcessedParquet\banknifty_put_03012025.parquet
2025-10-27 10:26:58,189 [INFO] [root] [MainThread]: Started processing: GFDLNFO_TICK_03012025\Options\BANKNIFTY30JAN2558000PE.NFO.csv
2025-10-27 10:26:58,584 [INFO] [root] [MainThread]: Successfully processed and saved: ProcessedParquet\banknifty_put_03012025.parquet
2025-10-27 10:26:58,594 [INFO] [root] [MainThread]: Started processing: GFDLNFO_TICK_03012025\Options\BANKNIFTY30JAN2560000PE.NFO.csv
2025-10-27 10:26:59,004 [INFO] [root] [MainThread]: Successfully processed and saved: ProcessedParquet\banknifty_put_03012025.parquet
2025-10-27 10:26:59,015 [INFO] [root] [MainThread]: Started processing: GFDLNFO_TICK_03012025\Options\BANKNIFTY30JAN2561000PE.NFO.csv
2025-10-27 10:26:59,421 [INFO] [root] [MainThread]: Successfully processed and saved: ProcessedParquet\banknifty_put_03012025.parquet
2025-10-27 10:26:59,432 [INFO] [root] [MainThread]: Utility stopped.
