2025-10-27 20:33:16,858 [INFO] [root] [MainThread]: Utility started.
2025-10-27 20:33:16,859 [INFO] [root] [MainThread]: Processing MIDCPNIFTY from NFO exchange
2025-10-27 20:33:16,859 [INFO] [root] [MainThread]: Detected yearly folder structure in NFO\GFDLNFO_TICK_03012025
2025-10-27 20:33:17,552 [INFO] [root] [MainThread]: No date subfolders found, extracted date 03012025 from parent folder: GFDLNFO_TICK_03012025
2025-10-27 20:33:17,553 [INFO] [root] [MainThread]: Got following folder info {'03012025': {'NFO\\GFDLNFO_TICK_03012025'}} for processing {'index': 'MIDCPNIFTY', 'instrument_type': 'call'}.
2025-10-27 20:33:17,553 [INFO] [root] [MainThread]: Started processing folder: NFO\GFDLNFO_TICK_03012025 for {'index': 'MIDCPNIFTY', 'instrument_type': 'call'}, date: 03012025
2025-10-27 20:33:17,597 [INFO] [root] [MainThread]: Found 67 call option files to process for MIDCPNIFTY.
2025-10-27 20:33:17,597 [INFO] [root] [MainThread]: Started processing: NFO\GFDLNFO_TICK_03012025\Options\MIDCPNIFTY27FEB2513000CE.NFO.csv
2025-10-27 20:33:17,643 [INFO] [root] [MainThread]: Successfully processed: NFO\GFDLNFO_TICK_03012025\Options\MIDCPNIFTY27FEB2513000CE.NFO.csv
2025-10-27 20:33:17,643 [INFO] [root] [MainThread]: Started processing: NFO\GFDLNFO_TICK_03012025\Options\MIDCPNIFTY27FEB2513400CE.NFO.csv
2025-10-27 20:33:17,659 [INFO] [root] [MainThread]: Successfully processed: NFO\GFDLNFO_TICK_03012025\Options\MIDCPNIFTY27FEB2513400CE.NFO.csv
2025-10-27 20:33:17,660 [INFO] [root] [MainThread]: Started processing: NFO\GFDLNFO_TICK_03012025\Options\MIDCPNIFTY27FEB2513500CE.NFO.csv
2025-10-27 20:33:17,676 [INFO] [root] [MainThread]: Successfully processed: NFO\GFDLNFO_TICK_03012025\Options\MIDCPNIFTY27FEB2513500CE.NFO.csv
2025-10-27 20:33:17,676 [INFO] [root] [MainThread]: Started processing: NFO\GFDLNFO_TICK_03012025\Options\MIDCPNIFTY27FEB2514600CE.NFO.csv
2025-10-27 20:33:17,691 [INFO] [root] [MainThread]: Successfully processed: NFO\GFDLNFO_TICK_03012025\Options\MIDCPNIFTY27FEB2514600CE.NFO.csv
2025-10-27 20:33:17,692 [INFO] [root] [MainThread]: Started processing: NFO\GFDLNFO_TICK_03012025\Options\MIDCPNIFTY27FEB2514700CE.NFO.csv
2025-10-27 20:33:17,707 [INFO] [root] [MainThread]: Successfully processed: NFO\GFDLNFO_TICK_03012025\Options\MIDCPNIFTY27FEB2514700CE.NFO.csv
2025-10-27 20:33:17,708 [INFO] [root] [MainThread]: Started processing: NFO\GFDLNFO_TICK_03012025\Options\MIDCPNIFTY30JAN2512500CE.NFO.csv
2025-10-27 20:33:17,760 [INFO] [root] [MainThread]: Successfully processed: NFO\GFDLNFO_TICK_03012025\Options\MIDCPNIFTY30JAN2512500CE.NFO.csv
2025-10-27 20:33:17,760 [INFO] [root] [MainThread]: Started processing: NFO\GFDLNFO_TICK_03012025\Options\MIDCPNIFTY30JAN2512525CE.NFO.csv
2025-10-27 20:33:17,798 [INFO] [root] [MainThread]: Successfully processed: NFO\GFDLNFO_TICK_03012025\Options\MIDCPNIFTY30JAN2512525CE.NFO.csv
2025-10-27 20:33:17,798 [INFO] [root] [MainThread]: Started processing: NFO\GFDLNFO_TICK_03012025\Options\MIDCPNIFTY30JAN2512600CE.NFO.csv
2025-10-27 20:33:17,846 [INFO] [root] [MainThread]: Successfully processed: NFO\GFDLNFO_TICK_03012025\Options\MIDCPNIFTY30JAN2512600CE.NFO.csv
2025-10-27 20:33:17,846 [INFO] [root] [MainThread]: Started processing: NFO\GFDLNFO_TICK_03012025\Options\MIDCPNIFTY30JAN2512700CE.NFO.csv
2025-10-27 20:33:17,903 [INFO] [root] [MainThread]: Successfully processed: NFO\GFDLNFO_TICK_03012025\Options\MIDCPNIFTY30JAN2512700CE.NFO.csv
2025-10-27 20:33:17,903 [INFO] [root] [MainThread]: Started processing: NFO\GFDLNFO_TICK_03012025\Options\MIDCPNIFTY30JAN2512725CE.NFO.csv
2025-10-27 20:33:17,978 [INFO] [root] [MainThread]: Successfully processed: NFO\GFDLNFO_TICK_03012025\Options\MIDCPNIFTY30JAN2512725CE.NFO.csv
2025-10-27 20:33:17,978 [INFO] [root] [MainThread]: Started processing: NFO\GFDLNFO_TICK_03012025\Options\MIDCPNIFTY30JAN2512750CE.NFO.csv
2025-10-27 20:33:18,035 [INFO] [root] [MainThread]: Successfully processed: NFO\GFDLNFO_TICK_03012025\Options\MIDCPNIFTY30JAN2512750CE.NFO.csv
2025-10-27 20:33:18,035 [INFO] [root] [MainThread]: Started processing: NFO\GFDLNFO_TICK_03012025\Options\MIDCPNIFTY30JAN2512775CE.NFO.csv
2025-10-27 20:33:18,114 [INFO] [root] [MainThread]: Successfully processed: NFO\GFDLNFO_TICK_03012025\Options\MIDCPNIFTY30JAN2512775CE.NFO.csv
2025-10-27 20:33:18,114 [INFO] [root] [MainThread]: Started processing: NFO\GFDLNFO_TICK_03012025\Options\MIDCPNIFTY30JAN2512800CE.NFO.csv
2025-10-27 20:33:18,177 [INFO] [root] [MainThread]: Successfully processed: NFO\GFDLNFO_TICK_03012025\Options\MIDCPNIFTY30JAN2512800CE.NFO.csv
2025-10-27 20:33:18,177 [INFO] [root] [MainThread]: Started processing: NFO\GFDLNFO_TICK_03012025\Options\MIDCPNIFTY30JAN2512825CE.NFO.csv
2025-10-27 20:33:18,247 [INFO] [root] [MainThread]: Successfully processed: NFO\GFDLNFO_TICK_03012025\Options\MIDCPNIFTY30JAN2512825CE.NFO.csv
2025-10-27 20:33:18,247 [INFO] [root] [MainThread]: Started processing: NFO\GFDLNFO_TICK_03012025\Options\MIDCPNIFTY30JAN2512850CE.NFO.csv
2025-10-27 20:33:18,304 [INFO] [root] [MainThread]: Successfully processed: NFO\GFDLNFO_TICK_03012025\Options\MIDCPNIFTY30JAN2512850CE.NFO.csv
2025-10-27 20:33:18,304 [INFO] [root] [MainThread]: Started processing: NFO\GFDLNFO_TICK_03012025\Options\MIDCPNIFTY30JAN2512875CE.NFO.csv
2025-10-27 20:33:18,373 [INFO] [root] [MainThread]: Successfully processed: NFO\GFDLNFO_TICK_03012025\Options\MIDCPNIFTY30JAN2512875CE.NFO.csv
2025-10-27 20:33:18,374 [INFO] [root] [MainThread]: Started processing: NFO\GFDLNFO_TICK_03012025\Options\MIDCPNIFTY30JAN2512900CE.NFO.csv
2025-10-27 20:33:18,450 [INFO] [root] [MainThread]: Successfully processed: NFO\GFDLNFO_TICK_03012025\Options\MIDCPNIFTY30JAN2512900CE.NFO.csv
2025-10-27 20:33:18,450 [INFO] [root] [MainThread]: Started processing: NFO\GFDLNFO_TICK_03012025\Options\MIDCPNIFTY30JAN2512925CE.NFO.csv
2025-10-27 20:33:18,515 [INFO] [root] [MainThread]: Successfully processed: NFO\GFDLNFO_TICK_03012025\Options\MIDCPNIFTY30JAN2512925CE.NFO.csv
2025-10-27 20:33:18,516 [INFO] [root] [MainThread]: Started processing: NFO\GFDLNFO_TICK_03012025\Options\MIDCPNIFTY30JAN2512950CE.NFO.csv
2025-10-27 20:33:18,578 [INFO] [root] [MainThread]: Successfully processed: NFO\GFDLNFO_TICK_03012025\Options\MIDCPNIFTY30JAN2512950CE.NFO.csv
2025-10-27 20:33:18,578 [INFO] [root] [MainThread]: Started processing: NFO\GFDLNFO_TICK_03012025\Options\MIDCPNIFTY30JAN2512975CE.NFO.csv
2025-10-27 20:33:18,649 [INFO] [root] [MainThread]: Successfully processed: NFO\GFDLNFO_TICK_03012025\Options\MIDCPNIFTY30JAN2512975CE.NFO.csv
2025-10-27 20:33:18,650 [INFO] [root] [MainThread]: Started processing: NFO\GFDLNFO_TICK_03012025\Options\MIDCPNIFTY30JAN2513000CE.NFO.csv
2025-10-27 20:33:18,775 [INFO] [root] [MainThread]: Successfully processed: NFO\GFDLNFO_TICK_03012025\Options\MIDCPNIFTY30JAN2513000CE.NFO.csv
2025-10-27 20:33:18,775 [INFO] [root] [MainThread]: Started processing: NFO\GFDLNFO_TICK_03012025\Options\MIDCPNIFTY30JAN2513025CE.NFO.csv
2025-10-27 20:33:18,917 [INFO] [root] [MainThread]: Successfully processed: NFO\GFDLNFO_TICK_03012025\Options\MIDCPNIFTY30JAN2513025CE.NFO.csv
2025-10-27 20:33:18,917 [INFO] [root] [MainThread]: Started processing: NFO\GFDLNFO_TICK_03012025\Options\MIDCPNIFTY30JAN2513050CE.NFO.csv
2025-10-27 20:33:19,065 [INFO] [root] [MainThread]: Successfully processed: NFO\GFDLNFO_TICK_03012025\Options\MIDCPNIFTY30JAN2513050CE.NFO.csv
2025-10-27 20:33:19,065 [INFO] [root] [MainThread]: Started processing: NFO\GFDLNFO_TICK_03012025\Options\MIDCPNIFTY30JAN2513075CE.NFO.csv
2025-10-27 20:33:19,225 [INFO] [root] [MainThread]: Successfully processed: NFO\GFDLNFO_TICK_03012025\Options\MIDCPNIFTY30JAN2513075CE.NFO.csv
2025-10-27 20:33:19,225 [INFO] [root] [MainThread]: Started processing: NFO\GFDLNFO_TICK_03012025\Options\MIDCPNIFTY30JAN2513100CE.NFO.csv
2025-10-27 20:33:19,446 [INFO] [root] [MainThread]: Successfully processed: NFO\GFDLNFO_TICK_03012025\Options\MIDCPNIFTY30JAN2513100CE.NFO.csv
2025-10-27 20:33:19,446 [INFO] [root] [MainThread]: Started processing: NFO\GFDLNFO_TICK_03012025\Options\MIDCPNIFTY30JAN2513125CE.NFO.csv
2025-10-27 20:33:19,622 [INFO] [root] [MainThread]: Successfully processed: NFO\GFDLNFO_TICK_03012025\Options\MIDCPNIFTY30JAN2513125CE.NFO.csv
2025-10-27 20:33:19,623 [INFO] [root] [MainThread]: Started processing: NFO\GFDLNFO_TICK_03012025\Options\MIDCPNIFTY30JAN2513150CE.NFO.csv
2025-10-27 20:33:19,774 [INFO] [root] [MainThread]: Successfully processed: NFO\GFDLNFO_TICK_03012025\Options\MIDCPNIFTY30JAN2513150CE.NFO.csv
2025-10-27 20:33:19,774 [INFO] [root] [MainThread]: Started processing: NFO\GFDLNFO_TICK_03012025\Options\MIDCPNIFTY30JAN2513175CE.NFO.csv
2025-10-27 20:33:19,910 [INFO] [root] [MainThread]: Successfully processed: NFO\GFDLNFO_TICK_03012025\Options\MIDCPNIFTY30JAN2513175CE.NFO.csv
2025-10-27 20:33:19,911 [INFO] [root] [MainThread]: Started processing: NFO\GFDLNFO_TICK_03012025\Options\MIDCPNIFTY30JAN2513200CE.NFO.csv
2025-10-27 20:33:20,125 [INFO] [root] [MainThread]: Successfully processed: NFO\GFDLNFO_TICK_03012025\Options\MIDCPNIFTY30JAN2513200CE.NFO.csv
2025-10-27 20:33:20,125 [INFO] [root] [MainThread]: Started processing: NFO\GFDLNFO_TICK_03012025\Options\MIDCPNIFTY30JAN2513225CE.NFO.csv
2025-10-27 20:33:20,280 [INFO] [root] [MainThread]: Successfully processed: NFO\GFDLNFO_TICK_03012025\Options\MIDCPNIFTY30JAN2513225CE.NFO.csv
2025-10-27 20:33:20,280 [INFO] [root] [MainThread]: Started processing: NFO\GFDLNFO_TICK_03012025\Options\MIDCPNIFTY30JAN2513250CE.NFO.csv
2025-10-27 20:33:20,408 [INFO] [root] [MainThread]: Successfully processed: NFO\GFDLNFO_TICK_03012025\Options\MIDCPNIFTY30JAN2513250CE.NFO.csv
2025-10-27 20:33:20,408 [INFO] [root] [MainThread]: Started processing: NFO\GFDLNFO_TICK_03012025\Options\MIDCPNIFTY30JAN2513275CE.NFO.csv
2025-10-27 20:33:20,534 [INFO] [root] [MainThread]: Successfully processed: NFO\GFDLNFO_TICK_03012025\Options\MIDCPNIFTY30JAN2513275CE.NFO.csv
2025-10-27 20:33:20,534 [INFO] [root] [MainThread]: Started processing: NFO\GFDLNFO_TICK_03012025\Options\MIDCPNIFTY30JAN2513300CE.NFO.csv
2025-10-27 20:33:21,093 [INFO] [root] [MainThread]: Successfully processed: NFO\GFDLNFO_TICK_03012025\Options\MIDCPNIFTY30JAN2513300CE.NFO.csv
2025-10-27 20:33:21,096 [INFO] [root] [MainThread]: Started processing: NFO\GFDLNFO_TICK_03012025\Options\MIDCPNIFTY30JAN2513325CE.NFO.csv
2025-10-27 20:33:21,314 [INFO] [root] [MainThread]: Successfully processed: NFO\GFDLNFO_TICK_03012025\Options\MIDCPNIFTY30JAN2513325CE.NFO.csv
2025-10-27 20:33:21,315 [INFO] [root] [MainThread]: Started processing: NFO\GFDLNFO_TICK_03012025\Options\MIDCPNIFTY30JAN2513350CE.NFO.csv
2025-10-27 20:33:21,564 [INFO] [root] [MainThread]: Successfully processed: NFO\GFDLNFO_TICK_03012025\Options\MIDCPNIFTY30JAN2513350CE.NFO.csv
2025-10-27 20:33:21,565 [INFO] [root] [MainThread]: Started processing: NFO\GFDLNFO_TICK_03012025\Options\MIDCPNIFTY30JAN2513375CE.NFO.csv
2025-10-27 20:33:21,883 [INFO] [root] [MainThread]: Successfully processed: NFO\GFDLNFO_TICK_03012025\Options\MIDCPNIFTY30JAN2513375CE.NFO.csv
2025-10-27 20:33:21,883 [INFO] [root] [MainThread]: Started processing: NFO\GFDLNFO_TICK_03012025\Options\MIDCPNIFTY30JAN2513400CE.NFO.csv
2025-10-27 20:33:22,360 [INFO] [root] [MainThread]: Successfully processed: NFO\GFDLNFO_TICK_03012025\Options\MIDCPNIFTY30JAN2513400CE.NFO.csv
2025-10-27 20:33:22,361 [INFO] [root] [MainThread]: Started processing: NFO\GFDLNFO_TICK_03012025\Options\MIDCPNIFTY30JAN2513425CE.NFO.csv
2025-10-27 20:33:22,667 [INFO] [root] [MainThread]: Successfully processed: NFO\GFDLNFO_TICK_03012025\Options\MIDCPNIFTY30JAN2513425CE.NFO.csv
2025-10-27 20:33:22,668 [INFO] [root] [MainThread]: Started processing: NFO\GFDLNFO_TICK_03012025\Options\MIDCPNIFTY30JAN2513450CE.NFO.csv
2025-10-27 20:33:22,939 [INFO] [root] [MainThread]: Successfully processed: NFO\GFDLNFO_TICK_03012025\Options\MIDCPNIFTY30JAN2513450CE.NFO.csv
2025-10-27 20:33:22,939 [INFO] [root] [MainThread]: Started processing: NFO\GFDLNFO_TICK_03012025\Options\MIDCPNIFTY30JAN2513475CE.NFO.csv
2025-10-27 20:33:23,151 [INFO] [root] [MainThread]: Successfully processed: NFO\GFDLNFO_TICK_03012025\Options\MIDCPNIFTY30JAN2513475CE.NFO.csv
2025-10-27 20:33:23,151 [INFO] [root] [MainThread]: Started processing: NFO\GFDLNFO_TICK_03012025\Options\MIDCPNIFTY30JAN2513500CE.NFO.csv
2025-10-27 20:33:23,368 [INFO] [root] [MainThread]: Successfully processed: NFO\GFDLNFO_TICK_03012025\Options\MIDCPNIFTY30JAN2513500CE.NFO.csv
2025-10-27 20:33:23,369 [INFO] [root] [MainThread]: Started processing: NFO\GFDLNFO_TICK_03012025\Options\MIDCPNIFTY30JAN2513525CE.NFO.csv
2025-10-27 20:33:23,469 [INFO] [root] [MainThread]: Successfully processed: NFO\GFDLNFO_TICK_03012025\Options\MIDCPNIFTY30JAN2513525CE.NFO.csv
2025-10-27 20:33:23,469 [INFO] [root] [MainThread]: Started processing: NFO\GFDLNFO_TICK_03012025\Options\MIDCPNIFTY30JAN2513550CE.NFO.csv
2025-10-27 20:33:23,576 [INFO] [root] [MainThread]: Successfully processed: NFO\GFDLNFO_TICK_03012025\Options\MIDCPNIFTY30JAN2513550CE.NFO.csv
2025-10-27 20:33:23,577 [INFO] [root] [MainThread]: Started processing: NFO\GFDLNFO_TICK_03012025\Options\MIDCPNIFTY30JAN2513575CE.NFO.csv
2025-10-27 20:33:23,670 [INFO] [root] [MainThread]: Successfully processed: NFO\GFDLNFO_TICK_03012025\Options\MIDCPNIFTY30JAN2513575CE.NFO.csv
2025-10-27 20:33:23,671 [INFO] [root] [MainThread]: Started processing: NFO\GFDLNFO_TICK_03012025\Options\MIDCPNIFTY30JAN2513600CE.NFO.csv
2025-10-27 20:33:23,772 [INFO] [root] [MainThread]: Successfully processed: NFO\GFDLNFO_TICK_03012025\Options\MIDCPNIFTY30JAN2513600CE.NFO.csv
2025-10-27 20:33:23,772 [INFO] [root] [MainThread]: Started processing: NFO\GFDLNFO_TICK_03012025\Options\MIDCPNIFTY30JAN2513625CE.NFO.csv
2025-10-27 20:33:23,869 [INFO] [root] [MainThread]: Successfully processed: NFO\GFDLNFO_TICK_03012025\Options\MIDCPNIFTY30JAN2513625CE.NFO.csv
2025-10-27 20:33:23,870 [INFO] [root] [MainThread]: Started processing: NFO\GFDLNFO_TICK_03012025\Options\MIDCPNIFTY30JAN2513650CE.NFO.csv
2025-10-27 20:33:23,936 [INFO] [root] [MainThread]: Successfully processed: NFO\GFDLNFO_TICK_03012025\Options\MIDCPNIFTY30JAN2513650CE.NFO.csv
2025-10-27 20:33:23,936 [INFO] [root] [MainThread]: Started processing: NFO\GFDLNFO_TICK_03012025\Options\MIDCPNIFTY30JAN2513675CE.NFO.csv
2025-10-27 20:33:23,997 [INFO] [root] [MainThread]: Successfully processed: NFO\GFDLNFO_TICK_03012025\Options\MIDCPNIFTY30JAN2513675CE.NFO.csv
2025-10-27 20:33:23,997 [INFO] [root] [MainThread]: Started processing: NFO\GFDLNFO_TICK_03012025\Options\MIDCPNIFTY30JAN2513700CE.NFO.csv
2025-10-27 20:33:24,081 [INFO] [root] [MainThread]: Successfully processed: NFO\GFDLNFO_TICK_03012025\Options\MIDCPNIFTY30JAN2513700CE.NFO.csv
2025-10-27 20:33:24,081 [INFO] [root] [MainThread]: Started processing: NFO\GFDLNFO_TICK_03012025\Options\MIDCPNIFTY30JAN2513725CE.NFO.csv
2025-10-27 20:33:24,157 [INFO] [root] [MainThread]: Successfully processed: NFO\GFDLNFO_TICK_03012025\Options\MIDCPNIFTY30JAN2513725CE.NFO.csv
2025-10-27 20:33:24,157 [INFO] [root] [MainThread]: Started processing: NFO\GFDLNFO_TICK_03012025\Options\MIDCPNIFTY30JAN2513750CE.NFO.csv
2025-10-27 20:33:24,233 [INFO] [root] [MainThread]: Successfully processed: NFO\GFDLNFO_TICK_03012025\Options\MIDCPNIFTY30JAN2513750CE.NFO.csv
2025-10-27 20:33:24,234 [INFO] [root] [MainThread]: Started processing: NFO\GFDLNFO_TICK_03012025\Options\MIDCPNIFTY30JAN2513775CE.NFO.csv
2025-10-27 20:33:24,304 [INFO] [root] [MainThread]: Successfully processed: NFO\GFDLNFO_TICK_03012025\Options\MIDCPNIFTY30JAN2513775CE.NFO.csv
2025-10-27 20:33:24,305 [INFO] [root] [MainThread]: Started processing: NFO\GFDLNFO_TICK_03012025\Options\MIDCPNIFTY30JAN2513800CE.NFO.csv
2025-10-27 20:33:24,387 [INFO] [root] [MainThread]: Successfully processed: NFO\GFDLNFO_TICK_03012025\Options\MIDCPNIFTY30JAN2513800CE.NFO.csv
2025-10-27 20:33:24,387 [INFO] [root] [MainThread]: Started processing: NFO\GFDLNFO_TICK_03012025\Options\MIDCPNIFTY30JAN2513825CE.NFO.csv
2025-10-27 20:33:24,434 [INFO] [root] [MainThread]: Successfully processed: NFO\GFDLNFO_TICK_03012025\Options\MIDCPNIFTY30JAN2513825CE.NFO.csv
2025-10-27 20:33:24,434 [INFO] [root] [MainThread]: Started processing: NFO\GFDLNFO_TICK_03012025\Options\MIDCPNIFTY30JAN2513850CE.NFO.csv
2025-10-27 20:33:24,486 [INFO] [root] [MainThread]: Successfully processed: NFO\GFDLNFO_TICK_03012025\Options\MIDCPNIFTY30JAN2513850CE.NFO.csv
2025-10-27 20:33:24,487 [INFO] [root] [MainThread]: Started processing: NFO\GFDLNFO_TICK_03012025\Options\MIDCPNIFTY30JAN2513875CE.NFO.csv
2025-10-27 20:33:24,534 [INFO] [root] [MainThread]: Successfully processed: NFO\GFDLNFO_TICK_03012025\Options\MIDCPNIFTY30JAN2513875CE.NFO.csv
2025-10-27 20:33:24,534 [INFO] [root] [MainThread]: Started processing: NFO\GFDLNFO_TICK_03012025\Options\MIDCPNIFTY30JAN2513900CE.NFO.csv
2025-10-27 20:33:24,600 [INFO] [root] [MainThread]: Successfully processed: NFO\GFDLNFO_TICK_03012025\Options\MIDCPNIFTY30JAN2513900CE.NFO.csv
2025-10-27 20:33:24,601 [INFO] [root] [MainThread]: Started processing: NFO\GFDLNFO_TICK_03012025\Options\MIDCPNIFTY30JAN2513925CE.NFO.csv
2025-10-27 20:33:24,638 [INFO] [root] [MainThread]: Successfully processed: NFO\GFDLNFO_TICK_03012025\Options\MIDCPNIFTY30JAN2513925CE.NFO.csv
2025-10-27 20:33:24,638 [INFO] [root] [MainThread]: Started processing: NFO\GFDLNFO_TICK_03012025\Options\MIDCPNIFTY30JAN2513950CE.NFO.csv
2025-10-27 20:33:24,682 [INFO] [root] [MainThread]: Successfully processed: NFO\GFDLNFO_TICK_03012025\Options\MIDCPNIFTY30JAN2513950CE.NFO.csv
2025-10-27 20:33:24,683 [INFO] [root] [MainThread]: Started processing: NFO\GFDLNFO_TICK_03012025\Options\MIDCPNIFTY30JAN2514000CE.NFO.csv
2025-10-27 20:33:24,741 [INFO] [root] [MainThread]: Successfully processed: NFO\GFDLNFO_TICK_03012025\Options\MIDCPNIFTY30JAN2514000CE.NFO.csv
2025-10-27 20:33:24,741 [INFO] [root] [MainThread]: Started processing: NFO\GFDLNFO_TICK_03012025\Options\MIDCPNIFTY30JAN2514100CE.NFO.csv
2025-10-27 20:33:24,789 [INFO] [root] [MainThread]: Successfully processed: NFO\GFDLNFO_TICK_03012025\Options\MIDCPNIFTY30JAN2514100CE.NFO.csv
2025-10-27 20:33:24,790 [INFO] [root] [MainThread]: Started processing: NFO\GFDLNFO_TICK_03012025\Options\MIDCPNIFTY30JAN2514200CE.NFO.csv
2025-10-27 20:33:24,830 [INFO] [root] [MainThread]: Successfully processed: NFO\GFDLNFO_TICK_03012025\Options\MIDCPNIFTY30JAN2514200CE.NFO.csv
2025-10-27 20:33:24,831 [INFO] [root] [MainThread]: Started processing: NFO\GFDLNFO_TICK_03012025\Options\MIDCPNIFTY30JAN2514300CE.NFO.csv
2025-10-27 20:33:24,864 [INFO] [root] [MainThread]: Successfully processed: NFO\GFDLNFO_TICK_03012025\Options\MIDCPNIFTY30JAN2514300CE.NFO.csv
2025-10-27 20:33:24,864 [INFO] [root] [MainThread]: Started processing: NFO\GFDLNFO_TICK_03012025\Options\MIDCPNIFTY30JAN2514400CE.NFO.csv
2025-10-27 20:33:24,904 [INFO] [root] [MainThread]: Successfully processed: NFO\GFDLNFO_TICK_03012025\Options\MIDCPNIFTY30JAN2514400CE.NFO.csv
2025-10-27 20:33:24,904 [INFO] [root] [MainThread]: Started processing: NFO\GFDLNFO_TICK_03012025\Options\MIDCPNIFTY30JAN2514500CE.NFO.csv
2025-10-27 20:33:24,940 [INFO] [root] [MainThread]: Successfully processed: NFO\GFDLNFO_TICK_03012025\Options\MIDCPNIFTY30JAN2514500CE.NFO.csv
2025-10-27 20:33:24,940 [INFO] [root] [MainThread]: Started processing: NFO\GFDLNFO_TICK_03012025\Options\MIDCPNIFTY30JAN2514600CE.NFO.csv
2025-10-27 20:33:24,961 [INFO] [root] [MainThread]: Successfully processed: NFO\GFDLNFO_TICK_03012025\Options\MIDCPNIFTY30JAN2514600CE.NFO.csv
2025-10-27 20:33:24,961 [INFO] [root] [MainThread]: Started processing: NFO\GFDLNFO_TICK_03012025\Options\MIDCPNIFTY30JAN2514700CE.NFO.csv
2025-10-27 20:33:25,005 [INFO] [root] [MainThread]: Successfully processed: NFO\GFDLNFO_TICK_03012025\Options\MIDCPNIFTY30JAN2514700CE.NFO.csv
2025-10-27 20:33:25,005 [INFO] [root] [MainThread]: Combining 67 dataframes...
2025-10-27 20:33:25,037 [INFO] [root] [MainThread]: Writing to ProcessedParquet\midcpnifty_call_03012025.parquet (69729 rows)...
2025-10-27 20:33:25,203 [INFO] [root] [MainThread]: Successfully saved 67 option files to ProcessedParquet\midcpnifty_call_03012025.parquet
2025-10-27 20:33:25,203 [INFO] [root] [MainThread]: Utility stopped.
