2025-10-27 11:07:44,977 [INFO] [root] [MainThread]: Utility started.
2025-10-27 11:07:44,978 [INFO] [root] [MainThread]: Processing SENSEX from BFO exchange
2025-10-27 11:07:44,978 [INFO] [root] [MainThread]: Found date 03012025 from folder name: BFO_TICK_03012025 for exchange BFO
2025-10-27 11:07:44,978 [INFO] [root] [MainThread]: Got following folder info {'03012025': {'BFO_TICK_03012025'}} for processing {'index': 'SENSEX', 'instrument_type': 'call'}.
2025-10-27 11:07:44,986 [INFO] [root] [MainThread]: Started processing folder: BFO_TICK_03012025 for {'index': 'SENSEX', 'instrument_type': 'call'}
2025-10-27 11:07:45,000 [INFO] [root] [MainThread]: Found 211 call option files to process for SENSEX.
2025-10-27 11:07:45,001 [INFO] [root] [MainThread]: Started processing: BFO_TICK_03012025\SENSEX03JAN2575000CE.BFO.csv
2025-10-27 11:07:45,044 [INFO] [root] [MainThread]: Successfully processed: BFO_TICK_03012025\SENSEX03JAN2575000CE.BFO.csv
2025-10-27 11:07:45,045 [INFO] [root] [MainThread]: Started processing: BFO_TICK_03012025\SENSEX03JAN2575100CE.BFO.csv
2025-10-27 11:07:45,075 [INFO] [root] [MainThread]: Successfully processed: BFO_TICK_03012025\SENSEX03JAN2575100CE.BFO.csv
2025-10-27 11:07:45,075 [INFO] [root] [MainThread]: Started processing: BFO_TICK_03012025\SENSEX03JAN2575200CE.BFO.csv
2025-10-27 11:07:45,103 [INFO] [root] [MainThread]: Successfully processed: BFO_TICK_03012025\SENSEX03JAN2575200CE.BFO.csv
2025-10-27 11:07:45,104 [INFO] [root] [MainThread]: Started processing: BFO_TICK_03012025\SENSEX03JAN2576100CE.BFO.csv
2025-10-27 11:07:45,129 [INFO] [root] [MainThread]: Successfully processed: BFO_TICK_03012025\SENSEX03JAN2576100CE.BFO.csv
2025-10-27 11:07:45,129 [INFO] [root] [MainThread]: Started processing: BFO_TICK_03012025\SENSEX03JAN2576300CE.BFO.csv
2025-10-27 11:07:45,159 [INFO] [root] [MainThread]: Successfully processed: BFO_TICK_03012025\SENSEX03JAN2576300CE.BFO.csv
2025-10-27 11:07:45,159 [INFO] [root] [MainThread]: Started processing: BFO_TICK_03012025\SENSEX03JAN2576500CE.BFO.csv
2025-10-27 11:07:45,183 [INFO] [root] [MainThread]: Successfully processed: BFO_TICK_03012025\SENSEX03JAN2576500CE.BFO.csv
2025-10-27 11:07:45,183 [INFO] [root] [MainThread]: Started processing: BFO_TICK_03012025\SENSEX03JAN2577000CE.BFO.csv
2025-10-27 11:07:45,229 [INFO] [root] [MainThread]: Successfully processed: BFO_TICK_03012025\SENSEX03JAN2577000CE.BFO.csv
2025-10-27 11:07:45,233 [INFO] [root] [MainThread]: Started processing: BFO_TICK_03012025\SENSEX03JAN2577100CE.BFO.csv
2025-10-27 11:07:45,267 [INFO] [root] [MainThread]: Successfully processed: BFO_TICK_03012025\SENSEX03JAN2577100CE.BFO.csv
2025-10-27 11:07:45,267 [INFO] [root] [MainThread]: Started processing: BFO_TICK_03012025\SENSEX03JAN2577200CE.BFO.csv
2025-10-27 11:07:45,298 [INFO] [root] [MainThread]: Successfully processed: BFO_TICK_03012025\SENSEX03JAN2577200CE.BFO.csv
2025-10-27 11:07:45,298 [INFO] [root] [MainThread]: Started processing: BFO_TICK_03012025\SENSEX03JAN2577300CE.BFO.csv
2025-10-27 11:07:45,331 [INFO] [root] [MainThread]: Successfully processed: BFO_TICK_03012025\SENSEX03JAN2577300CE.BFO.csv
2025-10-27 11:07:45,331 [INFO] [root] [MainThread]: Started processing: BFO_TICK_03012025\SENSEX03JAN2577400CE.BFO.csv
2025-10-27 11:07:45,358 [INFO] [root] [MainThread]: Successfully processed: BFO_TICK_03012025\SENSEX03JAN2577400CE.BFO.csv
2025-10-27 11:07:45,361 [INFO] [root] [MainThread]: Started processing: BFO_TICK_03012025\SENSEX03JAN2577500CE.BFO.csv
2025-10-27 11:07:45,397 [INFO] [root] [MainThread]: Successfully processed: BFO_TICK_03012025\SENSEX03JAN2577500CE.BFO.csv
2025-10-27 11:07:45,397 [INFO] [root] [MainThread]: Started processing: BFO_TICK_03012025\SENSEX03JAN2577600CE.BFO.csv
2025-10-27 11:07:45,436 [INFO] [root] [MainThread]: Successfully processed: BFO_TICK_03012025\SENSEX03JAN2577600CE.BFO.csv
2025-10-27 11:07:45,437 [INFO] [root] [MainThread]: Started processing: BFO_TICK_03012025\SENSEX03JAN2577700CE.BFO.csv
2025-10-27 11:07:45,477 [INFO] [root] [MainThread]: Successfully processed: BFO_TICK_03012025\SENSEX03JAN2577700CE.BFO.csv
2025-10-27 11:07:45,477 [INFO] [root] [MainThread]: Started processing: BFO_TICK_03012025\SENSEX03JAN2577800CE.BFO.csv
2025-10-27 11:07:45,503 [INFO] [root] [MainThread]: Successfully processed: BFO_TICK_03012025\SENSEX03JAN2577800CE.BFO.csv
2025-10-27 11:07:45,503 [INFO] [root] [MainThread]: Started processing: BFO_TICK_03012025\SENSEX03JAN2577900CE.BFO.csv
2025-10-27 11:07:45,536 [INFO] [root] [MainThread]: Successfully processed: BFO_TICK_03012025\SENSEX03JAN2577900CE.BFO.csv
2025-10-27 11:07:45,537 [INFO] [root] [MainThread]: Started processing: BFO_TICK_03012025\SENSEX03JAN2578000CE.BFO.csv
2025-10-27 11:07:45,589 [INFO] [root] [MainThread]: Successfully processed: BFO_TICK_03012025\SENSEX03JAN2578000CE.BFO.csv
2025-10-27 11:07:45,590 [INFO] [root] [MainThread]: Started processing: BFO_TICK_03012025\SENSEX03JAN2578100CE.BFO.csv
2025-10-27 11:07:45,633 [INFO] [root] [MainThread]: Successfully processed: BFO_TICK_03012025\SENSEX03JAN2578100CE.BFO.csv
2025-10-27 11:07:45,633 [INFO] [root] [MainThread]: Started processing: BFO_TICK_03012025\SENSEX03JAN2578200CE.BFO.csv
2025-10-27 11:07:45,688 [INFO] [root] [MainThread]: Successfully processed: BFO_TICK_03012025\SENSEX03JAN2578200CE.BFO.csv
2025-10-27 11:07:45,689 [INFO] [root] [MainThread]: Started processing: BFO_TICK_03012025\SENSEX03JAN2578300CE.BFO.csv
2025-10-27 11:07:45,757 [INFO] [root] [MainThread]: Successfully processed: BFO_TICK_03012025\SENSEX03JAN2578300CE.BFO.csv
2025-10-27 11:07:45,757 [INFO] [root] [MainThread]: Started processing: BFO_TICK_03012025\SENSEX03JAN2578400CE.BFO.csv
2025-10-27 11:07:45,826 [INFO] [root] [MainThread]: Successfully processed: BFO_TICK_03012025\SENSEX03JAN2578400CE.BFO.csv
2025-10-27 11:07:45,826 [INFO] [root] [MainThread]: Started processing: BFO_TICK_03012025\SENSEX03JAN2578500CE.BFO.csv
2025-10-27 11:07:45,989 [INFO] [root] [MainThread]: Successfully processed: BFO_TICK_03012025\SENSEX03JAN2578500CE.BFO.csv
2025-10-27 11:07:45,990 [INFO] [root] [MainThread]: Started processing: BFO_TICK_03012025\SENSEX03JAN2578600CE.BFO.csv
2025-10-27 11:07:46,077 [INFO] [root] [MainThread]: Successfully processed: BFO_TICK_03012025\SENSEX03JAN2578600CE.BFO.csv
2025-10-27 11:07:46,077 [INFO] [root] [MainThread]: Started processing: BFO_TICK_03012025\SENSEX03JAN2578700CE.BFO.csv
2025-10-27 11:07:46,204 [INFO] [root] [MainThread]: Successfully processed: BFO_TICK_03012025\SENSEX03JAN2578700CE.BFO.csv
2025-10-27 11:07:46,204 [INFO] [root] [MainThread]: Started processing: BFO_TICK_03012025\SENSEX03JAN2578800CE.BFO.csv
2025-10-27 11:07:46,399 [INFO] [root] [MainThread]: Successfully processed: BFO_TICK_03012025\SENSEX03JAN2578800CE.BFO.csv
2025-10-27 11:07:46,399 [INFO] [root] [MainThread]: Started processing: BFO_TICK_03012025\SENSEX03JAN2578900CE.BFO.csv
2025-10-27 11:07:46,656 [INFO] [root] [MainThread]: Successfully processed: BFO_TICK_03012025\SENSEX03JAN2578900CE.BFO.csv
2025-10-27 11:07:46,657 [INFO] [root] [MainThread]: Started processing: BFO_TICK_03012025\SENSEX03JAN2579000CE.BFO.csv
2025-10-27 11:07:47,001 [INFO] [root] [MainThread]: Successfully processed: BFO_TICK_03012025\SENSEX03JAN2579000CE.BFO.csv
2025-10-27 11:07:47,001 [INFO] [root] [MainThread]: Started processing: BFO_TICK_03012025\SENSEX03JAN2579100CE.BFO.csv
2025-10-27 11:07:47,282 [INFO] [root] [MainThread]: Successfully processed: BFO_TICK_03012025\SENSEX03JAN2579100CE.BFO.csv
2025-10-27 11:07:47,283 [INFO] [root] [MainThread]: Started processing: BFO_TICK_03012025\SENSEX03JAN2579200CE.BFO.csv
2025-10-27 11:07:47,593 [INFO] [root] [MainThread]: Successfully processed: BFO_TICK_03012025\SENSEX03JAN2579200CE.BFO.csv
2025-10-27 11:07:47,596 [INFO] [root] [MainThread]: Started processing: BFO_TICK_03012025\SENSEX03JAN2579300CE.BFO.csv
2025-10-27 11:07:48,016 [INFO] [root] [MainThread]: Successfully processed: BFO_TICK_03012025\SENSEX03JAN2579300CE.BFO.csv
2025-10-27 11:07:48,017 [INFO] [root] [MainThread]: Started processing: BFO_TICK_03012025\SENSEX03JAN2579400CE.BFO.csv
2025-10-27 11:07:48,396 [INFO] [root] [MainThread]: Successfully processed: BFO_TICK_03012025\SENSEX03JAN2579400CE.BFO.csv
2025-10-27 11:07:48,397 [INFO] [root] [MainThread]: Started processing: BFO_TICK_03012025\SENSEX03JAN2579500CE.BFO.csv
2025-10-27 11:07:49,036 [INFO] [root] [MainThread]: Successfully processed: BFO_TICK_03012025\SENSEX03JAN2579500CE.BFO.csv
2025-10-27 11:07:49,037 [INFO] [root] [MainThread]: Started processing: BFO_TICK_03012025\SENSEX03JAN2579600CE.BFO.csv
2025-10-27 11:07:49,597 [INFO] [root] [MainThread]: Successfully processed: BFO_TICK_03012025\SENSEX03JAN2579600CE.BFO.csv
2025-10-27 11:07:49,598 [INFO] [root] [MainThread]: Started processing: BFO_TICK_03012025\SENSEX03JAN2579700CE.BFO.csv
2025-10-27 11:07:50,165 [INFO] [root] [MainThread]: Successfully processed: BFO_TICK_03012025\SENSEX03JAN2579700CE.BFO.csv
2025-10-27 11:07:50,166 [INFO] [root] [MainThread]: Started processing: BFO_TICK_03012025\SENSEX03JAN2579800CE.BFO.csv
2025-10-27 11:07:50,691 [INFO] [root] [MainThread]: Successfully processed: BFO_TICK_03012025\SENSEX03JAN2579800CE.BFO.csv
2025-10-27 11:07:50,692 [INFO] [root] [MainThread]: Started processing: BFO_TICK_03012025\SENSEX03JAN2579900CE.BFO.csv
2025-10-27 11:07:51,086 [INFO] [root] [MainThread]: Successfully processed: BFO_TICK_03012025\SENSEX03JAN2579900CE.BFO.csv
2025-10-27 11:07:51,087 [INFO] [root] [MainThread]: Started processing: BFO_TICK_03012025\SENSEX03JAN2580000CE.BFO.csv
2025-10-27 11:07:51,442 [INFO] [root] [MainThread]: Successfully processed: BFO_TICK_03012025\SENSEX03JAN2580000CE.BFO.csv
2025-10-27 11:07:51,442 [INFO] [root] [MainThread]: Started processing: BFO_TICK_03012025\SENSEX03JAN2580100CE.BFO.csv
2025-10-27 11:07:51,771 [INFO] [root] [MainThread]: Successfully processed: BFO_TICK_03012025\SENSEX03JAN2580100CE.BFO.csv
2025-10-27 11:07:51,771 [INFO] [root] [MainThread]: Started processing: BFO_TICK_03012025\SENSEX03JAN2580200CE.BFO.csv
2025-10-27 11:07:52,080 [INFO] [root] [MainThread]: Successfully processed: BFO_TICK_03012025\SENSEX03JAN2580200CE.BFO.csv
2025-10-27 11:07:52,081 [INFO] [root] [MainThread]: Started processing: BFO_TICK_03012025\SENSEX03JAN2580300CE.BFO.csv
2025-10-27 11:07:52,390 [INFO] [root] [MainThread]: Successfully processed: BFO_TICK_03012025\SENSEX03JAN2580300CE.BFO.csv
2025-10-27 11:07:52,390 [INFO] [root] [MainThread]: Started processing: BFO_TICK_03012025\SENSEX03JAN2580400CE.BFO.csv
2025-10-27 11:07:52,793 [INFO] [root] [MainThread]: Successfully processed: BFO_TICK_03012025\SENSEX03JAN2580400CE.BFO.csv
2025-10-27 11:07:52,793 [INFO] [root] [MainThread]: Started processing: BFO_TICK_03012025\SENSEX03JAN2580500CE.BFO.csv
2025-10-27 11:07:53,280 [INFO] [root] [MainThread]: Successfully processed: BFO_TICK_03012025\SENSEX03JAN2580500CE.BFO.csv
2025-10-27 11:07:53,280 [INFO] [root] [MainThread]: Started processing: BFO_TICK_03012025\SENSEX03JAN2580600CE.BFO.csv
2025-10-27 11:07:53,781 [INFO] [root] [MainThread]: Successfully processed: BFO_TICK_03012025\SENSEX03JAN2580600CE.BFO.csv
2025-10-27 11:07:53,781 [INFO] [root] [MainThread]: Started processing: BFO_TICK_03012025\SENSEX03JAN2580700CE.BFO.csv
2025-10-27 11:07:54,211 [INFO] [root] [MainThread]: Successfully processed: BFO_TICK_03012025\SENSEX03JAN2580700CE.BFO.csv
2025-10-27 11:07:54,211 [INFO] [root] [MainThread]: Started processing: BFO_TICK_03012025\SENSEX03JAN2580800CE.BFO.csv
2025-10-27 11:07:54,660 [INFO] [root] [MainThread]: Successfully processed: BFO_TICK_03012025\SENSEX03JAN2580800CE.BFO.csv
2025-10-27 11:07:54,661 [INFO] [root] [MainThread]: Started processing: BFO_TICK_03012025\SENSEX03JAN2580900CE.BFO.csv
2025-10-27 11:07:55,018 [INFO] [root] [MainThread]: Successfully processed: BFO_TICK_03012025\SENSEX03JAN2580900CE.BFO.csv
2025-10-27 11:07:55,019 [INFO] [root] [MainThread]: Started processing: BFO_TICK_03012025\SENSEX03JAN2581000CE.BFO.csv
2025-10-27 11:07:55,352 [INFO] [root] [MainThread]: Successfully processed: BFO_TICK_03012025\SENSEX03JAN2581000CE.BFO.csv
2025-10-27 11:07:55,353 [INFO] [root] [MainThread]: Started processing: BFO_TICK_03012025\SENSEX03JAN2581100CE.BFO.csv
2025-10-27 11:07:55,652 [INFO] [root] [MainThread]: Successfully processed: BFO_TICK_03012025\SENSEX03JAN2581100CE.BFO.csv
2025-10-27 11:07:55,653 [INFO] [root] [MainThread]: Started processing: BFO_TICK_03012025\SENSEX03JAN2581200CE.BFO.csv
2025-10-27 11:07:55,928 [INFO] [root] [MainThread]: Successfully processed: BFO_TICK_03012025\SENSEX03JAN2581200CE.BFO.csv
2025-10-27 11:07:55,929 [INFO] [root] [MainThread]: Started processing: BFO_TICK_03012025\SENSEX03JAN2581300CE.BFO.csv
2025-10-27 11:07:56,213 [INFO] [root] [MainThread]: Successfully processed: BFO_TICK_03012025\SENSEX03JAN2581300CE.BFO.csv
2025-10-27 11:07:56,214 [INFO] [root] [MainThread]: Started processing: BFO_TICK_03012025\SENSEX03JAN2581400CE.BFO.csv
2025-10-27 11:07:56,499 [INFO] [root] [MainThread]: Successfully processed: BFO_TICK_03012025\SENSEX03JAN2581400CE.BFO.csv
2025-10-27 11:07:56,499 [INFO] [root] [MainThread]: Started processing: BFO_TICK_03012025\SENSEX03JAN2581500CE.BFO.csv
2025-10-27 11:07:56,967 [INFO] [root] [MainThread]: Successfully processed: BFO_TICK_03012025\SENSEX03JAN2581500CE.BFO.csv
2025-10-27 11:07:56,967 [INFO] [root] [MainThread]: Started processing: BFO_TICK_03012025\SENSEX03JAN2581600CE.BFO.csv
2025-10-27 11:07:57,348 [INFO] [root] [MainThread]: Successfully processed: BFO_TICK_03012025\SENSEX03JAN2581600CE.BFO.csv
2025-10-27 11:07:57,349 [INFO] [root] [MainThread]: Started processing: BFO_TICK_03012025\SENSEX03JAN2581700CE.BFO.csv
2025-10-27 11:07:57,718 [INFO] [root] [MainThread]: Successfully processed: BFO_TICK_03012025\SENSEX03JAN2581700CE.BFO.csv
2025-10-27 11:07:57,718 [INFO] [root] [MainThread]: Started processing: BFO_TICK_03012025\SENSEX03JAN2581800CE.BFO.csv
2025-10-27 11:07:58,088 [INFO] [root] [MainThread]: Successfully processed: BFO_TICK_03012025\SENSEX03JAN2581800CE.BFO.csv
2025-10-27 11:07:58,089 [INFO] [root] [MainThread]: Started processing: BFO_TICK_03012025\SENSEX03JAN2581900CE.BFO.csv
2025-10-27 11:07:58,400 [INFO] [root] [MainThread]: Successfully processed: BFO_TICK_03012025\SENSEX03JAN2581900CE.BFO.csv
2025-10-27 11:07:58,400 [INFO] [root] [MainThread]: Started processing: BFO_TICK_03012025\SENSEX03JAN2582000CE.BFO.csv
2025-10-27 11:07:58,716 [INFO] [root] [MainThread]: Successfully processed: BFO_TICK_03012025\SENSEX03JAN2582000CE.BFO.csv
2025-10-27 11:07:58,717 [INFO] [root] [MainThread]: Started processing: BFO_TICK_03012025\SENSEX03JAN2582100CE.BFO.csv
2025-10-27 11:07:58,912 [INFO] [root] [MainThread]: Successfully processed: BFO_TICK_03012025\SENSEX03JAN2582100CE.BFO.csv
2025-10-27 11:07:58,912 [INFO] [root] [MainThread]: Started processing: BFO_TICK_03012025\SENSEX03JAN2582200CE.BFO.csv
2025-10-27 11:07:59,068 [INFO] [root] [MainThread]: Successfully processed: BFO_TICK_03012025\SENSEX03JAN2582200CE.BFO.csv
2025-10-27 11:07:59,068 [INFO] [root] [MainThread]: Started processing: BFO_TICK_03012025\SENSEX03JAN2582300CE.BFO.csv
2025-10-27 11:07:59,226 [INFO] [root] [MainThread]: Successfully processed: BFO_TICK_03012025\SENSEX03JAN2582300CE.BFO.csv
2025-10-27 11:07:59,227 [INFO] [root] [MainThread]: Started processing: BFO_TICK_03012025\SENSEX03JAN2582400CE.BFO.csv
2025-10-27 11:07:59,363 [INFO] [root] [MainThread]: Successfully processed: BFO_TICK_03012025\SENSEX03JAN2582400CE.BFO.csv
2025-10-27 11:07:59,364 [INFO] [root] [MainThread]: Started processing: BFO_TICK_03012025\SENSEX03JAN2582500CE.BFO.csv
2025-10-27 11:07:59,553 [INFO] [root] [MainThread]: Successfully processed: BFO_TICK_03012025\SENSEX03JAN2582500CE.BFO.csv
2025-10-27 11:07:59,553 [INFO] [root] [MainThread]: Started processing: BFO_TICK_03012025\SENSEX03JAN2582600CE.BFO.csv
2025-10-27 11:07:59,667 [INFO] [root] [MainThread]: Successfully processed: BFO_TICK_03012025\SENSEX03JAN2582600CE.BFO.csv
2025-10-27 11:07:59,667 [INFO] [root] [MainThread]: Started processing: BFO_TICK_03012025\SENSEX03JAN2582700CE.BFO.csv
2025-10-27 11:07:59,815 [INFO] [root] [MainThread]: Successfully processed: BFO_TICK_03012025\SENSEX03JAN2582700CE.BFO.csv
2025-10-27 11:07:59,816 [INFO] [root] [MainThread]: Started processing: BFO_TICK_03012025\SENSEX03JAN2582800CE.BFO.csv
2025-10-27 11:07:59,930 [INFO] [root] [MainThread]: Successfully processed: BFO_TICK_03012025\SENSEX03JAN2582800CE.BFO.csv
2025-10-27 11:07:59,931 [INFO] [root] [MainThread]: Started processing: BFO_TICK_03012025\SENSEX03JAN2582900CE.BFO.csv
2025-10-27 11:08:00,044 [INFO] [root] [MainThread]: Successfully processed: BFO_TICK_03012025\SENSEX03JAN2582900CE.BFO.csv
2025-10-27 11:08:00,044 [INFO] [root] [MainThread]: Started processing: BFO_TICK_03012025\SENSEX03JAN2583000CE.BFO.csv
2025-10-27 11:08:00,206 [INFO] [root] [MainThread]: Successfully processed: BFO_TICK_03012025\SENSEX03JAN2583000CE.BFO.csv
2025-10-27 11:08:00,207 [INFO] [root] [MainThread]: Started processing: BFO_TICK_03012025\SENSEX03JAN2583100CE.BFO.csv
2025-10-27 11:08:00,298 [INFO] [root] [MainThread]: Successfully processed: BFO_TICK_03012025\SENSEX03JAN2583100CE.BFO.csv
2025-10-27 11:08:00,299 [INFO] [root] [MainThread]: Started processing: BFO_TICK_03012025\SENSEX03JAN2583200CE.BFO.csv
2025-10-27 11:08:00,372 [INFO] [root] [MainThread]: Successfully processed: BFO_TICK_03012025\SENSEX03JAN2583200CE.BFO.csv
2025-10-27 11:08:00,372 [INFO] [root] [MainThread]: Started processing: BFO_TICK_03012025\SENSEX03JAN2583300CE.BFO.csv
2025-10-27 11:08:00,445 [INFO] [root] [MainThread]: Successfully processed: BFO_TICK_03012025\SENSEX03JAN2583300CE.BFO.csv
2025-10-27 11:08:00,445 [INFO] [root] [MainThread]: Started processing: BFO_TICK_03012025\SENSEX03JAN2583400CE.BFO.csv
2025-10-27 11:08:00,536 [INFO] [root] [MainThread]: Successfully processed: BFO_TICK_03012025\SENSEX03JAN2583400CE.BFO.csv
2025-10-27 11:08:00,536 [INFO] [root] [MainThread]: Started processing: BFO_TICK_03012025\SENSEX03JAN2583500CE.BFO.csv
2025-10-27 11:08:00,696 [INFO] [root] [MainThread]: Successfully processed: BFO_TICK_03012025\SENSEX03JAN2583500CE.BFO.csv
2025-10-27 11:08:00,696 [INFO] [root] [MainThread]: Started processing: BFO_TICK_03012025\SENSEX03JAN2583600CE.BFO.csv
2025-10-27 11:08:00,822 [INFO] [root] [MainThread]: Successfully processed: BFO_TICK_03012025\SENSEX03JAN2583600CE.BFO.csv
2025-10-27 11:08:00,822 [INFO] [root] [MainThread]: Started processing: BFO_TICK_03012025\SENSEX03JAN2583700CE.BFO.csv
2025-10-27 11:08:00,897 [INFO] [root] [MainThread]: Successfully processed: BFO_TICK_03012025\SENSEX03JAN2583700CE.BFO.csv
2025-10-27 11:08:00,897 [INFO] [root] [MainThread]: Started processing: BFO_TICK_03012025\SENSEX03JAN2583800CE.BFO.csv
2025-10-27 11:08:00,991 [INFO] [root] [MainThread]: Successfully processed: BFO_TICK_03012025\SENSEX03JAN2583800CE.BFO.csv
2025-10-27 11:08:00,991 [INFO] [root] [MainThread]: Started processing: BFO_TICK_03012025\SENSEX03JAN2583900CE.BFO.csv
2025-10-27 11:08:01,078 [INFO] [root] [MainThread]: Successfully processed: BFO_TICK_03012025\SENSEX03JAN2583900CE.BFO.csv
2025-10-27 11:08:01,079 [INFO] [root] [MainThread]: Started processing: BFO_TICK_03012025\SENSEX03JAN2584000CE.BFO.csv
2025-10-27 11:08:01,251 [INFO] [root] [MainThread]: Successfully processed: BFO_TICK_03012025\SENSEX03JAN2584000CE.BFO.csv
2025-10-27 11:08:01,251 [INFO] [root] [MainThread]: Started processing: BFO_TICK_03012025\SENSEX03JAN2584100CE.BFO.csv
2025-10-27 11:08:01,334 [INFO] [root] [MainThread]: Successfully processed: BFO_TICK_03012025\SENSEX03JAN2584100CE.BFO.csv
2025-10-27 11:08:01,334 [INFO] [root] [MainThread]: Started processing: BFO_TICK_03012025\SENSEX03JAN2584200CE.BFO.csv
2025-10-27 11:08:01,430 [INFO] [root] [MainThread]: Successfully processed: BFO_TICK_03012025\SENSEX03JAN2584200CE.BFO.csv
2025-10-27 11:08:01,430 [INFO] [root] [MainThread]: Started processing: BFO_TICK_03012025\SENSEX03JAN2584300CE.BFO.csv
2025-10-27 11:08:01,510 [INFO] [root] [MainThread]: Successfully processed: BFO_TICK_03012025\SENSEX03JAN2584300CE.BFO.csv
2025-10-27 11:08:01,510 [INFO] [root] [MainThread]: Started processing: BFO_TICK_03012025\SENSEX03JAN2584400CE.BFO.csv
2025-10-27 11:08:01,574 [INFO] [root] [MainThread]: Successfully processed: BFO_TICK_03012025\SENSEX03JAN2584400CE.BFO.csv
2025-10-27 11:08:01,575 [INFO] [root] [MainThread]: Started processing: BFO_TICK_03012025\SENSEX03JAN2584500CE.BFO.csv
2025-10-27 11:08:01,648 [INFO] [root] [MainThread]: Successfully processed: BFO_TICK_03012025\SENSEX03JAN2584500CE.BFO.csv
2025-10-27 11:08:01,648 [INFO] [root] [MainThread]: Started processing: BFO_TICK_03012025\SENSEX03JAN2584600CE.BFO.csv
2025-10-27 11:08:01,727 [INFO] [root] [MainThread]: Successfully processed: BFO_TICK_03012025\SENSEX03JAN2584600CE.BFO.csv
2025-10-27 11:08:01,727 [INFO] [root] [MainThread]: Started processing: BFO_TICK_03012025\SENSEX03JAN2584700CE.BFO.csv
2025-10-27 11:08:01,794 [INFO] [root] [MainThread]: Successfully processed: BFO_TICK_03012025\SENSEX03JAN2584700CE.BFO.csv
2025-10-27 11:08:01,794 [INFO] [root] [MainThread]: Started processing: BFO_TICK_03012025\SENSEX03JAN2584800CE.BFO.csv
2025-10-27 11:08:01,869 [INFO] [root] [MainThread]: Successfully processed: BFO_TICK_03012025\SENSEX03JAN2584800CE.BFO.csv
2025-10-27 11:08:01,870 [INFO] [root] [MainThread]: Started processing: BFO_TICK_03012025\SENSEX03JAN2584900CE.BFO.csv
2025-10-27 11:08:01,937 [INFO] [root] [MainThread]: Successfully processed: BFO_TICK_03012025\SENSEX03JAN2584900CE.BFO.csv
2025-10-27 11:08:01,937 [INFO] [root] [MainThread]: Started processing: BFO_TICK_03012025\SENSEX03JAN2585000CE.BFO.csv
2025-10-27 11:08:02,028 [INFO] [root] [MainThread]: Successfully processed: BFO_TICK_03012025\SENSEX03JAN2585000CE.BFO.csv
2025-10-27 11:08:02,028 [INFO] [root] [MainThread]: Started processing: BFO_TICK_03012025\SENSEX03JAN2585100CE.BFO.csv
2025-10-27 11:08:02,103 [INFO] [root] [MainThread]: Successfully processed: BFO_TICK_03012025\SENSEX03JAN2585100CE.BFO.csv
2025-10-27 11:08:02,104 [INFO] [root] [MainThread]: Started processing: BFO_TICK_03012025\SENSEX03JAN2585200CE.BFO.csv
2025-10-27 11:08:02,163 [INFO] [root] [MainThread]: Successfully processed: BFO_TICK_03012025\SENSEX03JAN2585200CE.BFO.csv
2025-10-27 11:08:02,164 [INFO] [root] [MainThread]: Started processing: BFO_TICK_03012025\SENSEX03JAN2585300CE.BFO.csv
2025-10-27 11:08:02,230 [INFO] [root] [MainThread]: Successfully processed: BFO_TICK_03012025\SENSEX03JAN2585300CE.BFO.csv
2025-10-27 11:08:02,230 [INFO] [root] [MainThread]: Started processing: BFO_TICK_03012025\SENSEX03JAN2585400CE.BFO.csv
2025-10-27 11:08:02,293 [INFO] [root] [MainThread]: Successfully processed: BFO_TICK_03012025\SENSEX03JAN2585400CE.BFO.csv
2025-10-27 11:08:02,293 [INFO] [root] [MainThread]: Started processing: BFO_TICK_03012025\SENSEX03JAN2585500CE.BFO.csv
2025-10-27 11:08:02,369 [INFO] [root] [MainThread]: Successfully processed: BFO_TICK_03012025\SENSEX03JAN2585500CE.BFO.csv
2025-10-27 11:08:02,369 [INFO] [root] [MainThread]: Started processing: BFO_TICK_03012025\SENSEX03JAN2585600CE.BFO.csv
2025-10-27 11:08:02,437 [INFO] [root] [MainThread]: Successfully processed: BFO_TICK_03012025\SENSEX03JAN2585600CE.BFO.csv
2025-10-27 11:08:02,437 [INFO] [root] [MainThread]: Started processing: BFO_TICK_03012025\SENSEX03JAN2585700CE.BFO.csv
2025-10-27 11:08:02,501 [INFO] [root] [MainThread]: Successfully processed: BFO_TICK_03012025\SENSEX03JAN2585700CE.BFO.csv
2025-10-27 11:08:02,502 [INFO] [root] [MainThread]: Started processing: BFO_TICK_03012025\SENSEX03JAN2585800CE.BFO.csv
2025-10-27 11:08:02,567 [INFO] [root] [MainThread]: Successfully processed: BFO_TICK_03012025\SENSEX03JAN2585800CE.BFO.csv
2025-10-27 11:08:02,568 [INFO] [root] [MainThread]: Started processing: BFO_TICK_03012025\SENSEX03JAN2585900CE.BFO.csv
2025-10-27 11:08:02,623 [INFO] [root] [MainThread]: Successfully processed: BFO_TICK_03012025\SENSEX03JAN2585900CE.BFO.csv
2025-10-27 11:08:02,623 [INFO] [root] [MainThread]: Started processing: BFO_TICK_03012025\SENSEX03JAN2586000CE.BFO.csv
2025-10-27 11:08:02,718 [INFO] [root] [MainThread]: Successfully processed: BFO_TICK_03012025\SENSEX03JAN2586000CE.BFO.csv
2025-10-27 11:08:02,718 [INFO] [root] [MainThread]: Started processing: BFO_TICK_03012025\SENSEX03JAN2586100CE.BFO.csv
2025-10-27 11:08:02,829 [INFO] [root] [MainThread]: Successfully processed: BFO_TICK_03012025\SENSEX03JAN2586100CE.BFO.csv
2025-10-27 11:08:02,830 [INFO] [root] [MainThread]: Started processing: BFO_TICK_03012025\SENSEX07JAN2577500CE.BFO.csv
2025-10-27 11:08:02,871 [INFO] [root] [MainThread]: Successfully processed: BFO_TICK_03012025\SENSEX07JAN2577500CE.BFO.csv
2025-10-27 11:08:02,871 [INFO] [root] [MainThread]: Started processing: BFO_TICK_03012025\SENSEX07JAN2578000CE.BFO.csv
2025-10-27 11:08:02,926 [INFO] [root] [MainThread]: Successfully processed: BFO_TICK_03012025\SENSEX07JAN2578000CE.BFO.csv
2025-10-27 11:08:02,926 [INFO] [root] [MainThread]: Processed 100/211 files...
2025-10-27 11:08:02,927 [INFO] [root] [MainThread]: Started processing: BFO_TICK_03012025\SENSEX07JAN2578100CE.BFO.csv
2025-10-27 11:08:02,963 [INFO] [root] [MainThread]: Successfully processed: BFO_TICK_03012025\SENSEX07JAN2578100CE.BFO.csv
2025-10-27 11:08:02,964 [INFO] [root] [MainThread]: Started processing: BFO_TICK_03012025\SENSEX07JAN2578200CE.BFO.csv
2025-10-27 11:08:03,005 [INFO] [root] [MainThread]: Successfully processed: BFO_TICK_03012025\SENSEX07JAN2578200CE.BFO.csv
2025-10-27 11:08:03,005 [INFO] [root] [MainThread]: Started processing: BFO_TICK_03012025\SENSEX07JAN2578500CE.BFO.csv
2025-10-27 11:08:03,068 [INFO] [root] [MainThread]: Successfully processed: BFO_TICK_03012025\SENSEX07JAN2578500CE.BFO.csv
2025-10-27 11:08:03,068 [INFO] [root] [MainThread]: Started processing: BFO_TICK_03012025\SENSEX07JAN2578600CE.BFO.csv
2025-10-27 11:08:03,123 [INFO] [root] [MainThread]: Successfully processed: BFO_TICK_03012025\SENSEX07JAN2578600CE.BFO.csv
2025-10-27 11:08:03,123 [INFO] [root] [MainThread]: Started processing: BFO_TICK_03012025\SENSEX07JAN2578700CE.BFO.csv
2025-10-27 11:08:03,168 [INFO] [root] [MainThread]: Successfully processed: BFO_TICK_03012025\SENSEX07JAN2578700CE.BFO.csv
2025-10-27 11:08:03,168 [INFO] [root] [MainThread]: Started processing: BFO_TICK_03012025\SENSEX07JAN2578800CE.BFO.csv
2025-10-27 11:08:03,222 [INFO] [root] [MainThread]: Successfully processed: BFO_TICK_03012025\SENSEX07JAN2578800CE.BFO.csv
2025-10-27 11:08:03,222 [INFO] [root] [MainThread]: Started processing: BFO_TICK_03012025\SENSEX07JAN2578900CE.BFO.csv
2025-10-27 11:08:03,268 [INFO] [root] [MainThread]: Successfully processed: BFO_TICK_03012025\SENSEX07JAN2578900CE.BFO.csv
2025-10-27 11:08:03,269 [INFO] [root] [MainThread]: Started processing: BFO_TICK_03012025\SENSEX07JAN2579000CE.BFO.csv
2025-10-27 11:08:03,380 [INFO] [root] [MainThread]: Successfully processed: BFO_TICK_03012025\SENSEX07JAN2579000CE.BFO.csv
2025-10-27 11:08:03,380 [INFO] [root] [MainThread]: Started processing: BFO_TICK_03012025\SENSEX07JAN2579100CE.BFO.csv
2025-10-27 11:08:03,440 [INFO] [root] [MainThread]: Successfully processed: BFO_TICK_03012025\SENSEX07JAN2579100CE.BFO.csv
2025-10-27 11:08:03,441 [INFO] [root] [MainThread]: Started processing: BFO_TICK_03012025\SENSEX07JAN2579200CE.BFO.csv
2025-10-27 11:08:03,528 [INFO] [root] [MainThread]: Successfully processed: BFO_TICK_03012025\SENSEX07JAN2579200CE.BFO.csv
2025-10-27 11:08:03,528 [INFO] [root] [MainThread]: Started processing: BFO_TICK_03012025\SENSEX07JAN2579300CE.BFO.csv
2025-10-27 11:08:03,856 [INFO] [root] [MainThread]: Successfully processed: BFO_TICK_03012025\SENSEX07JAN2579300CE.BFO.csv
2025-10-27 11:08:03,857 [INFO] [root] [MainThread]: Started processing: BFO_TICK_03012025\SENSEX07JAN2579400CE.BFO.csv
2025-10-27 11:08:04,216 [INFO] [root] [MainThread]: Successfully processed: BFO_TICK_03012025\SENSEX07JAN2579400CE.BFO.csv
2025-10-27 11:08:04,218 [INFO] [root] [MainThread]: Started processing: BFO_TICK_03012025\SENSEX07JAN2579500CE.BFO.csv
2025-10-27 11:08:05,530 [INFO] [root] [MainThread]: Successfully processed: BFO_TICK_03012025\SENSEX07JAN2579500CE.BFO.csv
2025-10-27 11:08:05,531 [INFO] [root] [MainThread]: Started processing: BFO_TICK_03012025\SENSEX07JAN2579600CE.BFO.csv
2025-10-27 11:08:06,168 [INFO] [root] [MainThread]: Successfully processed: BFO_TICK_03012025\SENSEX07JAN2579600CE.BFO.csv
2025-10-27 11:08:06,168 [INFO] [root] [MainThread]: Started processing: BFO_TICK_03012025\SENSEX07JAN2579700CE.BFO.csv
2025-10-27 11:08:06,696 [INFO] [root] [MainThread]: Successfully processed: BFO_TICK_03012025\SENSEX07JAN2579700CE.BFO.csv
2025-10-27 11:08:06,697 [INFO] [root] [MainThread]: Started processing: BFO_TICK_03012025\SENSEX07JAN2579800CE.BFO.csv
2025-10-27 11:08:06,981 [INFO] [root] [MainThread]: Successfully processed: BFO_TICK_03012025\SENSEX07JAN2579800CE.BFO.csv
2025-10-27 11:08:06,982 [INFO] [root] [MainThread]: Started processing: BFO_TICK_03012025\SENSEX07JAN2579900CE.BFO.csv
2025-10-27 11:08:07,241 [INFO] [root] [MainThread]: Successfully processed: BFO_TICK_03012025\SENSEX07JAN2579900CE.BFO.csv
2025-10-27 11:08:07,241 [INFO] [root] [MainThread]: Started processing: BFO_TICK_03012025\SENSEX07JAN2580000CE.BFO.csv
2025-10-27 11:08:07,587 [INFO] [root] [MainThread]: Successfully processed: BFO_TICK_03012025\SENSEX07JAN2580000CE.BFO.csv
2025-10-27 11:08:07,587 [INFO] [root] [MainThread]: Started processing: BFO_TICK_03012025\SENSEX07JAN2580100CE.BFO.csv
2025-10-27 11:08:07,794 [INFO] [root] [MainThread]: Successfully processed: BFO_TICK_03012025\SENSEX07JAN2580100CE.BFO.csv
2025-10-27 11:08:07,795 [INFO] [root] [MainThread]: Started processing: BFO_TICK_03012025\SENSEX07JAN2580200CE.BFO.csv
2025-10-27 11:08:07,966 [INFO] [root] [MainThread]: Successfully processed: BFO_TICK_03012025\SENSEX07JAN2580200CE.BFO.csv
2025-10-27 11:08:07,966 [INFO] [root] [MainThread]: Started processing: BFO_TICK_03012025\SENSEX07JAN2580300CE.BFO.csv
2025-10-27 11:08:08,132 [INFO] [root] [MainThread]: Successfully processed: BFO_TICK_03012025\SENSEX07JAN2580300CE.BFO.csv
2025-10-27 11:08:08,132 [INFO] [root] [MainThread]: Started processing: BFO_TICK_03012025\SENSEX07JAN2580400CE.BFO.csv
2025-10-27 11:08:08,295 [INFO] [root] [MainThread]: Successfully processed: BFO_TICK_03012025\SENSEX07JAN2580400CE.BFO.csv
2025-10-27 11:08:08,295 [INFO] [root] [MainThread]: Started processing: BFO_TICK_03012025\SENSEX07JAN2580500CE.BFO.csv
2025-10-27 11:08:08,567 [INFO] [root] [MainThread]: Successfully processed: BFO_TICK_03012025\SENSEX07JAN2580500CE.BFO.csv
2025-10-27 11:08:08,568 [INFO] [root] [MainThread]: Started processing: BFO_TICK_03012025\SENSEX07JAN2580600CE.BFO.csv
2025-10-27 11:08:08,852 [INFO] [root] [MainThread]: Successfully processed: BFO_TICK_03012025\SENSEX07JAN2580600CE.BFO.csv
2025-10-27 11:08:08,852 [INFO] [root] [MainThread]: Started processing: BFO_TICK_03012025\SENSEX07JAN2580700CE.BFO.csv
2025-10-27 11:08:09,210 [INFO] [root] [MainThread]: Successfully processed: BFO_TICK_03012025\SENSEX07JAN2580700CE.BFO.csv
2025-10-27 11:08:09,211 [INFO] [root] [MainThread]: Started processing: BFO_TICK_03012025\SENSEX07JAN2580800CE.BFO.csv
2025-10-27 11:08:09,470 [INFO] [root] [MainThread]: Successfully processed: BFO_TICK_03012025\SENSEX07JAN2580800CE.BFO.csv
2025-10-27 11:08:09,471 [INFO] [root] [MainThread]: Started processing: BFO_TICK_03012025\SENSEX07JAN2580900CE.BFO.csv
2025-10-27 11:08:09,712 [INFO] [root] [MainThread]: Successfully processed: BFO_TICK_03012025\SENSEX07JAN2580900CE.BFO.csv
2025-10-27 11:08:09,713 [INFO] [root] [MainThread]: Started processing: BFO_TICK_03012025\SENSEX07JAN2581000CE.BFO.csv
2025-10-27 11:08:10,267 [INFO] [root] [MainThread]: Successfully processed: BFO_TICK_03012025\SENSEX07JAN2581000CE.BFO.csv
2025-10-27 11:08:10,267 [INFO] [root] [MainThread]: Started processing: BFO_TICK_03012025\SENSEX07JAN2581100CE.BFO.csv
2025-10-27 11:08:10,510 [INFO] [root] [MainThread]: Successfully processed: BFO_TICK_03012025\SENSEX07JAN2581100CE.BFO.csv
2025-10-27 11:08:10,511 [INFO] [root] [MainThread]: Started processing: BFO_TICK_03012025\SENSEX07JAN2581200CE.BFO.csv
2025-10-27 11:08:10,776 [INFO] [root] [MainThread]: Successfully processed: BFO_TICK_03012025\SENSEX07JAN2581200CE.BFO.csv
2025-10-27 11:08:10,776 [INFO] [root] [MainThread]: Started processing: BFO_TICK_03012025\SENSEX07JAN2581300CE.BFO.csv
2025-10-27 11:08:10,929 [INFO] [root] [MainThread]: Successfully processed: BFO_TICK_03012025\SENSEX07JAN2581300CE.BFO.csv
2025-10-27 11:08:10,930 [INFO] [root] [MainThread]: Started processing: BFO_TICK_03012025\SENSEX07JAN2581400CE.BFO.csv
2025-10-27 11:08:11,059 [INFO] [root] [MainThread]: Successfully processed: BFO_TICK_03012025\SENSEX07JAN2581400CE.BFO.csv
2025-10-27 11:08:11,059 [INFO] [root] [MainThread]: Started processing: BFO_TICK_03012025\SENSEX07JAN2581500CE.BFO.csv
2025-10-27 11:08:11,348 [INFO] [root] [MainThread]: Successfully processed: BFO_TICK_03012025\SENSEX07JAN2581500CE.BFO.csv
2025-10-27 11:08:11,348 [INFO] [root] [MainThread]: Started processing: BFO_TICK_03012025\SENSEX07JAN2581600CE.BFO.csv
2025-10-27 11:08:11,497 [INFO] [root] [MainThread]: Successfully processed: BFO_TICK_03012025\SENSEX07JAN2581600CE.BFO.csv
2025-10-27 11:08:11,499 [INFO] [root] [MainThread]: Started processing: BFO_TICK_03012025\SENSEX07JAN2581700CE.BFO.csv
2025-10-27 11:08:11,604 [INFO] [root] [MainThread]: Successfully processed: BFO_TICK_03012025\SENSEX07JAN2581700CE.BFO.csv
2025-10-27 11:08:11,605 [INFO] [root] [MainThread]: Started processing: BFO_TICK_03012025\SENSEX07JAN2581800CE.BFO.csv
2025-10-27 11:08:11,747 [INFO] [root] [MainThread]: Successfully processed: BFO_TICK_03012025\SENSEX07JAN2581800CE.BFO.csv
2025-10-27 11:08:11,751 [INFO] [root] [MainThread]: Started processing: BFO_TICK_03012025\SENSEX07JAN2581900CE.BFO.csv
2025-10-27 11:08:11,839 [INFO] [root] [MainThread]: Successfully processed: BFO_TICK_03012025\SENSEX07JAN2581900CE.BFO.csv
2025-10-27 11:08:11,840 [INFO] [root] [MainThread]: Started processing: BFO_TICK_03012025\SENSEX07JAN2582000CE.BFO.csv
2025-10-27 11:08:12,075 [INFO] [root] [MainThread]: Successfully processed: BFO_TICK_03012025\SENSEX07JAN2582000CE.BFO.csv
2025-10-27 11:08:12,075 [INFO] [root] [MainThread]: Started processing: BFO_TICK_03012025\SENSEX07JAN2582100CE.BFO.csv
2025-10-27 11:08:12,171 [INFO] [root] [MainThread]: Successfully processed: BFO_TICK_03012025\SENSEX07JAN2582100CE.BFO.csv
2025-10-27 11:08:12,171 [INFO] [root] [MainThread]: Started processing: BFO_TICK_03012025\SENSEX07JAN2582200CE.BFO.csv
2025-10-27 11:08:12,246 [INFO] [root] [MainThread]: Successfully processed: BFO_TICK_03012025\SENSEX07JAN2582200CE.BFO.csv
2025-10-27 11:08:12,247 [INFO] [root] [MainThread]: Started processing: BFO_TICK_03012025\SENSEX07JAN2582300CE.BFO.csv
2025-10-27 11:08:12,350 [INFO] [root] [MainThread]: Successfully processed: BFO_TICK_03012025\SENSEX07JAN2582300CE.BFO.csv
2025-10-27 11:08:12,350 [INFO] [root] [MainThread]: Started processing: BFO_TICK_03012025\SENSEX07JAN2582400CE.BFO.csv
2025-10-27 11:08:12,431 [INFO] [root] [MainThread]: Successfully processed: BFO_TICK_03012025\SENSEX07JAN2582400CE.BFO.csv
2025-10-27 11:08:12,431 [INFO] [root] [MainThread]: Started processing: BFO_TICK_03012025\SENSEX07JAN2582500CE.BFO.csv
2025-10-27 11:08:12,752 [INFO] [root] [MainThread]: Successfully processed: BFO_TICK_03012025\SENSEX07JAN2582500CE.BFO.csv
2025-10-27 11:08:12,753 [INFO] [root] [MainThread]: Started processing: BFO_TICK_03012025\SENSEX07JAN2582600CE.BFO.csv
2025-10-27 11:08:13,123 [INFO] [root] [MainThread]: Successfully processed: BFO_TICK_03012025\SENSEX07JAN2582600CE.BFO.csv
2025-10-27 11:08:13,125 [INFO] [root] [MainThread]: Started processing: BFO_TICK_03012025\SENSEX07JAN2582700CE.BFO.csv
2025-10-27 11:08:13,352 [INFO] [root] [MainThread]: Successfully processed: BFO_TICK_03012025\SENSEX07JAN2582700CE.BFO.csv
2025-10-27 11:08:13,352 [INFO] [root] [MainThread]: Started processing: BFO_TICK_03012025\SENSEX07JAN2582800CE.BFO.csv
2025-10-27 11:08:13,773 [INFO] [root] [MainThread]: Successfully processed: BFO_TICK_03012025\SENSEX07JAN2582800CE.BFO.csv
2025-10-27 11:08:13,778 [INFO] [root] [MainThread]: Started processing: BFO_TICK_03012025\SENSEX07JAN2582900CE.BFO.csv
2025-10-27 11:08:13,976 [INFO] [root] [MainThread]: Successfully processed: BFO_TICK_03012025\SENSEX07JAN2582900CE.BFO.csv
2025-10-27 11:08:13,977 [INFO] [root] [MainThread]: Started processing: BFO_TICK_03012025\SENSEX07JAN2583000CE.BFO.csv
2025-10-27 11:08:14,282 [INFO] [root] [MainThread]: Successfully processed: BFO_TICK_03012025\SENSEX07JAN2583000CE.BFO.csv
2025-10-27 11:08:14,283 [INFO] [root] [MainThread]: Started processing: BFO_TICK_03012025\SENSEX07JAN2583100CE.BFO.csv
2025-10-27 11:08:14,386 [INFO] [root] [MainThread]: Successfully processed: BFO_TICK_03012025\SENSEX07JAN2583100CE.BFO.csv
2025-10-27 11:08:14,386 [INFO] [root] [MainThread]: Started processing: BFO_TICK_03012025\SENSEX07JAN2583200CE.BFO.csv
2025-10-27 11:08:14,465 [INFO] [root] [MainThread]: Successfully processed: BFO_TICK_03012025\SENSEX07JAN2583200CE.BFO.csv
2025-10-27 11:08:14,465 [INFO] [root] [MainThread]: Started processing: BFO_TICK_03012025\SENSEX07JAN2583300CE.BFO.csv
2025-10-27 11:08:14,630 [INFO] [root] [MainThread]: Successfully processed: BFO_TICK_03012025\SENSEX07JAN2583300CE.BFO.csv
2025-10-27 11:08:14,630 [INFO] [root] [MainThread]: Started processing: BFO_TICK_03012025\SENSEX07JAN2583500CE.BFO.csv
2025-10-27 11:08:14,772 [INFO] [root] [MainThread]: Successfully processed: BFO_TICK_03012025\SENSEX07JAN2583500CE.BFO.csv
2025-10-27 11:08:14,772 [INFO] [root] [MainThread]: Started processing: BFO_TICK_03012025\SENSEX07JAN2583600CE.BFO.csv
2025-10-27 11:08:14,858 [INFO] [root] [MainThread]: Successfully processed: BFO_TICK_03012025\SENSEX07JAN2583600CE.BFO.csv
2025-10-27 11:08:14,858 [INFO] [root] [MainThread]: Started processing: BFO_TICK_03012025\SENSEX07JAN2583700CE.BFO.csv
2025-10-27 11:08:14,945 [INFO] [root] [MainThread]: Successfully processed: BFO_TICK_03012025\SENSEX07JAN2583700CE.BFO.csv
2025-10-27 11:08:14,946 [INFO] [root] [MainThread]: Started processing: BFO_TICK_03012025\SENSEX07JAN2584000CE.BFO.csv
2025-10-27 11:08:15,042 [INFO] [root] [MainThread]: Successfully processed: BFO_TICK_03012025\SENSEX07JAN2584000CE.BFO.csv
2025-10-27 11:08:15,042 [INFO] [root] [MainThread]: Started processing: BFO_TICK_03012025\SENSEX07JAN2584500CE.BFO.csv
2025-10-27 11:08:15,118 [INFO] [root] [MainThread]: Successfully processed: BFO_TICK_03012025\SENSEX07JAN2584500CE.BFO.csv
2025-10-27 11:08:15,118 [INFO] [root] [MainThread]: Started processing: BFO_TICK_03012025\SENSEX07JAN2585000CE.BFO.csv
2025-10-27 11:08:15,214 [INFO] [root] [MainThread]: Successfully processed: BFO_TICK_03012025\SENSEX07JAN2585000CE.BFO.csv
2025-10-27 11:08:15,215 [INFO] [root] [MainThread]: Started processing: BFO_TICK_03012025\SENSEX07JAN2585500CE.BFO.csv
2025-10-27 11:08:15,282 [INFO] [root] [MainThread]: Successfully processed: BFO_TICK_03012025\SENSEX07JAN2585500CE.BFO.csv
2025-10-27 11:08:15,282 [INFO] [root] [MainThread]: Started processing: BFO_TICK_03012025\SENSEX07JAN2586000CE.BFO.csv
2025-10-27 11:08:15,360 [INFO] [root] [MainThread]: Successfully processed: BFO_TICK_03012025\SENSEX07JAN2586000CE.BFO.csv
2025-10-27 11:08:15,360 [INFO] [root] [MainThread]: Started processing: BFO_TICK_03012025\SENSEX07JAN2586100CE.BFO.csv
2025-10-27 11:08:15,422 [INFO] [root] [MainThread]: Successfully processed: BFO_TICK_03012025\SENSEX07JAN2586100CE.BFO.csv
2025-10-27 11:08:15,423 [INFO] [root] [MainThread]: Started processing: BFO_TICK_03012025\SENSEX11FEB2583600CE.BFO.csv
2025-10-27 11:08:15,465 [INFO] [root] [MainThread]: Successfully processed: BFO_TICK_03012025\SENSEX11FEB2583600CE.BFO.csv
2025-10-27 11:08:15,465 [INFO] [root] [MainThread]: Started processing: BFO_TICK_03012025\SENSEX14JAN2579000CE.BFO.csv
2025-10-27 11:08:15,522 [INFO] [root] [MainThread]: Successfully processed: BFO_TICK_03012025\SENSEX14JAN2579000CE.BFO.csv
2025-10-27 11:08:15,523 [INFO] [root] [MainThread]: Started processing: BFO_TICK_03012025\SENSEX14JAN2579100CE.BFO.csv
2025-10-27 11:08:15,576 [INFO] [root] [MainThread]: Successfully processed: BFO_TICK_03012025\SENSEX14JAN2579100CE.BFO.csv
2025-10-27 11:08:15,577 [INFO] [root] [MainThread]: Started processing: BFO_TICK_03012025\SENSEX14JAN2579200CE.BFO.csv
2025-10-27 11:08:15,618 [INFO] [root] [MainThread]: Successfully processed: BFO_TICK_03012025\SENSEX14JAN2579200CE.BFO.csv
2025-10-27 11:08:15,619 [INFO] [root] [MainThread]: Started processing: BFO_TICK_03012025\SENSEX14JAN2579300CE.BFO.csv
2025-10-27 11:08:15,665 [INFO] [root] [MainThread]: Successfully processed: BFO_TICK_03012025\SENSEX14JAN2579300CE.BFO.csv
2025-10-27 11:08:15,665 [INFO] [root] [MainThread]: Started processing: BFO_TICK_03012025\SENSEX14JAN2579400CE.BFO.csv
2025-10-27 11:08:15,726 [INFO] [root] [MainThread]: Successfully processed: BFO_TICK_03012025\SENSEX14JAN2579400CE.BFO.csv
2025-10-27 11:08:15,726 [INFO] [root] [MainThread]: Started processing: BFO_TICK_03012025\SENSEX14JAN2579500CE.BFO.csv
2025-10-27 11:08:15,785 [INFO] [root] [MainThread]: Successfully processed: BFO_TICK_03012025\SENSEX14JAN2579500CE.BFO.csv
2025-10-27 11:08:15,785 [INFO] [root] [MainThread]: Started processing: BFO_TICK_03012025\SENSEX14JAN2579600CE.BFO.csv
2025-10-27 11:08:15,841 [INFO] [root] [MainThread]: Successfully processed: BFO_TICK_03012025\SENSEX14JAN2579600CE.BFO.csv
2025-10-27 11:08:15,841 [INFO] [root] [MainThread]: Started processing: BFO_TICK_03012025\SENSEX14JAN2579800CE.BFO.csv
2025-10-27 11:08:15,891 [INFO] [root] [MainThread]: Successfully processed: BFO_TICK_03012025\SENSEX14JAN2579800CE.BFO.csv
2025-10-27 11:08:15,892 [INFO] [root] [MainThread]: Started processing: BFO_TICK_03012025\SENSEX14JAN2580000CE.BFO.csv
2025-10-27 11:08:15,960 [INFO] [root] [MainThread]: Successfully processed: BFO_TICK_03012025\SENSEX14JAN2580000CE.BFO.csv
2025-10-27 11:08:15,960 [INFO] [root] [MainThread]: Started processing: BFO_TICK_03012025\SENSEX14JAN2580100CE.BFO.csv
2025-10-27 11:08:16,012 [INFO] [root] [MainThread]: Successfully processed: BFO_TICK_03012025\SENSEX14JAN2580100CE.BFO.csv
2025-10-27 11:08:16,013 [INFO] [root] [MainThread]: Started processing: BFO_TICK_03012025\SENSEX14JAN2580200CE.BFO.csv
2025-10-27 11:08:16,072 [INFO] [root] [MainThread]: Successfully processed: BFO_TICK_03012025\SENSEX14JAN2580200CE.BFO.csv
2025-10-27 11:08:16,072 [INFO] [root] [MainThread]: Started processing: BFO_TICK_03012025\SENSEX14JAN2580500CE.BFO.csv
2025-10-27 11:08:16,130 [INFO] [root] [MainThread]: Successfully processed: BFO_TICK_03012025\SENSEX14JAN2580500CE.BFO.csv
2025-10-27 11:08:16,130 [INFO] [root] [MainThread]: Started processing: BFO_TICK_03012025\SENSEX14JAN2580700CE.BFO.csv
2025-10-27 11:08:16,176 [INFO] [root] [MainThread]: Successfully processed: BFO_TICK_03012025\SENSEX14JAN2580700CE.BFO.csv
2025-10-27 11:08:16,176 [INFO] [root] [MainThread]: Started processing: BFO_TICK_03012025\SENSEX14JAN2580900CE.BFO.csv
2025-10-27 11:08:16,225 [INFO] [root] [MainThread]: Successfully processed: BFO_TICK_03012025\SENSEX14JAN2580900CE.BFO.csv
2025-10-27 11:08:16,225 [INFO] [root] [MainThread]: Started processing: BFO_TICK_03012025\SENSEX14JAN2581000CE.BFO.csv
2025-10-27 11:08:16,284 [INFO] [root] [MainThread]: Successfully processed: BFO_TICK_03012025\SENSEX14JAN2581000CE.BFO.csv
2025-10-27 11:08:16,284 [INFO] [root] [MainThread]: Started processing: BFO_TICK_03012025\SENSEX14JAN2581200CE.BFO.csv
2025-10-27 11:08:16,326 [INFO] [root] [MainThread]: Successfully processed: BFO_TICK_03012025\SENSEX14JAN2581200CE.BFO.csv
2025-10-27 11:08:16,326 [INFO] [root] [MainThread]: Started processing: BFO_TICK_03012025\SENSEX14JAN2581500CE.BFO.csv
2025-10-27 11:08:16,387 [INFO] [root] [MainThread]: Successfully processed: BFO_TICK_03012025\SENSEX14JAN2581500CE.BFO.csv
2025-10-27 11:08:16,388 [INFO] [root] [MainThread]: Started processing: BFO_TICK_03012025\SENSEX14JAN2582000CE.BFO.csv
2025-10-27 11:08:16,434 [INFO] [root] [MainThread]: Successfully processed: BFO_TICK_03012025\SENSEX14JAN2582000CE.BFO.csv
2025-10-27 11:08:16,436 [INFO] [root] [MainThread]: Started processing: BFO_TICK_03012025\SENSEX14JAN2582200CE.BFO.csv
2025-10-27 11:08:16,486 [INFO] [root] [MainThread]: Successfully processed: BFO_TICK_03012025\SENSEX14JAN2582200CE.BFO.csv
2025-10-27 11:08:16,487 [INFO] [root] [MainThread]: Started processing: BFO_TICK_03012025\SENSEX14JAN2583000CE.BFO.csv
2025-10-27 11:08:16,537 [INFO] [root] [MainThread]: Successfully processed: BFO_TICK_03012025\SENSEX14JAN2583000CE.BFO.csv
2025-10-27 11:08:16,538 [INFO] [root] [MainThread]: Started processing: BFO_TICK_03012025\SENSEX14JAN2583300CE.BFO.csv
2025-10-27 11:08:16,582 [INFO] [root] [MainThread]: Successfully processed: BFO_TICK_03012025\SENSEX14JAN2583300CE.BFO.csv
2025-10-27 11:08:16,583 [INFO] [root] [MainThread]: Started processing: BFO_TICK_03012025\SENSEX14JAN2584200CE.BFO.csv
2025-10-27 11:08:16,628 [INFO] [root] [MainThread]: Successfully processed: BFO_TICK_03012025\SENSEX14JAN2584200CE.BFO.csv
2025-10-27 11:08:16,629 [INFO] [root] [MainThread]: Started processing: BFO_TICK_03012025\SENSEX14JAN2584500CE.BFO.csv
2025-10-27 11:08:16,647 [INFO] [root] [MainThread]: Successfully processed: BFO_TICK_03012025\SENSEX14JAN2584500CE.BFO.csv
2025-10-27 11:08:16,648 [INFO] [root] [MainThread]: Started processing: BFO_TICK_03012025\SENSEX14JAN2585000CE.BFO.csv
2025-10-27 11:08:16,682 [INFO] [root] [MainThread]: Successfully processed: BFO_TICK_03012025\SENSEX14JAN2585000CE.BFO.csv
2025-10-27 11:08:16,683 [INFO] [root] [MainThread]: Started processing: BFO_TICK_03012025\SENSEX14JAN2585400CE.BFO.csv
2025-10-27 11:08:16,735 [INFO] [root] [MainThread]: Successfully processed: BFO_TICK_03012025\SENSEX14JAN2585400CE.BFO.csv
2025-10-27 11:08:16,735 [INFO] [root] [MainThread]: Started processing: BFO_TICK_03012025\SENSEX14JAN2585500CE.BFO.csv
2025-10-27 11:08:16,770 [INFO] [root] [MainThread]: Successfully processed: BFO_TICK_03012025\SENSEX14JAN2585500CE.BFO.csv
2025-10-27 11:08:16,770 [INFO] [root] [MainThread]: Started processing: BFO_TICK_03012025\SENSEX14JAN2585600CE.BFO.csv
2025-10-27 11:08:16,809 [INFO] [root] [MainThread]: Successfully processed: BFO_TICK_03012025\SENSEX14JAN2585600CE.BFO.csv
2025-10-27 11:08:16,810 [INFO] [root] [MainThread]: Started processing: BFO_TICK_03012025\SENSEX14JAN2585700CE.BFO.csv
2025-10-27 11:08:16,882 [INFO] [root] [MainThread]: Successfully processed: BFO_TICK_03012025\SENSEX14JAN2585700CE.BFO.csv
2025-10-27 11:08:16,882 [INFO] [root] [MainThread]: Started processing: BFO_TICK_03012025\SENSEX14JAN2585800CE.BFO.csv
2025-10-27 11:08:16,917 [INFO] [root] [MainThread]: Successfully processed: BFO_TICK_03012025\SENSEX14JAN2585800CE.BFO.csv
2025-10-27 11:08:16,917 [INFO] [root] [MainThread]: Started processing: BFO_TICK_03012025\SENSEX21JAN2579800CE.BFO.csv
2025-10-27 11:08:16,955 [INFO] [root] [MainThread]: Successfully processed: BFO_TICK_03012025\SENSEX21JAN2579800CE.BFO.csv
2025-10-27 11:08:16,955 [INFO] [root] [MainThread]: Started processing: BFO_TICK_03012025\SENSEX21JAN2580100CE.BFO.csv
2025-10-27 11:08:16,987 [INFO] [root] [MainThread]: Successfully processed: BFO_TICK_03012025\SENSEX21JAN2580100CE.BFO.csv
2025-10-27 11:08:16,987 [INFO] [root] [MainThread]: Started processing: BFO_TICK_03012025\SENSEX21JAN2585500CE.BFO.csv
2025-10-27 11:08:17,026 [INFO] [root] [MainThread]: Successfully processed: BFO_TICK_03012025\SENSEX21JAN2585500CE.BFO.csv
2025-10-27 11:08:17,027 [INFO] [root] [MainThread]: Started processing: BFO_TICK_03012025\SENSEX25MAR2589000CE.BFO.csv
2025-10-27 11:08:17,063 [INFO] [root] [MainThread]: Successfully processed: BFO_TICK_03012025\SENSEX25MAR2589000CE.BFO.csv
2025-10-27 11:08:17,064 [INFO] [root] [MainThread]: Started processing: BFO_TICK_03012025\SENSEX28JAN2578000CE.BFO.csv
2025-10-27 11:08:17,106 [INFO] [root] [MainThread]: Successfully processed: BFO_TICK_03012025\SENSEX28JAN2578000CE.BFO.csv
2025-10-27 11:08:17,106 [INFO] [root] [MainThread]: Started processing: BFO_TICK_03012025\SENSEX28JAN2578300CE.BFO.csv
2025-10-27 11:08:17,144 [INFO] [root] [MainThread]: Successfully processed: BFO_TICK_03012025\SENSEX28JAN2578300CE.BFO.csv
2025-10-27 11:08:17,145 [INFO] [root] [MainThread]: Started processing: BFO_TICK_03012025\SENSEX28JAN2579000CE.BFO.csv
2025-10-27 11:08:17,184 [INFO] [root] [MainThread]: Successfully processed: BFO_TICK_03012025\SENSEX28JAN2579000CE.BFO.csv
2025-10-27 11:08:17,185 [INFO] [root] [MainThread]: Started processing: BFO_TICK_03012025\SENSEX28JAN2579200CE.BFO.csv
2025-10-27 11:08:17,236 [INFO] [root] [MainThread]: Successfully processed: BFO_TICK_03012025\SENSEX28JAN2579200CE.BFO.csv
2025-10-27 11:08:17,236 [INFO] [root] [MainThread]: Started processing: BFO_TICK_03012025\SENSEX28JAN2579400CE.BFO.csv
2025-10-27 11:08:17,276 [INFO] [root] [MainThread]: Successfully processed: BFO_TICK_03012025\SENSEX28JAN2579400CE.BFO.csv
2025-10-27 11:08:17,276 [INFO] [root] [MainThread]: Started processing: BFO_TICK_03012025\SENSEX28JAN2579500CE.BFO.csv
2025-10-27 11:08:17,313 [INFO] [root] [MainThread]: Successfully processed: BFO_TICK_03012025\SENSEX28JAN2579500CE.BFO.csv
2025-10-27 11:08:17,314 [INFO] [root] [MainThread]: Processed 200/211 files...
2025-10-27 11:08:17,314 [INFO] [root] [MainThread]: Started processing: BFO_TICK_03012025\SENSEX28JAN2579600CE.BFO.csv
2025-10-27 11:08:17,370 [INFO] [root] [MainThread]: Successfully processed: BFO_TICK_03012025\SENSEX28JAN2579600CE.BFO.csv
2025-10-27 11:08:17,370 [INFO] [root] [MainThread]: Started processing: BFO_TICK_03012025\SENSEX28JAN2579700CE.BFO.csv
2025-10-27 11:08:17,413 [INFO] [root] [MainThread]: Successfully processed: BFO_TICK_03012025\SENSEX28JAN2579700CE.BFO.csv
2025-10-27 11:08:17,413 [INFO] [root] [MainThread]: Started processing: BFO_TICK_03012025\SENSEX28JAN2579800CE.BFO.csv
2025-10-27 11:08:17,448 [INFO] [root] [MainThread]: Successfully processed: BFO_TICK_03012025\SENSEX28JAN2579800CE.BFO.csv
2025-10-27 11:08:17,448 [INFO] [root] [MainThread]: Started processing: BFO_TICK_03012025\SENSEX28JAN2579900CE.BFO.csv
2025-10-27 11:08:17,489 [INFO] [root] [MainThread]: Successfully processed: BFO_TICK_03012025\SENSEX28JAN2579900CE.BFO.csv
2025-10-27 11:08:17,489 [INFO] [root] [MainThread]: Started processing: BFO_TICK_03012025\SENSEX28JAN2580000CE.BFO.csv
2025-10-27 11:08:17,526 [INFO] [root] [MainThread]: Successfully processed: BFO_TICK_03012025\SENSEX28JAN2580000CE.BFO.csv
2025-10-27 11:08:17,527 [INFO] [root] [MainThread]: Started processing: BFO_TICK_03012025\SENSEX28JAN2580500CE.BFO.csv
2025-10-27 11:08:17,566 [INFO] [root] [MainThread]: Successfully processed: BFO_TICK_03012025\SENSEX28JAN2580500CE.BFO.csv
2025-10-27 11:08:17,567 [INFO] [root] [MainThread]: Started processing: BFO_TICK_03012025\SENSEX28JAN2580600CE.BFO.csv
2025-10-27 11:08:17,598 [INFO] [root] [MainThread]: Successfully processed: BFO_TICK_03012025\SENSEX28JAN2580600CE.BFO.csv
2025-10-27 11:08:17,599 [INFO] [root] [MainThread]: Started processing: BFO_TICK_03012025\SENSEX28JAN2581000CE.BFO.csv
2025-10-27 11:08:17,629 [INFO] [root] [MainThread]: Successfully processed: BFO_TICK_03012025\SENSEX28JAN2581000CE.BFO.csv
2025-10-27 11:08:17,630 [INFO] [root] [MainThread]: Started processing: BFO_TICK_03012025\SENSEX28JAN2584000CE.BFO.csv
2025-10-27 11:08:17,656 [INFO] [root] [MainThread]: Successfully processed: BFO_TICK_03012025\SENSEX28JAN2584000CE.BFO.csv
2025-10-27 11:08:17,656 [INFO] [root] [MainThread]: Started processing: BFO_TICK_03012025\SENSEX28JAN2585000CE.BFO.csv
2025-10-27 11:08:17,707 [INFO] [root] [MainThread]: Successfully processed: BFO_TICK_03012025\SENSEX28JAN2585000CE.BFO.csv
2025-10-27 11:08:17,708 [INFO] [root] [MainThread]: Started processing: BFO_TICK_03012025\SENSEX28JAN2586100CE.BFO.csv
2025-10-27 11:08:17,750 [INFO] [root] [MainThread]: Successfully processed: BFO_TICK_03012025\SENSEX28JAN2586100CE.BFO.csv
2025-10-27 11:08:17,750 [INFO] [root] [MainThread]: Combining 211 dataframes...
2025-10-27 11:08:18,096 [INFO] [root] [MainThread]: Writing to ProcessedParquet\sensex_call_03012025.parquet (844096 rows)...
2025-10-27 11:08:20,207 [INFO] [root] [MainThread]: Successfully saved 211 option files to ProcessedParquet\sensex_call_03012025.parquet
2025-10-27 11:08:20,208 [INFO] [root] [MainThread]: Utility stopped.
