2025-10-27 20:31:43,310 [INFO] [root] [MainThread]: Utility started.
2025-10-27 20:31:43,310 [INFO] [root] [MainThread]: Processing MIDCPNIFTY from NFO exchange
2025-10-27 20:31:43,310 [INFO] [root] [MainThread]: Detected yearly folder structure in NFO\GFDLNFO_TICK_03012025
2025-10-27 20:31:43,708 [INFO] [root] [MainThread]: No date subfolders found, extracted date 03012025 from parent folder: GFDLNFO_TICK_03012025
2025-10-27 20:31:43,709 [INFO] [root] [MainThread]: Got following folder info {'03012025': {'NFO\\GFDLNFO_TICK_03012025'}} for processing {'index': 'MIDCPNIFTY', 'instrument_type': 'call'}.
2025-10-27 20:31:43,709 [INFO] [root] [MainThread]: Started processing folder: NFO\GFDLNFO_TICK_03012025 for {'index': 'MIDCPNIFTY', 'instrument_type': 'call'}, date: 03012025
2025-10-27 20:31:43,738 [INFO] [root] [MainThread]: Found 67 call option files to process for MIDCPNIFTY.
2025-10-27 20:31:43,738 [INFO] [root] [MainThread]: Started processing: NFO\GFDLNFO_TICK_03012025\Options\MIDCPNIFTY27FEB2513000CE.NFO.csv
2025-10-27 20:31:43,768 [INFO] [root] [MainThread]: Successfully processed: NFO\GFDLNFO_TICK_03012025\Options\MIDCPNIFTY27FEB2513000CE.NFO.csv
2025-10-27 20:31:43,768 [INFO] [root] [MainThread]: Started processing: NFO\GFDLNFO_TICK_03012025\Options\MIDCPNIFTY27FEB2513400CE.NFO.csv
2025-10-27 20:31:43,777 [INFO] [root] [MainThread]: Successfully processed: NFO\GFDLNFO_TICK_03012025\Options\MIDCPNIFTY27FEB2513400CE.NFO.csv
2025-10-27 20:31:43,777 [INFO] [root] [MainThread]: Started processing: NFO\GFDLNFO_TICK_03012025\Options\MIDCPNIFTY27FEB2513500CE.NFO.csv
2025-10-27 20:31:43,787 [INFO] [root] [MainThread]: Successfully processed: NFO\GFDLNFO_TICK_03012025\Options\MIDCPNIFTY27FEB2513500CE.NFO.csv
2025-10-27 20:31:43,787 [INFO] [root] [MainThread]: Started processing: NFO\GFDLNFO_TICK_03012025\Options\MIDCPNIFTY27FEB2514600CE.NFO.csv
2025-10-27 20:31:43,795 [INFO] [root] [MainThread]: Successfully processed: NFO\GFDLNFO_TICK_03012025\Options\MIDCPNIFTY27FEB2514600CE.NFO.csv
2025-10-27 20:31:43,795 [INFO] [root] [MainThread]: Started processing: NFO\GFDLNFO_TICK_03012025\Options\MIDCPNIFTY27FEB2514700CE.NFO.csv
2025-10-27 20:31:43,804 [INFO] [root] [MainThread]: Successfully processed: NFO\GFDLNFO_TICK_03012025\Options\MIDCPNIFTY27FEB2514700CE.NFO.csv
2025-10-27 20:31:43,804 [INFO] [root] [MainThread]: Started processing: NFO\GFDLNFO_TICK_03012025\Options\MIDCPNIFTY30JAN2512500CE.NFO.csv
2025-10-27 20:31:43,837 [INFO] [root] [MainThread]: Successfully processed: NFO\GFDLNFO_TICK_03012025\Options\MIDCPNIFTY30JAN2512500CE.NFO.csv
2025-10-27 20:31:43,837 [INFO] [root] [MainThread]: Started processing: NFO\GFDLNFO_TICK_03012025\Options\MIDCPNIFTY30JAN2512525CE.NFO.csv
2025-10-27 20:31:43,861 [INFO] [root] [MainThread]: Successfully processed: NFO\GFDLNFO_TICK_03012025\Options\MIDCPNIFTY30JAN2512525CE.NFO.csv
2025-10-27 20:31:43,861 [INFO] [root] [MainThread]: Started processing: NFO\GFDLNFO_TICK_03012025\Options\MIDCPNIFTY30JAN2512600CE.NFO.csv
2025-10-27 20:31:43,896 [INFO] [root] [MainThread]: Successfully processed: NFO\GFDLNFO_TICK_03012025\Options\MIDCPNIFTY30JAN2512600CE.NFO.csv
2025-10-27 20:31:43,896 [INFO] [root] [MainThread]: Started processing: NFO\GFDLNFO_TICK_03012025\Options\MIDCPNIFTY30JAN2512700CE.NFO.csv
2025-10-27 20:31:43,936 [INFO] [root] [MainThread]: Successfully processed: NFO\GFDLNFO_TICK_03012025\Options\MIDCPNIFTY30JAN2512700CE.NFO.csv
2025-10-27 20:31:43,936 [INFO] [root] [MainThread]: Started processing: NFO\GFDLNFO_TICK_03012025\Options\MIDCPNIFTY30JAN2512725CE.NFO.csv
2025-10-27 20:31:43,971 [INFO] [root] [MainThread]: Successfully processed: NFO\GFDLNFO_TICK_03012025\Options\MIDCPNIFTY30JAN2512725CE.NFO.csv
2025-10-27 20:31:43,971 [INFO] [root] [MainThread]: Started processing: NFO\GFDLNFO_TICK_03012025\Options\MIDCPNIFTY30JAN2512750CE.NFO.csv
2025-10-27 20:31:44,002 [INFO] [root] [MainThread]: Successfully processed: NFO\GFDLNFO_TICK_03012025\Options\MIDCPNIFTY30JAN2512750CE.NFO.csv
2025-10-27 20:31:44,003 [INFO] [root] [MainThread]: Started processing: NFO\GFDLNFO_TICK_03012025\Options\MIDCPNIFTY30JAN2512775CE.NFO.csv
2025-10-27 20:31:44,047 [INFO] [root] [MainThread]: Successfully processed: NFO\GFDLNFO_TICK_03012025\Options\MIDCPNIFTY30JAN2512775CE.NFO.csv
2025-10-27 20:31:44,047 [INFO] [root] [MainThread]: Started processing: NFO\GFDLNFO_TICK_03012025\Options\MIDCPNIFTY30JAN2512800CE.NFO.csv
2025-10-27 20:31:44,079 [INFO] [root] [MainThread]: Successfully processed: NFO\GFDLNFO_TICK_03012025\Options\MIDCPNIFTY30JAN2512800CE.NFO.csv
2025-10-27 20:31:44,080 [INFO] [root] [MainThread]: Started processing: NFO\GFDLNFO_TICK_03012025\Options\MIDCPNIFTY30JAN2512825CE.NFO.csv
2025-10-27 20:31:44,116 [INFO] [root] [MainThread]: Successfully processed: NFO\GFDLNFO_TICK_03012025\Options\MIDCPNIFTY30JAN2512825CE.NFO.csv
2025-10-27 20:31:44,116 [INFO] [root] [MainThread]: Started processing: NFO\GFDLNFO_TICK_03012025\Options\MIDCPNIFTY30JAN2512850CE.NFO.csv
2025-10-27 20:31:44,149 [INFO] [root] [MainThread]: Successfully processed: NFO\GFDLNFO_TICK_03012025\Options\MIDCPNIFTY30JAN2512850CE.NFO.csv
2025-10-27 20:31:44,149 [INFO] [root] [MainThread]: Started processing: NFO\GFDLNFO_TICK_03012025\Options\MIDCPNIFTY30JAN2512875CE.NFO.csv
2025-10-27 20:31:44,189 [INFO] [root] [MainThread]: Successfully processed: NFO\GFDLNFO_TICK_03012025\Options\MIDCPNIFTY30JAN2512875CE.NFO.csv
2025-10-27 20:31:44,189 [INFO] [root] [MainThread]: Started processing: NFO\GFDLNFO_TICK_03012025\Options\MIDCPNIFTY30JAN2512900CE.NFO.csv
2025-10-27 20:31:44,233 [INFO] [root] [MainThread]: Successfully processed: NFO\GFDLNFO_TICK_03012025\Options\MIDCPNIFTY30JAN2512900CE.NFO.csv
2025-10-27 20:31:44,234 [INFO] [root] [MainThread]: Started processing: NFO\GFDLNFO_TICK_03012025\Options\MIDCPNIFTY30JAN2512925CE.NFO.csv
2025-10-27 20:31:44,271 [INFO] [root] [MainThread]: Successfully processed: NFO\GFDLNFO_TICK_03012025\Options\MIDCPNIFTY30JAN2512925CE.NFO.csv
2025-10-27 20:31:44,271 [INFO] [root] [MainThread]: Started processing: NFO\GFDLNFO_TICK_03012025\Options\MIDCPNIFTY30JAN2512950CE.NFO.csv
2025-10-27 20:31:44,309 [INFO] [root] [MainThread]: Successfully processed: NFO\GFDLNFO_TICK_03012025\Options\MIDCPNIFTY30JAN2512950CE.NFO.csv
2025-10-27 20:31:44,309 [INFO] [root] [MainThread]: Started processing: NFO\GFDLNFO_TICK_03012025\Options\MIDCPNIFTY30JAN2512975CE.NFO.csv
2025-10-27 20:31:44,353 [INFO] [root] [MainThread]: Successfully processed: NFO\GFDLNFO_TICK_03012025\Options\MIDCPNIFTY30JAN2512975CE.NFO.csv
2025-10-27 20:31:44,353 [INFO] [root] [MainThread]: Started processing: NFO\GFDLNFO_TICK_03012025\Options\MIDCPNIFTY30JAN2513000CE.NFO.csv
2025-10-27 20:31:44,420 [INFO] [root] [MainThread]: Successfully processed: NFO\GFDLNFO_TICK_03012025\Options\MIDCPNIFTY30JAN2513000CE.NFO.csv
2025-10-27 20:31:44,420 [INFO] [root] [MainThread]: Started processing: NFO\GFDLNFO_TICK_03012025\Options\MIDCPNIFTY30JAN2513025CE.NFO.csv
2025-10-27 20:31:44,473 [INFO] [root] [MainThread]: Successfully processed: NFO\GFDLNFO_TICK_03012025\Options\MIDCPNIFTY30JAN2513025CE.NFO.csv
2025-10-27 20:31:44,473 [INFO] [root] [MainThread]: Started processing: NFO\GFDLNFO_TICK_03012025\Options\MIDCPNIFTY30JAN2513050CE.NFO.csv
2025-10-27 20:31:44,521 [INFO] [root] [MainThread]: Successfully processed: NFO\GFDLNFO_TICK_03012025\Options\MIDCPNIFTY30JAN2513050CE.NFO.csv
2025-10-27 20:31:44,521 [INFO] [root] [MainThread]: Started processing: NFO\GFDLNFO_TICK_03012025\Options\MIDCPNIFTY30JAN2513075CE.NFO.csv
2025-10-27 20:31:44,565 [INFO] [root] [MainThread]: Successfully processed: NFO\GFDLNFO_TICK_03012025\Options\MIDCPNIFTY30JAN2513075CE.NFO.csv
2025-10-27 20:31:44,565 [INFO] [root] [MainThread]: Started processing: NFO\GFDLNFO_TICK_03012025\Options\MIDCPNIFTY30JAN2513100CE.NFO.csv
2025-10-27 20:31:44,623 [INFO] [root] [MainThread]: Successfully processed: NFO\GFDLNFO_TICK_03012025\Options\MIDCPNIFTY30JAN2513100CE.NFO.csv
2025-10-27 20:31:44,623 [INFO] [root] [MainThread]: Started processing: NFO\GFDLNFO_TICK_03012025\Options\MIDCPNIFTY30JAN2513125CE.NFO.csv
2025-10-27 20:31:44,676 [INFO] [root] [MainThread]: Successfully processed: NFO\GFDLNFO_TICK_03012025\Options\MIDCPNIFTY30JAN2513125CE.NFO.csv
2025-10-27 20:31:44,676 [INFO] [root] [MainThread]: Started processing: NFO\GFDLNFO_TICK_03012025\Options\MIDCPNIFTY30JAN2513150CE.NFO.csv
2025-10-27 20:31:44,724 [INFO] [root] [MainThread]: Successfully processed: NFO\GFDLNFO_TICK_03012025\Options\MIDCPNIFTY30JAN2513150CE.NFO.csv
2025-10-27 20:31:44,724 [INFO] [root] [MainThread]: Started processing: NFO\GFDLNFO_TICK_03012025\Options\MIDCPNIFTY30JAN2513175CE.NFO.csv
2025-10-27 20:31:44,770 [INFO] [root] [MainThread]: Successfully processed: NFO\GFDLNFO_TICK_03012025\Options\MIDCPNIFTY30JAN2513175CE.NFO.csv
2025-10-27 20:31:44,770 [INFO] [root] [MainThread]: Started processing: NFO\GFDLNFO_TICK_03012025\Options\MIDCPNIFTY30JAN2513200CE.NFO.csv
2025-10-27 20:31:44,827 [INFO] [root] [MainThread]: Successfully processed: NFO\GFDLNFO_TICK_03012025\Options\MIDCPNIFTY30JAN2513200CE.NFO.csv
2025-10-27 20:31:44,828 [INFO] [root] [MainThread]: Started processing: NFO\GFDLNFO_TICK_03012025\Options\MIDCPNIFTY30JAN2513225CE.NFO.csv
2025-10-27 20:31:44,871 [INFO] [root] [MainThread]: Successfully processed: NFO\GFDLNFO_TICK_03012025\Options\MIDCPNIFTY30JAN2513225CE.NFO.csv
2025-10-27 20:31:44,872 [INFO] [root] [MainThread]: Started processing: NFO\GFDLNFO_TICK_03012025\Options\MIDCPNIFTY30JAN2513250CE.NFO.csv
2025-10-27 20:31:44,913 [INFO] [root] [MainThread]: Successfully processed: NFO\GFDLNFO_TICK_03012025\Options\MIDCPNIFTY30JAN2513250CE.NFO.csv
2025-10-27 20:31:44,913 [INFO] [root] [MainThread]: Started processing: NFO\GFDLNFO_TICK_03012025\Options\MIDCPNIFTY30JAN2513275CE.NFO.csv
2025-10-27 20:31:44,950 [INFO] [root] [MainThread]: Successfully processed: NFO\GFDLNFO_TICK_03012025\Options\MIDCPNIFTY30JAN2513275CE.NFO.csv
2025-10-27 20:31:44,950 [INFO] [root] [MainThread]: Started processing: NFO\GFDLNFO_TICK_03012025\Options\MIDCPNIFTY30JAN2513300CE.NFO.csv
2025-10-27 20:31:44,996 [INFO] [root] [MainThread]: Successfully processed: NFO\GFDLNFO_TICK_03012025\Options\MIDCPNIFTY30JAN2513300CE.NFO.csv
2025-10-27 20:31:44,996 [INFO] [root] [MainThread]: Started processing: NFO\GFDLNFO_TICK_03012025\Options\MIDCPNIFTY30JAN2513325CE.NFO.csv
2025-10-27 20:31:45,031 [INFO] [root] [MainThread]: Successfully processed: NFO\GFDLNFO_TICK_03012025\Options\MIDCPNIFTY30JAN2513325CE.NFO.csv
2025-10-27 20:31:45,031 [INFO] [root] [MainThread]: Started processing: NFO\GFDLNFO_TICK_03012025\Options\MIDCPNIFTY30JAN2513350CE.NFO.csv
2025-10-27 20:31:45,068 [INFO] [root] [MainThread]: Successfully processed: NFO\GFDLNFO_TICK_03012025\Options\MIDCPNIFTY30JAN2513350CE.NFO.csv
2025-10-27 20:31:45,068 [INFO] [root] [MainThread]: Started processing: NFO\GFDLNFO_TICK_03012025\Options\MIDCPNIFTY30JAN2513375CE.NFO.csv
2025-10-27 20:31:45,103 [INFO] [root] [MainThread]: Successfully processed: NFO\GFDLNFO_TICK_03012025\Options\MIDCPNIFTY30JAN2513375CE.NFO.csv
2025-10-27 20:31:45,103 [INFO] [root] [MainThread]: Started processing: NFO\GFDLNFO_TICK_03012025\Options\MIDCPNIFTY30JAN2513400CE.NFO.csv
2025-10-27 20:31:45,145 [INFO] [root] [MainThread]: Successfully processed: NFO\GFDLNFO_TICK_03012025\Options\MIDCPNIFTY30JAN2513400CE.NFO.csv
2025-10-27 20:31:45,145 [INFO] [root] [MainThread]: Started processing: NFO\GFDLNFO_TICK_03012025\Options\MIDCPNIFTY30JAN2513425CE.NFO.csv
2025-10-27 20:31:45,181 [INFO] [root] [MainThread]: Successfully processed: NFO\GFDLNFO_TICK_03012025\Options\MIDCPNIFTY30JAN2513425CE.NFO.csv
2025-10-27 20:31:45,182 [INFO] [root] [MainThread]: Started processing: NFO\GFDLNFO_TICK_03012025\Options\MIDCPNIFTY30JAN2513450CE.NFO.csv
2025-10-27 20:31:45,215 [INFO] [root] [MainThread]: Successfully processed: NFO\GFDLNFO_TICK_03012025\Options\MIDCPNIFTY30JAN2513450CE.NFO.csv
2025-10-27 20:31:45,215 [INFO] [root] [MainThread]: Started processing: NFO\GFDLNFO_TICK_03012025\Options\MIDCPNIFTY30JAN2513475CE.NFO.csv
2025-10-27 20:31:45,250 [INFO] [root] [MainThread]: Successfully processed: NFO\GFDLNFO_TICK_03012025\Options\MIDCPNIFTY30JAN2513475CE.NFO.csv
2025-10-27 20:31:45,250 [INFO] [root] [MainThread]: Started processing: NFO\GFDLNFO_TICK_03012025\Options\MIDCPNIFTY30JAN2513500CE.NFO.csv
2025-10-27 20:31:45,297 [INFO] [root] [MainThread]: Successfully processed: NFO\GFDLNFO_TICK_03012025\Options\MIDCPNIFTY30JAN2513500CE.NFO.csv
2025-10-27 20:31:45,298 [INFO] [root] [MainThread]: Started processing: NFO\GFDLNFO_TICK_03012025\Options\MIDCPNIFTY30JAN2513525CE.NFO.csv
2025-10-27 20:31:45,330 [INFO] [root] [MainThread]: Successfully processed: NFO\GFDLNFO_TICK_03012025\Options\MIDCPNIFTY30JAN2513525CE.NFO.csv
2025-10-27 20:31:45,330 [INFO] [root] [MainThread]: Started processing: NFO\GFDLNFO_TICK_03012025\Options\MIDCPNIFTY30JAN2513550CE.NFO.csv
2025-10-27 20:31:45,366 [INFO] [root] [MainThread]: Successfully processed: NFO\GFDLNFO_TICK_03012025\Options\MIDCPNIFTY30JAN2513550CE.NFO.csv
2025-10-27 20:31:45,366 [INFO] [root] [MainThread]: Started processing: NFO\GFDLNFO_TICK_03012025\Options\MIDCPNIFTY30JAN2513575CE.NFO.csv
2025-10-27 20:31:45,399 [INFO] [root] [MainThread]: Successfully processed: NFO\GFDLNFO_TICK_03012025\Options\MIDCPNIFTY30JAN2513575CE.NFO.csv
2025-10-27 20:31:45,399 [INFO] [root] [MainThread]: Started processing: NFO\GFDLNFO_TICK_03012025\Options\MIDCPNIFTY30JAN2513600CE.NFO.csv
2025-10-27 20:31:45,450 [INFO] [root] [MainThread]: Successfully processed: NFO\GFDLNFO_TICK_03012025\Options\MIDCPNIFTY30JAN2513600CE.NFO.csv
2025-10-27 20:31:45,450 [INFO] [root] [MainThread]: Started processing: NFO\GFDLNFO_TICK_03012025\Options\MIDCPNIFTY30JAN2513625CE.NFO.csv
2025-10-27 20:31:45,483 [INFO] [root] [MainThread]: Successfully processed: NFO\GFDLNFO_TICK_03012025\Options\MIDCPNIFTY30JAN2513625CE.NFO.csv
2025-10-27 20:31:45,484 [INFO] [root] [MainThread]: Started processing: NFO\GFDLNFO_TICK_03012025\Options\MIDCPNIFTY30JAN2513650CE.NFO.csv
2025-10-27 20:31:45,510 [INFO] [root] [MainThread]: Successfully processed: NFO\GFDLNFO_TICK_03012025\Options\MIDCPNIFTY30JAN2513650CE.NFO.csv
2025-10-27 20:31:45,510 [INFO] [root] [MainThread]: Started processing: NFO\GFDLNFO_TICK_03012025\Options\MIDCPNIFTY30JAN2513675CE.NFO.csv
2025-10-27 20:31:45,543 [INFO] [root] [MainThread]: Successfully processed: NFO\GFDLNFO_TICK_03012025\Options\MIDCPNIFTY30JAN2513675CE.NFO.csv
2025-10-27 20:31:45,543 [INFO] [root] [MainThread]: Started processing: NFO\GFDLNFO_TICK_03012025\Options\MIDCPNIFTY30JAN2513700CE.NFO.csv
2025-10-27 20:31:45,576 [INFO] [root] [MainThread]: Successfully processed: NFO\GFDLNFO_TICK_03012025\Options\MIDCPNIFTY30JAN2513700CE.NFO.csv
2025-10-27 20:31:45,576 [INFO] [root] [MainThread]: Started processing: NFO\GFDLNFO_TICK_03012025\Options\MIDCPNIFTY30JAN2513725CE.NFO.csv
2025-10-27 20:31:45,603 [INFO] [root] [MainThread]: Successfully processed: NFO\GFDLNFO_TICK_03012025\Options\MIDCPNIFTY30JAN2513725CE.NFO.csv
2025-10-27 20:31:45,603 [INFO] [root] [MainThread]: Started processing: NFO\GFDLNFO_TICK_03012025\Options\MIDCPNIFTY30JAN2513750CE.NFO.csv
2025-10-27 20:31:45,629 [INFO] [root] [MainThread]: Successfully processed: NFO\GFDLNFO_TICK_03012025\Options\MIDCPNIFTY30JAN2513750CE.NFO.csv
2025-10-27 20:31:45,629 [INFO] [root] [MainThread]: Started processing: NFO\GFDLNFO_TICK_03012025\Options\MIDCPNIFTY30JAN2513775CE.NFO.csv
2025-10-27 20:31:45,659 [INFO] [root] [MainThread]: Successfully processed: NFO\GFDLNFO_TICK_03012025\Options\MIDCPNIFTY30JAN2513775CE.NFO.csv
2025-10-27 20:31:45,659 [INFO] [root] [MainThread]: Started processing: NFO\GFDLNFO_TICK_03012025\Options\MIDCPNIFTY30JAN2513800CE.NFO.csv
2025-10-27 20:31:45,695 [INFO] [root] [MainThread]: Successfully processed: NFO\GFDLNFO_TICK_03012025\Options\MIDCPNIFTY30JAN2513800CE.NFO.csv
2025-10-27 20:31:45,695 [INFO] [root] [MainThread]: Started processing: NFO\GFDLNFO_TICK_03012025\Options\MIDCPNIFTY30JAN2513825CE.NFO.csv
2025-10-27 20:31:45,717 [INFO] [root] [MainThread]: Successfully processed: NFO\GFDLNFO_TICK_03012025\Options\MIDCPNIFTY30JAN2513825CE.NFO.csv
2025-10-27 20:31:45,718 [INFO] [root] [MainThread]: Started processing: NFO\GFDLNFO_TICK_03012025\Options\MIDCPNIFTY30JAN2513850CE.NFO.csv
2025-10-27 20:31:45,742 [INFO] [root] [MainThread]: Successfully processed: NFO\GFDLNFO_TICK_03012025\Options\MIDCPNIFTY30JAN2513850CE.NFO.csv
2025-10-27 20:31:45,742 [INFO] [root] [MainThread]: Started processing: NFO\GFDLNFO_TICK_03012025\Options\MIDCPNIFTY30JAN2513875CE.NFO.csv
2025-10-27 20:31:45,765 [INFO] [root] [MainThread]: Successfully processed: NFO\GFDLNFO_TICK_03012025\Options\MIDCPNIFTY30JAN2513875CE.NFO.csv
2025-10-27 20:31:45,765 [INFO] [root] [MainThread]: Started processing: NFO\GFDLNFO_TICK_03012025\Options\MIDCPNIFTY30JAN2513900CE.NFO.csv
2025-10-27 20:31:45,794 [INFO] [root] [MainThread]: Successfully processed: NFO\GFDLNFO_TICK_03012025\Options\MIDCPNIFTY30JAN2513900CE.NFO.csv
2025-10-27 20:31:45,794 [INFO] [root] [MainThread]: Started processing: NFO\GFDLNFO_TICK_03012025\Options\MIDCPNIFTY30JAN2513925CE.NFO.csv
2025-10-27 20:31:45,813 [INFO] [root] [MainThread]: Successfully processed: NFO\GFDLNFO_TICK_03012025\Options\MIDCPNIFTY30JAN2513925CE.NFO.csv
2025-10-27 20:31:45,813 [INFO] [root] [MainThread]: Started processing: NFO\GFDLNFO_TICK_03012025\Options\MIDCPNIFTY30JAN2513950CE.NFO.csv
2025-10-27 20:31:45,832 [INFO] [root] [MainThread]: Successfully processed: NFO\GFDLNFO_TICK_03012025\Options\MIDCPNIFTY30JAN2513950CE.NFO.csv
2025-10-27 20:31:45,832 [INFO] [root] [MainThread]: Started processing: NFO\GFDLNFO_TICK_03012025\Options\MIDCPNIFTY30JAN2514000CE.NFO.csv
2025-10-27 20:31:45,861 [INFO] [root] [MainThread]: Successfully processed: NFO\GFDLNFO_TICK_03012025\Options\MIDCPNIFTY30JAN2514000CE.NFO.csv
2025-10-27 20:31:45,861 [INFO] [root] [MainThread]: Started processing: NFO\GFDLNFO_TICK_03012025\Options\MIDCPNIFTY30JAN2514100CE.NFO.csv
2025-10-27 20:31:45,882 [INFO] [root] [MainThread]: Successfully processed: NFO\GFDLNFO_TICK_03012025\Options\MIDCPNIFTY30JAN2514100CE.NFO.csv
2025-10-27 20:31:45,883 [INFO] [root] [MainThread]: Started processing: NFO\GFDLNFO_TICK_03012025\Options\MIDCPNIFTY30JAN2514200CE.NFO.csv
2025-10-27 20:31:45,904 [INFO] [root] [MainThread]: Successfully processed: NFO\GFDLNFO_TICK_03012025\Options\MIDCPNIFTY30JAN2514200CE.NFO.csv
2025-10-27 20:31:45,904 [INFO] [root] [MainThread]: Started processing: NFO\GFDLNFO_TICK_03012025\Options\MIDCPNIFTY30JAN2514300CE.NFO.csv
2025-10-27 20:31:45,923 [INFO] [root] [MainThread]: Successfully processed: NFO\GFDLNFO_TICK_03012025\Options\MIDCPNIFTY30JAN2514300CE.NFO.csv
2025-10-27 20:31:45,923 [INFO] [root] [MainThread]: Started processing: NFO\GFDLNFO_TICK_03012025\Options\MIDCPNIFTY30JAN2514400CE.NFO.csv
2025-10-27 20:31:45,944 [INFO] [root] [MainThread]: Successfully processed: NFO\GFDLNFO_TICK_03012025\Options\MIDCPNIFTY30JAN2514400CE.NFO.csv
2025-10-27 20:31:45,945 [INFO] [root] [MainThread]: Started processing: NFO\GFDLNFO_TICK_03012025\Options\MIDCPNIFTY30JAN2514500CE.NFO.csv
2025-10-27 20:31:45,963 [INFO] [root] [MainThread]: Successfully processed: NFO\GFDLNFO_TICK_03012025\Options\MIDCPNIFTY30JAN2514500CE.NFO.csv
2025-10-27 20:31:45,963 [INFO] [root] [MainThread]: Started processing: NFO\GFDLNFO_TICK_03012025\Options\MIDCPNIFTY30JAN2514600CE.NFO.csv
2025-10-27 20:31:45,974 [INFO] [root] [MainThread]: Successfully processed: NFO\GFDLNFO_TICK_03012025\Options\MIDCPNIFTY30JAN2514600CE.NFO.csv
2025-10-27 20:31:45,974 [INFO] [root] [MainThread]: Started processing: NFO\GFDLNFO_TICK_03012025\Options\MIDCPNIFTY30JAN2514700CE.NFO.csv
2025-10-27 20:31:46,000 [INFO] [root] [MainThread]: Successfully processed: NFO\GFDLNFO_TICK_03012025\Options\MIDCPNIFTY30JAN2514700CE.NFO.csv
2025-10-27 20:31:46,000 [INFO] [root] [MainThread]: Combining 67 dataframes...
2025-10-27 20:31:46,017 [INFO] [root] [MainThread]: Writing to ProcessedParquet\midcpnifty_call_03012025.parquet (69729 rows)...
2025-10-27 20:31:46,098 [INFO] [root] [MainThread]: Successfully saved 67 option files to ProcessedParquet\midcpnifty_call_03012025.parquet
2025-10-27 20:31:46,098 [INFO] [root] [MainThread]: Utility stopped.
