2025-10-27 10:01:29,454 [INFO] [root] [MainThread]: Utility started.
2025-10-27 10:01:29,454 [INFO] [root] [MainThread]: Found date 03012025 from folder name: GFDLNFO_TICK_03012025
2025-10-27 10:01:29,455 [INFO] [root] [MainThread]: Got following folder info {'03012025': {'GFDLNFO_TICK_03012025'}} for processing {'index': 'FINNIFTY', 'instrument_type': 'put'}.
2025-10-27 10:01:29,455 [INFO] [root] [MainThread]: Started processing folder: GFDLNFO_TICK_03012025 for {'index': 'FINNIFTY', 'instrument_type': 'put'}
2025-10-27 10:01:29,480 [INFO] [root] [MainThread]: Found 70 put option files to process for FINNIFTY.
2025-10-27 10:01:29,491 [INFO] [root] [MainThread]: Started processing: GFDLNFO_TICK_03012025\Options\FINNIFTY30JAN2520000PE.NFO.csv
2025-10-27 10:01:29,535 [INFO] [root] [MainThread]: Successfully processed and saved: ProcessedCSV\finnifty_put_03012025.csv
2025-10-27 10:01:29,535 [INFO] [root] [MainThread]: Started processing: GFDLNFO_TICK_03012025\Options\FINNIFTY30JAN2520500PE.NFO.csv
2025-10-27 10:01:29,559 [INFO] [root] [MainThread]: Successfully processed and saved: ProcessedCSV\finnifty_put_03012025.csv
2025-10-27 10:01:29,559 [INFO] [root] [MainThread]: Started processing: GFDLNFO_TICK_03012025\Options\FINNIFTY30JAN2521000PE.NFO.csv
2025-10-27 10:01:29,591 [INFO] [root] [MainThread]: Successfully processed and saved: ProcessedCSV\finnifty_put_03012025.csv
2025-10-27 10:01:29,591 [INFO] [root] [MainThread]: Started processing: GFDLNFO_TICK_03012025\Options\FINNIFTY30JAN2521100PE.NFO.csv
2025-10-27 10:01:29,616 [INFO] [root] [MainThread]: Successfully processed and saved: ProcessedCSV\finnifty_put_03012025.csv
2025-10-27 10:01:29,616 [INFO] [root] [MainThread]: Started processing: GFDLNFO_TICK_03012025\Options\FINNIFTY30JAN2521200PE.NFO.csv
2025-10-27 10:01:29,639 [INFO] [root] [MainThread]: Successfully processed and saved: ProcessedCSV\finnifty_put_03012025.csv
2025-10-27 10:01:29,639 [INFO] [root] [MainThread]: Started processing: GFDLNFO_TICK_03012025\Options\FINNIFTY30JAN2521300PE.NFO.csv
2025-10-27 10:01:29,667 [INFO] [root] [MainThread]: Successfully processed and saved: ProcessedCSV\finnifty_put_03012025.csv
2025-10-27 10:01:29,667 [INFO] [root] [MainThread]: Started processing: GFDLNFO_TICK_03012025\Options\FINNIFTY30JAN2521400PE.NFO.csv
2025-10-27 10:01:29,695 [INFO] [root] [MainThread]: Successfully processed and saved: ProcessedCSV\finnifty_put_03012025.csv
2025-10-27 10:01:29,695 [INFO] [root] [MainThread]: Started processing: GFDLNFO_TICK_03012025\Options\FINNIFTY30JAN2521500PE.NFO.csv
2025-10-27 10:01:29,731 [INFO] [root] [MainThread]: Successfully processed and saved: ProcessedCSV\finnifty_put_03012025.csv
2025-10-27 10:01:29,731 [INFO] [root] [MainThread]: Started processing: GFDLNFO_TICK_03012025\Options\FINNIFTY30JAN2521600PE.NFO.csv
2025-10-27 10:01:29,759 [INFO] [root] [MainThread]: Successfully processed and saved: ProcessedCSV\finnifty_put_03012025.csv
2025-10-27 10:01:29,759 [INFO] [root] [MainThread]: Started processing: GFDLNFO_TICK_03012025\Options\FINNIFTY30JAN2521700PE.NFO.csv
2025-10-27 10:01:29,793 [INFO] [root] [MainThread]: Successfully processed and saved: ProcessedCSV\finnifty_put_03012025.csv
2025-10-27 10:01:29,793 [INFO] [root] [MainThread]: Started processing: GFDLNFO_TICK_03012025\Options\FINNIFTY30JAN2521800PE.NFO.csv
2025-10-27 10:01:29,829 [INFO] [root] [MainThread]: Successfully processed and saved: ProcessedCSV\finnifty_put_03012025.csv
2025-10-27 10:01:29,829 [INFO] [root] [MainThread]: Started processing: GFDLNFO_TICK_03012025\Options\FINNIFTY30JAN2522000PE.NFO.csv
2025-10-27 10:01:29,871 [INFO] [root] [MainThread]: Successfully processed and saved: ProcessedCSV\finnifty_put_03012025.csv
2025-10-27 10:01:29,871 [INFO] [root] [MainThread]: Started processing: GFDLNFO_TICK_03012025\Options\FINNIFTY30JAN2522100PE.NFO.csv
2025-10-27 10:01:29,896 [INFO] [root] [MainThread]: Successfully processed and saved: ProcessedCSV\finnifty_put_03012025.csv
2025-10-27 10:01:29,896 [INFO] [root] [MainThread]: Started processing: GFDLNFO_TICK_03012025\Options\FINNIFTY30JAN2522200PE.NFO.csv
2025-10-27 10:01:29,924 [INFO] [root] [MainThread]: Successfully processed and saved: ProcessedCSV\finnifty_put_03012025.csv
2025-10-27 10:01:29,924 [INFO] [root] [MainThread]: Started processing: GFDLNFO_TICK_03012025\Options\FINNIFTY30JAN2522250PE.NFO.csv
2025-10-27 10:01:29,948 [INFO] [root] [MainThread]: Successfully processed and saved: ProcessedCSV\finnifty_put_03012025.csv
2025-10-27 10:01:29,948 [INFO] [root] [MainThread]: Started processing: GFDLNFO_TICK_03012025\Options\FINNIFTY30JAN2522300PE.NFO.csv
2025-10-27 10:01:29,976 [INFO] [root] [MainThread]: Successfully processed and saved: ProcessedCSV\finnifty_put_03012025.csv
2025-10-27 10:01:29,976 [INFO] [root] [MainThread]: Started processing: GFDLNFO_TICK_03012025\Options\FINNIFTY30JAN2522350PE.NFO.csv
2025-10-27 10:01:30,022 [INFO] [root] [MainThread]: Successfully processed and saved: ProcessedCSV\finnifty_put_03012025.csv
2025-10-27 10:01:30,022 [INFO] [root] [MainThread]: Started processing: GFDLNFO_TICK_03012025\Options\FINNIFTY30JAN2522400PE.NFO.csv
2025-10-27 10:01:30,051 [INFO] [root] [MainThread]: Successfully processed and saved: ProcessedCSV\finnifty_put_03012025.csv
2025-10-27 10:01:30,051 [INFO] [root] [MainThread]: Started processing: GFDLNFO_TICK_03012025\Options\FINNIFTY30JAN2522450PE.NFO.csv
2025-10-27 10:01:30,128 [INFO] [root] [MainThread]: Successfully processed and saved: ProcessedCSV\finnifty_put_03012025.csv
2025-10-27 10:01:30,128 [INFO] [root] [MainThread]: Started processing: GFDLNFO_TICK_03012025\Options\FINNIFTY30JAN2522500PE.NFO.csv
2025-10-27 10:01:30,240 [INFO] [root] [MainThread]: Successfully processed and saved: ProcessedCSV\finnifty_put_03012025.csv
2025-10-27 10:01:30,241 [INFO] [root] [MainThread]: Started processing: GFDLNFO_TICK_03012025\Options\FINNIFTY30JAN2522550PE.NFO.csv
2025-10-27 10:01:30,285 [INFO] [root] [MainThread]: Successfully processed and saved: ProcessedCSV\finnifty_put_03012025.csv
2025-10-27 10:01:30,285 [INFO] [root] [MainThread]: Started processing: GFDLNFO_TICK_03012025\Options\FINNIFTY30JAN2522600PE.NFO.csv
2025-10-27 10:01:30,326 [INFO] [root] [MainThread]: Successfully processed and saved: ProcessedCSV\finnifty_put_03012025.csv
2025-10-27 10:01:30,326 [INFO] [root] [MainThread]: Started processing: GFDLNFO_TICK_03012025\Options\FINNIFTY30JAN2522650PE.NFO.csv
2025-10-27 10:01:30,366 [INFO] [root] [MainThread]: Successfully processed and saved: ProcessedCSV\finnifty_put_03012025.csv
2025-10-27 10:01:30,366 [INFO] [root] [MainThread]: Started processing: GFDLNFO_TICK_03012025\Options\FINNIFTY30JAN2522700PE.NFO.csv
2025-10-27 10:01:30,402 [INFO] [root] [MainThread]: Successfully processed and saved: ProcessedCSV\finnifty_put_03012025.csv
2025-10-27 10:01:30,402 [INFO] [root] [MainThread]: Started processing: GFDLNFO_TICK_03012025\Options\FINNIFTY30JAN2522750PE.NFO.csv
2025-10-27 10:01:30,443 [INFO] [root] [MainThread]: Successfully processed and saved: ProcessedCSV\finnifty_put_03012025.csv
2025-10-27 10:01:30,443 [INFO] [root] [MainThread]: Started processing: GFDLNFO_TICK_03012025\Options\FINNIFTY30JAN2522800PE.NFO.csv
2025-10-27 10:01:30,482 [INFO] [root] [MainThread]: Successfully processed and saved: ProcessedCSV\finnifty_put_03012025.csv
2025-10-27 10:01:30,482 [INFO] [root] [MainThread]: Started processing: GFDLNFO_TICK_03012025\Options\FINNIFTY30JAN2522850PE.NFO.csv
2025-10-27 10:01:30,523 [INFO] [root] [MainThread]: Successfully processed and saved: ProcessedCSV\finnifty_put_03012025.csv
2025-10-27 10:01:30,523 [INFO] [root] [MainThread]: Started processing: GFDLNFO_TICK_03012025\Options\FINNIFTY30JAN2522900PE.NFO.csv
2025-10-27 10:01:30,552 [INFO] [root] [MainThread]: Successfully processed and saved: ProcessedCSV\finnifty_put_03012025.csv
2025-10-27 10:01:30,553 [INFO] [root] [MainThread]: Started processing: GFDLNFO_TICK_03012025\Options\FINNIFTY30JAN2522950PE.NFO.csv
2025-10-27 10:01:30,592 [INFO] [root] [MainThread]: Successfully processed and saved: ProcessedCSV\finnifty_put_03012025.csv
2025-10-27 10:01:30,592 [INFO] [root] [MainThread]: Started processing: GFDLNFO_TICK_03012025\Options\FINNIFTY30JAN2523000PE.NFO.csv
2025-10-27 10:01:30,677 [INFO] [root] [MainThread]: Successfully processed and saved: ProcessedCSV\finnifty_put_03012025.csv
2025-10-27 10:01:30,677 [INFO] [root] [MainThread]: Started processing: GFDLNFO_TICK_03012025\Options\FINNIFTY30JAN2523050PE.NFO.csv
2025-10-27 10:01:30,716 [INFO] [root] [MainThread]: Successfully processed and saved: ProcessedCSV\finnifty_put_03012025.csv
2025-10-27 10:01:30,716 [INFO] [root] [MainThread]: Started processing: GFDLNFO_TICK_03012025\Options\FINNIFTY30JAN2523100PE.NFO.csv
2025-10-27 10:01:30,749 [INFO] [root] [MainThread]: Successfully processed and saved: ProcessedCSV\finnifty_put_03012025.csv
2025-10-27 10:01:30,749 [INFO] [root] [MainThread]: Started processing: GFDLNFO_TICK_03012025\Options\FINNIFTY30JAN2523150PE.NFO.csv
2025-10-27 10:01:30,787 [INFO] [root] [MainThread]: Successfully processed and saved: ProcessedCSV\finnifty_put_03012025.csv
2025-10-27 10:01:30,787 [INFO] [root] [MainThread]: Started processing: GFDLNFO_TICK_03012025\Options\FINNIFTY30JAN2523200PE.NFO.csv
2025-10-27 10:01:30,822 [INFO] [root] [MainThread]: Successfully processed and saved: ProcessedCSV\finnifty_put_03012025.csv
2025-10-27 10:01:30,822 [INFO] [root] [MainThread]: Started processing: GFDLNFO_TICK_03012025\Options\FINNIFTY30JAN2523250PE.NFO.csv
2025-10-27 10:01:30,864 [INFO] [root] [MainThread]: Successfully processed and saved: ProcessedCSV\finnifty_put_03012025.csv
2025-10-27 10:01:30,864 [INFO] [root] [MainThread]: Started processing: GFDLNFO_TICK_03012025\Options\FINNIFTY30JAN2523300PE.NFO.csv
2025-10-27 10:01:30,902 [INFO] [root] [MainThread]: Successfully processed and saved: ProcessedCSV\finnifty_put_03012025.csv
2025-10-27 10:01:30,902 [INFO] [root] [MainThread]: Started processing: GFDLNFO_TICK_03012025\Options\FINNIFTY30JAN2523350PE.NFO.csv
2025-10-27 10:01:30,949 [INFO] [root] [MainThread]: Successfully processed and saved: ProcessedCSV\finnifty_put_03012025.csv
2025-10-27 10:01:30,949 [INFO] [root] [MainThread]: Started processing: GFDLNFO_TICK_03012025\Options\FINNIFTY30JAN2523400PE.NFO.csv
2025-10-27 10:01:31,012 [INFO] [root] [MainThread]: Successfully processed and saved: ProcessedCSV\finnifty_put_03012025.csv
2025-10-27 10:01:31,012 [INFO] [root] [MainThread]: Started processing: GFDLNFO_TICK_03012025\Options\FINNIFTY30JAN2523450PE.NFO.csv
2025-10-27 10:01:31,057 [INFO] [root] [MainThread]: Successfully processed and saved: ProcessedCSV\finnifty_put_03012025.csv
2025-10-27 10:01:31,057 [INFO] [root] [MainThread]: Started processing: GFDLNFO_TICK_03012025\Options\FINNIFTY30JAN2523500PE.NFO.csv
2025-10-27 10:01:31,136 [INFO] [root] [MainThread]: Successfully processed and saved: ProcessedCSV\finnifty_put_03012025.csv
2025-10-27 10:01:31,136 [INFO] [root] [MainThread]: Started processing: GFDLNFO_TICK_03012025\Options\FINNIFTY30JAN2523550PE.NFO.csv
2025-10-27 10:01:31,189 [INFO] [root] [MainThread]: Successfully processed and saved: ProcessedCSV\finnifty_put_03012025.csv
2025-10-27 10:01:31,189 [INFO] [root] [MainThread]: Started processing: GFDLNFO_TICK_03012025\Options\FINNIFTY30JAN2523600PE.NFO.csv
2025-10-27 10:01:31,250 [INFO] [root] [MainThread]: Successfully processed and saved: ProcessedCSV\finnifty_put_03012025.csv
2025-10-27 10:01:31,250 [INFO] [root] [MainThread]: Started processing: GFDLNFO_TICK_03012025\Options\FINNIFTY30JAN2523650PE.NFO.csv
2025-10-27 10:01:31,312 [INFO] [root] [MainThread]: Successfully processed and saved: ProcessedCSV\finnifty_put_03012025.csv
2025-10-27 10:01:31,312 [INFO] [root] [MainThread]: Started processing: GFDLNFO_TICK_03012025\Options\FINNIFTY30JAN2523700PE.NFO.csv
2025-10-27 10:01:31,405 [INFO] [root] [MainThread]: Successfully processed and saved: ProcessedCSV\finnifty_put_03012025.csv
2025-10-27 10:01:31,405 [INFO] [root] [MainThread]: Started processing: GFDLNFO_TICK_03012025\Options\FINNIFTY30JAN2523750PE.NFO.csv
2025-10-27 10:01:31,515 [INFO] [root] [MainThread]: Successfully processed and saved: ProcessedCSV\finnifty_put_03012025.csv
2025-10-27 10:01:31,515 [INFO] [root] [MainThread]: Started processing: GFDLNFO_TICK_03012025\Options\FINNIFTY30JAN2523800PE.NFO.csv
2025-10-27 10:01:31,654 [INFO] [root] [MainThread]: Successfully processed and saved: ProcessedCSV\finnifty_put_03012025.csv
2025-10-27 10:01:31,654 [INFO] [root] [MainThread]: Started processing: GFDLNFO_TICK_03012025\Options\FINNIFTY30JAN2523850PE.NFO.csv
2025-10-27 10:01:31,777 [INFO] [root] [MainThread]: Successfully processed and saved: ProcessedCSV\finnifty_put_03012025.csv
2025-10-27 10:01:31,777 [INFO] [root] [MainThread]: Started processing: GFDLNFO_TICK_03012025\Options\FINNIFTY30JAN2523900PE.NFO.csv
2025-10-27 10:01:31,889 [INFO] [root] [MainThread]: Successfully processed and saved: ProcessedCSV\finnifty_put_03012025.csv
2025-10-27 10:01:31,889 [INFO] [root] [MainThread]: Started processing: GFDLNFO_TICK_03012025\Options\FINNIFTY30JAN2523950PE.NFO.csv
2025-10-27 10:01:31,970 [INFO] [root] [MainThread]: Successfully processed and saved: ProcessedCSV\finnifty_put_03012025.csv
2025-10-27 10:01:31,970 [INFO] [root] [MainThread]: Started processing: GFDLNFO_TICK_03012025\Options\FINNIFTY30JAN2524000PE.NFO.csv
2025-10-27 10:01:32,080 [INFO] [root] [MainThread]: Successfully processed and saved: ProcessedCSV\finnifty_put_03012025.csv
2025-10-27 10:01:32,080 [INFO] [root] [MainThread]: Started processing: GFDLNFO_TICK_03012025\Options\FINNIFTY30JAN2524050PE.NFO.csv
2025-10-27 10:01:32,146 [INFO] [root] [MainThread]: Successfully processed and saved: ProcessedCSV\finnifty_put_03012025.csv
2025-10-27 10:01:32,146 [INFO] [root] [MainThread]: Started processing: GFDLNFO_TICK_03012025\Options\FINNIFTY30JAN2524100PE.NFO.csv
2025-10-27 10:01:32,210 [INFO] [root] [MainThread]: Successfully processed and saved: ProcessedCSV\finnifty_put_03012025.csv
2025-10-27 10:01:32,210 [INFO] [root] [MainThread]: Started processing: GFDLNFO_TICK_03012025\Options\FINNIFTY30JAN2524150PE.NFO.csv
2025-10-27 10:01:32,263 [INFO] [root] [MainThread]: Successfully processed and saved: ProcessedCSV\finnifty_put_03012025.csv
2025-10-27 10:01:32,264 [INFO] [root] [MainThread]: Started processing: GFDLNFO_TICK_03012025\Options\FINNIFTY30JAN2524200PE.NFO.csv
2025-10-27 10:01:32,321 [INFO] [root] [MainThread]: Successfully processed and saved: ProcessedCSV\finnifty_put_03012025.csv
2025-10-27 10:01:32,321 [INFO] [root] [MainThread]: Started processing: GFDLNFO_TICK_03012025\Options\FINNIFTY30JAN2524250PE.NFO.csv
2025-10-27 10:01:32,368 [INFO] [root] [MainThread]: Successfully processed and saved: ProcessedCSV\finnifty_put_03012025.csv
2025-10-27 10:01:32,368 [INFO] [root] [MainThread]: Started processing: GFDLNFO_TICK_03012025\Options\FINNIFTY30JAN2524300PE.NFO.csv
2025-10-27 10:01:32,410 [INFO] [root] [MainThread]: Successfully processed and saved: ProcessedCSV\finnifty_put_03012025.csv
2025-10-27 10:01:32,410 [INFO] [root] [MainThread]: Started processing: GFDLNFO_TICK_03012025\Options\FINNIFTY30JAN2524350PE.NFO.csv
2025-10-27 10:01:32,457 [INFO] [root] [MainThread]: Successfully processed and saved: ProcessedCSV\finnifty_put_03012025.csv
2025-10-27 10:01:32,458 [INFO] [root] [MainThread]: Started processing: GFDLNFO_TICK_03012025\Options\FINNIFTY30JAN2524400PE.NFO.csv
2025-10-27 10:01:32,497 [INFO] [root] [MainThread]: Successfully processed and saved: ProcessedCSV\finnifty_put_03012025.csv
2025-10-27 10:01:32,497 [INFO] [root] [MainThread]: Started processing: GFDLNFO_TICK_03012025\Options\FINNIFTY30JAN2524450PE.NFO.csv
2025-10-27 10:01:32,535 [INFO] [root] [MainThread]: Successfully processed and saved: ProcessedCSV\finnifty_put_03012025.csv
2025-10-27 10:01:32,535 [INFO] [root] [MainThread]: Started processing: GFDLNFO_TICK_03012025\Options\FINNIFTY30JAN2524500PE.NFO.csv
2025-10-27 10:01:32,577 [INFO] [root] [MainThread]: Successfully processed and saved: ProcessedCSV\finnifty_put_03012025.csv
2025-10-27 10:01:32,577 [INFO] [root] [MainThread]: Started processing: GFDLNFO_TICK_03012025\Options\FINNIFTY30JAN2524550PE.NFO.csv
2025-10-27 10:01:32,614 [INFO] [root] [MainThread]: Successfully processed and saved: ProcessedCSV\finnifty_put_03012025.csv
2025-10-27 10:01:32,614 [INFO] [root] [MainThread]: Started processing: GFDLNFO_TICK_03012025\Options\FINNIFTY30JAN2524600PE.NFO.csv
2025-10-27 10:01:32,643 [INFO] [root] [MainThread]: Successfully processed and saved: ProcessedCSV\finnifty_put_03012025.csv
2025-10-27 10:01:32,643 [INFO] [root] [MainThread]: Started processing: GFDLNFO_TICK_03012025\Options\FINNIFTY30JAN2524650PE.NFO.csv
2025-10-27 10:01:32,682 [INFO] [root] [MainThread]: Successfully processed and saved: ProcessedCSV\finnifty_put_03012025.csv
2025-10-27 10:01:32,682 [INFO] [root] [MainThread]: Started processing: GFDLNFO_TICK_03012025\Options\FINNIFTY30JAN2524700PE.NFO.csv
2025-10-27 10:01:32,709 [INFO] [root] [MainThread]: Successfully processed and saved: ProcessedCSV\finnifty_put_03012025.csv
2025-10-27 10:01:32,709 [INFO] [root] [MainThread]: Started processing: GFDLNFO_TICK_03012025\Options\FINNIFTY30JAN2524750PE.NFO.csv
2025-10-27 10:01:32,744 [INFO] [root] [MainThread]: Successfully processed and saved: ProcessedCSV\finnifty_put_03012025.csv
2025-10-27 10:01:32,745 [INFO] [root] [MainThread]: Started processing: GFDLNFO_TICK_03012025\Options\FINNIFTY30JAN2524800PE.NFO.csv
2025-10-27 10:01:32,785 [INFO] [root] [MainThread]: Successfully processed and saved: ProcessedCSV\finnifty_put_03012025.csv
2025-10-27 10:01:32,785 [INFO] [root] [MainThread]: Started processing: GFDLNFO_TICK_03012025\Options\FINNIFTY30JAN2524850PE.NFO.csv
2025-10-27 10:01:32,817 [INFO] [root] [MainThread]: Successfully processed and saved: ProcessedCSV\finnifty_put_03012025.csv
2025-10-27 10:01:32,818 [INFO] [root] [MainThread]: Started processing: GFDLNFO_TICK_03012025\Options\FINNIFTY30JAN2524900PE.NFO.csv
2025-10-27 10:01:32,844 [INFO] [root] [MainThread]: Successfully processed and saved: ProcessedCSV\finnifty_put_03012025.csv
2025-10-27 10:01:32,844 [INFO] [root] [MainThread]: Started processing: GFDLNFO_TICK_03012025\Options\FINNIFTY30JAN2524950PE.NFO.csv
2025-10-27 10:01:32,870 [INFO] [root] [MainThread]: Successfully processed and saved: ProcessedCSV\finnifty_put_03012025.csv
2025-10-27 10:01:32,870 [INFO] [root] [MainThread]: Started processing: GFDLNFO_TICK_03012025\Options\FINNIFTY30JAN2525000PE.NFO.csv
2025-10-27 10:01:32,897 [INFO] [root] [MainThread]: Successfully processed and saved: ProcessedCSV\finnifty_put_03012025.csv
2025-10-27 10:01:32,897 [INFO] [root] [MainThread]: Utility stopped.
