2025-10-27 20:32:15,697 [INFO] [root] [MainThread]: Utility started.
2025-10-27 20:32:15,697 [INFO] [root] [MainThread]: Processing MIDCPNIFTY from NFO exchange
2025-10-27 20:32:15,697 [INFO] [root] [MainThread]: Detected yearly folder structure in NFO\GFDLNFO_TICK_03012025
2025-10-27 20:32:16,354 [INFO] [root] [MainThread]: No date subfolders found, extracted date 03012025 from parent folder: GFDLNFO_TICK_03012025
2025-10-27 20:32:16,354 [INFO] [root] [MainThread]: Got following folder info {'03012025': {'NFO\\GFDLNFO_TICK_03012025'}} for processing {'index': 'MIDCPNIFTY', 'instrument_type': 'put'}.
2025-10-27 20:32:16,365 [INFO] [root] [MainThread]: Started processing folder: NFO\GFDLNFO_TICK_03012025 for {'index': 'MIDCPNIFTY', 'instrument_type': 'put'}, date: 03012025
2025-10-27 20:32:16,402 [INFO] [root] [MainThread]: Found 84 put option files to process for MIDCPNIFTY.
2025-10-27 20:32:16,403 [INFO] [root] [MainThread]: Started processing: NFO\GFDLNFO_TICK_03012025\Options\MIDCPNIFTY27FEB2511100PE.NFO.csv
2025-10-27 20:32:16,422 [INFO] [root] [MainThread]: Successfully processed: NFO\GFDLNFO_TICK_03012025\Options\MIDCPNIFTY27FEB2511100PE.NFO.csv
2025-10-27 20:32:16,422 [INFO] [root] [MainThread]: Started processing: NFO\GFDLNFO_TICK_03012025\Options\MIDCPNIFTY27FEB2513000PE.NFO.csv
2025-10-27 20:32:16,442 [INFO] [root] [MainThread]: Successfully processed: NFO\GFDLNFO_TICK_03012025\Options\MIDCPNIFTY27FEB2513000PE.NFO.csv
2025-10-27 20:32:16,442 [INFO] [root] [MainThread]: Started processing: NFO\GFDLNFO_TICK_03012025\Options\MIDCPNIFTY30JAN2510600PE.NFO.csv
2025-10-27 20:32:16,471 [INFO] [root] [MainThread]: Successfully processed: NFO\GFDLNFO_TICK_03012025\Options\MIDCPNIFTY30JAN2510600PE.NFO.csv
2025-10-27 20:32:16,471 [INFO] [root] [MainThread]: Started processing: NFO\GFDLNFO_TICK_03012025\Options\MIDCPNIFTY30JAN2510700PE.NFO.csv
2025-10-27 20:32:16,486 [INFO] [root] [MainThread]: Successfully processed: NFO\GFDLNFO_TICK_03012025\Options\MIDCPNIFTY30JAN2510700PE.NFO.csv
2025-10-27 20:32:16,486 [INFO] [root] [MainThread]: Started processing: NFO\GFDLNFO_TICK_03012025\Options\MIDCPNIFTY30JAN2510800PE.NFO.csv
2025-10-27 20:32:16,503 [INFO] [root] [MainThread]: Successfully processed: NFO\GFDLNFO_TICK_03012025\Options\MIDCPNIFTY30JAN2510800PE.NFO.csv
2025-10-27 20:32:16,503 [INFO] [root] [MainThread]: Started processing: NFO\GFDLNFO_TICK_03012025\Options\MIDCPNIFTY30JAN2510900PE.NFO.csv
2025-10-27 20:32:16,515 [INFO] [root] [MainThread]: Successfully processed: NFO\GFDLNFO_TICK_03012025\Options\MIDCPNIFTY30JAN2510900PE.NFO.csv
2025-10-27 20:32:16,515 [INFO] [root] [MainThread]: Started processing: NFO\GFDLNFO_TICK_03012025\Options\MIDCPNIFTY30JAN2511000PE.NFO.csv
2025-10-27 20:32:16,531 [INFO] [root] [MainThread]: Successfully processed: NFO\GFDLNFO_TICK_03012025\Options\MIDCPNIFTY30JAN2511000PE.NFO.csv
2025-10-27 20:32:16,531 [INFO] [root] [MainThread]: Started processing: NFO\GFDLNFO_TICK_03012025\Options\MIDCPNIFTY30JAN2511100PE.NFO.csv
2025-10-27 20:32:16,544 [INFO] [root] [MainThread]: Successfully processed: NFO\GFDLNFO_TICK_03012025\Options\MIDCPNIFTY30JAN2511100PE.NFO.csv
2025-10-27 20:32:16,544 [INFO] [root] [MainThread]: Started processing: NFO\GFDLNFO_TICK_03012025\Options\MIDCPNIFTY30JAN2511200PE.NFO.csv
2025-10-27 20:32:16,559 [INFO] [root] [MainThread]: Successfully processed: NFO\GFDLNFO_TICK_03012025\Options\MIDCPNIFTY30JAN2511200PE.NFO.csv
2025-10-27 20:32:16,559 [INFO] [root] [MainThread]: Started processing: NFO\GFDLNFO_TICK_03012025\Options\MIDCPNIFTY30JAN2511300PE.NFO.csv
2025-10-27 20:32:16,573 [INFO] [root] [MainThread]: Successfully processed: NFO\GFDLNFO_TICK_03012025\Options\MIDCPNIFTY30JAN2511300PE.NFO.csv
2025-10-27 20:32:16,574 [INFO] [root] [MainThread]: Started processing: NFO\GFDLNFO_TICK_03012025\Options\MIDCPNIFTY30JAN2511400PE.NFO.csv
2025-10-27 20:32:16,591 [INFO] [root] [MainThread]: Successfully processed: NFO\GFDLNFO_TICK_03012025\Options\MIDCPNIFTY30JAN2511400PE.NFO.csv
2025-10-27 20:32:16,592 [INFO] [root] [MainThread]: Started processing: NFO\GFDLNFO_TICK_03012025\Options\MIDCPNIFTY30JAN2511450PE.NFO.csv
2025-10-27 20:32:16,614 [INFO] [root] [MainThread]: Successfully processed: NFO\GFDLNFO_TICK_03012025\Options\MIDCPNIFTY30JAN2511450PE.NFO.csv
2025-10-27 20:32:16,614 [INFO] [root] [MainThread]: Started processing: NFO\GFDLNFO_TICK_03012025\Options\MIDCPNIFTY30JAN2511475PE.NFO.csv
2025-10-27 20:32:16,625 [INFO] [root] [MainThread]: Successfully processed: NFO\GFDLNFO_TICK_03012025\Options\MIDCPNIFTY30JAN2511475PE.NFO.csv
2025-10-27 20:32:16,626 [INFO] [root] [MainThread]: Started processing: NFO\GFDLNFO_TICK_03012025\Options\MIDCPNIFTY30JAN2511500PE.NFO.csv
2025-10-27 20:32:16,646 [INFO] [root] [MainThread]: Successfully processed: NFO\GFDLNFO_TICK_03012025\Options\MIDCPNIFTY30JAN2511500PE.NFO.csv
2025-10-27 20:32:16,646 [INFO] [root] [MainThread]: Started processing: NFO\GFDLNFO_TICK_03012025\Options\MIDCPNIFTY30JAN2511525PE.NFO.csv
2025-10-27 20:32:16,664 [INFO] [root] [MainThread]: Successfully processed: NFO\GFDLNFO_TICK_03012025\Options\MIDCPNIFTY30JAN2511525PE.NFO.csv
2025-10-27 20:32:16,664 [INFO] [root] [MainThread]: Started processing: NFO\GFDLNFO_TICK_03012025\Options\MIDCPNIFTY30JAN2511550PE.NFO.csv
2025-10-27 20:32:16,689 [INFO] [root] [MainThread]: Successfully processed: NFO\GFDLNFO_TICK_03012025\Options\MIDCPNIFTY30JAN2511550PE.NFO.csv
2025-10-27 20:32:16,689 [INFO] [root] [MainThread]: Started processing: NFO\GFDLNFO_TICK_03012025\Options\MIDCPNIFTY30JAN2511575PE.NFO.csv
2025-10-27 20:32:16,703 [INFO] [root] [MainThread]: Successfully processed: NFO\GFDLNFO_TICK_03012025\Options\MIDCPNIFTY30JAN2511575PE.NFO.csv
2025-10-27 20:32:16,703 [INFO] [root] [MainThread]: Started processing: NFO\GFDLNFO_TICK_03012025\Options\MIDCPNIFTY30JAN2511600PE.NFO.csv
2025-10-27 20:32:16,728 [INFO] [root] [MainThread]: Successfully processed: NFO\GFDLNFO_TICK_03012025\Options\MIDCPNIFTY30JAN2511600PE.NFO.csv
2025-10-27 20:32:16,728 [INFO] [root] [MainThread]: Started processing: NFO\GFDLNFO_TICK_03012025\Options\MIDCPNIFTY30JAN2511650PE.NFO.csv
2025-10-27 20:32:16,747 [INFO] [root] [MainThread]: Successfully processed: NFO\GFDLNFO_TICK_03012025\Options\MIDCPNIFTY30JAN2511650PE.NFO.csv
2025-10-27 20:32:16,747 [INFO] [root] [MainThread]: Started processing: NFO\GFDLNFO_TICK_03012025\Options\MIDCPNIFTY30JAN2511750PE.NFO.csv
2025-10-27 20:32:16,768 [INFO] [root] [MainThread]: Successfully processed: NFO\GFDLNFO_TICK_03012025\Options\MIDCPNIFTY30JAN2511750PE.NFO.csv
2025-10-27 20:32:16,768 [INFO] [root] [MainThread]: Started processing: NFO\GFDLNFO_TICK_03012025\Options\MIDCPNIFTY30JAN2511825PE.NFO.csv
2025-10-27 20:32:16,778 [INFO] [root] [MainThread]: Successfully processed: NFO\GFDLNFO_TICK_03012025\Options\MIDCPNIFTY30JAN2511825PE.NFO.csv
2025-10-27 20:32:16,778 [INFO] [root] [MainThread]: Started processing: NFO\GFDLNFO_TICK_03012025\Options\MIDCPNIFTY30JAN2511850PE.NFO.csv
2025-10-27 20:32:16,788 [INFO] [root] [MainThread]: Successfully processed: NFO\GFDLNFO_TICK_03012025\Options\MIDCPNIFTY30JAN2511850PE.NFO.csv
2025-10-27 20:32:16,788 [INFO] [root] [MainThread]: Started processing: NFO\GFDLNFO_TICK_03012025\Options\MIDCPNIFTY30JAN2511875PE.NFO.csv
2025-10-27 20:32:16,800 [INFO] [root] [MainThread]: Successfully processed: NFO\GFDLNFO_TICK_03012025\Options\MIDCPNIFTY30JAN2511875PE.NFO.csv
2025-10-27 20:32:16,800 [INFO] [root] [MainThread]: Started processing: NFO\GFDLNFO_TICK_03012025\Options\MIDCPNIFTY30JAN2511900PE.NFO.csv
2025-10-27 20:32:16,832 [INFO] [root] [MainThread]: Successfully processed: NFO\GFDLNFO_TICK_03012025\Options\MIDCPNIFTY30JAN2511900PE.NFO.csv
2025-10-27 20:32:16,832 [INFO] [root] [MainThread]: Started processing: NFO\GFDLNFO_TICK_03012025\Options\MIDCPNIFTY30JAN2511925PE.NFO.csv
2025-10-27 20:32:16,844 [INFO] [root] [MainThread]: Successfully processed: NFO\GFDLNFO_TICK_03012025\Options\MIDCPNIFTY30JAN2511925PE.NFO.csv
2025-10-27 20:32:16,845 [INFO] [root] [MainThread]: Started processing: NFO\GFDLNFO_TICK_03012025\Options\MIDCPNIFTY30JAN2511950PE.NFO.csv
2025-10-27 20:32:16,858 [INFO] [root] [MainThread]: Successfully processed: NFO\GFDLNFO_TICK_03012025\Options\MIDCPNIFTY30JAN2511950PE.NFO.csv
2025-10-27 20:32:16,858 [INFO] [root] [MainThread]: Started processing: NFO\GFDLNFO_TICK_03012025\Options\MIDCPNIFTY30JAN2511975PE.NFO.csv
2025-10-27 20:32:16,872 [INFO] [root] [MainThread]: Successfully processed: NFO\GFDLNFO_TICK_03012025\Options\MIDCPNIFTY30JAN2511975PE.NFO.csv
2025-10-27 20:32:16,872 [INFO] [root] [MainThread]: Started processing: NFO\GFDLNFO_TICK_03012025\Options\MIDCPNIFTY30JAN2512000PE.NFO.csv
2025-10-27 20:32:16,911 [INFO] [root] [MainThread]: Successfully processed: NFO\GFDLNFO_TICK_03012025\Options\MIDCPNIFTY30JAN2512000PE.NFO.csv
2025-10-27 20:32:16,911 [INFO] [root] [MainThread]: Started processing: NFO\GFDLNFO_TICK_03012025\Options\MIDCPNIFTY30JAN2512025PE.NFO.csv
2025-10-27 20:32:16,923 [INFO] [root] [MainThread]: Successfully processed: NFO\GFDLNFO_TICK_03012025\Options\MIDCPNIFTY30JAN2512025PE.NFO.csv
2025-10-27 20:32:16,923 [INFO] [root] [MainThread]: Started processing: NFO\GFDLNFO_TICK_03012025\Options\MIDCPNIFTY30JAN2512075PE.NFO.csv
2025-10-27 20:32:16,937 [INFO] [root] [MainThread]: Successfully processed: NFO\GFDLNFO_TICK_03012025\Options\MIDCPNIFTY30JAN2512075PE.NFO.csv
2025-10-27 20:32:16,937 [INFO] [root] [MainThread]: Started processing: NFO\GFDLNFO_TICK_03012025\Options\MIDCPNIFTY30JAN2512125PE.NFO.csv
2025-10-27 20:32:16,967 [INFO] [root] [MainThread]: Successfully processed: NFO\GFDLNFO_TICK_03012025\Options\MIDCPNIFTY30JAN2512125PE.NFO.csv
2025-10-27 20:32:16,967 [INFO] [root] [MainThread]: Started processing: NFO\GFDLNFO_TICK_03012025\Options\MIDCPNIFTY30JAN2512150PE.NFO.csv
2025-10-27 20:32:16,994 [INFO] [root] [MainThread]: Successfully processed: NFO\GFDLNFO_TICK_03012025\Options\MIDCPNIFTY30JAN2512150PE.NFO.csv
2025-10-27 20:32:16,994 [INFO] [root] [MainThread]: Started processing: NFO\GFDLNFO_TICK_03012025\Options\MIDCPNIFTY30JAN2512175PE.NFO.csv
2025-10-27 20:32:17,019 [INFO] [root] [MainThread]: Successfully processed: NFO\GFDLNFO_TICK_03012025\Options\MIDCPNIFTY30JAN2512175PE.NFO.csv
2025-10-27 20:32:17,019 [INFO] [root] [MainThread]: Started processing: NFO\GFDLNFO_TICK_03012025\Options\MIDCPNIFTY30JAN2512200PE.NFO.csv
2025-10-27 20:32:17,056 [INFO] [root] [MainThread]: Successfully processed: NFO\GFDLNFO_TICK_03012025\Options\MIDCPNIFTY30JAN2512200PE.NFO.csv
2025-10-27 20:32:17,056 [INFO] [root] [MainThread]: Started processing: NFO\GFDLNFO_TICK_03012025\Options\MIDCPNIFTY30JAN2512225PE.NFO.csv
2025-10-27 20:32:17,074 [INFO] [root] [MainThread]: Successfully processed: NFO\GFDLNFO_TICK_03012025\Options\MIDCPNIFTY30JAN2512225PE.NFO.csv
2025-10-27 20:32:17,075 [INFO] [root] [MainThread]: Started processing: NFO\GFDLNFO_TICK_03012025\Options\MIDCPNIFTY30JAN2512250PE.NFO.csv
2025-10-27 20:32:17,104 [INFO] [root] [MainThread]: Successfully processed: NFO\GFDLNFO_TICK_03012025\Options\MIDCPNIFTY30JAN2512250PE.NFO.csv
2025-10-27 20:32:17,104 [INFO] [root] [MainThread]: Started processing: NFO\GFDLNFO_TICK_03012025\Options\MIDCPNIFTY30JAN2512275PE.NFO.csv
2025-10-27 20:32:17,130 [INFO] [root] [MainThread]: Successfully processed: NFO\GFDLNFO_TICK_03012025\Options\MIDCPNIFTY30JAN2512275PE.NFO.csv
2025-10-27 20:32:17,130 [INFO] [root] [MainThread]: Started processing: NFO\GFDLNFO_TICK_03012025\Options\MIDCPNIFTY30JAN2512300PE.NFO.csv
2025-10-27 20:32:17,164 [INFO] [root] [MainThread]: Successfully processed: NFO\GFDLNFO_TICK_03012025\Options\MIDCPNIFTY30JAN2512300PE.NFO.csv
2025-10-27 20:32:17,164 [INFO] [root] [MainThread]: Started processing: NFO\GFDLNFO_TICK_03012025\Options\MIDCPNIFTY30JAN2512325PE.NFO.csv
2025-10-27 20:32:17,192 [INFO] [root] [MainThread]: Successfully processed: NFO\GFDLNFO_TICK_03012025\Options\MIDCPNIFTY30JAN2512325PE.NFO.csv
2025-10-27 20:32:17,192 [INFO] [root] [MainThread]: Started processing: NFO\GFDLNFO_TICK_03012025\Options\MIDCPNIFTY30JAN2512350PE.NFO.csv
2025-10-27 20:32:17,221 [INFO] [root] [MainThread]: Successfully processed: NFO\GFDLNFO_TICK_03012025\Options\MIDCPNIFTY30JAN2512350PE.NFO.csv
2025-10-27 20:32:17,221 [INFO] [root] [MainThread]: Started processing: NFO\GFDLNFO_TICK_03012025\Options\MIDCPNIFTY30JAN2512375PE.NFO.csv
2025-10-27 20:32:17,253 [INFO] [root] [MainThread]: Successfully processed: NFO\GFDLNFO_TICK_03012025\Options\MIDCPNIFTY30JAN2512375PE.NFO.csv
2025-10-27 20:32:17,254 [INFO] [root] [MainThread]: Started processing: NFO\GFDLNFO_TICK_03012025\Options\MIDCPNIFTY30JAN2512400PE.NFO.csv
2025-10-27 20:32:17,288 [INFO] [root] [MainThread]: Successfully processed: NFO\GFDLNFO_TICK_03012025\Options\MIDCPNIFTY30JAN2512400PE.NFO.csv
2025-10-27 20:32:17,288 [INFO] [root] [MainThread]: Started processing: NFO\GFDLNFO_TICK_03012025\Options\MIDCPNIFTY30JAN2512425PE.NFO.csv
2025-10-27 20:32:17,319 [INFO] [root] [MainThread]: Successfully processed: NFO\GFDLNFO_TICK_03012025\Options\MIDCPNIFTY30JAN2512425PE.NFO.csv
2025-10-27 20:32:17,319 [INFO] [root] [MainThread]: Started processing: NFO\GFDLNFO_TICK_03012025\Options\MIDCPNIFTY30JAN2512450PE.NFO.csv
2025-10-27 20:32:17,355 [INFO] [root] [MainThread]: Successfully processed: NFO\GFDLNFO_TICK_03012025\Options\MIDCPNIFTY30JAN2512450PE.NFO.csv
2025-10-27 20:32:17,355 [INFO] [root] [MainThread]: Started processing: NFO\GFDLNFO_TICK_03012025\Options\MIDCPNIFTY30JAN2512475PE.NFO.csv
2025-10-27 20:32:17,398 [INFO] [root] [MainThread]: Successfully processed: NFO\GFDLNFO_TICK_03012025\Options\MIDCPNIFTY30JAN2512475PE.NFO.csv
2025-10-27 20:32:17,398 [INFO] [root] [MainThread]: Started processing: NFO\GFDLNFO_TICK_03012025\Options\MIDCPNIFTY30JAN2512500PE.NFO.csv
2025-10-27 20:32:17,452 [INFO] [root] [MainThread]: Successfully processed: NFO\GFDLNFO_TICK_03012025\Options\MIDCPNIFTY30JAN2512500PE.NFO.csv
2025-10-27 20:32:17,453 [INFO] [root] [MainThread]: Started processing: NFO\GFDLNFO_TICK_03012025\Options\MIDCPNIFTY30JAN2512525PE.NFO.csv
2025-10-27 20:32:17,494 [INFO] [root] [MainThread]: Successfully processed: NFO\GFDLNFO_TICK_03012025\Options\MIDCPNIFTY30JAN2512525PE.NFO.csv
2025-10-27 20:32:17,494 [INFO] [root] [MainThread]: Started processing: NFO\GFDLNFO_TICK_03012025\Options\MIDCPNIFTY30JAN2512550PE.NFO.csv
2025-10-27 20:32:17,530 [INFO] [root] [MainThread]: Successfully processed: NFO\GFDLNFO_TICK_03012025\Options\MIDCPNIFTY30JAN2512550PE.NFO.csv
2025-10-27 20:32:17,530 [INFO] [root] [MainThread]: Started processing: NFO\GFDLNFO_TICK_03012025\Options\MIDCPNIFTY30JAN2512575PE.NFO.csv
2025-10-27 20:32:17,578 [INFO] [root] [MainThread]: Successfully processed: NFO\GFDLNFO_TICK_03012025\Options\MIDCPNIFTY30JAN2512575PE.NFO.csv
2025-10-27 20:32:17,578 [INFO] [root] [MainThread]: Started processing: NFO\GFDLNFO_TICK_03012025\Options\MIDCPNIFTY30JAN2512600PE.NFO.csv
2025-10-27 20:32:17,646 [INFO] [root] [MainThread]: Successfully processed: NFO\GFDLNFO_TICK_03012025\Options\MIDCPNIFTY30JAN2512600PE.NFO.csv
2025-10-27 20:32:17,646 [INFO] [root] [MainThread]: Started processing: NFO\GFDLNFO_TICK_03012025\Options\MIDCPNIFTY30JAN2512625PE.NFO.csv
2025-10-27 20:32:17,695 [INFO] [root] [MainThread]: Successfully processed: NFO\GFDLNFO_TICK_03012025\Options\MIDCPNIFTY30JAN2512625PE.NFO.csv
2025-10-27 20:32:17,695 [INFO] [root] [MainThread]: Started processing: NFO\GFDLNFO_TICK_03012025\Options\MIDCPNIFTY30JAN2512650PE.NFO.csv
2025-10-27 20:32:17,750 [INFO] [root] [MainThread]: Successfully processed: NFO\GFDLNFO_TICK_03012025\Options\MIDCPNIFTY30JAN2512650PE.NFO.csv
2025-10-27 20:32:17,750 [INFO] [root] [MainThread]: Started processing: NFO\GFDLNFO_TICK_03012025\Options\MIDCPNIFTY30JAN2512675PE.NFO.csv
2025-10-27 20:32:17,795 [INFO] [root] [MainThread]: Successfully processed: NFO\GFDLNFO_TICK_03012025\Options\MIDCPNIFTY30JAN2512675PE.NFO.csv
2025-10-27 20:32:17,796 [INFO] [root] [MainThread]: Started processing: NFO\GFDLNFO_TICK_03012025\Options\MIDCPNIFTY30JAN2512700PE.NFO.csv
2025-10-27 20:32:17,854 [INFO] [root] [MainThread]: Successfully processed: NFO\GFDLNFO_TICK_03012025\Options\MIDCPNIFTY30JAN2512700PE.NFO.csv
2025-10-27 20:32:17,854 [INFO] [root] [MainThread]: Started processing: NFO\GFDLNFO_TICK_03012025\Options\MIDCPNIFTY30JAN2512725PE.NFO.csv
2025-10-27 20:32:17,904 [INFO] [root] [MainThread]: Successfully processed: NFO\GFDLNFO_TICK_03012025\Options\MIDCPNIFTY30JAN2512725PE.NFO.csv
2025-10-27 20:32:17,904 [INFO] [root] [MainThread]: Started processing: NFO\GFDLNFO_TICK_03012025\Options\MIDCPNIFTY30JAN2512750PE.NFO.csv
2025-10-27 20:32:17,947 [INFO] [root] [MainThread]: Successfully processed: NFO\GFDLNFO_TICK_03012025\Options\MIDCPNIFTY30JAN2512750PE.NFO.csv
2025-10-27 20:32:17,947 [INFO] [root] [MainThread]: Started processing: NFO\GFDLNFO_TICK_03012025\Options\MIDCPNIFTY30JAN2512775PE.NFO.csv
2025-10-27 20:32:17,983 [INFO] [root] [MainThread]: Successfully processed: NFO\GFDLNFO_TICK_03012025\Options\MIDCPNIFTY30JAN2512775PE.NFO.csv
2025-10-27 20:32:17,983 [INFO] [root] [MainThread]: Started processing: NFO\GFDLNFO_TICK_03012025\Options\MIDCPNIFTY30JAN2512800PE.NFO.csv
2025-10-27 20:32:18,032 [INFO] [root] [MainThread]: Successfully processed: NFO\GFDLNFO_TICK_03012025\Options\MIDCPNIFTY30JAN2512800PE.NFO.csv
2025-10-27 20:32:18,033 [INFO] [root] [MainThread]: Started processing: NFO\GFDLNFO_TICK_03012025\Options\MIDCPNIFTY30JAN2512825PE.NFO.csv
2025-10-27 20:32:18,069 [INFO] [root] [MainThread]: Successfully processed: NFO\GFDLNFO_TICK_03012025\Options\MIDCPNIFTY30JAN2512825PE.NFO.csv
2025-10-27 20:32:18,069 [INFO] [root] [MainThread]: Started processing: NFO\GFDLNFO_TICK_03012025\Options\MIDCPNIFTY30JAN2512850PE.NFO.csv
2025-10-27 20:32:18,110 [INFO] [root] [MainThread]: Successfully processed: NFO\GFDLNFO_TICK_03012025\Options\MIDCPNIFTY30JAN2512850PE.NFO.csv
2025-10-27 20:32:18,111 [INFO] [root] [MainThread]: Started processing: NFO\GFDLNFO_TICK_03012025\Options\MIDCPNIFTY30JAN2512875PE.NFO.csv
2025-10-27 20:32:18,159 [INFO] [root] [MainThread]: Successfully processed: NFO\GFDLNFO_TICK_03012025\Options\MIDCPNIFTY30JAN2512875PE.NFO.csv
2025-10-27 20:32:18,159 [INFO] [root] [MainThread]: Started processing: NFO\GFDLNFO_TICK_03012025\Options\MIDCPNIFTY30JAN2512900PE.NFO.csv
2025-10-27 20:32:18,246 [INFO] [root] [MainThread]: Successfully processed: NFO\GFDLNFO_TICK_03012025\Options\MIDCPNIFTY30JAN2512900PE.NFO.csv
2025-10-27 20:32:18,247 [INFO] [root] [MainThread]: Started processing: NFO\GFDLNFO_TICK_03012025\Options\MIDCPNIFTY30JAN2512925PE.NFO.csv
2025-10-27 20:32:18,291 [INFO] [root] [MainThread]: Successfully processed: NFO\GFDLNFO_TICK_03012025\Options\MIDCPNIFTY30JAN2512925PE.NFO.csv
2025-10-27 20:32:18,291 [INFO] [root] [MainThread]: Started processing: NFO\GFDLNFO_TICK_03012025\Options\MIDCPNIFTY30JAN2512950PE.NFO.csv
2025-10-27 20:32:18,340 [INFO] [root] [MainThread]: Successfully processed: NFO\GFDLNFO_TICK_03012025\Options\MIDCPNIFTY30JAN2512950PE.NFO.csv
2025-10-27 20:32:18,340 [INFO] [root] [MainThread]: Started processing: NFO\GFDLNFO_TICK_03012025\Options\MIDCPNIFTY30JAN2512975PE.NFO.csv
2025-10-27 20:32:18,390 [INFO] [root] [MainThread]: Successfully processed: NFO\GFDLNFO_TICK_03012025\Options\MIDCPNIFTY30JAN2512975PE.NFO.csv
2025-10-27 20:32:18,390 [INFO] [root] [MainThread]: Started processing: NFO\GFDLNFO_TICK_03012025\Options\MIDCPNIFTY30JAN2513000PE.NFO.csv
2025-10-27 20:32:18,469 [INFO] [root] [MainThread]: Successfully processed: NFO\GFDLNFO_TICK_03012025\Options\MIDCPNIFTY30JAN2513000PE.NFO.csv
2025-10-27 20:32:18,469 [INFO] [root] [MainThread]: Started processing: NFO\GFDLNFO_TICK_03012025\Options\MIDCPNIFTY30JAN2513025PE.NFO.csv
2025-10-27 20:32:18,525 [INFO] [root] [MainThread]: Successfully processed: NFO\GFDLNFO_TICK_03012025\Options\MIDCPNIFTY30JAN2513025PE.NFO.csv
2025-10-27 20:32:18,525 [INFO] [root] [MainThread]: Started processing: NFO\GFDLNFO_TICK_03012025\Options\MIDCPNIFTY30JAN2513050PE.NFO.csv
2025-10-27 20:32:18,575 [INFO] [root] [MainThread]: Successfully processed: NFO\GFDLNFO_TICK_03012025\Options\MIDCPNIFTY30JAN2513050PE.NFO.csv
2025-10-27 20:32:18,576 [INFO] [root] [MainThread]: Started processing: NFO\GFDLNFO_TICK_03012025\Options\MIDCPNIFTY30JAN2513075PE.NFO.csv
2025-10-27 20:32:18,624 [INFO] [root] [MainThread]: Successfully processed: NFO\GFDLNFO_TICK_03012025\Options\MIDCPNIFTY30JAN2513075PE.NFO.csv
2025-10-27 20:32:18,624 [INFO] [root] [MainThread]: Started processing: NFO\GFDLNFO_TICK_03012025\Options\MIDCPNIFTY30JAN2513100PE.NFO.csv
2025-10-27 20:32:18,682 [INFO] [root] [MainThread]: Successfully processed: NFO\GFDLNFO_TICK_03012025\Options\MIDCPNIFTY30JAN2513100PE.NFO.csv
2025-10-27 20:32:18,682 [INFO] [root] [MainThread]: Started processing: NFO\GFDLNFO_TICK_03012025\Options\MIDCPNIFTY30JAN2513125PE.NFO.csv
2025-10-27 20:32:18,726 [INFO] [root] [MainThread]: Successfully processed: NFO\GFDLNFO_TICK_03012025\Options\MIDCPNIFTY30JAN2513125PE.NFO.csv
2025-10-27 20:32:18,726 [INFO] [root] [MainThread]: Started processing: NFO\GFDLNFO_TICK_03012025\Options\MIDCPNIFTY30JAN2513150PE.NFO.csv
2025-10-27 20:32:18,774 [INFO] [root] [MainThread]: Successfully processed: NFO\GFDLNFO_TICK_03012025\Options\MIDCPNIFTY30JAN2513150PE.NFO.csv
2025-10-27 20:32:18,775 [INFO] [root] [MainThread]: Started processing: NFO\GFDLNFO_TICK_03012025\Options\MIDCPNIFTY30JAN2513175PE.NFO.csv
2025-10-27 20:32:18,813 [INFO] [root] [MainThread]: Successfully processed: NFO\GFDLNFO_TICK_03012025\Options\MIDCPNIFTY30JAN2513175PE.NFO.csv
2025-10-27 20:32:18,813 [INFO] [root] [MainThread]: Started processing: NFO\GFDLNFO_TICK_03012025\Options\MIDCPNIFTY30JAN2513200PE.NFO.csv
2025-10-27 20:32:18,863 [INFO] [root] [MainThread]: Successfully processed: NFO\GFDLNFO_TICK_03012025\Options\MIDCPNIFTY30JAN2513200PE.NFO.csv
2025-10-27 20:32:18,863 [INFO] [root] [MainThread]: Started processing: NFO\GFDLNFO_TICK_03012025\Options\MIDCPNIFTY30JAN2513225PE.NFO.csv
2025-10-27 20:32:18,898 [INFO] [root] [MainThread]: Successfully processed: NFO\GFDLNFO_TICK_03012025\Options\MIDCPNIFTY30JAN2513225PE.NFO.csv
2025-10-27 20:32:18,898 [INFO] [root] [MainThread]: Started processing: NFO\GFDLNFO_TICK_03012025\Options\MIDCPNIFTY30JAN2513250PE.NFO.csv
2025-10-27 20:32:18,941 [INFO] [root] [MainThread]: Successfully processed: NFO\GFDLNFO_TICK_03012025\Options\MIDCPNIFTY30JAN2513250PE.NFO.csv
2025-10-27 20:32:18,941 [INFO] [root] [MainThread]: Started processing: NFO\GFDLNFO_TICK_03012025\Options\MIDCPNIFTY30JAN2513275PE.NFO.csv
2025-10-27 20:32:18,981 [INFO] [root] [MainThread]: Successfully processed: NFO\GFDLNFO_TICK_03012025\Options\MIDCPNIFTY30JAN2513275PE.NFO.csv
2025-10-27 20:32:18,981 [INFO] [root] [MainThread]: Started processing: NFO\GFDLNFO_TICK_03012025\Options\MIDCPNIFTY30JAN2513300PE.NFO.csv
2025-10-27 20:32:19,024 [INFO] [root] [MainThread]: Successfully processed: NFO\GFDLNFO_TICK_03012025\Options\MIDCPNIFTY30JAN2513300PE.NFO.csv
2025-10-27 20:32:19,024 [INFO] [root] [MainThread]: Started processing: NFO\GFDLNFO_TICK_03012025\Options\MIDCPNIFTY30JAN2513350PE.NFO.csv
2025-10-27 20:32:19,062 [INFO] [root] [MainThread]: Successfully processed: NFO\GFDLNFO_TICK_03012025\Options\MIDCPNIFTY30JAN2513350PE.NFO.csv
2025-10-27 20:32:19,062 [INFO] [root] [MainThread]: Started processing: NFO\GFDLNFO_TICK_03012025\Options\MIDCPNIFTY30JAN2513400PE.NFO.csv
2025-10-27 20:32:19,097 [INFO] [root] [MainThread]: Successfully processed: NFO\GFDLNFO_TICK_03012025\Options\MIDCPNIFTY30JAN2513400PE.NFO.csv
2025-10-27 20:32:19,097 [INFO] [root] [MainThread]: Started processing: NFO\GFDLNFO_TICK_03012025\Options\MIDCPNIFTY30JAN2513475PE.NFO.csv
2025-10-27 20:32:19,133 [INFO] [root] [MainThread]: Successfully processed: NFO\GFDLNFO_TICK_03012025\Options\MIDCPNIFTY30JAN2513475PE.NFO.csv
2025-10-27 20:32:19,133 [INFO] [root] [MainThread]: Started processing: NFO\GFDLNFO_TICK_03012025\Options\MIDCPNIFTY30JAN2513500PE.NFO.csv
2025-10-27 20:32:19,171 [INFO] [root] [MainThread]: Successfully processed: NFO\GFDLNFO_TICK_03012025\Options\MIDCPNIFTY30JAN2513500PE.NFO.csv
2025-10-27 20:32:19,171 [INFO] [root] [MainThread]: Started processing: NFO\GFDLNFO_TICK_03012025\Options\MIDCPNIFTY30JAN2513600PE.NFO.csv
2025-10-27 20:32:19,204 [INFO] [root] [MainThread]: Successfully processed: NFO\GFDLNFO_TICK_03012025\Options\MIDCPNIFTY30JAN2513600PE.NFO.csv
2025-10-27 20:32:19,205 [INFO] [root] [MainThread]: Started processing: NFO\GFDLNFO_TICK_03012025\Options\MIDCPNIFTY30JAN2513700PE.NFO.csv
2025-10-27 20:32:19,218 [INFO] [root] [MainThread]: Successfully processed: NFO\GFDLNFO_TICK_03012025\Options\MIDCPNIFTY30JAN2513700PE.NFO.csv
2025-10-27 20:32:19,218 [INFO] [root] [MainThread]: Combining 84 dataframes...
2025-10-27 20:32:19,235 [INFO] [root] [MainThread]: Writing to ProcessedParquet\midcpnifty_put_03012025.parquet (65332 rows)...
2025-10-27 20:32:19,320 [INFO] [root] [MainThread]: Successfully saved 84 option files to ProcessedParquet\midcpnifty_put_03012025.parquet
2025-10-27 20:32:19,320 [INFO] [root] [MainThread]: Utility stopped.
