2025-10-27 20:26:14,672 [INFO] [root] [MainThread]: Utility started.
2025-10-27 20:26:14,674 [INFO] [root] [MainThread]: Processing BANKNIFTY from NFO exchange
2025-10-27 20:26:14,674 [INFO] [root] [MainThread]: Detected yearly folder structure in NFO\GFDLNFO_TICK_03012025
2025-10-27 20:26:15,572 [INFO] [root] [MainThread]: No date subfolders found, extracted date 03012025 from parent folder: GFDLNFO_TICK_03012025
2025-10-27 20:26:15,573 [INFO] [root] [MainThread]: Got following folder info {'03012025': {'NFO\\GFDLNFO_TICK_03012025'}} for processing {'index': 'BANKNIFTY', 'instrument_type': 'call'}.
2025-10-27 20:26:15,574 [INFO] [root] [MainThread]: Started processing folder: NFO\GFDLNFO_TICK_03012025 for {'index': 'BANKNIFTY', 'instrument_type': 'call'}, date: 03012025
2025-10-27 20:26:15,632 [INFO] [root] [MainThread]: Found 196 call option files to process for BANKNIFTY.
2025-10-27 20:26:15,632 [INFO] [root] [MainThread]: Started processing: NFO\GFDLNFO_TICK_03012025\Options\BANKNIFTY26JUN2552500CE.NFO.csv
2025-10-27 20:26:15,732 [INFO] [root] [MainThread]: Successfully processed: NFO\GFDLNFO_TICK_03012025\Options\BANKNIFTY26JUN2552500CE.NFO.csv
2025-10-27 20:26:15,732 [INFO] [root] [MainThread]: Started processing: NFO\GFDLNFO_TICK_03012025\Options\BANKNIFTY26JUN2554000CE.NFO.csv
2025-10-27 20:26:15,813 [INFO] [root] [MainThread]: Successfully processed: NFO\GFDLNFO_TICK_03012025\Options\BANKNIFTY26JUN2554000CE.NFO.csv
2025-10-27 20:26:15,813 [INFO] [root] [MainThread]: Started processing: NFO\GFDLNFO_TICK_03012025\Options\BANKNIFTY26JUN2557000CE.NFO.csv
2025-10-27 20:26:15,874 [INFO] [root] [MainThread]: Successfully processed: NFO\GFDLNFO_TICK_03012025\Options\BANKNIFTY26JUN2557000CE.NFO.csv
2025-10-27 20:26:15,874 [INFO] [root] [MainThread]: Started processing: NFO\GFDLNFO_TICK_03012025\Options\BANKNIFTY26JUN2558500CE.NFO.csv
2025-10-27 20:26:15,919 [INFO] [root] [MainThread]: Successfully processed: NFO\GFDLNFO_TICK_03012025\Options\BANKNIFTY26JUN2558500CE.NFO.csv
2025-10-27 20:26:15,919 [INFO] [root] [MainThread]: Started processing: NFO\GFDLNFO_TICK_03012025\Options\BANKNIFTY27FEB2545000CE.NFO.csv
2025-10-27 20:26:15,977 [INFO] [root] [MainThread]: Successfully processed: NFO\GFDLNFO_TICK_03012025\Options\BANKNIFTY27FEB2545000CE.NFO.csv
2025-10-27 20:26:15,977 [INFO] [root] [MainThread]: Started processing: NFO\GFDLNFO_TICK_03012025\Options\BANKNIFTY27FEB2547000CE.NFO.csv
2025-10-27 20:26:16,047 [INFO] [root] [MainThread]: Successfully processed: NFO\GFDLNFO_TICK_03012025\Options\BANKNIFTY27FEB2547000CE.NFO.csv
2025-10-27 20:26:16,048 [INFO] [root] [MainThread]: Started processing: NFO\GFDLNFO_TICK_03012025\Options\BANKNIFTY27FEB2548000CE.NFO.csv
2025-10-27 20:26:16,128 [INFO] [root] [MainThread]: Successfully processed: NFO\GFDLNFO_TICK_03012025\Options\BANKNIFTY27FEB2548000CE.NFO.csv
2025-10-27 20:26:16,128 [INFO] [root] [MainThread]: Started processing: NFO\GFDLNFO_TICK_03012025\Options\BANKNIFTY27FEB2549000CE.NFO.csv
2025-10-27 20:26:16,230 [INFO] [root] [MainThread]: Successfully processed: NFO\GFDLNFO_TICK_03012025\Options\BANKNIFTY27FEB2549000CE.NFO.csv
2025-10-27 20:26:16,230 [INFO] [root] [MainThread]: Started processing: NFO\GFDLNFO_TICK_03012025\Options\BANKNIFTY27FEB2549500CE.NFO.csv
2025-10-27 20:26:16,300 [INFO] [root] [MainThread]: Successfully processed: NFO\GFDLNFO_TICK_03012025\Options\BANKNIFTY27FEB2549500CE.NFO.csv
2025-10-27 20:26:16,301 [INFO] [root] [MainThread]: Started processing: NFO\GFDLNFO_TICK_03012025\Options\BANKNIFTY27FEB2549700CE.NFO.csv
2025-10-27 20:26:16,335 [INFO] [root] [MainThread]: Successfully processed: NFO\GFDLNFO_TICK_03012025\Options\BANKNIFTY27FEB2549700CE.NFO.csv
2025-10-27 20:26:16,336 [INFO] [root] [MainThread]: Started processing: NFO\GFDLNFO_TICK_03012025\Options\BANKNIFTY27FEB2549800CE.NFO.csv
2025-10-27 20:26:16,380 [INFO] [root] [MainThread]: Successfully processed: NFO\GFDLNFO_TICK_03012025\Options\BANKNIFTY27FEB2549800CE.NFO.csv
2025-10-27 20:26:16,380 [INFO] [root] [MainThread]: Started processing: NFO\GFDLNFO_TICK_03012025\Options\BANKNIFTY27FEB2549900CE.NFO.csv
2025-10-27 20:26:16,426 [INFO] [root] [MainThread]: Successfully processed: NFO\GFDLNFO_TICK_03012025\Options\BANKNIFTY27FEB2549900CE.NFO.csv
2025-10-27 20:26:16,426 [INFO] [root] [MainThread]: Started processing: NFO\GFDLNFO_TICK_03012025\Options\BANKNIFTY27FEB2550000CE.NFO.csv
2025-10-27 20:26:16,509 [INFO] [root] [MainThread]: Successfully processed: NFO\GFDLNFO_TICK_03012025\Options\BANKNIFTY27FEB2550000CE.NFO.csv
2025-10-27 20:26:16,509 [INFO] [root] [MainThread]: Started processing: NFO\GFDLNFO_TICK_03012025\Options\BANKNIFTY27FEB2550100CE.NFO.csv
2025-10-27 20:26:16,552 [INFO] [root] [MainThread]: Successfully processed: NFO\GFDLNFO_TICK_03012025\Options\BANKNIFTY27FEB2550100CE.NFO.csv
2025-10-27 20:26:16,552 [INFO] [root] [MainThread]: Started processing: NFO\GFDLNFO_TICK_03012025\Options\BANKNIFTY27FEB2550200CE.NFO.csv
2025-10-27 20:26:16,612 [INFO] [root] [MainThread]: Successfully processed: NFO\GFDLNFO_TICK_03012025\Options\BANKNIFTY27FEB2550200CE.NFO.csv
2025-10-27 20:26:16,613 [INFO] [root] [MainThread]: Started processing: NFO\GFDLNFO_TICK_03012025\Options\BANKNIFTY27FEB2550400CE.NFO.csv
2025-10-27 20:26:16,650 [INFO] [root] [MainThread]: Successfully processed: NFO\GFDLNFO_TICK_03012025\Options\BANKNIFTY27FEB2550400CE.NFO.csv
2025-10-27 20:26:16,651 [INFO] [root] [MainThread]: Started processing: NFO\GFDLNFO_TICK_03012025\Options\BANKNIFTY27FEB2550500CE.NFO.csv
2025-10-27 20:26:16,722 [INFO] [root] [MainThread]: Successfully processed: NFO\GFDLNFO_TICK_03012025\Options\BANKNIFTY27FEB2550500CE.NFO.csv
2025-10-27 20:26:16,722 [INFO] [root] [MainThread]: Started processing: NFO\GFDLNFO_TICK_03012025\Options\BANKNIFTY27FEB2550600CE.NFO.csv
2025-10-27 20:26:16,755 [INFO] [root] [MainThread]: Successfully processed: NFO\GFDLNFO_TICK_03012025\Options\BANKNIFTY27FEB2550600CE.NFO.csv
2025-10-27 20:26:16,755 [INFO] [root] [MainThread]: Started processing: NFO\GFDLNFO_TICK_03012025\Options\BANKNIFTY27FEB2550700CE.NFO.csv
2025-10-27 20:26:16,824 [INFO] [root] [MainThread]: Successfully processed: NFO\GFDLNFO_TICK_03012025\Options\BANKNIFTY27FEB2550700CE.NFO.csv
2025-10-27 20:26:16,825 [INFO] [root] [MainThread]: Started processing: NFO\GFDLNFO_TICK_03012025\Options\BANKNIFTY27FEB2550800CE.NFO.csv
2025-10-27 20:26:16,909 [INFO] [root] [MainThread]: Successfully processed: NFO\GFDLNFO_TICK_03012025\Options\BANKNIFTY27FEB2550800CE.NFO.csv
2025-10-27 20:26:16,910 [INFO] [root] [MainThread]: Started processing: NFO\GFDLNFO_TICK_03012025\Options\BANKNIFTY27FEB2550900CE.NFO.csv
2025-10-27 20:26:16,995 [INFO] [root] [MainThread]: Successfully processed: NFO\GFDLNFO_TICK_03012025\Options\BANKNIFTY27FEB2550900CE.NFO.csv
2025-10-27 20:26:16,995 [INFO] [root] [MainThread]: Started processing: NFO\GFDLNFO_TICK_03012025\Options\BANKNIFTY27FEB2551000CE.NFO.csv
2025-10-27 20:26:17,068 [INFO] [root] [MainThread]: Successfully processed: NFO\GFDLNFO_TICK_03012025\Options\BANKNIFTY27FEB2551000CE.NFO.csv
2025-10-27 20:26:17,069 [INFO] [root] [MainThread]: Started processing: NFO\GFDLNFO_TICK_03012025\Options\BANKNIFTY27FEB2551100CE.NFO.csv
2025-10-27 20:26:17,133 [INFO] [root] [MainThread]: Successfully processed: NFO\GFDLNFO_TICK_03012025\Options\BANKNIFTY27FEB2551100CE.NFO.csv
2025-10-27 20:26:17,133 [INFO] [root] [MainThread]: Started processing: NFO\GFDLNFO_TICK_03012025\Options\BANKNIFTY27FEB2551200CE.NFO.csv
2025-10-27 20:26:17,200 [INFO] [root] [MainThread]: Successfully processed: NFO\GFDLNFO_TICK_03012025\Options\BANKNIFTY27FEB2551200CE.NFO.csv
2025-10-27 20:26:17,200 [INFO] [root] [MainThread]: Started processing: NFO\GFDLNFO_TICK_03012025\Options\BANKNIFTY27FEB2551300CE.NFO.csv
2025-10-27 20:26:17,280 [INFO] [root] [MainThread]: Successfully processed: NFO\GFDLNFO_TICK_03012025\Options\BANKNIFTY27FEB2551300CE.NFO.csv
2025-10-27 20:26:17,280 [INFO] [root] [MainThread]: Started processing: NFO\GFDLNFO_TICK_03012025\Options\BANKNIFTY27FEB2551400CE.NFO.csv
2025-10-27 20:26:17,362 [INFO] [root] [MainThread]: Successfully processed: NFO\GFDLNFO_TICK_03012025\Options\BANKNIFTY27FEB2551400CE.NFO.csv
2025-10-27 20:26:17,363 [INFO] [root] [MainThread]: Started processing: NFO\GFDLNFO_TICK_03012025\Options\BANKNIFTY27FEB2551500CE.NFO.csv
2025-10-27 20:26:17,463 [INFO] [root] [MainThread]: Successfully processed: NFO\GFDLNFO_TICK_03012025\Options\BANKNIFTY27FEB2551500CE.NFO.csv
2025-10-27 20:26:17,463 [INFO] [root] [MainThread]: Started processing: NFO\GFDLNFO_TICK_03012025\Options\BANKNIFTY27FEB2551600CE.NFO.csv
2025-10-27 20:26:17,542 [INFO] [root] [MainThread]: Successfully processed: NFO\GFDLNFO_TICK_03012025\Options\BANKNIFTY27FEB2551600CE.NFO.csv
2025-10-27 20:26:17,542 [INFO] [root] [MainThread]: Started processing: NFO\GFDLNFO_TICK_03012025\Options\BANKNIFTY27FEB2551700CE.NFO.csv
2025-10-27 20:26:17,616 [INFO] [root] [MainThread]: Successfully processed: NFO\GFDLNFO_TICK_03012025\Options\BANKNIFTY27FEB2551700CE.NFO.csv
2025-10-27 20:26:17,616 [INFO] [root] [MainThread]: Started processing: NFO\GFDLNFO_TICK_03012025\Options\BANKNIFTY27FEB2551800CE.NFO.csv
2025-10-27 20:26:17,691 [INFO] [root] [MainThread]: Successfully processed: NFO\GFDLNFO_TICK_03012025\Options\BANKNIFTY27FEB2551800CE.NFO.csv
2025-10-27 20:26:17,691 [INFO] [root] [MainThread]: Started processing: NFO\GFDLNFO_TICK_03012025\Options\BANKNIFTY27FEB2551900CE.NFO.csv
2025-10-27 20:26:17,763 [INFO] [root] [MainThread]: Successfully processed: NFO\GFDLNFO_TICK_03012025\Options\BANKNIFTY27FEB2551900CE.NFO.csv
2025-10-27 20:26:17,764 [INFO] [root] [MainThread]: Started processing: NFO\GFDLNFO_TICK_03012025\Options\BANKNIFTY27FEB2552000CE.NFO.csv
2025-10-27 20:26:17,857 [INFO] [root] [MainThread]: Successfully processed: NFO\GFDLNFO_TICK_03012025\Options\BANKNIFTY27FEB2552000CE.NFO.csv
2025-10-27 20:26:17,857 [INFO] [root] [MainThread]: Started processing: NFO\GFDLNFO_TICK_03012025\Options\BANKNIFTY27FEB2552100CE.NFO.csv
2025-10-27 20:26:17,925 [INFO] [root] [MainThread]: Successfully processed: NFO\GFDLNFO_TICK_03012025\Options\BANKNIFTY27FEB2552100CE.NFO.csv
2025-10-27 20:26:17,926 [INFO] [root] [MainThread]: Started processing: NFO\GFDLNFO_TICK_03012025\Options\BANKNIFTY27FEB2552200CE.NFO.csv
2025-10-27 20:26:17,992 [INFO] [root] [MainThread]: Successfully processed: NFO\GFDLNFO_TICK_03012025\Options\BANKNIFTY27FEB2552200CE.NFO.csv
2025-10-27 20:26:17,993 [INFO] [root] [MainThread]: Started processing: NFO\GFDLNFO_TICK_03012025\Options\BANKNIFTY27FEB2552300CE.NFO.csv
2025-10-27 20:26:18,057 [INFO] [root] [MainThread]: Successfully processed: NFO\GFDLNFO_TICK_03012025\Options\BANKNIFTY27FEB2552300CE.NFO.csv
2025-10-27 20:26:18,058 [INFO] [root] [MainThread]: Started processing: NFO\GFDLNFO_TICK_03012025\Options\BANKNIFTY27FEB2552400CE.NFO.csv
2025-10-27 20:26:18,129 [INFO] [root] [MainThread]: Successfully processed: NFO\GFDLNFO_TICK_03012025\Options\BANKNIFTY27FEB2552400CE.NFO.csv
2025-10-27 20:26:18,129 [INFO] [root] [MainThread]: Started processing: NFO\GFDLNFO_TICK_03012025\Options\BANKNIFTY27FEB2552500CE.NFO.csv
2025-10-27 20:26:18,230 [INFO] [root] [MainThread]: Successfully processed: NFO\GFDLNFO_TICK_03012025\Options\BANKNIFTY27FEB2552500CE.NFO.csv
2025-10-27 20:26:18,230 [INFO] [root] [MainThread]: Started processing: NFO\GFDLNFO_TICK_03012025\Options\BANKNIFTY27FEB2552600CE.NFO.csv
2025-10-27 20:26:18,311 [INFO] [root] [MainThread]: Successfully processed: NFO\GFDLNFO_TICK_03012025\Options\BANKNIFTY27FEB2552600CE.NFO.csv
2025-10-27 20:26:18,311 [INFO] [root] [MainThread]: Started processing: NFO\GFDLNFO_TICK_03012025\Options\BANKNIFTY27FEB2552700CE.NFO.csv
2025-10-27 20:26:18,403 [INFO] [root] [MainThread]: Successfully processed: NFO\GFDLNFO_TICK_03012025\Options\BANKNIFTY27FEB2552700CE.NFO.csv
2025-10-27 20:26:18,403 [INFO] [root] [MainThread]: Started processing: NFO\GFDLNFO_TICK_03012025\Options\BANKNIFTY27FEB2552800CE.NFO.csv
2025-10-27 20:26:18,489 [INFO] [root] [MainThread]: Successfully processed: NFO\GFDLNFO_TICK_03012025\Options\BANKNIFTY27FEB2552800CE.NFO.csv
2025-10-27 20:26:18,489 [INFO] [root] [MainThread]: Started processing: NFO\GFDLNFO_TICK_03012025\Options\BANKNIFTY27FEB2552900CE.NFO.csv
2025-10-27 20:26:18,561 [INFO] [root] [MainThread]: Successfully processed: NFO\GFDLNFO_TICK_03012025\Options\BANKNIFTY27FEB2552900CE.NFO.csv
2025-10-27 20:26:18,561 [INFO] [root] [MainThread]: Started processing: NFO\GFDLNFO_TICK_03012025\Options\BANKNIFTY27FEB2553000CE.NFO.csv
2025-10-27 20:26:18,648 [INFO] [root] [MainThread]: Successfully processed: NFO\GFDLNFO_TICK_03012025\Options\BANKNIFTY27FEB2553000CE.NFO.csv
2025-10-27 20:26:18,649 [INFO] [root] [MainThread]: Started processing: NFO\GFDLNFO_TICK_03012025\Options\BANKNIFTY27FEB2553100CE.NFO.csv
2025-10-27 20:26:18,726 [INFO] [root] [MainThread]: Successfully processed: NFO\GFDLNFO_TICK_03012025\Options\BANKNIFTY27FEB2553100CE.NFO.csv
2025-10-27 20:26:18,726 [INFO] [root] [MainThread]: Started processing: NFO\GFDLNFO_TICK_03012025\Options\BANKNIFTY27FEB2553200CE.NFO.csv
2025-10-27 20:26:18,793 [INFO] [root] [MainThread]: Successfully processed: NFO\GFDLNFO_TICK_03012025\Options\BANKNIFTY27FEB2553200CE.NFO.csv
2025-10-27 20:26:18,794 [INFO] [root] [MainThread]: Started processing: NFO\GFDLNFO_TICK_03012025\Options\BANKNIFTY27FEB2553300CE.NFO.csv
2025-10-27 20:26:18,846 [INFO] [root] [MainThread]: Successfully processed: NFO\GFDLNFO_TICK_03012025\Options\BANKNIFTY27FEB2553300CE.NFO.csv
2025-10-27 20:26:18,846 [INFO] [root] [MainThread]: Started processing: NFO\GFDLNFO_TICK_03012025\Options\BANKNIFTY27FEB2553400CE.NFO.csv
2025-10-27 20:26:18,915 [INFO] [root] [MainThread]: Successfully processed: NFO\GFDLNFO_TICK_03012025\Options\BANKNIFTY27FEB2553400CE.NFO.csv
2025-10-27 20:26:18,915 [INFO] [root] [MainThread]: Started processing: NFO\GFDLNFO_TICK_03012025\Options\BANKNIFTY27FEB2553500CE.NFO.csv
2025-10-27 20:26:18,993 [INFO] [root] [MainThread]: Successfully processed: NFO\GFDLNFO_TICK_03012025\Options\BANKNIFTY27FEB2553500CE.NFO.csv
2025-10-27 20:26:18,993 [INFO] [root] [MainThread]: Started processing: NFO\GFDLNFO_TICK_03012025\Options\BANKNIFTY27FEB2553600CE.NFO.csv
2025-10-27 20:26:19,048 [INFO] [root] [MainThread]: Successfully processed: NFO\GFDLNFO_TICK_03012025\Options\BANKNIFTY27FEB2553600CE.NFO.csv
2025-10-27 20:26:19,048 [INFO] [root] [MainThread]: Started processing: NFO\GFDLNFO_TICK_03012025\Options\BANKNIFTY27FEB2553700CE.NFO.csv
2025-10-27 20:26:19,106 [INFO] [root] [MainThread]: Successfully processed: NFO\GFDLNFO_TICK_03012025\Options\BANKNIFTY27FEB2553700CE.NFO.csv
2025-10-27 20:26:19,106 [INFO] [root] [MainThread]: Started processing: NFO\GFDLNFO_TICK_03012025\Options\BANKNIFTY27FEB2553800CE.NFO.csv
2025-10-27 20:26:19,212 [INFO] [root] [MainThread]: Successfully processed: NFO\GFDLNFO_TICK_03012025\Options\BANKNIFTY27FEB2553800CE.NFO.csv
2025-10-27 20:26:19,212 [INFO] [root] [MainThread]: Started processing: NFO\GFDLNFO_TICK_03012025\Options\BANKNIFTY27FEB2553900CE.NFO.csv
2025-10-27 20:26:19,293 [INFO] [root] [MainThread]: Successfully processed: NFO\GFDLNFO_TICK_03012025\Options\BANKNIFTY27FEB2553900CE.NFO.csv
2025-10-27 20:26:19,293 [INFO] [root] [MainThread]: Started processing: NFO\GFDLNFO_TICK_03012025\Options\BANKNIFTY27FEB2554000CE.NFO.csv
2025-10-27 20:26:19,422 [INFO] [root] [MainThread]: Successfully processed: NFO\GFDLNFO_TICK_03012025\Options\BANKNIFTY27FEB2554000CE.NFO.csv
2025-10-27 20:26:19,423 [INFO] [root] [MainThread]: Started processing: NFO\GFDLNFO_TICK_03012025\Options\BANKNIFTY27FEB2554100CE.NFO.csv
2025-10-27 20:26:19,476 [INFO] [root] [MainThread]: Successfully processed: NFO\GFDLNFO_TICK_03012025\Options\BANKNIFTY27FEB2554100CE.NFO.csv
2025-10-27 20:26:19,476 [INFO] [root] [MainThread]: Started processing: NFO\GFDLNFO_TICK_03012025\Options\BANKNIFTY27FEB2554200CE.NFO.csv
2025-10-27 20:26:19,556 [INFO] [root] [MainThread]: Successfully processed: NFO\GFDLNFO_TICK_03012025\Options\BANKNIFTY27FEB2554200CE.NFO.csv
2025-10-27 20:26:19,556 [INFO] [root] [MainThread]: Started processing: NFO\GFDLNFO_TICK_03012025\Options\BANKNIFTY27FEB2554300CE.NFO.csv
2025-10-27 20:26:19,629 [INFO] [root] [MainThread]: Successfully processed: NFO\GFDLNFO_TICK_03012025\Options\BANKNIFTY27FEB2554300CE.NFO.csv
2025-10-27 20:26:19,630 [INFO] [root] [MainThread]: Started processing: NFO\GFDLNFO_TICK_03012025\Options\BANKNIFTY27FEB2554400CE.NFO.csv
2025-10-27 20:26:19,667 [INFO] [root] [MainThread]: Successfully processed: NFO\GFDLNFO_TICK_03012025\Options\BANKNIFTY27FEB2554400CE.NFO.csv
2025-10-27 20:26:19,668 [INFO] [root] [MainThread]: Started processing: NFO\GFDLNFO_TICK_03012025\Options\BANKNIFTY27FEB2554500CE.NFO.csv
2025-10-27 20:26:19,776 [INFO] [root] [MainThread]: Successfully processed: NFO\GFDLNFO_TICK_03012025\Options\BANKNIFTY27FEB2554500CE.NFO.csv
2025-10-27 20:26:19,776 [INFO] [root] [MainThread]: Started processing: NFO\GFDLNFO_TICK_03012025\Options\BANKNIFTY27FEB2554600CE.NFO.csv
2025-10-27 20:26:19,835 [INFO] [root] [MainThread]: Successfully processed: NFO\GFDLNFO_TICK_03012025\Options\BANKNIFTY27FEB2554600CE.NFO.csv
2025-10-27 20:26:19,835 [INFO] [root] [MainThread]: Started processing: NFO\GFDLNFO_TICK_03012025\Options\BANKNIFTY27FEB2554800CE.NFO.csv
2025-10-27 20:26:19,912 [INFO] [root] [MainThread]: Successfully processed: NFO\GFDLNFO_TICK_03012025\Options\BANKNIFTY27FEB2554800CE.NFO.csv
2025-10-27 20:26:19,912 [INFO] [root] [MainThread]: Started processing: NFO\GFDLNFO_TICK_03012025\Options\BANKNIFTY27FEB2554900CE.NFO.csv
2025-10-27 20:26:19,980 [INFO] [root] [MainThread]: Successfully processed: NFO\GFDLNFO_TICK_03012025\Options\BANKNIFTY27FEB2554900CE.NFO.csv
2025-10-27 20:26:19,980 [INFO] [root] [MainThread]: Started processing: NFO\GFDLNFO_TICK_03012025\Options\BANKNIFTY27FEB2555000CE.NFO.csv
2025-10-27 20:26:20,117 [INFO] [root] [MainThread]: Successfully processed: NFO\GFDLNFO_TICK_03012025\Options\BANKNIFTY27FEB2555000CE.NFO.csv
2025-10-27 20:26:20,118 [INFO] [root] [MainThread]: Started processing: NFO\GFDLNFO_TICK_03012025\Options\BANKNIFTY27FEB2555100CE.NFO.csv
2025-10-27 20:26:20,178 [INFO] [root] [MainThread]: Successfully processed: NFO\GFDLNFO_TICK_03012025\Options\BANKNIFTY27FEB2555100CE.NFO.csv
2025-10-27 20:26:20,178 [INFO] [root] [MainThread]: Started processing: NFO\GFDLNFO_TICK_03012025\Options\BANKNIFTY27FEB2555300CE.NFO.csv
2025-10-27 20:26:20,237 [INFO] [root] [MainThread]: Successfully processed: NFO\GFDLNFO_TICK_03012025\Options\BANKNIFTY27FEB2555300CE.NFO.csv
2025-10-27 20:26:20,238 [INFO] [root] [MainThread]: Started processing: NFO\GFDLNFO_TICK_03012025\Options\BANKNIFTY27FEB2555500CE.NFO.csv
2025-10-27 20:26:20,329 [INFO] [root] [MainThread]: Successfully processed: NFO\GFDLNFO_TICK_03012025\Options\BANKNIFTY27FEB2555500CE.NFO.csv
2025-10-27 20:26:20,330 [INFO] [root] [MainThread]: Started processing: NFO\GFDLNFO_TICK_03012025\Options\BANKNIFTY27FEB2556000CE.NFO.csv
2025-10-27 20:26:20,422 [INFO] [root] [MainThread]: Successfully processed: NFO\GFDLNFO_TICK_03012025\Options\BANKNIFTY27FEB2556000CE.NFO.csv
2025-10-27 20:26:20,422 [INFO] [root] [MainThread]: Started processing: NFO\GFDLNFO_TICK_03012025\Options\BANKNIFTY27FEB2556500CE.NFO.csv
2025-10-27 20:26:20,495 [INFO] [root] [MainThread]: Successfully processed: NFO\GFDLNFO_TICK_03012025\Options\BANKNIFTY27FEB2556500CE.NFO.csv
2025-10-27 20:26:20,495 [INFO] [root] [MainThread]: Started processing: NFO\GFDLNFO_TICK_03012025\Options\BANKNIFTY27FEB2557000CE.NFO.csv
2025-10-27 20:26:20,582 [INFO] [root] [MainThread]: Successfully processed: NFO\GFDLNFO_TICK_03012025\Options\BANKNIFTY27FEB2557000CE.NFO.csv
2025-10-27 20:26:20,582 [INFO] [root] [MainThread]: Started processing: NFO\GFDLNFO_TICK_03012025\Options\BANKNIFTY27FEB2557500CE.NFO.csv
2025-10-27 20:26:20,633 [INFO] [root] [MainThread]: Successfully processed: NFO\GFDLNFO_TICK_03012025\Options\BANKNIFTY27FEB2557500CE.NFO.csv
2025-10-27 20:26:20,634 [INFO] [root] [MainThread]: Started processing: NFO\GFDLNFO_TICK_03012025\Options\BANKNIFTY27FEB2558000CE.NFO.csv
2025-10-27 20:26:20,706 [INFO] [root] [MainThread]: Successfully processed: NFO\GFDLNFO_TICK_03012025\Options\BANKNIFTY27FEB2558000CE.NFO.csv
2025-10-27 20:26:20,707 [INFO] [root] [MainThread]: Started processing: NFO\GFDLNFO_TICK_03012025\Options\BANKNIFTY27FEB2558500CE.NFO.csv
2025-10-27 20:26:20,754 [INFO] [root] [MainThread]: Successfully processed: NFO\GFDLNFO_TICK_03012025\Options\BANKNIFTY27FEB2558500CE.NFO.csv
2025-10-27 20:26:20,754 [INFO] [root] [MainThread]: Started processing: NFO\GFDLNFO_TICK_03012025\Options\BANKNIFTY27FEB2559000CE.NFO.csv
2025-10-27 20:26:20,795 [INFO] [root] [MainThread]: Successfully processed: NFO\GFDLNFO_TICK_03012025\Options\BANKNIFTY27FEB2559000CE.NFO.csv
2025-10-27 20:26:20,795 [INFO] [root] [MainThread]: Started processing: NFO\GFDLNFO_TICK_03012025\Options\BANKNIFTY27FEB2559500CE.NFO.csv
2025-10-27 20:26:20,841 [INFO] [root] [MainThread]: Successfully processed: NFO\GFDLNFO_TICK_03012025\Options\BANKNIFTY27FEB2559500CE.NFO.csv
2025-10-27 20:26:20,842 [INFO] [root] [MainThread]: Started processing: NFO\GFDLNFO_TICK_03012025\Options\BANKNIFTY27FEB2560000CE.NFO.csv
2025-10-27 20:26:20,890 [INFO] [root] [MainThread]: Successfully processed: NFO\GFDLNFO_TICK_03012025\Options\BANKNIFTY27FEB2560000CE.NFO.csv
2025-10-27 20:26:20,890 [INFO] [root] [MainThread]: Started processing: NFO\GFDLNFO_TICK_03012025\Options\BANKNIFTY27FEB2560500CE.NFO.csv
2025-10-27 20:26:20,937 [INFO] [root] [MainThread]: Successfully processed: NFO\GFDLNFO_TICK_03012025\Options\BANKNIFTY27FEB2560500CE.NFO.csv
2025-10-27 20:26:20,938 [INFO] [root] [MainThread]: Started processing: NFO\GFDLNFO_TICK_03012025\Options\BANKNIFTY27FEB2561000CE.NFO.csv
2025-10-27 20:26:20,974 [INFO] [root] [MainThread]: Successfully processed: NFO\GFDLNFO_TICK_03012025\Options\BANKNIFTY27FEB2561000CE.NFO.csv
2025-10-27 20:26:20,975 [INFO] [root] [MainThread]: Started processing: NFO\GFDLNFO_TICK_03012025\Options\BANKNIFTY27MAR2548300CE.NFO.csv
2025-10-27 20:26:21,011 [INFO] [root] [MainThread]: Successfully processed: NFO\GFDLNFO_TICK_03012025\Options\BANKNIFTY27MAR2548300CE.NFO.csv
2025-10-27 20:26:21,011 [INFO] [root] [MainThread]: Started processing: NFO\GFDLNFO_TICK_03012025\Options\BANKNIFTY27MAR2548400CE.NFO.csv
2025-10-27 20:26:21,047 [INFO] [root] [MainThread]: Successfully processed: NFO\GFDLNFO_TICK_03012025\Options\BANKNIFTY27MAR2548400CE.NFO.csv
2025-10-27 20:26:21,047 [INFO] [root] [MainThread]: Started processing: NFO\GFDLNFO_TICK_03012025\Options\BANKNIFTY27MAR2548600CE.NFO.csv
2025-10-27 20:26:21,090 [INFO] [root] [MainThread]: Successfully processed: NFO\GFDLNFO_TICK_03012025\Options\BANKNIFTY27MAR2548600CE.NFO.csv
2025-10-27 20:26:21,090 [INFO] [root] [MainThread]: Started processing: NFO\GFDLNFO_TICK_03012025\Options\BANKNIFTY27MAR2548900CE.NFO.csv
2025-10-27 20:26:21,124 [INFO] [root] [MainThread]: Successfully processed: NFO\GFDLNFO_TICK_03012025\Options\BANKNIFTY27MAR2548900CE.NFO.csv
2025-10-27 20:26:21,124 [INFO] [root] [MainThread]: Started processing: NFO\GFDLNFO_TICK_03012025\Options\BANKNIFTY27MAR2549000CE.NFO.csv
2025-10-27 20:26:21,156 [INFO] [root] [MainThread]: Successfully processed: NFO\GFDLNFO_TICK_03012025\Options\BANKNIFTY27MAR2549000CE.NFO.csv
2025-10-27 20:26:21,156 [INFO] [root] [MainThread]: Started processing: NFO\GFDLNFO_TICK_03012025\Options\BANKNIFTY27MAR2549200CE.NFO.csv
2025-10-27 20:26:21,194 [INFO] [root] [MainThread]: Successfully processed: NFO\GFDLNFO_TICK_03012025\Options\BANKNIFTY27MAR2549200CE.NFO.csv
2025-10-27 20:26:21,194 [INFO] [root] [MainThread]: Started processing: NFO\GFDLNFO_TICK_03012025\Options\BANKNIFTY27MAR2549600CE.NFO.csv
2025-10-27 20:26:21,226 [INFO] [root] [MainThread]: Successfully processed: NFO\GFDLNFO_TICK_03012025\Options\BANKNIFTY27MAR2549600CE.NFO.csv
2025-10-27 20:26:21,226 [INFO] [root] [MainThread]: Started processing: NFO\GFDLNFO_TICK_03012025\Options\BANKNIFTY27MAR2550000CE.NFO.csv
2025-10-27 20:26:21,275 [INFO] [root] [MainThread]: Successfully processed: NFO\GFDLNFO_TICK_03012025\Options\BANKNIFTY27MAR2550000CE.NFO.csv
2025-10-27 20:26:21,275 [INFO] [root] [MainThread]: Started processing: NFO\GFDLNFO_TICK_03012025\Options\BANKNIFTY27MAR2550500CE.NFO.csv
2025-10-27 20:26:21,324 [INFO] [root] [MainThread]: Successfully processed: NFO\GFDLNFO_TICK_03012025\Options\BANKNIFTY27MAR2550500CE.NFO.csv
2025-10-27 20:26:21,325 [INFO] [root] [MainThread]: Started processing: NFO\GFDLNFO_TICK_03012025\Options\BANKNIFTY27MAR2551000CE.NFO.csv
2025-10-27 20:26:21,388 [INFO] [root] [MainThread]: Successfully processed: NFO\GFDLNFO_TICK_03012025\Options\BANKNIFTY27MAR2551000CE.NFO.csv
2025-10-27 20:26:21,388 [INFO] [root] [MainThread]: Started processing: NFO\GFDLNFO_TICK_03012025\Options\BANKNIFTY27MAR2551500CE.NFO.csv
2025-10-27 20:26:21,434 [INFO] [root] [MainThread]: Successfully processed: NFO\GFDLNFO_TICK_03012025\Options\BANKNIFTY27MAR2551500CE.NFO.csv
2025-10-27 20:26:21,435 [INFO] [root] [MainThread]: Started processing: NFO\GFDLNFO_TICK_03012025\Options\BANKNIFTY27MAR2551800CE.NFO.csv
2025-10-27 20:26:21,458 [INFO] [root] [MainThread]: Successfully processed: NFO\GFDLNFO_TICK_03012025\Options\BANKNIFTY27MAR2551800CE.NFO.csv
2025-10-27 20:26:21,458 [INFO] [root] [MainThread]: Started processing: NFO\GFDLNFO_TICK_03012025\Options\BANKNIFTY27MAR2552000CE.NFO.csv
2025-10-27 20:26:21,506 [INFO] [root] [MainThread]: Successfully processed: NFO\GFDLNFO_TICK_03012025\Options\BANKNIFTY27MAR2552000CE.NFO.csv
2025-10-27 20:26:21,506 [INFO] [root] [MainThread]: Started processing: NFO\GFDLNFO_TICK_03012025\Options\BANKNIFTY27MAR2552500CE.NFO.csv
2025-10-27 20:26:21,561 [INFO] [root] [MainThread]: Successfully processed: NFO\GFDLNFO_TICK_03012025\Options\BANKNIFTY27MAR2552500CE.NFO.csv
2025-10-27 20:26:21,561 [INFO] [root] [MainThread]: Started processing: NFO\GFDLNFO_TICK_03012025\Options\BANKNIFTY27MAR2553000CE.NFO.csv
2025-10-27 20:26:21,623 [INFO] [root] [MainThread]: Successfully processed: NFO\GFDLNFO_TICK_03012025\Options\BANKNIFTY27MAR2553000CE.NFO.csv
2025-10-27 20:26:21,623 [INFO] [root] [MainThread]: Started processing: NFO\GFDLNFO_TICK_03012025\Options\BANKNIFTY27MAR2553500CE.NFO.csv
2025-10-27 20:26:21,676 [INFO] [root] [MainThread]: Successfully processed: NFO\GFDLNFO_TICK_03012025\Options\BANKNIFTY27MAR2553500CE.NFO.csv
2025-10-27 20:26:21,676 [INFO] [root] [MainThread]: Started processing: NFO\GFDLNFO_TICK_03012025\Options\BANKNIFTY27MAR2554000CE.NFO.csv
2025-10-27 20:26:21,743 [INFO] [root] [MainThread]: Successfully processed: NFO\GFDLNFO_TICK_03012025\Options\BANKNIFTY27MAR2554000CE.NFO.csv
2025-10-27 20:26:21,743 [INFO] [root] [MainThread]: Started processing: NFO\GFDLNFO_TICK_03012025\Options\BANKNIFTY27MAR2554500CE.NFO.csv
2025-10-27 20:26:21,777 [INFO] [root] [MainThread]: Successfully processed: NFO\GFDLNFO_TICK_03012025\Options\BANKNIFTY27MAR2554500CE.NFO.csv
2025-10-27 20:26:21,778 [INFO] [root] [MainThread]: Started processing: NFO\GFDLNFO_TICK_03012025\Options\BANKNIFTY27MAR2555000CE.NFO.csv
2025-10-27 20:26:21,856 [INFO] [root] [MainThread]: Successfully processed: NFO\GFDLNFO_TICK_03012025\Options\BANKNIFTY27MAR2555000CE.NFO.csv
2025-10-27 20:26:21,856 [INFO] [root] [MainThread]: Started processing: NFO\GFDLNFO_TICK_03012025\Options\BANKNIFTY27MAR2555500CE.NFO.csv
2025-10-27 20:26:21,913 [INFO] [root] [MainThread]: Successfully processed: NFO\GFDLNFO_TICK_03012025\Options\BANKNIFTY27MAR2555500CE.NFO.csv
2025-10-27 20:26:21,914 [INFO] [root] [MainThread]: Started processing: NFO\GFDLNFO_TICK_03012025\Options\BANKNIFTY27MAR2557000CE.NFO.csv
2025-10-27 20:26:21,978 [INFO] [root] [MainThread]: Successfully processed: NFO\GFDLNFO_TICK_03012025\Options\BANKNIFTY27MAR2557000CE.NFO.csv
2025-10-27 20:26:21,978 [INFO] [root] [MainThread]: Started processing: NFO\GFDLNFO_TICK_03012025\Options\BANKNIFTY27MAR2558000CE.NFO.csv
2025-10-27 20:26:22,009 [INFO] [root] [MainThread]: Successfully processed: NFO\GFDLNFO_TICK_03012025\Options\BANKNIFTY27MAR2558000CE.NFO.csv
2025-10-27 20:26:22,010 [INFO] [root] [MainThread]: Started processing: NFO\GFDLNFO_TICK_03012025\Options\BANKNIFTY27MAR2560000CE.NFO.csv
2025-10-27 20:26:22,065 [INFO] [root] [MainThread]: Successfully processed: NFO\GFDLNFO_TICK_03012025\Options\BANKNIFTY27MAR2560000CE.NFO.csv
2025-10-27 20:26:22,065 [INFO] [root] [MainThread]: Started processing: NFO\GFDLNFO_TICK_03012025\Options\BANKNIFTY27MAR2561500CE.NFO.csv
2025-10-27 20:26:22,094 [INFO] [root] [MainThread]: Successfully processed: NFO\GFDLNFO_TICK_03012025\Options\BANKNIFTY27MAR2561500CE.NFO.csv
2025-10-27 20:26:22,094 [INFO] [root] [MainThread]: Started processing: NFO\GFDLNFO_TICK_03012025\Options\BANKNIFTY30JAN2542500CE.NFO.csv
2025-10-27 20:26:22,145 [INFO] [root] [MainThread]: Successfully processed: NFO\GFDLNFO_TICK_03012025\Options\BANKNIFTY30JAN2542500CE.NFO.csv
2025-10-27 20:26:22,145 [INFO] [root] [MainThread]: Processed 100/196 files...
2025-10-27 20:26:22,145 [INFO] [root] [MainThread]: Started processing: NFO\GFDLNFO_TICK_03012025\Options\BANKNIFTY30JAN2543000CE.NFO.csv
2025-10-27 20:26:22,223 [INFO] [root] [MainThread]: Successfully processed: NFO\GFDLNFO_TICK_03012025\Options\BANKNIFTY30JAN2543000CE.NFO.csv
2025-10-27 20:26:22,223 [INFO] [root] [MainThread]: Started processing: NFO\GFDLNFO_TICK_03012025\Options\BANKNIFTY30JAN2545000CE.NFO.csv
2025-10-27 20:26:22,287 [INFO] [root] [MainThread]: Successfully processed: NFO\GFDLNFO_TICK_03012025\Options\BANKNIFTY30JAN2545000CE.NFO.csv
2025-10-27 20:26:22,287 [INFO] [root] [MainThread]: Started processing: NFO\GFDLNFO_TICK_03012025\Options\BANKNIFTY30JAN2546000CE.NFO.csv
2025-10-27 20:26:22,354 [INFO] [root] [MainThread]: Successfully processed: NFO\GFDLNFO_TICK_03012025\Options\BANKNIFTY30JAN2546000CE.NFO.csv
2025-10-27 20:26:22,354 [INFO] [root] [MainThread]: Started processing: NFO\GFDLNFO_TICK_03012025\Options\BANKNIFTY30JAN2546500CE.NFO.csv
2025-10-27 20:26:22,406 [INFO] [root] [MainThread]: Successfully processed: NFO\GFDLNFO_TICK_03012025\Options\BANKNIFTY30JAN2546500CE.NFO.csv
2025-10-27 20:26:22,406 [INFO] [root] [MainThread]: Started processing: NFO\GFDLNFO_TICK_03012025\Options\BANKNIFTY30JAN2547000CE.NFO.csv
2025-10-27 20:26:22,467 [INFO] [root] [MainThread]: Successfully processed: NFO\GFDLNFO_TICK_03012025\Options\BANKNIFTY30JAN2547000CE.NFO.csv
2025-10-27 20:26:22,468 [INFO] [root] [MainThread]: Started processing: NFO\GFDLNFO_TICK_03012025\Options\BANKNIFTY30JAN2547500CE.NFO.csv
2025-10-27 20:26:22,526 [INFO] [root] [MainThread]: Successfully processed: NFO\GFDLNFO_TICK_03012025\Options\BANKNIFTY30JAN2547500CE.NFO.csv
2025-10-27 20:26:22,526 [INFO] [root] [MainThread]: Started processing: NFO\GFDLNFO_TICK_03012025\Options\BANKNIFTY30JAN2547800CE.NFO.csv
2025-10-27 20:26:22,594 [INFO] [root] [MainThread]: Successfully processed: NFO\GFDLNFO_TICK_03012025\Options\BANKNIFTY30JAN2547800CE.NFO.csv
2025-10-27 20:26:22,594 [INFO] [root] [MainThread]: Started processing: NFO\GFDLNFO_TICK_03012025\Options\BANKNIFTY30JAN2548000CE.NFO.csv
2025-10-27 20:26:22,692 [INFO] [root] [MainThread]: Successfully processed: NFO\GFDLNFO_TICK_03012025\Options\BANKNIFTY30JAN2548000CE.NFO.csv
2025-10-27 20:26:22,693 [INFO] [root] [MainThread]: Started processing: NFO\GFDLNFO_TICK_03012025\Options\BANKNIFTY30JAN2548500CE.NFO.csv
2025-10-27 20:26:22,757 [INFO] [root] [MainThread]: Successfully processed: NFO\GFDLNFO_TICK_03012025\Options\BANKNIFTY30JAN2548500CE.NFO.csv
2025-10-27 20:26:22,757 [INFO] [root] [MainThread]: Started processing: NFO\GFDLNFO_TICK_03012025\Options\BANKNIFTY30JAN2548900CE.NFO.csv
2025-10-27 20:26:22,817 [INFO] [root] [MainThread]: Successfully processed: NFO\GFDLNFO_TICK_03012025\Options\BANKNIFTY30JAN2548900CE.NFO.csv
2025-10-27 20:26:22,817 [INFO] [root] [MainThread]: Started processing: NFO\GFDLNFO_TICK_03012025\Options\BANKNIFTY30JAN2549000CE.NFO.csv
2025-10-27 20:26:22,890 [INFO] [root] [MainThread]: Successfully processed: NFO\GFDLNFO_TICK_03012025\Options\BANKNIFTY30JAN2549000CE.NFO.csv
2025-10-27 20:26:22,890 [INFO] [root] [MainThread]: Started processing: NFO\GFDLNFO_TICK_03012025\Options\BANKNIFTY30JAN2549100CE.NFO.csv
2025-10-27 20:26:22,955 [INFO] [root] [MainThread]: Successfully processed: NFO\GFDLNFO_TICK_03012025\Options\BANKNIFTY30JAN2549100CE.NFO.csv
2025-10-27 20:26:22,955 [INFO] [root] [MainThread]: Started processing: NFO\GFDLNFO_TICK_03012025\Options\BANKNIFTY30JAN2549200CE.NFO.csv
2025-10-27 20:26:23,003 [INFO] [root] [MainThread]: Successfully processed: NFO\GFDLNFO_TICK_03012025\Options\BANKNIFTY30JAN2549200CE.NFO.csv
2025-10-27 20:26:23,003 [INFO] [root] [MainThread]: Started processing: NFO\GFDLNFO_TICK_03012025\Options\BANKNIFTY30JAN2549300CE.NFO.csv
2025-10-27 20:26:23,038 [INFO] [root] [MainThread]: Successfully processed: NFO\GFDLNFO_TICK_03012025\Options\BANKNIFTY30JAN2549300CE.NFO.csv
2025-10-27 20:26:23,038 [INFO] [root] [MainThread]: Started processing: NFO\GFDLNFO_TICK_03012025\Options\BANKNIFTY30JAN2549400CE.NFO.csv
2025-10-27 20:26:23,121 [INFO] [root] [MainThread]: Successfully processed: NFO\GFDLNFO_TICK_03012025\Options\BANKNIFTY30JAN2549400CE.NFO.csv
2025-10-27 20:26:23,121 [INFO] [root] [MainThread]: Started processing: NFO\GFDLNFO_TICK_03012025\Options\BANKNIFTY30JAN2549500CE.NFO.csv
2025-10-27 20:26:23,208 [INFO] [root] [MainThread]: Successfully processed: NFO\GFDLNFO_TICK_03012025\Options\BANKNIFTY30JAN2549500CE.NFO.csv
2025-10-27 20:26:23,208 [INFO] [root] [MainThread]: Started processing: NFO\GFDLNFO_TICK_03012025\Options\BANKNIFTY30JAN2549600CE.NFO.csv
2025-10-27 20:26:23,291 [INFO] [root] [MainThread]: Successfully processed: NFO\GFDLNFO_TICK_03012025\Options\BANKNIFTY30JAN2549600CE.NFO.csv
2025-10-27 20:26:23,291 [INFO] [root] [MainThread]: Started processing: NFO\GFDLNFO_TICK_03012025\Options\BANKNIFTY30JAN2549700CE.NFO.csv
2025-10-27 20:26:23,372 [INFO] [root] [MainThread]: Successfully processed: NFO\GFDLNFO_TICK_03012025\Options\BANKNIFTY30JAN2549700CE.NFO.csv
2025-10-27 20:26:23,372 [INFO] [root] [MainThread]: Started processing: NFO\GFDLNFO_TICK_03012025\Options\BANKNIFTY30JAN2549800CE.NFO.csv
2025-10-27 20:26:23,450 [INFO] [root] [MainThread]: Successfully processed: NFO\GFDLNFO_TICK_03012025\Options\BANKNIFTY30JAN2549800CE.NFO.csv
2025-10-27 20:26:23,451 [INFO] [root] [MainThread]: Started processing: NFO\GFDLNFO_TICK_03012025\Options\BANKNIFTY30JAN2549900CE.NFO.csv
2025-10-27 20:26:23,523 [INFO] [root] [MainThread]: Successfully processed: NFO\GFDLNFO_TICK_03012025\Options\BANKNIFTY30JAN2549900CE.NFO.csv
2025-10-27 20:26:23,523 [INFO] [root] [MainThread]: Started processing: NFO\GFDLNFO_TICK_03012025\Options\BANKNIFTY30JAN2550000CE.NFO.csv
2025-10-27 20:26:23,608 [INFO] [root] [MainThread]: Successfully processed: NFO\GFDLNFO_TICK_03012025\Options\BANKNIFTY30JAN2550000CE.NFO.csv
2025-10-27 20:26:23,608 [INFO] [root] [MainThread]: Started processing: NFO\GFDLNFO_TICK_03012025\Options\BANKNIFTY30JAN2550100CE.NFO.csv
2025-10-27 20:26:23,689 [INFO] [root] [MainThread]: Successfully processed: NFO\GFDLNFO_TICK_03012025\Options\BANKNIFTY30JAN2550100CE.NFO.csv
2025-10-27 20:26:23,690 [INFO] [root] [MainThread]: Started processing: NFO\GFDLNFO_TICK_03012025\Options\BANKNIFTY30JAN2550200CE.NFO.csv
2025-10-27 20:26:23,768 [INFO] [root] [MainThread]: Successfully processed: NFO\GFDLNFO_TICK_03012025\Options\BANKNIFTY30JAN2550200CE.NFO.csv
2025-10-27 20:26:23,768 [INFO] [root] [MainThread]: Started processing: NFO\GFDLNFO_TICK_03012025\Options\BANKNIFTY30JAN2550300CE.NFO.csv
2025-10-27 20:26:23,840 [INFO] [root] [MainThread]: Successfully processed: NFO\GFDLNFO_TICK_03012025\Options\BANKNIFTY30JAN2550300CE.NFO.csv
2025-10-27 20:26:23,840 [INFO] [root] [MainThread]: Started processing: NFO\GFDLNFO_TICK_03012025\Options\BANKNIFTY30JAN2550400CE.NFO.csv
2025-10-27 20:26:23,915 [INFO] [root] [MainThread]: Successfully processed: NFO\GFDLNFO_TICK_03012025\Options\BANKNIFTY30JAN2550400CE.NFO.csv
2025-10-27 20:26:23,916 [INFO] [root] [MainThread]: Started processing: NFO\GFDLNFO_TICK_03012025\Options\BANKNIFTY30JAN2550500CE.NFO.csv
2025-10-27 20:26:24,009 [INFO] [root] [MainThread]: Successfully processed: NFO\GFDLNFO_TICK_03012025\Options\BANKNIFTY30JAN2550500CE.NFO.csv
2025-10-27 20:26:24,009 [INFO] [root] [MainThread]: Started processing: NFO\GFDLNFO_TICK_03012025\Options\BANKNIFTY30JAN2550600CE.NFO.csv
2025-10-27 20:26:24,085 [INFO] [root] [MainThread]: Successfully processed: NFO\GFDLNFO_TICK_03012025\Options\BANKNIFTY30JAN2550600CE.NFO.csv
2025-10-27 20:26:24,085 [INFO] [root] [MainThread]: Started processing: NFO\GFDLNFO_TICK_03012025\Options\BANKNIFTY30JAN2550700CE.NFO.csv
2025-10-27 20:26:24,159 [INFO] [root] [MainThread]: Successfully processed: NFO\GFDLNFO_TICK_03012025\Options\BANKNIFTY30JAN2550700CE.NFO.csv
2025-10-27 20:26:24,160 [INFO] [root] [MainThread]: Started processing: NFO\GFDLNFO_TICK_03012025\Options\BANKNIFTY30JAN2550800CE.NFO.csv
2025-10-27 20:26:24,251 [INFO] [root] [MainThread]: Successfully processed: NFO\GFDLNFO_TICK_03012025\Options\BANKNIFTY30JAN2550800CE.NFO.csv
2025-10-27 20:26:24,251 [INFO] [root] [MainThread]: Started processing: NFO\GFDLNFO_TICK_03012025\Options\BANKNIFTY30JAN2550900CE.NFO.csv
2025-10-27 20:26:24,354 [INFO] [root] [MainThread]: Successfully processed: NFO\GFDLNFO_TICK_03012025\Options\BANKNIFTY30JAN2550900CE.NFO.csv
2025-10-27 20:26:24,354 [INFO] [root] [MainThread]: Started processing: NFO\GFDLNFO_TICK_03012025\Options\BANKNIFTY30JAN2551000CE.NFO.csv
2025-10-27 20:26:24,488 [INFO] [root] [MainThread]: Successfully processed: NFO\GFDLNFO_TICK_03012025\Options\BANKNIFTY30JAN2551000CE.NFO.csv
2025-10-27 20:26:24,488 [INFO] [root] [MainThread]: Started processing: NFO\GFDLNFO_TICK_03012025\Options\BANKNIFTY30JAN2551100CE.NFO.csv
2025-10-27 20:26:24,627 [INFO] [root] [MainThread]: Successfully processed: NFO\GFDLNFO_TICK_03012025\Options\BANKNIFTY30JAN2551100CE.NFO.csv
2025-10-27 20:26:24,628 [INFO] [root] [MainThread]: Started processing: NFO\GFDLNFO_TICK_03012025\Options\BANKNIFTY30JAN2551200CE.NFO.csv
2025-10-27 20:26:24,779 [INFO] [root] [MainThread]: Successfully processed: NFO\GFDLNFO_TICK_03012025\Options\BANKNIFTY30JAN2551200CE.NFO.csv
2025-10-27 20:26:24,780 [INFO] [root] [MainThread]: Started processing: NFO\GFDLNFO_TICK_03012025\Options\BANKNIFTY30JAN2551300CE.NFO.csv
2025-10-27 20:26:24,960 [INFO] [root] [MainThread]: Successfully processed: NFO\GFDLNFO_TICK_03012025\Options\BANKNIFTY30JAN2551300CE.NFO.csv
2025-10-27 20:26:24,960 [INFO] [root] [MainThread]: Started processing: NFO\GFDLNFO_TICK_03012025\Options\BANKNIFTY30JAN2551400CE.NFO.csv
2025-10-27 20:26:25,107 [INFO] [root] [MainThread]: Successfully processed: NFO\GFDLNFO_TICK_03012025\Options\BANKNIFTY30JAN2551400CE.NFO.csv
2025-10-27 20:26:25,108 [INFO] [root] [MainThread]: Started processing: NFO\GFDLNFO_TICK_03012025\Options\BANKNIFTY30JAN2551500CE.NFO.csv
2025-10-27 20:26:25,252 [INFO] [root] [MainThread]: Successfully processed: NFO\GFDLNFO_TICK_03012025\Options\BANKNIFTY30JAN2551500CE.NFO.csv
2025-10-27 20:26:25,252 [INFO] [root] [MainThread]: Started processing: NFO\GFDLNFO_TICK_03012025\Options\BANKNIFTY30JAN2551600CE.NFO.csv
2025-10-27 20:26:25,358 [INFO] [root] [MainThread]: Successfully processed: NFO\GFDLNFO_TICK_03012025\Options\BANKNIFTY30JAN2551600CE.NFO.csv
2025-10-27 20:26:25,358 [INFO] [root] [MainThread]: Started processing: NFO\GFDLNFO_TICK_03012025\Options\BANKNIFTY30JAN2551700CE.NFO.csv
2025-10-27 20:26:25,472 [INFO] [root] [MainThread]: Successfully processed: NFO\GFDLNFO_TICK_03012025\Options\BANKNIFTY30JAN2551700CE.NFO.csv
2025-10-27 20:26:25,473 [INFO] [root] [MainThread]: Started processing: NFO\GFDLNFO_TICK_03012025\Options\BANKNIFTY30JAN2551800CE.NFO.csv
2025-10-27 20:26:25,576 [INFO] [root] [MainThread]: Successfully processed: NFO\GFDLNFO_TICK_03012025\Options\BANKNIFTY30JAN2551800CE.NFO.csv
2025-10-27 20:26:25,577 [INFO] [root] [MainThread]: Started processing: NFO\GFDLNFO_TICK_03012025\Options\BANKNIFTY30JAN2551900CE.NFO.csv
2025-10-27 20:26:25,688 [INFO] [root] [MainThread]: Successfully processed: NFO\GFDLNFO_TICK_03012025\Options\BANKNIFTY30JAN2551900CE.NFO.csv
2025-10-27 20:26:25,688 [INFO] [root] [MainThread]: Started processing: NFO\GFDLNFO_TICK_03012025\Options\BANKNIFTY30JAN2552000CE.NFO.csv
2025-10-27 20:26:25,834 [INFO] [root] [MainThread]: Successfully processed: NFO\GFDLNFO_TICK_03012025\Options\BANKNIFTY30JAN2552000CE.NFO.csv
2025-10-27 20:26:25,835 [INFO] [root] [MainThread]: Started processing: NFO\GFDLNFO_TICK_03012025\Options\BANKNIFTY30JAN2552100CE.NFO.csv
2025-10-27 20:26:25,948 [INFO] [root] [MainThread]: Successfully processed: NFO\GFDLNFO_TICK_03012025\Options\BANKNIFTY30JAN2552100CE.NFO.csv
2025-10-27 20:26:25,949 [INFO] [root] [MainThread]: Started processing: NFO\GFDLNFO_TICK_03012025\Options\BANKNIFTY30JAN2552200CE.NFO.csv
2025-10-27 20:26:26,057 [INFO] [root] [MainThread]: Successfully processed: NFO\GFDLNFO_TICK_03012025\Options\BANKNIFTY30JAN2552200CE.NFO.csv
2025-10-27 20:26:26,058 [INFO] [root] [MainThread]: Started processing: NFO\GFDLNFO_TICK_03012025\Options\BANKNIFTY30JAN2552300CE.NFO.csv
2025-10-27 20:26:26,172 [INFO] [root] [MainThread]: Successfully processed: NFO\GFDLNFO_TICK_03012025\Options\BANKNIFTY30JAN2552300CE.NFO.csv
2025-10-27 20:26:26,172 [INFO] [root] [MainThread]: Started processing: NFO\GFDLNFO_TICK_03012025\Options\BANKNIFTY30JAN2552400CE.NFO.csv
2025-10-27 20:26:26,283 [INFO] [root] [MainThread]: Successfully processed: NFO\GFDLNFO_TICK_03012025\Options\BANKNIFTY30JAN2552400CE.NFO.csv
2025-10-27 20:26:26,283 [INFO] [root] [MainThread]: Started processing: NFO\GFDLNFO_TICK_03012025\Options\BANKNIFTY30JAN2552500CE.NFO.csv
2025-10-27 20:26:26,421 [INFO] [root] [MainThread]: Successfully processed: NFO\GFDLNFO_TICK_03012025\Options\BANKNIFTY30JAN2552500CE.NFO.csv
2025-10-27 20:26:26,422 [INFO] [root] [MainThread]: Started processing: NFO\GFDLNFO_TICK_03012025\Options\BANKNIFTY30JAN2552600CE.NFO.csv
2025-10-27 20:26:26,521 [INFO] [root] [MainThread]: Successfully processed: NFO\GFDLNFO_TICK_03012025\Options\BANKNIFTY30JAN2552600CE.NFO.csv
2025-10-27 20:26:26,521 [INFO] [root] [MainThread]: Started processing: NFO\GFDLNFO_TICK_03012025\Options\BANKNIFTY30JAN2552700CE.NFO.csv
2025-10-27 20:26:26,626 [INFO] [root] [MainThread]: Successfully processed: NFO\GFDLNFO_TICK_03012025\Options\BANKNIFTY30JAN2552700CE.NFO.csv
2025-10-27 20:26:26,627 [INFO] [root] [MainThread]: Started processing: NFO\GFDLNFO_TICK_03012025\Options\BANKNIFTY30JAN2552800CE.NFO.csv
2025-10-27 20:26:26,752 [INFO] [root] [MainThread]: Successfully processed: NFO\GFDLNFO_TICK_03012025\Options\BANKNIFTY30JAN2552800CE.NFO.csv
2025-10-27 20:26:26,752 [INFO] [root] [MainThread]: Started processing: NFO\GFDLNFO_TICK_03012025\Options\BANKNIFTY30JAN2552900CE.NFO.csv
2025-10-27 20:26:26,861 [INFO] [root] [MainThread]: Successfully processed: NFO\GFDLNFO_TICK_03012025\Options\BANKNIFTY30JAN2552900CE.NFO.csv
2025-10-27 20:26:26,862 [INFO] [root] [MainThread]: Started processing: NFO\GFDLNFO_TICK_03012025\Options\BANKNIFTY30JAN2553000CE.NFO.csv
2025-10-27 20:26:27,005 [INFO] [root] [MainThread]: Successfully processed: NFO\GFDLNFO_TICK_03012025\Options\BANKNIFTY30JAN2553000CE.NFO.csv
2025-10-27 20:26:27,005 [INFO] [root] [MainThread]: Started processing: NFO\GFDLNFO_TICK_03012025\Options\BANKNIFTY30JAN2553100CE.NFO.csv
2025-10-27 20:26:27,125 [INFO] [root] [MainThread]: Successfully processed: NFO\GFDLNFO_TICK_03012025\Options\BANKNIFTY30JAN2553100CE.NFO.csv
2025-10-27 20:26:27,126 [INFO] [root] [MainThread]: Started processing: NFO\GFDLNFO_TICK_03012025\Options\BANKNIFTY30JAN2553200CE.NFO.csv
2025-10-27 20:26:27,256 [INFO] [root] [MainThread]: Successfully processed: NFO\GFDLNFO_TICK_03012025\Options\BANKNIFTY30JAN2553200CE.NFO.csv
2025-10-27 20:26:27,256 [INFO] [root] [MainThread]: Started processing: NFO\GFDLNFO_TICK_03012025\Options\BANKNIFTY30JAN2553300CE.NFO.csv
2025-10-27 20:26:27,379 [INFO] [root] [MainThread]: Successfully processed: NFO\GFDLNFO_TICK_03012025\Options\BANKNIFTY30JAN2553300CE.NFO.csv
2025-10-27 20:26:27,379 [INFO] [root] [MainThread]: Started processing: NFO\GFDLNFO_TICK_03012025\Options\BANKNIFTY30JAN2553400CE.NFO.csv
2025-10-27 20:26:27,498 [INFO] [root] [MainThread]: Successfully processed: NFO\GFDLNFO_TICK_03012025\Options\BANKNIFTY30JAN2553400CE.NFO.csv
2025-10-27 20:26:27,498 [INFO] [root] [MainThread]: Started processing: NFO\GFDLNFO_TICK_03012025\Options\BANKNIFTY30JAN2553500CE.NFO.csv
2025-10-27 20:26:27,641 [INFO] [root] [MainThread]: Successfully processed: NFO\GFDLNFO_TICK_03012025\Options\BANKNIFTY30JAN2553500CE.NFO.csv
2025-10-27 20:26:27,642 [INFO] [root] [MainThread]: Started processing: NFO\GFDLNFO_TICK_03012025\Options\BANKNIFTY30JAN2553600CE.NFO.csv
2025-10-27 20:26:27,755 [INFO] [root] [MainThread]: Successfully processed: NFO\GFDLNFO_TICK_03012025\Options\BANKNIFTY30JAN2553600CE.NFO.csv
2025-10-27 20:26:27,755 [INFO] [root] [MainThread]: Started processing: NFO\GFDLNFO_TICK_03012025\Options\BANKNIFTY30JAN2553700CE.NFO.csv
2025-10-27 20:26:27,863 [INFO] [root] [MainThread]: Successfully processed: NFO\GFDLNFO_TICK_03012025\Options\BANKNIFTY30JAN2553700CE.NFO.csv
2025-10-27 20:26:27,864 [INFO] [root] [MainThread]: Started processing: NFO\GFDLNFO_TICK_03012025\Options\BANKNIFTY30JAN2553800CE.NFO.csv
2025-10-27 20:26:27,979 [INFO] [root] [MainThread]: Successfully processed: NFO\GFDLNFO_TICK_03012025\Options\BANKNIFTY30JAN2553800CE.NFO.csv
2025-10-27 20:26:27,980 [INFO] [root] [MainThread]: Started processing: NFO\GFDLNFO_TICK_03012025\Options\BANKNIFTY30JAN2553900CE.NFO.csv
2025-10-27 20:26:28,084 [INFO] [root] [MainThread]: Successfully processed: NFO\GFDLNFO_TICK_03012025\Options\BANKNIFTY30JAN2553900CE.NFO.csv
2025-10-27 20:26:28,084 [INFO] [root] [MainThread]: Started processing: NFO\GFDLNFO_TICK_03012025\Options\BANKNIFTY30JAN2554000CE.NFO.csv
2025-10-27 20:26:28,220 [INFO] [root] [MainThread]: Successfully processed: NFO\GFDLNFO_TICK_03012025\Options\BANKNIFTY30JAN2554000CE.NFO.csv
2025-10-27 20:26:28,220 [INFO] [root] [MainThread]: Started processing: NFO\GFDLNFO_TICK_03012025\Options\BANKNIFTY30JAN2554100CE.NFO.csv
2025-10-27 20:26:28,322 [INFO] [root] [MainThread]: Successfully processed: NFO\GFDLNFO_TICK_03012025\Options\BANKNIFTY30JAN2554100CE.NFO.csv
2025-10-27 20:26:28,322 [INFO] [root] [MainThread]: Started processing: NFO\GFDLNFO_TICK_03012025\Options\BANKNIFTY30JAN2554200CE.NFO.csv
2025-10-27 20:26:28,431 [INFO] [root] [MainThread]: Successfully processed: NFO\GFDLNFO_TICK_03012025\Options\BANKNIFTY30JAN2554200CE.NFO.csv
2025-10-27 20:26:28,431 [INFO] [root] [MainThread]: Started processing: NFO\GFDLNFO_TICK_03012025\Options\BANKNIFTY30JAN2554300CE.NFO.csv
2025-10-27 20:26:28,533 [INFO] [root] [MainThread]: Successfully processed: NFO\GFDLNFO_TICK_03012025\Options\BANKNIFTY30JAN2554300CE.NFO.csv
2025-10-27 20:26:28,533 [INFO] [root] [MainThread]: Started processing: NFO\GFDLNFO_TICK_03012025\Options\BANKNIFTY30JAN2554400CE.NFO.csv
2025-10-27 20:26:28,636 [INFO] [root] [MainThread]: Successfully processed: NFO\GFDLNFO_TICK_03012025\Options\BANKNIFTY30JAN2554400CE.NFO.csv
2025-10-27 20:26:28,636 [INFO] [root] [MainThread]: Started processing: NFO\GFDLNFO_TICK_03012025\Options\BANKNIFTY30JAN2554500CE.NFO.csv
2025-10-27 20:26:28,771 [INFO] [root] [MainThread]: Successfully processed: NFO\GFDLNFO_TICK_03012025\Options\BANKNIFTY30JAN2554500CE.NFO.csv
2025-10-27 20:26:28,772 [INFO] [root] [MainThread]: Started processing: NFO\GFDLNFO_TICK_03012025\Options\BANKNIFTY30JAN2554600CE.NFO.csv
2025-10-27 20:26:28,873 [INFO] [root] [MainThread]: Successfully processed: NFO\GFDLNFO_TICK_03012025\Options\BANKNIFTY30JAN2554600CE.NFO.csv
2025-10-27 20:26:28,873 [INFO] [root] [MainThread]: Started processing: NFO\GFDLNFO_TICK_03012025\Options\BANKNIFTY30JAN2554700CE.NFO.csv
2025-10-27 20:26:28,966 [INFO] [root] [MainThread]: Successfully processed: NFO\GFDLNFO_TICK_03012025\Options\BANKNIFTY30JAN2554700CE.NFO.csv
2025-10-27 20:26:28,966 [INFO] [root] [MainThread]: Started processing: NFO\GFDLNFO_TICK_03012025\Options\BANKNIFTY30JAN2554800CE.NFO.csv
2025-10-27 20:26:29,064 [INFO] [root] [MainThread]: Successfully processed: NFO\GFDLNFO_TICK_03012025\Options\BANKNIFTY30JAN2554800CE.NFO.csv
2025-10-27 20:26:29,064 [INFO] [root] [MainThread]: Started processing: NFO\GFDLNFO_TICK_03012025\Options\BANKNIFTY30JAN2554900CE.NFO.csv
2025-10-27 20:26:29,145 [INFO] [root] [MainThread]: Successfully processed: NFO\GFDLNFO_TICK_03012025\Options\BANKNIFTY30JAN2554900CE.NFO.csv
2025-10-27 20:26:29,146 [INFO] [root] [MainThread]: Started processing: NFO\GFDLNFO_TICK_03012025\Options\BANKNIFTY30JAN2555000CE.NFO.csv
2025-10-27 20:26:29,274 [INFO] [root] [MainThread]: Successfully processed: NFO\GFDLNFO_TICK_03012025\Options\BANKNIFTY30JAN2555000CE.NFO.csv
2025-10-27 20:26:29,275 [INFO] [root] [MainThread]: Started processing: NFO\GFDLNFO_TICK_03012025\Options\BANKNIFTY30JAN2555100CE.NFO.csv
2025-10-27 20:26:29,359 [INFO] [root] [MainThread]: Successfully processed: NFO\GFDLNFO_TICK_03012025\Options\BANKNIFTY30JAN2555100CE.NFO.csv
2025-10-27 20:26:29,359 [INFO] [root] [MainThread]: Started processing: NFO\GFDLNFO_TICK_03012025\Options\BANKNIFTY30JAN2555200CE.NFO.csv
2025-10-27 20:26:29,458 [INFO] [root] [MainThread]: Successfully processed: NFO\GFDLNFO_TICK_03012025\Options\BANKNIFTY30JAN2555200CE.NFO.csv
2025-10-27 20:26:29,458 [INFO] [root] [MainThread]: Started processing: NFO\GFDLNFO_TICK_03012025\Options\BANKNIFTY30JAN2555300CE.NFO.csv
2025-10-27 20:26:29,531 [INFO] [root] [MainThread]: Successfully processed: NFO\GFDLNFO_TICK_03012025\Options\BANKNIFTY30JAN2555300CE.NFO.csv
2025-10-27 20:26:29,531 [INFO] [root] [MainThread]: Started processing: NFO\GFDLNFO_TICK_03012025\Options\BANKNIFTY30JAN2555400CE.NFO.csv
2025-10-27 20:26:29,603 [INFO] [root] [MainThread]: Successfully processed: NFO\GFDLNFO_TICK_03012025\Options\BANKNIFTY30JAN2555400CE.NFO.csv
2025-10-27 20:26:29,604 [INFO] [root] [MainThread]: Started processing: NFO\GFDLNFO_TICK_03012025\Options\BANKNIFTY30JAN2555500CE.NFO.csv
2025-10-27 20:26:29,700 [INFO] [root] [MainThread]: Successfully processed: NFO\GFDLNFO_TICK_03012025\Options\BANKNIFTY30JAN2555500CE.NFO.csv
2025-10-27 20:26:29,700 [INFO] [root] [MainThread]: Started processing: NFO\GFDLNFO_TICK_03012025\Options\BANKNIFTY30JAN2555600CE.NFO.csv
2025-10-27 20:26:29,781 [INFO] [root] [MainThread]: Successfully processed: NFO\GFDLNFO_TICK_03012025\Options\BANKNIFTY30JAN2555600CE.NFO.csv
2025-10-27 20:26:29,781 [INFO] [root] [MainThread]: Started processing: NFO\GFDLNFO_TICK_03012025\Options\BANKNIFTY30JAN2555700CE.NFO.csv
2025-10-27 20:26:29,851 [INFO] [root] [MainThread]: Successfully processed: NFO\GFDLNFO_TICK_03012025\Options\BANKNIFTY30JAN2555700CE.NFO.csv
2025-10-27 20:26:29,851 [INFO] [root] [MainThread]: Started processing: NFO\GFDLNFO_TICK_03012025\Options\BANKNIFTY30JAN2555800CE.NFO.csv
2025-10-27 20:26:29,928 [INFO] [root] [MainThread]: Successfully processed: NFO\GFDLNFO_TICK_03012025\Options\BANKNIFTY30JAN2555800CE.NFO.csv
2025-10-27 20:26:29,928 [INFO] [root] [MainThread]: Started processing: NFO\GFDLNFO_TICK_03012025\Options\BANKNIFTY30JAN2555900CE.NFO.csv
2025-10-27 20:26:29,995 [INFO] [root] [MainThread]: Successfully processed: NFO\GFDLNFO_TICK_03012025\Options\BANKNIFTY30JAN2555900CE.NFO.csv
2025-10-27 20:26:29,995 [INFO] [root] [MainThread]: Started processing: NFO\GFDLNFO_TICK_03012025\Options\BANKNIFTY30JAN2556000CE.NFO.csv
2025-10-27 20:26:30,091 [INFO] [root] [MainThread]: Successfully processed: NFO\GFDLNFO_TICK_03012025\Options\BANKNIFTY30JAN2556000CE.NFO.csv
2025-10-27 20:26:30,091 [INFO] [root] [MainThread]: Started processing: NFO\GFDLNFO_TICK_03012025\Options\BANKNIFTY30JAN2556100CE.NFO.csv
2025-10-27 20:26:30,153 [INFO] [root] [MainThread]: Successfully processed: NFO\GFDLNFO_TICK_03012025\Options\BANKNIFTY30JAN2556100CE.NFO.csv
2025-10-27 20:26:30,153 [INFO] [root] [MainThread]: Started processing: NFO\GFDLNFO_TICK_03012025\Options\BANKNIFTY30JAN2556200CE.NFO.csv
2025-10-27 20:26:30,218 [INFO] [root] [MainThread]: Successfully processed: NFO\GFDLNFO_TICK_03012025\Options\BANKNIFTY30JAN2556200CE.NFO.csv
2025-10-27 20:26:30,219 [INFO] [root] [MainThread]: Started processing: NFO\GFDLNFO_TICK_03012025\Options\BANKNIFTY30JAN2556300CE.NFO.csv
2025-10-27 20:26:30,283 [INFO] [root] [MainThread]: Successfully processed: NFO\GFDLNFO_TICK_03012025\Options\BANKNIFTY30JAN2556300CE.NFO.csv
2025-10-27 20:26:30,283 [INFO] [root] [MainThread]: Started processing: NFO\GFDLNFO_TICK_03012025\Options\BANKNIFTY30JAN2556400CE.NFO.csv
2025-10-27 20:26:30,352 [INFO] [root] [MainThread]: Successfully processed: NFO\GFDLNFO_TICK_03012025\Options\BANKNIFTY30JAN2556400CE.NFO.csv
2025-10-27 20:26:30,352 [INFO] [root] [MainThread]: Started processing: NFO\GFDLNFO_TICK_03012025\Options\BANKNIFTY30JAN2556500CE.NFO.csv
2025-10-27 20:26:30,430 [INFO] [root] [MainThread]: Successfully processed: NFO\GFDLNFO_TICK_03012025\Options\BANKNIFTY30JAN2556500CE.NFO.csv
2025-10-27 20:26:30,431 [INFO] [root] [MainThread]: Started processing: NFO\GFDLNFO_TICK_03012025\Options\BANKNIFTY30JAN2556600CE.NFO.csv
2025-10-27 20:26:30,486 [INFO] [root] [MainThread]: Successfully processed: NFO\GFDLNFO_TICK_03012025\Options\BANKNIFTY30JAN2556600CE.NFO.csv
2025-10-27 20:26:30,486 [INFO] [root] [MainThread]: Started processing: NFO\GFDLNFO_TICK_03012025\Options\BANKNIFTY30JAN2557000CE.NFO.csv
2025-10-27 20:26:30,565 [INFO] [root] [MainThread]: Successfully processed: NFO\GFDLNFO_TICK_03012025\Options\BANKNIFTY30JAN2557000CE.NFO.csv
2025-10-27 20:26:30,565 [INFO] [root] [MainThread]: Started processing: NFO\GFDLNFO_TICK_03012025\Options\BANKNIFTY30JAN2557500CE.NFO.csv
2025-10-27 20:26:30,635 [INFO] [root] [MainThread]: Successfully processed: NFO\GFDLNFO_TICK_03012025\Options\BANKNIFTY30JAN2557500CE.NFO.csv
2025-10-27 20:26:30,635 [INFO] [root] [MainThread]: Started processing: NFO\GFDLNFO_TICK_03012025\Options\BANKNIFTY30JAN2558000CE.NFO.csv
2025-10-27 20:26:30,713 [INFO] [root] [MainThread]: Successfully processed: NFO\GFDLNFO_TICK_03012025\Options\BANKNIFTY30JAN2558000CE.NFO.csv
2025-10-27 20:26:30,713 [INFO] [root] [MainThread]: Started processing: NFO\GFDLNFO_TICK_03012025\Options\BANKNIFTY30JAN2558500CE.NFO.csv
2025-10-27 20:26:30,782 [INFO] [root] [MainThread]: Successfully processed: NFO\GFDLNFO_TICK_03012025\Options\BANKNIFTY30JAN2558500CE.NFO.csv
2025-10-27 20:26:30,782 [INFO] [root] [MainThread]: Started processing: NFO\GFDLNFO_TICK_03012025\Options\BANKNIFTY30JAN2559000CE.NFO.csv
2025-10-27 20:26:30,872 [INFO] [root] [MainThread]: Successfully processed: NFO\GFDLNFO_TICK_03012025\Options\BANKNIFTY30JAN2559000CE.NFO.csv
2025-10-27 20:26:30,872 [INFO] [root] [MainThread]: Started processing: NFO\GFDLNFO_TICK_03012025\Options\BANKNIFTY30JAN2559500CE.NFO.csv
2025-10-27 20:26:30,948 [INFO] [root] [MainThread]: Successfully processed: NFO\GFDLNFO_TICK_03012025\Options\BANKNIFTY30JAN2559500CE.NFO.csv
2025-10-27 20:26:30,948 [INFO] [root] [MainThread]: Started processing: NFO\GFDLNFO_TICK_03012025\Options\BANKNIFTY30JAN2560000CE.NFO.csv
2025-10-27 20:26:31,036 [INFO] [root] [MainThread]: Successfully processed: NFO\GFDLNFO_TICK_03012025\Options\BANKNIFTY30JAN2560000CE.NFO.csv
2025-10-27 20:26:31,037 [INFO] [root] [MainThread]: Started processing: NFO\GFDLNFO_TICK_03012025\Options\BANKNIFTY30JAN2560500CE.NFO.csv
2025-10-27 20:26:31,102 [INFO] [root] [MainThread]: Successfully processed: NFO\GFDLNFO_TICK_03012025\Options\BANKNIFTY30JAN2560500CE.NFO.csv
2025-10-27 20:26:31,102 [INFO] [root] [MainThread]: Started processing: NFO\GFDLNFO_TICK_03012025\Options\BANKNIFTY30JAN2561000CE.NFO.csv
2025-10-27 20:26:31,243 [INFO] [root] [MainThread]: Successfully processed: NFO\GFDLNFO_TICK_03012025\Options\BANKNIFTY30JAN2561000CE.NFO.csv
2025-10-27 20:26:31,243 [INFO] [root] [MainThread]: Combining 196 dataframes...
2025-10-27 20:26:31,344 [INFO] [root] [MainThread]: Writing to ProcessedParquet\banknifty_call_03012025.parquet (438414 rows)...
2025-10-27 20:26:31,958 [INFO] [root] [MainThread]: Successfully saved 196 option files to ProcessedParquet\banknifty_call_03012025.parquet
2025-10-27 20:26:31,958 [INFO] [root] [MainThread]: Utility stopped.
