2025-10-27 13:49:43,935 [INFO] [root] [MainThread]: Utility started.
2025-10-27 13:49:43,936 [INFO] [root] [MainThread]: Processing MIDCPNIFTY from NFO exchange
2025-10-27 13:49:43,936 [INFO] [root] [MainThread]: Detected yearly folder structure in NFO\GFDLNFO_TICK_03012025\GFDLNFO_TICK_03012025
2025-10-27 13:49:44,472 [INFO] [root] [MainThread]: No date subfolders found, extracted date 03012025 from parent folder: GFDLNFO_TICK_03012025
2025-10-27 13:49:44,472 [INFO] [root] [MainThread]: Got following folder info {'03012025': {'NFO\\GFDLNFO_TICK_03012025\\GFDLNFO_TICK_03012025'}} for processing {'index': 'MIDCPNIFTY', 'instrument_type': 'put'}.
2025-10-27 13:49:44,484 [INFO] [root] [MainThread]: Started processing folder: NFO\GFDLNFO_TICK_03012025\GFDLNFO_TICK_03012025 for {'index': 'MIDCPNIFTY', 'instrument_type': 'put'}, date: 03012025
2025-10-27 13:49:44,509 [INFO] [root] [MainThread]: Found 84 put option files to process for MIDCPNIFTY.
2025-10-27 13:49:44,509 [INFO] [root] [MainThread]: Started processing: NFO\GFDLNFO_TICK_03012025\GFDLNFO_TICK_03012025\Options\MIDCPNIFTY27FEB2511100PE.NFO.csv
2025-10-27 13:49:44,533 [INFO] [root] [MainThread]: Successfully processed: NFO\GFDLNFO_TICK_03012025\GFDLNFO_TICK_03012025\Options\MIDCPNIFTY27FEB2511100PE.NFO.csv
2025-10-27 13:49:44,533 [INFO] [root] [MainThread]: Started processing: NFO\GFDLNFO_TICK_03012025\GFDLNFO_TICK_03012025\Options\MIDCPNIFTY27FEB2513000PE.NFO.csv
2025-10-27 13:49:44,562 [INFO] [root] [MainThread]: Successfully processed: NFO\GFDLNFO_TICK_03012025\GFDLNFO_TICK_03012025\Options\MIDCPNIFTY27FEB2513000PE.NFO.csv
2025-10-27 13:49:44,562 [INFO] [root] [MainThread]: Started processing: NFO\GFDLNFO_TICK_03012025\GFDLNFO_TICK_03012025\Options\MIDCPNIFTY30JAN2510600PE.NFO.csv
2025-10-27 13:49:44,592 [INFO] [root] [MainThread]: Successfully processed: NFO\GFDLNFO_TICK_03012025\GFDLNFO_TICK_03012025\Options\MIDCPNIFTY30JAN2510600PE.NFO.csv
2025-10-27 13:49:44,592 [INFO] [root] [MainThread]: Started processing: NFO\GFDLNFO_TICK_03012025\GFDLNFO_TICK_03012025\Options\MIDCPNIFTY30JAN2510700PE.NFO.csv
2025-10-27 13:49:44,613 [INFO] [root] [MainThread]: Successfully processed: NFO\GFDLNFO_TICK_03012025\GFDLNFO_TICK_03012025\Options\MIDCPNIFTY30JAN2510700PE.NFO.csv
2025-10-27 13:49:44,613 [INFO] [root] [MainThread]: Started processing: NFO\GFDLNFO_TICK_03012025\GFDLNFO_TICK_03012025\Options\MIDCPNIFTY30JAN2510800PE.NFO.csv
2025-10-27 13:49:44,642 [INFO] [root] [MainThread]: Successfully processed: NFO\GFDLNFO_TICK_03012025\GFDLNFO_TICK_03012025\Options\MIDCPNIFTY30JAN2510800PE.NFO.csv
2025-10-27 13:49:44,642 [INFO] [root] [MainThread]: Started processing: NFO\GFDLNFO_TICK_03012025\GFDLNFO_TICK_03012025\Options\MIDCPNIFTY30JAN2510900PE.NFO.csv
2025-10-27 13:49:44,663 [INFO] [root] [MainThread]: Successfully processed: NFO\GFDLNFO_TICK_03012025\GFDLNFO_TICK_03012025\Options\MIDCPNIFTY30JAN2510900PE.NFO.csv
2025-10-27 13:49:44,663 [INFO] [root] [MainThread]: Started processing: NFO\GFDLNFO_TICK_03012025\GFDLNFO_TICK_03012025\Options\MIDCPNIFTY30JAN2511000PE.NFO.csv
2025-10-27 13:49:44,684 [INFO] [root] [MainThread]: Successfully processed: NFO\GFDLNFO_TICK_03012025\GFDLNFO_TICK_03012025\Options\MIDCPNIFTY30JAN2511000PE.NFO.csv
2025-10-27 13:49:44,684 [INFO] [root] [MainThread]: Started processing: NFO\GFDLNFO_TICK_03012025\GFDLNFO_TICK_03012025\Options\MIDCPNIFTY30JAN2511100PE.NFO.csv
2025-10-27 13:49:44,703 [INFO] [root] [MainThread]: Successfully processed: NFO\GFDLNFO_TICK_03012025\GFDLNFO_TICK_03012025\Options\MIDCPNIFTY30JAN2511100PE.NFO.csv
2025-10-27 13:49:44,703 [INFO] [root] [MainThread]: Started processing: NFO\GFDLNFO_TICK_03012025\GFDLNFO_TICK_03012025\Options\MIDCPNIFTY30JAN2511200PE.NFO.csv
2025-10-27 13:49:44,727 [INFO] [root] [MainThread]: Successfully processed: NFO\GFDLNFO_TICK_03012025\GFDLNFO_TICK_03012025\Options\MIDCPNIFTY30JAN2511200PE.NFO.csv
2025-10-27 13:49:44,727 [INFO] [root] [MainThread]: Started processing: NFO\GFDLNFO_TICK_03012025\GFDLNFO_TICK_03012025\Options\MIDCPNIFTY30JAN2511300PE.NFO.csv
2025-10-27 13:49:44,748 [INFO] [root] [MainThread]: Successfully processed: NFO\GFDLNFO_TICK_03012025\GFDLNFO_TICK_03012025\Options\MIDCPNIFTY30JAN2511300PE.NFO.csv
2025-10-27 13:49:44,748 [INFO] [root] [MainThread]: Started processing: NFO\GFDLNFO_TICK_03012025\GFDLNFO_TICK_03012025\Options\MIDCPNIFTY30JAN2511400PE.NFO.csv
2025-10-27 13:49:44,771 [INFO] [root] [MainThread]: Successfully processed: NFO\GFDLNFO_TICK_03012025\GFDLNFO_TICK_03012025\Options\MIDCPNIFTY30JAN2511400PE.NFO.csv
2025-10-27 13:49:44,771 [INFO] [root] [MainThread]: Started processing: NFO\GFDLNFO_TICK_03012025\GFDLNFO_TICK_03012025\Options\MIDCPNIFTY30JAN2511450PE.NFO.csv
2025-10-27 13:49:44,802 [INFO] [root] [MainThread]: Successfully processed: NFO\GFDLNFO_TICK_03012025\GFDLNFO_TICK_03012025\Options\MIDCPNIFTY30JAN2511450PE.NFO.csv
2025-10-27 13:49:44,802 [INFO] [root] [MainThread]: Started processing: NFO\GFDLNFO_TICK_03012025\GFDLNFO_TICK_03012025\Options\MIDCPNIFTY30JAN2511475PE.NFO.csv
2025-10-27 13:49:44,822 [INFO] [root] [MainThread]: Successfully processed: NFO\GFDLNFO_TICK_03012025\GFDLNFO_TICK_03012025\Options\MIDCPNIFTY30JAN2511475PE.NFO.csv
2025-10-27 13:49:44,822 [INFO] [root] [MainThread]: Started processing: NFO\GFDLNFO_TICK_03012025\GFDLNFO_TICK_03012025\Options\MIDCPNIFTY30JAN2511500PE.NFO.csv
2025-10-27 13:49:44,849 [INFO] [root] [MainThread]: Successfully processed: NFO\GFDLNFO_TICK_03012025\GFDLNFO_TICK_03012025\Options\MIDCPNIFTY30JAN2511500PE.NFO.csv
2025-10-27 13:49:44,849 [INFO] [root] [MainThread]: Started processing: NFO\GFDLNFO_TICK_03012025\GFDLNFO_TICK_03012025\Options\MIDCPNIFTY30JAN2511525PE.NFO.csv
2025-10-27 13:49:44,884 [INFO] [root] [MainThread]: Successfully processed: NFO\GFDLNFO_TICK_03012025\GFDLNFO_TICK_03012025\Options\MIDCPNIFTY30JAN2511525PE.NFO.csv
2025-10-27 13:49:44,884 [INFO] [root] [MainThread]: Started processing: NFO\GFDLNFO_TICK_03012025\GFDLNFO_TICK_03012025\Options\MIDCPNIFTY30JAN2511550PE.NFO.csv
2025-10-27 13:49:44,915 [INFO] [root] [MainThread]: Successfully processed: NFO\GFDLNFO_TICK_03012025\GFDLNFO_TICK_03012025\Options\MIDCPNIFTY30JAN2511550PE.NFO.csv
2025-10-27 13:49:44,915 [INFO] [root] [MainThread]: Started processing: NFO\GFDLNFO_TICK_03012025\GFDLNFO_TICK_03012025\Options\MIDCPNIFTY30JAN2511575PE.NFO.csv
2025-10-27 13:49:44,941 [INFO] [root] [MainThread]: Successfully processed: NFO\GFDLNFO_TICK_03012025\GFDLNFO_TICK_03012025\Options\MIDCPNIFTY30JAN2511575PE.NFO.csv
2025-10-27 13:49:44,941 [INFO] [root] [MainThread]: Started processing: NFO\GFDLNFO_TICK_03012025\GFDLNFO_TICK_03012025\Options\MIDCPNIFTY30JAN2511600PE.NFO.csv
2025-10-27 13:49:44,969 [INFO] [root] [MainThread]: Successfully processed: NFO\GFDLNFO_TICK_03012025\GFDLNFO_TICK_03012025\Options\MIDCPNIFTY30JAN2511600PE.NFO.csv
2025-10-27 13:49:44,969 [INFO] [root] [MainThread]: Started processing: NFO\GFDLNFO_TICK_03012025\GFDLNFO_TICK_03012025\Options\MIDCPNIFTY30JAN2511650PE.NFO.csv
2025-10-27 13:49:44,996 [INFO] [root] [MainThread]: Successfully processed: NFO\GFDLNFO_TICK_03012025\GFDLNFO_TICK_03012025\Options\MIDCPNIFTY30JAN2511650PE.NFO.csv
2025-10-27 13:49:44,996 [INFO] [root] [MainThread]: Started processing: NFO\GFDLNFO_TICK_03012025\GFDLNFO_TICK_03012025\Options\MIDCPNIFTY30JAN2511750PE.NFO.csv
2025-10-27 13:49:45,036 [INFO] [root] [MainThread]: Successfully processed: NFO\GFDLNFO_TICK_03012025\GFDLNFO_TICK_03012025\Options\MIDCPNIFTY30JAN2511750PE.NFO.csv
2025-10-27 13:49:45,036 [INFO] [root] [MainThread]: Started processing: NFO\GFDLNFO_TICK_03012025\GFDLNFO_TICK_03012025\Options\MIDCPNIFTY30JAN2511825PE.NFO.csv
2025-10-27 13:49:45,055 [INFO] [root] [MainThread]: Successfully processed: NFO\GFDLNFO_TICK_03012025\GFDLNFO_TICK_03012025\Options\MIDCPNIFTY30JAN2511825PE.NFO.csv
2025-10-27 13:49:45,055 [INFO] [root] [MainThread]: Started processing: NFO\GFDLNFO_TICK_03012025\GFDLNFO_TICK_03012025\Options\MIDCPNIFTY30JAN2511850PE.NFO.csv
2025-10-27 13:49:45,074 [INFO] [root] [MainThread]: Successfully processed: NFO\GFDLNFO_TICK_03012025\GFDLNFO_TICK_03012025\Options\MIDCPNIFTY30JAN2511850PE.NFO.csv
2025-10-27 13:49:45,074 [INFO] [root] [MainThread]: Started processing: NFO\GFDLNFO_TICK_03012025\GFDLNFO_TICK_03012025\Options\MIDCPNIFTY30JAN2511875PE.NFO.csv
2025-10-27 13:49:45,111 [INFO] [root] [MainThread]: Successfully processed: NFO\GFDLNFO_TICK_03012025\GFDLNFO_TICK_03012025\Options\MIDCPNIFTY30JAN2511875PE.NFO.csv
2025-10-27 13:49:45,111 [INFO] [root] [MainThread]: Started processing: NFO\GFDLNFO_TICK_03012025\GFDLNFO_TICK_03012025\Options\MIDCPNIFTY30JAN2511900PE.NFO.csv
2025-10-27 13:49:45,148 [INFO] [root] [MainThread]: Successfully processed: NFO\GFDLNFO_TICK_03012025\GFDLNFO_TICK_03012025\Options\MIDCPNIFTY30JAN2511900PE.NFO.csv
2025-10-27 13:49:45,148 [INFO] [root] [MainThread]: Started processing: NFO\GFDLNFO_TICK_03012025\GFDLNFO_TICK_03012025\Options\MIDCPNIFTY30JAN2511925PE.NFO.csv
2025-10-27 13:49:45,172 [INFO] [root] [MainThread]: Successfully processed: NFO\GFDLNFO_TICK_03012025\GFDLNFO_TICK_03012025\Options\MIDCPNIFTY30JAN2511925PE.NFO.csv
2025-10-27 13:49:45,172 [INFO] [root] [MainThread]: Started processing: NFO\GFDLNFO_TICK_03012025\GFDLNFO_TICK_03012025\Options\MIDCPNIFTY30JAN2511950PE.NFO.csv
2025-10-27 13:49:45,194 [INFO] [root] [MainThread]: Successfully processed: NFO\GFDLNFO_TICK_03012025\GFDLNFO_TICK_03012025\Options\MIDCPNIFTY30JAN2511950PE.NFO.csv
2025-10-27 13:49:45,194 [INFO] [root] [MainThread]: Started processing: NFO\GFDLNFO_TICK_03012025\GFDLNFO_TICK_03012025\Options\MIDCPNIFTY30JAN2511975PE.NFO.csv
2025-10-27 13:49:45,215 [INFO] [root] [MainThread]: Successfully processed: NFO\GFDLNFO_TICK_03012025\GFDLNFO_TICK_03012025\Options\MIDCPNIFTY30JAN2511975PE.NFO.csv
2025-10-27 13:49:45,215 [INFO] [root] [MainThread]: Started processing: NFO\GFDLNFO_TICK_03012025\GFDLNFO_TICK_03012025\Options\MIDCPNIFTY30JAN2512000PE.NFO.csv
2025-10-27 13:49:45,260 [INFO] [root] [MainThread]: Successfully processed: NFO\GFDLNFO_TICK_03012025\GFDLNFO_TICK_03012025\Options\MIDCPNIFTY30JAN2512000PE.NFO.csv
2025-10-27 13:49:45,260 [INFO] [root] [MainThread]: Started processing: NFO\GFDLNFO_TICK_03012025\GFDLNFO_TICK_03012025\Options\MIDCPNIFTY30JAN2512025PE.NFO.csv
2025-10-27 13:49:45,280 [INFO] [root] [MainThread]: Successfully processed: NFO\GFDLNFO_TICK_03012025\GFDLNFO_TICK_03012025\Options\MIDCPNIFTY30JAN2512025PE.NFO.csv
2025-10-27 13:49:45,280 [INFO] [root] [MainThread]: Started processing: NFO\GFDLNFO_TICK_03012025\GFDLNFO_TICK_03012025\Options\MIDCPNIFTY30JAN2512075PE.NFO.csv
2025-10-27 13:49:45,300 [INFO] [root] [MainThread]: Successfully processed: NFO\GFDLNFO_TICK_03012025\GFDLNFO_TICK_03012025\Options\MIDCPNIFTY30JAN2512075PE.NFO.csv
2025-10-27 13:49:45,300 [INFO] [root] [MainThread]: Started processing: NFO\GFDLNFO_TICK_03012025\GFDLNFO_TICK_03012025\Options\MIDCPNIFTY30JAN2512125PE.NFO.csv
2025-10-27 13:49:45,333 [INFO] [root] [MainThread]: Successfully processed: NFO\GFDLNFO_TICK_03012025\GFDLNFO_TICK_03012025\Options\MIDCPNIFTY30JAN2512125PE.NFO.csv
2025-10-27 13:49:45,334 [INFO] [root] [MainThread]: Started processing: NFO\GFDLNFO_TICK_03012025\GFDLNFO_TICK_03012025\Options\MIDCPNIFTY30JAN2512150PE.NFO.csv
2025-10-27 13:49:45,366 [INFO] [root] [MainThread]: Successfully processed: NFO\GFDLNFO_TICK_03012025\GFDLNFO_TICK_03012025\Options\MIDCPNIFTY30JAN2512150PE.NFO.csv
2025-10-27 13:49:45,367 [INFO] [root] [MainThread]: Started processing: NFO\GFDLNFO_TICK_03012025\GFDLNFO_TICK_03012025\Options\MIDCPNIFTY30JAN2512175PE.NFO.csv
2025-10-27 13:49:45,399 [INFO] [root] [MainThread]: Successfully processed: NFO\GFDLNFO_TICK_03012025\GFDLNFO_TICK_03012025\Options\MIDCPNIFTY30JAN2512175PE.NFO.csv
2025-10-27 13:49:45,399 [INFO] [root] [MainThread]: Started processing: NFO\GFDLNFO_TICK_03012025\GFDLNFO_TICK_03012025\Options\MIDCPNIFTY30JAN2512200PE.NFO.csv
2025-10-27 13:49:45,439 [INFO] [root] [MainThread]: Successfully processed: NFO\GFDLNFO_TICK_03012025\GFDLNFO_TICK_03012025\Options\MIDCPNIFTY30JAN2512200PE.NFO.csv
2025-10-27 13:49:45,439 [INFO] [root] [MainThread]: Started processing: NFO\GFDLNFO_TICK_03012025\GFDLNFO_TICK_03012025\Options\MIDCPNIFTY30JAN2512225PE.NFO.csv
2025-10-27 13:49:45,465 [INFO] [root] [MainThread]: Successfully processed: NFO\GFDLNFO_TICK_03012025\GFDLNFO_TICK_03012025\Options\MIDCPNIFTY30JAN2512225PE.NFO.csv
2025-10-27 13:49:45,465 [INFO] [root] [MainThread]: Started processing: NFO\GFDLNFO_TICK_03012025\GFDLNFO_TICK_03012025\Options\MIDCPNIFTY30JAN2512250PE.NFO.csv
2025-10-27 13:49:45,501 [INFO] [root] [MainThread]: Successfully processed: NFO\GFDLNFO_TICK_03012025\GFDLNFO_TICK_03012025\Options\MIDCPNIFTY30JAN2512250PE.NFO.csv
2025-10-27 13:49:45,502 [INFO] [root] [MainThread]: Started processing: NFO\GFDLNFO_TICK_03012025\GFDLNFO_TICK_03012025\Options\MIDCPNIFTY30JAN2512275PE.NFO.csv
2025-10-27 13:49:45,534 [INFO] [root] [MainThread]: Successfully processed: NFO\GFDLNFO_TICK_03012025\GFDLNFO_TICK_03012025\Options\MIDCPNIFTY30JAN2512275PE.NFO.csv
2025-10-27 13:49:45,534 [INFO] [root] [MainThread]: Started processing: NFO\GFDLNFO_TICK_03012025\GFDLNFO_TICK_03012025\Options\MIDCPNIFTY30JAN2512300PE.NFO.csv
2025-10-27 13:49:45,572 [INFO] [root] [MainThread]: Successfully processed: NFO\GFDLNFO_TICK_03012025\GFDLNFO_TICK_03012025\Options\MIDCPNIFTY30JAN2512300PE.NFO.csv
2025-10-27 13:49:45,572 [INFO] [root] [MainThread]: Started processing: NFO\GFDLNFO_TICK_03012025\GFDLNFO_TICK_03012025\Options\MIDCPNIFTY30JAN2512325PE.NFO.csv
2025-10-27 13:49:45,607 [INFO] [root] [MainThread]: Successfully processed: NFO\GFDLNFO_TICK_03012025\GFDLNFO_TICK_03012025\Options\MIDCPNIFTY30JAN2512325PE.NFO.csv
2025-10-27 13:49:45,607 [INFO] [root] [MainThread]: Started processing: NFO\GFDLNFO_TICK_03012025\GFDLNFO_TICK_03012025\Options\MIDCPNIFTY30JAN2512350PE.NFO.csv
2025-10-27 13:49:45,641 [INFO] [root] [MainThread]: Successfully processed: NFO\GFDLNFO_TICK_03012025\GFDLNFO_TICK_03012025\Options\MIDCPNIFTY30JAN2512350PE.NFO.csv
2025-10-27 13:49:45,641 [INFO] [root] [MainThread]: Started processing: NFO\GFDLNFO_TICK_03012025\GFDLNFO_TICK_03012025\Options\MIDCPNIFTY30JAN2512375PE.NFO.csv
2025-10-27 13:49:45,678 [INFO] [root] [MainThread]: Successfully processed: NFO\GFDLNFO_TICK_03012025\GFDLNFO_TICK_03012025\Options\MIDCPNIFTY30JAN2512375PE.NFO.csv
2025-10-27 13:49:45,678 [INFO] [root] [MainThread]: Started processing: NFO\GFDLNFO_TICK_03012025\GFDLNFO_TICK_03012025\Options\MIDCPNIFTY30JAN2512400PE.NFO.csv
2025-10-27 13:49:45,715 [INFO] [root] [MainThread]: Successfully processed: NFO\GFDLNFO_TICK_03012025\GFDLNFO_TICK_03012025\Options\MIDCPNIFTY30JAN2512400PE.NFO.csv
2025-10-27 13:49:45,715 [INFO] [root] [MainThread]: Started processing: NFO\GFDLNFO_TICK_03012025\GFDLNFO_TICK_03012025\Options\MIDCPNIFTY30JAN2512425PE.NFO.csv
2025-10-27 13:49:45,753 [INFO] [root] [MainThread]: Successfully processed: NFO\GFDLNFO_TICK_03012025\GFDLNFO_TICK_03012025\Options\MIDCPNIFTY30JAN2512425PE.NFO.csv
2025-10-27 13:49:45,753 [INFO] [root] [MainThread]: Started processing: NFO\GFDLNFO_TICK_03012025\GFDLNFO_TICK_03012025\Options\MIDCPNIFTY30JAN2512450PE.NFO.csv
2025-10-27 13:49:45,790 [INFO] [root] [MainThread]: Successfully processed: NFO\GFDLNFO_TICK_03012025\GFDLNFO_TICK_03012025\Options\MIDCPNIFTY30JAN2512450PE.NFO.csv
2025-10-27 13:49:45,790 [INFO] [root] [MainThread]: Started processing: NFO\GFDLNFO_TICK_03012025\GFDLNFO_TICK_03012025\Options\MIDCPNIFTY30JAN2512475PE.NFO.csv
2025-10-27 13:49:45,825 [INFO] [root] [MainThread]: Successfully processed: NFO\GFDLNFO_TICK_03012025\GFDLNFO_TICK_03012025\Options\MIDCPNIFTY30JAN2512475PE.NFO.csv
2025-10-27 13:49:45,825 [INFO] [root] [MainThread]: Started processing: NFO\GFDLNFO_TICK_03012025\GFDLNFO_TICK_03012025\Options\MIDCPNIFTY30JAN2512500PE.NFO.csv
2025-10-27 13:49:45,875 [INFO] [root] [MainThread]: Successfully processed: NFO\GFDLNFO_TICK_03012025\GFDLNFO_TICK_03012025\Options\MIDCPNIFTY30JAN2512500PE.NFO.csv
2025-10-27 13:49:45,875 [INFO] [root] [MainThread]: Started processing: NFO\GFDLNFO_TICK_03012025\GFDLNFO_TICK_03012025\Options\MIDCPNIFTY30JAN2512525PE.NFO.csv
2025-10-27 13:49:45,910 [INFO] [root] [MainThread]: Successfully processed: NFO\GFDLNFO_TICK_03012025\GFDLNFO_TICK_03012025\Options\MIDCPNIFTY30JAN2512525PE.NFO.csv
2025-10-27 13:49:45,911 [INFO] [root] [MainThread]: Started processing: NFO\GFDLNFO_TICK_03012025\GFDLNFO_TICK_03012025\Options\MIDCPNIFTY30JAN2512550PE.NFO.csv
2025-10-27 13:49:45,951 [INFO] [root] [MainThread]: Successfully processed: NFO\GFDLNFO_TICK_03012025\GFDLNFO_TICK_03012025\Options\MIDCPNIFTY30JAN2512550PE.NFO.csv
2025-10-27 13:49:45,951 [INFO] [root] [MainThread]: Started processing: NFO\GFDLNFO_TICK_03012025\GFDLNFO_TICK_03012025\Options\MIDCPNIFTY30JAN2512575PE.NFO.csv
2025-10-27 13:49:45,995 [INFO] [root] [MainThread]: Successfully processed: NFO\GFDLNFO_TICK_03012025\GFDLNFO_TICK_03012025\Options\MIDCPNIFTY30JAN2512575PE.NFO.csv
2025-10-27 13:49:45,995 [INFO] [root] [MainThread]: Started processing: NFO\GFDLNFO_TICK_03012025\GFDLNFO_TICK_03012025\Options\MIDCPNIFTY30JAN2512600PE.NFO.csv
2025-10-27 13:49:46,046 [INFO] [root] [MainThread]: Successfully processed: NFO\GFDLNFO_TICK_03012025\GFDLNFO_TICK_03012025\Options\MIDCPNIFTY30JAN2512600PE.NFO.csv
2025-10-27 13:49:46,046 [INFO] [root] [MainThread]: Started processing: NFO\GFDLNFO_TICK_03012025\GFDLNFO_TICK_03012025\Options\MIDCPNIFTY30JAN2512625PE.NFO.csv
2025-10-27 13:49:46,087 [INFO] [root] [MainThread]: Successfully processed: NFO\GFDLNFO_TICK_03012025\GFDLNFO_TICK_03012025\Options\MIDCPNIFTY30JAN2512625PE.NFO.csv
2025-10-27 13:49:46,087 [INFO] [root] [MainThread]: Started processing: NFO\GFDLNFO_TICK_03012025\GFDLNFO_TICK_03012025\Options\MIDCPNIFTY30JAN2512650PE.NFO.csv
2025-10-27 13:49:46,132 [INFO] [root] [MainThread]: Successfully processed: NFO\GFDLNFO_TICK_03012025\GFDLNFO_TICK_03012025\Options\MIDCPNIFTY30JAN2512650PE.NFO.csv
2025-10-27 13:49:46,132 [INFO] [root] [MainThread]: Started processing: NFO\GFDLNFO_TICK_03012025\GFDLNFO_TICK_03012025\Options\MIDCPNIFTY30JAN2512675PE.NFO.csv
2025-10-27 13:49:46,173 [INFO] [root] [MainThread]: Successfully processed: NFO\GFDLNFO_TICK_03012025\GFDLNFO_TICK_03012025\Options\MIDCPNIFTY30JAN2512675PE.NFO.csv
2025-10-27 13:49:46,173 [INFO] [root] [MainThread]: Started processing: NFO\GFDLNFO_TICK_03012025\GFDLNFO_TICK_03012025\Options\MIDCPNIFTY30JAN2512700PE.NFO.csv
2025-10-27 13:49:46,221 [INFO] [root] [MainThread]: Successfully processed: NFO\GFDLNFO_TICK_03012025\GFDLNFO_TICK_03012025\Options\MIDCPNIFTY30JAN2512700PE.NFO.csv
2025-10-27 13:49:46,221 [INFO] [root] [MainThread]: Started processing: NFO\GFDLNFO_TICK_03012025\GFDLNFO_TICK_03012025\Options\MIDCPNIFTY30JAN2512725PE.NFO.csv
2025-10-27 13:49:46,267 [INFO] [root] [MainThread]: Successfully processed: NFO\GFDLNFO_TICK_03012025\GFDLNFO_TICK_03012025\Options\MIDCPNIFTY30JAN2512725PE.NFO.csv
2025-10-27 13:49:46,267 [INFO] [root] [MainThread]: Started processing: NFO\GFDLNFO_TICK_03012025\GFDLNFO_TICK_03012025\Options\MIDCPNIFTY30JAN2512750PE.NFO.csv
2025-10-27 13:49:46,311 [INFO] [root] [MainThread]: Successfully processed: NFO\GFDLNFO_TICK_03012025\GFDLNFO_TICK_03012025\Options\MIDCPNIFTY30JAN2512750PE.NFO.csv
2025-10-27 13:49:46,311 [INFO] [root] [MainThread]: Started processing: NFO\GFDLNFO_TICK_03012025\GFDLNFO_TICK_03012025\Options\MIDCPNIFTY30JAN2512775PE.NFO.csv
2025-10-27 13:49:46,357 [INFO] [root] [MainThread]: Successfully processed: NFO\GFDLNFO_TICK_03012025\GFDLNFO_TICK_03012025\Options\MIDCPNIFTY30JAN2512775PE.NFO.csv
2025-10-27 13:49:46,357 [INFO] [root] [MainThread]: Started processing: NFO\GFDLNFO_TICK_03012025\GFDLNFO_TICK_03012025\Options\MIDCPNIFTY30JAN2512800PE.NFO.csv
2025-10-27 13:49:46,416 [INFO] [root] [MainThread]: Successfully processed: NFO\GFDLNFO_TICK_03012025\GFDLNFO_TICK_03012025\Options\MIDCPNIFTY30JAN2512800PE.NFO.csv
2025-10-27 13:49:46,416 [INFO] [root] [MainThread]: Started processing: NFO\GFDLNFO_TICK_03012025\GFDLNFO_TICK_03012025\Options\MIDCPNIFTY30JAN2512825PE.NFO.csv
2025-10-27 13:49:46,458 [INFO] [root] [MainThread]: Successfully processed: NFO\GFDLNFO_TICK_03012025\GFDLNFO_TICK_03012025\Options\MIDCPNIFTY30JAN2512825PE.NFO.csv
2025-10-27 13:49:46,458 [INFO] [root] [MainThread]: Started processing: NFO\GFDLNFO_TICK_03012025\GFDLNFO_TICK_03012025\Options\MIDCPNIFTY30JAN2512850PE.NFO.csv
2025-10-27 13:49:46,507 [INFO] [root] [MainThread]: Successfully processed: NFO\GFDLNFO_TICK_03012025\GFDLNFO_TICK_03012025\Options\MIDCPNIFTY30JAN2512850PE.NFO.csv
2025-10-27 13:49:46,507 [INFO] [root] [MainThread]: Started processing: NFO\GFDLNFO_TICK_03012025\GFDLNFO_TICK_03012025\Options\MIDCPNIFTY30JAN2512875PE.NFO.csv
2025-10-27 13:49:46,553 [INFO] [root] [MainThread]: Successfully processed: NFO\GFDLNFO_TICK_03012025\GFDLNFO_TICK_03012025\Options\MIDCPNIFTY30JAN2512875PE.NFO.csv
2025-10-27 13:49:46,553 [INFO] [root] [MainThread]: Started processing: NFO\GFDLNFO_TICK_03012025\GFDLNFO_TICK_03012025\Options\MIDCPNIFTY30JAN2512900PE.NFO.csv
2025-10-27 13:49:46,612 [INFO] [root] [MainThread]: Successfully processed: NFO\GFDLNFO_TICK_03012025\GFDLNFO_TICK_03012025\Options\MIDCPNIFTY30JAN2512900PE.NFO.csv
2025-10-27 13:49:46,612 [INFO] [root] [MainThread]: Started processing: NFO\GFDLNFO_TICK_03012025\GFDLNFO_TICK_03012025\Options\MIDCPNIFTY30JAN2512925PE.NFO.csv
2025-10-27 13:49:46,658 [INFO] [root] [MainThread]: Successfully processed: NFO\GFDLNFO_TICK_03012025\GFDLNFO_TICK_03012025\Options\MIDCPNIFTY30JAN2512925PE.NFO.csv
2025-10-27 13:49:46,658 [INFO] [root] [MainThread]: Started processing: NFO\GFDLNFO_TICK_03012025\GFDLNFO_TICK_03012025\Options\MIDCPNIFTY30JAN2512950PE.NFO.csv
2025-10-27 13:49:46,711 [INFO] [root] [MainThread]: Successfully processed: NFO\GFDLNFO_TICK_03012025\GFDLNFO_TICK_03012025\Options\MIDCPNIFTY30JAN2512950PE.NFO.csv
2025-10-27 13:49:46,711 [INFO] [root] [MainThread]: Started processing: NFO\GFDLNFO_TICK_03012025\GFDLNFO_TICK_03012025\Options\MIDCPNIFTY30JAN2512975PE.NFO.csv
2025-10-27 13:49:46,767 [INFO] [root] [MainThread]: Successfully processed: NFO\GFDLNFO_TICK_03012025\GFDLNFO_TICK_03012025\Options\MIDCPNIFTY30JAN2512975PE.NFO.csv
2025-10-27 13:49:46,767 [INFO] [root] [MainThread]: Started processing: NFO\GFDLNFO_TICK_03012025\GFDLNFO_TICK_03012025\Options\MIDCPNIFTY30JAN2513000PE.NFO.csv
2025-10-27 13:49:46,845 [INFO] [root] [MainThread]: Successfully processed: NFO\GFDLNFO_TICK_03012025\GFDLNFO_TICK_03012025\Options\MIDCPNIFTY30JAN2513000PE.NFO.csv
2025-10-27 13:49:46,845 [INFO] [root] [MainThread]: Started processing: NFO\GFDLNFO_TICK_03012025\GFDLNFO_TICK_03012025\Options\MIDCPNIFTY30JAN2513025PE.NFO.csv
2025-10-27 13:49:46,904 [INFO] [root] [MainThread]: Successfully processed: NFO\GFDLNFO_TICK_03012025\GFDLNFO_TICK_03012025\Options\MIDCPNIFTY30JAN2513025PE.NFO.csv
2025-10-27 13:49:46,904 [INFO] [root] [MainThread]: Started processing: NFO\GFDLNFO_TICK_03012025\GFDLNFO_TICK_03012025\Options\MIDCPNIFTY30JAN2513050PE.NFO.csv
2025-10-27 13:49:46,961 [INFO] [root] [MainThread]: Successfully processed: NFO\GFDLNFO_TICK_03012025\GFDLNFO_TICK_03012025\Options\MIDCPNIFTY30JAN2513050PE.NFO.csv
2025-10-27 13:49:46,961 [INFO] [root] [MainThread]: Started processing: NFO\GFDLNFO_TICK_03012025\GFDLNFO_TICK_03012025\Options\MIDCPNIFTY30JAN2513075PE.NFO.csv
2025-10-27 13:49:47,027 [INFO] [root] [MainThread]: Successfully processed: NFO\GFDLNFO_TICK_03012025\GFDLNFO_TICK_03012025\Options\MIDCPNIFTY30JAN2513075PE.NFO.csv
2025-10-27 13:49:47,027 [INFO] [root] [MainThread]: Started processing: NFO\GFDLNFO_TICK_03012025\GFDLNFO_TICK_03012025\Options\MIDCPNIFTY30JAN2513100PE.NFO.csv
2025-10-27 13:49:47,099 [INFO] [root] [MainThread]: Successfully processed: NFO\GFDLNFO_TICK_03012025\GFDLNFO_TICK_03012025\Options\MIDCPNIFTY30JAN2513100PE.NFO.csv
2025-10-27 13:49:47,099 [INFO] [root] [MainThread]: Started processing: NFO\GFDLNFO_TICK_03012025\GFDLNFO_TICK_03012025\Options\MIDCPNIFTY30JAN2513125PE.NFO.csv
2025-10-27 13:49:47,154 [INFO] [root] [MainThread]: Successfully processed: NFO\GFDLNFO_TICK_03012025\GFDLNFO_TICK_03012025\Options\MIDCPNIFTY30JAN2513125PE.NFO.csv
2025-10-27 13:49:47,154 [INFO] [root] [MainThread]: Started processing: NFO\GFDLNFO_TICK_03012025\GFDLNFO_TICK_03012025\Options\MIDCPNIFTY30JAN2513150PE.NFO.csv
2025-10-27 13:49:47,202 [INFO] [root] [MainThread]: Successfully processed: NFO\GFDLNFO_TICK_03012025\GFDLNFO_TICK_03012025\Options\MIDCPNIFTY30JAN2513150PE.NFO.csv
2025-10-27 13:49:47,202 [INFO] [root] [MainThread]: Started processing: NFO\GFDLNFO_TICK_03012025\GFDLNFO_TICK_03012025\Options\MIDCPNIFTY30JAN2513175PE.NFO.csv
2025-10-27 13:49:47,254 [INFO] [root] [MainThread]: Successfully processed: NFO\GFDLNFO_TICK_03012025\GFDLNFO_TICK_03012025\Options\MIDCPNIFTY30JAN2513175PE.NFO.csv
2025-10-27 13:49:47,254 [INFO] [root] [MainThread]: Started processing: NFO\GFDLNFO_TICK_03012025\GFDLNFO_TICK_03012025\Options\MIDCPNIFTY30JAN2513200PE.NFO.csv
2025-10-27 13:49:47,311 [INFO] [root] [MainThread]: Successfully processed: NFO\GFDLNFO_TICK_03012025\GFDLNFO_TICK_03012025\Options\MIDCPNIFTY30JAN2513200PE.NFO.csv
2025-10-27 13:49:47,311 [INFO] [root] [MainThread]: Started processing: NFO\GFDLNFO_TICK_03012025\GFDLNFO_TICK_03012025\Options\MIDCPNIFTY30JAN2513225PE.NFO.csv
2025-10-27 13:49:47,353 [INFO] [root] [MainThread]: Successfully processed: NFO\GFDLNFO_TICK_03012025\GFDLNFO_TICK_03012025\Options\MIDCPNIFTY30JAN2513225PE.NFO.csv
2025-10-27 13:49:47,353 [INFO] [root] [MainThread]: Started processing: NFO\GFDLNFO_TICK_03012025\GFDLNFO_TICK_03012025\Options\MIDCPNIFTY30JAN2513250PE.NFO.csv
2025-10-27 13:49:47,399 [INFO] [root] [MainThread]: Successfully processed: NFO\GFDLNFO_TICK_03012025\GFDLNFO_TICK_03012025\Options\MIDCPNIFTY30JAN2513250PE.NFO.csv
2025-10-27 13:49:47,399 [INFO] [root] [MainThread]: Started processing: NFO\GFDLNFO_TICK_03012025\GFDLNFO_TICK_03012025\Options\MIDCPNIFTY30JAN2513275PE.NFO.csv
2025-10-27 13:49:47,440 [INFO] [root] [MainThread]: Successfully processed: NFO\GFDLNFO_TICK_03012025\GFDLNFO_TICK_03012025\Options\MIDCPNIFTY30JAN2513275PE.NFO.csv
2025-10-27 13:49:47,440 [INFO] [root] [MainThread]: Started processing: NFO\GFDLNFO_TICK_03012025\GFDLNFO_TICK_03012025\Options\MIDCPNIFTY30JAN2513300PE.NFO.csv
2025-10-27 13:49:47,483 [INFO] [root] [MainThread]: Successfully processed: NFO\GFDLNFO_TICK_03012025\GFDLNFO_TICK_03012025\Options\MIDCPNIFTY30JAN2513300PE.NFO.csv
2025-10-27 13:49:47,483 [INFO] [root] [MainThread]: Started processing: NFO\GFDLNFO_TICK_03012025\GFDLNFO_TICK_03012025\Options\MIDCPNIFTY30JAN2513350PE.NFO.csv
2025-10-27 13:49:47,527 [INFO] [root] [MainThread]: Successfully processed: NFO\GFDLNFO_TICK_03012025\GFDLNFO_TICK_03012025\Options\MIDCPNIFTY30JAN2513350PE.NFO.csv
2025-10-27 13:49:47,527 [INFO] [root] [MainThread]: Started processing: NFO\GFDLNFO_TICK_03012025\GFDLNFO_TICK_03012025\Options\MIDCPNIFTY30JAN2513400PE.NFO.csv
2025-10-27 13:49:47,569 [INFO] [root] [MainThread]: Successfully processed: NFO\GFDLNFO_TICK_03012025\GFDLNFO_TICK_03012025\Options\MIDCPNIFTY30JAN2513400PE.NFO.csv
2025-10-27 13:49:47,569 [INFO] [root] [MainThread]: Started processing: NFO\GFDLNFO_TICK_03012025\GFDLNFO_TICK_03012025\Options\MIDCPNIFTY30JAN2513475PE.NFO.csv
2025-10-27 13:49:47,612 [INFO] [root] [MainThread]: Successfully processed: NFO\GFDLNFO_TICK_03012025\GFDLNFO_TICK_03012025\Options\MIDCPNIFTY30JAN2513475PE.NFO.csv
2025-10-27 13:49:47,612 [INFO] [root] [MainThread]: Started processing: NFO\GFDLNFO_TICK_03012025\GFDLNFO_TICK_03012025\Options\MIDCPNIFTY30JAN2513500PE.NFO.csv
2025-10-27 13:49:47,653 [INFO] [root] [MainThread]: Successfully processed: NFO\GFDLNFO_TICK_03012025\GFDLNFO_TICK_03012025\Options\MIDCPNIFTY30JAN2513500PE.NFO.csv
2025-10-27 13:49:47,654 [INFO] [root] [MainThread]: Started processing: NFO\GFDLNFO_TICK_03012025\GFDLNFO_TICK_03012025\Options\MIDCPNIFTY30JAN2513600PE.NFO.csv
2025-10-27 13:49:47,695 [INFO] [root] [MainThread]: Successfully processed: NFO\GFDLNFO_TICK_03012025\GFDLNFO_TICK_03012025\Options\MIDCPNIFTY30JAN2513600PE.NFO.csv
2025-10-27 13:49:47,696 [INFO] [root] [MainThread]: Started processing: NFO\GFDLNFO_TICK_03012025\GFDLNFO_TICK_03012025\Options\MIDCPNIFTY30JAN2513700PE.NFO.csv
2025-10-27 13:49:47,718 [INFO] [root] [MainThread]: Successfully processed: NFO\GFDLNFO_TICK_03012025\GFDLNFO_TICK_03012025\Options\MIDCPNIFTY30JAN2513700PE.NFO.csv
2025-10-27 13:49:47,719 [INFO] [root] [MainThread]: Combining 84 dataframes...
2025-10-27 13:49:47,736 [INFO] [root] [MainThread]: Writing to ProcessedParquet\midcpnifty_put_03012025.parquet (65332 rows)...
2025-10-27 13:49:47,816 [INFO] [root] [MainThread]: Successfully saved 84 option files to ProcessedParquet\midcpnifty_put_03012025.parquet
2025-10-27 13:49:47,816 [INFO] [root] [MainThread]: Utility stopped.
