2025-10-27 20:32:11,164 [INFO] [root] [MainThread]: Utility started.
2025-10-27 20:32:11,164 [INFO] [root] [MainThread]: Processing FINNIFTY from NFO exchange
2025-10-27 20:32:11,164 [INFO] [root] [MainThread]: Detected yearly folder structure in NFO\GFDLNFO_TICK_03012025
2025-10-27 20:32:11,565 [INFO] [root] [MainThread]: No date subfolders found, extracted date 03012025 from parent folder: GFDLNFO_TICK_03012025
2025-10-27 20:32:11,565 [INFO] [root] [MainThread]: Got following folder info {'03012025': {'NFO\\GFDLNFO_TICK_03012025'}} for processing {'index': 'FINNIFTY', 'instrument_type': 'put'}.
2025-10-27 20:32:11,576 [INFO] [root] [MainThread]: Started processing folder: NFO\GFDLNFO_TICK_03012025 for {'index': 'FINNIFTY', 'instrument_type': 'put'}, date: 03012025
2025-10-27 20:32:11,605 [INFO] [root] [MainThread]: Found 70 put option files to process for FINNIFTY.
2025-10-27 20:32:11,606 [INFO] [root] [MainThread]: Started processing: NFO\GFDLNFO_TICK_03012025\Options\FINNIFTY30JAN2520000PE.NFO.csv
2025-10-27 20:32:11,622 [INFO] [root] [MainThread]: Successfully processed: NFO\GFDLNFO_TICK_03012025\Options\FINNIFTY30JAN2520000PE.NFO.csv
2025-10-27 20:32:11,622 [INFO] [root] [MainThread]: Started processing: NFO\GFDLNFO_TICK_03012025\Options\FINNIFTY30JAN2520500PE.NFO.csv
2025-10-27 20:32:11,631 [INFO] [root] [MainThread]: Successfully processed: NFO\GFDLNFO_TICK_03012025\Options\FINNIFTY30JAN2520500PE.NFO.csv
2025-10-27 20:32:11,631 [INFO] [root] [MainThread]: Started processing: NFO\GFDLNFO_TICK_03012025\Options\FINNIFTY30JAN2521000PE.NFO.csv
2025-10-27 20:32:11,643 [INFO] [root] [MainThread]: Successfully processed: NFO\GFDLNFO_TICK_03012025\Options\FINNIFTY30JAN2521000PE.NFO.csv
2025-10-27 20:32:11,643 [INFO] [root] [MainThread]: Started processing: NFO\GFDLNFO_TICK_03012025\Options\FINNIFTY30JAN2521100PE.NFO.csv
2025-10-27 20:32:11,654 [INFO] [root] [MainThread]: Successfully processed: NFO\GFDLNFO_TICK_03012025\Options\FINNIFTY30JAN2521100PE.NFO.csv
2025-10-27 20:32:11,654 [INFO] [root] [MainThread]: Started processing: NFO\GFDLNFO_TICK_03012025\Options\FINNIFTY30JAN2521200PE.NFO.csv
2025-10-27 20:32:11,665 [INFO] [root] [MainThread]: Successfully processed: NFO\GFDLNFO_TICK_03012025\Options\FINNIFTY30JAN2521200PE.NFO.csv
2025-10-27 20:32:11,666 [INFO] [root] [MainThread]: Started processing: NFO\GFDLNFO_TICK_03012025\Options\FINNIFTY30JAN2521300PE.NFO.csv
2025-10-27 20:32:11,676 [INFO] [root] [MainThread]: Successfully processed: NFO\GFDLNFO_TICK_03012025\Options\FINNIFTY30JAN2521300PE.NFO.csv
2025-10-27 20:32:11,677 [INFO] [root] [MainThread]: Started processing: NFO\GFDLNFO_TICK_03012025\Options\FINNIFTY30JAN2521400PE.NFO.csv
2025-10-27 20:32:11,688 [INFO] [root] [MainThread]: Successfully processed: NFO\GFDLNFO_TICK_03012025\Options\FINNIFTY30JAN2521400PE.NFO.csv
2025-10-27 20:32:11,688 [INFO] [root] [MainThread]: Started processing: NFO\GFDLNFO_TICK_03012025\Options\FINNIFTY30JAN2521500PE.NFO.csv
2025-10-27 20:32:11,703 [INFO] [root] [MainThread]: Successfully processed: NFO\GFDLNFO_TICK_03012025\Options\FINNIFTY30JAN2521500PE.NFO.csv
2025-10-27 20:32:11,703 [INFO] [root] [MainThread]: Started processing: NFO\GFDLNFO_TICK_03012025\Options\FINNIFTY30JAN2521600PE.NFO.csv
2025-10-27 20:32:11,716 [INFO] [root] [MainThread]: Successfully processed: NFO\GFDLNFO_TICK_03012025\Options\FINNIFTY30JAN2521600PE.NFO.csv
2025-10-27 20:32:11,716 [INFO] [root] [MainThread]: Started processing: NFO\GFDLNFO_TICK_03012025\Options\FINNIFTY30JAN2521700PE.NFO.csv
2025-10-27 20:32:11,731 [INFO] [root] [MainThread]: Successfully processed: NFO\GFDLNFO_TICK_03012025\Options\FINNIFTY30JAN2521700PE.NFO.csv
2025-10-27 20:32:11,731 [INFO] [root] [MainThread]: Started processing: NFO\GFDLNFO_TICK_03012025\Options\FINNIFTY30JAN2521800PE.NFO.csv
2025-10-27 20:32:11,754 [INFO] [root] [MainThread]: Successfully processed: NFO\GFDLNFO_TICK_03012025\Options\FINNIFTY30JAN2521800PE.NFO.csv
2025-10-27 20:32:11,755 [INFO] [root] [MainThread]: Started processing: NFO\GFDLNFO_TICK_03012025\Options\FINNIFTY30JAN2522000PE.NFO.csv
2025-10-27 20:32:11,782 [INFO] [root] [MainThread]: Successfully processed: NFO\GFDLNFO_TICK_03012025\Options\FINNIFTY30JAN2522000PE.NFO.csv
2025-10-27 20:32:11,782 [INFO] [root] [MainThread]: Started processing: NFO\GFDLNFO_TICK_03012025\Options\FINNIFTY30JAN2522100PE.NFO.csv
2025-10-27 20:32:11,795 [INFO] [root] [MainThread]: Successfully processed: NFO\GFDLNFO_TICK_03012025\Options\FINNIFTY30JAN2522100PE.NFO.csv
2025-10-27 20:32:11,795 [INFO] [root] [MainThread]: Started processing: NFO\GFDLNFO_TICK_03012025\Options\FINNIFTY30JAN2522200PE.NFO.csv
2025-10-27 20:32:11,812 [INFO] [root] [MainThread]: Successfully processed: NFO\GFDLNFO_TICK_03012025\Options\FINNIFTY30JAN2522200PE.NFO.csv
2025-10-27 20:32:11,812 [INFO] [root] [MainThread]: Started processing: NFO\GFDLNFO_TICK_03012025\Options\FINNIFTY30JAN2522250PE.NFO.csv
2025-10-27 20:32:11,829 [INFO] [root] [MainThread]: Successfully processed: NFO\GFDLNFO_TICK_03012025\Options\FINNIFTY30JAN2522250PE.NFO.csv
2025-10-27 20:32:11,829 [INFO] [root] [MainThread]: Started processing: NFO\GFDLNFO_TICK_03012025\Options\FINNIFTY30JAN2522300PE.NFO.csv
2025-10-27 20:32:11,848 [INFO] [root] [MainThread]: Successfully processed: NFO\GFDLNFO_TICK_03012025\Options\FINNIFTY30JAN2522300PE.NFO.csv
2025-10-27 20:32:11,848 [INFO] [root] [MainThread]: Started processing: NFO\GFDLNFO_TICK_03012025\Options\FINNIFTY30JAN2522350PE.NFO.csv
2025-10-27 20:32:11,881 [INFO] [root] [MainThread]: Successfully processed: NFO\GFDLNFO_TICK_03012025\Options\FINNIFTY30JAN2522350PE.NFO.csv
2025-10-27 20:32:11,881 [INFO] [root] [MainThread]: Started processing: NFO\GFDLNFO_TICK_03012025\Options\FINNIFTY30JAN2522400PE.NFO.csv
2025-10-27 20:32:11,902 [INFO] [root] [MainThread]: Successfully processed: NFO\GFDLNFO_TICK_03012025\Options\FINNIFTY30JAN2522400PE.NFO.csv
2025-10-27 20:32:11,903 [INFO] [root] [MainThread]: Started processing: NFO\GFDLNFO_TICK_03012025\Options\FINNIFTY30JAN2522450PE.NFO.csv
2025-10-27 20:32:11,940 [INFO] [root] [MainThread]: Successfully processed: NFO\GFDLNFO_TICK_03012025\Options\FINNIFTY30JAN2522450PE.NFO.csv
2025-10-27 20:32:11,941 [INFO] [root] [MainThread]: Started processing: NFO\GFDLNFO_TICK_03012025\Options\FINNIFTY30JAN2522500PE.NFO.csv
2025-10-27 20:32:11,976 [INFO] [root] [MainThread]: Successfully processed: NFO\GFDLNFO_TICK_03012025\Options\FINNIFTY30JAN2522500PE.NFO.csv
2025-10-27 20:32:11,976 [INFO] [root] [MainThread]: Started processing: NFO\GFDLNFO_TICK_03012025\Options\FINNIFTY30JAN2522550PE.NFO.csv
2025-10-27 20:32:12,018 [INFO] [root] [MainThread]: Successfully processed: NFO\GFDLNFO_TICK_03012025\Options\FINNIFTY30JAN2522550PE.NFO.csv
2025-10-27 20:32:12,018 [INFO] [root] [MainThread]: Started processing: NFO\GFDLNFO_TICK_03012025\Options\FINNIFTY30JAN2522600PE.NFO.csv
2025-10-27 20:32:12,046 [INFO] [root] [MainThread]: Successfully processed: NFO\GFDLNFO_TICK_03012025\Options\FINNIFTY30JAN2522600PE.NFO.csv
2025-10-27 20:32:12,046 [INFO] [root] [MainThread]: Started processing: NFO\GFDLNFO_TICK_03012025\Options\FINNIFTY30JAN2522650PE.NFO.csv
2025-10-27 20:32:12,081 [INFO] [root] [MainThread]: Successfully processed: NFO\GFDLNFO_TICK_03012025\Options\FINNIFTY30JAN2522650PE.NFO.csv
2025-10-27 20:32:12,081 [INFO] [root] [MainThread]: Started processing: NFO\GFDLNFO_TICK_03012025\Options\FINNIFTY30JAN2522700PE.NFO.csv
2025-10-27 20:32:12,108 [INFO] [root] [MainThread]: Successfully processed: NFO\GFDLNFO_TICK_03012025\Options\FINNIFTY30JAN2522700PE.NFO.csv
2025-10-27 20:32:12,108 [INFO] [root] [MainThread]: Started processing: NFO\GFDLNFO_TICK_03012025\Options\FINNIFTY30JAN2522750PE.NFO.csv
2025-10-27 20:32:12,142 [INFO] [root] [MainThread]: Successfully processed: NFO\GFDLNFO_TICK_03012025\Options\FINNIFTY30JAN2522750PE.NFO.csv
2025-10-27 20:32:12,142 [INFO] [root] [MainThread]: Started processing: NFO\GFDLNFO_TICK_03012025\Options\FINNIFTY30JAN2522800PE.NFO.csv
2025-10-27 20:32:12,172 [INFO] [root] [MainThread]: Successfully processed: NFO\GFDLNFO_TICK_03012025\Options\FINNIFTY30JAN2522800PE.NFO.csv
2025-10-27 20:32:12,173 [INFO] [root] [MainThread]: Started processing: NFO\GFDLNFO_TICK_03012025\Options\FINNIFTY30JAN2522850PE.NFO.csv
2025-10-27 20:32:12,208 [INFO] [root] [MainThread]: Successfully processed: NFO\GFDLNFO_TICK_03012025\Options\FINNIFTY30JAN2522850PE.NFO.csv
2025-10-27 20:32:12,208 [INFO] [root] [MainThread]: Started processing: NFO\GFDLNFO_TICK_03012025\Options\FINNIFTY30JAN2522900PE.NFO.csv
2025-10-27 20:32:12,230 [INFO] [root] [MainThread]: Successfully processed: NFO\GFDLNFO_TICK_03012025\Options\FINNIFTY30JAN2522900PE.NFO.csv
2025-10-27 20:32:12,231 [INFO] [root] [MainThread]: Started processing: NFO\GFDLNFO_TICK_03012025\Options\FINNIFTY30JAN2522950PE.NFO.csv
2025-10-27 20:32:12,277 [INFO] [root] [MainThread]: Successfully processed: NFO\GFDLNFO_TICK_03012025\Options\FINNIFTY30JAN2522950PE.NFO.csv
2025-10-27 20:32:12,277 [INFO] [root] [MainThread]: Started processing: NFO\GFDLNFO_TICK_03012025\Options\FINNIFTY30JAN2523000PE.NFO.csv
2025-10-27 20:32:12,334 [INFO] [root] [MainThread]: Successfully processed: NFO\GFDLNFO_TICK_03012025\Options\FINNIFTY30JAN2523000PE.NFO.csv
2025-10-27 20:32:12,334 [INFO] [root] [MainThread]: Started processing: NFO\GFDLNFO_TICK_03012025\Options\FINNIFTY30JAN2523050PE.NFO.csv
2025-10-27 20:32:12,369 [INFO] [root] [MainThread]: Successfully processed: NFO\GFDLNFO_TICK_03012025\Options\FINNIFTY30JAN2523050PE.NFO.csv
2025-10-27 20:32:12,369 [INFO] [root] [MainThread]: Started processing: NFO\GFDLNFO_TICK_03012025\Options\FINNIFTY30JAN2523100PE.NFO.csv
2025-10-27 20:32:12,400 [INFO] [root] [MainThread]: Successfully processed: NFO\GFDLNFO_TICK_03012025\Options\FINNIFTY30JAN2523100PE.NFO.csv
2025-10-27 20:32:12,401 [INFO] [root] [MainThread]: Started processing: NFO\GFDLNFO_TICK_03012025\Options\FINNIFTY30JAN2523150PE.NFO.csv
2025-10-27 20:32:12,445 [INFO] [root] [MainThread]: Successfully processed: NFO\GFDLNFO_TICK_03012025\Options\FINNIFTY30JAN2523150PE.NFO.csv
2025-10-27 20:32:12,445 [INFO] [root] [MainThread]: Started processing: NFO\GFDLNFO_TICK_03012025\Options\FINNIFTY30JAN2523200PE.NFO.csv
2025-10-27 20:32:12,478 [INFO] [root] [MainThread]: Successfully processed: NFO\GFDLNFO_TICK_03012025\Options\FINNIFTY30JAN2523200PE.NFO.csv
2025-10-27 20:32:12,478 [INFO] [root] [MainThread]: Started processing: NFO\GFDLNFO_TICK_03012025\Options\FINNIFTY30JAN2523250PE.NFO.csv
2025-10-27 20:32:12,516 [INFO] [root] [MainThread]: Successfully processed: NFO\GFDLNFO_TICK_03012025\Options\FINNIFTY30JAN2523250PE.NFO.csv
2025-10-27 20:32:12,516 [INFO] [root] [MainThread]: Started processing: NFO\GFDLNFO_TICK_03012025\Options\FINNIFTY30JAN2523300PE.NFO.csv
2025-10-27 20:32:12,543 [INFO] [root] [MainThread]: Successfully processed: NFO\GFDLNFO_TICK_03012025\Options\FINNIFTY30JAN2523300PE.NFO.csv
2025-10-27 20:32:12,543 [INFO] [root] [MainThread]: Started processing: NFO\GFDLNFO_TICK_03012025\Options\FINNIFTY30JAN2523350PE.NFO.csv
2025-10-27 20:32:12,590 [INFO] [root] [MainThread]: Successfully processed: NFO\GFDLNFO_TICK_03012025\Options\FINNIFTY30JAN2523350PE.NFO.csv
2025-10-27 20:32:12,590 [INFO] [root] [MainThread]: Started processing: NFO\GFDLNFO_TICK_03012025\Options\FINNIFTY30JAN2523400PE.NFO.csv
2025-10-27 20:32:12,645 [INFO] [root] [MainThread]: Successfully processed: NFO\GFDLNFO_TICK_03012025\Options\FINNIFTY30JAN2523400PE.NFO.csv
2025-10-27 20:32:12,645 [INFO] [root] [MainThread]: Started processing: NFO\GFDLNFO_TICK_03012025\Options\FINNIFTY30JAN2523450PE.NFO.csv
2025-10-27 20:32:12,694 [INFO] [root] [MainThread]: Successfully processed: NFO\GFDLNFO_TICK_03012025\Options\FINNIFTY30JAN2523450PE.NFO.csv
2025-10-27 20:32:12,694 [INFO] [root] [MainThread]: Started processing: NFO\GFDLNFO_TICK_03012025\Options\FINNIFTY30JAN2523500PE.NFO.csv
2025-10-27 20:32:12,755 [INFO] [root] [MainThread]: Successfully processed: NFO\GFDLNFO_TICK_03012025\Options\FINNIFTY30JAN2523500PE.NFO.csv
2025-10-27 20:32:12,755 [INFO] [root] [MainThread]: Started processing: NFO\GFDLNFO_TICK_03012025\Options\FINNIFTY30JAN2523550PE.NFO.csv
2025-10-27 20:32:12,799 [INFO] [root] [MainThread]: Successfully processed: NFO\GFDLNFO_TICK_03012025\Options\FINNIFTY30JAN2523550PE.NFO.csv
2025-10-27 20:32:12,799 [INFO] [root] [MainThread]: Started processing: NFO\GFDLNFO_TICK_03012025\Options\FINNIFTY30JAN2523600PE.NFO.csv
2025-10-27 20:32:12,850 [INFO] [root] [MainThread]: Successfully processed: NFO\GFDLNFO_TICK_03012025\Options\FINNIFTY30JAN2523600PE.NFO.csv
2025-10-27 20:32:12,850 [INFO] [root] [MainThread]: Started processing: NFO\GFDLNFO_TICK_03012025\Options\FINNIFTY30JAN2523650PE.NFO.csv
2025-10-27 20:32:12,899 [INFO] [root] [MainThread]: Successfully processed: NFO\GFDLNFO_TICK_03012025\Options\FINNIFTY30JAN2523650PE.NFO.csv
2025-10-27 20:32:12,899 [INFO] [root] [MainThread]: Started processing: NFO\GFDLNFO_TICK_03012025\Options\FINNIFTY30JAN2523700PE.NFO.csv
2025-10-27 20:32:12,959 [INFO] [root] [MainThread]: Successfully processed: NFO\GFDLNFO_TICK_03012025\Options\FINNIFTY30JAN2523700PE.NFO.csv
2025-10-27 20:32:12,959 [INFO] [root] [MainThread]: Started processing: NFO\GFDLNFO_TICK_03012025\Options\FINNIFTY30JAN2523750PE.NFO.csv
2025-10-27 20:32:13,018 [INFO] [root] [MainThread]: Successfully processed: NFO\GFDLNFO_TICK_03012025\Options\FINNIFTY30JAN2523750PE.NFO.csv
2025-10-27 20:32:13,018 [INFO] [root] [MainThread]: Started processing: NFO\GFDLNFO_TICK_03012025\Options\FINNIFTY30JAN2523800PE.NFO.csv
2025-10-27 20:32:13,087 [INFO] [root] [MainThread]: Successfully processed: NFO\GFDLNFO_TICK_03012025\Options\FINNIFTY30JAN2523800PE.NFO.csv
2025-10-27 20:32:13,087 [INFO] [root] [MainThread]: Started processing: NFO\GFDLNFO_TICK_03012025\Options\FINNIFTY30JAN2523850PE.NFO.csv
2025-10-27 20:32:13,148 [INFO] [root] [MainThread]: Successfully processed: NFO\GFDLNFO_TICK_03012025\Options\FINNIFTY30JAN2523850PE.NFO.csv
2025-10-27 20:32:13,148 [INFO] [root] [MainThread]: Started processing: NFO\GFDLNFO_TICK_03012025\Options\FINNIFTY30JAN2523900PE.NFO.csv
2025-10-27 20:32:13,206 [INFO] [root] [MainThread]: Successfully processed: NFO\GFDLNFO_TICK_03012025\Options\FINNIFTY30JAN2523900PE.NFO.csv
2025-10-27 20:32:13,206 [INFO] [root] [MainThread]: Started processing: NFO\GFDLNFO_TICK_03012025\Options\FINNIFTY30JAN2523950PE.NFO.csv
2025-10-27 20:32:13,256 [INFO] [root] [MainThread]: Successfully processed: NFO\GFDLNFO_TICK_03012025\Options\FINNIFTY30JAN2523950PE.NFO.csv
2025-10-27 20:32:13,256 [INFO] [root] [MainThread]: Started processing: NFO\GFDLNFO_TICK_03012025\Options\FINNIFTY30JAN2524000PE.NFO.csv
2025-10-27 20:32:13,315 [INFO] [root] [MainThread]: Successfully processed: NFO\GFDLNFO_TICK_03012025\Options\FINNIFTY30JAN2524000PE.NFO.csv
2025-10-27 20:32:13,315 [INFO] [root] [MainThread]: Started processing: NFO\GFDLNFO_TICK_03012025\Options\FINNIFTY30JAN2524050PE.NFO.csv
2025-10-27 20:32:13,362 [INFO] [root] [MainThread]: Successfully processed: NFO\GFDLNFO_TICK_03012025\Options\FINNIFTY30JAN2524050PE.NFO.csv
2025-10-27 20:32:13,362 [INFO] [root] [MainThread]: Started processing: NFO\GFDLNFO_TICK_03012025\Options\FINNIFTY30JAN2524100PE.NFO.csv
2025-10-27 20:32:13,407 [INFO] [root] [MainThread]: Successfully processed: NFO\GFDLNFO_TICK_03012025\Options\FINNIFTY30JAN2524100PE.NFO.csv
2025-10-27 20:32:13,407 [INFO] [root] [MainThread]: Started processing: NFO\GFDLNFO_TICK_03012025\Options\FINNIFTY30JAN2524150PE.NFO.csv
2025-10-27 20:32:13,464 [INFO] [root] [MainThread]: Successfully processed: NFO\GFDLNFO_TICK_03012025\Options\FINNIFTY30JAN2524150PE.NFO.csv
2025-10-27 20:32:13,465 [INFO] [root] [MainThread]: Started processing: NFO\GFDLNFO_TICK_03012025\Options\FINNIFTY30JAN2524200PE.NFO.csv
2025-10-27 20:32:13,517 [INFO] [root] [MainThread]: Successfully processed: NFO\GFDLNFO_TICK_03012025\Options\FINNIFTY30JAN2524200PE.NFO.csv
2025-10-27 20:32:13,517 [INFO] [root] [MainThread]: Started processing: NFO\GFDLNFO_TICK_03012025\Options\FINNIFTY30JAN2524250PE.NFO.csv
2025-10-27 20:32:13,576 [INFO] [root] [MainThread]: Successfully processed: NFO\GFDLNFO_TICK_03012025\Options\FINNIFTY30JAN2524250PE.NFO.csv
2025-10-27 20:32:13,576 [INFO] [root] [MainThread]: Started processing: NFO\GFDLNFO_TICK_03012025\Options\FINNIFTY30JAN2524300PE.NFO.csv
2025-10-27 20:32:13,603 [INFO] [root] [MainThread]: Successfully processed: NFO\GFDLNFO_TICK_03012025\Options\FINNIFTY30JAN2524300PE.NFO.csv
2025-10-27 20:32:13,603 [INFO] [root] [MainThread]: Started processing: NFO\GFDLNFO_TICK_03012025\Options\FINNIFTY30JAN2524350PE.NFO.csv
2025-10-27 20:32:13,642 [INFO] [root] [MainThread]: Successfully processed: NFO\GFDLNFO_TICK_03012025\Options\FINNIFTY30JAN2524350PE.NFO.csv
2025-10-27 20:32:13,642 [INFO] [root] [MainThread]: Started processing: NFO\GFDLNFO_TICK_03012025\Options\FINNIFTY30JAN2524400PE.NFO.csv
2025-10-27 20:32:13,674 [INFO] [root] [MainThread]: Successfully processed: NFO\GFDLNFO_TICK_03012025\Options\FINNIFTY30JAN2524400PE.NFO.csv
2025-10-27 20:32:13,674 [INFO] [root] [MainThread]: Started processing: NFO\GFDLNFO_TICK_03012025\Options\FINNIFTY30JAN2524450PE.NFO.csv
2025-10-27 20:32:13,705 [INFO] [root] [MainThread]: Successfully processed: NFO\GFDLNFO_TICK_03012025\Options\FINNIFTY30JAN2524450PE.NFO.csv
2025-10-27 20:32:13,706 [INFO] [root] [MainThread]: Started processing: NFO\GFDLNFO_TICK_03012025\Options\FINNIFTY30JAN2524500PE.NFO.csv
2025-10-27 20:32:13,726 [INFO] [root] [MainThread]: Successfully processed: NFO\GFDLNFO_TICK_03012025\Options\FINNIFTY30JAN2524500PE.NFO.csv
2025-10-27 20:32:13,726 [INFO] [root] [MainThread]: Started processing: NFO\GFDLNFO_TICK_03012025\Options\FINNIFTY30JAN2524550PE.NFO.csv
2025-10-27 20:32:13,768 [INFO] [root] [MainThread]: Successfully processed: NFO\GFDLNFO_TICK_03012025\Options\FINNIFTY30JAN2524550PE.NFO.csv
2025-10-27 20:32:13,768 [INFO] [root] [MainThread]: Started processing: NFO\GFDLNFO_TICK_03012025\Options\FINNIFTY30JAN2524600PE.NFO.csv
2025-10-27 20:32:13,789 [INFO] [root] [MainThread]: Successfully processed: NFO\GFDLNFO_TICK_03012025\Options\FINNIFTY30JAN2524600PE.NFO.csv
2025-10-27 20:32:13,789 [INFO] [root] [MainThread]: Started processing: NFO\GFDLNFO_TICK_03012025\Options\FINNIFTY30JAN2524650PE.NFO.csv
2025-10-27 20:32:13,862 [INFO] [root] [MainThread]: Successfully processed: NFO\GFDLNFO_TICK_03012025\Options\FINNIFTY30JAN2524650PE.NFO.csv
2025-10-27 20:32:13,863 [INFO] [root] [MainThread]: Started processing: NFO\GFDLNFO_TICK_03012025\Options\FINNIFTY30JAN2524700PE.NFO.csv
2025-10-27 20:32:13,922 [INFO] [root] [MainThread]: Successfully processed: NFO\GFDLNFO_TICK_03012025\Options\FINNIFTY30JAN2524700PE.NFO.csv
2025-10-27 20:32:13,923 [INFO] [root] [MainThread]: Started processing: NFO\GFDLNFO_TICK_03012025\Options\FINNIFTY30JAN2524750PE.NFO.csv
2025-10-27 20:32:13,982 [INFO] [root] [MainThread]: Successfully processed: NFO\GFDLNFO_TICK_03012025\Options\FINNIFTY30JAN2524750PE.NFO.csv
2025-10-27 20:32:13,982 [INFO] [root] [MainThread]: Started processing: NFO\GFDLNFO_TICK_03012025\Options\FINNIFTY30JAN2524800PE.NFO.csv
2025-10-27 20:32:14,018 [INFO] [root] [MainThread]: Successfully processed: NFO\GFDLNFO_TICK_03012025\Options\FINNIFTY30JAN2524800PE.NFO.csv
2025-10-27 20:32:14,018 [INFO] [root] [MainThread]: Started processing: NFO\GFDLNFO_TICK_03012025\Options\FINNIFTY30JAN2524850PE.NFO.csv
2025-10-27 20:32:14,050 [INFO] [root] [MainThread]: Successfully processed: NFO\GFDLNFO_TICK_03012025\Options\FINNIFTY30JAN2524850PE.NFO.csv
2025-10-27 20:32:14,051 [INFO] [root] [MainThread]: Started processing: NFO\GFDLNFO_TICK_03012025\Options\FINNIFTY30JAN2524900PE.NFO.csv
2025-10-27 20:32:14,081 [INFO] [root] [MainThread]: Successfully processed: NFO\GFDLNFO_TICK_03012025\Options\FINNIFTY30JAN2524900PE.NFO.csv
2025-10-27 20:32:14,081 [INFO] [root] [MainThread]: Started processing: NFO\GFDLNFO_TICK_03012025\Options\FINNIFTY30JAN2524950PE.NFO.csv
2025-10-27 20:32:14,109 [INFO] [root] [MainThread]: Successfully processed: NFO\GFDLNFO_TICK_03012025\Options\FINNIFTY30JAN2524950PE.NFO.csv
2025-10-27 20:32:14,109 [INFO] [root] [MainThread]: Started processing: NFO\GFDLNFO_TICK_03012025\Options\FINNIFTY30JAN2525000PE.NFO.csv
2025-10-27 20:32:14,135 [INFO] [root] [MainThread]: Successfully processed: NFO\GFDLNFO_TICK_03012025\Options\FINNIFTY30JAN2525000PE.NFO.csv
2025-10-27 20:32:14,135 [INFO] [root] [MainThread]: Combining 70 dataframes...
2025-10-27 20:32:14,174 [INFO] [root] [MainThread]: Writing to ProcessedParquet\finnifty_put_03012025.parquet (43480 rows)...
2025-10-27 20:32:14,310 [INFO] [root] [MainThread]: Successfully saved 70 option files to ProcessedParquet\finnifty_put_03012025.parquet
2025-10-27 20:32:14,310 [INFO] [root] [MainThread]: Utility stopped.
