2025-10-27 13:49:48,798 [INFO] [root] [MainThread]: Utility started.
2025-10-27 13:49:48,799 [INFO] [root] [MainThread]: Processing SENSEX from BFO exchange
2025-10-27 13:49:48,799 [INFO] [root] [MainThread]: Found date 03012025 from folder name: BFO_TICK_03012025 for exchange BFO
2025-10-27 13:49:48,799 [INFO] [root] [MainThread]: Got following folder info {'03012025': {'BFO\\BFO_TICK_03012025\\BFO_TICK_03012025'}} for processing {'index': 'SENSEX', 'instrument_type': 'put'}.
2025-10-27 13:49:48,802 [INFO] [root] [MainThread]: Started processing folder: BFO\BFO_TICK_03012025\BFO_TICK_03012025 for {'index': 'SENSEX', 'instrument_type': 'put'}, date: 03012025
2025-10-27 13:49:48,804 [INFO] [root] [MainThread]: Found 171 put option files to process for SENSEX.
2025-10-27 13:49:48,804 [INFO] [root] [MainThread]: Started processing: BFO\BFO_TICK_03012025\BFO_TICK_03012025\SENSEX03JAN2573200PE.BFO.csv
2025-10-27 13:49:48,836 [INFO] [root] [MainThread]: Successfully processed: BFO\BFO_TICK_03012025\BFO_TICK_03012025\SENSEX03JAN2573200PE.BFO.csv
2025-10-27 13:49:48,836 [INFO] [root] [MainThread]: Started processing: BFO\BFO_TICK_03012025\BFO_TICK_03012025\SENSEX03JAN2573300PE.BFO.csv
2025-10-27 13:49:48,852 [INFO] [root] [MainThread]: Successfully processed: BFO\BFO_TICK_03012025\BFO_TICK_03012025\SENSEX03JAN2573300PE.BFO.csv
2025-10-27 13:49:48,852 [INFO] [root] [MainThread]: Started processing: BFO\BFO_TICK_03012025\BFO_TICK_03012025\SENSEX03JAN2573400PE.BFO.csv
2025-10-27 13:49:48,865 [INFO] [root] [MainThread]: Successfully processed: BFO\BFO_TICK_03012025\BFO_TICK_03012025\SENSEX03JAN2573400PE.BFO.csv
2025-10-27 13:49:48,865 [INFO] [root] [MainThread]: Started processing: BFO\BFO_TICK_03012025\BFO_TICK_03012025\SENSEX03JAN2573500PE.BFO.csv
2025-10-27 13:49:48,882 [INFO] [root] [MainThread]: Successfully processed: BFO\BFO_TICK_03012025\BFO_TICK_03012025\SENSEX03JAN2573500PE.BFO.csv
2025-10-27 13:49:48,882 [INFO] [root] [MainThread]: Started processing: BFO\BFO_TICK_03012025\BFO_TICK_03012025\SENSEX03JAN2573600PE.BFO.csv
2025-10-27 13:49:48,893 [INFO] [root] [MainThread]: Successfully processed: BFO\BFO_TICK_03012025\BFO_TICK_03012025\SENSEX03JAN2573600PE.BFO.csv
2025-10-27 13:49:48,893 [INFO] [root] [MainThread]: Started processing: BFO\BFO_TICK_03012025\BFO_TICK_03012025\SENSEX03JAN2573700PE.BFO.csv
2025-10-27 13:49:48,908 [INFO] [root] [MainThread]: Successfully processed: BFO\BFO_TICK_03012025\BFO_TICK_03012025\SENSEX03JAN2573700PE.BFO.csv
2025-10-27 13:49:48,908 [INFO] [root] [MainThread]: Started processing: BFO\BFO_TICK_03012025\BFO_TICK_03012025\SENSEX03JAN2573800PE.BFO.csv
2025-10-27 13:49:48,923 [INFO] [root] [MainThread]: Successfully processed: BFO\BFO_TICK_03012025\BFO_TICK_03012025\SENSEX03JAN2573800PE.BFO.csv
2025-10-27 13:49:48,923 [INFO] [root] [MainThread]: Started processing: BFO\BFO_TICK_03012025\BFO_TICK_03012025\SENSEX03JAN2573900PE.BFO.csv
2025-10-27 13:49:48,935 [INFO] [root] [MainThread]: Successfully processed: BFO\BFO_TICK_03012025\BFO_TICK_03012025\SENSEX03JAN2573900PE.BFO.csv
2025-10-27 13:49:48,935 [INFO] [root] [MainThread]: Started processing: BFO\BFO_TICK_03012025\BFO_TICK_03012025\SENSEX03JAN2574000PE.BFO.csv
2025-10-27 13:49:48,957 [INFO] [root] [MainThread]: Successfully processed: BFO\BFO_TICK_03012025\BFO_TICK_03012025\SENSEX03JAN2574000PE.BFO.csv
2025-10-27 13:49:48,958 [INFO] [root] [MainThread]: Started processing: BFO\BFO_TICK_03012025\BFO_TICK_03012025\SENSEX03JAN2574100PE.BFO.csv
2025-10-27 13:49:48,972 [INFO] [root] [MainThread]: Successfully processed: BFO\BFO_TICK_03012025\BFO_TICK_03012025\SENSEX03JAN2574100PE.BFO.csv
2025-10-27 13:49:48,972 [INFO] [root] [MainThread]: Started processing: BFO\BFO_TICK_03012025\BFO_TICK_03012025\SENSEX03JAN2574200PE.BFO.csv
2025-10-27 13:49:48,988 [INFO] [root] [MainThread]: Successfully processed: BFO\BFO_TICK_03012025\BFO_TICK_03012025\SENSEX03JAN2574200PE.BFO.csv
2025-10-27 13:49:48,988 [INFO] [root] [MainThread]: Started processing: BFO\BFO_TICK_03012025\BFO_TICK_03012025\SENSEX03JAN2574300PE.BFO.csv
2025-10-27 13:49:49,001 [INFO] [root] [MainThread]: Successfully processed: BFO\BFO_TICK_03012025\BFO_TICK_03012025\SENSEX03JAN2574300PE.BFO.csv
2025-10-27 13:49:49,001 [INFO] [root] [MainThread]: Started processing: BFO\BFO_TICK_03012025\BFO_TICK_03012025\SENSEX03JAN2574400PE.BFO.csv
2025-10-27 13:49:49,014 [INFO] [root] [MainThread]: Successfully processed: BFO\BFO_TICK_03012025\BFO_TICK_03012025\SENSEX03JAN2574400PE.BFO.csv
2025-10-27 13:49:49,015 [INFO] [root] [MainThread]: Started processing: BFO\BFO_TICK_03012025\BFO_TICK_03012025\SENSEX03JAN2574500PE.BFO.csv
2025-10-27 13:49:49,036 [INFO] [root] [MainThread]: Successfully processed: BFO\BFO_TICK_03012025\BFO_TICK_03012025\SENSEX03JAN2574500PE.BFO.csv
2025-10-27 13:49:49,037 [INFO] [root] [MainThread]: Started processing: BFO\BFO_TICK_03012025\BFO_TICK_03012025\SENSEX03JAN2574600PE.BFO.csv
2025-10-27 13:49:49,050 [INFO] [root] [MainThread]: Successfully processed: BFO\BFO_TICK_03012025\BFO_TICK_03012025\SENSEX03JAN2574600PE.BFO.csv
2025-10-27 13:49:49,050 [INFO] [root] [MainThread]: Started processing: BFO\BFO_TICK_03012025\BFO_TICK_03012025\SENSEX03JAN2574700PE.BFO.csv
2025-10-27 13:49:49,062 [INFO] [root] [MainThread]: Successfully processed: BFO\BFO_TICK_03012025\BFO_TICK_03012025\SENSEX03JAN2574700PE.BFO.csv
2025-10-27 13:49:49,063 [INFO] [root] [MainThread]: Started processing: BFO\BFO_TICK_03012025\BFO_TICK_03012025\SENSEX03JAN2574800PE.BFO.csv
2025-10-27 13:49:49,079 [INFO] [root] [MainThread]: Successfully processed: BFO\BFO_TICK_03012025\BFO_TICK_03012025\SENSEX03JAN2574800PE.BFO.csv
2025-10-27 13:49:49,079 [INFO] [root] [MainThread]: Started processing: BFO\BFO_TICK_03012025\BFO_TICK_03012025\SENSEX03JAN2574900PE.BFO.csv
2025-10-27 13:49:49,094 [INFO] [root] [MainThread]: Successfully processed: BFO\BFO_TICK_03012025\BFO_TICK_03012025\SENSEX03JAN2574900PE.BFO.csv
2025-10-27 13:49:49,094 [INFO] [root] [MainThread]: Started processing: BFO\BFO_TICK_03012025\BFO_TICK_03012025\SENSEX03JAN2575000PE.BFO.csv
2025-10-27 13:49:49,128 [INFO] [root] [MainThread]: Successfully processed: BFO\BFO_TICK_03012025\BFO_TICK_03012025\SENSEX03JAN2575000PE.BFO.csv
2025-10-27 13:49:49,128 [INFO] [root] [MainThread]: Started processing: BFO\BFO_TICK_03012025\BFO_TICK_03012025\SENSEX03JAN2575100PE.BFO.csv
2025-10-27 13:49:49,143 [INFO] [root] [MainThread]: Successfully processed: BFO\BFO_TICK_03012025\BFO_TICK_03012025\SENSEX03JAN2575100PE.BFO.csv
2025-10-27 13:49:49,143 [INFO] [root] [MainThread]: Started processing: BFO\BFO_TICK_03012025\BFO_TICK_03012025\SENSEX03JAN2575200PE.BFO.csv
2025-10-27 13:49:49,159 [INFO] [root] [MainThread]: Successfully processed: BFO\BFO_TICK_03012025\BFO_TICK_03012025\SENSEX03JAN2575200PE.BFO.csv
2025-10-27 13:49:49,159 [INFO] [root] [MainThread]: Started processing: BFO\BFO_TICK_03012025\BFO_TICK_03012025\SENSEX03JAN2575300PE.BFO.csv
2025-10-27 13:49:49,178 [INFO] [root] [MainThread]: Successfully processed: BFO\BFO_TICK_03012025\BFO_TICK_03012025\SENSEX03JAN2575300PE.BFO.csv
2025-10-27 13:49:49,179 [INFO] [root] [MainThread]: Started processing: BFO\BFO_TICK_03012025\BFO_TICK_03012025\SENSEX03JAN2575400PE.BFO.csv
2025-10-27 13:49:49,196 [INFO] [root] [MainThread]: Successfully processed: BFO\BFO_TICK_03012025\BFO_TICK_03012025\SENSEX03JAN2575400PE.BFO.csv
2025-10-27 13:49:49,196 [INFO] [root] [MainThread]: Started processing: BFO\BFO_TICK_03012025\BFO_TICK_03012025\SENSEX03JAN2575500PE.BFO.csv
2025-10-27 13:49:49,224 [INFO] [root] [MainThread]: Successfully processed: BFO\BFO_TICK_03012025\BFO_TICK_03012025\SENSEX03JAN2575500PE.BFO.csv
2025-10-27 13:49:49,225 [INFO] [root] [MainThread]: Started processing: BFO\BFO_TICK_03012025\BFO_TICK_03012025\SENSEX03JAN2575600PE.BFO.csv
2025-10-27 13:49:49,243 [INFO] [root] [MainThread]: Successfully processed: BFO\BFO_TICK_03012025\BFO_TICK_03012025\SENSEX03JAN2575600PE.BFO.csv
2025-10-27 13:49:49,243 [INFO] [root] [MainThread]: Started processing: BFO\BFO_TICK_03012025\BFO_TICK_03012025\SENSEX03JAN2575700PE.BFO.csv
2025-10-27 13:49:49,259 [INFO] [root] [MainThread]: Successfully processed: BFO\BFO_TICK_03012025\BFO_TICK_03012025\SENSEX03JAN2575700PE.BFO.csv
2025-10-27 13:49:49,260 [INFO] [root] [MainThread]: Started processing: BFO\BFO_TICK_03012025\BFO_TICK_03012025\SENSEX03JAN2575800PE.BFO.csv
2025-10-27 13:49:49,279 [INFO] [root] [MainThread]: Successfully processed: BFO\BFO_TICK_03012025\BFO_TICK_03012025\SENSEX03JAN2575800PE.BFO.csv
2025-10-27 13:49:49,279 [INFO] [root] [MainThread]: Started processing: BFO\BFO_TICK_03012025\BFO_TICK_03012025\SENSEX03JAN2575900PE.BFO.csv
2025-10-27 13:49:49,302 [INFO] [root] [MainThread]: Successfully processed: BFO\BFO_TICK_03012025\BFO_TICK_03012025\SENSEX03JAN2575900PE.BFO.csv
2025-10-27 13:49:49,302 [INFO] [root] [MainThread]: Started processing: BFO\BFO_TICK_03012025\BFO_TICK_03012025\SENSEX03JAN2576000PE.BFO.csv
2025-10-27 13:49:49,346 [INFO] [root] [MainThread]: Successfully processed: BFO\BFO_TICK_03012025\BFO_TICK_03012025\SENSEX03JAN2576000PE.BFO.csv
2025-10-27 13:49:49,346 [INFO] [root] [MainThread]: Started processing: BFO\BFO_TICK_03012025\BFO_TICK_03012025\SENSEX03JAN2576100PE.BFO.csv
2025-10-27 13:49:49,373 [INFO] [root] [MainThread]: Successfully processed: BFO\BFO_TICK_03012025\BFO_TICK_03012025\SENSEX03JAN2576100PE.BFO.csv
2025-10-27 13:49:49,373 [INFO] [root] [MainThread]: Started processing: BFO\BFO_TICK_03012025\BFO_TICK_03012025\SENSEX03JAN2576200PE.BFO.csv
2025-10-27 13:49:49,403 [INFO] [root] [MainThread]: Successfully processed: BFO\BFO_TICK_03012025\BFO_TICK_03012025\SENSEX03JAN2576200PE.BFO.csv
2025-10-27 13:49:49,403 [INFO] [root] [MainThread]: Started processing: BFO\BFO_TICK_03012025\BFO_TICK_03012025\SENSEX03JAN2576300PE.BFO.csv
2025-10-27 13:49:49,438 [INFO] [root] [MainThread]: Successfully processed: BFO\BFO_TICK_03012025\BFO_TICK_03012025\SENSEX03JAN2576300PE.BFO.csv
2025-10-27 13:49:49,438 [INFO] [root] [MainThread]: Started processing: BFO\BFO_TICK_03012025\BFO_TICK_03012025\SENSEX03JAN2576400PE.BFO.csv
2025-10-27 13:49:49,479 [INFO] [root] [MainThread]: Successfully processed: BFO\BFO_TICK_03012025\BFO_TICK_03012025\SENSEX03JAN2576400PE.BFO.csv
2025-10-27 13:49:49,479 [INFO] [root] [MainThread]: Started processing: BFO\BFO_TICK_03012025\BFO_TICK_03012025\SENSEX03JAN2576500PE.BFO.csv
2025-10-27 13:49:49,555 [INFO] [root] [MainThread]: Successfully processed: BFO\BFO_TICK_03012025\BFO_TICK_03012025\SENSEX03JAN2576500PE.BFO.csv
2025-10-27 13:49:49,556 [INFO] [root] [MainThread]: Started processing: BFO\BFO_TICK_03012025\BFO_TICK_03012025\SENSEX03JAN2576600PE.BFO.csv
2025-10-27 13:49:49,607 [INFO] [root] [MainThread]: Successfully processed: BFO\BFO_TICK_03012025\BFO_TICK_03012025\SENSEX03JAN2576600PE.BFO.csv
2025-10-27 13:49:49,607 [INFO] [root] [MainThread]: Started processing: BFO\BFO_TICK_03012025\BFO_TICK_03012025\SENSEX03JAN2576700PE.BFO.csv
2025-10-27 13:49:49,667 [INFO] [root] [MainThread]: Successfully processed: BFO\BFO_TICK_03012025\BFO_TICK_03012025\SENSEX03JAN2576700PE.BFO.csv
2025-10-27 13:49:49,667 [INFO] [root] [MainThread]: Started processing: BFO\BFO_TICK_03012025\BFO_TICK_03012025\SENSEX03JAN2576800PE.BFO.csv
2025-10-27 13:49:49,740 [INFO] [root] [MainThread]: Successfully processed: BFO\BFO_TICK_03012025\BFO_TICK_03012025\SENSEX03JAN2576800PE.BFO.csv
2025-10-27 13:49:49,740 [INFO] [root] [MainThread]: Started processing: BFO\BFO_TICK_03012025\BFO_TICK_03012025\SENSEX03JAN2576900PE.BFO.csv
2025-10-27 13:49:49,807 [INFO] [root] [MainThread]: Successfully processed: BFO\BFO_TICK_03012025\BFO_TICK_03012025\SENSEX03JAN2576900PE.BFO.csv
2025-10-27 13:49:49,807 [INFO] [root] [MainThread]: Started processing: BFO\BFO_TICK_03012025\BFO_TICK_03012025\SENSEX03JAN2577000PE.BFO.csv
2025-10-27 13:49:49,920 [INFO] [root] [MainThread]: Successfully processed: BFO\BFO_TICK_03012025\BFO_TICK_03012025\SENSEX03JAN2577000PE.BFO.csv
2025-10-27 13:49:49,921 [INFO] [root] [MainThread]: Started processing: BFO\BFO_TICK_03012025\BFO_TICK_03012025\SENSEX03JAN2577100PE.BFO.csv
2025-10-27 13:49:49,997 [INFO] [root] [MainThread]: Successfully processed: BFO\BFO_TICK_03012025\BFO_TICK_03012025\SENSEX03JAN2577100PE.BFO.csv
2025-10-27 13:49:49,997 [INFO] [root] [MainThread]: Started processing: BFO\BFO_TICK_03012025\BFO_TICK_03012025\SENSEX03JAN2577200PE.BFO.csv
2025-10-27 13:49:50,075 [INFO] [root] [MainThread]: Successfully processed: BFO\BFO_TICK_03012025\BFO_TICK_03012025\SENSEX03JAN2577200PE.BFO.csv
2025-10-27 13:49:50,076 [INFO] [root] [MainThread]: Started processing: BFO\BFO_TICK_03012025\BFO_TICK_03012025\SENSEX03JAN2577300PE.BFO.csv
2025-10-27 13:49:50,168 [INFO] [root] [MainThread]: Successfully processed: BFO\BFO_TICK_03012025\BFO_TICK_03012025\SENSEX03JAN2577300PE.BFO.csv
2025-10-27 13:49:50,168 [INFO] [root] [MainThread]: Started processing: BFO\BFO_TICK_03012025\BFO_TICK_03012025\SENSEX03JAN2577400PE.BFO.csv
2025-10-27 13:49:50,257 [INFO] [root] [MainThread]: Successfully processed: BFO\BFO_TICK_03012025\BFO_TICK_03012025\SENSEX03JAN2577400PE.BFO.csv
2025-10-27 13:49:50,258 [INFO] [root] [MainThread]: Started processing: BFO\BFO_TICK_03012025\BFO_TICK_03012025\SENSEX03JAN2577500PE.BFO.csv
2025-10-27 13:49:50,380 [INFO] [root] [MainThread]: Successfully processed: BFO\BFO_TICK_03012025\BFO_TICK_03012025\SENSEX03JAN2577500PE.BFO.csv
2025-10-27 13:49:50,380 [INFO] [root] [MainThread]: Started processing: BFO\BFO_TICK_03012025\BFO_TICK_03012025\SENSEX03JAN2577600PE.BFO.csv
2025-10-27 13:49:50,481 [INFO] [root] [MainThread]: Successfully processed: BFO\BFO_TICK_03012025\BFO_TICK_03012025\SENSEX03JAN2577600PE.BFO.csv
2025-10-27 13:49:50,481 [INFO] [root] [MainThread]: Started processing: BFO\BFO_TICK_03012025\BFO_TICK_03012025\SENSEX03JAN2577700PE.BFO.csv
2025-10-27 13:49:50,591 [INFO] [root] [MainThread]: Successfully processed: BFO\BFO_TICK_03012025\BFO_TICK_03012025\SENSEX03JAN2577700PE.BFO.csv
2025-10-27 13:49:50,592 [INFO] [root] [MainThread]: Started processing: BFO\BFO_TICK_03012025\BFO_TICK_03012025\SENSEX03JAN2577800PE.BFO.csv
2025-10-27 13:49:50,728 [INFO] [root] [MainThread]: Successfully processed: BFO\BFO_TICK_03012025\BFO_TICK_03012025\SENSEX03JAN2577800PE.BFO.csv
2025-10-27 13:49:50,729 [INFO] [root] [MainThread]: Started processing: BFO\BFO_TICK_03012025\BFO_TICK_03012025\SENSEX03JAN2577900PE.BFO.csv
2025-10-27 13:49:50,849 [INFO] [root] [MainThread]: Successfully processed: BFO\BFO_TICK_03012025\BFO_TICK_03012025\SENSEX03JAN2577900PE.BFO.csv
2025-10-27 13:49:50,849 [INFO] [root] [MainThread]: Started processing: BFO\BFO_TICK_03012025\BFO_TICK_03012025\SENSEX03JAN2578000PE.BFO.csv
2025-10-27 13:49:51,003 [INFO] [root] [MainThread]: Successfully processed: BFO\BFO_TICK_03012025\BFO_TICK_03012025\SENSEX03JAN2578000PE.BFO.csv
2025-10-27 13:49:51,003 [INFO] [root] [MainThread]: Started processing: BFO\BFO_TICK_03012025\BFO_TICK_03012025\SENSEX03JAN2578100PE.BFO.csv
2025-10-27 13:49:51,135 [INFO] [root] [MainThread]: Successfully processed: BFO\BFO_TICK_03012025\BFO_TICK_03012025\SENSEX03JAN2578100PE.BFO.csv
2025-10-27 13:49:51,135 [INFO] [root] [MainThread]: Started processing: BFO\BFO_TICK_03012025\BFO_TICK_03012025\SENSEX03JAN2578200PE.BFO.csv
2025-10-27 13:49:51,291 [INFO] [root] [MainThread]: Successfully processed: BFO\BFO_TICK_03012025\BFO_TICK_03012025\SENSEX03JAN2578200PE.BFO.csv
2025-10-27 13:49:51,291 [INFO] [root] [MainThread]: Started processing: BFO\BFO_TICK_03012025\BFO_TICK_03012025\SENSEX03JAN2578300PE.BFO.csv
2025-10-27 13:49:51,459 [INFO] [root] [MainThread]: Successfully processed: BFO\BFO_TICK_03012025\BFO_TICK_03012025\SENSEX03JAN2578300PE.BFO.csv
2025-10-27 13:49:51,459 [INFO] [root] [MainThread]: Started processing: BFO\BFO_TICK_03012025\BFO_TICK_03012025\SENSEX03JAN2578400PE.BFO.csv
2025-10-27 13:49:51,630 [INFO] [root] [MainThread]: Successfully processed: BFO\BFO_TICK_03012025\BFO_TICK_03012025\SENSEX03JAN2578400PE.BFO.csv
2025-10-27 13:49:51,631 [INFO] [root] [MainThread]: Started processing: BFO\BFO_TICK_03012025\BFO_TICK_03012025\SENSEX03JAN2578500PE.BFO.csv
2025-10-27 13:49:51,826 [INFO] [root] [MainThread]: Successfully processed: BFO\BFO_TICK_03012025\BFO_TICK_03012025\SENSEX03JAN2578500PE.BFO.csv
2025-10-27 13:49:51,826 [INFO] [root] [MainThread]: Started processing: BFO\BFO_TICK_03012025\BFO_TICK_03012025\SENSEX03JAN2578600PE.BFO.csv
2025-10-27 13:49:52,010 [INFO] [root] [MainThread]: Successfully processed: BFO\BFO_TICK_03012025\BFO_TICK_03012025\SENSEX03JAN2578600PE.BFO.csv
2025-10-27 13:49:52,010 [INFO] [root] [MainThread]: Started processing: BFO\BFO_TICK_03012025\BFO_TICK_03012025\SENSEX03JAN2578700PE.BFO.csv
2025-10-27 13:49:52,198 [INFO] [root] [MainThread]: Successfully processed: BFO\BFO_TICK_03012025\BFO_TICK_03012025\SENSEX03JAN2578700PE.BFO.csv
2025-10-27 13:49:52,199 [INFO] [root] [MainThread]: Started processing: BFO\BFO_TICK_03012025\BFO_TICK_03012025\SENSEX03JAN2578800PE.BFO.csv
2025-10-27 13:49:52,379 [INFO] [root] [MainThread]: Successfully processed: BFO\BFO_TICK_03012025\BFO_TICK_03012025\SENSEX03JAN2578800PE.BFO.csv
2025-10-27 13:49:52,379 [INFO] [root] [MainThread]: Started processing: BFO\BFO_TICK_03012025\BFO_TICK_03012025\SENSEX03JAN2578900PE.BFO.csv
2025-10-27 13:49:52,565 [INFO] [root] [MainThread]: Successfully processed: BFO\BFO_TICK_03012025\BFO_TICK_03012025\SENSEX03JAN2578900PE.BFO.csv
2025-10-27 13:49:52,566 [INFO] [root] [MainThread]: Started processing: BFO\BFO_TICK_03012025\BFO_TICK_03012025\SENSEX03JAN2579000PE.BFO.csv
2025-10-27 13:49:52,773 [INFO] [root] [MainThread]: Successfully processed: BFO\BFO_TICK_03012025\BFO_TICK_03012025\SENSEX03JAN2579000PE.BFO.csv
2025-10-27 13:49:52,773 [INFO] [root] [MainThread]: Started processing: BFO\BFO_TICK_03012025\BFO_TICK_03012025\SENSEX03JAN2579100PE.BFO.csv
2025-10-27 13:49:52,976 [INFO] [root] [MainThread]: Successfully processed: BFO\BFO_TICK_03012025\BFO_TICK_03012025\SENSEX03JAN2579100PE.BFO.csv
2025-10-27 13:49:52,976 [INFO] [root] [MainThread]: Started processing: BFO\BFO_TICK_03012025\BFO_TICK_03012025\SENSEX03JAN2579200PE.BFO.csv
2025-10-27 13:49:53,165 [INFO] [root] [MainThread]: Successfully processed: BFO\BFO_TICK_03012025\BFO_TICK_03012025\SENSEX03JAN2579200PE.BFO.csv
2025-10-27 13:49:53,165 [INFO] [root] [MainThread]: Started processing: BFO\BFO_TICK_03012025\BFO_TICK_03012025\SENSEX03JAN2579300PE.BFO.csv
2025-10-27 13:49:53,358 [INFO] [root] [MainThread]: Successfully processed: BFO\BFO_TICK_03012025\BFO_TICK_03012025\SENSEX03JAN2579300PE.BFO.csv
2025-10-27 13:49:53,359 [INFO] [root] [MainThread]: Started processing: BFO\BFO_TICK_03012025\BFO_TICK_03012025\SENSEX03JAN2579400PE.BFO.csv
2025-10-27 13:49:53,572 [INFO] [root] [MainThread]: Successfully processed: BFO\BFO_TICK_03012025\BFO_TICK_03012025\SENSEX03JAN2579400PE.BFO.csv
2025-10-27 13:49:53,573 [INFO] [root] [MainThread]: Started processing: BFO\BFO_TICK_03012025\BFO_TICK_03012025\SENSEX03JAN2579500PE.BFO.csv
2025-10-27 13:49:53,773 [INFO] [root] [MainThread]: Successfully processed: BFO\BFO_TICK_03012025\BFO_TICK_03012025\SENSEX03JAN2579500PE.BFO.csv
2025-10-27 13:49:53,773 [INFO] [root] [MainThread]: Started processing: BFO\BFO_TICK_03012025\BFO_TICK_03012025\SENSEX03JAN2579600PE.BFO.csv
2025-10-27 13:49:53,975 [INFO] [root] [MainThread]: Successfully processed: BFO\BFO_TICK_03012025\BFO_TICK_03012025\SENSEX03JAN2579600PE.BFO.csv
2025-10-27 13:49:53,976 [INFO] [root] [MainThread]: Started processing: BFO\BFO_TICK_03012025\BFO_TICK_03012025\SENSEX03JAN2579700PE.BFO.csv
2025-10-27 13:49:54,150 [INFO] [root] [MainThread]: Successfully processed: BFO\BFO_TICK_03012025\BFO_TICK_03012025\SENSEX03JAN2579700PE.BFO.csv
2025-10-27 13:49:54,151 [INFO] [root] [MainThread]: Started processing: BFO\BFO_TICK_03012025\BFO_TICK_03012025\SENSEX03JAN2579800PE.BFO.csv
2025-10-27 13:49:54,318 [INFO] [root] [MainThread]: Successfully processed: BFO\BFO_TICK_03012025\BFO_TICK_03012025\SENSEX03JAN2579800PE.BFO.csv
2025-10-27 13:49:54,318 [INFO] [root] [MainThread]: Started processing: BFO\BFO_TICK_03012025\BFO_TICK_03012025\SENSEX03JAN2579900PE.BFO.csv
2025-10-27 13:49:54,473 [INFO] [root] [MainThread]: Successfully processed: BFO\BFO_TICK_03012025\BFO_TICK_03012025\SENSEX03JAN2579900PE.BFO.csv
2025-10-27 13:49:54,474 [INFO] [root] [MainThread]: Started processing: BFO\BFO_TICK_03012025\BFO_TICK_03012025\SENSEX03JAN2580000PE.BFO.csv
2025-10-27 13:49:54,630 [INFO] [root] [MainThread]: Successfully processed: BFO\BFO_TICK_03012025\BFO_TICK_03012025\SENSEX03JAN2580000PE.BFO.csv
2025-10-27 13:49:54,630 [INFO] [root] [MainThread]: Started processing: BFO\BFO_TICK_03012025\BFO_TICK_03012025\SENSEX03JAN2580100PE.BFO.csv
2025-10-27 13:49:54,722 [INFO] [root] [MainThread]: Successfully processed: BFO\BFO_TICK_03012025\BFO_TICK_03012025\SENSEX03JAN2580100PE.BFO.csv
2025-10-27 13:49:54,722 [INFO] [root] [MainThread]: Started processing: BFO\BFO_TICK_03012025\BFO_TICK_03012025\SENSEX03JAN2580200PE.BFO.csv
2025-10-27 13:49:54,786 [INFO] [root] [MainThread]: Successfully processed: BFO\BFO_TICK_03012025\BFO_TICK_03012025\SENSEX03JAN2580200PE.BFO.csv
2025-10-27 13:49:54,786 [INFO] [root] [MainThread]: Started processing: BFO\BFO_TICK_03012025\BFO_TICK_03012025\SENSEX03JAN2580300PE.BFO.csv
2025-10-27 13:49:54,832 [INFO] [root] [MainThread]: Successfully processed: BFO\BFO_TICK_03012025\BFO_TICK_03012025\SENSEX03JAN2580300PE.BFO.csv
2025-10-27 13:49:54,833 [INFO] [root] [MainThread]: Started processing: BFO\BFO_TICK_03012025\BFO_TICK_03012025\SENSEX03JAN2580400PE.BFO.csv
2025-10-27 13:49:54,863 [INFO] [root] [MainThread]: Successfully processed: BFO\BFO_TICK_03012025\BFO_TICK_03012025\SENSEX03JAN2580400PE.BFO.csv
2025-10-27 13:49:54,863 [INFO] [root] [MainThread]: Started processing: BFO\BFO_TICK_03012025\BFO_TICK_03012025\SENSEX03JAN2580500PE.BFO.csv
2025-10-27 13:49:54,903 [INFO] [root] [MainThread]: Successfully processed: BFO\BFO_TICK_03012025\BFO_TICK_03012025\SENSEX03JAN2580500PE.BFO.csv
2025-10-27 13:49:54,903 [INFO] [root] [MainThread]: Started processing: BFO\BFO_TICK_03012025\BFO_TICK_03012025\SENSEX03JAN2580600PE.BFO.csv
2025-10-27 13:49:54,922 [INFO] [root] [MainThread]: Successfully processed: BFO\BFO_TICK_03012025\BFO_TICK_03012025\SENSEX03JAN2580600PE.BFO.csv
2025-10-27 13:49:54,922 [INFO] [root] [MainThread]: Started processing: BFO\BFO_TICK_03012025\BFO_TICK_03012025\SENSEX03JAN2580700PE.BFO.csv
2025-10-27 13:49:54,938 [INFO] [root] [MainThread]: Successfully processed: BFO\BFO_TICK_03012025\BFO_TICK_03012025\SENSEX03JAN2580700PE.BFO.csv
2025-10-27 13:49:54,938 [INFO] [root] [MainThread]: Started processing: BFO\BFO_TICK_03012025\BFO_TICK_03012025\SENSEX03JAN2580800PE.BFO.csv
2025-10-27 13:49:54,953 [INFO] [root] [MainThread]: Successfully processed: BFO\BFO_TICK_03012025\BFO_TICK_03012025\SENSEX03JAN2580800PE.BFO.csv
2025-10-27 13:49:54,953 [INFO] [root] [MainThread]: Started processing: BFO\BFO_TICK_03012025\BFO_TICK_03012025\SENSEX03JAN2580900PE.BFO.csv
2025-10-27 13:49:54,966 [INFO] [root] [MainThread]: Successfully processed: BFO\BFO_TICK_03012025\BFO_TICK_03012025\SENSEX03JAN2580900PE.BFO.csv
2025-10-27 13:49:54,966 [INFO] [root] [MainThread]: Started processing: BFO\BFO_TICK_03012025\BFO_TICK_03012025\SENSEX03JAN2581000PE.BFO.csv
2025-10-27 13:49:54,983 [INFO] [root] [MainThread]: Successfully processed: BFO\BFO_TICK_03012025\BFO_TICK_03012025\SENSEX03JAN2581000PE.BFO.csv
2025-10-27 13:49:54,983 [INFO] [root] [MainThread]: Started processing: BFO\BFO_TICK_03012025\BFO_TICK_03012025\SENSEX03JAN2581100PE.BFO.csv
2025-10-27 13:49:54,992 [INFO] [root] [MainThread]: Successfully processed: BFO\BFO_TICK_03012025\BFO_TICK_03012025\SENSEX03JAN2581100PE.BFO.csv
2025-10-27 13:49:54,992 [INFO] [root] [MainThread]: Started processing: BFO\BFO_TICK_03012025\BFO_TICK_03012025\SENSEX03JAN2581200PE.BFO.csv
2025-10-27 13:49:55,005 [INFO] [root] [MainThread]: Successfully processed: BFO\BFO_TICK_03012025\BFO_TICK_03012025\SENSEX03JAN2581200PE.BFO.csv
2025-10-27 13:49:55,005 [INFO] [root] [MainThread]: Started processing: BFO\BFO_TICK_03012025\BFO_TICK_03012025\SENSEX03JAN2581300PE.BFO.csv
2025-10-27 13:49:55,013 [INFO] [root] [MainThread]: Successfully processed: BFO\BFO_TICK_03012025\BFO_TICK_03012025\SENSEX03JAN2581300PE.BFO.csv
2025-10-27 13:49:55,014 [INFO] [root] [MainThread]: Started processing: BFO\BFO_TICK_03012025\BFO_TICK_03012025\SENSEX03JAN2581400PE.BFO.csv
2025-10-27 13:49:55,023 [INFO] [root] [MainThread]: Successfully processed: BFO\BFO_TICK_03012025\BFO_TICK_03012025\SENSEX03JAN2581400PE.BFO.csv
2025-10-27 13:49:55,023 [INFO] [root] [MainThread]: Started processing: BFO\BFO_TICK_03012025\BFO_TICK_03012025\SENSEX03JAN2581500PE.BFO.csv
2025-10-27 13:49:55,035 [INFO] [root] [MainThread]: Successfully processed: BFO\BFO_TICK_03012025\BFO_TICK_03012025\SENSEX03JAN2581500PE.BFO.csv
2025-10-27 13:49:55,035 [INFO] [root] [MainThread]: Started processing: BFO\BFO_TICK_03012025\BFO_TICK_03012025\SENSEX03JAN2581700PE.BFO.csv
2025-10-27 13:49:55,044 [INFO] [root] [MainThread]: Successfully processed: BFO\BFO_TICK_03012025\BFO_TICK_03012025\SENSEX03JAN2581700PE.BFO.csv
2025-10-27 13:49:55,044 [INFO] [root] [MainThread]: Started processing: BFO\BFO_TICK_03012025\BFO_TICK_03012025\SENSEX03JAN2581900PE.BFO.csv
2025-10-27 13:49:55,054 [INFO] [root] [MainThread]: Successfully processed: BFO\BFO_TICK_03012025\BFO_TICK_03012025\SENSEX03JAN2581900PE.BFO.csv
2025-10-27 13:49:55,054 [INFO] [root] [MainThread]: Started processing: BFO\BFO_TICK_03012025\BFO_TICK_03012025\SENSEX03JAN2582000PE.BFO.csv
2025-10-27 13:49:55,065 [INFO] [root] [MainThread]: Successfully processed: BFO\BFO_TICK_03012025\BFO_TICK_03012025\SENSEX03JAN2582000PE.BFO.csv
2025-10-27 13:49:55,065 [INFO] [root] [MainThread]: Started processing: BFO\BFO_TICK_03012025\BFO_TICK_03012025\SENSEX03JAN2582100PE.BFO.csv
2025-10-27 13:49:55,072 [INFO] [root] [MainThread]: Successfully processed: BFO\BFO_TICK_03012025\BFO_TICK_03012025\SENSEX03JAN2582100PE.BFO.csv
2025-10-27 13:49:55,072 [INFO] [root] [MainThread]: Started processing: BFO\BFO_TICK_03012025\BFO_TICK_03012025\SENSEX03JAN2583900PE.BFO.csv
2025-10-27 13:49:55,082 [INFO] [root] [MainThread]: Successfully processed: BFO\BFO_TICK_03012025\BFO_TICK_03012025\SENSEX03JAN2583900PE.BFO.csv
2025-10-27 13:49:55,082 [INFO] [root] [MainThread]: Started processing: BFO\BFO_TICK_03012025\BFO_TICK_03012025\SENSEX03JAN2584000PE.BFO.csv
2025-10-27 13:49:55,090 [INFO] [root] [MainThread]: Successfully processed: BFO\BFO_TICK_03012025\BFO_TICK_03012025\SENSEX03JAN2584000PE.BFO.csv
2025-10-27 13:49:55,090 [INFO] [root] [MainThread]: Started processing: BFO\BFO_TICK_03012025\BFO_TICK_03012025\SENSEX07JAN2574000PE.BFO.csv
2025-10-27 13:49:55,102 [INFO] [root] [MainThread]: Successfully processed: BFO\BFO_TICK_03012025\BFO_TICK_03012025\SENSEX07JAN2574000PE.BFO.csv
2025-10-27 13:49:55,103 [INFO] [root] [MainThread]: Started processing: BFO\BFO_TICK_03012025\BFO_TICK_03012025\SENSEX07JAN2574100PE.BFO.csv
2025-10-27 13:49:55,113 [INFO] [root] [MainThread]: Successfully processed: BFO\BFO_TICK_03012025\BFO_TICK_03012025\SENSEX07JAN2574100PE.BFO.csv
2025-10-27 13:49:55,113 [INFO] [root] [MainThread]: Started processing: BFO\BFO_TICK_03012025\BFO_TICK_03012025\SENSEX07JAN2574300PE.BFO.csv
2025-10-27 13:49:55,124 [INFO] [root] [MainThread]: Successfully processed: BFO\BFO_TICK_03012025\BFO_TICK_03012025\SENSEX07JAN2574300PE.BFO.csv
2025-10-27 13:49:55,126 [INFO] [root] [MainThread]: Started processing: BFO\BFO_TICK_03012025\BFO_TICK_03012025\SENSEX07JAN2574500PE.BFO.csv
2025-10-27 13:49:55,137 [INFO] [root] [MainThread]: Successfully processed: BFO\BFO_TICK_03012025\BFO_TICK_03012025\SENSEX07JAN2574500PE.BFO.csv
2025-10-27 13:49:55,137 [INFO] [root] [MainThread]: Started processing: BFO\BFO_TICK_03012025\BFO_TICK_03012025\SENSEX07JAN2574800PE.BFO.csv
2025-10-27 13:49:55,145 [INFO] [root] [MainThread]: Successfully processed: BFO\BFO_TICK_03012025\BFO_TICK_03012025\SENSEX07JAN2574800PE.BFO.csv
2025-10-27 13:49:55,145 [INFO] [root] [MainThread]: Started processing: BFO\BFO_TICK_03012025\BFO_TICK_03012025\SENSEX07JAN2575000PE.BFO.csv
2025-10-27 13:49:55,157 [INFO] [root] [MainThread]: Successfully processed: BFO\BFO_TICK_03012025\BFO_TICK_03012025\SENSEX07JAN2575000PE.BFO.csv
2025-10-27 13:49:55,157 [INFO] [root] [MainThread]: Started processing: BFO\BFO_TICK_03012025\BFO_TICK_03012025\SENSEX07JAN2575500PE.BFO.csv
2025-10-27 13:49:55,169 [INFO] [root] [MainThread]: Successfully processed: BFO\BFO_TICK_03012025\BFO_TICK_03012025\SENSEX07JAN2575500PE.BFO.csv
2025-10-27 13:49:55,170 [INFO] [root] [MainThread]: Started processing: BFO\BFO_TICK_03012025\BFO_TICK_03012025\SENSEX07JAN2575800PE.BFO.csv
2025-10-27 13:49:55,178 [INFO] [root] [MainThread]: Successfully processed: BFO\BFO_TICK_03012025\BFO_TICK_03012025\SENSEX07JAN2575800PE.BFO.csv
2025-10-27 13:49:55,179 [INFO] [root] [MainThread]: Started processing: BFO\BFO_TICK_03012025\BFO_TICK_03012025\SENSEX07JAN2575900PE.BFO.csv
2025-10-27 13:49:55,188 [INFO] [root] [MainThread]: Successfully processed: BFO\BFO_TICK_03012025\BFO_TICK_03012025\SENSEX07JAN2575900PE.BFO.csv
2025-10-27 13:49:55,188 [INFO] [root] [MainThread]: Started processing: BFO\BFO_TICK_03012025\BFO_TICK_03012025\SENSEX07JAN2576000PE.BFO.csv
2025-10-27 13:49:55,205 [INFO] [root] [MainThread]: Successfully processed: BFO\BFO_TICK_03012025\BFO_TICK_03012025\SENSEX07JAN2576000PE.BFO.csv
2025-10-27 13:49:55,205 [INFO] [root] [MainThread]: Processed 100/171 files...
2025-10-27 13:49:55,205 [INFO] [root] [MainThread]: Started processing: BFO\BFO_TICK_03012025\BFO_TICK_03012025\SENSEX07JAN2576200PE.BFO.csv
2025-10-27 13:49:55,215 [INFO] [root] [MainThread]: Successfully processed: BFO\BFO_TICK_03012025\BFO_TICK_03012025\SENSEX07JAN2576200PE.BFO.csv
2025-10-27 13:49:55,215 [INFO] [root] [MainThread]: Started processing: BFO\BFO_TICK_03012025\BFO_TICK_03012025\SENSEX07JAN2576300PE.BFO.csv
2025-10-27 13:49:55,223 [INFO] [root] [MainThread]: Successfully processed: BFO\BFO_TICK_03012025\BFO_TICK_03012025\SENSEX07JAN2576300PE.BFO.csv
2025-10-27 13:49:55,223 [INFO] [root] [MainThread]: Started processing: BFO\BFO_TICK_03012025\BFO_TICK_03012025\SENSEX07JAN2576400PE.BFO.csv
2025-10-27 13:49:55,235 [INFO] [root] [MainThread]: Successfully processed: BFO\BFO_TICK_03012025\BFO_TICK_03012025\SENSEX07JAN2576400PE.BFO.csv
2025-10-27 13:49:55,235 [INFO] [root] [MainThread]: Started processing: BFO\BFO_TICK_03012025\BFO_TICK_03012025\SENSEX07JAN2576500PE.BFO.csv
2025-10-27 13:49:55,261 [INFO] [root] [MainThread]: Successfully processed: BFO\BFO_TICK_03012025\BFO_TICK_03012025\SENSEX07JAN2576500PE.BFO.csv
2025-10-27 13:49:55,261 [INFO] [root] [MainThread]: Started processing: BFO\BFO_TICK_03012025\BFO_TICK_03012025\SENSEX07JAN2576600PE.BFO.csv
2025-10-27 13:49:55,275 [INFO] [root] [MainThread]: Successfully processed: BFO\BFO_TICK_03012025\BFO_TICK_03012025\SENSEX07JAN2576600PE.BFO.csv
2025-10-27 13:49:55,275 [INFO] [root] [MainThread]: Started processing: BFO\BFO_TICK_03012025\BFO_TICK_03012025\SENSEX07JAN2576700PE.BFO.csv
2025-10-27 13:49:55,289 [INFO] [root] [MainThread]: Successfully processed: BFO\BFO_TICK_03012025\BFO_TICK_03012025\SENSEX07JAN2576700PE.BFO.csv
2025-10-27 13:49:55,289 [INFO] [root] [MainThread]: Started processing: BFO\BFO_TICK_03012025\BFO_TICK_03012025\SENSEX07JAN2576800PE.BFO.csv
2025-10-27 13:49:55,304 [INFO] [root] [MainThread]: Successfully processed: BFO\BFO_TICK_03012025\BFO_TICK_03012025\SENSEX07JAN2576800PE.BFO.csv
2025-10-27 13:49:55,304 [INFO] [root] [MainThread]: Started processing: BFO\BFO_TICK_03012025\BFO_TICK_03012025\SENSEX07JAN2576900PE.BFO.csv
2025-10-27 13:49:55,317 [INFO] [root] [MainThread]: Successfully processed: BFO\BFO_TICK_03012025\BFO_TICK_03012025\SENSEX07JAN2576900PE.BFO.csv
2025-10-27 13:49:55,318 [INFO] [root] [MainThread]: Started processing: BFO\BFO_TICK_03012025\BFO_TICK_03012025\SENSEX07JAN2577000PE.BFO.csv
2025-10-27 13:49:55,355 [INFO] [root] [MainThread]: Successfully processed: BFO\BFO_TICK_03012025\BFO_TICK_03012025\SENSEX07JAN2577000PE.BFO.csv
2025-10-27 13:49:55,355 [INFO] [root] [MainThread]: Started processing: BFO\BFO_TICK_03012025\BFO_TICK_03012025\SENSEX07JAN2577100PE.BFO.csv
2025-10-27 13:49:55,371 [INFO] [root] [MainThread]: Successfully processed: BFO\BFO_TICK_03012025\BFO_TICK_03012025\SENSEX07JAN2577100PE.BFO.csv
2025-10-27 13:49:55,371 [INFO] [root] [MainThread]: Started processing: BFO\BFO_TICK_03012025\BFO_TICK_03012025\SENSEX07JAN2577200PE.BFO.csv
2025-10-27 13:49:55,390 [INFO] [root] [MainThread]: Successfully processed: BFO\BFO_TICK_03012025\BFO_TICK_03012025\SENSEX07JAN2577200PE.BFO.csv
2025-10-27 13:49:55,390 [INFO] [root] [MainThread]: Started processing: BFO\BFO_TICK_03012025\BFO_TICK_03012025\SENSEX07JAN2577300PE.BFO.csv
2025-10-27 13:49:55,409 [INFO] [root] [MainThread]: Successfully processed: BFO\BFO_TICK_03012025\BFO_TICK_03012025\SENSEX07JAN2577300PE.BFO.csv
2025-10-27 13:49:55,409 [INFO] [root] [MainThread]: Started processing: BFO\BFO_TICK_03012025\BFO_TICK_03012025\SENSEX07JAN2577400PE.BFO.csv
2025-10-27 13:49:55,431 [INFO] [root] [MainThread]: Successfully processed: BFO\BFO_TICK_03012025\BFO_TICK_03012025\SENSEX07JAN2577400PE.BFO.csv
2025-10-27 13:49:55,431 [INFO] [root] [MainThread]: Started processing: BFO\BFO_TICK_03012025\BFO_TICK_03012025\SENSEX07JAN2577500PE.BFO.csv
2025-10-27 13:49:55,481 [INFO] [root] [MainThread]: Successfully processed: BFO\BFO_TICK_03012025\BFO_TICK_03012025\SENSEX07JAN2577500PE.BFO.csv
2025-10-27 13:49:55,482 [INFO] [root] [MainThread]: Started processing: BFO\BFO_TICK_03012025\BFO_TICK_03012025\SENSEX07JAN2577600PE.BFO.csv
2025-10-27 13:49:55,504 [INFO] [root] [MainThread]: Successfully processed: BFO\BFO_TICK_03012025\BFO_TICK_03012025\SENSEX07JAN2577600PE.BFO.csv
2025-10-27 13:49:55,504 [INFO] [root] [MainThread]: Started processing: BFO\BFO_TICK_03012025\BFO_TICK_03012025\SENSEX07JAN2577700PE.BFO.csv
2025-10-27 13:49:55,525 [INFO] [root] [MainThread]: Successfully processed: BFO\BFO_TICK_03012025\BFO_TICK_03012025\SENSEX07JAN2577700PE.BFO.csv
2025-10-27 13:49:55,525 [INFO] [root] [MainThread]: Started processing: BFO\BFO_TICK_03012025\BFO_TICK_03012025\SENSEX07JAN2577800PE.BFO.csv
2025-10-27 13:49:55,551 [INFO] [root] [MainThread]: Successfully processed: BFO\BFO_TICK_03012025\BFO_TICK_03012025\SENSEX07JAN2577800PE.BFO.csv
2025-10-27 13:49:55,551 [INFO] [root] [MainThread]: Started processing: BFO\BFO_TICK_03012025\BFO_TICK_03012025\SENSEX07JAN2577900PE.BFO.csv
2025-10-27 13:49:55,573 [INFO] [root] [MainThread]: Successfully processed: BFO\BFO_TICK_03012025\BFO_TICK_03012025\SENSEX07JAN2577900PE.BFO.csv
2025-10-27 13:49:55,573 [INFO] [root] [MainThread]: Started processing: BFO\BFO_TICK_03012025\BFO_TICK_03012025\SENSEX07JAN2578000PE.BFO.csv
2025-10-27 13:49:55,626 [INFO] [root] [MainThread]: Successfully processed: BFO\BFO_TICK_03012025\BFO_TICK_03012025\SENSEX07JAN2578000PE.BFO.csv
2025-10-27 13:49:55,626 [INFO] [root] [MainThread]: Started processing: BFO\BFO_TICK_03012025\BFO_TICK_03012025\SENSEX07JAN2578100PE.BFO.csv
2025-10-27 13:49:55,652 [INFO] [root] [MainThread]: Successfully processed: BFO\BFO_TICK_03012025\BFO_TICK_03012025\SENSEX07JAN2578100PE.BFO.csv
2025-10-27 13:49:55,652 [INFO] [root] [MainThread]: Started processing: BFO\BFO_TICK_03012025\BFO_TICK_03012025\SENSEX07JAN2578200PE.BFO.csv
2025-10-27 13:49:55,686 [INFO] [root] [MainThread]: Successfully processed: BFO\BFO_TICK_03012025\BFO_TICK_03012025\SENSEX07JAN2578200PE.BFO.csv
2025-10-27 13:49:55,686 [INFO] [root] [MainThread]: Started processing: BFO\BFO_TICK_03012025\BFO_TICK_03012025\SENSEX07JAN2578300PE.BFO.csv
2025-10-27 13:49:55,717 [INFO] [root] [MainThread]: Successfully processed: BFO\BFO_TICK_03012025\BFO_TICK_03012025\SENSEX07JAN2578300PE.BFO.csv
2025-10-27 13:49:55,717 [INFO] [root] [MainThread]: Started processing: BFO\BFO_TICK_03012025\BFO_TICK_03012025\SENSEX07JAN2578400PE.BFO.csv
2025-10-27 13:49:55,740 [INFO] [root] [MainThread]: Successfully processed: BFO\BFO_TICK_03012025\BFO_TICK_03012025\SENSEX07JAN2578400PE.BFO.csv
2025-10-27 13:49:55,740 [INFO] [root] [MainThread]: Started processing: BFO\BFO_TICK_03012025\BFO_TICK_03012025\SENSEX07JAN2578500PE.BFO.csv
2025-10-27 13:49:55,800 [INFO] [root] [MainThread]: Successfully processed: BFO\BFO_TICK_03012025\BFO_TICK_03012025\SENSEX07JAN2578500PE.BFO.csv
2025-10-27 13:49:55,800 [INFO] [root] [MainThread]: Started processing: BFO\BFO_TICK_03012025\BFO_TICK_03012025\SENSEX07JAN2578600PE.BFO.csv
2025-10-27 13:49:55,831 [INFO] [root] [MainThread]: Successfully processed: BFO\BFO_TICK_03012025\BFO_TICK_03012025\SENSEX07JAN2578600PE.BFO.csv
2025-10-27 13:49:55,831 [INFO] [root] [MainThread]: Started processing: BFO\BFO_TICK_03012025\BFO_TICK_03012025\SENSEX07JAN2578700PE.BFO.csv
2025-10-27 13:49:55,858 [INFO] [root] [MainThread]: Successfully processed: BFO\BFO_TICK_03012025\BFO_TICK_03012025\SENSEX07JAN2578700PE.BFO.csv
2025-10-27 13:49:55,858 [INFO] [root] [MainThread]: Started processing: BFO\BFO_TICK_03012025\BFO_TICK_03012025\SENSEX07JAN2578800PE.BFO.csv
2025-10-27 13:49:55,889 [INFO] [root] [MainThread]: Successfully processed: BFO\BFO_TICK_03012025\BFO_TICK_03012025\SENSEX07JAN2578800PE.BFO.csv
2025-10-27 13:49:55,889 [INFO] [root] [MainThread]: Started processing: BFO\BFO_TICK_03012025\BFO_TICK_03012025\SENSEX07JAN2578900PE.BFO.csv
2025-10-27 13:49:55,915 [INFO] [root] [MainThread]: Successfully processed: BFO\BFO_TICK_03012025\BFO_TICK_03012025\SENSEX07JAN2578900PE.BFO.csv
2025-10-27 13:49:55,915 [INFO] [root] [MainThread]: Started processing: BFO\BFO_TICK_03012025\BFO_TICK_03012025\SENSEX07JAN2579000PE.BFO.csv
2025-10-27 13:49:55,980 [INFO] [root] [MainThread]: Successfully processed: BFO\BFO_TICK_03012025\BFO_TICK_03012025\SENSEX07JAN2579000PE.BFO.csv
2025-10-27 13:49:55,981 [INFO] [root] [MainThread]: Started processing: BFO\BFO_TICK_03012025\BFO_TICK_03012025\SENSEX07JAN2579100PE.BFO.csv
2025-10-27 13:49:56,011 [INFO] [root] [MainThread]: Successfully processed: BFO\BFO_TICK_03012025\BFO_TICK_03012025\SENSEX07JAN2579100PE.BFO.csv
2025-10-27 13:49:56,011 [INFO] [root] [MainThread]: Started processing: BFO\BFO_TICK_03012025\BFO_TICK_03012025\SENSEX07JAN2579200PE.BFO.csv
2025-10-27 13:49:56,053 [INFO] [root] [MainThread]: Successfully processed: BFO\BFO_TICK_03012025\BFO_TICK_03012025\SENSEX07JAN2579200PE.BFO.csv
2025-10-27 13:49:56,053 [INFO] [root] [MainThread]: Started processing: BFO\BFO_TICK_03012025\BFO_TICK_03012025\SENSEX07JAN2579300PE.BFO.csv
2025-10-27 13:49:56,100 [INFO] [root] [MainThread]: Successfully processed: BFO\BFO_TICK_03012025\BFO_TICK_03012025\SENSEX07JAN2579300PE.BFO.csv
2025-10-27 13:49:56,100 [INFO] [root] [MainThread]: Started processing: BFO\BFO_TICK_03012025\BFO_TICK_03012025\SENSEX07JAN2579400PE.BFO.csv
2025-10-27 13:49:56,167 [INFO] [root] [MainThread]: Successfully processed: BFO\BFO_TICK_03012025\BFO_TICK_03012025\SENSEX07JAN2579400PE.BFO.csv
2025-10-27 13:49:56,167 [INFO] [root] [MainThread]: Started processing: BFO\BFO_TICK_03012025\BFO_TICK_03012025\SENSEX07JAN2579500PE.BFO.csv
2025-10-27 13:49:56,254 [INFO] [root] [MainThread]: Successfully processed: BFO\BFO_TICK_03012025\BFO_TICK_03012025\SENSEX07JAN2579500PE.BFO.csv
2025-10-27 13:49:56,254 [INFO] [root] [MainThread]: Started processing: BFO\BFO_TICK_03012025\BFO_TICK_03012025\SENSEX07JAN2579600PE.BFO.csv
2025-10-27 13:49:56,293 [INFO] [root] [MainThread]: Successfully processed: BFO\BFO_TICK_03012025\BFO_TICK_03012025\SENSEX07JAN2579600PE.BFO.csv
2025-10-27 13:49:56,293 [INFO] [root] [MainThread]: Started processing: BFO\BFO_TICK_03012025\BFO_TICK_03012025\SENSEX07JAN2579700PE.BFO.csv
2025-10-27 13:49:56,333 [INFO] [root] [MainThread]: Successfully processed: BFO\BFO_TICK_03012025\BFO_TICK_03012025\SENSEX07JAN2579700PE.BFO.csv
2025-10-27 13:49:56,333 [INFO] [root] [MainThread]: Started processing: BFO\BFO_TICK_03012025\BFO_TICK_03012025\SENSEX07JAN2579800PE.BFO.csv
2025-10-27 13:49:56,369 [INFO] [root] [MainThread]: Successfully processed: BFO\BFO_TICK_03012025\BFO_TICK_03012025\SENSEX07JAN2579800PE.BFO.csv
2025-10-27 13:49:56,369 [INFO] [root] [MainThread]: Started processing: BFO\BFO_TICK_03012025\BFO_TICK_03012025\SENSEX07JAN2579900PE.BFO.csv
2025-10-27 13:49:56,391 [INFO] [root] [MainThread]: Successfully processed: BFO\BFO_TICK_03012025\BFO_TICK_03012025\SENSEX07JAN2579900PE.BFO.csv
2025-10-27 13:49:56,391 [INFO] [root] [MainThread]: Started processing: BFO\BFO_TICK_03012025\BFO_TICK_03012025\SENSEX07JAN2580000PE.BFO.csv
2025-10-27 13:49:56,437 [INFO] [root] [MainThread]: Successfully processed: BFO\BFO_TICK_03012025\BFO_TICK_03012025\SENSEX07JAN2580000PE.BFO.csv
2025-10-27 13:49:56,438 [INFO] [root] [MainThread]: Started processing: BFO\BFO_TICK_03012025\BFO_TICK_03012025\SENSEX07JAN2580100PE.BFO.csv
2025-10-27 13:49:56,452 [INFO] [root] [MainThread]: Successfully processed: BFO\BFO_TICK_03012025\BFO_TICK_03012025\SENSEX07JAN2580100PE.BFO.csv
2025-10-27 13:49:56,452 [INFO] [root] [MainThread]: Started processing: BFO\BFO_TICK_03012025\BFO_TICK_03012025\SENSEX07JAN2580200PE.BFO.csv
2025-10-27 13:49:56,466 [INFO] [root] [MainThread]: Successfully processed: BFO\BFO_TICK_03012025\BFO_TICK_03012025\SENSEX07JAN2580200PE.BFO.csv
2025-10-27 13:49:56,466 [INFO] [root] [MainThread]: Started processing: BFO\BFO_TICK_03012025\BFO_TICK_03012025\SENSEX07JAN2580300PE.BFO.csv
2025-10-27 13:49:56,476 [INFO] [root] [MainThread]: Successfully processed: BFO\BFO_TICK_03012025\BFO_TICK_03012025\SENSEX07JAN2580300PE.BFO.csv
2025-10-27 13:49:56,476 [INFO] [root] [MainThread]: Started processing: BFO\BFO_TICK_03012025\BFO_TICK_03012025\SENSEX07JAN2580400PE.BFO.csv
2025-10-27 13:49:56,488 [INFO] [root] [MainThread]: Successfully processed: BFO\BFO_TICK_03012025\BFO_TICK_03012025\SENSEX07JAN2580400PE.BFO.csv
2025-10-27 13:49:56,488 [INFO] [root] [MainThread]: Started processing: BFO\BFO_TICK_03012025\BFO_TICK_03012025\SENSEX07JAN2580500PE.BFO.csv
2025-10-27 13:49:56,501 [INFO] [root] [MainThread]: Successfully processed: BFO\BFO_TICK_03012025\BFO_TICK_03012025\SENSEX07JAN2580500PE.BFO.csv
2025-10-27 13:49:56,501 [INFO] [root] [MainThread]: Started processing: BFO\BFO_TICK_03012025\BFO_TICK_03012025\SENSEX07JAN2581000PE.BFO.csv
2025-10-27 13:49:56,512 [INFO] [root] [MainThread]: Successfully processed: BFO\BFO_TICK_03012025\BFO_TICK_03012025\SENSEX07JAN2581000PE.BFO.csv
2025-10-27 13:49:56,513 [INFO] [root] [MainThread]: Started processing: BFO\BFO_TICK_03012025\BFO_TICK_03012025\SENSEX07JAN2581500PE.BFO.csv
2025-10-27 13:49:56,522 [INFO] [root] [MainThread]: Successfully processed: BFO\BFO_TICK_03012025\BFO_TICK_03012025\SENSEX07JAN2581500PE.BFO.csv
2025-10-27 13:49:56,522 [INFO] [root] [MainThread]: Started processing: BFO\BFO_TICK_03012025\BFO_TICK_03012025\SENSEX07JAN2582000PE.BFO.csv
2025-10-27 13:49:56,534 [INFO] [root] [MainThread]: Successfully processed: BFO\BFO_TICK_03012025\BFO_TICK_03012025\SENSEX07JAN2582000PE.BFO.csv
2025-10-27 13:49:56,534 [INFO] [root] [MainThread]: Started processing: BFO\BFO_TICK_03012025\BFO_TICK_03012025\SENSEX07JAN2582100PE.BFO.csv
2025-10-27 13:49:56,542 [INFO] [root] [MainThread]: Successfully processed: BFO\BFO_TICK_03012025\BFO_TICK_03012025\SENSEX07JAN2582100PE.BFO.csv
2025-10-27 13:49:56,542 [INFO] [root] [MainThread]: Started processing: BFO\BFO_TICK_03012025\BFO_TICK_03012025\SENSEX14JAN2574000PE.BFO.csv
2025-10-27 13:49:56,552 [INFO] [root] [MainThread]: Successfully processed: BFO\BFO_TICK_03012025\BFO_TICK_03012025\SENSEX14JAN2574000PE.BFO.csv
2025-10-27 13:49:56,552 [INFO] [root] [MainThread]: Started processing: BFO\BFO_TICK_03012025\BFO_TICK_03012025\SENSEX14JAN2577200PE.BFO.csv
2025-10-27 13:49:56,561 [INFO] [root] [MainThread]: Successfully processed: BFO\BFO_TICK_03012025\BFO_TICK_03012025\SENSEX14JAN2577200PE.BFO.csv
2025-10-27 13:49:56,562 [INFO] [root] [MainThread]: Started processing: BFO\BFO_TICK_03012025\BFO_TICK_03012025\SENSEX14JAN2579200PE.BFO.csv
2025-10-27 13:49:56,571 [INFO] [root] [MainThread]: Successfully processed: BFO\BFO_TICK_03012025\BFO_TICK_03012025\SENSEX14JAN2579200PE.BFO.csv
2025-10-27 13:49:56,572 [INFO] [root] [MainThread]: Started processing: BFO\BFO_TICK_03012025\BFO_TICK_03012025\SENSEX14JAN2579500PE.BFO.csv
2025-10-27 13:49:56,585 [INFO] [root] [MainThread]: Successfully processed: BFO\BFO_TICK_03012025\BFO_TICK_03012025\SENSEX14JAN2579500PE.BFO.csv
2025-10-27 13:49:56,585 [INFO] [root] [MainThread]: Started processing: BFO\BFO_TICK_03012025\BFO_TICK_03012025\SENSEX14JAN2579600PE.BFO.csv
2025-10-27 13:49:56,595 [INFO] [root] [MainThread]: Successfully processed: BFO\BFO_TICK_03012025\BFO_TICK_03012025\SENSEX14JAN2579600PE.BFO.csv
2025-10-27 13:49:56,596 [INFO] [root] [MainThread]: Started processing: BFO\BFO_TICK_03012025\BFO_TICK_03012025\SENSEX14JAN2580000PE.BFO.csv
2025-10-27 13:49:56,604 [INFO] [root] [MainThread]: Successfully processed: BFO\BFO_TICK_03012025\BFO_TICK_03012025\SENSEX14JAN2580000PE.BFO.csv
2025-10-27 13:49:56,605 [INFO] [root] [MainThread]: Started processing: BFO\BFO_TICK_03012025\BFO_TICK_03012025\SENSEX28JAN2573200PE.BFO.csv
2025-10-27 13:49:56,615 [INFO] [root] [MainThread]: Successfully processed: BFO\BFO_TICK_03012025\BFO_TICK_03012025\SENSEX28JAN2573200PE.BFO.csv
2025-10-27 13:49:56,615 [INFO] [root] [MainThread]: Started processing: BFO\BFO_TICK_03012025\BFO_TICK_03012025\SENSEX28JAN2575000PE.BFO.csv
2025-10-27 13:49:56,623 [INFO] [root] [MainThread]: Successfully processed: BFO\BFO_TICK_03012025\BFO_TICK_03012025\SENSEX28JAN2575000PE.BFO.csv
2025-10-27 13:49:56,623 [INFO] [root] [MainThread]: Started processing: BFO\BFO_TICK_03012025\BFO_TICK_03012025\SENSEX28JAN2577500PE.BFO.csv
2025-10-27 13:49:56,634 [INFO] [root] [MainThread]: Successfully processed: BFO\BFO_TICK_03012025\BFO_TICK_03012025\SENSEX28JAN2577500PE.BFO.csv
2025-10-27 13:49:56,634 [INFO] [root] [MainThread]: Started processing: BFO\BFO_TICK_03012025\BFO_TICK_03012025\SENSEX28JAN2578000PE.BFO.csv
2025-10-27 13:49:56,643 [INFO] [root] [MainThread]: Successfully processed: BFO\BFO_TICK_03012025\BFO_TICK_03012025\SENSEX28JAN2578000PE.BFO.csv
2025-10-27 13:49:56,643 [INFO] [root] [MainThread]: Started processing: BFO\BFO_TICK_03012025\BFO_TICK_03012025\SENSEX28JAN2578500PE.BFO.csv
2025-10-27 13:49:56,653 [INFO] [root] [MainThread]: Successfully processed: BFO\BFO_TICK_03012025\BFO_TICK_03012025\SENSEX28JAN2578500PE.BFO.csv
2025-10-27 13:49:56,653 [INFO] [root] [MainThread]: Started processing: BFO\BFO_TICK_03012025\BFO_TICK_03012025\SENSEX28JAN2578600PE.BFO.csv
2025-10-27 13:49:56,662 [INFO] [root] [MainThread]: Successfully processed: BFO\BFO_TICK_03012025\BFO_TICK_03012025\SENSEX28JAN2578600PE.BFO.csv
2025-10-27 13:49:56,663 [INFO] [root] [MainThread]: Started processing: BFO\BFO_TICK_03012025\BFO_TICK_03012025\SENSEX28JAN2578700PE.BFO.csv
2025-10-27 13:49:56,671 [INFO] [root] [MainThread]: Successfully processed: BFO\BFO_TICK_03012025\BFO_TICK_03012025\SENSEX28JAN2578700PE.BFO.csv
2025-10-27 13:49:56,671 [INFO] [root] [MainThread]: Started processing: BFO\BFO_TICK_03012025\BFO_TICK_03012025\SENSEX28JAN2579000PE.BFO.csv
2025-10-27 13:49:56,682 [INFO] [root] [MainThread]: Successfully processed: BFO\BFO_TICK_03012025\BFO_TICK_03012025\SENSEX28JAN2579000PE.BFO.csv
2025-10-27 13:49:56,682 [INFO] [root] [MainThread]: Started processing: BFO\BFO_TICK_03012025\BFO_TICK_03012025\SENSEX28JAN2579200PE.BFO.csv
2025-10-27 13:49:56,690 [INFO] [root] [MainThread]: Successfully processed: BFO\BFO_TICK_03012025\BFO_TICK_03012025\SENSEX28JAN2579200PE.BFO.csv
2025-10-27 13:49:56,690 [INFO] [root] [MainThread]: Started processing: BFO\BFO_TICK_03012025\BFO_TICK_03012025\SENSEX28JAN2579500PE.BFO.csv
2025-10-27 13:49:56,701 [INFO] [root] [MainThread]: Successfully processed: BFO\BFO_TICK_03012025\BFO_TICK_03012025\SENSEX28JAN2579500PE.BFO.csv
2025-10-27 13:49:56,701 [INFO] [root] [MainThread]: Started processing: BFO\BFO_TICK_03012025\BFO_TICK_03012025\SENSEX28JAN2579600PE.BFO.csv
2025-10-27 13:49:56,711 [INFO] [root] [MainThread]: Successfully processed: BFO\BFO_TICK_03012025\BFO_TICK_03012025\SENSEX28JAN2579600PE.BFO.csv
2025-10-27 13:49:56,711 [INFO] [root] [MainThread]: Started processing: BFO\BFO_TICK_03012025\BFO_TICK_03012025\SENSEX28JAN2579700PE.BFO.csv
2025-10-27 13:49:56,721 [INFO] [root] [MainThread]: Successfully processed: BFO\BFO_TICK_03012025\BFO_TICK_03012025\SENSEX28JAN2579700PE.BFO.csv
2025-10-27 13:49:56,721 [INFO] [root] [MainThread]: Started processing: BFO\BFO_TICK_03012025\BFO_TICK_03012025\SENSEX28JAN2579800PE.BFO.csv
2025-10-27 13:49:56,732 [INFO] [root] [MainThread]: Successfully processed: BFO\BFO_TICK_03012025\BFO_TICK_03012025\SENSEX28JAN2579800PE.BFO.csv
2025-10-27 13:49:56,732 [INFO] [root] [MainThread]: Started processing: BFO\BFO_TICK_03012025\BFO_TICK_03012025\SENSEX28JAN2579900PE.BFO.csv
2025-10-27 13:49:56,741 [INFO] [root] [MainThread]: Successfully processed: BFO\BFO_TICK_03012025\BFO_TICK_03012025\SENSEX28JAN2579900PE.BFO.csv
2025-10-27 13:49:56,741 [INFO] [root] [MainThread]: Started processing: BFO\BFO_TICK_03012025\BFO_TICK_03012025\SENSEX28JAN2580000PE.BFO.csv
2025-10-27 13:49:56,752 [INFO] [root] [MainThread]: Successfully processed: BFO\BFO_TICK_03012025\BFO_TICK_03012025\SENSEX28JAN2580000PE.BFO.csv
2025-10-27 13:49:56,752 [INFO] [root] [MainThread]: Started processing: BFO\BFO_TICK_03012025\BFO_TICK_03012025\SENSEX28JAN2580100PE.BFO.csv
2025-10-27 13:49:56,761 [INFO] [root] [MainThread]: Successfully processed: BFO\BFO_TICK_03012025\BFO_TICK_03012025\SENSEX28JAN2580100PE.BFO.csv
2025-10-27 13:49:56,761 [INFO] [root] [MainThread]: Started processing: BFO\BFO_TICK_03012025\BFO_TICK_03012025\SENSEX28JAN2580700PE.BFO.csv
2025-10-27 13:49:56,770 [INFO] [root] [MainThread]: Successfully processed: BFO\BFO_TICK_03012025\BFO_TICK_03012025\SENSEX28JAN2580700PE.BFO.csv
2025-10-27 13:49:56,770 [INFO] [root] [MainThread]: Combining 171 dataframes...
2025-10-27 13:49:56,854 [INFO] [root] [MainThread]: Writing to ProcessedParquet\sensex_put_03012025.parquet (798920 rows)...
2025-10-27 13:49:57,570 [INFO] [root] [MainThread]: Successfully saved 171 option files to ProcessedParquet\sensex_put_03012025.parquet
2025-10-27 13:49:57,570 [INFO] [root] [MainThread]: Utility stopped.
