2025-10-27 20:30:50,822 [INFO] [root] [MainThread]: Utility started.
2025-10-27 20:30:50,823 [INFO] [root] [MainThread]: Processing FINNIFTY from NFO exchange
2025-10-27 20:30:50,823 [INFO] [root] [MainThread]: Detected yearly folder structure in NFO\GFDLNFO_TICK_03012025
2025-10-27 20:30:51,417 [INFO] [root] [MainThread]: No date subfolders found, extracted date 03012025 from parent folder: GFDLNFO_TICK_03012025
2025-10-27 20:30:51,417 [INFO] [root] [MainThread]: Got following folder info {'03012025': {'NFO\\GFDLNFO_TICK_03012025'}} for processing {'index': 'FINNIFTY', 'instrument_type': 'put'}.
2025-10-27 20:30:51,418 [INFO] [root] [MainThread]: Started processing folder: NFO\GFDLNFO_TICK_03012025 for {'index': 'FINNIFTY', 'instrument_type': 'put'}, date: 03012025
2025-10-27 20:30:51,450 [INFO] [root] [MainThread]: Found 70 put option files to process for FINNIFTY.
2025-10-27 20:30:51,450 [INFO] [root] [MainThread]: Started processing: NFO\GFDLNFO_TICK_03012025\Options\FINNIFTY30JAN2520000PE.NFO.csv
2025-10-27 20:30:51,473 [INFO] [root] [MainThread]: Successfully processed: NFO\GFDLNFO_TICK_03012025\Options\FINNIFTY30JAN2520000PE.NFO.csv
2025-10-27 20:30:51,473 [INFO] [root] [MainThread]: Started processing: NFO\GFDLNFO_TICK_03012025\Options\FINNIFTY30JAN2520500PE.NFO.csv
2025-10-27 20:30:51,485 [INFO] [root] [MainThread]: Successfully processed: NFO\GFDLNFO_TICK_03012025\Options\FINNIFTY30JAN2520500PE.NFO.csv
2025-10-27 20:30:51,485 [INFO] [root] [MainThread]: Started processing: NFO\GFDLNFO_TICK_03012025\Options\FINNIFTY30JAN2521000PE.NFO.csv
2025-10-27 20:30:51,500 [INFO] [root] [MainThread]: Successfully processed: NFO\GFDLNFO_TICK_03012025\Options\FINNIFTY30JAN2521000PE.NFO.csv
2025-10-27 20:30:51,500 [INFO] [root] [MainThread]: Started processing: NFO\GFDLNFO_TICK_03012025\Options\FINNIFTY30JAN2521100PE.NFO.csv
2025-10-27 20:30:51,511 [INFO] [root] [MainThread]: Successfully processed: NFO\GFDLNFO_TICK_03012025\Options\FINNIFTY30JAN2521100PE.NFO.csv
2025-10-27 20:30:51,511 [INFO] [root] [MainThread]: Started processing: NFO\GFDLNFO_TICK_03012025\Options\FINNIFTY30JAN2521200PE.NFO.csv
2025-10-27 20:30:51,522 [INFO] [root] [MainThread]: Successfully processed: NFO\GFDLNFO_TICK_03012025\Options\FINNIFTY30JAN2521200PE.NFO.csv
2025-10-27 20:30:51,522 [INFO] [root] [MainThread]: Started processing: NFO\GFDLNFO_TICK_03012025\Options\FINNIFTY30JAN2521300PE.NFO.csv
2025-10-27 20:30:51,535 [INFO] [root] [MainThread]: Successfully processed: NFO\GFDLNFO_TICK_03012025\Options\FINNIFTY30JAN2521300PE.NFO.csv
2025-10-27 20:30:51,536 [INFO] [root] [MainThread]: Started processing: NFO\GFDLNFO_TICK_03012025\Options\FINNIFTY30JAN2521400PE.NFO.csv
2025-10-27 20:30:51,549 [INFO] [root] [MainThread]: Successfully processed: NFO\GFDLNFO_TICK_03012025\Options\FINNIFTY30JAN2521400PE.NFO.csv
2025-10-27 20:30:51,549 [INFO] [root] [MainThread]: Started processing: NFO\GFDLNFO_TICK_03012025\Options\FINNIFTY30JAN2521500PE.NFO.csv
2025-10-27 20:30:51,566 [INFO] [root] [MainThread]: Successfully processed: NFO\GFDLNFO_TICK_03012025\Options\FINNIFTY30JAN2521500PE.NFO.csv
2025-10-27 20:30:51,566 [INFO] [root] [MainThread]: Started processing: NFO\GFDLNFO_TICK_03012025\Options\FINNIFTY30JAN2521600PE.NFO.csv
2025-10-27 20:30:51,579 [INFO] [root] [MainThread]: Successfully processed: NFO\GFDLNFO_TICK_03012025\Options\FINNIFTY30JAN2521600PE.NFO.csv
2025-10-27 20:30:51,579 [INFO] [root] [MainThread]: Started processing: NFO\GFDLNFO_TICK_03012025\Options\FINNIFTY30JAN2521700PE.NFO.csv
2025-10-27 20:30:51,594 [INFO] [root] [MainThread]: Successfully processed: NFO\GFDLNFO_TICK_03012025\Options\FINNIFTY30JAN2521700PE.NFO.csv
2025-10-27 20:30:51,594 [INFO] [root] [MainThread]: Started processing: NFO\GFDLNFO_TICK_03012025\Options\FINNIFTY30JAN2521800PE.NFO.csv
2025-10-27 20:30:51,610 [INFO] [root] [MainThread]: Successfully processed: NFO\GFDLNFO_TICK_03012025\Options\FINNIFTY30JAN2521800PE.NFO.csv
2025-10-27 20:30:51,610 [INFO] [root] [MainThread]: Started processing: NFO\GFDLNFO_TICK_03012025\Options\FINNIFTY30JAN2522000PE.NFO.csv
2025-10-27 20:30:51,627 [INFO] [root] [MainThread]: Successfully processed: NFO\GFDLNFO_TICK_03012025\Options\FINNIFTY30JAN2522000PE.NFO.csv
2025-10-27 20:30:51,627 [INFO] [root] [MainThread]: Started processing: NFO\GFDLNFO_TICK_03012025\Options\FINNIFTY30JAN2522100PE.NFO.csv
2025-10-27 20:30:51,638 [INFO] [root] [MainThread]: Successfully processed: NFO\GFDLNFO_TICK_03012025\Options\FINNIFTY30JAN2522100PE.NFO.csv
2025-10-27 20:30:51,638 [INFO] [root] [MainThread]: Started processing: NFO\GFDLNFO_TICK_03012025\Options\FINNIFTY30JAN2522200PE.NFO.csv
2025-10-27 20:30:51,651 [INFO] [root] [MainThread]: Successfully processed: NFO\GFDLNFO_TICK_03012025\Options\FINNIFTY30JAN2522200PE.NFO.csv
2025-10-27 20:30:51,651 [INFO] [root] [MainThread]: Started processing: NFO\GFDLNFO_TICK_03012025\Options\FINNIFTY30JAN2522250PE.NFO.csv
2025-10-27 20:30:51,663 [INFO] [root] [MainThread]: Successfully processed: NFO\GFDLNFO_TICK_03012025\Options\FINNIFTY30JAN2522250PE.NFO.csv
2025-10-27 20:30:51,663 [INFO] [root] [MainThread]: Started processing: NFO\GFDLNFO_TICK_03012025\Options\FINNIFTY30JAN2522300PE.NFO.csv
2025-10-27 20:30:51,682 [INFO] [root] [MainThread]: Successfully processed: NFO\GFDLNFO_TICK_03012025\Options\FINNIFTY30JAN2522300PE.NFO.csv
2025-10-27 20:30:51,682 [INFO] [root] [MainThread]: Started processing: NFO\GFDLNFO_TICK_03012025\Options\FINNIFTY30JAN2522350PE.NFO.csv
2025-10-27 20:30:51,706 [INFO] [root] [MainThread]: Successfully processed: NFO\GFDLNFO_TICK_03012025\Options\FINNIFTY30JAN2522350PE.NFO.csv
2025-10-27 20:30:51,706 [INFO] [root] [MainThread]: Started processing: NFO\GFDLNFO_TICK_03012025\Options\FINNIFTY30JAN2522400PE.NFO.csv
2025-10-27 20:30:51,722 [INFO] [root] [MainThread]: Successfully processed: NFO\GFDLNFO_TICK_03012025\Options\FINNIFTY30JAN2522400PE.NFO.csv
2025-10-27 20:30:51,722 [INFO] [root] [MainThread]: Started processing: NFO\GFDLNFO_TICK_03012025\Options\FINNIFTY30JAN2522450PE.NFO.csv
2025-10-27 20:30:51,747 [INFO] [root] [MainThread]: Successfully processed: NFO\GFDLNFO_TICK_03012025\Options\FINNIFTY30JAN2522450PE.NFO.csv
2025-10-27 20:30:51,747 [INFO] [root] [MainThread]: Started processing: NFO\GFDLNFO_TICK_03012025\Options\FINNIFTY30JAN2522500PE.NFO.csv
2025-10-27 20:30:51,771 [INFO] [root] [MainThread]: Successfully processed: NFO\GFDLNFO_TICK_03012025\Options\FINNIFTY30JAN2522500PE.NFO.csv
2025-10-27 20:30:51,772 [INFO] [root] [MainThread]: Started processing: NFO\GFDLNFO_TICK_03012025\Options\FINNIFTY30JAN2522550PE.NFO.csv
2025-10-27 20:30:51,800 [INFO] [root] [MainThread]: Successfully processed: NFO\GFDLNFO_TICK_03012025\Options\FINNIFTY30JAN2522550PE.NFO.csv
2025-10-27 20:30:51,800 [INFO] [root] [MainThread]: Started processing: NFO\GFDLNFO_TICK_03012025\Options\FINNIFTY30JAN2522600PE.NFO.csv
2025-10-27 20:30:51,821 [INFO] [root] [MainThread]: Successfully processed: NFO\GFDLNFO_TICK_03012025\Options\FINNIFTY30JAN2522600PE.NFO.csv
2025-10-27 20:30:51,821 [INFO] [root] [MainThread]: Started processing: NFO\GFDLNFO_TICK_03012025\Options\FINNIFTY30JAN2522650PE.NFO.csv
2025-10-27 20:30:51,848 [INFO] [root] [MainThread]: Successfully processed: NFO\GFDLNFO_TICK_03012025\Options\FINNIFTY30JAN2522650PE.NFO.csv
2025-10-27 20:30:51,848 [INFO] [root] [MainThread]: Started processing: NFO\GFDLNFO_TICK_03012025\Options\FINNIFTY30JAN2522700PE.NFO.csv
2025-10-27 20:30:51,867 [INFO] [root] [MainThread]: Successfully processed: NFO\GFDLNFO_TICK_03012025\Options\FINNIFTY30JAN2522700PE.NFO.csv
2025-10-27 20:30:51,867 [INFO] [root] [MainThread]: Started processing: NFO\GFDLNFO_TICK_03012025\Options\FINNIFTY30JAN2522750PE.NFO.csv
2025-10-27 20:30:51,894 [INFO] [root] [MainThread]: Successfully processed: NFO\GFDLNFO_TICK_03012025\Options\FINNIFTY30JAN2522750PE.NFO.csv
2025-10-27 20:30:51,895 [INFO] [root] [MainThread]: Started processing: NFO\GFDLNFO_TICK_03012025\Options\FINNIFTY30JAN2522800PE.NFO.csv
2025-10-27 20:30:51,919 [INFO] [root] [MainThread]: Successfully processed: NFO\GFDLNFO_TICK_03012025\Options\FINNIFTY30JAN2522800PE.NFO.csv
2025-10-27 20:30:51,919 [INFO] [root] [MainThread]: Started processing: NFO\GFDLNFO_TICK_03012025\Options\FINNIFTY30JAN2522850PE.NFO.csv
2025-10-27 20:30:51,950 [INFO] [root] [MainThread]: Successfully processed: NFO\GFDLNFO_TICK_03012025\Options\FINNIFTY30JAN2522850PE.NFO.csv
2025-10-27 20:30:51,950 [INFO] [root] [MainThread]: Started processing: NFO\GFDLNFO_TICK_03012025\Options\FINNIFTY30JAN2522900PE.NFO.csv
2025-10-27 20:30:51,963 [INFO] [root] [MainThread]: Successfully processed: NFO\GFDLNFO_TICK_03012025\Options\FINNIFTY30JAN2522900PE.NFO.csv
2025-10-27 20:30:51,963 [INFO] [root] [MainThread]: Started processing: NFO\GFDLNFO_TICK_03012025\Options\FINNIFTY30JAN2522950PE.NFO.csv
2025-10-27 20:30:51,990 [INFO] [root] [MainThread]: Successfully processed: NFO\GFDLNFO_TICK_03012025\Options\FINNIFTY30JAN2522950PE.NFO.csv
2025-10-27 20:30:51,991 [INFO] [root] [MainThread]: Started processing: NFO\GFDLNFO_TICK_03012025\Options\FINNIFTY30JAN2523000PE.NFO.csv
2025-10-27 20:30:52,025 [INFO] [root] [MainThread]: Successfully processed: NFO\GFDLNFO_TICK_03012025\Options\FINNIFTY30JAN2523000PE.NFO.csv
2025-10-27 20:30:52,025 [INFO] [root] [MainThread]: Started processing: NFO\GFDLNFO_TICK_03012025\Options\FINNIFTY30JAN2523050PE.NFO.csv
2025-10-27 20:30:52,051 [INFO] [root] [MainThread]: Successfully processed: NFO\GFDLNFO_TICK_03012025\Options\FINNIFTY30JAN2523050PE.NFO.csv
2025-10-27 20:30:52,051 [INFO] [root] [MainThread]: Started processing: NFO\GFDLNFO_TICK_03012025\Options\FINNIFTY30JAN2523100PE.NFO.csv
2025-10-27 20:30:52,068 [INFO] [root] [MainThread]: Successfully processed: NFO\GFDLNFO_TICK_03012025\Options\FINNIFTY30JAN2523100PE.NFO.csv
2025-10-27 20:30:52,068 [INFO] [root] [MainThread]: Started processing: NFO\GFDLNFO_TICK_03012025\Options\FINNIFTY30JAN2523150PE.NFO.csv
2025-10-27 20:30:52,094 [INFO] [root] [MainThread]: Successfully processed: NFO\GFDLNFO_TICK_03012025\Options\FINNIFTY30JAN2523150PE.NFO.csv
2025-10-27 20:30:52,094 [INFO] [root] [MainThread]: Started processing: NFO\GFDLNFO_TICK_03012025\Options\FINNIFTY30JAN2523200PE.NFO.csv
2025-10-27 20:30:52,113 [INFO] [root] [MainThread]: Successfully processed: NFO\GFDLNFO_TICK_03012025\Options\FINNIFTY30JAN2523200PE.NFO.csv
2025-10-27 20:30:52,113 [INFO] [root] [MainThread]: Started processing: NFO\GFDLNFO_TICK_03012025\Options\FINNIFTY30JAN2523250PE.NFO.csv
2025-10-27 20:30:52,147 [INFO] [root] [MainThread]: Successfully processed: NFO\GFDLNFO_TICK_03012025\Options\FINNIFTY30JAN2523250PE.NFO.csv
2025-10-27 20:30:52,147 [INFO] [root] [MainThread]: Started processing: NFO\GFDLNFO_TICK_03012025\Options\FINNIFTY30JAN2523300PE.NFO.csv
2025-10-27 20:30:52,174 [INFO] [root] [MainThread]: Successfully processed: NFO\GFDLNFO_TICK_03012025\Options\FINNIFTY30JAN2523300PE.NFO.csv
2025-10-27 20:30:52,174 [INFO] [root] [MainThread]: Started processing: NFO\GFDLNFO_TICK_03012025\Options\FINNIFTY30JAN2523350PE.NFO.csv
2025-10-27 20:30:52,218 [INFO] [root] [MainThread]: Successfully processed: NFO\GFDLNFO_TICK_03012025\Options\FINNIFTY30JAN2523350PE.NFO.csv
2025-10-27 20:30:52,219 [INFO] [root] [MainThread]: Started processing: NFO\GFDLNFO_TICK_03012025\Options\FINNIFTY30JAN2523400PE.NFO.csv
2025-10-27 20:30:52,253 [INFO] [root] [MainThread]: Successfully processed: NFO\GFDLNFO_TICK_03012025\Options\FINNIFTY30JAN2523400PE.NFO.csv
2025-10-27 20:30:52,253 [INFO] [root] [MainThread]: Started processing: NFO\GFDLNFO_TICK_03012025\Options\FINNIFTY30JAN2523450PE.NFO.csv
2025-10-27 20:30:52,295 [INFO] [root] [MainThread]: Successfully processed: NFO\GFDLNFO_TICK_03012025\Options\FINNIFTY30JAN2523450PE.NFO.csv
2025-10-27 20:30:52,295 [INFO] [root] [MainThread]: Started processing: NFO\GFDLNFO_TICK_03012025\Options\FINNIFTY30JAN2523500PE.NFO.csv
2025-10-27 20:30:52,347 [INFO] [root] [MainThread]: Successfully processed: NFO\GFDLNFO_TICK_03012025\Options\FINNIFTY30JAN2523500PE.NFO.csv
2025-10-27 20:30:52,347 [INFO] [root] [MainThread]: Started processing: NFO\GFDLNFO_TICK_03012025\Options\FINNIFTY30JAN2523550PE.NFO.csv
2025-10-27 20:30:52,387 [INFO] [root] [MainThread]: Successfully processed: NFO\GFDLNFO_TICK_03012025\Options\FINNIFTY30JAN2523550PE.NFO.csv
2025-10-27 20:30:52,387 [INFO] [root] [MainThread]: Started processing: NFO\GFDLNFO_TICK_03012025\Options\FINNIFTY30JAN2523600PE.NFO.csv
2025-10-27 20:30:52,430 [INFO] [root] [MainThread]: Successfully processed: NFO\GFDLNFO_TICK_03012025\Options\FINNIFTY30JAN2523600PE.NFO.csv
2025-10-27 20:30:52,430 [INFO] [root] [MainThread]: Started processing: NFO\GFDLNFO_TICK_03012025\Options\FINNIFTY30JAN2523650PE.NFO.csv
2025-10-27 20:30:52,475 [INFO] [root] [MainThread]: Successfully processed: NFO\GFDLNFO_TICK_03012025\Options\FINNIFTY30JAN2523650PE.NFO.csv
2025-10-27 20:30:52,475 [INFO] [root] [MainThread]: Started processing: NFO\GFDLNFO_TICK_03012025\Options\FINNIFTY30JAN2523700PE.NFO.csv
2025-10-27 20:30:52,526 [INFO] [root] [MainThread]: Successfully processed: NFO\GFDLNFO_TICK_03012025\Options\FINNIFTY30JAN2523700PE.NFO.csv
2025-10-27 20:30:52,526 [INFO] [root] [MainThread]: Started processing: NFO\GFDLNFO_TICK_03012025\Options\FINNIFTY30JAN2523750PE.NFO.csv
2025-10-27 20:30:52,576 [INFO] [root] [MainThread]: Successfully processed: NFO\GFDLNFO_TICK_03012025\Options\FINNIFTY30JAN2523750PE.NFO.csv
2025-10-27 20:30:52,576 [INFO] [root] [MainThread]: Started processing: NFO\GFDLNFO_TICK_03012025\Options\FINNIFTY30JAN2523800PE.NFO.csv
2025-10-27 20:30:52,633 [INFO] [root] [MainThread]: Successfully processed: NFO\GFDLNFO_TICK_03012025\Options\FINNIFTY30JAN2523800PE.NFO.csv
2025-10-27 20:30:52,633 [INFO] [root] [MainThread]: Started processing: NFO\GFDLNFO_TICK_03012025\Options\FINNIFTY30JAN2523850PE.NFO.csv
2025-10-27 20:30:52,692 [INFO] [root] [MainThread]: Successfully processed: NFO\GFDLNFO_TICK_03012025\Options\FINNIFTY30JAN2523850PE.NFO.csv
2025-10-27 20:30:52,692 [INFO] [root] [MainThread]: Started processing: NFO\GFDLNFO_TICK_03012025\Options\FINNIFTY30JAN2523900PE.NFO.csv
2025-10-27 20:30:52,743 [INFO] [root] [MainThread]: Successfully processed: NFO\GFDLNFO_TICK_03012025\Options\FINNIFTY30JAN2523900PE.NFO.csv
2025-10-27 20:30:52,743 [INFO] [root] [MainThread]: Started processing: NFO\GFDLNFO_TICK_03012025\Options\FINNIFTY30JAN2523950PE.NFO.csv
2025-10-27 20:30:52,786 [INFO] [root] [MainThread]: Successfully processed: NFO\GFDLNFO_TICK_03012025\Options\FINNIFTY30JAN2523950PE.NFO.csv
2025-10-27 20:30:52,786 [INFO] [root] [MainThread]: Started processing: NFO\GFDLNFO_TICK_03012025\Options\FINNIFTY30JAN2524000PE.NFO.csv
2025-10-27 20:30:52,837 [INFO] [root] [MainThread]: Successfully processed: NFO\GFDLNFO_TICK_03012025\Options\FINNIFTY30JAN2524000PE.NFO.csv
2025-10-27 20:30:52,838 [INFO] [root] [MainThread]: Started processing: NFO\GFDLNFO_TICK_03012025\Options\FINNIFTY30JAN2524050PE.NFO.csv
2025-10-27 20:30:52,888 [INFO] [root] [MainThread]: Successfully processed: NFO\GFDLNFO_TICK_03012025\Options\FINNIFTY30JAN2524050PE.NFO.csv
2025-10-27 20:30:52,888 [INFO] [root] [MainThread]: Started processing: NFO\GFDLNFO_TICK_03012025\Options\FINNIFTY30JAN2524100PE.NFO.csv
2025-10-27 20:30:52,945 [INFO] [root] [MainThread]: Successfully processed: NFO\GFDLNFO_TICK_03012025\Options\FINNIFTY30JAN2524100PE.NFO.csv
2025-10-27 20:30:52,945 [INFO] [root] [MainThread]: Started processing: NFO\GFDLNFO_TICK_03012025\Options\FINNIFTY30JAN2524150PE.NFO.csv
2025-10-27 20:30:52,996 [INFO] [root] [MainThread]: Successfully processed: NFO\GFDLNFO_TICK_03012025\Options\FINNIFTY30JAN2524150PE.NFO.csv
2025-10-27 20:30:52,996 [INFO] [root] [MainThread]: Started processing: NFO\GFDLNFO_TICK_03012025\Options\FINNIFTY30JAN2524200PE.NFO.csv
2025-10-27 20:30:53,056 [INFO] [root] [MainThread]: Successfully processed: NFO\GFDLNFO_TICK_03012025\Options\FINNIFTY30JAN2524200PE.NFO.csv
2025-10-27 20:30:53,057 [INFO] [root] [MainThread]: Started processing: NFO\GFDLNFO_TICK_03012025\Options\FINNIFTY30JAN2524250PE.NFO.csv
2025-10-27 20:30:53,123 [INFO] [root] [MainThread]: Successfully processed: NFO\GFDLNFO_TICK_03012025\Options\FINNIFTY30JAN2524250PE.NFO.csv
2025-10-27 20:30:53,123 [INFO] [root] [MainThread]: Started processing: NFO\GFDLNFO_TICK_03012025\Options\FINNIFTY30JAN2524300PE.NFO.csv
2025-10-27 20:30:53,165 [INFO] [root] [MainThread]: Successfully processed: NFO\GFDLNFO_TICK_03012025\Options\FINNIFTY30JAN2524300PE.NFO.csv
2025-10-27 20:30:53,165 [INFO] [root] [MainThread]: Started processing: NFO\GFDLNFO_TICK_03012025\Options\FINNIFTY30JAN2524350PE.NFO.csv
2025-10-27 20:30:53,216 [INFO] [root] [MainThread]: Successfully processed: NFO\GFDLNFO_TICK_03012025\Options\FINNIFTY30JAN2524350PE.NFO.csv
2025-10-27 20:30:53,216 [INFO] [root] [MainThread]: Started processing: NFO\GFDLNFO_TICK_03012025\Options\FINNIFTY30JAN2524400PE.NFO.csv
2025-10-27 20:30:53,248 [INFO] [root] [MainThread]: Successfully processed: NFO\GFDLNFO_TICK_03012025\Options\FINNIFTY30JAN2524400PE.NFO.csv
2025-10-27 20:30:53,248 [INFO] [root] [MainThread]: Started processing: NFO\GFDLNFO_TICK_03012025\Options\FINNIFTY30JAN2524450PE.NFO.csv
2025-10-27 20:30:53,299 [INFO] [root] [MainThread]: Successfully processed: NFO\GFDLNFO_TICK_03012025\Options\FINNIFTY30JAN2524450PE.NFO.csv
2025-10-27 20:30:53,299 [INFO] [root] [MainThread]: Started processing: NFO\GFDLNFO_TICK_03012025\Options\FINNIFTY30JAN2524500PE.NFO.csv
2025-10-27 20:30:53,334 [INFO] [root] [MainThread]: Successfully processed: NFO\GFDLNFO_TICK_03012025\Options\FINNIFTY30JAN2524500PE.NFO.csv
2025-10-27 20:30:53,334 [INFO] [root] [MainThread]: Started processing: NFO\GFDLNFO_TICK_03012025\Options\FINNIFTY30JAN2524550PE.NFO.csv
2025-10-27 20:30:53,387 [INFO] [root] [MainThread]: Successfully processed: NFO\GFDLNFO_TICK_03012025\Options\FINNIFTY30JAN2524550PE.NFO.csv
2025-10-27 20:30:53,387 [INFO] [root] [MainThread]: Started processing: NFO\GFDLNFO_TICK_03012025\Options\FINNIFTY30JAN2524600PE.NFO.csv
2025-10-27 20:30:53,414 [INFO] [root] [MainThread]: Successfully processed: NFO\GFDLNFO_TICK_03012025\Options\FINNIFTY30JAN2524600PE.NFO.csv
2025-10-27 20:30:53,415 [INFO] [root] [MainThread]: Started processing: NFO\GFDLNFO_TICK_03012025\Options\FINNIFTY30JAN2524650PE.NFO.csv
2025-10-27 20:30:53,474 [INFO] [root] [MainThread]: Successfully processed: NFO\GFDLNFO_TICK_03012025\Options\FINNIFTY30JAN2524650PE.NFO.csv
2025-10-27 20:30:53,474 [INFO] [root] [MainThread]: Started processing: NFO\GFDLNFO_TICK_03012025\Options\FINNIFTY30JAN2524700PE.NFO.csv
2025-10-27 20:30:53,500 [INFO] [root] [MainThread]: Successfully processed: NFO\GFDLNFO_TICK_03012025\Options\FINNIFTY30JAN2524700PE.NFO.csv
2025-10-27 20:30:53,500 [INFO] [root] [MainThread]: Started processing: NFO\GFDLNFO_TICK_03012025\Options\FINNIFTY30JAN2524750PE.NFO.csv
2025-10-27 20:30:53,537 [INFO] [root] [MainThread]: Successfully processed: NFO\GFDLNFO_TICK_03012025\Options\FINNIFTY30JAN2524750PE.NFO.csv
2025-10-27 20:30:53,537 [INFO] [root] [MainThread]: Started processing: NFO\GFDLNFO_TICK_03012025\Options\FINNIFTY30JAN2524800PE.NFO.csv
2025-10-27 20:30:53,562 [INFO] [root] [MainThread]: Successfully processed: NFO\GFDLNFO_TICK_03012025\Options\FINNIFTY30JAN2524800PE.NFO.csv
2025-10-27 20:30:53,563 [INFO] [root] [MainThread]: Started processing: NFO\GFDLNFO_TICK_03012025\Options\FINNIFTY30JAN2524850PE.NFO.csv
2025-10-27 20:30:53,585 [INFO] [root] [MainThread]: Successfully processed: NFO\GFDLNFO_TICK_03012025\Options\FINNIFTY30JAN2524850PE.NFO.csv
2025-10-27 20:30:53,586 [INFO] [root] [MainThread]: Started processing: NFO\GFDLNFO_TICK_03012025\Options\FINNIFTY30JAN2524900PE.NFO.csv
2025-10-27 20:30:53,602 [INFO] [root] [MainThread]: Successfully processed: NFO\GFDLNFO_TICK_03012025\Options\FINNIFTY30JAN2524900PE.NFO.csv
2025-10-27 20:30:53,602 [INFO] [root] [MainThread]: Started processing: NFO\GFDLNFO_TICK_03012025\Options\FINNIFTY30JAN2524950PE.NFO.csv
2025-10-27 20:30:53,617 [INFO] [root] [MainThread]: Successfully processed: NFO\GFDLNFO_TICK_03012025\Options\FINNIFTY30JAN2524950PE.NFO.csv
2025-10-27 20:30:53,617 [INFO] [root] [MainThread]: Started processing: NFO\GFDLNFO_TICK_03012025\Options\FINNIFTY30JAN2525000PE.NFO.csv
2025-10-27 20:30:53,632 [INFO] [root] [MainThread]: Successfully processed: NFO\GFDLNFO_TICK_03012025\Options\FINNIFTY30JAN2525000PE.NFO.csv
2025-10-27 20:30:53,632 [INFO] [root] [MainThread]: Combining 70 dataframes...
2025-10-27 20:30:53,649 [INFO] [root] [MainThread]: Writing to ProcessedParquet\finnifty_put_03012025.parquet (43480 rows)...
2025-10-27 20:30:53,747 [INFO] [root] [MainThread]: Successfully saved 70 option files to ProcessedParquet\finnifty_put_03012025.parquet
2025-10-27 20:30:53,747 [INFO] [root] [MainThread]: Utility stopped.
