2025-10-27 11:10:38,663 [INFO] [root] [MainThread]: Utility started.
2025-10-27 11:10:38,664 [INFO] [root] [MainThread]: Processing SENSEX from BFO exchange
2025-10-27 11:10:38,665 [INFO] [root] [MainThread]: Found date 03012025 from folder name: BFO_TICK_03012025 for exchange BFO
2025-10-27 11:10:38,666 [INFO] [root] [MainThread]: Got following folder info {'03012025': {'BFO_TICK_03012025'}} for processing {'index': 'SENSEX', 'instrument_type': 'put'}.
2025-10-27 11:10:38,698 [INFO] [root] [MainThread]: Started processing folder: BFO_TICK_03012025 for {'index': 'SENSEX', 'instrument_type': 'put'}
2025-10-27 11:10:38,707 [INFO] [root] [MainThread]: Found 171 put option files to process for SENSEX.
2025-10-27 11:10:38,709 [INFO] [root] [MainThread]: Started processing: BFO_TICK_03012025\SENSEX03JAN2573200PE.BFO.csv
2025-10-27 11:10:39,026 [INFO] [root] [MainThread]: Successfully processed: BFO_TICK_03012025\SENSEX03JAN2573200PE.BFO.csv
2025-10-27 11:10:39,027 [INFO] [root] [MainThread]: Started processing: BFO_TICK_03012025\SENSEX03JAN2573300PE.BFO.csv
2025-10-27 11:10:39,170 [INFO] [root] [MainThread]: Successfully processed: BFO_TICK_03012025\SENSEX03JAN2573300PE.BFO.csv
2025-10-27 11:10:39,170 [INFO] [root] [MainThread]: Started processing: BFO_TICK_03012025\SENSEX03JAN2573400PE.BFO.csv
2025-10-27 11:10:39,301 [INFO] [root] [MainThread]: Successfully processed: BFO_TICK_03012025\SENSEX03JAN2573400PE.BFO.csv
2025-10-27 11:10:39,302 [INFO] [root] [MainThread]: Started processing: BFO_TICK_03012025\SENSEX03JAN2573500PE.BFO.csv
2025-10-27 11:10:39,489 [INFO] [root] [MainThread]: Successfully processed: BFO_TICK_03012025\SENSEX03JAN2573500PE.BFO.csv
2025-10-27 11:10:39,490 [INFO] [root] [MainThread]: Started processing: BFO_TICK_03012025\SENSEX03JAN2573600PE.BFO.csv
2025-10-27 11:10:39,610 [INFO] [root] [MainThread]: Successfully processed: BFO_TICK_03012025\SENSEX03JAN2573600PE.BFO.csv
2025-10-27 11:10:39,610 [INFO] [root] [MainThread]: Started processing: BFO_TICK_03012025\SENSEX03JAN2573700PE.BFO.csv
2025-10-27 11:10:39,755 [INFO] [root] [MainThread]: Successfully processed: BFO_TICK_03012025\SENSEX03JAN2573700PE.BFO.csv
2025-10-27 11:10:39,755 [INFO] [root] [MainThread]: Started processing: BFO_TICK_03012025\SENSEX03JAN2573800PE.BFO.csv
2025-10-27 11:10:39,920 [INFO] [root] [MainThread]: Successfully processed: BFO_TICK_03012025\SENSEX03JAN2573800PE.BFO.csv
2025-10-27 11:10:39,926 [INFO] [root] [MainThread]: Started processing: BFO_TICK_03012025\SENSEX03JAN2573900PE.BFO.csv
2025-10-27 11:10:40,030 [INFO] [root] [MainThread]: Successfully processed: BFO_TICK_03012025\SENSEX03JAN2573900PE.BFO.csv
2025-10-27 11:10:40,031 [INFO] [root] [MainThread]: Started processing: BFO_TICK_03012025\SENSEX03JAN2574000PE.BFO.csv
2025-10-27 11:10:40,209 [INFO] [root] [MainThread]: Successfully processed: BFO_TICK_03012025\SENSEX03JAN2574000PE.BFO.csv
2025-10-27 11:10:40,209 [INFO] [root] [MainThread]: Started processing: BFO_TICK_03012025\SENSEX03JAN2574100PE.BFO.csv
2025-10-27 11:10:40,297 [INFO] [root] [MainThread]: Successfully processed: BFO_TICK_03012025\SENSEX03JAN2574100PE.BFO.csv
2025-10-27 11:10:40,298 [INFO] [root] [MainThread]: Started processing: BFO_TICK_03012025\SENSEX03JAN2574200PE.BFO.csv
2025-10-27 11:10:40,381 [INFO] [root] [MainThread]: Successfully processed: BFO_TICK_03012025\SENSEX03JAN2574200PE.BFO.csv
2025-10-27 11:10:40,381 [INFO] [root] [MainThread]: Started processing: BFO_TICK_03012025\SENSEX03JAN2574300PE.BFO.csv
2025-10-27 11:10:40,461 [INFO] [root] [MainThread]: Successfully processed: BFO_TICK_03012025\SENSEX03JAN2574300PE.BFO.csv
2025-10-27 11:10:40,461 [INFO] [root] [MainThread]: Started processing: BFO_TICK_03012025\SENSEX03JAN2574400PE.BFO.csv
2025-10-27 11:10:40,541 [INFO] [root] [MainThread]: Successfully processed: BFO_TICK_03012025\SENSEX03JAN2574400PE.BFO.csv
2025-10-27 11:10:40,541 [INFO] [root] [MainThread]: Started processing: BFO_TICK_03012025\SENSEX03JAN2574500PE.BFO.csv
2025-10-27 11:10:40,652 [INFO] [root] [MainThread]: Successfully processed: BFO_TICK_03012025\SENSEX03JAN2574500PE.BFO.csv
2025-10-27 11:10:40,653 [INFO] [root] [MainThread]: Started processing: BFO_TICK_03012025\SENSEX03JAN2574600PE.BFO.csv
2025-10-27 11:10:40,753 [INFO] [root] [MainThread]: Successfully processed: BFO_TICK_03012025\SENSEX03JAN2574600PE.BFO.csv
2025-10-27 11:10:40,754 [INFO] [root] [MainThread]: Started processing: BFO_TICK_03012025\SENSEX03JAN2574700PE.BFO.csv
2025-10-27 11:10:40,839 [INFO] [root] [MainThread]: Successfully processed: BFO_TICK_03012025\SENSEX03JAN2574700PE.BFO.csv
2025-10-27 11:10:40,840 [INFO] [root] [MainThread]: Started processing: BFO_TICK_03012025\SENSEX03JAN2574800PE.BFO.csv
2025-10-27 11:10:40,929 [INFO] [root] [MainThread]: Successfully processed: BFO_TICK_03012025\SENSEX03JAN2574800PE.BFO.csv
2025-10-27 11:10:40,929 [INFO] [root] [MainThread]: Started processing: BFO_TICK_03012025\SENSEX03JAN2574900PE.BFO.csv
2025-10-27 11:10:41,008 [INFO] [root] [MainThread]: Successfully processed: BFO_TICK_03012025\SENSEX03JAN2574900PE.BFO.csv
2025-10-27 11:10:41,009 [INFO] [root] [MainThread]: Started processing: BFO_TICK_03012025\SENSEX03JAN2575000PE.BFO.csv
2025-10-27 11:10:41,159 [INFO] [root] [MainThread]: Successfully processed: BFO_TICK_03012025\SENSEX03JAN2575000PE.BFO.csv
2025-10-27 11:10:41,160 [INFO] [root] [MainThread]: Started processing: BFO_TICK_03012025\SENSEX03JAN2575100PE.BFO.csv
2025-10-27 11:10:41,259 [INFO] [root] [MainThread]: Successfully processed: BFO_TICK_03012025\SENSEX03JAN2575100PE.BFO.csv
2025-10-27 11:10:41,259 [INFO] [root] [MainThread]: Started processing: BFO_TICK_03012025\SENSEX03JAN2575200PE.BFO.csv
2025-10-27 11:10:41,388 [INFO] [root] [MainThread]: Successfully processed: BFO_TICK_03012025\SENSEX03JAN2575200PE.BFO.csv
2025-10-27 11:10:41,400 [INFO] [root] [MainThread]: Started processing: BFO_TICK_03012025\SENSEX03JAN2575300PE.BFO.csv
2025-10-27 11:10:41,556 [INFO] [root] [MainThread]: Successfully processed: BFO_TICK_03012025\SENSEX03JAN2575300PE.BFO.csv
2025-10-27 11:10:41,557 [INFO] [root] [MainThread]: Started processing: BFO_TICK_03012025\SENSEX03JAN2575400PE.BFO.csv
2025-10-27 11:10:41,721 [INFO] [root] [MainThread]: Successfully processed: BFO_TICK_03012025\SENSEX03JAN2575400PE.BFO.csv
2025-10-27 11:10:41,721 [INFO] [root] [MainThread]: Started processing: BFO_TICK_03012025\SENSEX03JAN2575500PE.BFO.csv
2025-10-27 11:10:41,979 [INFO] [root] [MainThread]: Successfully processed: BFO_TICK_03012025\SENSEX03JAN2575500PE.BFO.csv
2025-10-27 11:10:41,979 [INFO] [root] [MainThread]: Started processing: BFO_TICK_03012025\SENSEX03JAN2575600PE.BFO.csv
2025-10-27 11:10:42,161 [INFO] [root] [MainThread]: Successfully processed: BFO_TICK_03012025\SENSEX03JAN2575600PE.BFO.csv
2025-10-27 11:10:42,161 [INFO] [root] [MainThread]: Started processing: BFO_TICK_03012025\SENSEX03JAN2575700PE.BFO.csv
2025-10-27 11:10:42,345 [INFO] [root] [MainThread]: Successfully processed: BFO_TICK_03012025\SENSEX03JAN2575700PE.BFO.csv
2025-10-27 11:10:42,347 [INFO] [root] [MainThread]: Started processing: BFO_TICK_03012025\SENSEX03JAN2575800PE.BFO.csv
2025-10-27 11:10:42,852 [INFO] [root] [MainThread]: Successfully processed: BFO_TICK_03012025\SENSEX03JAN2575800PE.BFO.csv
2025-10-27 11:10:42,853 [INFO] [root] [MainThread]: Started processing: BFO_TICK_03012025\SENSEX03JAN2575900PE.BFO.csv
2025-10-27 11:10:43,184 [INFO] [root] [MainThread]: Successfully processed: BFO_TICK_03012025\SENSEX03JAN2575900PE.BFO.csv
2025-10-27 11:10:43,185 [INFO] [root] [MainThread]: Started processing: BFO_TICK_03012025\SENSEX03JAN2576000PE.BFO.csv
2025-10-27 11:10:43,501 [INFO] [root] [MainThread]: Successfully processed: BFO_TICK_03012025\SENSEX03JAN2576000PE.BFO.csv
2025-10-27 11:10:43,502 [INFO] [root] [MainThread]: Started processing: BFO_TICK_03012025\SENSEX03JAN2576100PE.BFO.csv
2025-10-27 11:10:43,700 [INFO] [root] [MainThread]: Successfully processed: BFO_TICK_03012025\SENSEX03JAN2576100PE.BFO.csv
2025-10-27 11:10:43,704 [INFO] [root] [MainThread]: Started processing: BFO_TICK_03012025\SENSEX03JAN2576200PE.BFO.csv
2025-10-27 11:10:43,882 [INFO] [root] [MainThread]: Successfully processed: BFO_TICK_03012025\SENSEX03JAN2576200PE.BFO.csv
2025-10-27 11:10:43,882 [INFO] [root] [MainThread]: Started processing: BFO_TICK_03012025\SENSEX03JAN2576300PE.BFO.csv
2025-10-27 11:10:44,042 [INFO] [root] [MainThread]: Successfully processed: BFO_TICK_03012025\SENSEX03JAN2576300PE.BFO.csv
2025-10-27 11:10:44,042 [INFO] [root] [MainThread]: Started processing: BFO_TICK_03012025\SENSEX03JAN2576400PE.BFO.csv
2025-10-27 11:10:44,203 [INFO] [root] [MainThread]: Successfully processed: BFO_TICK_03012025\SENSEX03JAN2576400PE.BFO.csv
2025-10-27 11:10:44,205 [INFO] [root] [MainThread]: Started processing: BFO_TICK_03012025\SENSEX03JAN2576500PE.BFO.csv
2025-10-27 11:10:44,444 [INFO] [root] [MainThread]: Successfully processed: BFO_TICK_03012025\SENSEX03JAN2576500PE.BFO.csv
2025-10-27 11:10:44,445 [INFO] [root] [MainThread]: Started processing: BFO_TICK_03012025\SENSEX03JAN2576600PE.BFO.csv
2025-10-27 11:10:44,650 [INFO] [root] [MainThread]: Successfully processed: BFO_TICK_03012025\SENSEX03JAN2576600PE.BFO.csv
2025-10-27 11:10:44,650 [INFO] [root] [MainThread]: Started processing: BFO_TICK_03012025\SENSEX03JAN2576700PE.BFO.csv
2025-10-27 11:10:44,891 [INFO] [root] [MainThread]: Successfully processed: BFO_TICK_03012025\SENSEX03JAN2576700PE.BFO.csv
2025-10-27 11:10:44,892 [INFO] [root] [MainThread]: Started processing: BFO_TICK_03012025\SENSEX03JAN2576800PE.BFO.csv
2025-10-27 11:10:45,145 [INFO] [root] [MainThread]: Successfully processed: BFO_TICK_03012025\SENSEX03JAN2576800PE.BFO.csv
2025-10-27 11:10:45,146 [INFO] [root] [MainThread]: Started processing: BFO_TICK_03012025\SENSEX03JAN2576900PE.BFO.csv
2025-10-27 11:10:45,460 [INFO] [root] [MainThread]: Successfully processed: BFO_TICK_03012025\SENSEX03JAN2576900PE.BFO.csv
2025-10-27 11:10:45,461 [INFO] [root] [MainThread]: Started processing: BFO_TICK_03012025\SENSEX03JAN2577000PE.BFO.csv
2025-10-27 11:10:46,359 [INFO] [root] [MainThread]: Successfully processed: BFO_TICK_03012025\SENSEX03JAN2577000PE.BFO.csv
2025-10-27 11:10:46,360 [INFO] [root] [MainThread]: Started processing: BFO_TICK_03012025\SENSEX03JAN2577100PE.BFO.csv
2025-10-27 11:10:46,823 [INFO] [root] [MainThread]: Successfully processed: BFO_TICK_03012025\SENSEX03JAN2577100PE.BFO.csv
2025-10-27 11:10:46,823 [INFO] [root] [MainThread]: Started processing: BFO_TICK_03012025\SENSEX03JAN2577200PE.BFO.csv
2025-10-27 11:10:47,403 [INFO] [root] [MainThread]: Successfully processed: BFO_TICK_03012025\SENSEX03JAN2577200PE.BFO.csv
2025-10-27 11:10:47,403 [INFO] [root] [MainThread]: Started processing: BFO_TICK_03012025\SENSEX03JAN2577300PE.BFO.csv
2025-10-27 11:10:47,812 [INFO] [root] [MainThread]: Successfully processed: BFO_TICK_03012025\SENSEX03JAN2577300PE.BFO.csv
2025-10-27 11:10:47,812 [INFO] [root] [MainThread]: Started processing: BFO_TICK_03012025\SENSEX03JAN2577400PE.BFO.csv
2025-10-27 11:10:48,218 [INFO] [root] [MainThread]: Successfully processed: BFO_TICK_03012025\SENSEX03JAN2577400PE.BFO.csv
2025-10-27 11:10:48,218 [INFO] [root] [MainThread]: Started processing: BFO_TICK_03012025\SENSEX03JAN2577500PE.BFO.csv
2025-10-27 11:10:48,665 [INFO] [root] [MainThread]: Successfully processed: BFO_TICK_03012025\SENSEX03JAN2577500PE.BFO.csv
2025-10-27 11:10:48,666 [INFO] [root] [MainThread]: Started processing: BFO_TICK_03012025\SENSEX03JAN2577600PE.BFO.csv
2025-10-27 11:10:49,041 [INFO] [root] [MainThread]: Successfully processed: BFO_TICK_03012025\SENSEX03JAN2577600PE.BFO.csv
2025-10-27 11:10:49,041 [INFO] [root] [MainThread]: Started processing: BFO_TICK_03012025\SENSEX03JAN2577700PE.BFO.csv
2025-10-27 11:10:49,574 [INFO] [root] [MainThread]: Successfully processed: BFO_TICK_03012025\SENSEX03JAN2577700PE.BFO.csv
2025-10-27 11:10:49,575 [INFO] [root] [MainThread]: Started processing: BFO_TICK_03012025\SENSEX03JAN2577800PE.BFO.csv
2025-10-27 11:10:50,324 [INFO] [root] [MainThread]: Successfully processed: BFO_TICK_03012025\SENSEX03JAN2577800PE.BFO.csv
2025-10-27 11:10:50,325 [INFO] [root] [MainThread]: Started processing: BFO_TICK_03012025\SENSEX03JAN2577900PE.BFO.csv
2025-10-27 11:10:51,308 [INFO] [root] [MainThread]: Successfully processed: BFO_TICK_03012025\SENSEX03JAN2577900PE.BFO.csv
2025-10-27 11:10:51,309 [INFO] [root] [MainThread]: Started processing: BFO_TICK_03012025\SENSEX03JAN2578000PE.BFO.csv
2025-10-27 11:10:52,148 [INFO] [root] [MainThread]: Successfully processed: BFO_TICK_03012025\SENSEX03JAN2578000PE.BFO.csv
2025-10-27 11:10:52,149 [INFO] [root] [MainThread]: Started processing: BFO_TICK_03012025\SENSEX03JAN2578100PE.BFO.csv
2025-10-27 11:10:52,647 [INFO] [root] [MainThread]: Successfully processed: BFO_TICK_03012025\SENSEX03JAN2578100PE.BFO.csv
2025-10-27 11:10:52,647 [INFO] [root] [MainThread]: Started processing: BFO_TICK_03012025\SENSEX03JAN2578200PE.BFO.csv
2025-10-27 11:10:53,255 [INFO] [root] [MainThread]: Successfully processed: BFO_TICK_03012025\SENSEX03JAN2578200PE.BFO.csv
2025-10-27 11:10:53,255 [INFO] [root] [MainThread]: Started processing: BFO_TICK_03012025\SENSEX03JAN2578300PE.BFO.csv
2025-10-27 11:10:54,132 [INFO] [root] [MainThread]: Successfully processed: BFO_TICK_03012025\SENSEX03JAN2578300PE.BFO.csv
2025-10-27 11:10:54,133 [INFO] [root] [MainThread]: Started processing: BFO_TICK_03012025\SENSEX03JAN2578400PE.BFO.csv
2025-10-27 11:10:55,063 [INFO] [root] [MainThread]: Successfully processed: BFO_TICK_03012025\SENSEX03JAN2578400PE.BFO.csv
2025-10-27 11:10:55,064 [INFO] [root] [MainThread]: Started processing: BFO_TICK_03012025\SENSEX03JAN2578500PE.BFO.csv
2025-10-27 11:10:55,954 [INFO] [root] [MainThread]: Successfully processed: BFO_TICK_03012025\SENSEX03JAN2578500PE.BFO.csv
2025-10-27 11:10:55,955 [INFO] [root] [MainThread]: Started processing: BFO_TICK_03012025\SENSEX03JAN2578600PE.BFO.csv
2025-10-27 11:10:56,545 [INFO] [root] [MainThread]: Successfully processed: BFO_TICK_03012025\SENSEX03JAN2578600PE.BFO.csv
2025-10-27 11:10:56,545 [INFO] [root] [MainThread]: Started processing: BFO_TICK_03012025\SENSEX03JAN2578700PE.BFO.csv
2025-10-27 11:10:57,166 [INFO] [root] [MainThread]: Successfully processed: BFO_TICK_03012025\SENSEX03JAN2578700PE.BFO.csv
2025-10-27 11:10:57,167 [INFO] [root] [MainThread]: Started processing: BFO_TICK_03012025\SENSEX03JAN2578800PE.BFO.csv
2025-10-27 11:10:58,197 [INFO] [root] [MainThread]: Successfully processed: BFO_TICK_03012025\SENSEX03JAN2578800PE.BFO.csv
2025-10-27 11:10:58,198 [INFO] [root] [MainThread]: Started processing: BFO_TICK_03012025\SENSEX03JAN2578900PE.BFO.csv
2025-10-27 11:10:59,305 [INFO] [root] [MainThread]: Successfully processed: BFO_TICK_03012025\SENSEX03JAN2578900PE.BFO.csv
2025-10-27 11:10:59,305 [INFO] [root] [MainThread]: Started processing: BFO_TICK_03012025\SENSEX03JAN2579000PE.BFO.csv
2025-10-27 11:11:00,124 [INFO] [root] [MainThread]: Successfully processed: BFO_TICK_03012025\SENSEX03JAN2579000PE.BFO.csv
2025-10-27 11:11:00,125 [INFO] [root] [MainThread]: Started processing: BFO_TICK_03012025\SENSEX03JAN2579100PE.BFO.csv
2025-10-27 11:11:00,876 [INFO] [root] [MainThread]: Successfully processed: BFO_TICK_03012025\SENSEX03JAN2579100PE.BFO.csv
2025-10-27 11:11:00,877 [INFO] [root] [MainThread]: Started processing: BFO_TICK_03012025\SENSEX03JAN2579200PE.BFO.csv
2025-10-27 11:11:01,759 [INFO] [root] [MainThread]: Successfully processed: BFO_TICK_03012025\SENSEX03JAN2579200PE.BFO.csv
2025-10-27 11:11:01,760 [INFO] [root] [MainThread]: Started processing: BFO_TICK_03012025\SENSEX03JAN2579300PE.BFO.csv
2025-10-27 11:11:03,496 [INFO] [root] [MainThread]: Successfully processed: BFO_TICK_03012025\SENSEX03JAN2579300PE.BFO.csv
2025-10-27 11:11:03,497 [INFO] [root] [MainThread]: Started processing: BFO_TICK_03012025\SENSEX03JAN2579400PE.BFO.csv
2025-10-27 11:11:04,679 [INFO] [root] [MainThread]: Successfully processed: BFO_TICK_03012025\SENSEX03JAN2579400PE.BFO.csv
2025-10-27 11:11:04,680 [INFO] [root] [MainThread]: Started processing: BFO_TICK_03012025\SENSEX03JAN2579500PE.BFO.csv
2025-10-27 11:11:05,106 [INFO] [root] [MainThread]: Successfully processed: BFO_TICK_03012025\SENSEX03JAN2579500PE.BFO.csv
2025-10-27 11:11:05,107 [INFO] [root] [MainThread]: Started processing: BFO_TICK_03012025\SENSEX03JAN2579600PE.BFO.csv
2025-10-27 11:11:05,608 [INFO] [root] [MainThread]: Successfully processed: BFO_TICK_03012025\SENSEX03JAN2579600PE.BFO.csv
2025-10-27 11:11:05,611 [INFO] [root] [MainThread]: Started processing: BFO_TICK_03012025\SENSEX03JAN2579700PE.BFO.csv
2025-10-27 11:11:06,180 [INFO] [root] [MainThread]: Successfully processed: BFO_TICK_03012025\SENSEX03JAN2579700PE.BFO.csv
2025-10-27 11:11:06,181 [INFO] [root] [MainThread]: Started processing: BFO_TICK_03012025\SENSEX03JAN2579800PE.BFO.csv
2025-10-27 11:11:06,710 [INFO] [root] [MainThread]: Successfully processed: BFO_TICK_03012025\SENSEX03JAN2579800PE.BFO.csv
2025-10-27 11:11:06,711 [INFO] [root] [MainThread]: Started processing: BFO_TICK_03012025\SENSEX03JAN2579900PE.BFO.csv
2025-10-27 11:11:07,198 [INFO] [root] [MainThread]: Successfully processed: BFO_TICK_03012025\SENSEX03JAN2579900PE.BFO.csv
2025-10-27 11:11:07,199 [INFO] [root] [MainThread]: Started processing: BFO_TICK_03012025\SENSEX03JAN2580000PE.BFO.csv
2025-10-27 11:11:07,617 [INFO] [root] [MainThread]: Successfully processed: BFO_TICK_03012025\SENSEX03JAN2580000PE.BFO.csv
2025-10-27 11:11:07,617 [INFO] [root] [MainThread]: Started processing: BFO_TICK_03012025\SENSEX03JAN2580100PE.BFO.csv
2025-10-27 11:11:07,837 [INFO] [root] [MainThread]: Successfully processed: BFO_TICK_03012025\SENSEX03JAN2580100PE.BFO.csv
2025-10-27 11:11:07,838 [INFO] [root] [MainThread]: Started processing: BFO_TICK_03012025\SENSEX03JAN2580200PE.BFO.csv
2025-10-27 11:11:07,967 [INFO] [root] [MainThread]: Successfully processed: BFO_TICK_03012025\SENSEX03JAN2580200PE.BFO.csv
2025-10-27 11:11:07,967 [INFO] [root] [MainThread]: Started processing: BFO_TICK_03012025\SENSEX03JAN2580300PE.BFO.csv
2025-10-27 11:11:08,088 [INFO] [root] [MainThread]: Successfully processed: BFO_TICK_03012025\SENSEX03JAN2580300PE.BFO.csv
2025-10-27 11:11:08,089 [INFO] [root] [MainThread]: Started processing: BFO_TICK_03012025\SENSEX03JAN2580400PE.BFO.csv
2025-10-27 11:11:08,180 [INFO] [root] [MainThread]: Successfully processed: BFO_TICK_03012025\SENSEX03JAN2580400PE.BFO.csv
2025-10-27 11:11:08,181 [INFO] [root] [MainThread]: Started processing: BFO_TICK_03012025\SENSEX03JAN2580500PE.BFO.csv
2025-10-27 11:11:08,274 [INFO] [root] [MainThread]: Successfully processed: BFO_TICK_03012025\SENSEX03JAN2580500PE.BFO.csv
2025-10-27 11:11:08,274 [INFO] [root] [MainThread]: Started processing: BFO_TICK_03012025\SENSEX03JAN2580600PE.BFO.csv
2025-10-27 11:11:08,333 [INFO] [root] [MainThread]: Successfully processed: BFO_TICK_03012025\SENSEX03JAN2580600PE.BFO.csv
2025-10-27 11:11:08,333 [INFO] [root] [MainThread]: Started processing: BFO_TICK_03012025\SENSEX03JAN2580700PE.BFO.csv
2025-10-27 11:11:08,400 [INFO] [root] [MainThread]: Successfully processed: BFO_TICK_03012025\SENSEX03JAN2580700PE.BFO.csv
2025-10-27 11:11:08,400 [INFO] [root] [MainThread]: Started processing: BFO_TICK_03012025\SENSEX03JAN2580800PE.BFO.csv
2025-10-27 11:11:08,450 [INFO] [root] [MainThread]: Successfully processed: BFO_TICK_03012025\SENSEX03JAN2580800PE.BFO.csv
2025-10-27 11:11:08,450 [INFO] [root] [MainThread]: Started processing: BFO_TICK_03012025\SENSEX03JAN2580900PE.BFO.csv
2025-10-27 11:11:08,511 [INFO] [root] [MainThread]: Successfully processed: BFO_TICK_03012025\SENSEX03JAN2580900PE.BFO.csv
2025-10-27 11:11:08,512 [INFO] [root] [MainThread]: Started processing: BFO_TICK_03012025\SENSEX03JAN2581000PE.BFO.csv
2025-10-27 11:11:08,561 [INFO] [root] [MainThread]: Successfully processed: BFO_TICK_03012025\SENSEX03JAN2581000PE.BFO.csv
2025-10-27 11:11:08,561 [INFO] [root] [MainThread]: Started processing: BFO_TICK_03012025\SENSEX03JAN2581100PE.BFO.csv
2025-10-27 11:11:08,587 [INFO] [root] [MainThread]: Successfully processed: BFO_TICK_03012025\SENSEX03JAN2581100PE.BFO.csv
2025-10-27 11:11:08,587 [INFO] [root] [MainThread]: Started processing: BFO_TICK_03012025\SENSEX03JAN2581200PE.BFO.csv
2025-10-27 11:11:08,629 [INFO] [root] [MainThread]: Successfully processed: BFO_TICK_03012025\SENSEX03JAN2581200PE.BFO.csv
2025-10-27 11:11:08,629 [INFO] [root] [MainThread]: Started processing: BFO_TICK_03012025\SENSEX03JAN2581300PE.BFO.csv
2025-10-27 11:11:08,653 [INFO] [root] [MainThread]: Successfully processed: BFO_TICK_03012025\SENSEX03JAN2581300PE.BFO.csv
2025-10-27 11:11:08,653 [INFO] [root] [MainThread]: Started processing: BFO_TICK_03012025\SENSEX03JAN2581400PE.BFO.csv
2025-10-27 11:11:08,675 [INFO] [root] [MainThread]: Successfully processed: BFO_TICK_03012025\SENSEX03JAN2581400PE.BFO.csv
2025-10-27 11:11:08,675 [INFO] [root] [MainThread]: Started processing: BFO_TICK_03012025\SENSEX03JAN2581500PE.BFO.csv
2025-10-27 11:11:08,721 [INFO] [root] [MainThread]: Successfully processed: BFO_TICK_03012025\SENSEX03JAN2581500PE.BFO.csv
2025-10-27 11:11:08,721 [INFO] [root] [MainThread]: Started processing: BFO_TICK_03012025\SENSEX03JAN2581700PE.BFO.csv
2025-10-27 11:11:08,742 [INFO] [root] [MainThread]: Successfully processed: BFO_TICK_03012025\SENSEX03JAN2581700PE.BFO.csv
2025-10-27 11:11:08,742 [INFO] [root] [MainThread]: Started processing: BFO_TICK_03012025\SENSEX03JAN2581900PE.BFO.csv
2025-10-27 11:11:08,760 [INFO] [root] [MainThread]: Successfully processed: BFO_TICK_03012025\SENSEX03JAN2581900PE.BFO.csv
2025-10-27 11:11:08,761 [INFO] [root] [MainThread]: Started processing: BFO_TICK_03012025\SENSEX03JAN2582000PE.BFO.csv
2025-10-27 11:11:08,805 [INFO] [root] [MainThread]: Successfully processed: BFO_TICK_03012025\SENSEX03JAN2582000PE.BFO.csv
2025-10-27 11:11:08,805 [INFO] [root] [MainThread]: Started processing: BFO_TICK_03012025\SENSEX03JAN2582100PE.BFO.csv
2025-10-27 11:11:08,823 [INFO] [root] [MainThread]: Successfully processed: BFO_TICK_03012025\SENSEX03JAN2582100PE.BFO.csv
2025-10-27 11:11:08,823 [INFO] [root] [MainThread]: Started processing: BFO_TICK_03012025\SENSEX03JAN2583900PE.BFO.csv
2025-10-27 11:11:08,842 [INFO] [root] [MainThread]: Successfully processed: BFO_TICK_03012025\SENSEX03JAN2583900PE.BFO.csv
2025-10-27 11:11:08,842 [INFO] [root] [MainThread]: Started processing: BFO_TICK_03012025\SENSEX03JAN2584000PE.BFO.csv
2025-10-27 11:11:08,862 [INFO] [root] [MainThread]: Successfully processed: BFO_TICK_03012025\SENSEX03JAN2584000PE.BFO.csv
2025-10-27 11:11:08,863 [INFO] [root] [MainThread]: Started processing: BFO_TICK_03012025\SENSEX07JAN2574000PE.BFO.csv
2025-10-27 11:11:08,906 [INFO] [root] [MainThread]: Successfully processed: BFO_TICK_03012025\SENSEX07JAN2574000PE.BFO.csv
2025-10-27 11:11:08,906 [INFO] [root] [MainThread]: Started processing: BFO_TICK_03012025\SENSEX07JAN2574100PE.BFO.csv
2025-10-27 11:11:08,926 [INFO] [root] [MainThread]: Successfully processed: BFO_TICK_03012025\SENSEX07JAN2574100PE.BFO.csv
2025-10-27 11:11:08,927 [INFO] [root] [MainThread]: Started processing: BFO_TICK_03012025\SENSEX07JAN2574300PE.BFO.csv
2025-10-27 11:11:08,954 [INFO] [root] [MainThread]: Successfully processed: BFO_TICK_03012025\SENSEX07JAN2574300PE.BFO.csv
2025-10-27 11:11:08,954 [INFO] [root] [MainThread]: Started processing: BFO_TICK_03012025\SENSEX07JAN2574500PE.BFO.csv
2025-10-27 11:11:08,996 [INFO] [root] [MainThread]: Successfully processed: BFO_TICK_03012025\SENSEX07JAN2574500PE.BFO.csv
2025-10-27 11:11:08,996 [INFO] [root] [MainThread]: Started processing: BFO_TICK_03012025\SENSEX07JAN2574800PE.BFO.csv
2025-10-27 11:11:09,021 [INFO] [root] [MainThread]: Successfully processed: BFO_TICK_03012025\SENSEX07JAN2574800PE.BFO.csv
2025-10-27 11:11:09,021 [INFO] [root] [MainThread]: Started processing: BFO_TICK_03012025\SENSEX07JAN2575000PE.BFO.csv
2025-10-27 11:11:09,065 [INFO] [root] [MainThread]: Successfully processed: BFO_TICK_03012025\SENSEX07JAN2575000PE.BFO.csv
2025-10-27 11:11:09,065 [INFO] [root] [MainThread]: Started processing: BFO_TICK_03012025\SENSEX07JAN2575500PE.BFO.csv
2025-10-27 11:11:09,087 [INFO] [root] [MainThread]: Successfully processed: BFO_TICK_03012025\SENSEX07JAN2575500PE.BFO.csv
2025-10-27 11:11:09,087 [INFO] [root] [MainThread]: Started processing: BFO_TICK_03012025\SENSEX07JAN2575800PE.BFO.csv
2025-10-27 11:11:09,107 [INFO] [root] [MainThread]: Successfully processed: BFO_TICK_03012025\SENSEX07JAN2575800PE.BFO.csv
2025-10-27 11:11:09,107 [INFO] [root] [MainThread]: Started processing: BFO_TICK_03012025\SENSEX07JAN2575900PE.BFO.csv
2025-10-27 11:11:09,125 [INFO] [root] [MainThread]: Successfully processed: BFO_TICK_03012025\SENSEX07JAN2575900PE.BFO.csv
2025-10-27 11:11:09,126 [INFO] [root] [MainThread]: Started processing: BFO_TICK_03012025\SENSEX07JAN2576000PE.BFO.csv
2025-10-27 11:11:09,178 [INFO] [root] [MainThread]: Successfully processed: BFO_TICK_03012025\SENSEX07JAN2576000PE.BFO.csv
2025-10-27 11:11:09,178 [INFO] [root] [MainThread]: Processed 100/171 files...
2025-10-27 11:11:09,178 [INFO] [root] [MainThread]: Started processing: BFO_TICK_03012025\SENSEX07JAN2576200PE.BFO.csv
2025-10-27 11:11:09,219 [INFO] [root] [MainThread]: Successfully processed: BFO_TICK_03012025\SENSEX07JAN2576200PE.BFO.csv
2025-10-27 11:11:09,219 [INFO] [root] [MainThread]: Started processing: BFO_TICK_03012025\SENSEX07JAN2576300PE.BFO.csv
2025-10-27 11:11:09,258 [INFO] [root] [MainThread]: Successfully processed: BFO_TICK_03012025\SENSEX07JAN2576300PE.BFO.csv
2025-10-27 11:11:09,258 [INFO] [root] [MainThread]: Started processing: BFO_TICK_03012025\SENSEX07JAN2576400PE.BFO.csv
2025-10-27 11:11:09,301 [INFO] [root] [MainThread]: Successfully processed: BFO_TICK_03012025\SENSEX07JAN2576400PE.BFO.csv
2025-10-27 11:11:09,301 [INFO] [root] [MainThread]: Started processing: BFO_TICK_03012025\SENSEX07JAN2576500PE.BFO.csv
2025-10-27 11:11:09,374 [INFO] [root] [MainThread]: Successfully processed: BFO_TICK_03012025\SENSEX07JAN2576500PE.BFO.csv
2025-10-27 11:11:09,374 [INFO] [root] [MainThread]: Started processing: BFO_TICK_03012025\SENSEX07JAN2576600PE.BFO.csv
2025-10-27 11:11:09,420 [INFO] [root] [MainThread]: Successfully processed: BFO_TICK_03012025\SENSEX07JAN2576600PE.BFO.csv
2025-10-27 11:11:09,420 [INFO] [root] [MainThread]: Started processing: BFO_TICK_03012025\SENSEX07JAN2576700PE.BFO.csv
2025-10-27 11:11:09,494 [INFO] [root] [MainThread]: Successfully processed: BFO_TICK_03012025\SENSEX07JAN2576700PE.BFO.csv
2025-10-27 11:11:09,494 [INFO] [root] [MainThread]: Started processing: BFO_TICK_03012025\SENSEX07JAN2576800PE.BFO.csv
2025-10-27 11:11:09,565 [INFO] [root] [MainThread]: Successfully processed: BFO_TICK_03012025\SENSEX07JAN2576800PE.BFO.csv
2025-10-27 11:11:09,566 [INFO] [root] [MainThread]: Started processing: BFO_TICK_03012025\SENSEX07JAN2576900PE.BFO.csv
2025-10-27 11:11:09,639 [INFO] [root] [MainThread]: Successfully processed: BFO_TICK_03012025\SENSEX07JAN2576900PE.BFO.csv
2025-10-27 11:11:09,639 [INFO] [root] [MainThread]: Started processing: BFO_TICK_03012025\SENSEX07JAN2577000PE.BFO.csv
2025-10-27 11:11:09,800 [INFO] [root] [MainThread]: Successfully processed: BFO_TICK_03012025\SENSEX07JAN2577000PE.BFO.csv
2025-10-27 11:11:09,800 [INFO] [root] [MainThread]: Started processing: BFO_TICK_03012025\SENSEX07JAN2577100PE.BFO.csv
2025-10-27 11:11:09,878 [INFO] [root] [MainThread]: Successfully processed: BFO_TICK_03012025\SENSEX07JAN2577100PE.BFO.csv
2025-10-27 11:11:09,878 [INFO] [root] [MainThread]: Started processing: BFO_TICK_03012025\SENSEX07JAN2577200PE.BFO.csv
2025-10-27 11:11:09,970 [INFO] [root] [MainThread]: Successfully processed: BFO_TICK_03012025\SENSEX07JAN2577200PE.BFO.csv
2025-10-27 11:11:09,971 [INFO] [root] [MainThread]: Started processing: BFO_TICK_03012025\SENSEX07JAN2577300PE.BFO.csv
2025-10-27 11:11:10,077 [INFO] [root] [MainThread]: Successfully processed: BFO_TICK_03012025\SENSEX07JAN2577300PE.BFO.csv
2025-10-27 11:11:10,077 [INFO] [root] [MainThread]: Started processing: BFO_TICK_03012025\SENSEX07JAN2577400PE.BFO.csv
2025-10-27 11:11:10,182 [INFO] [root] [MainThread]: Successfully processed: BFO_TICK_03012025\SENSEX07JAN2577400PE.BFO.csv
2025-10-27 11:11:10,182 [INFO] [root] [MainThread]: Started processing: BFO_TICK_03012025\SENSEX07JAN2577500PE.BFO.csv
2025-10-27 11:11:10,410 [INFO] [root] [MainThread]: Successfully processed: BFO_TICK_03012025\SENSEX07JAN2577500PE.BFO.csv
2025-10-27 11:11:10,410 [INFO] [root] [MainThread]: Started processing: BFO_TICK_03012025\SENSEX07JAN2577600PE.BFO.csv
2025-10-27 11:11:10,515 [INFO] [root] [MainThread]: Successfully processed: BFO_TICK_03012025\SENSEX07JAN2577600PE.BFO.csv
2025-10-27 11:11:10,515 [INFO] [root] [MainThread]: Started processing: BFO_TICK_03012025\SENSEX07JAN2577700PE.BFO.csv
2025-10-27 11:11:10,642 [INFO] [root] [MainThread]: Successfully processed: BFO_TICK_03012025\SENSEX07JAN2577700PE.BFO.csv
2025-10-27 11:11:10,643 [INFO] [root] [MainThread]: Started processing: BFO_TICK_03012025\SENSEX07JAN2577800PE.BFO.csv
2025-10-27 11:11:10,760 [INFO] [root] [MainThread]: Successfully processed: BFO_TICK_03012025\SENSEX07JAN2577800PE.BFO.csv
2025-10-27 11:11:10,760 [INFO] [root] [MainThread]: Started processing: BFO_TICK_03012025\SENSEX07JAN2577900PE.BFO.csv
2025-10-27 11:11:10,876 [INFO] [root] [MainThread]: Successfully processed: BFO_TICK_03012025\SENSEX07JAN2577900PE.BFO.csv
2025-10-27 11:11:10,877 [INFO] [root] [MainThread]: Started processing: BFO_TICK_03012025\SENSEX07JAN2578000PE.BFO.csv
2025-10-27 11:11:11,087 [INFO] [root] [MainThread]: Successfully processed: BFO_TICK_03012025\SENSEX07JAN2578000PE.BFO.csv
2025-10-27 11:11:11,087 [INFO] [root] [MainThread]: Started processing: BFO_TICK_03012025\SENSEX07JAN2578100PE.BFO.csv
2025-10-27 11:11:11,215 [INFO] [root] [MainThread]: Successfully processed: BFO_TICK_03012025\SENSEX07JAN2578100PE.BFO.csv
2025-10-27 11:11:11,216 [INFO] [root] [MainThread]: Started processing: BFO_TICK_03012025\SENSEX07JAN2578200PE.BFO.csv
2025-10-27 11:11:11,375 [INFO] [root] [MainThread]: Successfully processed: BFO_TICK_03012025\SENSEX07JAN2578200PE.BFO.csv
2025-10-27 11:11:11,376 [INFO] [root] [MainThread]: Started processing: BFO_TICK_03012025\SENSEX07JAN2578300PE.BFO.csv
2025-10-27 11:11:11,573 [INFO] [root] [MainThread]: Successfully processed: BFO_TICK_03012025\SENSEX07JAN2578300PE.BFO.csv
2025-10-27 11:11:11,573 [INFO] [root] [MainThread]: Started processing: BFO_TICK_03012025\SENSEX07JAN2578400PE.BFO.csv
2025-10-27 11:11:11,700 [INFO] [root] [MainThread]: Successfully processed: BFO_TICK_03012025\SENSEX07JAN2578400PE.BFO.csv
2025-10-27 11:11:11,700 [INFO] [root] [MainThread]: Started processing: BFO_TICK_03012025\SENSEX07JAN2578500PE.BFO.csv
2025-10-27 11:11:11,885 [INFO] [root] [MainThread]: Successfully processed: BFO_TICK_03012025\SENSEX07JAN2578500PE.BFO.csv
2025-10-27 11:11:11,885 [INFO] [root] [MainThread]: Started processing: BFO_TICK_03012025\SENSEX07JAN2578600PE.BFO.csv
2025-10-27 11:11:12,007 [INFO] [root] [MainThread]: Successfully processed: BFO_TICK_03012025\SENSEX07JAN2578600PE.BFO.csv
2025-10-27 11:11:12,007 [INFO] [root] [MainThread]: Started processing: BFO_TICK_03012025\SENSEX07JAN2578700PE.BFO.csv
2025-10-27 11:11:12,126 [INFO] [root] [MainThread]: Successfully processed: BFO_TICK_03012025\SENSEX07JAN2578700PE.BFO.csv
2025-10-27 11:11:12,127 [INFO] [root] [MainThread]: Started processing: BFO_TICK_03012025\SENSEX07JAN2578800PE.BFO.csv
2025-10-27 11:11:12,257 [INFO] [root] [MainThread]: Successfully processed: BFO_TICK_03012025\SENSEX07JAN2578800PE.BFO.csv
2025-10-27 11:11:12,258 [INFO] [root] [MainThread]: Started processing: BFO_TICK_03012025\SENSEX07JAN2578900PE.BFO.csv
2025-10-27 11:11:12,363 [INFO] [root] [MainThread]: Successfully processed: BFO_TICK_03012025\SENSEX07JAN2578900PE.BFO.csv
2025-10-27 11:11:12,363 [INFO] [root] [MainThread]: Started processing: BFO_TICK_03012025\SENSEX07JAN2579000PE.BFO.csv
2025-10-27 11:11:12,545 [INFO] [root] [MainThread]: Successfully processed: BFO_TICK_03012025\SENSEX07JAN2579000PE.BFO.csv
2025-10-27 11:11:12,546 [INFO] [root] [MainThread]: Started processing: BFO_TICK_03012025\SENSEX07JAN2579100PE.BFO.csv
2025-10-27 11:11:12,658 [INFO] [root] [MainThread]: Successfully processed: BFO_TICK_03012025\SENSEX07JAN2579100PE.BFO.csv
2025-10-27 11:11:12,658 [INFO] [root] [MainThread]: Started processing: BFO_TICK_03012025\SENSEX07JAN2579200PE.BFO.csv
2025-10-27 11:11:12,807 [INFO] [root] [MainThread]: Successfully processed: BFO_TICK_03012025\SENSEX07JAN2579200PE.BFO.csv
2025-10-27 11:11:12,807 [INFO] [root] [MainThread]: Started processing: BFO_TICK_03012025\SENSEX07JAN2579300PE.BFO.csv
2025-10-27 11:11:12,968 [INFO] [root] [MainThread]: Successfully processed: BFO_TICK_03012025\SENSEX07JAN2579300PE.BFO.csv
2025-10-27 11:11:12,968 [INFO] [root] [MainThread]: Started processing: BFO_TICK_03012025\SENSEX07JAN2579400PE.BFO.csv
2025-10-27 11:11:13,141 [INFO] [root] [MainThread]: Successfully processed: BFO_TICK_03012025\SENSEX07JAN2579400PE.BFO.csv
2025-10-27 11:11:13,141 [INFO] [root] [MainThread]: Started processing: BFO_TICK_03012025\SENSEX07JAN2579500PE.BFO.csv
2025-10-27 11:11:13,372 [INFO] [root] [MainThread]: Successfully processed: BFO_TICK_03012025\SENSEX07JAN2579500PE.BFO.csv
2025-10-27 11:11:13,373 [INFO] [root] [MainThread]: Started processing: BFO_TICK_03012025\SENSEX07JAN2579600PE.BFO.csv
2025-10-27 11:11:13,536 [INFO] [root] [MainThread]: Successfully processed: BFO_TICK_03012025\SENSEX07JAN2579600PE.BFO.csv
2025-10-27 11:11:13,537 [INFO] [root] [MainThread]: Started processing: BFO_TICK_03012025\SENSEX07JAN2579700PE.BFO.csv
2025-10-27 11:11:13,709 [INFO] [root] [MainThread]: Successfully processed: BFO_TICK_03012025\SENSEX07JAN2579700PE.BFO.csv
2025-10-27 11:11:13,709 [INFO] [root] [MainThread]: Started processing: BFO_TICK_03012025\SENSEX07JAN2579800PE.BFO.csv
2025-10-27 11:11:13,912 [INFO] [root] [MainThread]: Successfully processed: BFO_TICK_03012025\SENSEX07JAN2579800PE.BFO.csv
2025-10-27 11:11:13,912 [INFO] [root] [MainThread]: Started processing: BFO_TICK_03012025\SENSEX07JAN2579900PE.BFO.csv
2025-10-27 11:11:14,029 [INFO] [root] [MainThread]: Successfully processed: BFO_TICK_03012025\SENSEX07JAN2579900PE.BFO.csv
2025-10-27 11:11:14,029 [INFO] [root] [MainThread]: Started processing: BFO_TICK_03012025\SENSEX07JAN2580000PE.BFO.csv
2025-10-27 11:11:14,304 [INFO] [root] [MainThread]: Successfully processed: BFO_TICK_03012025\SENSEX07JAN2580000PE.BFO.csv
2025-10-27 11:11:14,304 [INFO] [root] [MainThread]: Started processing: BFO_TICK_03012025\SENSEX07JAN2580100PE.BFO.csv
2025-10-27 11:11:14,373 [INFO] [root] [MainThread]: Successfully processed: BFO_TICK_03012025\SENSEX07JAN2580100PE.BFO.csv
2025-10-27 11:11:14,373 [INFO] [root] [MainThread]: Started processing: BFO_TICK_03012025\SENSEX07JAN2580200PE.BFO.csv
2025-10-27 11:11:14,465 [INFO] [root] [MainThread]: Successfully processed: BFO_TICK_03012025\SENSEX07JAN2580200PE.BFO.csv
2025-10-27 11:11:14,466 [INFO] [root] [MainThread]: Started processing: BFO_TICK_03012025\SENSEX07JAN2580300PE.BFO.csv
2025-10-27 11:11:14,551 [INFO] [root] [MainThread]: Successfully processed: BFO_TICK_03012025\SENSEX07JAN2580300PE.BFO.csv
2025-10-27 11:11:14,551 [INFO] [root] [MainThread]: Started processing: BFO_TICK_03012025\SENSEX07JAN2580400PE.BFO.csv
2025-10-27 11:11:14,631 [INFO] [root] [MainThread]: Successfully processed: BFO_TICK_03012025\SENSEX07JAN2580400PE.BFO.csv
2025-10-27 11:11:14,632 [INFO] [root] [MainThread]: Started processing: BFO_TICK_03012025\SENSEX07JAN2580500PE.BFO.csv
2025-10-27 11:11:14,736 [INFO] [root] [MainThread]: Successfully processed: BFO_TICK_03012025\SENSEX07JAN2580500PE.BFO.csv
2025-10-27 11:11:14,736 [INFO] [root] [MainThread]: Started processing: BFO_TICK_03012025\SENSEX07JAN2581000PE.BFO.csv
2025-10-27 11:11:14,831 [INFO] [root] [MainThread]: Successfully processed: BFO_TICK_03012025\SENSEX07JAN2581000PE.BFO.csv
2025-10-27 11:11:14,832 [INFO] [root] [MainThread]: Started processing: BFO_TICK_03012025\SENSEX07JAN2581500PE.BFO.csv
2025-10-27 11:11:14,917 [INFO] [root] [MainThread]: Successfully processed: BFO_TICK_03012025\SENSEX07JAN2581500PE.BFO.csv
2025-10-27 11:11:14,917 [INFO] [root] [MainThread]: Started processing: BFO_TICK_03012025\SENSEX07JAN2582000PE.BFO.csv
2025-10-27 11:11:14,982 [INFO] [root] [MainThread]: Successfully processed: BFO_TICK_03012025\SENSEX07JAN2582000PE.BFO.csv
2025-10-27 11:11:14,982 [INFO] [root] [MainThread]: Started processing: BFO_TICK_03012025\SENSEX07JAN2582100PE.BFO.csv
2025-10-27 11:11:15,046 [INFO] [root] [MainThread]: Successfully processed: BFO_TICK_03012025\SENSEX07JAN2582100PE.BFO.csv
2025-10-27 11:11:15,047 [INFO] [root] [MainThread]: Started processing: BFO_TICK_03012025\SENSEX14JAN2574000PE.BFO.csv
2025-10-27 11:11:15,127 [INFO] [root] [MainThread]: Successfully processed: BFO_TICK_03012025\SENSEX14JAN2574000PE.BFO.csv
2025-10-27 11:11:15,127 [INFO] [root] [MainThread]: Started processing: BFO_TICK_03012025\SENSEX14JAN2577200PE.BFO.csv
2025-10-27 11:11:15,186 [INFO] [root] [MainThread]: Successfully processed: BFO_TICK_03012025\SENSEX14JAN2577200PE.BFO.csv
2025-10-27 11:11:15,187 [INFO] [root] [MainThread]: Started processing: BFO_TICK_03012025\SENSEX14JAN2579200PE.BFO.csv
2025-10-27 11:11:15,267 [INFO] [root] [MainThread]: Successfully processed: BFO_TICK_03012025\SENSEX14JAN2579200PE.BFO.csv
2025-10-27 11:11:15,267 [INFO] [root] [MainThread]: Started processing: BFO_TICK_03012025\SENSEX14JAN2579500PE.BFO.csv
2025-10-27 11:11:15,357 [INFO] [root] [MainThread]: Successfully processed: BFO_TICK_03012025\SENSEX14JAN2579500PE.BFO.csv
2025-10-27 11:11:15,357 [INFO] [root] [MainThread]: Started processing: BFO_TICK_03012025\SENSEX14JAN2579600PE.BFO.csv
2025-10-27 11:11:15,426 [INFO] [root] [MainThread]: Successfully processed: BFO_TICK_03012025\SENSEX14JAN2579600PE.BFO.csv
2025-10-27 11:11:15,426 [INFO] [root] [MainThread]: Started processing: BFO_TICK_03012025\SENSEX14JAN2580000PE.BFO.csv
2025-10-27 11:11:15,497 [INFO] [root] [MainThread]: Successfully processed: BFO_TICK_03012025\SENSEX14JAN2580000PE.BFO.csv
2025-10-27 11:11:15,498 [INFO] [root] [MainThread]: Started processing: BFO_TICK_03012025\SENSEX28JAN2573200PE.BFO.csv
2025-10-27 11:11:15,543 [INFO] [root] [MainThread]: Successfully processed: BFO_TICK_03012025\SENSEX28JAN2573200PE.BFO.csv
2025-10-27 11:11:15,543 [INFO] [root] [MainThread]: Started processing: BFO_TICK_03012025\SENSEX28JAN2575000PE.BFO.csv
2025-10-27 11:11:15,583 [INFO] [root] [MainThread]: Successfully processed: BFO_TICK_03012025\SENSEX28JAN2575000PE.BFO.csv
2025-10-27 11:11:15,583 [INFO] [root] [MainThread]: Started processing: BFO_TICK_03012025\SENSEX28JAN2577500PE.BFO.csv
2025-10-27 11:11:15,620 [INFO] [root] [MainThread]: Successfully processed: BFO_TICK_03012025\SENSEX28JAN2577500PE.BFO.csv
2025-10-27 11:11:15,621 [INFO] [root] [MainThread]: Started processing: BFO_TICK_03012025\SENSEX28JAN2578000PE.BFO.csv
2025-10-27 11:11:15,653 [INFO] [root] [MainThread]: Successfully processed: BFO_TICK_03012025\SENSEX28JAN2578000PE.BFO.csv
2025-10-27 11:11:15,653 [INFO] [root] [MainThread]: Started processing: BFO_TICK_03012025\SENSEX28JAN2578500PE.BFO.csv
2025-10-27 11:11:15,686 [INFO] [root] [MainThread]: Successfully processed: BFO_TICK_03012025\SENSEX28JAN2578500PE.BFO.csv
2025-10-27 11:11:15,687 [INFO] [root] [MainThread]: Started processing: BFO_TICK_03012025\SENSEX28JAN2578600PE.BFO.csv
2025-10-27 11:11:15,729 [INFO] [root] [MainThread]: Successfully processed: BFO_TICK_03012025\SENSEX28JAN2578600PE.BFO.csv
2025-10-27 11:11:15,730 [INFO] [root] [MainThread]: Started processing: BFO_TICK_03012025\SENSEX28JAN2578700PE.BFO.csv
2025-10-27 11:11:15,761 [INFO] [root] [MainThread]: Successfully processed: BFO_TICK_03012025\SENSEX28JAN2578700PE.BFO.csv
2025-10-27 11:11:15,761 [INFO] [root] [MainThread]: Started processing: BFO_TICK_03012025\SENSEX28JAN2579000PE.BFO.csv
2025-10-27 11:11:15,793 [INFO] [root] [MainThread]: Successfully processed: BFO_TICK_03012025\SENSEX28JAN2579000PE.BFO.csv
2025-10-27 11:11:15,794 [INFO] [root] [MainThread]: Started processing: BFO_TICK_03012025\SENSEX28JAN2579200PE.BFO.csv
2025-10-27 11:11:15,832 [INFO] [root] [MainThread]: Successfully processed: BFO_TICK_03012025\SENSEX28JAN2579200PE.BFO.csv
2025-10-27 11:11:15,833 [INFO] [root] [MainThread]: Started processing: BFO_TICK_03012025\SENSEX28JAN2579500PE.BFO.csv
2025-10-27 11:11:15,870 [INFO] [root] [MainThread]: Successfully processed: BFO_TICK_03012025\SENSEX28JAN2579500PE.BFO.csv
2025-10-27 11:11:15,871 [INFO] [root] [MainThread]: Started processing: BFO_TICK_03012025\SENSEX28JAN2579600PE.BFO.csv
2025-10-27 11:11:15,901 [INFO] [root] [MainThread]: Successfully processed: BFO_TICK_03012025\SENSEX28JAN2579600PE.BFO.csv
2025-10-27 11:11:15,901 [INFO] [root] [MainThread]: Started processing: BFO_TICK_03012025\SENSEX28JAN2579700PE.BFO.csv
2025-10-27 11:11:15,931 [INFO] [root] [MainThread]: Successfully processed: BFO_TICK_03012025\SENSEX28JAN2579700PE.BFO.csv
2025-10-27 11:11:15,932 [INFO] [root] [MainThread]: Started processing: BFO_TICK_03012025\SENSEX28JAN2579800PE.BFO.csv
2025-10-27 11:11:15,962 [INFO] [root] [MainThread]: Successfully processed: BFO_TICK_03012025\SENSEX28JAN2579800PE.BFO.csv
2025-10-27 11:11:15,963 [INFO] [root] [MainThread]: Started processing: BFO_TICK_03012025\SENSEX28JAN2579900PE.BFO.csv
2025-10-27 11:11:15,999 [INFO] [root] [MainThread]: Successfully processed: BFO_TICK_03012025\SENSEX28JAN2579900PE.BFO.csv
2025-10-27 11:11:16,000 [INFO] [root] [MainThread]: Started processing: BFO_TICK_03012025\SENSEX28JAN2580000PE.BFO.csv
2025-10-27 11:11:16,038 [INFO] [root] [MainThread]: Successfully processed: BFO_TICK_03012025\SENSEX28JAN2580000PE.BFO.csv
2025-10-27 11:11:16,038 [INFO] [root] [MainThread]: Started processing: BFO_TICK_03012025\SENSEX28JAN2580100PE.BFO.csv
2025-10-27 11:11:16,071 [INFO] [root] [MainThread]: Successfully processed: BFO_TICK_03012025\SENSEX28JAN2580100PE.BFO.csv
2025-10-27 11:11:16,071 [INFO] [root] [MainThread]: Started processing: BFO_TICK_03012025\SENSEX28JAN2580700PE.BFO.csv
2025-10-27 11:11:16,105 [INFO] [root] [MainThread]: Successfully processed: BFO_TICK_03012025\SENSEX28JAN2580700PE.BFO.csv
2025-10-27 11:11:16,105 [INFO] [root] [MainThread]: Combining 171 dataframes...
2025-10-27 11:11:16,336 [INFO] [root] [MainThread]: Writing to ProcessedParquet\sensex_put_03012025.parquet (798920 rows)...
2025-10-27 11:11:18,353 [INFO] [root] [MainThread]: Successfully saved 171 option files to ProcessedParquet\sensex_put_03012025.parquet
2025-10-27 11:11:18,354 [INFO] [root] [MainThread]: Utility stopped.
