2025-10-27 13:55:02,728 [INFO] [root] [MainThread]: Utility started.
2025-10-27 13:55:02,729 [INFO] [root] [MainThread]: Processing MIDCPNIFTY from NFO exchange
2025-10-27 13:55:02,729 [INFO] [root] [MainThread]: Detected yearly folder structure in NFO\GFDLNFO_TICK_03012025\GFDLNFO_TICK_03012025
2025-10-27 13:55:03,447 [INFO] [root] [MainThread]: No date subfolders found, extracted date 03012025 from parent folder: GFDLNFO_TICK_03012025
2025-10-27 13:55:03,447 [INFO] [root] [MainThread]: Got following folder info {'03012025': {'NFO\\GFDLNFO_TICK_03012025\\GFDLNFO_TICK_03012025'}} for processing {'index': 'MIDCPNIFTY', 'instrument_type': 'call'}.
2025-10-27 13:55:03,458 [INFO] [root] [MainThread]: Started processing folder: NFO\GFDLNFO_TICK_03012025\GFDLNFO_TICK_03012025 for {'index': 'MIDCPNIFTY', 'instrument_type': 'call'}, date: 03012025
2025-10-27 13:55:03,493 [INFO] [root] [MainThread]: Found 67 call option files to process for MIDCPNIFTY.
2025-10-27 13:55:03,493 [INFO] [root] [MainThread]: Started processing: NFO\GFDLNFO_TICK_03012025\GFDLNFO_TICK_03012025\Options\MIDCPNIFTY27FEB2513000CE.NFO.csv
2025-10-27 13:55:03,527 [INFO] [root] [MainThread]: Successfully processed: NFO\GFDLNFO_TICK_03012025\GFDLNFO_TICK_03012025\Options\MIDCPNIFTY27FEB2513000CE.NFO.csv
2025-10-27 13:55:03,527 [INFO] [root] [MainThread]: Started processing: NFO\GFDLNFO_TICK_03012025\GFDLNFO_TICK_03012025\Options\MIDCPNIFTY27FEB2513400CE.NFO.csv
2025-10-27 13:55:03,537 [INFO] [root] [MainThread]: Successfully processed: NFO\GFDLNFO_TICK_03012025\GFDLNFO_TICK_03012025\Options\MIDCPNIFTY27FEB2513400CE.NFO.csv
2025-10-27 13:55:03,537 [INFO] [root] [MainThread]: Started processing: NFO\GFDLNFO_TICK_03012025\GFDLNFO_TICK_03012025\Options\MIDCPNIFTY27FEB2513500CE.NFO.csv
2025-10-27 13:55:03,549 [INFO] [root] [MainThread]: Successfully processed: NFO\GFDLNFO_TICK_03012025\GFDLNFO_TICK_03012025\Options\MIDCPNIFTY27FEB2513500CE.NFO.csv
2025-10-27 13:55:03,549 [INFO] [root] [MainThread]: Started processing: NFO\GFDLNFO_TICK_03012025\GFDLNFO_TICK_03012025\Options\MIDCPNIFTY27FEB2514600CE.NFO.csv
2025-10-27 13:55:03,561 [INFO] [root] [MainThread]: Successfully processed: NFO\GFDLNFO_TICK_03012025\GFDLNFO_TICK_03012025\Options\MIDCPNIFTY27FEB2514600CE.NFO.csv
2025-10-27 13:55:03,562 [INFO] [root] [MainThread]: Started processing: NFO\GFDLNFO_TICK_03012025\GFDLNFO_TICK_03012025\Options\MIDCPNIFTY27FEB2514700CE.NFO.csv
2025-10-27 13:55:03,572 [INFO] [root] [MainThread]: Successfully processed: NFO\GFDLNFO_TICK_03012025\GFDLNFO_TICK_03012025\Options\MIDCPNIFTY27FEB2514700CE.NFO.csv
2025-10-27 13:55:03,573 [INFO] [root] [MainThread]: Started processing: NFO\GFDLNFO_TICK_03012025\GFDLNFO_TICK_03012025\Options\MIDCPNIFTY30JAN2512500CE.NFO.csv
2025-10-27 13:55:03,614 [INFO] [root] [MainThread]: Successfully processed: NFO\GFDLNFO_TICK_03012025\GFDLNFO_TICK_03012025\Options\MIDCPNIFTY30JAN2512500CE.NFO.csv
2025-10-27 13:55:03,614 [INFO] [root] [MainThread]: Started processing: NFO\GFDLNFO_TICK_03012025\GFDLNFO_TICK_03012025\Options\MIDCPNIFTY30JAN2512525CE.NFO.csv
2025-10-27 13:55:03,643 [INFO] [root] [MainThread]: Successfully processed: NFO\GFDLNFO_TICK_03012025\GFDLNFO_TICK_03012025\Options\MIDCPNIFTY30JAN2512525CE.NFO.csv
2025-10-27 13:55:03,644 [INFO] [root] [MainThread]: Started processing: NFO\GFDLNFO_TICK_03012025\GFDLNFO_TICK_03012025\Options\MIDCPNIFTY30JAN2512600CE.NFO.csv
2025-10-27 13:55:03,683 [INFO] [root] [MainThread]: Successfully processed: NFO\GFDLNFO_TICK_03012025\GFDLNFO_TICK_03012025\Options\MIDCPNIFTY30JAN2512600CE.NFO.csv
2025-10-27 13:55:03,683 [INFO] [root] [MainThread]: Started processing: NFO\GFDLNFO_TICK_03012025\GFDLNFO_TICK_03012025\Options\MIDCPNIFTY30JAN2512700CE.NFO.csv
2025-10-27 13:55:03,728 [INFO] [root] [MainThread]: Successfully processed: NFO\GFDLNFO_TICK_03012025\GFDLNFO_TICK_03012025\Options\MIDCPNIFTY30JAN2512700CE.NFO.csv
2025-10-27 13:55:03,728 [INFO] [root] [MainThread]: Started processing: NFO\GFDLNFO_TICK_03012025\GFDLNFO_TICK_03012025\Options\MIDCPNIFTY30JAN2512725CE.NFO.csv
2025-10-27 13:55:03,773 [INFO] [root] [MainThread]: Successfully processed: NFO\GFDLNFO_TICK_03012025\GFDLNFO_TICK_03012025\Options\MIDCPNIFTY30JAN2512725CE.NFO.csv
2025-10-27 13:55:03,774 [INFO] [root] [MainThread]: Started processing: NFO\GFDLNFO_TICK_03012025\GFDLNFO_TICK_03012025\Options\MIDCPNIFTY30JAN2512750CE.NFO.csv
2025-10-27 13:55:03,816 [INFO] [root] [MainThread]: Successfully processed: NFO\GFDLNFO_TICK_03012025\GFDLNFO_TICK_03012025\Options\MIDCPNIFTY30JAN2512750CE.NFO.csv
2025-10-27 13:55:03,817 [INFO] [root] [MainThread]: Started processing: NFO\GFDLNFO_TICK_03012025\GFDLNFO_TICK_03012025\Options\MIDCPNIFTY30JAN2512775CE.NFO.csv
2025-10-27 13:55:03,868 [INFO] [root] [MainThread]: Successfully processed: NFO\GFDLNFO_TICK_03012025\GFDLNFO_TICK_03012025\Options\MIDCPNIFTY30JAN2512775CE.NFO.csv
2025-10-27 13:55:03,868 [INFO] [root] [MainThread]: Started processing: NFO\GFDLNFO_TICK_03012025\GFDLNFO_TICK_03012025\Options\MIDCPNIFTY30JAN2512800CE.NFO.csv
2025-10-27 13:55:03,914 [INFO] [root] [MainThread]: Successfully processed: NFO\GFDLNFO_TICK_03012025\GFDLNFO_TICK_03012025\Options\MIDCPNIFTY30JAN2512800CE.NFO.csv
2025-10-27 13:55:03,914 [INFO] [root] [MainThread]: Started processing: NFO\GFDLNFO_TICK_03012025\GFDLNFO_TICK_03012025\Options\MIDCPNIFTY30JAN2512825CE.NFO.csv
2025-10-27 13:55:03,958 [INFO] [root] [MainThread]: Successfully processed: NFO\GFDLNFO_TICK_03012025\GFDLNFO_TICK_03012025\Options\MIDCPNIFTY30JAN2512825CE.NFO.csv
2025-10-27 13:55:03,958 [INFO] [root] [MainThread]: Started processing: NFO\GFDLNFO_TICK_03012025\GFDLNFO_TICK_03012025\Options\MIDCPNIFTY30JAN2512850CE.NFO.csv
2025-10-27 13:55:03,999 [INFO] [root] [MainThread]: Successfully processed: NFO\GFDLNFO_TICK_03012025\GFDLNFO_TICK_03012025\Options\MIDCPNIFTY30JAN2512850CE.NFO.csv
2025-10-27 13:55:04,000 [INFO] [root] [MainThread]: Started processing: NFO\GFDLNFO_TICK_03012025\GFDLNFO_TICK_03012025\Options\MIDCPNIFTY30JAN2512875CE.NFO.csv
2025-10-27 13:55:04,048 [INFO] [root] [MainThread]: Successfully processed: NFO\GFDLNFO_TICK_03012025\GFDLNFO_TICK_03012025\Options\MIDCPNIFTY30JAN2512875CE.NFO.csv
2025-10-27 13:55:04,048 [INFO] [root] [MainThread]: Started processing: NFO\GFDLNFO_TICK_03012025\GFDLNFO_TICK_03012025\Options\MIDCPNIFTY30JAN2512900CE.NFO.csv
2025-10-27 13:55:04,102 [INFO] [root] [MainThread]: Successfully processed: NFO\GFDLNFO_TICK_03012025\GFDLNFO_TICK_03012025\Options\MIDCPNIFTY30JAN2512900CE.NFO.csv
2025-10-27 13:55:04,102 [INFO] [root] [MainThread]: Started processing: NFO\GFDLNFO_TICK_03012025\GFDLNFO_TICK_03012025\Options\MIDCPNIFTY30JAN2512925CE.NFO.csv
2025-10-27 13:55:04,147 [INFO] [root] [MainThread]: Successfully processed: NFO\GFDLNFO_TICK_03012025\GFDLNFO_TICK_03012025\Options\MIDCPNIFTY30JAN2512925CE.NFO.csv
2025-10-27 13:55:04,147 [INFO] [root] [MainThread]: Started processing: NFO\GFDLNFO_TICK_03012025\GFDLNFO_TICK_03012025\Options\MIDCPNIFTY30JAN2512950CE.NFO.csv
2025-10-27 13:55:04,193 [INFO] [root] [MainThread]: Successfully processed: NFO\GFDLNFO_TICK_03012025\GFDLNFO_TICK_03012025\Options\MIDCPNIFTY30JAN2512950CE.NFO.csv
2025-10-27 13:55:04,194 [INFO] [root] [MainThread]: Started processing: NFO\GFDLNFO_TICK_03012025\GFDLNFO_TICK_03012025\Options\MIDCPNIFTY30JAN2512975CE.NFO.csv
2025-10-27 13:55:04,244 [INFO] [root] [MainThread]: Successfully processed: NFO\GFDLNFO_TICK_03012025\GFDLNFO_TICK_03012025\Options\MIDCPNIFTY30JAN2512975CE.NFO.csv
2025-10-27 13:55:04,244 [INFO] [root] [MainThread]: Started processing: NFO\GFDLNFO_TICK_03012025\GFDLNFO_TICK_03012025\Options\MIDCPNIFTY30JAN2513000CE.NFO.csv
2025-10-27 13:55:04,322 [INFO] [root] [MainThread]: Successfully processed: NFO\GFDLNFO_TICK_03012025\GFDLNFO_TICK_03012025\Options\MIDCPNIFTY30JAN2513000CE.NFO.csv
2025-10-27 13:55:04,323 [INFO] [root] [MainThread]: Started processing: NFO\GFDLNFO_TICK_03012025\GFDLNFO_TICK_03012025\Options\MIDCPNIFTY30JAN2513025CE.NFO.csv
2025-10-27 13:55:04,384 [INFO] [root] [MainThread]: Successfully processed: NFO\GFDLNFO_TICK_03012025\GFDLNFO_TICK_03012025\Options\MIDCPNIFTY30JAN2513025CE.NFO.csv
2025-10-27 13:55:04,384 [INFO] [root] [MainThread]: Started processing: NFO\GFDLNFO_TICK_03012025\GFDLNFO_TICK_03012025\Options\MIDCPNIFTY30JAN2513050CE.NFO.csv
2025-10-27 13:55:04,444 [INFO] [root] [MainThread]: Successfully processed: NFO\GFDLNFO_TICK_03012025\GFDLNFO_TICK_03012025\Options\MIDCPNIFTY30JAN2513050CE.NFO.csv
2025-10-27 13:55:04,444 [INFO] [root] [MainThread]: Started processing: NFO\GFDLNFO_TICK_03012025\GFDLNFO_TICK_03012025\Options\MIDCPNIFTY30JAN2513075CE.NFO.csv
2025-10-27 13:55:04,493 [INFO] [root] [MainThread]: Successfully processed: NFO\GFDLNFO_TICK_03012025\GFDLNFO_TICK_03012025\Options\MIDCPNIFTY30JAN2513075CE.NFO.csv
2025-10-27 13:55:04,494 [INFO] [root] [MainThread]: Started processing: NFO\GFDLNFO_TICK_03012025\GFDLNFO_TICK_03012025\Options\MIDCPNIFTY30JAN2513100CE.NFO.csv
2025-10-27 13:55:04,563 [INFO] [root] [MainThread]: Successfully processed: NFO\GFDLNFO_TICK_03012025\GFDLNFO_TICK_03012025\Options\MIDCPNIFTY30JAN2513100CE.NFO.csv
2025-10-27 13:55:04,563 [INFO] [root] [MainThread]: Started processing: NFO\GFDLNFO_TICK_03012025\GFDLNFO_TICK_03012025\Options\MIDCPNIFTY30JAN2513125CE.NFO.csv
2025-10-27 13:55:04,617 [INFO] [root] [MainThread]: Successfully processed: NFO\GFDLNFO_TICK_03012025\GFDLNFO_TICK_03012025\Options\MIDCPNIFTY30JAN2513125CE.NFO.csv
2025-10-27 13:55:04,617 [INFO] [root] [MainThread]: Started processing: NFO\GFDLNFO_TICK_03012025\GFDLNFO_TICK_03012025\Options\MIDCPNIFTY30JAN2513150CE.NFO.csv
2025-10-27 13:55:04,671 [INFO] [root] [MainThread]: Successfully processed: NFO\GFDLNFO_TICK_03012025\GFDLNFO_TICK_03012025\Options\MIDCPNIFTY30JAN2513150CE.NFO.csv
2025-10-27 13:55:04,671 [INFO] [root] [MainThread]: Started processing: NFO\GFDLNFO_TICK_03012025\GFDLNFO_TICK_03012025\Options\MIDCPNIFTY30JAN2513175CE.NFO.csv
2025-10-27 13:55:04,723 [INFO] [root] [MainThread]: Successfully processed: NFO\GFDLNFO_TICK_03012025\GFDLNFO_TICK_03012025\Options\MIDCPNIFTY30JAN2513175CE.NFO.csv
2025-10-27 13:55:04,723 [INFO] [root] [MainThread]: Started processing: NFO\GFDLNFO_TICK_03012025\GFDLNFO_TICK_03012025\Options\MIDCPNIFTY30JAN2513200CE.NFO.csv
2025-10-27 13:55:04,787 [INFO] [root] [MainThread]: Successfully processed: NFO\GFDLNFO_TICK_03012025\GFDLNFO_TICK_03012025\Options\MIDCPNIFTY30JAN2513200CE.NFO.csv
2025-10-27 13:55:04,787 [INFO] [root] [MainThread]: Started processing: NFO\GFDLNFO_TICK_03012025\GFDLNFO_TICK_03012025\Options\MIDCPNIFTY30JAN2513225CE.NFO.csv
2025-10-27 13:55:04,833 [INFO] [root] [MainThread]: Successfully processed: NFO\GFDLNFO_TICK_03012025\GFDLNFO_TICK_03012025\Options\MIDCPNIFTY30JAN2513225CE.NFO.csv
2025-10-27 13:55:04,834 [INFO] [root] [MainThread]: Started processing: NFO\GFDLNFO_TICK_03012025\GFDLNFO_TICK_03012025\Options\MIDCPNIFTY30JAN2513250CE.NFO.csv
2025-10-27 13:55:04,879 [INFO] [root] [MainThread]: Successfully processed: NFO\GFDLNFO_TICK_03012025\GFDLNFO_TICK_03012025\Options\MIDCPNIFTY30JAN2513250CE.NFO.csv
2025-10-27 13:55:04,879 [INFO] [root] [MainThread]: Started processing: NFO\GFDLNFO_TICK_03012025\GFDLNFO_TICK_03012025\Options\MIDCPNIFTY30JAN2513275CE.NFO.csv
2025-10-27 13:55:04,920 [INFO] [root] [MainThread]: Successfully processed: NFO\GFDLNFO_TICK_03012025\GFDLNFO_TICK_03012025\Options\MIDCPNIFTY30JAN2513275CE.NFO.csv
2025-10-27 13:55:04,921 [INFO] [root] [MainThread]: Started processing: NFO\GFDLNFO_TICK_03012025\GFDLNFO_TICK_03012025\Options\MIDCPNIFTY30JAN2513300CE.NFO.csv
2025-10-27 13:55:04,971 [INFO] [root] [MainThread]: Successfully processed: NFO\GFDLNFO_TICK_03012025\GFDLNFO_TICK_03012025\Options\MIDCPNIFTY30JAN2513300CE.NFO.csv
2025-10-27 13:55:04,971 [INFO] [root] [MainThread]: Started processing: NFO\GFDLNFO_TICK_03012025\GFDLNFO_TICK_03012025\Options\MIDCPNIFTY30JAN2513325CE.NFO.csv
2025-10-27 13:55:05,012 [INFO] [root] [MainThread]: Successfully processed: NFO\GFDLNFO_TICK_03012025\GFDLNFO_TICK_03012025\Options\MIDCPNIFTY30JAN2513325CE.NFO.csv
2025-10-27 13:55:05,012 [INFO] [root] [MainThread]: Started processing: NFO\GFDLNFO_TICK_03012025\GFDLNFO_TICK_03012025\Options\MIDCPNIFTY30JAN2513350CE.NFO.csv
2025-10-27 13:55:05,054 [INFO] [root] [MainThread]: Successfully processed: NFO\GFDLNFO_TICK_03012025\GFDLNFO_TICK_03012025\Options\MIDCPNIFTY30JAN2513350CE.NFO.csv
2025-10-27 13:55:05,054 [INFO] [root] [MainThread]: Started processing: NFO\GFDLNFO_TICK_03012025\GFDLNFO_TICK_03012025\Options\MIDCPNIFTY30JAN2513375CE.NFO.csv
2025-10-27 13:55:05,094 [INFO] [root] [MainThread]: Successfully processed: NFO\GFDLNFO_TICK_03012025\GFDLNFO_TICK_03012025\Options\MIDCPNIFTY30JAN2513375CE.NFO.csv
2025-10-27 13:55:05,094 [INFO] [root] [MainThread]: Started processing: NFO\GFDLNFO_TICK_03012025\GFDLNFO_TICK_03012025\Options\MIDCPNIFTY30JAN2513400CE.NFO.csv
2025-10-27 13:55:05,143 [INFO] [root] [MainThread]: Successfully processed: NFO\GFDLNFO_TICK_03012025\GFDLNFO_TICK_03012025\Options\MIDCPNIFTY30JAN2513400CE.NFO.csv
2025-10-27 13:55:05,144 [INFO] [root] [MainThread]: Started processing: NFO\GFDLNFO_TICK_03012025\GFDLNFO_TICK_03012025\Options\MIDCPNIFTY30JAN2513425CE.NFO.csv
2025-10-27 13:55:05,180 [INFO] [root] [MainThread]: Successfully processed: NFO\GFDLNFO_TICK_03012025\GFDLNFO_TICK_03012025\Options\MIDCPNIFTY30JAN2513425CE.NFO.csv
2025-10-27 13:55:05,180 [INFO] [root] [MainThread]: Started processing: NFO\GFDLNFO_TICK_03012025\GFDLNFO_TICK_03012025\Options\MIDCPNIFTY30JAN2513450CE.NFO.csv
2025-10-27 13:55:05,217 [INFO] [root] [MainThread]: Successfully processed: NFO\GFDLNFO_TICK_03012025\GFDLNFO_TICK_03012025\Options\MIDCPNIFTY30JAN2513450CE.NFO.csv
2025-10-27 13:55:05,217 [INFO] [root] [MainThread]: Started processing: NFO\GFDLNFO_TICK_03012025\GFDLNFO_TICK_03012025\Options\MIDCPNIFTY30JAN2513475CE.NFO.csv
2025-10-27 13:55:05,258 [INFO] [root] [MainThread]: Successfully processed: NFO\GFDLNFO_TICK_03012025\GFDLNFO_TICK_03012025\Options\MIDCPNIFTY30JAN2513475CE.NFO.csv
2025-10-27 13:55:05,258 [INFO] [root] [MainThread]: Started processing: NFO\GFDLNFO_TICK_03012025\GFDLNFO_TICK_03012025\Options\MIDCPNIFTY30JAN2513500CE.NFO.csv
2025-10-27 13:55:05,316 [INFO] [root] [MainThread]: Successfully processed: NFO\GFDLNFO_TICK_03012025\GFDLNFO_TICK_03012025\Options\MIDCPNIFTY30JAN2513500CE.NFO.csv
2025-10-27 13:55:05,316 [INFO] [root] [MainThread]: Started processing: NFO\GFDLNFO_TICK_03012025\GFDLNFO_TICK_03012025\Options\MIDCPNIFTY30JAN2513525CE.NFO.csv
2025-10-27 13:55:05,357 [INFO] [root] [MainThread]: Successfully processed: NFO\GFDLNFO_TICK_03012025\GFDLNFO_TICK_03012025\Options\MIDCPNIFTY30JAN2513525CE.NFO.csv
2025-10-27 13:55:05,357 [INFO] [root] [MainThread]: Started processing: NFO\GFDLNFO_TICK_03012025\GFDLNFO_TICK_03012025\Options\MIDCPNIFTY30JAN2513550CE.NFO.csv
2025-10-27 13:55:05,398 [INFO] [root] [MainThread]: Successfully processed: NFO\GFDLNFO_TICK_03012025\GFDLNFO_TICK_03012025\Options\MIDCPNIFTY30JAN2513550CE.NFO.csv
2025-10-27 13:55:05,398 [INFO] [root] [MainThread]: Started processing: NFO\GFDLNFO_TICK_03012025\GFDLNFO_TICK_03012025\Options\MIDCPNIFTY30JAN2513575CE.NFO.csv
2025-10-27 13:55:05,438 [INFO] [root] [MainThread]: Successfully processed: NFO\GFDLNFO_TICK_03012025\GFDLNFO_TICK_03012025\Options\MIDCPNIFTY30JAN2513575CE.NFO.csv
2025-10-27 13:55:05,438 [INFO] [root] [MainThread]: Started processing: NFO\GFDLNFO_TICK_03012025\GFDLNFO_TICK_03012025\Options\MIDCPNIFTY30JAN2513600CE.NFO.csv
2025-10-27 13:55:05,496 [INFO] [root] [MainThread]: Successfully processed: NFO\GFDLNFO_TICK_03012025\GFDLNFO_TICK_03012025\Options\MIDCPNIFTY30JAN2513600CE.NFO.csv
2025-10-27 13:55:05,496 [INFO] [root] [MainThread]: Started processing: NFO\GFDLNFO_TICK_03012025\GFDLNFO_TICK_03012025\Options\MIDCPNIFTY30JAN2513625CE.NFO.csv
2025-10-27 13:55:05,549 [INFO] [root] [MainThread]: Successfully processed: NFO\GFDLNFO_TICK_03012025\GFDLNFO_TICK_03012025\Options\MIDCPNIFTY30JAN2513625CE.NFO.csv
2025-10-27 13:55:05,549 [INFO] [root] [MainThread]: Started processing: NFO\GFDLNFO_TICK_03012025\GFDLNFO_TICK_03012025\Options\MIDCPNIFTY30JAN2513650CE.NFO.csv
2025-10-27 13:55:05,586 [INFO] [root] [MainThread]: Successfully processed: NFO\GFDLNFO_TICK_03012025\GFDLNFO_TICK_03012025\Options\MIDCPNIFTY30JAN2513650CE.NFO.csv
2025-10-27 13:55:05,586 [INFO] [root] [MainThread]: Started processing: NFO\GFDLNFO_TICK_03012025\GFDLNFO_TICK_03012025\Options\MIDCPNIFTY30JAN2513675CE.NFO.csv
2025-10-27 13:55:05,627 [INFO] [root] [MainThread]: Successfully processed: NFO\GFDLNFO_TICK_03012025\GFDLNFO_TICK_03012025\Options\MIDCPNIFTY30JAN2513675CE.NFO.csv
2025-10-27 13:55:05,627 [INFO] [root] [MainThread]: Started processing: NFO\GFDLNFO_TICK_03012025\GFDLNFO_TICK_03012025\Options\MIDCPNIFTY30JAN2513700CE.NFO.csv
2025-10-27 13:55:05,675 [INFO] [root] [MainThread]: Successfully processed: NFO\GFDLNFO_TICK_03012025\GFDLNFO_TICK_03012025\Options\MIDCPNIFTY30JAN2513700CE.NFO.csv
2025-10-27 13:55:05,675 [INFO] [root] [MainThread]: Started processing: NFO\GFDLNFO_TICK_03012025\GFDLNFO_TICK_03012025\Options\MIDCPNIFTY30JAN2513725CE.NFO.csv
2025-10-27 13:55:05,712 [INFO] [root] [MainThread]: Successfully processed: NFO\GFDLNFO_TICK_03012025\GFDLNFO_TICK_03012025\Options\MIDCPNIFTY30JAN2513725CE.NFO.csv
2025-10-27 13:55:05,712 [INFO] [root] [MainThread]: Started processing: NFO\GFDLNFO_TICK_03012025\GFDLNFO_TICK_03012025\Options\MIDCPNIFTY30JAN2513750CE.NFO.csv
2025-10-27 13:55:05,754 [INFO] [root] [MainThread]: Successfully processed: NFO\GFDLNFO_TICK_03012025\GFDLNFO_TICK_03012025\Options\MIDCPNIFTY30JAN2513750CE.NFO.csv
2025-10-27 13:55:05,755 [INFO] [root] [MainThread]: Started processing: NFO\GFDLNFO_TICK_03012025\GFDLNFO_TICK_03012025\Options\MIDCPNIFTY30JAN2513775CE.NFO.csv
2025-10-27 13:55:05,794 [INFO] [root] [MainThread]: Successfully processed: NFO\GFDLNFO_TICK_03012025\GFDLNFO_TICK_03012025\Options\MIDCPNIFTY30JAN2513775CE.NFO.csv
2025-10-27 13:55:05,795 [INFO] [root] [MainThread]: Started processing: NFO\GFDLNFO_TICK_03012025\GFDLNFO_TICK_03012025\Options\MIDCPNIFTY30JAN2513800CE.NFO.csv
2025-10-27 13:55:05,842 [INFO] [root] [MainThread]: Successfully processed: NFO\GFDLNFO_TICK_03012025\GFDLNFO_TICK_03012025\Options\MIDCPNIFTY30JAN2513800CE.NFO.csv
2025-10-27 13:55:05,842 [INFO] [root] [MainThread]: Started processing: NFO\GFDLNFO_TICK_03012025\GFDLNFO_TICK_03012025\Options\MIDCPNIFTY30JAN2513825CE.NFO.csv
2025-10-27 13:55:05,876 [INFO] [root] [MainThread]: Successfully processed: NFO\GFDLNFO_TICK_03012025\GFDLNFO_TICK_03012025\Options\MIDCPNIFTY30JAN2513825CE.NFO.csv
2025-10-27 13:55:05,876 [INFO] [root] [MainThread]: Started processing: NFO\GFDLNFO_TICK_03012025\GFDLNFO_TICK_03012025\Options\MIDCPNIFTY30JAN2513850CE.NFO.csv
2025-10-27 13:55:05,911 [INFO] [root] [MainThread]: Successfully processed: NFO\GFDLNFO_TICK_03012025\GFDLNFO_TICK_03012025\Options\MIDCPNIFTY30JAN2513850CE.NFO.csv
2025-10-27 13:55:05,911 [INFO] [root] [MainThread]: Started processing: NFO\GFDLNFO_TICK_03012025\GFDLNFO_TICK_03012025\Options\MIDCPNIFTY30JAN2513875CE.NFO.csv
2025-10-27 13:55:05,943 [INFO] [root] [MainThread]: Successfully processed: NFO\GFDLNFO_TICK_03012025\GFDLNFO_TICK_03012025\Options\MIDCPNIFTY30JAN2513875CE.NFO.csv
2025-10-27 13:55:05,943 [INFO] [root] [MainThread]: Started processing: NFO\GFDLNFO_TICK_03012025\GFDLNFO_TICK_03012025\Options\MIDCPNIFTY30JAN2513900CE.NFO.csv
2025-10-27 13:55:05,983 [INFO] [root] [MainThread]: Successfully processed: NFO\GFDLNFO_TICK_03012025\GFDLNFO_TICK_03012025\Options\MIDCPNIFTY30JAN2513900CE.NFO.csv
2025-10-27 13:55:05,983 [INFO] [root] [MainThread]: Started processing: NFO\GFDLNFO_TICK_03012025\GFDLNFO_TICK_03012025\Options\MIDCPNIFTY30JAN2513925CE.NFO.csv
2025-10-27 13:55:06,011 [INFO] [root] [MainThread]: Successfully processed: NFO\GFDLNFO_TICK_03012025\GFDLNFO_TICK_03012025\Options\MIDCPNIFTY30JAN2513925CE.NFO.csv
2025-10-27 13:55:06,012 [INFO] [root] [MainThread]: Started processing: NFO\GFDLNFO_TICK_03012025\GFDLNFO_TICK_03012025\Options\MIDCPNIFTY30JAN2513950CE.NFO.csv
2025-10-27 13:55:06,039 [INFO] [root] [MainThread]: Successfully processed: NFO\GFDLNFO_TICK_03012025\GFDLNFO_TICK_03012025\Options\MIDCPNIFTY30JAN2513950CE.NFO.csv
2025-10-27 13:55:06,039 [INFO] [root] [MainThread]: Started processing: NFO\GFDLNFO_TICK_03012025\GFDLNFO_TICK_03012025\Options\MIDCPNIFTY30JAN2514000CE.NFO.csv
2025-10-27 13:55:06,077 [INFO] [root] [MainThread]: Successfully processed: NFO\GFDLNFO_TICK_03012025\GFDLNFO_TICK_03012025\Options\MIDCPNIFTY30JAN2514000CE.NFO.csv
2025-10-27 13:55:06,077 [INFO] [root] [MainThread]: Started processing: NFO\GFDLNFO_TICK_03012025\GFDLNFO_TICK_03012025\Options\MIDCPNIFTY30JAN2514100CE.NFO.csv
2025-10-27 13:55:06,109 [INFO] [root] [MainThread]: Successfully processed: NFO\GFDLNFO_TICK_03012025\GFDLNFO_TICK_03012025\Options\MIDCPNIFTY30JAN2514100CE.NFO.csv
2025-10-27 13:55:06,109 [INFO] [root] [MainThread]: Started processing: NFO\GFDLNFO_TICK_03012025\GFDLNFO_TICK_03012025\Options\MIDCPNIFTY30JAN2514200CE.NFO.csv
2025-10-27 13:55:06,137 [INFO] [root] [MainThread]: Successfully processed: NFO\GFDLNFO_TICK_03012025\GFDLNFO_TICK_03012025\Options\MIDCPNIFTY30JAN2514200CE.NFO.csv
2025-10-27 13:55:06,138 [INFO] [root] [MainThread]: Started processing: NFO\GFDLNFO_TICK_03012025\GFDLNFO_TICK_03012025\Options\MIDCPNIFTY30JAN2514300CE.NFO.csv
2025-10-27 13:55:06,164 [INFO] [root] [MainThread]: Successfully processed: NFO\GFDLNFO_TICK_03012025\GFDLNFO_TICK_03012025\Options\MIDCPNIFTY30JAN2514300CE.NFO.csv
2025-10-27 13:55:06,164 [INFO] [root] [MainThread]: Started processing: NFO\GFDLNFO_TICK_03012025\GFDLNFO_TICK_03012025\Options\MIDCPNIFTY30JAN2514400CE.NFO.csv
2025-10-27 13:55:06,190 [INFO] [root] [MainThread]: Successfully processed: NFO\GFDLNFO_TICK_03012025\GFDLNFO_TICK_03012025\Options\MIDCPNIFTY30JAN2514400CE.NFO.csv
2025-10-27 13:55:06,190 [INFO] [root] [MainThread]: Started processing: NFO\GFDLNFO_TICK_03012025\GFDLNFO_TICK_03012025\Options\MIDCPNIFTY30JAN2514500CE.NFO.csv
2025-10-27 13:55:06,210 [INFO] [root] [MainThread]: Successfully processed: NFO\GFDLNFO_TICK_03012025\GFDLNFO_TICK_03012025\Options\MIDCPNIFTY30JAN2514500CE.NFO.csv
2025-10-27 13:55:06,210 [INFO] [root] [MainThread]: Started processing: NFO\GFDLNFO_TICK_03012025\GFDLNFO_TICK_03012025\Options\MIDCPNIFTY30JAN2514600CE.NFO.csv
2025-10-27 13:55:06,226 [INFO] [root] [MainThread]: Successfully processed: NFO\GFDLNFO_TICK_03012025\GFDLNFO_TICK_03012025\Options\MIDCPNIFTY30JAN2514600CE.NFO.csv
2025-10-27 13:55:06,226 [INFO] [root] [MainThread]: Started processing: NFO\GFDLNFO_TICK_03012025\GFDLNFO_TICK_03012025\Options\MIDCPNIFTY30JAN2514700CE.NFO.csv
2025-10-27 13:55:06,258 [INFO] [root] [MainThread]: Successfully processed: NFO\GFDLNFO_TICK_03012025\GFDLNFO_TICK_03012025\Options\MIDCPNIFTY30JAN2514700CE.NFO.csv
2025-10-27 13:55:06,258 [INFO] [root] [MainThread]: Combining 67 dataframes...
2025-10-27 13:55:06,275 [INFO] [root] [MainThread]: Writing to ProcessedParquet\midcpnifty_call_03012025.parquet (69729 rows)...
2025-10-27 13:55:06,396 [INFO] [root] [MainThread]: Successfully saved 67 option files to ProcessedParquet\midcpnifty_call_03012025.parquet
2025-10-27 13:55:06,396 [INFO] [root] [MainThread]: Utility stopped.
