2025-10-27 20:27:19,911 [INFO] [root] [MainThread]: Utility started.
2025-10-27 20:27:19,912 [INFO] [root] [MainThread]: Processing BANKNIFTY from NFO exchange
2025-10-27 20:27:19,912 [INFO] [root] [MainThread]: Detected yearly folder structure in NFO\GFDLNFO_TICK_03012025
2025-10-27 20:27:20,464 [INFO] [root] [MainThread]: No date subfolders found, extracted date 03012025 from parent folder: GFDLNFO_TICK_03012025
2025-10-27 20:27:20,465 [INFO] [root] [MainThread]: Got following folder info {'03012025': {'NFO\\GFDLNFO_TICK_03012025'}} for processing {'index': 'BANKNIFTY', 'instrument_type': 'put'}.
2025-10-27 20:27:20,468 [INFO] [root] [MainThread]: Started processing folder: NFO\GFDLNFO_TICK_03012025 for {'index': 'BANKNIFTY', 'instrument_type': 'put'}, date: 03012025
2025-10-27 20:27:20,520 [INFO] [root] [MainThread]: Found 170 put option files to process for BANKNIFTY.
2025-10-27 20:27:20,521 [INFO] [root] [MainThread]: Started processing: NFO\GFDLNFO_TICK_03012025\Options\BANKNIFTY25SEP2552500PE.NFO.csv
2025-10-27 20:27:20,569 [INFO] [root] [MainThread]: Successfully processed: NFO\GFDLNFO_TICK_03012025\Options\BANKNIFTY25SEP2552500PE.NFO.csv
2025-10-27 20:27:20,569 [INFO] [root] [MainThread]: Started processing: NFO\GFDLNFO_TICK_03012025\Options\BANKNIFTY26JUN2549500PE.NFO.csv
2025-10-27 20:27:20,650 [INFO] [root] [MainThread]: Successfully processed: NFO\GFDLNFO_TICK_03012025\Options\BANKNIFTY26JUN2549500PE.NFO.csv
2025-10-27 20:27:20,650 [INFO] [root] [MainThread]: Started processing: NFO\GFDLNFO_TICK_03012025\Options\BANKNIFTY27FEB2543500PE.NFO.csv
2025-10-27 20:27:20,690 [INFO] [root] [MainThread]: Successfully processed: NFO\GFDLNFO_TICK_03012025\Options\BANKNIFTY27FEB2543500PE.NFO.csv
2025-10-27 20:27:20,690 [INFO] [root] [MainThread]: Started processing: NFO\GFDLNFO_TICK_03012025\Options\BANKNIFTY27FEB2545000PE.NFO.csv
2025-10-27 20:27:20,749 [INFO] [root] [MainThread]: Successfully processed: NFO\GFDLNFO_TICK_03012025\Options\BANKNIFTY27FEB2545000PE.NFO.csv
2025-10-27 20:27:20,749 [INFO] [root] [MainThread]: Started processing: NFO\GFDLNFO_TICK_03012025\Options\BANKNIFTY27FEB2546000PE.NFO.csv
2025-10-27 20:27:20,795 [INFO] [root] [MainThread]: Successfully processed: NFO\GFDLNFO_TICK_03012025\Options\BANKNIFTY27FEB2546000PE.NFO.csv
2025-10-27 20:27:20,795 [INFO] [root] [MainThread]: Started processing: NFO\GFDLNFO_TICK_03012025\Options\BANKNIFTY27FEB2546500PE.NFO.csv
2025-10-27 20:27:20,837 [INFO] [root] [MainThread]: Successfully processed: NFO\GFDLNFO_TICK_03012025\Options\BANKNIFTY27FEB2546500PE.NFO.csv
2025-10-27 20:27:20,838 [INFO] [root] [MainThread]: Started processing: NFO\GFDLNFO_TICK_03012025\Options\BANKNIFTY27FEB2547000PE.NFO.csv
2025-10-27 20:27:20,934 [INFO] [root] [MainThread]: Successfully processed: NFO\GFDLNFO_TICK_03012025\Options\BANKNIFTY27FEB2547000PE.NFO.csv
2025-10-27 20:27:20,935 [INFO] [root] [MainThread]: Started processing: NFO\GFDLNFO_TICK_03012025\Options\BANKNIFTY27FEB2547500PE.NFO.csv
2025-10-27 20:27:21,035 [INFO] [root] [MainThread]: Successfully processed: NFO\GFDLNFO_TICK_03012025\Options\BANKNIFTY27FEB2547500PE.NFO.csv
2025-10-27 20:27:21,035 [INFO] [root] [MainThread]: Started processing: NFO\GFDLNFO_TICK_03012025\Options\BANKNIFTY27FEB2548000PE.NFO.csv
2025-10-27 20:27:21,120 [INFO] [root] [MainThread]: Successfully processed: NFO\GFDLNFO_TICK_03012025\Options\BANKNIFTY27FEB2548000PE.NFO.csv
2025-10-27 20:27:21,121 [INFO] [root] [MainThread]: Started processing: NFO\GFDLNFO_TICK_03012025\Options\BANKNIFTY27FEB2548100PE.NFO.csv
2025-10-27 20:27:21,173 [INFO] [root] [MainThread]: Successfully processed: NFO\GFDLNFO_TICK_03012025\Options\BANKNIFTY27FEB2548100PE.NFO.csv
2025-10-27 20:27:21,174 [INFO] [root] [MainThread]: Started processing: NFO\GFDLNFO_TICK_03012025\Options\BANKNIFTY27FEB2548500PE.NFO.csv
2025-10-27 20:27:21,270 [INFO] [root] [MainThread]: Successfully processed: NFO\GFDLNFO_TICK_03012025\Options\BANKNIFTY27FEB2548500PE.NFO.csv
2025-10-27 20:27:21,270 [INFO] [root] [MainThread]: Started processing: NFO\GFDLNFO_TICK_03012025\Options\BANKNIFTY27FEB2549000PE.NFO.csv
2025-10-27 20:27:21,361 [INFO] [root] [MainThread]: Successfully processed: NFO\GFDLNFO_TICK_03012025\Options\BANKNIFTY27FEB2549000PE.NFO.csv
2025-10-27 20:27:21,361 [INFO] [root] [MainThread]: Started processing: NFO\GFDLNFO_TICK_03012025\Options\BANKNIFTY27FEB2549200PE.NFO.csv
2025-10-27 20:27:21,414 [INFO] [root] [MainThread]: Successfully processed: NFO\GFDLNFO_TICK_03012025\Options\BANKNIFTY27FEB2549200PE.NFO.csv
2025-10-27 20:27:21,414 [INFO] [root] [MainThread]: Started processing: NFO\GFDLNFO_TICK_03012025\Options\BANKNIFTY27FEB2549500PE.NFO.csv
2025-10-27 20:27:21,501 [INFO] [root] [MainThread]: Successfully processed: NFO\GFDLNFO_TICK_03012025\Options\BANKNIFTY27FEB2549500PE.NFO.csv
2025-10-27 20:27:21,501 [INFO] [root] [MainThread]: Started processing: NFO\GFDLNFO_TICK_03012025\Options\BANKNIFTY27FEB2549600PE.NFO.csv
2025-10-27 20:27:21,563 [INFO] [root] [MainThread]: Successfully processed: NFO\GFDLNFO_TICK_03012025\Options\BANKNIFTY27FEB2549600PE.NFO.csv
2025-10-27 20:27:21,564 [INFO] [root] [MainThread]: Started processing: NFO\GFDLNFO_TICK_03012025\Options\BANKNIFTY27FEB2549800PE.NFO.csv
2025-10-27 20:27:21,614 [INFO] [root] [MainThread]: Successfully processed: NFO\GFDLNFO_TICK_03012025\Options\BANKNIFTY27FEB2549800PE.NFO.csv
2025-10-27 20:27:21,615 [INFO] [root] [MainThread]: Started processing: NFO\GFDLNFO_TICK_03012025\Options\BANKNIFTY27FEB2549900PE.NFO.csv
2025-10-27 20:27:21,663 [INFO] [root] [MainThread]: Successfully processed: NFO\GFDLNFO_TICK_03012025\Options\BANKNIFTY27FEB2549900PE.NFO.csv
2025-10-27 20:27:21,663 [INFO] [root] [MainThread]: Started processing: NFO\GFDLNFO_TICK_03012025\Options\BANKNIFTY27FEB2550000PE.NFO.csv
2025-10-27 20:27:21,755 [INFO] [root] [MainThread]: Successfully processed: NFO\GFDLNFO_TICK_03012025\Options\BANKNIFTY27FEB2550000PE.NFO.csv
2025-10-27 20:27:21,755 [INFO] [root] [MainThread]: Started processing: NFO\GFDLNFO_TICK_03012025\Options\BANKNIFTY27FEB2550100PE.NFO.csv
2025-10-27 20:27:21,832 [INFO] [root] [MainThread]: Successfully processed: NFO\GFDLNFO_TICK_03012025\Options\BANKNIFTY27FEB2550100PE.NFO.csv
2025-10-27 20:27:21,832 [INFO] [root] [MainThread]: Started processing: NFO\GFDLNFO_TICK_03012025\Options\BANKNIFTY27FEB2550200PE.NFO.csv
2025-10-27 20:27:21,884 [INFO] [root] [MainThread]: Successfully processed: NFO\GFDLNFO_TICK_03012025\Options\BANKNIFTY27FEB2550200PE.NFO.csv
2025-10-27 20:27:21,884 [INFO] [root] [MainThread]: Started processing: NFO\GFDLNFO_TICK_03012025\Options\BANKNIFTY27FEB2550400PE.NFO.csv
2025-10-27 20:27:21,948 [INFO] [root] [MainThread]: Successfully processed: NFO\GFDLNFO_TICK_03012025\Options\BANKNIFTY27FEB2550400PE.NFO.csv
2025-10-27 20:27:21,948 [INFO] [root] [MainThread]: Started processing: NFO\GFDLNFO_TICK_03012025\Options\BANKNIFTY27FEB2550500PE.NFO.csv
2025-10-27 20:27:22,033 [INFO] [root] [MainThread]: Successfully processed: NFO\GFDLNFO_TICK_03012025\Options\BANKNIFTY27FEB2550500PE.NFO.csv
2025-10-27 20:27:22,033 [INFO] [root] [MainThread]: Started processing: NFO\GFDLNFO_TICK_03012025\Options\BANKNIFTY27FEB2550600PE.NFO.csv
2025-10-27 20:27:22,091 [INFO] [root] [MainThread]: Successfully processed: NFO\GFDLNFO_TICK_03012025\Options\BANKNIFTY27FEB2550600PE.NFO.csv
2025-10-27 20:27:22,092 [INFO] [root] [MainThread]: Started processing: NFO\GFDLNFO_TICK_03012025\Options\BANKNIFTY27FEB2550700PE.NFO.csv
2025-10-27 20:27:22,153 [INFO] [root] [MainThread]: Successfully processed: NFO\GFDLNFO_TICK_03012025\Options\BANKNIFTY27FEB2550700PE.NFO.csv
2025-10-27 20:27:22,153 [INFO] [root] [MainThread]: Started processing: NFO\GFDLNFO_TICK_03012025\Options\BANKNIFTY27FEB2550800PE.NFO.csv
2025-10-27 20:27:22,222 [INFO] [root] [MainThread]: Successfully processed: NFO\GFDLNFO_TICK_03012025\Options\BANKNIFTY27FEB2550800PE.NFO.csv
2025-10-27 20:27:22,222 [INFO] [root] [MainThread]: Started processing: NFO\GFDLNFO_TICK_03012025\Options\BANKNIFTY27FEB2550900PE.NFO.csv
2025-10-27 20:27:22,275 [INFO] [root] [MainThread]: Successfully processed: NFO\GFDLNFO_TICK_03012025\Options\BANKNIFTY27FEB2550900PE.NFO.csv
2025-10-27 20:27:22,275 [INFO] [root] [MainThread]: Started processing: NFO\GFDLNFO_TICK_03012025\Options\BANKNIFTY27FEB2551000PE.NFO.csv
2025-10-27 20:27:22,332 [INFO] [root] [MainThread]: Successfully processed: NFO\GFDLNFO_TICK_03012025\Options\BANKNIFTY27FEB2551000PE.NFO.csv
2025-10-27 20:27:22,332 [INFO] [root] [MainThread]: Started processing: NFO\GFDLNFO_TICK_03012025\Options\BANKNIFTY27FEB2551100PE.NFO.csv
2025-10-27 20:27:22,384 [INFO] [root] [MainThread]: Successfully processed: NFO\GFDLNFO_TICK_03012025\Options\BANKNIFTY27FEB2551100PE.NFO.csv
2025-10-27 20:27:22,384 [INFO] [root] [MainThread]: Started processing: NFO\GFDLNFO_TICK_03012025\Options\BANKNIFTY27FEB2551200PE.NFO.csv
2025-10-27 20:27:22,430 [INFO] [root] [MainThread]: Successfully processed: NFO\GFDLNFO_TICK_03012025\Options\BANKNIFTY27FEB2551200PE.NFO.csv
2025-10-27 20:27:22,430 [INFO] [root] [MainThread]: Started processing: NFO\GFDLNFO_TICK_03012025\Options\BANKNIFTY27FEB2551300PE.NFO.csv
2025-10-27 20:27:22,478 [INFO] [root] [MainThread]: Successfully processed: NFO\GFDLNFO_TICK_03012025\Options\BANKNIFTY27FEB2551300PE.NFO.csv
2025-10-27 20:27:22,478 [INFO] [root] [MainThread]: Started processing: NFO\GFDLNFO_TICK_03012025\Options\BANKNIFTY27FEB2551400PE.NFO.csv
2025-10-27 20:27:22,524 [INFO] [root] [MainThread]: Successfully processed: NFO\GFDLNFO_TICK_03012025\Options\BANKNIFTY27FEB2551400PE.NFO.csv
2025-10-27 20:27:22,524 [INFO] [root] [MainThread]: Started processing: NFO\GFDLNFO_TICK_03012025\Options\BANKNIFTY27FEB2551500PE.NFO.csv
2025-10-27 20:27:22,581 [INFO] [root] [MainThread]: Successfully processed: NFO\GFDLNFO_TICK_03012025\Options\BANKNIFTY27FEB2551500PE.NFO.csv
2025-10-27 20:27:22,582 [INFO] [root] [MainThread]: Started processing: NFO\GFDLNFO_TICK_03012025\Options\BANKNIFTY27FEB2551600PE.NFO.csv
2025-10-27 20:27:22,646 [INFO] [root] [MainThread]: Successfully processed: NFO\GFDLNFO_TICK_03012025\Options\BANKNIFTY27FEB2551600PE.NFO.csv
2025-10-27 20:27:22,646 [INFO] [root] [MainThread]: Started processing: NFO\GFDLNFO_TICK_03012025\Options\BANKNIFTY27FEB2551700PE.NFO.csv
2025-10-27 20:27:22,715 [INFO] [root] [MainThread]: Successfully processed: NFO\GFDLNFO_TICK_03012025\Options\BANKNIFTY27FEB2551700PE.NFO.csv
2025-10-27 20:27:22,715 [INFO] [root] [MainThread]: Started processing: NFO\GFDLNFO_TICK_03012025\Options\BANKNIFTY27FEB2551800PE.NFO.csv
2025-10-27 20:27:22,782 [INFO] [root] [MainThread]: Successfully processed: NFO\GFDLNFO_TICK_03012025\Options\BANKNIFTY27FEB2551800PE.NFO.csv
2025-10-27 20:27:22,782 [INFO] [root] [MainThread]: Started processing: NFO\GFDLNFO_TICK_03012025\Options\BANKNIFTY27FEB2551900PE.NFO.csv
2025-10-27 20:27:22,843 [INFO] [root] [MainThread]: Successfully processed: NFO\GFDLNFO_TICK_03012025\Options\BANKNIFTY27FEB2551900PE.NFO.csv
2025-10-27 20:27:22,843 [INFO] [root] [MainThread]: Started processing: NFO\GFDLNFO_TICK_03012025\Options\BANKNIFTY27FEB2552000PE.NFO.csv
2025-10-27 20:27:22,908 [INFO] [root] [MainThread]: Successfully processed: NFO\GFDLNFO_TICK_03012025\Options\BANKNIFTY27FEB2552000PE.NFO.csv
2025-10-27 20:27:22,908 [INFO] [root] [MainThread]: Started processing: NFO\GFDLNFO_TICK_03012025\Options\BANKNIFTY27FEB2552100PE.NFO.csv
2025-10-27 20:27:22,982 [INFO] [root] [MainThread]: Successfully processed: NFO\GFDLNFO_TICK_03012025\Options\BANKNIFTY27FEB2552100PE.NFO.csv
2025-10-27 20:27:22,982 [INFO] [root] [MainThread]: Started processing: NFO\GFDLNFO_TICK_03012025\Options\BANKNIFTY27FEB2552200PE.NFO.csv
2025-10-27 20:27:23,049 [INFO] [root] [MainThread]: Successfully processed: NFO\GFDLNFO_TICK_03012025\Options\BANKNIFTY27FEB2552200PE.NFO.csv
2025-10-27 20:27:23,050 [INFO] [root] [MainThread]: Started processing: NFO\GFDLNFO_TICK_03012025\Options\BANKNIFTY27FEB2552300PE.NFO.csv
2025-10-27 20:27:23,112 [INFO] [root] [MainThread]: Successfully processed: NFO\GFDLNFO_TICK_03012025\Options\BANKNIFTY27FEB2552300PE.NFO.csv
2025-10-27 20:27:23,112 [INFO] [root] [MainThread]: Started processing: NFO\GFDLNFO_TICK_03012025\Options\BANKNIFTY27FEB2552400PE.NFO.csv
2025-10-27 20:27:23,170 [INFO] [root] [MainThread]: Successfully processed: NFO\GFDLNFO_TICK_03012025\Options\BANKNIFTY27FEB2552400PE.NFO.csv
2025-10-27 20:27:23,171 [INFO] [root] [MainThread]: Started processing: NFO\GFDLNFO_TICK_03012025\Options\BANKNIFTY27FEB2552500PE.NFO.csv
2025-10-27 20:27:23,235 [INFO] [root] [MainThread]: Successfully processed: NFO\GFDLNFO_TICK_03012025\Options\BANKNIFTY27FEB2552500PE.NFO.csv
2025-10-27 20:27:23,236 [INFO] [root] [MainThread]: Started processing: NFO\GFDLNFO_TICK_03012025\Options\BANKNIFTY27FEB2552600PE.NFO.csv
2025-10-27 20:27:23,305 [INFO] [root] [MainThread]: Successfully processed: NFO\GFDLNFO_TICK_03012025\Options\BANKNIFTY27FEB2552600PE.NFO.csv
2025-10-27 20:27:23,305 [INFO] [root] [MainThread]: Started processing: NFO\GFDLNFO_TICK_03012025\Options\BANKNIFTY27FEB2552700PE.NFO.csv
2025-10-27 20:27:23,352 [INFO] [root] [MainThread]: Successfully processed: NFO\GFDLNFO_TICK_03012025\Options\BANKNIFTY27FEB2552700PE.NFO.csv
2025-10-27 20:27:23,352 [INFO] [root] [MainThread]: Started processing: NFO\GFDLNFO_TICK_03012025\Options\BANKNIFTY27FEB2552800PE.NFO.csv
2025-10-27 20:27:23,402 [INFO] [root] [MainThread]: Successfully processed: NFO\GFDLNFO_TICK_03012025\Options\BANKNIFTY27FEB2552800PE.NFO.csv
2025-10-27 20:27:23,402 [INFO] [root] [MainThread]: Started processing: NFO\GFDLNFO_TICK_03012025\Options\BANKNIFTY27FEB2552900PE.NFO.csv
2025-10-27 20:27:23,427 [INFO] [root] [MainThread]: Successfully processed: NFO\GFDLNFO_TICK_03012025\Options\BANKNIFTY27FEB2552900PE.NFO.csv
2025-10-27 20:27:23,428 [INFO] [root] [MainThread]: Started processing: NFO\GFDLNFO_TICK_03012025\Options\BANKNIFTY27FEB2553000PE.NFO.csv
2025-10-27 20:27:23,483 [INFO] [root] [MainThread]: Successfully processed: NFO\GFDLNFO_TICK_03012025\Options\BANKNIFTY27FEB2553000PE.NFO.csv
2025-10-27 20:27:23,484 [INFO] [root] [MainThread]: Started processing: NFO\GFDLNFO_TICK_03012025\Options\BANKNIFTY27FEB2553100PE.NFO.csv
2025-10-27 20:27:23,528 [INFO] [root] [MainThread]: Successfully processed: NFO\GFDLNFO_TICK_03012025\Options\BANKNIFTY27FEB2553100PE.NFO.csv
2025-10-27 20:27:23,528 [INFO] [root] [MainThread]: Started processing: NFO\GFDLNFO_TICK_03012025\Options\BANKNIFTY27FEB2553200PE.NFO.csv
2025-10-27 20:27:23,555 [INFO] [root] [MainThread]: Successfully processed: NFO\GFDLNFO_TICK_03012025\Options\BANKNIFTY27FEB2553200PE.NFO.csv
2025-10-27 20:27:23,555 [INFO] [root] [MainThread]: Started processing: NFO\GFDLNFO_TICK_03012025\Options\BANKNIFTY27FEB2553500PE.NFO.csv
2025-10-27 20:27:23,604 [INFO] [root] [MainThread]: Successfully processed: NFO\GFDLNFO_TICK_03012025\Options\BANKNIFTY27FEB2553500PE.NFO.csv
2025-10-27 20:27:23,605 [INFO] [root] [MainThread]: Started processing: NFO\GFDLNFO_TICK_03012025\Options\BANKNIFTY27FEB2554000PE.NFO.csv
2025-10-27 20:27:23,658 [INFO] [root] [MainThread]: Successfully processed: NFO\GFDLNFO_TICK_03012025\Options\BANKNIFTY27FEB2554000PE.NFO.csv
2025-10-27 20:27:23,659 [INFO] [root] [MainThread]: Started processing: NFO\GFDLNFO_TICK_03012025\Options\BANKNIFTY27FEB2555000PE.NFO.csv
2025-10-27 20:27:23,706 [INFO] [root] [MainThread]: Successfully processed: NFO\GFDLNFO_TICK_03012025\Options\BANKNIFTY27FEB2555000PE.NFO.csv
2025-10-27 20:27:23,706 [INFO] [root] [MainThread]: Started processing: NFO\GFDLNFO_TICK_03012025\Options\BANKNIFTY27FEB2555500PE.NFO.csv
2025-10-27 20:27:23,756 [INFO] [root] [MainThread]: Successfully processed: NFO\GFDLNFO_TICK_03012025\Options\BANKNIFTY27FEB2555500PE.NFO.csv
2025-10-27 20:27:23,756 [INFO] [root] [MainThread]: Started processing: NFO\GFDLNFO_TICK_03012025\Options\BANKNIFTY27FEB2556000PE.NFO.csv
2025-10-27 20:27:23,820 [INFO] [root] [MainThread]: Successfully processed: NFO\GFDLNFO_TICK_03012025\Options\BANKNIFTY27FEB2556000PE.NFO.csv
2025-10-27 20:27:23,820 [INFO] [root] [MainThread]: Started processing: NFO\GFDLNFO_TICK_03012025\Options\BANKNIFTY27FEB2556500PE.NFO.csv
2025-10-27 20:27:23,871 [INFO] [root] [MainThread]: Successfully processed: NFO\GFDLNFO_TICK_03012025\Options\BANKNIFTY27FEB2556500PE.NFO.csv
2025-10-27 20:27:23,871 [INFO] [root] [MainThread]: Started processing: NFO\GFDLNFO_TICK_03012025\Options\BANKNIFTY27FEB2557000PE.NFO.csv
2025-10-27 20:27:23,925 [INFO] [root] [MainThread]: Successfully processed: NFO\GFDLNFO_TICK_03012025\Options\BANKNIFTY27FEB2557000PE.NFO.csv
2025-10-27 20:27:23,926 [INFO] [root] [MainThread]: Started processing: NFO\GFDLNFO_TICK_03012025\Options\BANKNIFTY27MAR2545000PE.NFO.csv
2025-10-27 20:27:23,954 [INFO] [root] [MainThread]: Successfully processed: NFO\GFDLNFO_TICK_03012025\Options\BANKNIFTY27MAR2545000PE.NFO.csv
2025-10-27 20:27:23,954 [INFO] [root] [MainThread]: Started processing: NFO\GFDLNFO_TICK_03012025\Options\BANKNIFTY27MAR2546500PE.NFO.csv
2025-10-27 20:27:24,006 [INFO] [root] [MainThread]: Successfully processed: NFO\GFDLNFO_TICK_03012025\Options\BANKNIFTY27MAR2546500PE.NFO.csv
2025-10-27 20:27:24,007 [INFO] [root] [MainThread]: Started processing: NFO\GFDLNFO_TICK_03012025\Options\BANKNIFTY27MAR2547000PE.NFO.csv
2025-10-27 20:27:24,062 [INFO] [root] [MainThread]: Successfully processed: NFO\GFDLNFO_TICK_03012025\Options\BANKNIFTY27MAR2547000PE.NFO.csv
2025-10-27 20:27:24,063 [INFO] [root] [MainThread]: Started processing: NFO\GFDLNFO_TICK_03012025\Options\BANKNIFTY27MAR2547500PE.NFO.csv
2025-10-27 20:27:24,118 [INFO] [root] [MainThread]: Successfully processed: NFO\GFDLNFO_TICK_03012025\Options\BANKNIFTY27MAR2547500PE.NFO.csv
2025-10-27 20:27:24,118 [INFO] [root] [MainThread]: Started processing: NFO\GFDLNFO_TICK_03012025\Options\BANKNIFTY27MAR2548000PE.NFO.csv
2025-10-27 20:27:24,175 [INFO] [root] [MainThread]: Successfully processed: NFO\GFDLNFO_TICK_03012025\Options\BANKNIFTY27MAR2548000PE.NFO.csv
2025-10-27 20:27:24,175 [INFO] [root] [MainThread]: Started processing: NFO\GFDLNFO_TICK_03012025\Options\BANKNIFTY27MAR2548100PE.NFO.csv
2025-10-27 20:27:24,204 [INFO] [root] [MainThread]: Successfully processed: NFO\GFDLNFO_TICK_03012025\Options\BANKNIFTY27MAR2548100PE.NFO.csv
2025-10-27 20:27:24,205 [INFO] [root] [MainThread]: Started processing: NFO\GFDLNFO_TICK_03012025\Options\BANKNIFTY27MAR2548500PE.NFO.csv
2025-10-27 20:27:24,252 [INFO] [root] [MainThread]: Successfully processed: NFO\GFDLNFO_TICK_03012025\Options\BANKNIFTY27MAR2548500PE.NFO.csv
2025-10-27 20:27:24,253 [INFO] [root] [MainThread]: Started processing: NFO\GFDLNFO_TICK_03012025\Options\BANKNIFTY27MAR2549000PE.NFO.csv
2025-10-27 20:27:24,304 [INFO] [root] [MainThread]: Successfully processed: NFO\GFDLNFO_TICK_03012025\Options\BANKNIFTY27MAR2549000PE.NFO.csv
2025-10-27 20:27:24,304 [INFO] [root] [MainThread]: Started processing: NFO\GFDLNFO_TICK_03012025\Options\BANKNIFTY27MAR2549500PE.NFO.csv
2025-10-27 20:27:24,359 [INFO] [root] [MainThread]: Successfully processed: NFO\GFDLNFO_TICK_03012025\Options\BANKNIFTY27MAR2549500PE.NFO.csv
2025-10-27 20:27:24,359 [INFO] [root] [MainThread]: Started processing: NFO\GFDLNFO_TICK_03012025\Options\BANKNIFTY27MAR2550000PE.NFO.csv
2025-10-27 20:27:24,416 [INFO] [root] [MainThread]: Successfully processed: NFO\GFDLNFO_TICK_03012025\Options\BANKNIFTY27MAR2550000PE.NFO.csv
2025-10-27 20:27:24,416 [INFO] [root] [MainThread]: Started processing: NFO\GFDLNFO_TICK_03012025\Options\BANKNIFTY27MAR2550500PE.NFO.csv
2025-10-27 20:27:24,468 [INFO] [root] [MainThread]: Successfully processed: NFO\GFDLNFO_TICK_03012025\Options\BANKNIFTY27MAR2550500PE.NFO.csv
2025-10-27 20:27:24,469 [INFO] [root] [MainThread]: Started processing: NFO\GFDLNFO_TICK_03012025\Options\BANKNIFTY27MAR2551000PE.NFO.csv
2025-10-27 20:27:24,532 [INFO] [root] [MainThread]: Successfully processed: NFO\GFDLNFO_TICK_03012025\Options\BANKNIFTY27MAR2551000PE.NFO.csv
2025-10-27 20:27:24,532 [INFO] [root] [MainThread]: Started processing: NFO\GFDLNFO_TICK_03012025\Options\BANKNIFTY27MAR2551200PE.NFO.csv
2025-10-27 20:27:24,587 [INFO] [root] [MainThread]: Successfully processed: NFO\GFDLNFO_TICK_03012025\Options\BANKNIFTY27MAR2551200PE.NFO.csv
2025-10-27 20:27:24,588 [INFO] [root] [MainThread]: Started processing: NFO\GFDLNFO_TICK_03012025\Options\BANKNIFTY27MAR2551500PE.NFO.csv
2025-10-27 20:27:24,631 [INFO] [root] [MainThread]: Successfully processed: NFO\GFDLNFO_TICK_03012025\Options\BANKNIFTY27MAR2551500PE.NFO.csv
2025-10-27 20:27:24,631 [INFO] [root] [MainThread]: Started processing: NFO\GFDLNFO_TICK_03012025\Options\BANKNIFTY27MAR2552000PE.NFO.csv
2025-10-27 20:27:24,683 [INFO] [root] [MainThread]: Successfully processed: NFO\GFDLNFO_TICK_03012025\Options\BANKNIFTY27MAR2552000PE.NFO.csv
2025-10-27 20:27:24,683 [INFO] [root] [MainThread]: Started processing: NFO\GFDLNFO_TICK_03012025\Options\BANKNIFTY27MAR2552500PE.NFO.csv
2025-10-27 20:27:24,732 [INFO] [root] [MainThread]: Successfully processed: NFO\GFDLNFO_TICK_03012025\Options\BANKNIFTY27MAR2552500PE.NFO.csv
2025-10-27 20:27:24,732 [INFO] [root] [MainThread]: Started processing: NFO\GFDLNFO_TICK_03012025\Options\BANKNIFTY27MAR2553000PE.NFO.csv
2025-10-27 20:27:24,785 [INFO] [root] [MainThread]: Successfully processed: NFO\GFDLNFO_TICK_03012025\Options\BANKNIFTY27MAR2553000PE.NFO.csv
2025-10-27 20:27:24,785 [INFO] [root] [MainThread]: Started processing: NFO\GFDLNFO_TICK_03012025\Options\BANKNIFTY27MAR2554000PE.NFO.csv
2025-10-27 20:27:24,829 [INFO] [root] [MainThread]: Successfully processed: NFO\GFDLNFO_TICK_03012025\Options\BANKNIFTY27MAR2554000PE.NFO.csv
2025-10-27 20:27:24,829 [INFO] [root] [MainThread]: Started processing: NFO\GFDLNFO_TICK_03012025\Options\BANKNIFTY27MAR2555500PE.NFO.csv
2025-10-27 20:27:24,860 [INFO] [root] [MainThread]: Successfully processed: NFO\GFDLNFO_TICK_03012025\Options\BANKNIFTY27MAR2555500PE.NFO.csv
2025-10-27 20:27:24,860 [INFO] [root] [MainThread]: Started processing: NFO\GFDLNFO_TICK_03012025\Options\BANKNIFTY30JAN2542500PE.NFO.csv
2025-10-27 20:27:24,925 [INFO] [root] [MainThread]: Successfully processed: NFO\GFDLNFO_TICK_03012025\Options\BANKNIFTY30JAN2542500PE.NFO.csv
2025-10-27 20:27:24,925 [INFO] [root] [MainThread]: Started processing: NFO\GFDLNFO_TICK_03012025\Options\BANKNIFTY30JAN2543000PE.NFO.csv
2025-10-27 20:27:25,024 [INFO] [root] [MainThread]: Successfully processed: NFO\GFDLNFO_TICK_03012025\Options\BANKNIFTY30JAN2543000PE.NFO.csv
2025-10-27 20:27:25,024 [INFO] [root] [MainThread]: Started processing: NFO\GFDLNFO_TICK_03012025\Options\BANKNIFTY30JAN2543500PE.NFO.csv
2025-10-27 20:27:25,102 [INFO] [root] [MainThread]: Successfully processed: NFO\GFDLNFO_TICK_03012025\Options\BANKNIFTY30JAN2543500PE.NFO.csv
2025-10-27 20:27:25,102 [INFO] [root] [MainThread]: Started processing: NFO\GFDLNFO_TICK_03012025\Options\BANKNIFTY30JAN2544000PE.NFO.csv
2025-10-27 20:27:25,190 [INFO] [root] [MainThread]: Successfully processed: NFO\GFDLNFO_TICK_03012025\Options\BANKNIFTY30JAN2544000PE.NFO.csv
2025-10-27 20:27:25,190 [INFO] [root] [MainThread]: Started processing: NFO\GFDLNFO_TICK_03012025\Options\BANKNIFTY30JAN2544500PE.NFO.csv
2025-10-27 20:27:25,259 [INFO] [root] [MainThread]: Successfully processed: NFO\GFDLNFO_TICK_03012025\Options\BANKNIFTY30JAN2544500PE.NFO.csv
2025-10-27 20:27:25,260 [INFO] [root] [MainThread]: Started processing: NFO\GFDLNFO_TICK_03012025\Options\BANKNIFTY30JAN2545000PE.NFO.csv
2025-10-27 20:27:25,351 [INFO] [root] [MainThread]: Successfully processed: NFO\GFDLNFO_TICK_03012025\Options\BANKNIFTY30JAN2545000PE.NFO.csv
2025-10-27 20:27:25,351 [INFO] [root] [MainThread]: Started processing: NFO\GFDLNFO_TICK_03012025\Options\BANKNIFTY30JAN2545500PE.NFO.csv
2025-10-27 20:27:25,442 [INFO] [root] [MainThread]: Successfully processed: NFO\GFDLNFO_TICK_03012025\Options\BANKNIFTY30JAN2545500PE.NFO.csv
2025-10-27 20:27:25,444 [INFO] [root] [MainThread]: Started processing: NFO\GFDLNFO_TICK_03012025\Options\BANKNIFTY30JAN2546000PE.NFO.csv
2025-10-27 20:27:25,550 [INFO] [root] [MainThread]: Successfully processed: NFO\GFDLNFO_TICK_03012025\Options\BANKNIFTY30JAN2546000PE.NFO.csv
2025-10-27 20:27:25,551 [INFO] [root] [MainThread]: Started processing: NFO\GFDLNFO_TICK_03012025\Options\BANKNIFTY30JAN2546500PE.NFO.csv
2025-10-27 20:27:25,665 [INFO] [root] [MainThread]: Successfully processed: NFO\GFDLNFO_TICK_03012025\Options\BANKNIFTY30JAN2546500PE.NFO.csv
2025-10-27 20:27:25,665 [INFO] [root] [MainThread]: Started processing: NFO\GFDLNFO_TICK_03012025\Options\BANKNIFTY30JAN2547000PE.NFO.csv
2025-10-27 20:27:25,798 [INFO] [root] [MainThread]: Successfully processed: NFO\GFDLNFO_TICK_03012025\Options\BANKNIFTY30JAN2547000PE.NFO.csv
2025-10-27 20:27:25,798 [INFO] [root] [MainThread]: Started processing: NFO\GFDLNFO_TICK_03012025\Options\BANKNIFTY30JAN2547100PE.NFO.csv
2025-10-27 20:27:25,885 [INFO] [root] [MainThread]: Successfully processed: NFO\GFDLNFO_TICK_03012025\Options\BANKNIFTY30JAN2547100PE.NFO.csv
2025-10-27 20:27:25,885 [INFO] [root] [MainThread]: Started processing: NFO\GFDLNFO_TICK_03012025\Options\BANKNIFTY30JAN2547200PE.NFO.csv
2025-10-27 20:27:25,980 [INFO] [root] [MainThread]: Successfully processed: NFO\GFDLNFO_TICK_03012025\Options\BANKNIFTY30JAN2547200PE.NFO.csv
2025-10-27 20:27:25,980 [INFO] [root] [MainThread]: Started processing: NFO\GFDLNFO_TICK_03012025\Options\BANKNIFTY30JAN2547300PE.NFO.csv
2025-10-27 20:27:26,069 [INFO] [root] [MainThread]: Successfully processed: NFO\GFDLNFO_TICK_03012025\Options\BANKNIFTY30JAN2547300PE.NFO.csv
2025-10-27 20:27:26,070 [INFO] [root] [MainThread]: Started processing: NFO\GFDLNFO_TICK_03012025\Options\BANKNIFTY30JAN2547400PE.NFO.csv
2025-10-27 20:27:26,165 [INFO] [root] [MainThread]: Successfully processed: NFO\GFDLNFO_TICK_03012025\Options\BANKNIFTY30JAN2547400PE.NFO.csv
2025-10-27 20:27:26,165 [INFO] [root] [MainThread]: Started processing: NFO\GFDLNFO_TICK_03012025\Options\BANKNIFTY30JAN2547500PE.NFO.csv
2025-10-27 20:27:26,300 [INFO] [root] [MainThread]: Successfully processed: NFO\GFDLNFO_TICK_03012025\Options\BANKNIFTY30JAN2547500PE.NFO.csv
2025-10-27 20:27:26,300 [INFO] [root] [MainThread]: Started processing: NFO\GFDLNFO_TICK_03012025\Options\BANKNIFTY30JAN2547600PE.NFO.csv
2025-10-27 20:27:26,419 [INFO] [root] [MainThread]: Successfully processed: NFO\GFDLNFO_TICK_03012025\Options\BANKNIFTY30JAN2547600PE.NFO.csv
2025-10-27 20:27:26,419 [INFO] [root] [MainThread]: Started processing: NFO\GFDLNFO_TICK_03012025\Options\BANKNIFTY30JAN2547700PE.NFO.csv
2025-10-27 20:27:26,539 [INFO] [root] [MainThread]: Successfully processed: NFO\GFDLNFO_TICK_03012025\Options\BANKNIFTY30JAN2547700PE.NFO.csv
2025-10-27 20:27:26,540 [INFO] [root] [MainThread]: Started processing: NFO\GFDLNFO_TICK_03012025\Options\BANKNIFTY30JAN2547800PE.NFO.csv
2025-10-27 20:27:26,685 [INFO] [root] [MainThread]: Successfully processed: NFO\GFDLNFO_TICK_03012025\Options\BANKNIFTY30JAN2547800PE.NFO.csv
2025-10-27 20:27:26,685 [INFO] [root] [MainThread]: Started processing: NFO\GFDLNFO_TICK_03012025\Options\BANKNIFTY30JAN2547900PE.NFO.csv
2025-10-27 20:27:26,821 [INFO] [root] [MainThread]: Successfully processed: NFO\GFDLNFO_TICK_03012025\Options\BANKNIFTY30JAN2547900PE.NFO.csv
2025-10-27 20:27:26,821 [INFO] [root] [MainThread]: Started processing: NFO\GFDLNFO_TICK_03012025\Options\BANKNIFTY30JAN2548000PE.NFO.csv
2025-10-27 20:27:27,032 [INFO] [root] [MainThread]: Successfully processed: NFO\GFDLNFO_TICK_03012025\Options\BANKNIFTY30JAN2548000PE.NFO.csv
2025-10-27 20:27:27,032 [INFO] [root] [MainThread]: Started processing: NFO\GFDLNFO_TICK_03012025\Options\BANKNIFTY30JAN2548100PE.NFO.csv
2025-10-27 20:27:27,175 [INFO] [root] [MainThread]: Successfully processed: NFO\GFDLNFO_TICK_03012025\Options\BANKNIFTY30JAN2548100PE.NFO.csv
2025-10-27 20:27:27,175 [INFO] [root] [MainThread]: Started processing: NFO\GFDLNFO_TICK_03012025\Options\BANKNIFTY30JAN2548200PE.NFO.csv
2025-10-27 20:27:27,281 [INFO] [root] [MainThread]: Successfully processed: NFO\GFDLNFO_TICK_03012025\Options\BANKNIFTY30JAN2548200PE.NFO.csv
2025-10-27 20:27:27,281 [INFO] [root] [MainThread]: Started processing: NFO\GFDLNFO_TICK_03012025\Options\BANKNIFTY30JAN2548300PE.NFO.csv
2025-10-27 20:27:27,416 [INFO] [root] [MainThread]: Successfully processed: NFO\GFDLNFO_TICK_03012025\Options\BANKNIFTY30JAN2548300PE.NFO.csv
2025-10-27 20:27:27,416 [INFO] [root] [MainThread]: Started processing: NFO\GFDLNFO_TICK_03012025\Options\BANKNIFTY30JAN2548400PE.NFO.csv
2025-10-27 20:27:27,574 [INFO] [root] [MainThread]: Successfully processed: NFO\GFDLNFO_TICK_03012025\Options\BANKNIFTY30JAN2548400PE.NFO.csv
2025-10-27 20:27:27,574 [INFO] [root] [MainThread]: Started processing: NFO\GFDLNFO_TICK_03012025\Options\BANKNIFTY30JAN2548500PE.NFO.csv
2025-10-27 20:27:27,776 [INFO] [root] [MainThread]: Successfully processed: NFO\GFDLNFO_TICK_03012025\Options\BANKNIFTY30JAN2548500PE.NFO.csv
2025-10-27 20:27:27,776 [INFO] [root] [MainThread]: Processed 100/170 files...
2025-10-27 20:27:27,777 [INFO] [root] [MainThread]: Started processing: NFO\GFDLNFO_TICK_03012025\Options\BANKNIFTY30JAN2548600PE.NFO.csv
2025-10-27 20:27:27,890 [INFO] [root] [MainThread]: Successfully processed: NFO\GFDLNFO_TICK_03012025\Options\BANKNIFTY30JAN2548600PE.NFO.csv
2025-10-27 20:27:27,891 [INFO] [root] [MainThread]: Started processing: NFO\GFDLNFO_TICK_03012025\Options\BANKNIFTY30JAN2548700PE.NFO.csv
2025-10-27 20:27:28,014 [INFO] [root] [MainThread]: Successfully processed: NFO\GFDLNFO_TICK_03012025\Options\BANKNIFTY30JAN2548700PE.NFO.csv
2025-10-27 20:27:28,015 [INFO] [root] [MainThread]: Started processing: NFO\GFDLNFO_TICK_03012025\Options\BANKNIFTY30JAN2548800PE.NFO.csv
2025-10-27 20:27:28,131 [INFO] [root] [MainThread]: Successfully processed: NFO\GFDLNFO_TICK_03012025\Options\BANKNIFTY30JAN2548800PE.NFO.csv
2025-10-27 20:27:28,131 [INFO] [root] [MainThread]: Started processing: NFO\GFDLNFO_TICK_03012025\Options\BANKNIFTY30JAN2548900PE.NFO.csv
2025-10-27 20:27:28,231 [INFO] [root] [MainThread]: Successfully processed: NFO\GFDLNFO_TICK_03012025\Options\BANKNIFTY30JAN2548900PE.NFO.csv
2025-10-27 20:27:28,231 [INFO] [root] [MainThread]: Started processing: NFO\GFDLNFO_TICK_03012025\Options\BANKNIFTY30JAN2549000PE.NFO.csv
2025-10-27 20:27:28,362 [INFO] [root] [MainThread]: Successfully processed: NFO\GFDLNFO_TICK_03012025\Options\BANKNIFTY30JAN2549000PE.NFO.csv
2025-10-27 20:27:28,363 [INFO] [root] [MainThread]: Started processing: NFO\GFDLNFO_TICK_03012025\Options\BANKNIFTY30JAN2549100PE.NFO.csv
2025-10-27 20:27:28,458 [INFO] [root] [MainThread]: Successfully processed: NFO\GFDLNFO_TICK_03012025\Options\BANKNIFTY30JAN2549100PE.NFO.csv
2025-10-27 20:27:28,458 [INFO] [root] [MainThread]: Started processing: NFO\GFDLNFO_TICK_03012025\Options\BANKNIFTY30JAN2549200PE.NFO.csv
2025-10-27 20:27:28,555 [INFO] [root] [MainThread]: Successfully processed: NFO\GFDLNFO_TICK_03012025\Options\BANKNIFTY30JAN2549200PE.NFO.csv
2025-10-27 20:27:28,555 [INFO] [root] [MainThread]: Started processing: NFO\GFDLNFO_TICK_03012025\Options\BANKNIFTY30JAN2549300PE.NFO.csv
2025-10-27 20:27:28,647 [INFO] [root] [MainThread]: Successfully processed: NFO\GFDLNFO_TICK_03012025\Options\BANKNIFTY30JAN2549300PE.NFO.csv
2025-10-27 20:27:28,647 [INFO] [root] [MainThread]: Started processing: NFO\GFDLNFO_TICK_03012025\Options\BANKNIFTY30JAN2549400PE.NFO.csv
2025-10-27 20:27:28,755 [INFO] [root] [MainThread]: Successfully processed: NFO\GFDLNFO_TICK_03012025\Options\BANKNIFTY30JAN2549400PE.NFO.csv
2025-10-27 20:27:28,755 [INFO] [root] [MainThread]: Started processing: NFO\GFDLNFO_TICK_03012025\Options\BANKNIFTY30JAN2549500PE.NFO.csv
2025-10-27 20:27:28,914 [INFO] [root] [MainThread]: Successfully processed: NFO\GFDLNFO_TICK_03012025\Options\BANKNIFTY30JAN2549500PE.NFO.csv
2025-10-27 20:27:28,915 [INFO] [root] [MainThread]: Started processing: NFO\GFDLNFO_TICK_03012025\Options\BANKNIFTY30JAN2549600PE.NFO.csv
2025-10-27 20:27:29,062 [INFO] [root] [MainThread]: Successfully processed: NFO\GFDLNFO_TICK_03012025\Options\BANKNIFTY30JAN2549600PE.NFO.csv
2025-10-27 20:27:29,062 [INFO] [root] [MainThread]: Started processing: NFO\GFDLNFO_TICK_03012025\Options\BANKNIFTY30JAN2549700PE.NFO.csv
2025-10-27 20:27:29,259 [INFO] [root] [MainThread]: Successfully processed: NFO\GFDLNFO_TICK_03012025\Options\BANKNIFTY30JAN2549700PE.NFO.csv
2025-10-27 20:27:29,260 [INFO] [root] [MainThread]: Started processing: NFO\GFDLNFO_TICK_03012025\Options\BANKNIFTY30JAN2549800PE.NFO.csv
2025-10-27 20:27:29,559 [INFO] [root] [MainThread]: Successfully processed: NFO\GFDLNFO_TICK_03012025\Options\BANKNIFTY30JAN2549800PE.NFO.csv
2025-10-27 20:27:29,559 [INFO] [root] [MainThread]: Started processing: NFO\GFDLNFO_TICK_03012025\Options\BANKNIFTY30JAN2549900PE.NFO.csv
2025-10-27 20:27:29,702 [INFO] [root] [MainThread]: Successfully processed: NFO\GFDLNFO_TICK_03012025\Options\BANKNIFTY30JAN2549900PE.NFO.csv
2025-10-27 20:27:29,702 [INFO] [root] [MainThread]: Started processing: NFO\GFDLNFO_TICK_03012025\Options\BANKNIFTY30JAN2550000PE.NFO.csv
2025-10-27 20:27:29,852 [INFO] [root] [MainThread]: Successfully processed: NFO\GFDLNFO_TICK_03012025\Options\BANKNIFTY30JAN2550000PE.NFO.csv
2025-10-27 20:27:29,852 [INFO] [root] [MainThread]: Started processing: NFO\GFDLNFO_TICK_03012025\Options\BANKNIFTY30JAN2550100PE.NFO.csv
2025-10-27 20:27:29,962 [INFO] [root] [MainThread]: Successfully processed: NFO\GFDLNFO_TICK_03012025\Options\BANKNIFTY30JAN2550100PE.NFO.csv
2025-10-27 20:27:29,962 [INFO] [root] [MainThread]: Started processing: NFO\GFDLNFO_TICK_03012025\Options\BANKNIFTY30JAN2550200PE.NFO.csv
2025-10-27 20:27:30,077 [INFO] [root] [MainThread]: Successfully processed: NFO\GFDLNFO_TICK_03012025\Options\BANKNIFTY30JAN2550200PE.NFO.csv
2025-10-27 20:27:30,077 [INFO] [root] [MainThread]: Started processing: NFO\GFDLNFO_TICK_03012025\Options\BANKNIFTY30JAN2550300PE.NFO.csv
2025-10-27 20:27:30,214 [INFO] [root] [MainThread]: Successfully processed: NFO\GFDLNFO_TICK_03012025\Options\BANKNIFTY30JAN2550300PE.NFO.csv
2025-10-27 20:27:30,214 [INFO] [root] [MainThread]: Started processing: NFO\GFDLNFO_TICK_03012025\Options\BANKNIFTY30JAN2550400PE.NFO.csv
2025-10-27 20:27:30,344 [INFO] [root] [MainThread]: Successfully processed: NFO\GFDLNFO_TICK_03012025\Options\BANKNIFTY30JAN2550400PE.NFO.csv
2025-10-27 20:27:30,345 [INFO] [root] [MainThread]: Started processing: NFO\GFDLNFO_TICK_03012025\Options\BANKNIFTY30JAN2550500PE.NFO.csv
2025-10-27 20:27:30,518 [INFO] [root] [MainThread]: Successfully processed: NFO\GFDLNFO_TICK_03012025\Options\BANKNIFTY30JAN2550500PE.NFO.csv
2025-10-27 20:27:30,520 [INFO] [root] [MainThread]: Started processing: NFO\GFDLNFO_TICK_03012025\Options\BANKNIFTY30JAN2550600PE.NFO.csv
2025-10-27 20:27:30,646 [INFO] [root] [MainThread]: Successfully processed: NFO\GFDLNFO_TICK_03012025\Options\BANKNIFTY30JAN2550600PE.NFO.csv
2025-10-27 20:27:30,646 [INFO] [root] [MainThread]: Started processing: NFO\GFDLNFO_TICK_03012025\Options\BANKNIFTY30JAN2550700PE.NFO.csv
2025-10-27 20:27:30,780 [INFO] [root] [MainThread]: Successfully processed: NFO\GFDLNFO_TICK_03012025\Options\BANKNIFTY30JAN2550700PE.NFO.csv
2025-10-27 20:27:30,780 [INFO] [root] [MainThread]: Started processing: NFO\GFDLNFO_TICK_03012025\Options\BANKNIFTY30JAN2550800PE.NFO.csv
2025-10-27 20:27:30,941 [INFO] [root] [MainThread]: Successfully processed: NFO\GFDLNFO_TICK_03012025\Options\BANKNIFTY30JAN2550800PE.NFO.csv
2025-10-27 20:27:30,941 [INFO] [root] [MainThread]: Started processing: NFO\GFDLNFO_TICK_03012025\Options\BANKNIFTY30JAN2550900PE.NFO.csv
2025-10-27 20:27:31,095 [INFO] [root] [MainThread]: Successfully processed: NFO\GFDLNFO_TICK_03012025\Options\BANKNIFTY30JAN2550900PE.NFO.csv
2025-10-27 20:27:31,095 [INFO] [root] [MainThread]: Started processing: NFO\GFDLNFO_TICK_03012025\Options\BANKNIFTY30JAN2551000PE.NFO.csv
2025-10-27 20:27:31,251 [INFO] [root] [MainThread]: Successfully processed: NFO\GFDLNFO_TICK_03012025\Options\BANKNIFTY30JAN2551000PE.NFO.csv
2025-10-27 20:27:31,251 [INFO] [root] [MainThread]: Started processing: NFO\GFDLNFO_TICK_03012025\Options\BANKNIFTY30JAN2551100PE.NFO.csv
2025-10-27 20:27:31,444 [INFO] [root] [MainThread]: Successfully processed: NFO\GFDLNFO_TICK_03012025\Options\BANKNIFTY30JAN2551100PE.NFO.csv
2025-10-27 20:27:31,444 [INFO] [root] [MainThread]: Started processing: NFO\GFDLNFO_TICK_03012025\Options\BANKNIFTY30JAN2551200PE.NFO.csv
2025-10-27 20:27:31,625 [INFO] [root] [MainThread]: Successfully processed: NFO\GFDLNFO_TICK_03012025\Options\BANKNIFTY30JAN2551200PE.NFO.csv
2025-10-27 20:27:31,625 [INFO] [root] [MainThread]: Started processing: NFO\GFDLNFO_TICK_03012025\Options\BANKNIFTY30JAN2551300PE.NFO.csv
2025-10-27 20:27:31,810 [INFO] [root] [MainThread]: Successfully processed: NFO\GFDLNFO_TICK_03012025\Options\BANKNIFTY30JAN2551300PE.NFO.csv
2025-10-27 20:27:31,810 [INFO] [root] [MainThread]: Started processing: NFO\GFDLNFO_TICK_03012025\Options\BANKNIFTY30JAN2551400PE.NFO.csv
2025-10-27 20:27:31,981 [INFO] [root] [MainThread]: Successfully processed: NFO\GFDLNFO_TICK_03012025\Options\BANKNIFTY30JAN2551400PE.NFO.csv
2025-10-27 20:27:31,981 [INFO] [root] [MainThread]: Started processing: NFO\GFDLNFO_TICK_03012025\Options\BANKNIFTY30JAN2551500PE.NFO.csv
2025-10-27 20:27:32,143 [INFO] [root] [MainThread]: Successfully processed: NFO\GFDLNFO_TICK_03012025\Options\BANKNIFTY30JAN2551500PE.NFO.csv
2025-10-27 20:27:32,143 [INFO] [root] [MainThread]: Started processing: NFO\GFDLNFO_TICK_03012025\Options\BANKNIFTY30JAN2551600PE.NFO.csv
2025-10-27 20:27:32,287 [INFO] [root] [MainThread]: Successfully processed: NFO\GFDLNFO_TICK_03012025\Options\BANKNIFTY30JAN2551600PE.NFO.csv
2025-10-27 20:27:32,287 [INFO] [root] [MainThread]: Started processing: NFO\GFDLNFO_TICK_03012025\Options\BANKNIFTY30JAN2551700PE.NFO.csv
2025-10-27 20:27:32,400 [INFO] [root] [MainThread]: Successfully processed: NFO\GFDLNFO_TICK_03012025\Options\BANKNIFTY30JAN2551700PE.NFO.csv
2025-10-27 20:27:32,401 [INFO] [root] [MainThread]: Started processing: NFO\GFDLNFO_TICK_03012025\Options\BANKNIFTY30JAN2551800PE.NFO.csv
2025-10-27 20:27:32,493 [INFO] [root] [MainThread]: Successfully processed: NFO\GFDLNFO_TICK_03012025\Options\BANKNIFTY30JAN2551800PE.NFO.csv
2025-10-27 20:27:32,493 [INFO] [root] [MainThread]: Started processing: NFO\GFDLNFO_TICK_03012025\Options\BANKNIFTY30JAN2551900PE.NFO.csv
2025-10-27 20:27:32,579 [INFO] [root] [MainThread]: Successfully processed: NFO\GFDLNFO_TICK_03012025\Options\BANKNIFTY30JAN2551900PE.NFO.csv
2025-10-27 20:27:32,579 [INFO] [root] [MainThread]: Started processing: NFO\GFDLNFO_TICK_03012025\Options\BANKNIFTY30JAN2552000PE.NFO.csv
2025-10-27 20:27:32,694 [INFO] [root] [MainThread]: Successfully processed: NFO\GFDLNFO_TICK_03012025\Options\BANKNIFTY30JAN2552000PE.NFO.csv
2025-10-27 20:27:32,695 [INFO] [root] [MainThread]: Started processing: NFO\GFDLNFO_TICK_03012025\Options\BANKNIFTY30JAN2552100PE.NFO.csv
2025-10-27 20:27:32,757 [INFO] [root] [MainThread]: Successfully processed: NFO\GFDLNFO_TICK_03012025\Options\BANKNIFTY30JAN2552100PE.NFO.csv
2025-10-27 20:27:32,757 [INFO] [root] [MainThread]: Started processing: NFO\GFDLNFO_TICK_03012025\Options\BANKNIFTY30JAN2552200PE.NFO.csv
2025-10-27 20:27:32,825 [INFO] [root] [MainThread]: Successfully processed: NFO\GFDLNFO_TICK_03012025\Options\BANKNIFTY30JAN2552200PE.NFO.csv
2025-10-27 20:27:32,825 [INFO] [root] [MainThread]: Started processing: NFO\GFDLNFO_TICK_03012025\Options\BANKNIFTY30JAN2552300PE.NFO.csv
2025-10-27 20:27:32,889 [INFO] [root] [MainThread]: Successfully processed: NFO\GFDLNFO_TICK_03012025\Options\BANKNIFTY30JAN2552300PE.NFO.csv
2025-10-27 20:27:32,889 [INFO] [root] [MainThread]: Started processing: NFO\GFDLNFO_TICK_03012025\Options\BANKNIFTY30JAN2552400PE.NFO.csv
2025-10-27 20:27:32,954 [INFO] [root] [MainThread]: Successfully processed: NFO\GFDLNFO_TICK_03012025\Options\BANKNIFTY30JAN2552400PE.NFO.csv
2025-10-27 20:27:32,954 [INFO] [root] [MainThread]: Started processing: NFO\GFDLNFO_TICK_03012025\Options\BANKNIFTY30JAN2552500PE.NFO.csv
2025-10-27 20:27:33,026 [INFO] [root] [MainThread]: Successfully processed: NFO\GFDLNFO_TICK_03012025\Options\BANKNIFTY30JAN2552500PE.NFO.csv
2025-10-27 20:27:33,026 [INFO] [root] [MainThread]: Started processing: NFO\GFDLNFO_TICK_03012025\Options\BANKNIFTY30JAN2552600PE.NFO.csv
2025-10-27 20:27:33,099 [INFO] [root] [MainThread]: Successfully processed: NFO\GFDLNFO_TICK_03012025\Options\BANKNIFTY30JAN2552600PE.NFO.csv
2025-10-27 20:27:33,099 [INFO] [root] [MainThread]: Started processing: NFO\GFDLNFO_TICK_03012025\Options\BANKNIFTY30JAN2552700PE.NFO.csv
2025-10-27 20:27:33,168 [INFO] [root] [MainThread]: Successfully processed: NFO\GFDLNFO_TICK_03012025\Options\BANKNIFTY30JAN2552700PE.NFO.csv
2025-10-27 20:27:33,168 [INFO] [root] [MainThread]: Started processing: NFO\GFDLNFO_TICK_03012025\Options\BANKNIFTY30JAN2552800PE.NFO.csv
2025-10-27 20:27:33,239 [INFO] [root] [MainThread]: Successfully processed: NFO\GFDLNFO_TICK_03012025\Options\BANKNIFTY30JAN2552800PE.NFO.csv
2025-10-27 20:27:33,240 [INFO] [root] [MainThread]: Started processing: NFO\GFDLNFO_TICK_03012025\Options\BANKNIFTY30JAN2552900PE.NFO.csv
2025-10-27 20:27:33,305 [INFO] [root] [MainThread]: Successfully processed: NFO\GFDLNFO_TICK_03012025\Options\BANKNIFTY30JAN2552900PE.NFO.csv
2025-10-27 20:27:33,305 [INFO] [root] [MainThread]: Started processing: NFO\GFDLNFO_TICK_03012025\Options\BANKNIFTY30JAN2553000PE.NFO.csv
2025-10-27 20:27:33,384 [INFO] [root] [MainThread]: Successfully processed: NFO\GFDLNFO_TICK_03012025\Options\BANKNIFTY30JAN2553000PE.NFO.csv
2025-10-27 20:27:33,385 [INFO] [root] [MainThread]: Started processing: NFO\GFDLNFO_TICK_03012025\Options\BANKNIFTY30JAN2553100PE.NFO.csv
2025-10-27 20:27:33,451 [INFO] [root] [MainThread]: Successfully processed: NFO\GFDLNFO_TICK_03012025\Options\BANKNIFTY30JAN2553100PE.NFO.csv
2025-10-27 20:27:33,451 [INFO] [root] [MainThread]: Started processing: NFO\GFDLNFO_TICK_03012025\Options\BANKNIFTY30JAN2553200PE.NFO.csv
2025-10-27 20:27:33,510 [INFO] [root] [MainThread]: Successfully processed: NFO\GFDLNFO_TICK_03012025\Options\BANKNIFTY30JAN2553200PE.NFO.csv
2025-10-27 20:27:33,510 [INFO] [root] [MainThread]: Started processing: NFO\GFDLNFO_TICK_03012025\Options\BANKNIFTY30JAN2553300PE.NFO.csv
2025-10-27 20:27:33,573 [INFO] [root] [MainThread]: Successfully processed: NFO\GFDLNFO_TICK_03012025\Options\BANKNIFTY30JAN2553300PE.NFO.csv
2025-10-27 20:27:33,574 [INFO] [root] [MainThread]: Started processing: NFO\GFDLNFO_TICK_03012025\Options\BANKNIFTY30JAN2553400PE.NFO.csv
2025-10-27 20:27:33,645 [INFO] [root] [MainThread]: Successfully processed: NFO\GFDLNFO_TICK_03012025\Options\BANKNIFTY30JAN2553400PE.NFO.csv
2025-10-27 20:27:33,645 [INFO] [root] [MainThread]: Started processing: NFO\GFDLNFO_TICK_03012025\Options\BANKNIFTY30JAN2553500PE.NFO.csv
2025-10-27 20:27:33,714 [INFO] [root] [MainThread]: Successfully processed: NFO\GFDLNFO_TICK_03012025\Options\BANKNIFTY30JAN2553500PE.NFO.csv
2025-10-27 20:27:33,714 [INFO] [root] [MainThread]: Started processing: NFO\GFDLNFO_TICK_03012025\Options\BANKNIFTY30JAN2553600PE.NFO.csv
2025-10-27 20:27:33,790 [INFO] [root] [MainThread]: Successfully processed: NFO\GFDLNFO_TICK_03012025\Options\BANKNIFTY30JAN2553600PE.NFO.csv
2025-10-27 20:27:33,790 [INFO] [root] [MainThread]: Started processing: NFO\GFDLNFO_TICK_03012025\Options\BANKNIFTY30JAN2553700PE.NFO.csv
2025-10-27 20:27:33,847 [INFO] [root] [MainThread]: Successfully processed: NFO\GFDLNFO_TICK_03012025\Options\BANKNIFTY30JAN2553700PE.NFO.csv
2025-10-27 20:27:33,847 [INFO] [root] [MainThread]: Started processing: NFO\GFDLNFO_TICK_03012025\Options\BANKNIFTY30JAN2553800PE.NFO.csv
2025-10-27 20:27:33,892 [INFO] [root] [MainThread]: Successfully processed: NFO\GFDLNFO_TICK_03012025\Options\BANKNIFTY30JAN2553800PE.NFO.csv
2025-10-27 20:27:33,893 [INFO] [root] [MainThread]: Started processing: NFO\GFDLNFO_TICK_03012025\Options\BANKNIFTY30JAN2553900PE.NFO.csv
2025-10-27 20:27:33,919 [INFO] [root] [MainThread]: Successfully processed: NFO\GFDLNFO_TICK_03012025\Options\BANKNIFTY30JAN2553900PE.NFO.csv
2025-10-27 20:27:33,920 [INFO] [root] [MainThread]: Started processing: NFO\GFDLNFO_TICK_03012025\Options\BANKNIFTY30JAN2554000PE.NFO.csv
2025-10-27 20:27:33,972 [INFO] [root] [MainThread]: Successfully processed: NFO\GFDLNFO_TICK_03012025\Options\BANKNIFTY30JAN2554000PE.NFO.csv
2025-10-27 20:27:33,972 [INFO] [root] [MainThread]: Started processing: NFO\GFDLNFO_TICK_03012025\Options\BANKNIFTY30JAN2554100PE.NFO.csv
2025-10-27 20:27:33,998 [INFO] [root] [MainThread]: Successfully processed: NFO\GFDLNFO_TICK_03012025\Options\BANKNIFTY30JAN2554100PE.NFO.csv
2025-10-27 20:27:33,998 [INFO] [root] [MainThread]: Started processing: NFO\GFDLNFO_TICK_03012025\Options\BANKNIFTY30JAN2554200PE.NFO.csv
2025-10-27 20:27:34,029 [INFO] [root] [MainThread]: Successfully processed: NFO\GFDLNFO_TICK_03012025\Options\BANKNIFTY30JAN2554200PE.NFO.csv
2025-10-27 20:27:34,030 [INFO] [root] [MainThread]: Started processing: NFO\GFDLNFO_TICK_03012025\Options\BANKNIFTY30JAN2554400PE.NFO.csv
2025-10-27 20:27:34,081 [INFO] [root] [MainThread]: Successfully processed: NFO\GFDLNFO_TICK_03012025\Options\BANKNIFTY30JAN2554400PE.NFO.csv
2025-10-27 20:27:34,082 [INFO] [root] [MainThread]: Started processing: NFO\GFDLNFO_TICK_03012025\Options\BANKNIFTY30JAN2554500PE.NFO.csv
2025-10-27 20:27:34,143 [INFO] [root] [MainThread]: Successfully processed: NFO\GFDLNFO_TICK_03012025\Options\BANKNIFTY30JAN2554500PE.NFO.csv
2025-10-27 20:27:34,143 [INFO] [root] [MainThread]: Started processing: NFO\GFDLNFO_TICK_03012025\Options\BANKNIFTY30JAN2554700PE.NFO.csv
2025-10-27 20:27:34,200 [INFO] [root] [MainThread]: Successfully processed: NFO\GFDLNFO_TICK_03012025\Options\BANKNIFTY30JAN2554700PE.NFO.csv
2025-10-27 20:27:34,201 [INFO] [root] [MainThread]: Started processing: NFO\GFDLNFO_TICK_03012025\Options\BANKNIFTY30JAN2555000PE.NFO.csv
2025-10-27 20:27:34,272 [INFO] [root] [MainThread]: Successfully processed: NFO\GFDLNFO_TICK_03012025\Options\BANKNIFTY30JAN2555000PE.NFO.csv
2025-10-27 20:27:34,272 [INFO] [root] [MainThread]: Started processing: NFO\GFDLNFO_TICK_03012025\Options\BANKNIFTY30JAN2555100PE.NFO.csv
2025-10-27 20:27:34,322 [INFO] [root] [MainThread]: Successfully processed: NFO\GFDLNFO_TICK_03012025\Options\BANKNIFTY30JAN2555100PE.NFO.csv
2025-10-27 20:27:34,323 [INFO] [root] [MainThread]: Started processing: NFO\GFDLNFO_TICK_03012025\Options\BANKNIFTY30JAN2555200PE.NFO.csv
2025-10-27 20:27:34,374 [INFO] [root] [MainThread]: Successfully processed: NFO\GFDLNFO_TICK_03012025\Options\BANKNIFTY30JAN2555200PE.NFO.csv
2025-10-27 20:27:34,375 [INFO] [root] [MainThread]: Started processing: NFO\GFDLNFO_TICK_03012025\Options\BANKNIFTY30JAN2555500PE.NFO.csv
2025-10-27 20:27:34,446 [INFO] [root] [MainThread]: Successfully processed: NFO\GFDLNFO_TICK_03012025\Options\BANKNIFTY30JAN2555500PE.NFO.csv
2025-10-27 20:27:34,446 [INFO] [root] [MainThread]: Started processing: NFO\GFDLNFO_TICK_03012025\Options\BANKNIFTY30JAN2556000PE.NFO.csv
2025-10-27 20:27:34,520 [INFO] [root] [MainThread]: Successfully processed: NFO\GFDLNFO_TICK_03012025\Options\BANKNIFTY30JAN2556000PE.NFO.csv
2025-10-27 20:27:34,520 [INFO] [root] [MainThread]: Started processing: NFO\GFDLNFO_TICK_03012025\Options\BANKNIFTY30JAN2556500PE.NFO.csv
2025-10-27 20:27:34,574 [INFO] [root] [MainThread]: Successfully processed: NFO\GFDLNFO_TICK_03012025\Options\BANKNIFTY30JAN2556500PE.NFO.csv
2025-10-27 20:27:34,574 [INFO] [root] [MainThread]: Started processing: NFO\GFDLNFO_TICK_03012025\Options\BANKNIFTY30JAN2557000PE.NFO.csv
2025-10-27 20:27:34,641 [INFO] [root] [MainThread]: Successfully processed: NFO\GFDLNFO_TICK_03012025\Options\BANKNIFTY30JAN2557000PE.NFO.csv
2025-10-27 20:27:34,642 [INFO] [root] [MainThread]: Started processing: NFO\GFDLNFO_TICK_03012025\Options\BANKNIFTY30JAN2558000PE.NFO.csv
2025-10-27 20:27:34,708 [INFO] [root] [MainThread]: Successfully processed: NFO\GFDLNFO_TICK_03012025\Options\BANKNIFTY30JAN2558000PE.NFO.csv
2025-10-27 20:27:34,708 [INFO] [root] [MainThread]: Started processing: NFO\GFDLNFO_TICK_03012025\Options\BANKNIFTY30JAN2560000PE.NFO.csv
2025-10-27 20:27:34,773 [INFO] [root] [MainThread]: Successfully processed: NFO\GFDLNFO_TICK_03012025\Options\BANKNIFTY30JAN2560000PE.NFO.csv
2025-10-27 20:27:34,773 [INFO] [root] [MainThread]: Started processing: NFO\GFDLNFO_TICK_03012025\Options\BANKNIFTY30JAN2561000PE.NFO.csv
2025-10-27 20:27:34,837 [INFO] [root] [MainThread]: Successfully processed: NFO\GFDLNFO_TICK_03012025\Options\BANKNIFTY30JAN2561000PE.NFO.csv
2025-10-27 20:27:34,837 [INFO] [root] [MainThread]: Combining 170 dataframes...
2025-10-27 20:27:34,914 [INFO] [root] [MainThread]: Writing to ProcessedParquet\banknifty_put_03012025.parquet (399757 rows)...
2025-10-27 20:27:35,485 [INFO] [root] [MainThread]: Successfully saved 170 option files to ProcessedParquet\banknifty_put_03012025.parquet
2025-10-27 20:27:35,485 [INFO] [root] [MainThread]: Utility stopped.
