2025-10-27 20:32:02,173 [INFO] [root] [MainThread]: Utility started.
2025-10-27 20:32:02,173 [INFO] [root] [MainThread]: Processing BANKNIFTY from NFO exchange
2025-10-27 20:32:02,173 [INFO] [root] [MainThread]: Detected yearly folder structure in NFO\GFDLNFO_TICK_03012025
2025-10-27 20:32:02,569 [INFO] [root] [MainThread]: No date subfolders found, extracted date 03012025 from parent folder: GFDLNFO_TICK_03012025
2025-10-27 20:32:02,570 [INFO] [root] [MainThread]: Got following folder info {'03012025': {'NFO\\GFDLNFO_TICK_03012025'}} for processing {'index': 'BANKNIFTY', 'instrument_type': 'put'}.
2025-10-27 20:32:02,580 [INFO] [root] [MainThread]: Started processing folder: NFO\GFDLNFO_TICK_03012025 for {'index': 'BANKNIFTY', 'instrument_type': 'put'}, date: 03012025
2025-10-27 20:32:02,609 [INFO] [root] [MainThread]: Found 170 put option files to process for BANKNIFTY.
2025-10-27 20:32:02,609 [INFO] [root] [MainThread]: Started processing: NFO\GFDLNFO_TICK_03012025\Options\BANKNIFTY25SEP2552500PE.NFO.csv
2025-10-27 20:32:02,625 [INFO] [root] [MainThread]: Successfully processed: NFO\GFDLNFO_TICK_03012025\Options\BANKNIFTY25SEP2552500PE.NFO.csv
2025-10-27 20:32:02,625 [INFO] [root] [MainThread]: Started processing: NFO\GFDLNFO_TICK_03012025\Options\BANKNIFTY26JUN2549500PE.NFO.csv
2025-10-27 20:32:02,652 [INFO] [root] [MainThread]: Successfully processed: NFO\GFDLNFO_TICK_03012025\Options\BANKNIFTY26JUN2549500PE.NFO.csv
2025-10-27 20:32:02,652 [INFO] [root] [MainThread]: Started processing: NFO\GFDLNFO_TICK_03012025\Options\BANKNIFTY27FEB2543500PE.NFO.csv
2025-10-27 20:32:02,660 [INFO] [root] [MainThread]: Successfully processed: NFO\GFDLNFO_TICK_03012025\Options\BANKNIFTY27FEB2543500PE.NFO.csv
2025-10-27 20:32:02,661 [INFO] [root] [MainThread]: Started processing: NFO\GFDLNFO_TICK_03012025\Options\BANKNIFTY27FEB2545000PE.NFO.csv
2025-10-27 20:32:02,681 [INFO] [root] [MainThread]: Successfully processed: NFO\GFDLNFO_TICK_03012025\Options\BANKNIFTY27FEB2545000PE.NFO.csv
2025-10-27 20:32:02,682 [INFO] [root] [MainThread]: Started processing: NFO\GFDLNFO_TICK_03012025\Options\BANKNIFTY27FEB2546000PE.NFO.csv
2025-10-27 20:32:02,697 [INFO] [root] [MainThread]: Successfully processed: NFO\GFDLNFO_TICK_03012025\Options\BANKNIFTY27FEB2546000PE.NFO.csv
2025-10-27 20:32:02,697 [INFO] [root] [MainThread]: Started processing: NFO\GFDLNFO_TICK_03012025\Options\BANKNIFTY27FEB2546500PE.NFO.csv
2025-10-27 20:32:02,714 [INFO] [root] [MainThread]: Successfully processed: NFO\GFDLNFO_TICK_03012025\Options\BANKNIFTY27FEB2546500PE.NFO.csv
2025-10-27 20:32:02,714 [INFO] [root] [MainThread]: Started processing: NFO\GFDLNFO_TICK_03012025\Options\BANKNIFTY27FEB2547000PE.NFO.csv
2025-10-27 20:32:02,748 [INFO] [root] [MainThread]: Successfully processed: NFO\GFDLNFO_TICK_03012025\Options\BANKNIFTY27FEB2547000PE.NFO.csv
2025-10-27 20:32:02,748 [INFO] [root] [MainThread]: Started processing: NFO\GFDLNFO_TICK_03012025\Options\BANKNIFTY27FEB2547500PE.NFO.csv
2025-10-27 20:32:02,781 [INFO] [root] [MainThread]: Successfully processed: NFO\GFDLNFO_TICK_03012025\Options\BANKNIFTY27FEB2547500PE.NFO.csv
2025-10-27 20:32:02,781 [INFO] [root] [MainThread]: Started processing: NFO\GFDLNFO_TICK_03012025\Options\BANKNIFTY27FEB2548000PE.NFO.csv
2025-10-27 20:32:02,811 [INFO] [root] [MainThread]: Successfully processed: NFO\GFDLNFO_TICK_03012025\Options\BANKNIFTY27FEB2548000PE.NFO.csv
2025-10-27 20:32:02,811 [INFO] [root] [MainThread]: Started processing: NFO\GFDLNFO_TICK_03012025\Options\BANKNIFTY27FEB2548100PE.NFO.csv
2025-10-27 20:32:02,827 [INFO] [root] [MainThread]: Successfully processed: NFO\GFDLNFO_TICK_03012025\Options\BANKNIFTY27FEB2548100PE.NFO.csv
2025-10-27 20:32:02,827 [INFO] [root] [MainThread]: Started processing: NFO\GFDLNFO_TICK_03012025\Options\BANKNIFTY27FEB2548500PE.NFO.csv
2025-10-27 20:32:02,868 [INFO] [root] [MainThread]: Successfully processed: NFO\GFDLNFO_TICK_03012025\Options\BANKNIFTY27FEB2548500PE.NFO.csv
2025-10-27 20:32:02,868 [INFO] [root] [MainThread]: Started processing: NFO\GFDLNFO_TICK_03012025\Options\BANKNIFTY27FEB2549000PE.NFO.csv
2025-10-27 20:32:02,920 [INFO] [root] [MainThread]: Successfully processed: NFO\GFDLNFO_TICK_03012025\Options\BANKNIFTY27FEB2549000PE.NFO.csv
2025-10-27 20:32:02,921 [INFO] [root] [MainThread]: Started processing: NFO\GFDLNFO_TICK_03012025\Options\BANKNIFTY27FEB2549200PE.NFO.csv
2025-10-27 20:32:02,939 [INFO] [root] [MainThread]: Successfully processed: NFO\GFDLNFO_TICK_03012025\Options\BANKNIFTY27FEB2549200PE.NFO.csv
2025-10-27 20:32:02,939 [INFO] [root] [MainThread]: Started processing: NFO\GFDLNFO_TICK_03012025\Options\BANKNIFTY27FEB2549500PE.NFO.csv
2025-10-27 20:32:02,984 [INFO] [root] [MainThread]: Successfully processed: NFO\GFDLNFO_TICK_03012025\Options\BANKNIFTY27FEB2549500PE.NFO.csv
2025-10-27 20:32:02,985 [INFO] [root] [MainThread]: Started processing: NFO\GFDLNFO_TICK_03012025\Options\BANKNIFTY27FEB2549600PE.NFO.csv
2025-10-27 20:32:03,003 [INFO] [root] [MainThread]: Successfully processed: NFO\GFDLNFO_TICK_03012025\Options\BANKNIFTY27FEB2549600PE.NFO.csv
2025-10-27 20:32:03,004 [INFO] [root] [MainThread]: Started processing: NFO\GFDLNFO_TICK_03012025\Options\BANKNIFTY27FEB2549800PE.NFO.csv
2025-10-27 20:32:03,026 [INFO] [root] [MainThread]: Successfully processed: NFO\GFDLNFO_TICK_03012025\Options\BANKNIFTY27FEB2549800PE.NFO.csv
2025-10-27 20:32:03,026 [INFO] [root] [MainThread]: Started processing: NFO\GFDLNFO_TICK_03012025\Options\BANKNIFTY27FEB2549900PE.NFO.csv
2025-10-27 20:32:03,048 [INFO] [root] [MainThread]: Successfully processed: NFO\GFDLNFO_TICK_03012025\Options\BANKNIFTY27FEB2549900PE.NFO.csv
2025-10-27 20:32:03,048 [INFO] [root] [MainThread]: Started processing: NFO\GFDLNFO_TICK_03012025\Options\BANKNIFTY27FEB2550000PE.NFO.csv
2025-10-27 20:32:03,091 [INFO] [root] [MainThread]: Successfully processed: NFO\GFDLNFO_TICK_03012025\Options\BANKNIFTY27FEB2550000PE.NFO.csv
2025-10-27 20:32:03,091 [INFO] [root] [MainThread]: Started processing: NFO\GFDLNFO_TICK_03012025\Options\BANKNIFTY27FEB2550100PE.NFO.csv
2025-10-27 20:32:03,113 [INFO] [root] [MainThread]: Successfully processed: NFO\GFDLNFO_TICK_03012025\Options\BANKNIFTY27FEB2550100PE.NFO.csv
2025-10-27 20:32:03,113 [INFO] [root] [MainThread]: Started processing: NFO\GFDLNFO_TICK_03012025\Options\BANKNIFTY27FEB2550200PE.NFO.csv
2025-10-27 20:32:03,137 [INFO] [root] [MainThread]: Successfully processed: NFO\GFDLNFO_TICK_03012025\Options\BANKNIFTY27FEB2550200PE.NFO.csv
2025-10-27 20:32:03,137 [INFO] [root] [MainThread]: Started processing: NFO\GFDLNFO_TICK_03012025\Options\BANKNIFTY27FEB2550400PE.NFO.csv
2025-10-27 20:32:03,160 [INFO] [root] [MainThread]: Successfully processed: NFO\GFDLNFO_TICK_03012025\Options\BANKNIFTY27FEB2550400PE.NFO.csv
2025-10-27 20:32:03,160 [INFO] [root] [MainThread]: Started processing: NFO\GFDLNFO_TICK_03012025\Options\BANKNIFTY27FEB2550500PE.NFO.csv
2025-10-27 20:32:03,199 [INFO] [root] [MainThread]: Successfully processed: NFO\GFDLNFO_TICK_03012025\Options\BANKNIFTY27FEB2550500PE.NFO.csv
2025-10-27 20:32:03,199 [INFO] [root] [MainThread]: Started processing: NFO\GFDLNFO_TICK_03012025\Options\BANKNIFTY27FEB2550600PE.NFO.csv
2025-10-27 20:32:03,230 [INFO] [root] [MainThread]: Successfully processed: NFO\GFDLNFO_TICK_03012025\Options\BANKNIFTY27FEB2550600PE.NFO.csv
2025-10-27 20:32:03,231 [INFO] [root] [MainThread]: Started processing: NFO\GFDLNFO_TICK_03012025\Options\BANKNIFTY27FEB2550700PE.NFO.csv
2025-10-27 20:32:03,263 [INFO] [root] [MainThread]: Successfully processed: NFO\GFDLNFO_TICK_03012025\Options\BANKNIFTY27FEB2550700PE.NFO.csv
2025-10-27 20:32:03,263 [INFO] [root] [MainThread]: Started processing: NFO\GFDLNFO_TICK_03012025\Options\BANKNIFTY27FEB2550800PE.NFO.csv
2025-10-27 20:32:03,304 [INFO] [root] [MainThread]: Successfully processed: NFO\GFDLNFO_TICK_03012025\Options\BANKNIFTY27FEB2550800PE.NFO.csv
2025-10-27 20:32:03,304 [INFO] [root] [MainThread]: Started processing: NFO\GFDLNFO_TICK_03012025\Options\BANKNIFTY27FEB2550900PE.NFO.csv
2025-10-27 20:32:03,343 [INFO] [root] [MainThread]: Successfully processed: NFO\GFDLNFO_TICK_03012025\Options\BANKNIFTY27FEB2550900PE.NFO.csv
2025-10-27 20:32:03,343 [INFO] [root] [MainThread]: Started processing: NFO\GFDLNFO_TICK_03012025\Options\BANKNIFTY27FEB2551000PE.NFO.csv
2025-10-27 20:32:03,388 [INFO] [root] [MainThread]: Successfully processed: NFO\GFDLNFO_TICK_03012025\Options\BANKNIFTY27FEB2551000PE.NFO.csv
2025-10-27 20:32:03,388 [INFO] [root] [MainThread]: Started processing: NFO\GFDLNFO_TICK_03012025\Options\BANKNIFTY27FEB2551100PE.NFO.csv
2025-10-27 20:32:03,430 [INFO] [root] [MainThread]: Successfully processed: NFO\GFDLNFO_TICK_03012025\Options\BANKNIFTY27FEB2551100PE.NFO.csv
2025-10-27 20:32:03,430 [INFO] [root] [MainThread]: Started processing: NFO\GFDLNFO_TICK_03012025\Options\BANKNIFTY27FEB2551200PE.NFO.csv
2025-10-27 20:32:03,466 [INFO] [root] [MainThread]: Successfully processed: NFO\GFDLNFO_TICK_03012025\Options\BANKNIFTY27FEB2551200PE.NFO.csv
2025-10-27 20:32:03,466 [INFO] [root] [MainThread]: Started processing: NFO\GFDLNFO_TICK_03012025\Options\BANKNIFTY27FEB2551300PE.NFO.csv
2025-10-27 20:32:03,504 [INFO] [root] [MainThread]: Successfully processed: NFO\GFDLNFO_TICK_03012025\Options\BANKNIFTY27FEB2551300PE.NFO.csv
2025-10-27 20:32:03,504 [INFO] [root] [MainThread]: Started processing: NFO\GFDLNFO_TICK_03012025\Options\BANKNIFTY27FEB2551400PE.NFO.csv
2025-10-27 20:32:03,541 [INFO] [root] [MainThread]: Successfully processed: NFO\GFDLNFO_TICK_03012025\Options\BANKNIFTY27FEB2551400PE.NFO.csv
2025-10-27 20:32:03,541 [INFO] [root] [MainThread]: Started processing: NFO\GFDLNFO_TICK_03012025\Options\BANKNIFTY27FEB2551500PE.NFO.csv
2025-10-27 20:32:03,581 [INFO] [root] [MainThread]: Successfully processed: NFO\GFDLNFO_TICK_03012025\Options\BANKNIFTY27FEB2551500PE.NFO.csv
2025-10-27 20:32:03,582 [INFO] [root] [MainThread]: Started processing: NFO\GFDLNFO_TICK_03012025\Options\BANKNIFTY27FEB2551600PE.NFO.csv
2025-10-27 20:32:03,619 [INFO] [root] [MainThread]: Successfully processed: NFO\GFDLNFO_TICK_03012025\Options\BANKNIFTY27FEB2551600PE.NFO.csv
2025-10-27 20:32:03,619 [INFO] [root] [MainThread]: Started processing: NFO\GFDLNFO_TICK_03012025\Options\BANKNIFTY27FEB2551700PE.NFO.csv
2025-10-27 20:32:03,659 [INFO] [root] [MainThread]: Successfully processed: NFO\GFDLNFO_TICK_03012025\Options\BANKNIFTY27FEB2551700PE.NFO.csv
2025-10-27 20:32:03,659 [INFO] [root] [MainThread]: Started processing: NFO\GFDLNFO_TICK_03012025\Options\BANKNIFTY27FEB2551800PE.NFO.csv
2025-10-27 20:32:03,695 [INFO] [root] [MainThread]: Successfully processed: NFO\GFDLNFO_TICK_03012025\Options\BANKNIFTY27FEB2551800PE.NFO.csv
2025-10-27 20:32:03,695 [INFO] [root] [MainThread]: Started processing: NFO\GFDLNFO_TICK_03012025\Options\BANKNIFTY27FEB2551900PE.NFO.csv
2025-10-27 20:32:03,731 [INFO] [root] [MainThread]: Successfully processed: NFO\GFDLNFO_TICK_03012025\Options\BANKNIFTY27FEB2551900PE.NFO.csv
2025-10-27 20:32:03,732 [INFO] [root] [MainThread]: Started processing: NFO\GFDLNFO_TICK_03012025\Options\BANKNIFTY27FEB2552000PE.NFO.csv
2025-10-27 20:32:03,772 [INFO] [root] [MainThread]: Successfully processed: NFO\GFDLNFO_TICK_03012025\Options\BANKNIFTY27FEB2552000PE.NFO.csv
2025-10-27 20:32:03,772 [INFO] [root] [MainThread]: Started processing: NFO\GFDLNFO_TICK_03012025\Options\BANKNIFTY27FEB2552100PE.NFO.csv
2025-10-27 20:32:03,813 [INFO] [root] [MainThread]: Successfully processed: NFO\GFDLNFO_TICK_03012025\Options\BANKNIFTY27FEB2552100PE.NFO.csv
2025-10-27 20:32:03,813 [INFO] [root] [MainThread]: Started processing: NFO\GFDLNFO_TICK_03012025\Options\BANKNIFTY27FEB2552200PE.NFO.csv
2025-10-27 20:32:03,850 [INFO] [root] [MainThread]: Successfully processed: NFO\GFDLNFO_TICK_03012025\Options\BANKNIFTY27FEB2552200PE.NFO.csv
2025-10-27 20:32:03,850 [INFO] [root] [MainThread]: Started processing: NFO\GFDLNFO_TICK_03012025\Options\BANKNIFTY27FEB2552300PE.NFO.csv
2025-10-27 20:32:03,885 [INFO] [root] [MainThread]: Successfully processed: NFO\GFDLNFO_TICK_03012025\Options\BANKNIFTY27FEB2552300PE.NFO.csv
2025-10-27 20:32:03,886 [INFO] [root] [MainThread]: Started processing: NFO\GFDLNFO_TICK_03012025\Options\BANKNIFTY27FEB2552400PE.NFO.csv
2025-10-27 20:32:03,924 [INFO] [root] [MainThread]: Successfully processed: NFO\GFDLNFO_TICK_03012025\Options\BANKNIFTY27FEB2552400PE.NFO.csv
2025-10-27 20:32:03,924 [INFO] [root] [MainThread]: Started processing: NFO\GFDLNFO_TICK_03012025\Options\BANKNIFTY27FEB2552500PE.NFO.csv
2025-10-27 20:32:03,963 [INFO] [root] [MainThread]: Successfully processed: NFO\GFDLNFO_TICK_03012025\Options\BANKNIFTY27FEB2552500PE.NFO.csv
2025-10-27 20:32:03,963 [INFO] [root] [MainThread]: Started processing: NFO\GFDLNFO_TICK_03012025\Options\BANKNIFTY27FEB2552600PE.NFO.csv
2025-10-27 20:32:04,002 [INFO] [root] [MainThread]: Successfully processed: NFO\GFDLNFO_TICK_03012025\Options\BANKNIFTY27FEB2552600PE.NFO.csv
2025-10-27 20:32:04,002 [INFO] [root] [MainThread]: Started processing: NFO\GFDLNFO_TICK_03012025\Options\BANKNIFTY27FEB2552700PE.NFO.csv
2025-10-27 20:32:04,027 [INFO] [root] [MainThread]: Successfully processed: NFO\GFDLNFO_TICK_03012025\Options\BANKNIFTY27FEB2552700PE.NFO.csv
2025-10-27 20:32:04,027 [INFO] [root] [MainThread]: Started processing: NFO\GFDLNFO_TICK_03012025\Options\BANKNIFTY27FEB2552800PE.NFO.csv
2025-10-27 20:32:04,056 [INFO] [root] [MainThread]: Successfully processed: NFO\GFDLNFO_TICK_03012025\Options\BANKNIFTY27FEB2552800PE.NFO.csv
2025-10-27 20:32:04,056 [INFO] [root] [MainThread]: Started processing: NFO\GFDLNFO_TICK_03012025\Options\BANKNIFTY27FEB2552900PE.NFO.csv
2025-10-27 20:32:04,069 [INFO] [root] [MainThread]: Successfully processed: NFO\GFDLNFO_TICK_03012025\Options\BANKNIFTY27FEB2552900PE.NFO.csv
2025-10-27 20:32:04,069 [INFO] [root] [MainThread]: Started processing: NFO\GFDLNFO_TICK_03012025\Options\BANKNIFTY27FEB2553000PE.NFO.csv
2025-10-27 20:32:04,108 [INFO] [root] [MainThread]: Successfully processed: NFO\GFDLNFO_TICK_03012025\Options\BANKNIFTY27FEB2553000PE.NFO.csv
2025-10-27 20:32:04,108 [INFO] [root] [MainThread]: Started processing: NFO\GFDLNFO_TICK_03012025\Options\BANKNIFTY27FEB2553100PE.NFO.csv
2025-10-27 20:32:04,131 [INFO] [root] [MainThread]: Successfully processed: NFO\GFDLNFO_TICK_03012025\Options\BANKNIFTY27FEB2553100PE.NFO.csv
2025-10-27 20:32:04,131 [INFO] [root] [MainThread]: Started processing: NFO\GFDLNFO_TICK_03012025\Options\BANKNIFTY27FEB2553200PE.NFO.csv
2025-10-27 20:32:04,141 [INFO] [root] [MainThread]: Successfully processed: NFO\GFDLNFO_TICK_03012025\Options\BANKNIFTY27FEB2553200PE.NFO.csv
2025-10-27 20:32:04,141 [INFO] [root] [MainThread]: Started processing: NFO\GFDLNFO_TICK_03012025\Options\BANKNIFTY27FEB2553500PE.NFO.csv
2025-10-27 20:32:04,173 [INFO] [root] [MainThread]: Successfully processed: NFO\GFDLNFO_TICK_03012025\Options\BANKNIFTY27FEB2553500PE.NFO.csv
2025-10-27 20:32:04,174 [INFO] [root] [MainThread]: Started processing: NFO\GFDLNFO_TICK_03012025\Options\BANKNIFTY27FEB2554000PE.NFO.csv
2025-10-27 20:32:04,209 [INFO] [root] [MainThread]: Successfully processed: NFO\GFDLNFO_TICK_03012025\Options\BANKNIFTY27FEB2554000PE.NFO.csv
2025-10-27 20:32:04,209 [INFO] [root] [MainThread]: Started processing: NFO\GFDLNFO_TICK_03012025\Options\BANKNIFTY27FEB2555000PE.NFO.csv
2025-10-27 20:32:04,237 [INFO] [root] [MainThread]: Successfully processed: NFO\GFDLNFO_TICK_03012025\Options\BANKNIFTY27FEB2555000PE.NFO.csv
2025-10-27 20:32:04,237 [INFO] [root] [MainThread]: Started processing: NFO\GFDLNFO_TICK_03012025\Options\BANKNIFTY27FEB2555500PE.NFO.csv
2025-10-27 20:32:04,269 [INFO] [root] [MainThread]: Successfully processed: NFO\GFDLNFO_TICK_03012025\Options\BANKNIFTY27FEB2555500PE.NFO.csv
2025-10-27 20:32:04,269 [INFO] [root] [MainThread]: Started processing: NFO\GFDLNFO_TICK_03012025\Options\BANKNIFTY27FEB2556000PE.NFO.csv
2025-10-27 20:32:04,303 [INFO] [root] [MainThread]: Successfully processed: NFO\GFDLNFO_TICK_03012025\Options\BANKNIFTY27FEB2556000PE.NFO.csv
2025-10-27 20:32:04,303 [INFO] [root] [MainThread]: Started processing: NFO\GFDLNFO_TICK_03012025\Options\BANKNIFTY27FEB2556500PE.NFO.csv
2025-10-27 20:32:04,330 [INFO] [root] [MainThread]: Successfully processed: NFO\GFDLNFO_TICK_03012025\Options\BANKNIFTY27FEB2556500PE.NFO.csv
2025-10-27 20:32:04,330 [INFO] [root] [MainThread]: Started processing: NFO\GFDLNFO_TICK_03012025\Options\BANKNIFTY27FEB2557000PE.NFO.csv
2025-10-27 20:32:04,359 [INFO] [root] [MainThread]: Successfully processed: NFO\GFDLNFO_TICK_03012025\Options\BANKNIFTY27FEB2557000PE.NFO.csv
2025-10-27 20:32:04,359 [INFO] [root] [MainThread]: Started processing: NFO\GFDLNFO_TICK_03012025\Options\BANKNIFTY27MAR2545000PE.NFO.csv
2025-10-27 20:32:04,369 [INFO] [root] [MainThread]: Successfully processed: NFO\GFDLNFO_TICK_03012025\Options\BANKNIFTY27MAR2545000PE.NFO.csv
2025-10-27 20:32:04,369 [INFO] [root] [MainThread]: Started processing: NFO\GFDLNFO_TICK_03012025\Options\BANKNIFTY27MAR2546500PE.NFO.csv
2025-10-27 20:32:04,395 [INFO] [root] [MainThread]: Successfully processed: NFO\GFDLNFO_TICK_03012025\Options\BANKNIFTY27MAR2546500PE.NFO.csv
2025-10-27 20:32:04,396 [INFO] [root] [MainThread]: Started processing: NFO\GFDLNFO_TICK_03012025\Options\BANKNIFTY27MAR2547000PE.NFO.csv
2025-10-27 20:32:04,421 [INFO] [root] [MainThread]: Successfully processed: NFO\GFDLNFO_TICK_03012025\Options\BANKNIFTY27MAR2547000PE.NFO.csv
2025-10-27 20:32:04,421 [INFO] [root] [MainThread]: Started processing: NFO\GFDLNFO_TICK_03012025\Options\BANKNIFTY27MAR2547500PE.NFO.csv
2025-10-27 20:32:04,450 [INFO] [root] [MainThread]: Successfully processed: NFO\GFDLNFO_TICK_03012025\Options\BANKNIFTY27MAR2547500PE.NFO.csv
2025-10-27 20:32:04,450 [INFO] [root] [MainThread]: Started processing: NFO\GFDLNFO_TICK_03012025\Options\BANKNIFTY27MAR2548000PE.NFO.csv
2025-10-27 20:32:04,476 [INFO] [root] [MainThread]: Successfully processed: NFO\GFDLNFO_TICK_03012025\Options\BANKNIFTY27MAR2548000PE.NFO.csv
2025-10-27 20:32:04,477 [INFO] [root] [MainThread]: Started processing: NFO\GFDLNFO_TICK_03012025\Options\BANKNIFTY27MAR2548100PE.NFO.csv
2025-10-27 20:32:04,485 [INFO] [root] [MainThread]: Successfully processed: NFO\GFDLNFO_TICK_03012025\Options\BANKNIFTY27MAR2548100PE.NFO.csv
2025-10-27 20:32:04,485 [INFO] [root] [MainThread]: Started processing: NFO\GFDLNFO_TICK_03012025\Options\BANKNIFTY27MAR2548500PE.NFO.csv
2025-10-27 20:32:04,501 [INFO] [root] [MainThread]: Successfully processed: NFO\GFDLNFO_TICK_03012025\Options\BANKNIFTY27MAR2548500PE.NFO.csv
2025-10-27 20:32:04,502 [INFO] [root] [MainThread]: Started processing: NFO\GFDLNFO_TICK_03012025\Options\BANKNIFTY27MAR2549000PE.NFO.csv
2025-10-27 20:32:04,526 [INFO] [root] [MainThread]: Successfully processed: NFO\GFDLNFO_TICK_03012025\Options\BANKNIFTY27MAR2549000PE.NFO.csv
2025-10-27 20:32:04,527 [INFO] [root] [MainThread]: Started processing: NFO\GFDLNFO_TICK_03012025\Options\BANKNIFTY27MAR2549500PE.NFO.csv
2025-10-27 20:32:04,555 [INFO] [root] [MainThread]: Successfully processed: NFO\GFDLNFO_TICK_03012025\Options\BANKNIFTY27MAR2549500PE.NFO.csv
2025-10-27 20:32:04,555 [INFO] [root] [MainThread]: Started processing: NFO\GFDLNFO_TICK_03012025\Options\BANKNIFTY27MAR2550000PE.NFO.csv
2025-10-27 20:32:04,586 [INFO] [root] [MainThread]: Successfully processed: NFO\GFDLNFO_TICK_03012025\Options\BANKNIFTY27MAR2550000PE.NFO.csv
2025-10-27 20:32:04,586 [INFO] [root] [MainThread]: Started processing: NFO\GFDLNFO_TICK_03012025\Options\BANKNIFTY27MAR2550500PE.NFO.csv
2025-10-27 20:32:04,613 [INFO] [root] [MainThread]: Successfully processed: NFO\GFDLNFO_TICK_03012025\Options\BANKNIFTY27MAR2550500PE.NFO.csv
2025-10-27 20:32:04,613 [INFO] [root] [MainThread]: Started processing: NFO\GFDLNFO_TICK_03012025\Options\BANKNIFTY27MAR2551000PE.NFO.csv
2025-10-27 20:32:04,649 [INFO] [root] [MainThread]: Successfully processed: NFO\GFDLNFO_TICK_03012025\Options\BANKNIFTY27MAR2551000PE.NFO.csv
2025-10-27 20:32:04,649 [INFO] [root] [MainThread]: Started processing: NFO\GFDLNFO_TICK_03012025\Options\BANKNIFTY27MAR2551200PE.NFO.csv
2025-10-27 20:32:04,677 [INFO] [root] [MainThread]: Successfully processed: NFO\GFDLNFO_TICK_03012025\Options\BANKNIFTY27MAR2551200PE.NFO.csv
2025-10-27 20:32:04,677 [INFO] [root] [MainThread]: Started processing: NFO\GFDLNFO_TICK_03012025\Options\BANKNIFTY27MAR2551500PE.NFO.csv
2025-10-27 20:32:04,703 [INFO] [root] [MainThread]: Successfully processed: NFO\GFDLNFO_TICK_03012025\Options\BANKNIFTY27MAR2551500PE.NFO.csv
2025-10-27 20:32:04,703 [INFO] [root] [MainThread]: Started processing: NFO\GFDLNFO_TICK_03012025\Options\BANKNIFTY27MAR2552000PE.NFO.csv
2025-10-27 20:32:04,733 [INFO] [root] [MainThread]: Successfully processed: NFO\GFDLNFO_TICK_03012025\Options\BANKNIFTY27MAR2552000PE.NFO.csv
2025-10-27 20:32:04,733 [INFO] [root] [MainThread]: Started processing: NFO\GFDLNFO_TICK_03012025\Options\BANKNIFTY27MAR2552500PE.NFO.csv
2025-10-27 20:32:04,764 [INFO] [root] [MainThread]: Successfully processed: NFO\GFDLNFO_TICK_03012025\Options\BANKNIFTY27MAR2552500PE.NFO.csv
2025-10-27 20:32:04,764 [INFO] [root] [MainThread]: Started processing: NFO\GFDLNFO_TICK_03012025\Options\BANKNIFTY27MAR2553000PE.NFO.csv
2025-10-27 20:32:04,794 [INFO] [root] [MainThread]: Successfully processed: NFO\GFDLNFO_TICK_03012025\Options\BANKNIFTY27MAR2553000PE.NFO.csv
2025-10-27 20:32:04,794 [INFO] [root] [MainThread]: Started processing: NFO\GFDLNFO_TICK_03012025\Options\BANKNIFTY27MAR2554000PE.NFO.csv
2025-10-27 20:32:04,821 [INFO] [root] [MainThread]: Successfully processed: NFO\GFDLNFO_TICK_03012025\Options\BANKNIFTY27MAR2554000PE.NFO.csv
2025-10-27 20:32:04,821 [INFO] [root] [MainThread]: Started processing: NFO\GFDLNFO_TICK_03012025\Options\BANKNIFTY27MAR2555500PE.NFO.csv
2025-10-27 20:32:04,836 [INFO] [root] [MainThread]: Successfully processed: NFO\GFDLNFO_TICK_03012025\Options\BANKNIFTY27MAR2555500PE.NFO.csv
2025-10-27 20:32:04,836 [INFO] [root] [MainThread]: Started processing: NFO\GFDLNFO_TICK_03012025\Options\BANKNIFTY30JAN2542500PE.NFO.csv
2025-10-27 20:32:04,881 [INFO] [root] [MainThread]: Successfully processed: NFO\GFDLNFO_TICK_03012025\Options\BANKNIFTY30JAN2542500PE.NFO.csv
2025-10-27 20:32:04,881 [INFO] [root] [MainThread]: Started processing: NFO\GFDLNFO_TICK_03012025\Options\BANKNIFTY30JAN2543000PE.NFO.csv
2025-10-27 20:32:04,913 [INFO] [root] [MainThread]: Successfully processed: NFO\GFDLNFO_TICK_03012025\Options\BANKNIFTY30JAN2543000PE.NFO.csv
2025-10-27 20:32:04,913 [INFO] [root] [MainThread]: Started processing: NFO\GFDLNFO_TICK_03012025\Options\BANKNIFTY30JAN2543500PE.NFO.csv
2025-10-27 20:32:04,950 [INFO] [root] [MainThread]: Successfully processed: NFO\GFDLNFO_TICK_03012025\Options\BANKNIFTY30JAN2543500PE.NFO.csv
2025-10-27 20:32:04,950 [INFO] [root] [MainThread]: Started processing: NFO\GFDLNFO_TICK_03012025\Options\BANKNIFTY30JAN2544000PE.NFO.csv
2025-10-27 20:32:04,977 [INFO] [root] [MainThread]: Successfully processed: NFO\GFDLNFO_TICK_03012025\Options\BANKNIFTY30JAN2544000PE.NFO.csv
2025-10-27 20:32:04,977 [INFO] [root] [MainThread]: Started processing: NFO\GFDLNFO_TICK_03012025\Options\BANKNIFTY30JAN2544500PE.NFO.csv
2025-10-27 20:32:05,012 [INFO] [root] [MainThread]: Successfully processed: NFO\GFDLNFO_TICK_03012025\Options\BANKNIFTY30JAN2544500PE.NFO.csv
2025-10-27 20:32:05,012 [INFO] [root] [MainThread]: Started processing: NFO\GFDLNFO_TICK_03012025\Options\BANKNIFTY30JAN2545000PE.NFO.csv
2025-10-27 20:32:05,065 [INFO] [root] [MainThread]: Successfully processed: NFO\GFDLNFO_TICK_03012025\Options\BANKNIFTY30JAN2545000PE.NFO.csv
2025-10-27 20:32:05,065 [INFO] [root] [MainThread]: Started processing: NFO\GFDLNFO_TICK_03012025\Options\BANKNIFTY30JAN2545500PE.NFO.csv
2025-10-27 20:32:05,110 [INFO] [root] [MainThread]: Successfully processed: NFO\GFDLNFO_TICK_03012025\Options\BANKNIFTY30JAN2545500PE.NFO.csv
2025-10-27 20:32:05,111 [INFO] [root] [MainThread]: Started processing: NFO\GFDLNFO_TICK_03012025\Options\BANKNIFTY30JAN2546000PE.NFO.csv
2025-10-27 20:32:05,169 [INFO] [root] [MainThread]: Successfully processed: NFO\GFDLNFO_TICK_03012025\Options\BANKNIFTY30JAN2546000PE.NFO.csv
2025-10-27 20:32:05,169 [INFO] [root] [MainThread]: Started processing: NFO\GFDLNFO_TICK_03012025\Options\BANKNIFTY30JAN2546500PE.NFO.csv
2025-10-27 20:32:05,235 [INFO] [root] [MainThread]: Successfully processed: NFO\GFDLNFO_TICK_03012025\Options\BANKNIFTY30JAN2546500PE.NFO.csv
2025-10-27 20:32:05,235 [INFO] [root] [MainThread]: Started processing: NFO\GFDLNFO_TICK_03012025\Options\BANKNIFTY30JAN2547000PE.NFO.csv
2025-10-27 20:32:05,311 [INFO] [root] [MainThread]: Successfully processed: NFO\GFDLNFO_TICK_03012025\Options\BANKNIFTY30JAN2547000PE.NFO.csv
2025-10-27 20:32:05,311 [INFO] [root] [MainThread]: Started processing: NFO\GFDLNFO_TICK_03012025\Options\BANKNIFTY30JAN2547100PE.NFO.csv
2025-10-27 20:32:05,358 [INFO] [root] [MainThread]: Successfully processed: NFO\GFDLNFO_TICK_03012025\Options\BANKNIFTY30JAN2547100PE.NFO.csv
2025-10-27 20:32:05,358 [INFO] [root] [MainThread]: Started processing: NFO\GFDLNFO_TICK_03012025\Options\BANKNIFTY30JAN2547200PE.NFO.csv
2025-10-27 20:32:05,401 [INFO] [root] [MainThread]: Successfully processed: NFO\GFDLNFO_TICK_03012025\Options\BANKNIFTY30JAN2547200PE.NFO.csv
2025-10-27 20:32:05,401 [INFO] [root] [MainThread]: Started processing: NFO\GFDLNFO_TICK_03012025\Options\BANKNIFTY30JAN2547300PE.NFO.csv
2025-10-27 20:32:05,442 [INFO] [root] [MainThread]: Successfully processed: NFO\GFDLNFO_TICK_03012025\Options\BANKNIFTY30JAN2547300PE.NFO.csv
2025-10-27 20:32:05,442 [INFO] [root] [MainThread]: Started processing: NFO\GFDLNFO_TICK_03012025\Options\BANKNIFTY30JAN2547400PE.NFO.csv
2025-10-27 20:32:05,486 [INFO] [root] [MainThread]: Successfully processed: NFO\GFDLNFO_TICK_03012025\Options\BANKNIFTY30JAN2547400PE.NFO.csv
2025-10-27 20:32:05,487 [INFO] [root] [MainThread]: Started processing: NFO\GFDLNFO_TICK_03012025\Options\BANKNIFTY30JAN2547500PE.NFO.csv
2025-10-27 20:32:05,559 [INFO] [root] [MainThread]: Successfully processed: NFO\GFDLNFO_TICK_03012025\Options\BANKNIFTY30JAN2547500PE.NFO.csv
2025-10-27 20:32:05,560 [INFO] [root] [MainThread]: Started processing: NFO\GFDLNFO_TICK_03012025\Options\BANKNIFTY30JAN2547600PE.NFO.csv
2025-10-27 20:32:05,610 [INFO] [root] [MainThread]: Successfully processed: NFO\GFDLNFO_TICK_03012025\Options\BANKNIFTY30JAN2547600PE.NFO.csv
2025-10-27 20:32:05,610 [INFO] [root] [MainThread]: Started processing: NFO\GFDLNFO_TICK_03012025\Options\BANKNIFTY30JAN2547700PE.NFO.csv
2025-10-27 20:32:05,661 [INFO] [root] [MainThread]: Successfully processed: NFO\GFDLNFO_TICK_03012025\Options\BANKNIFTY30JAN2547700PE.NFO.csv
2025-10-27 20:32:05,661 [INFO] [root] [MainThread]: Started processing: NFO\GFDLNFO_TICK_03012025\Options\BANKNIFTY30JAN2547800PE.NFO.csv
2025-10-27 20:32:05,710 [INFO] [root] [MainThread]: Successfully processed: NFO\GFDLNFO_TICK_03012025\Options\BANKNIFTY30JAN2547800PE.NFO.csv
2025-10-27 20:32:05,710 [INFO] [root] [MainThread]: Started processing: NFO\GFDLNFO_TICK_03012025\Options\BANKNIFTY30JAN2547900PE.NFO.csv
2025-10-27 20:32:05,758 [INFO] [root] [MainThread]: Successfully processed: NFO\GFDLNFO_TICK_03012025\Options\BANKNIFTY30JAN2547900PE.NFO.csv
2025-10-27 20:32:05,759 [INFO] [root] [MainThread]: Started processing: NFO\GFDLNFO_TICK_03012025\Options\BANKNIFTY30JAN2548000PE.NFO.csv
2025-10-27 20:32:05,829 [INFO] [root] [MainThread]: Successfully processed: NFO\GFDLNFO_TICK_03012025\Options\BANKNIFTY30JAN2548000PE.NFO.csv
2025-10-27 20:32:05,829 [INFO] [root] [MainThread]: Started processing: NFO\GFDLNFO_TICK_03012025\Options\BANKNIFTY30JAN2548100PE.NFO.csv
2025-10-27 20:32:05,877 [INFO] [root] [MainThread]: Successfully processed: NFO\GFDLNFO_TICK_03012025\Options\BANKNIFTY30JAN2548100PE.NFO.csv
2025-10-27 20:32:05,878 [INFO] [root] [MainThread]: Started processing: NFO\GFDLNFO_TICK_03012025\Options\BANKNIFTY30JAN2548200PE.NFO.csv
2025-10-27 20:32:05,924 [INFO] [root] [MainThread]: Successfully processed: NFO\GFDLNFO_TICK_03012025\Options\BANKNIFTY30JAN2548200PE.NFO.csv
2025-10-27 20:32:05,924 [INFO] [root] [MainThread]: Started processing: NFO\GFDLNFO_TICK_03012025\Options\BANKNIFTY30JAN2548300PE.NFO.csv
2025-10-27 20:32:05,977 [INFO] [root] [MainThread]: Successfully processed: NFO\GFDLNFO_TICK_03012025\Options\BANKNIFTY30JAN2548300PE.NFO.csv
2025-10-27 20:32:05,977 [INFO] [root] [MainThread]: Started processing: NFO\GFDLNFO_TICK_03012025\Options\BANKNIFTY30JAN2548400PE.NFO.csv
2025-10-27 20:32:06,033 [INFO] [root] [MainThread]: Successfully processed: NFO\GFDLNFO_TICK_03012025\Options\BANKNIFTY30JAN2548400PE.NFO.csv
2025-10-27 20:32:06,033 [INFO] [root] [MainThread]: Started processing: NFO\GFDLNFO_TICK_03012025\Options\BANKNIFTY30JAN2548500PE.NFO.csv
2025-10-27 20:32:06,106 [INFO] [root] [MainThread]: Successfully processed: NFO\GFDLNFO_TICK_03012025\Options\BANKNIFTY30JAN2548500PE.NFO.csv
2025-10-27 20:32:06,106 [INFO] [root] [MainThread]: Processed 100/170 files...
2025-10-27 20:32:06,106 [INFO] [root] [MainThread]: Started processing: NFO\GFDLNFO_TICK_03012025\Options\BANKNIFTY30JAN2548600PE.NFO.csv
2025-10-27 20:32:06,156 [INFO] [root] [MainThread]: Successfully processed: NFO\GFDLNFO_TICK_03012025\Options\BANKNIFTY30JAN2548600PE.NFO.csv
2025-10-27 20:32:06,156 [INFO] [root] [MainThread]: Started processing: NFO\GFDLNFO_TICK_03012025\Options\BANKNIFTY30JAN2548700PE.NFO.csv
2025-10-27 20:32:06,211 [INFO] [root] [MainThread]: Successfully processed: NFO\GFDLNFO_TICK_03012025\Options\BANKNIFTY30JAN2548700PE.NFO.csv
2025-10-27 20:32:06,211 [INFO] [root] [MainThread]: Started processing: NFO\GFDLNFO_TICK_03012025\Options\BANKNIFTY30JAN2548800PE.NFO.csv
2025-10-27 20:32:06,264 [INFO] [root] [MainThread]: Successfully processed: NFO\GFDLNFO_TICK_03012025\Options\BANKNIFTY30JAN2548800PE.NFO.csv
2025-10-27 20:32:06,265 [INFO] [root] [MainThread]: Started processing: NFO\GFDLNFO_TICK_03012025\Options\BANKNIFTY30JAN2548900PE.NFO.csv
2025-10-27 20:32:06,316 [INFO] [root] [MainThread]: Successfully processed: NFO\GFDLNFO_TICK_03012025\Options\BANKNIFTY30JAN2548900PE.NFO.csv
2025-10-27 20:32:06,316 [INFO] [root] [MainThread]: Started processing: NFO\GFDLNFO_TICK_03012025\Options\BANKNIFTY30JAN2549000PE.NFO.csv
2025-10-27 20:32:06,395 [INFO] [root] [MainThread]: Successfully processed: NFO\GFDLNFO_TICK_03012025\Options\BANKNIFTY30JAN2549000PE.NFO.csv
2025-10-27 20:32:06,395 [INFO] [root] [MainThread]: Started processing: NFO\GFDLNFO_TICK_03012025\Options\BANKNIFTY30JAN2549100PE.NFO.csv
2025-10-27 20:32:06,450 [INFO] [root] [MainThread]: Successfully processed: NFO\GFDLNFO_TICK_03012025\Options\BANKNIFTY30JAN2549100PE.NFO.csv
2025-10-27 20:32:06,450 [INFO] [root] [MainThread]: Started processing: NFO\GFDLNFO_TICK_03012025\Options\BANKNIFTY30JAN2549200PE.NFO.csv
2025-10-27 20:32:06,502 [INFO] [root] [MainThread]: Successfully processed: NFO\GFDLNFO_TICK_03012025\Options\BANKNIFTY30JAN2549200PE.NFO.csv
2025-10-27 20:32:06,502 [INFO] [root] [MainThread]: Started processing: NFO\GFDLNFO_TICK_03012025\Options\BANKNIFTY30JAN2549300PE.NFO.csv
2025-10-27 20:32:06,560 [INFO] [root] [MainThread]: Successfully processed: NFO\GFDLNFO_TICK_03012025\Options\BANKNIFTY30JAN2549300PE.NFO.csv
2025-10-27 20:32:06,560 [INFO] [root] [MainThread]: Started processing: NFO\GFDLNFO_TICK_03012025\Options\BANKNIFTY30JAN2549400PE.NFO.csv
2025-10-27 20:32:06,617 [INFO] [root] [MainThread]: Successfully processed: NFO\GFDLNFO_TICK_03012025\Options\BANKNIFTY30JAN2549400PE.NFO.csv
2025-10-27 20:32:06,617 [INFO] [root] [MainThread]: Started processing: NFO\GFDLNFO_TICK_03012025\Options\BANKNIFTY30JAN2549500PE.NFO.csv
2025-10-27 20:32:06,698 [INFO] [root] [MainThread]: Successfully processed: NFO\GFDLNFO_TICK_03012025\Options\BANKNIFTY30JAN2549500PE.NFO.csv
2025-10-27 20:32:06,699 [INFO] [root] [MainThread]: Started processing: NFO\GFDLNFO_TICK_03012025\Options\BANKNIFTY30JAN2549600PE.NFO.csv
2025-10-27 20:32:06,761 [INFO] [root] [MainThread]: Successfully processed: NFO\GFDLNFO_TICK_03012025\Options\BANKNIFTY30JAN2549600PE.NFO.csv
2025-10-27 20:32:06,762 [INFO] [root] [MainThread]: Started processing: NFO\GFDLNFO_TICK_03012025\Options\BANKNIFTY30JAN2549700PE.NFO.csv
2025-10-27 20:32:06,820 [INFO] [root] [MainThread]: Successfully processed: NFO\GFDLNFO_TICK_03012025\Options\BANKNIFTY30JAN2549700PE.NFO.csv
2025-10-27 20:32:06,820 [INFO] [root] [MainThread]: Started processing: NFO\GFDLNFO_TICK_03012025\Options\BANKNIFTY30JAN2549800PE.NFO.csv
2025-10-27 20:32:06,880 [INFO] [root] [MainThread]: Successfully processed: NFO\GFDLNFO_TICK_03012025\Options\BANKNIFTY30JAN2549800PE.NFO.csv
2025-10-27 20:32:06,880 [INFO] [root] [MainThread]: Started processing: NFO\GFDLNFO_TICK_03012025\Options\BANKNIFTY30JAN2549900PE.NFO.csv
2025-10-27 20:32:06,942 [INFO] [root] [MainThread]: Successfully processed: NFO\GFDLNFO_TICK_03012025\Options\BANKNIFTY30JAN2549900PE.NFO.csv
2025-10-27 20:32:06,942 [INFO] [root] [MainThread]: Started processing: NFO\GFDLNFO_TICK_03012025\Options\BANKNIFTY30JAN2550000PE.NFO.csv
2025-10-27 20:32:07,026 [INFO] [root] [MainThread]: Successfully processed: NFO\GFDLNFO_TICK_03012025\Options\BANKNIFTY30JAN2550000PE.NFO.csv
2025-10-27 20:32:07,026 [INFO] [root] [MainThread]: Started processing: NFO\GFDLNFO_TICK_03012025\Options\BANKNIFTY30JAN2550100PE.NFO.csv
2025-10-27 20:32:07,091 [INFO] [root] [MainThread]: Successfully processed: NFO\GFDLNFO_TICK_03012025\Options\BANKNIFTY30JAN2550100PE.NFO.csv
2025-10-27 20:32:07,091 [INFO] [root] [MainThread]: Started processing: NFO\GFDLNFO_TICK_03012025\Options\BANKNIFTY30JAN2550200PE.NFO.csv
2025-10-27 20:32:07,157 [INFO] [root] [MainThread]: Successfully processed: NFO\GFDLNFO_TICK_03012025\Options\BANKNIFTY30JAN2550200PE.NFO.csv
2025-10-27 20:32:07,157 [INFO] [root] [MainThread]: Started processing: NFO\GFDLNFO_TICK_03012025\Options\BANKNIFTY30JAN2550300PE.NFO.csv
2025-10-27 20:32:07,219 [INFO] [root] [MainThread]: Successfully processed: NFO\GFDLNFO_TICK_03012025\Options\BANKNIFTY30JAN2550300PE.NFO.csv
2025-10-27 20:32:07,219 [INFO] [root] [MainThread]: Started processing: NFO\GFDLNFO_TICK_03012025\Options\BANKNIFTY30JAN2550400PE.NFO.csv
2025-10-27 20:32:07,282 [INFO] [root] [MainThread]: Successfully processed: NFO\GFDLNFO_TICK_03012025\Options\BANKNIFTY30JAN2550400PE.NFO.csv
2025-10-27 20:32:07,282 [INFO] [root] [MainThread]: Started processing: NFO\GFDLNFO_TICK_03012025\Options\BANKNIFTY30JAN2550500PE.NFO.csv
2025-10-27 20:32:07,366 [INFO] [root] [MainThread]: Successfully processed: NFO\GFDLNFO_TICK_03012025\Options\BANKNIFTY30JAN2550500PE.NFO.csv
2025-10-27 20:32:07,366 [INFO] [root] [MainThread]: Started processing: NFO\GFDLNFO_TICK_03012025\Options\BANKNIFTY30JAN2550600PE.NFO.csv
2025-10-27 20:32:07,433 [INFO] [root] [MainThread]: Successfully processed: NFO\GFDLNFO_TICK_03012025\Options\BANKNIFTY30JAN2550600PE.NFO.csv
2025-10-27 20:32:07,434 [INFO] [root] [MainThread]: Started processing: NFO\GFDLNFO_TICK_03012025\Options\BANKNIFTY30JAN2550700PE.NFO.csv
2025-10-27 20:32:07,501 [INFO] [root] [MainThread]: Successfully processed: NFO\GFDLNFO_TICK_03012025\Options\BANKNIFTY30JAN2550700PE.NFO.csv
2025-10-27 20:32:07,501 [INFO] [root] [MainThread]: Started processing: NFO\GFDLNFO_TICK_03012025\Options\BANKNIFTY30JAN2550800PE.NFO.csv
2025-10-27 20:32:07,576 [INFO] [root] [MainThread]: Successfully processed: NFO\GFDLNFO_TICK_03012025\Options\BANKNIFTY30JAN2550800PE.NFO.csv
2025-10-27 20:32:07,576 [INFO] [root] [MainThread]: Started processing: NFO\GFDLNFO_TICK_03012025\Options\BANKNIFTY30JAN2550900PE.NFO.csv
2025-10-27 20:32:07,653 [INFO] [root] [MainThread]: Successfully processed: NFO\GFDLNFO_TICK_03012025\Options\BANKNIFTY30JAN2550900PE.NFO.csv
2025-10-27 20:32:07,653 [INFO] [root] [MainThread]: Started processing: NFO\GFDLNFO_TICK_03012025\Options\BANKNIFTY30JAN2551000PE.NFO.csv
2025-10-27 20:32:07,744 [INFO] [root] [MainThread]: Successfully processed: NFO\GFDLNFO_TICK_03012025\Options\BANKNIFTY30JAN2551000PE.NFO.csv
2025-10-27 20:32:07,744 [INFO] [root] [MainThread]: Started processing: NFO\GFDLNFO_TICK_03012025\Options\BANKNIFTY30JAN2551100PE.NFO.csv
2025-10-27 20:32:07,822 [INFO] [root] [MainThread]: Successfully processed: NFO\GFDLNFO_TICK_03012025\Options\BANKNIFTY30JAN2551100PE.NFO.csv
2025-10-27 20:32:07,823 [INFO] [root] [MainThread]: Started processing: NFO\GFDLNFO_TICK_03012025\Options\BANKNIFTY30JAN2551200PE.NFO.csv
2025-10-27 20:32:07,904 [INFO] [root] [MainThread]: Successfully processed: NFO\GFDLNFO_TICK_03012025\Options\BANKNIFTY30JAN2551200PE.NFO.csv
2025-10-27 20:32:07,905 [INFO] [root] [MainThread]: Started processing: NFO\GFDLNFO_TICK_03012025\Options\BANKNIFTY30JAN2551300PE.NFO.csv
2025-10-27 20:32:07,996 [INFO] [root] [MainThread]: Successfully processed: NFO\GFDLNFO_TICK_03012025\Options\BANKNIFTY30JAN2551300PE.NFO.csv
2025-10-27 20:32:07,996 [INFO] [root] [MainThread]: Started processing: NFO\GFDLNFO_TICK_03012025\Options\BANKNIFTY30JAN2551400PE.NFO.csv
2025-10-27 20:32:08,083 [INFO] [root] [MainThread]: Successfully processed: NFO\GFDLNFO_TICK_03012025\Options\BANKNIFTY30JAN2551400PE.NFO.csv
2025-10-27 20:32:08,083 [INFO] [root] [MainThread]: Started processing: NFO\GFDLNFO_TICK_03012025\Options\BANKNIFTY30JAN2551500PE.NFO.csv
2025-10-27 20:32:08,177 [INFO] [root] [MainThread]: Successfully processed: NFO\GFDLNFO_TICK_03012025\Options\BANKNIFTY30JAN2551500PE.NFO.csv
2025-10-27 20:32:08,177 [INFO] [root] [MainThread]: Started processing: NFO\GFDLNFO_TICK_03012025\Options\BANKNIFTY30JAN2551600PE.NFO.csv
2025-10-27 20:32:08,254 [INFO] [root] [MainThread]: Successfully processed: NFO\GFDLNFO_TICK_03012025\Options\BANKNIFTY30JAN2551600PE.NFO.csv
2025-10-27 20:32:08,254 [INFO] [root] [MainThread]: Started processing: NFO\GFDLNFO_TICK_03012025\Options\BANKNIFTY30JAN2551700PE.NFO.csv
2025-10-27 20:32:08,320 [INFO] [root] [MainThread]: Successfully processed: NFO\GFDLNFO_TICK_03012025\Options\BANKNIFTY30JAN2551700PE.NFO.csv
2025-10-27 20:32:08,320 [INFO] [root] [MainThread]: Started processing: NFO\GFDLNFO_TICK_03012025\Options\BANKNIFTY30JAN2551800PE.NFO.csv
2025-10-27 20:32:08,379 [INFO] [root] [MainThread]: Successfully processed: NFO\GFDLNFO_TICK_03012025\Options\BANKNIFTY30JAN2551800PE.NFO.csv
2025-10-27 20:32:08,379 [INFO] [root] [MainThread]: Started processing: NFO\GFDLNFO_TICK_03012025\Options\BANKNIFTY30JAN2551900PE.NFO.csv
2025-10-27 20:32:08,433 [INFO] [root] [MainThread]: Successfully processed: NFO\GFDLNFO_TICK_03012025\Options\BANKNIFTY30JAN2551900PE.NFO.csv
2025-10-27 20:32:08,433 [INFO] [root] [MainThread]: Started processing: NFO\GFDLNFO_TICK_03012025\Options\BANKNIFTY30JAN2552000PE.NFO.csv
2025-10-27 20:32:08,510 [INFO] [root] [MainThread]: Successfully processed: NFO\GFDLNFO_TICK_03012025\Options\BANKNIFTY30JAN2552000PE.NFO.csv
2025-10-27 20:32:08,510 [INFO] [root] [MainThread]: Started processing: NFO\GFDLNFO_TICK_03012025\Options\BANKNIFTY30JAN2552100PE.NFO.csv
2025-10-27 20:32:08,556 [INFO] [root] [MainThread]: Successfully processed: NFO\GFDLNFO_TICK_03012025\Options\BANKNIFTY30JAN2552100PE.NFO.csv
2025-10-27 20:32:08,556 [INFO] [root] [MainThread]: Started processing: NFO\GFDLNFO_TICK_03012025\Options\BANKNIFTY30JAN2552200PE.NFO.csv
2025-10-27 20:32:08,601 [INFO] [root] [MainThread]: Successfully processed: NFO\GFDLNFO_TICK_03012025\Options\BANKNIFTY30JAN2552200PE.NFO.csv
2025-10-27 20:32:08,601 [INFO] [root] [MainThread]: Started processing: NFO\GFDLNFO_TICK_03012025\Options\BANKNIFTY30JAN2552300PE.NFO.csv
2025-10-27 20:32:08,639 [INFO] [root] [MainThread]: Successfully processed: NFO\GFDLNFO_TICK_03012025\Options\BANKNIFTY30JAN2552300PE.NFO.csv
2025-10-27 20:32:08,639 [INFO] [root] [MainThread]: Started processing: NFO\GFDLNFO_TICK_03012025\Options\BANKNIFTY30JAN2552400PE.NFO.csv
2025-10-27 20:32:08,672 [INFO] [root] [MainThread]: Successfully processed: NFO\GFDLNFO_TICK_03012025\Options\BANKNIFTY30JAN2552400PE.NFO.csv
2025-10-27 20:32:08,672 [INFO] [root] [MainThread]: Started processing: NFO\GFDLNFO_TICK_03012025\Options\BANKNIFTY30JAN2552500PE.NFO.csv
2025-10-27 20:32:08,717 [INFO] [root] [MainThread]: Successfully processed: NFO\GFDLNFO_TICK_03012025\Options\BANKNIFTY30JAN2552500PE.NFO.csv
2025-10-27 20:32:08,717 [INFO] [root] [MainThread]: Started processing: NFO\GFDLNFO_TICK_03012025\Options\BANKNIFTY30JAN2552600PE.NFO.csv
2025-10-27 20:32:08,760 [INFO] [root] [MainThread]: Successfully processed: NFO\GFDLNFO_TICK_03012025\Options\BANKNIFTY30JAN2552600PE.NFO.csv
2025-10-27 20:32:08,760 [INFO] [root] [MainThread]: Started processing: NFO\GFDLNFO_TICK_03012025\Options\BANKNIFTY30JAN2552700PE.NFO.csv
2025-10-27 20:32:08,796 [INFO] [root] [MainThread]: Successfully processed: NFO\GFDLNFO_TICK_03012025\Options\BANKNIFTY30JAN2552700PE.NFO.csv
2025-10-27 20:32:08,796 [INFO] [root] [MainThread]: Started processing: NFO\GFDLNFO_TICK_03012025\Options\BANKNIFTY30JAN2552800PE.NFO.csv
2025-10-27 20:32:08,834 [INFO] [root] [MainThread]: Successfully processed: NFO\GFDLNFO_TICK_03012025\Options\BANKNIFTY30JAN2552800PE.NFO.csv
2025-10-27 20:32:08,834 [INFO] [root] [MainThread]: Started processing: NFO\GFDLNFO_TICK_03012025\Options\BANKNIFTY30JAN2552900PE.NFO.csv
2025-10-27 20:32:08,871 [INFO] [root] [MainThread]: Successfully processed: NFO\GFDLNFO_TICK_03012025\Options\BANKNIFTY30JAN2552900PE.NFO.csv
2025-10-27 20:32:08,871 [INFO] [root] [MainThread]: Started processing: NFO\GFDLNFO_TICK_03012025\Options\BANKNIFTY30JAN2553000PE.NFO.csv
2025-10-27 20:32:08,930 [INFO] [root] [MainThread]: Successfully processed: NFO\GFDLNFO_TICK_03012025\Options\BANKNIFTY30JAN2553000PE.NFO.csv
2025-10-27 20:32:08,931 [INFO] [root] [MainThread]: Started processing: NFO\GFDLNFO_TICK_03012025\Options\BANKNIFTY30JAN2553100PE.NFO.csv
2025-10-27 20:32:08,974 [INFO] [root] [MainThread]: Successfully processed: NFO\GFDLNFO_TICK_03012025\Options\BANKNIFTY30JAN2553100PE.NFO.csv
2025-10-27 20:32:08,974 [INFO] [root] [MainThread]: Started processing: NFO\GFDLNFO_TICK_03012025\Options\BANKNIFTY30JAN2553200PE.NFO.csv
2025-10-27 20:32:09,011 [INFO] [root] [MainThread]: Successfully processed: NFO\GFDLNFO_TICK_03012025\Options\BANKNIFTY30JAN2553200PE.NFO.csv
2025-10-27 20:32:09,011 [INFO] [root] [MainThread]: Started processing: NFO\GFDLNFO_TICK_03012025\Options\BANKNIFTY30JAN2553300PE.NFO.csv
2025-10-27 20:32:09,049 [INFO] [root] [MainThread]: Successfully processed: NFO\GFDLNFO_TICK_03012025\Options\BANKNIFTY30JAN2553300PE.NFO.csv
2025-10-27 20:32:09,049 [INFO] [root] [MainThread]: Started processing: NFO\GFDLNFO_TICK_03012025\Options\BANKNIFTY30JAN2553400PE.NFO.csv
2025-10-27 20:32:09,087 [INFO] [root] [MainThread]: Successfully processed: NFO\GFDLNFO_TICK_03012025\Options\BANKNIFTY30JAN2553400PE.NFO.csv
2025-10-27 20:32:09,088 [INFO] [root] [MainThread]: Started processing: NFO\GFDLNFO_TICK_03012025\Options\BANKNIFTY30JAN2553500PE.NFO.csv
2025-10-27 20:32:09,122 [INFO] [root] [MainThread]: Successfully processed: NFO\GFDLNFO_TICK_03012025\Options\BANKNIFTY30JAN2553500PE.NFO.csv
2025-10-27 20:32:09,122 [INFO] [root] [MainThread]: Started processing: NFO\GFDLNFO_TICK_03012025\Options\BANKNIFTY30JAN2553600PE.NFO.csv
2025-10-27 20:32:09,156 [INFO] [root] [MainThread]: Successfully processed: NFO\GFDLNFO_TICK_03012025\Options\BANKNIFTY30JAN2553600PE.NFO.csv
2025-10-27 20:32:09,156 [INFO] [root] [MainThread]: Started processing: NFO\GFDLNFO_TICK_03012025\Options\BANKNIFTY30JAN2553700PE.NFO.csv
2025-10-27 20:32:09,189 [INFO] [root] [MainThread]: Successfully processed: NFO\GFDLNFO_TICK_03012025\Options\BANKNIFTY30JAN2553700PE.NFO.csv
2025-10-27 20:32:09,189 [INFO] [root] [MainThread]: Started processing: NFO\GFDLNFO_TICK_03012025\Options\BANKNIFTY30JAN2553800PE.NFO.csv
2025-10-27 20:32:09,217 [INFO] [root] [MainThread]: Successfully processed: NFO\GFDLNFO_TICK_03012025\Options\BANKNIFTY30JAN2553800PE.NFO.csv
2025-10-27 20:32:09,217 [INFO] [root] [MainThread]: Started processing: NFO\GFDLNFO_TICK_03012025\Options\BANKNIFTY30JAN2553900PE.NFO.csv
2025-10-27 20:32:09,227 [INFO] [root] [MainThread]: Successfully processed: NFO\GFDLNFO_TICK_03012025\Options\BANKNIFTY30JAN2553900PE.NFO.csv
2025-10-27 20:32:09,227 [INFO] [root] [MainThread]: Started processing: NFO\GFDLNFO_TICK_03012025\Options\BANKNIFTY30JAN2554000PE.NFO.csv
2025-10-27 20:32:09,262 [INFO] [root] [MainThread]: Successfully processed: NFO\GFDLNFO_TICK_03012025\Options\BANKNIFTY30JAN2554000PE.NFO.csv
2025-10-27 20:32:09,263 [INFO] [root] [MainThread]: Started processing: NFO\GFDLNFO_TICK_03012025\Options\BANKNIFTY30JAN2554100PE.NFO.csv
2025-10-27 20:32:09,273 [INFO] [root] [MainThread]: Successfully processed: NFO\GFDLNFO_TICK_03012025\Options\BANKNIFTY30JAN2554100PE.NFO.csv
2025-10-27 20:32:09,273 [INFO] [root] [MainThread]: Started processing: NFO\GFDLNFO_TICK_03012025\Options\BANKNIFTY30JAN2554200PE.NFO.csv
2025-10-27 20:32:09,289 [INFO] [root] [MainThread]: Successfully processed: NFO\GFDLNFO_TICK_03012025\Options\BANKNIFTY30JAN2554200PE.NFO.csv
2025-10-27 20:32:09,289 [INFO] [root] [MainThread]: Started processing: NFO\GFDLNFO_TICK_03012025\Options\BANKNIFTY30JAN2554400PE.NFO.csv
2025-10-27 20:32:09,317 [INFO] [root] [MainThread]: Successfully processed: NFO\GFDLNFO_TICK_03012025\Options\BANKNIFTY30JAN2554400PE.NFO.csv
2025-10-27 20:32:09,317 [INFO] [root] [MainThread]: Started processing: NFO\GFDLNFO_TICK_03012025\Options\BANKNIFTY30JAN2554500PE.NFO.csv
2025-10-27 20:32:09,352 [INFO] [root] [MainThread]: Successfully processed: NFO\GFDLNFO_TICK_03012025\Options\BANKNIFTY30JAN2554500PE.NFO.csv
2025-10-27 20:32:09,352 [INFO] [root] [MainThread]: Started processing: NFO\GFDLNFO_TICK_03012025\Options\BANKNIFTY30JAN2554700PE.NFO.csv
2025-10-27 20:32:09,381 [INFO] [root] [MainThread]: Successfully processed: NFO\GFDLNFO_TICK_03012025\Options\BANKNIFTY30JAN2554700PE.NFO.csv
2025-10-27 20:32:09,382 [INFO] [root] [MainThread]: Started processing: NFO\GFDLNFO_TICK_03012025\Options\BANKNIFTY30JAN2555000PE.NFO.csv
2025-10-27 20:32:09,415 [INFO] [root] [MainThread]: Successfully processed: NFO\GFDLNFO_TICK_03012025\Options\BANKNIFTY30JAN2555000PE.NFO.csv
2025-10-27 20:32:09,415 [INFO] [root] [MainThread]: Started processing: NFO\GFDLNFO_TICK_03012025\Options\BANKNIFTY30JAN2555100PE.NFO.csv
2025-10-27 20:32:09,429 [INFO] [root] [MainThread]: Successfully processed: NFO\GFDLNFO_TICK_03012025\Options\BANKNIFTY30JAN2555100PE.NFO.csv
2025-10-27 20:32:09,429 [INFO] [root] [MainThread]: Started processing: NFO\GFDLNFO_TICK_03012025\Options\BANKNIFTY30JAN2555200PE.NFO.csv
2025-10-27 20:32:09,445 [INFO] [root] [MainThread]: Successfully processed: NFO\GFDLNFO_TICK_03012025\Options\BANKNIFTY30JAN2555200PE.NFO.csv
2025-10-27 20:32:09,445 [INFO] [root] [MainThread]: Started processing: NFO\GFDLNFO_TICK_03012025\Options\BANKNIFTY30JAN2555500PE.NFO.csv
2025-10-27 20:32:09,475 [INFO] [root] [MainThread]: Successfully processed: NFO\GFDLNFO_TICK_03012025\Options\BANKNIFTY30JAN2555500PE.NFO.csv
2025-10-27 20:32:09,475 [INFO] [root] [MainThread]: Started processing: NFO\GFDLNFO_TICK_03012025\Options\BANKNIFTY30JAN2556000PE.NFO.csv
2025-10-27 20:32:09,506 [INFO] [root] [MainThread]: Successfully processed: NFO\GFDLNFO_TICK_03012025\Options\BANKNIFTY30JAN2556000PE.NFO.csv
2025-10-27 20:32:09,506 [INFO] [root] [MainThread]: Started processing: NFO\GFDLNFO_TICK_03012025\Options\BANKNIFTY30JAN2556500PE.NFO.csv
2025-10-27 20:32:09,536 [INFO] [root] [MainThread]: Successfully processed: NFO\GFDLNFO_TICK_03012025\Options\BANKNIFTY30JAN2556500PE.NFO.csv
2025-10-27 20:32:09,537 [INFO] [root] [MainThread]: Started processing: NFO\GFDLNFO_TICK_03012025\Options\BANKNIFTY30JAN2557000PE.NFO.csv
2025-10-27 20:32:09,565 [INFO] [root] [MainThread]: Successfully processed: NFO\GFDLNFO_TICK_03012025\Options\BANKNIFTY30JAN2557000PE.NFO.csv
2025-10-27 20:32:09,565 [INFO] [root] [MainThread]: Started processing: NFO\GFDLNFO_TICK_03012025\Options\BANKNIFTY30JAN2558000PE.NFO.csv
2025-10-27 20:32:09,590 [INFO] [root] [MainThread]: Successfully processed: NFO\GFDLNFO_TICK_03012025\Options\BANKNIFTY30JAN2558000PE.NFO.csv
2025-10-27 20:32:09,590 [INFO] [root] [MainThread]: Started processing: NFO\GFDLNFO_TICK_03012025\Options\BANKNIFTY30JAN2560000PE.NFO.csv
2025-10-27 20:32:09,623 [INFO] [root] [MainThread]: Successfully processed: NFO\GFDLNFO_TICK_03012025\Options\BANKNIFTY30JAN2560000PE.NFO.csv
2025-10-27 20:32:09,623 [INFO] [root] [MainThread]: Started processing: NFO\GFDLNFO_TICK_03012025\Options\BANKNIFTY30JAN2561000PE.NFO.csv
2025-10-27 20:32:09,652 [INFO] [root] [MainThread]: Successfully processed: NFO\GFDLNFO_TICK_03012025\Options\BANKNIFTY30JAN2561000PE.NFO.csv
2025-10-27 20:32:09,652 [INFO] [root] [MainThread]: Combining 170 dataframes...
2025-10-27 20:32:09,695 [INFO] [root] [MainThread]: Writing to ProcessedParquet\banknifty_put_03012025.parquet (399757 rows)...
2025-10-27 20:32:10,050 [INFO] [root] [MainThread]: Successfully saved 170 option files to ProcessedParquet\banknifty_put_03012025.parquet
2025-10-27 20:32:10,051 [INFO] [root] [MainThread]: Utility stopped.
