2025-10-27 20:33:29,875 [INFO] [root] [MainThread]: Utility started.
2025-10-27 20:33:29,876 [INFO] [root] [MainThread]: Processing NIFTY from NFO exchange
2025-10-27 20:33:29,877 [INFO] [root] [MainThread]: Detected yearly folder structure in NFO\GFDLNFO_TICK_03012025
2025-10-27 20:33:30,646 [INFO] [root] [MainThread]: No date subfolders found, extracted date 03012025 from parent folder: GFDLNFO_TICK_03012025
2025-10-27 20:33:30,647 [INFO] [root] [MainThread]: Got following folder info {'03012025': {'NFO\\GFDLNFO_TICK_03012025'}} for processing {'index': 'NIFTY', 'instrument_type': 'put'}.
2025-10-27 20:33:30,651 [INFO] [root] [MainThread]: Started processing folder: NFO\GFDLNFO_TICK_03012025 for {'index': 'NIFTY', 'instrument_type': 'put'}, date: 03012025
2025-10-27 20:33:30,716 [INFO] [root] [MainThread]: Found 407 put option files to process for NIFTY.
2025-10-27 20:33:30,717 [INFO] [root] [MainThread]: Started processing: NFO\GFDLNFO_TICK_03012025\Options\NIFTY06FEB2522450PE.NFO.csv
2025-10-27 20:33:30,746 [INFO] [root] [MainThread]: Successfully processed: NFO\GFDLNFO_TICK_03012025\Options\NIFTY06FEB2522450PE.NFO.csv
2025-10-27 20:33:30,746 [INFO] [root] [MainThread]: Started processing: NFO\GFDLNFO_TICK_03012025\Options\NIFTY06FEB2523000PE.NFO.csv
2025-10-27 20:33:30,765 [INFO] [root] [MainThread]: Successfully processed: NFO\GFDLNFO_TICK_03012025\Options\NIFTY06FEB2523000PE.NFO.csv
2025-10-27 20:33:30,766 [INFO] [root] [MainThread]: Started processing: NFO\GFDLNFO_TICK_03012025\Options\NIFTY06FEB2523500PE.NFO.csv
2025-10-27 20:33:30,806 [INFO] [root] [MainThread]: Successfully processed: NFO\GFDLNFO_TICK_03012025\Options\NIFTY06FEB2523500PE.NFO.csv
2025-10-27 20:33:30,806 [INFO] [root] [MainThread]: Started processing: NFO\GFDLNFO_TICK_03012025\Options\NIFTY06FEB2523800PE.NFO.csv
2025-10-27 20:33:30,838 [INFO] [root] [MainThread]: Successfully processed: NFO\GFDLNFO_TICK_03012025\Options\NIFTY06FEB2523800PE.NFO.csv
2025-10-27 20:33:30,838 [INFO] [root] [MainThread]: Started processing: NFO\GFDLNFO_TICK_03012025\Options\NIFTY06FEB2524000PE.NFO.csv
2025-10-27 20:33:30,885 [INFO] [root] [MainThread]: Successfully processed: NFO\GFDLNFO_TICK_03012025\Options\NIFTY06FEB2524000PE.NFO.csv
2025-10-27 20:33:30,886 [INFO] [root] [MainThread]: Started processing: NFO\GFDLNFO_TICK_03012025\Options\NIFTY06FEB2524050PE.NFO.csv
2025-10-27 20:33:30,938 [INFO] [root] [MainThread]: Successfully processed: NFO\GFDLNFO_TICK_03012025\Options\NIFTY06FEB2524050PE.NFO.csv
2025-10-27 20:33:30,938 [INFO] [root] [MainThread]: Started processing: NFO\GFDLNFO_TICK_03012025\Options\NIFTY06FEB2524100PE.NFO.csv
2025-10-27 20:33:30,980 [INFO] [root] [MainThread]: Successfully processed: NFO\GFDLNFO_TICK_03012025\Options\NIFTY06FEB2524100PE.NFO.csv
2025-10-27 20:33:30,980 [INFO] [root] [MainThread]: Started processing: NFO\GFDLNFO_TICK_03012025\Options\NIFTY06FEB2524200PE.NFO.csv
2025-10-27 20:33:31,023 [INFO] [root] [MainThread]: Successfully processed: NFO\GFDLNFO_TICK_03012025\Options\NIFTY06FEB2524200PE.NFO.csv
2025-10-27 20:33:31,023 [INFO] [root] [MainThread]: Started processing: NFO\GFDLNFO_TICK_03012025\Options\NIFTY09JAN2521850PE.NFO.csv
2025-10-27 20:33:31,105 [INFO] [root] [MainThread]: Successfully processed: NFO\GFDLNFO_TICK_03012025\Options\NIFTY09JAN2521850PE.NFO.csv
2025-10-27 20:33:31,106 [INFO] [root] [MainThread]: Started processing: NFO\GFDLNFO_TICK_03012025\Options\NIFTY09JAN2521900PE.NFO.csv
2025-10-27 20:33:31,139 [INFO] [root] [MainThread]: Successfully processed: NFO\GFDLNFO_TICK_03012025\Options\NIFTY09JAN2521900PE.NFO.csv
2025-10-27 20:33:31,139 [INFO] [root] [MainThread]: Started processing: NFO\GFDLNFO_TICK_03012025\Options\NIFTY09JAN2521950PE.NFO.csv
2025-10-27 20:33:31,185 [INFO] [root] [MainThread]: Successfully processed: NFO\GFDLNFO_TICK_03012025\Options\NIFTY09JAN2521950PE.NFO.csv
2025-10-27 20:33:31,185 [INFO] [root] [MainThread]: Started processing: NFO\GFDLNFO_TICK_03012025\Options\NIFTY09JAN2522000PE.NFO.csv
2025-10-27 20:33:31,220 [INFO] [root] [MainThread]: Successfully processed: NFO\GFDLNFO_TICK_03012025\Options\NIFTY09JAN2522000PE.NFO.csv
2025-10-27 20:33:31,220 [INFO] [root] [MainThread]: Started processing: NFO\GFDLNFO_TICK_03012025\Options\NIFTY09JAN2522050PE.NFO.csv
2025-10-27 20:33:31,258 [INFO] [root] [MainThread]: Successfully processed: NFO\GFDLNFO_TICK_03012025\Options\NIFTY09JAN2522050PE.NFO.csv
2025-10-27 20:33:31,259 [INFO] [root] [MainThread]: Started processing: NFO\GFDLNFO_TICK_03012025\Options\NIFTY09JAN2522100PE.NFO.csv
2025-10-27 20:33:31,280 [INFO] [root] [MainThread]: Successfully processed: NFO\GFDLNFO_TICK_03012025\Options\NIFTY09JAN2522100PE.NFO.csv
2025-10-27 20:33:31,280 [INFO] [root] [MainThread]: Started processing: NFO\GFDLNFO_TICK_03012025\Options\NIFTY09JAN2522150PE.NFO.csv
2025-10-27 20:33:31,309 [INFO] [root] [MainThread]: Successfully processed: NFO\GFDLNFO_TICK_03012025\Options\NIFTY09JAN2522150PE.NFO.csv
2025-10-27 20:33:31,309 [INFO] [root] [MainThread]: Started processing: NFO\GFDLNFO_TICK_03012025\Options\NIFTY09JAN2522200PE.NFO.csv
2025-10-27 20:33:31,331 [INFO] [root] [MainThread]: Successfully processed: NFO\GFDLNFO_TICK_03012025\Options\NIFTY09JAN2522200PE.NFO.csv
2025-10-27 20:33:31,331 [INFO] [root] [MainThread]: Started processing: NFO\GFDLNFO_TICK_03012025\Options\NIFTY09JAN2522250PE.NFO.csv
2025-10-27 20:33:31,362 [INFO] [root] [MainThread]: Successfully processed: NFO\GFDLNFO_TICK_03012025\Options\NIFTY09JAN2522250PE.NFO.csv
2025-10-27 20:33:31,362 [INFO] [root] [MainThread]: Started processing: NFO\GFDLNFO_TICK_03012025\Options\NIFTY09JAN2522300PE.NFO.csv
2025-10-27 20:33:31,396 [INFO] [root] [MainThread]: Successfully processed: NFO\GFDLNFO_TICK_03012025\Options\NIFTY09JAN2522300PE.NFO.csv
2025-10-27 20:33:31,396 [INFO] [root] [MainThread]: Started processing: NFO\GFDLNFO_TICK_03012025\Options\NIFTY09JAN2522350PE.NFO.csv
2025-10-27 20:33:31,474 [INFO] [root] [MainThread]: Successfully processed: NFO\GFDLNFO_TICK_03012025\Options\NIFTY09JAN2522350PE.NFO.csv
2025-10-27 20:33:31,474 [INFO] [root] [MainThread]: Started processing: NFO\GFDLNFO_TICK_03012025\Options\NIFTY09JAN2522400PE.NFO.csv
2025-10-27 20:33:31,572 [INFO] [root] [MainThread]: Successfully processed: NFO\GFDLNFO_TICK_03012025\Options\NIFTY09JAN2522400PE.NFO.csv
2025-10-27 20:33:31,573 [INFO] [root] [MainThread]: Started processing: NFO\GFDLNFO_TICK_03012025\Options\NIFTY09JAN2522450PE.NFO.csv
2025-10-27 20:33:31,665 [INFO] [root] [MainThread]: Successfully processed: NFO\GFDLNFO_TICK_03012025\Options\NIFTY09JAN2522450PE.NFO.csv
2025-10-27 20:33:31,665 [INFO] [root] [MainThread]: Started processing: NFO\GFDLNFO_TICK_03012025\Options\NIFTY09JAN2522500PE.NFO.csv
2025-10-27 20:33:31,734 [INFO] [root] [MainThread]: Successfully processed: NFO\GFDLNFO_TICK_03012025\Options\NIFTY09JAN2522500PE.NFO.csv
2025-10-27 20:33:31,734 [INFO] [root] [MainThread]: Started processing: NFO\GFDLNFO_TICK_03012025\Options\NIFTY09JAN2522550PE.NFO.csv
2025-10-27 20:33:31,792 [INFO] [root] [MainThread]: Successfully processed: NFO\GFDLNFO_TICK_03012025\Options\NIFTY09JAN2522550PE.NFO.csv
2025-10-27 20:33:31,792 [INFO] [root] [MainThread]: Started processing: NFO\GFDLNFO_TICK_03012025\Options\NIFTY09JAN2522600PE.NFO.csv
2025-10-27 20:33:31,829 [INFO] [root] [MainThread]: Successfully processed: NFO\GFDLNFO_TICK_03012025\Options\NIFTY09JAN2522600PE.NFO.csv
2025-10-27 20:33:31,829 [INFO] [root] [MainThread]: Started processing: NFO\GFDLNFO_TICK_03012025\Options\NIFTY09JAN2522650PE.NFO.csv
2025-10-27 20:33:31,902 [INFO] [root] [MainThread]: Successfully processed: NFO\GFDLNFO_TICK_03012025\Options\NIFTY09JAN2522650PE.NFO.csv
2025-10-27 20:33:31,902 [INFO] [root] [MainThread]: Started processing: NFO\GFDLNFO_TICK_03012025\Options\NIFTY09JAN2522700PE.NFO.csv
2025-10-27 20:33:31,961 [INFO] [root] [MainThread]: Successfully processed: NFO\GFDLNFO_TICK_03012025\Options\NIFTY09JAN2522700PE.NFO.csv
2025-10-27 20:33:31,962 [INFO] [root] [MainThread]: Started processing: NFO\GFDLNFO_TICK_03012025\Options\NIFTY09JAN2522750PE.NFO.csv
2025-10-27 20:33:32,032 [INFO] [root] [MainThread]: Successfully processed: NFO\GFDLNFO_TICK_03012025\Options\NIFTY09JAN2522750PE.NFO.csv
2025-10-27 20:33:32,032 [INFO] [root] [MainThread]: Started processing: NFO\GFDLNFO_TICK_03012025\Options\NIFTY09JAN2522800PE.NFO.csv
2025-10-27 20:33:32,084 [INFO] [root] [MainThread]: Successfully processed: NFO\GFDLNFO_TICK_03012025\Options\NIFTY09JAN2522800PE.NFO.csv
2025-10-27 20:33:32,084 [INFO] [root] [MainThread]: Started processing: NFO\GFDLNFO_TICK_03012025\Options\NIFTY09JAN2522850PE.NFO.csv
2025-10-27 20:33:32,153 [INFO] [root] [MainThread]: Successfully processed: NFO\GFDLNFO_TICK_03012025\Options\NIFTY09JAN2522850PE.NFO.csv
2025-10-27 20:33:32,153 [INFO] [root] [MainThread]: Started processing: NFO\GFDLNFO_TICK_03012025\Options\NIFTY09JAN2522900PE.NFO.csv
2025-10-27 20:33:32,250 [INFO] [root] [MainThread]: Successfully processed: NFO\GFDLNFO_TICK_03012025\Options\NIFTY09JAN2522900PE.NFO.csv
2025-10-27 20:33:32,250 [INFO] [root] [MainThread]: Started processing: NFO\GFDLNFO_TICK_03012025\Options\NIFTY09JAN2522950PE.NFO.csv
2025-10-27 20:33:32,362 [INFO] [root] [MainThread]: Successfully processed: NFO\GFDLNFO_TICK_03012025\Options\NIFTY09JAN2522950PE.NFO.csv
2025-10-27 20:33:32,363 [INFO] [root] [MainThread]: Started processing: NFO\GFDLNFO_TICK_03012025\Options\NIFTY09JAN2523000PE.NFO.csv
2025-10-27 20:33:32,503 [INFO] [root] [MainThread]: Successfully processed: NFO\GFDLNFO_TICK_03012025\Options\NIFTY09JAN2523000PE.NFO.csv
2025-10-27 20:33:32,503 [INFO] [root] [MainThread]: Started processing: NFO\GFDLNFO_TICK_03012025\Options\NIFTY09JAN2523050PE.NFO.csv
2025-10-27 20:33:32,628 [INFO] [root] [MainThread]: Successfully processed: NFO\GFDLNFO_TICK_03012025\Options\NIFTY09JAN2523050PE.NFO.csv
2025-10-27 20:33:32,629 [INFO] [root] [MainThread]: Started processing: NFO\GFDLNFO_TICK_03012025\Options\NIFTY09JAN2523100PE.NFO.csv
2025-10-27 20:33:32,744 [INFO] [root] [MainThread]: Successfully processed: NFO\GFDLNFO_TICK_03012025\Options\NIFTY09JAN2523100PE.NFO.csv
2025-10-27 20:33:32,744 [INFO] [root] [MainThread]: Started processing: NFO\GFDLNFO_TICK_03012025\Options\NIFTY09JAN2523150PE.NFO.csv
2025-10-27 20:33:32,830 [INFO] [root] [MainThread]: Successfully processed: NFO\GFDLNFO_TICK_03012025\Options\NIFTY09JAN2523150PE.NFO.csv
2025-10-27 20:33:32,831 [INFO] [root] [MainThread]: Started processing: NFO\GFDLNFO_TICK_03012025\Options\NIFTY09JAN2523200PE.NFO.csv
2025-10-27 20:33:32,946 [INFO] [root] [MainThread]: Successfully processed: NFO\GFDLNFO_TICK_03012025\Options\NIFTY09JAN2523200PE.NFO.csv
2025-10-27 20:33:32,946 [INFO] [root] [MainThread]: Started processing: NFO\GFDLNFO_TICK_03012025\Options\NIFTY09JAN2523250PE.NFO.csv
2025-10-27 20:33:33,095 [INFO] [root] [MainThread]: Successfully processed: NFO\GFDLNFO_TICK_03012025\Options\NIFTY09JAN2523250PE.NFO.csv
2025-10-27 20:33:33,095 [INFO] [root] [MainThread]: Started processing: NFO\GFDLNFO_TICK_03012025\Options\NIFTY09JAN2523300PE.NFO.csv
2025-10-27 20:33:33,241 [INFO] [root] [MainThread]: Successfully processed: NFO\GFDLNFO_TICK_03012025\Options\NIFTY09JAN2523300PE.NFO.csv
2025-10-27 20:33:33,241 [INFO] [root] [MainThread]: Started processing: NFO\GFDLNFO_TICK_03012025\Options\NIFTY09JAN2523350PE.NFO.csv
2025-10-27 20:33:33,346 [INFO] [root] [MainThread]: Successfully processed: NFO\GFDLNFO_TICK_03012025\Options\NIFTY09JAN2523350PE.NFO.csv
2025-10-27 20:33:33,347 [INFO] [root] [MainThread]: Started processing: NFO\GFDLNFO_TICK_03012025\Options\NIFTY09JAN2523400PE.NFO.csv
2025-10-27 20:33:33,456 [INFO] [root] [MainThread]: Successfully processed: NFO\GFDLNFO_TICK_03012025\Options\NIFTY09JAN2523400PE.NFO.csv
2025-10-27 20:33:33,456 [INFO] [root] [MainThread]: Started processing: NFO\GFDLNFO_TICK_03012025\Options\NIFTY09JAN2523450PE.NFO.csv
2025-10-27 20:33:33,566 [INFO] [root] [MainThread]: Successfully processed: NFO\GFDLNFO_TICK_03012025\Options\NIFTY09JAN2523450PE.NFO.csv
2025-10-27 20:33:33,567 [INFO] [root] [MainThread]: Started processing: NFO\GFDLNFO_TICK_03012025\Options\NIFTY09JAN2523500PE.NFO.csv
2025-10-27 20:33:33,685 [INFO] [root] [MainThread]: Successfully processed: NFO\GFDLNFO_TICK_03012025\Options\NIFTY09JAN2523500PE.NFO.csv
2025-10-27 20:33:33,685 [INFO] [root] [MainThread]: Started processing: NFO\GFDLNFO_TICK_03012025\Options\NIFTY09JAN2523550PE.NFO.csv
2025-10-27 20:33:33,792 [INFO] [root] [MainThread]: Successfully processed: NFO\GFDLNFO_TICK_03012025\Options\NIFTY09JAN2523550PE.NFO.csv
2025-10-27 20:33:33,793 [INFO] [root] [MainThread]: Started processing: NFO\GFDLNFO_TICK_03012025\Options\NIFTY09JAN2523600PE.NFO.csv
2025-10-27 20:33:33,898 [INFO] [root] [MainThread]: Successfully processed: NFO\GFDLNFO_TICK_03012025\Options\NIFTY09JAN2523600PE.NFO.csv
2025-10-27 20:33:33,898 [INFO] [root] [MainThread]: Started processing: NFO\GFDLNFO_TICK_03012025\Options\NIFTY09JAN2523650PE.NFO.csv
2025-10-27 20:33:34,026 [INFO] [root] [MainThread]: Successfully processed: NFO\GFDLNFO_TICK_03012025\Options\NIFTY09JAN2523650PE.NFO.csv
2025-10-27 20:33:34,026 [INFO] [root] [MainThread]: Started processing: NFO\GFDLNFO_TICK_03012025\Options\NIFTY09JAN2523700PE.NFO.csv
2025-10-27 20:33:34,157 [INFO] [root] [MainThread]: Successfully processed: NFO\GFDLNFO_TICK_03012025\Options\NIFTY09JAN2523700PE.NFO.csv
2025-10-27 20:33:34,157 [INFO] [root] [MainThread]: Started processing: NFO\GFDLNFO_TICK_03012025\Options\NIFTY09JAN2523750PE.NFO.csv
2025-10-27 20:33:34,315 [INFO] [root] [MainThread]: Successfully processed: NFO\GFDLNFO_TICK_03012025\Options\NIFTY09JAN2523750PE.NFO.csv
2025-10-27 20:33:34,315 [INFO] [root] [MainThread]: Started processing: NFO\GFDLNFO_TICK_03012025\Options\NIFTY09JAN2523800PE.NFO.csv
2025-10-27 20:33:34,511 [INFO] [root] [MainThread]: Successfully processed: NFO\GFDLNFO_TICK_03012025\Options\NIFTY09JAN2523800PE.NFO.csv
2025-10-27 20:33:34,511 [INFO] [root] [MainThread]: Started processing: NFO\GFDLNFO_TICK_03012025\Options\NIFTY09JAN2523850PE.NFO.csv
2025-10-27 20:33:34,671 [INFO] [root] [MainThread]: Successfully processed: NFO\GFDLNFO_TICK_03012025\Options\NIFTY09JAN2523850PE.NFO.csv
2025-10-27 20:33:34,671 [INFO] [root] [MainThread]: Started processing: NFO\GFDLNFO_TICK_03012025\Options\NIFTY09JAN2523900PE.NFO.csv
2025-10-27 20:33:34,807 [INFO] [root] [MainThread]: Successfully processed: NFO\GFDLNFO_TICK_03012025\Options\NIFTY09JAN2523900PE.NFO.csv
2025-10-27 20:33:34,807 [INFO] [root] [MainThread]: Started processing: NFO\GFDLNFO_TICK_03012025\Options\NIFTY09JAN2523950PE.NFO.csv
2025-10-27 20:33:34,930 [INFO] [root] [MainThread]: Successfully processed: NFO\GFDLNFO_TICK_03012025\Options\NIFTY09JAN2523950PE.NFO.csv
2025-10-27 20:33:34,930 [INFO] [root] [MainThread]: Started processing: NFO\GFDLNFO_TICK_03012025\Options\NIFTY09JAN2524000PE.NFO.csv
2025-10-27 20:33:35,037 [INFO] [root] [MainThread]: Successfully processed: NFO\GFDLNFO_TICK_03012025\Options\NIFTY09JAN2524000PE.NFO.csv
2025-10-27 20:33:35,037 [INFO] [root] [MainThread]: Started processing: NFO\GFDLNFO_TICK_03012025\Options\NIFTY09JAN2524050PE.NFO.csv
2025-10-27 20:33:35,141 [INFO] [root] [MainThread]: Successfully processed: NFO\GFDLNFO_TICK_03012025\Options\NIFTY09JAN2524050PE.NFO.csv
2025-10-27 20:33:35,141 [INFO] [root] [MainThread]: Started processing: NFO\GFDLNFO_TICK_03012025\Options\NIFTY09JAN2524100PE.NFO.csv
2025-10-27 20:33:35,248 [INFO] [root] [MainThread]: Successfully processed: NFO\GFDLNFO_TICK_03012025\Options\NIFTY09JAN2524100PE.NFO.csv
2025-10-27 20:33:35,249 [INFO] [root] [MainThread]: Started processing: NFO\GFDLNFO_TICK_03012025\Options\NIFTY09JAN2524150PE.NFO.csv
2025-10-27 20:33:35,359 [INFO] [root] [MainThread]: Successfully processed: NFO\GFDLNFO_TICK_03012025\Options\NIFTY09JAN2524150PE.NFO.csv
2025-10-27 20:33:35,359 [INFO] [root] [MainThread]: Started processing: NFO\GFDLNFO_TICK_03012025\Options\NIFTY09JAN2524200PE.NFO.csv
2025-10-27 20:33:35,457 [INFO] [root] [MainThread]: Successfully processed: NFO\GFDLNFO_TICK_03012025\Options\NIFTY09JAN2524200PE.NFO.csv
2025-10-27 20:33:35,457 [INFO] [root] [MainThread]: Started processing: NFO\GFDLNFO_TICK_03012025\Options\NIFTY09JAN2524250PE.NFO.csv
2025-10-27 20:33:35,538 [INFO] [root] [MainThread]: Successfully processed: NFO\GFDLNFO_TICK_03012025\Options\NIFTY09JAN2524250PE.NFO.csv
2025-10-27 20:33:35,539 [INFO] [root] [MainThread]: Started processing: NFO\GFDLNFO_TICK_03012025\Options\NIFTY09JAN2524300PE.NFO.csv
2025-10-27 20:33:35,640 [INFO] [root] [MainThread]: Successfully processed: NFO\GFDLNFO_TICK_03012025\Options\NIFTY09JAN2524300PE.NFO.csv
2025-10-27 20:33:35,640 [INFO] [root] [MainThread]: Started processing: NFO\GFDLNFO_TICK_03012025\Options\NIFTY09JAN2524350PE.NFO.csv
2025-10-27 20:33:35,710 [INFO] [root] [MainThread]: Successfully processed: NFO\GFDLNFO_TICK_03012025\Options\NIFTY09JAN2524350PE.NFO.csv
2025-10-27 20:33:35,710 [INFO] [root] [MainThread]: Started processing: NFO\GFDLNFO_TICK_03012025\Options\NIFTY09JAN2524400PE.NFO.csv
2025-10-27 20:33:35,808 [INFO] [root] [MainThread]: Successfully processed: NFO\GFDLNFO_TICK_03012025\Options\NIFTY09JAN2524400PE.NFO.csv
2025-10-27 20:33:35,808 [INFO] [root] [MainThread]: Started processing: NFO\GFDLNFO_TICK_03012025\Options\NIFTY09JAN2524450PE.NFO.csv
2025-10-27 20:33:35,868 [INFO] [root] [MainThread]: Successfully processed: NFO\GFDLNFO_TICK_03012025\Options\NIFTY09JAN2524450PE.NFO.csv
2025-10-27 20:33:35,869 [INFO] [root] [MainThread]: Started processing: NFO\GFDLNFO_TICK_03012025\Options\NIFTY09JAN2524500PE.NFO.csv
2025-10-27 20:33:36,006 [INFO] [root] [MainThread]: Successfully processed: NFO\GFDLNFO_TICK_03012025\Options\NIFTY09JAN2524500PE.NFO.csv
2025-10-27 20:33:36,007 [INFO] [root] [MainThread]: Started processing: NFO\GFDLNFO_TICK_03012025\Options\NIFTY09JAN2524550PE.NFO.csv
2025-10-27 20:33:36,083 [INFO] [root] [MainThread]: Successfully processed: NFO\GFDLNFO_TICK_03012025\Options\NIFTY09JAN2524550PE.NFO.csv
2025-10-27 20:33:36,083 [INFO] [root] [MainThread]: Started processing: NFO\GFDLNFO_TICK_03012025\Options\NIFTY09JAN2524600PE.NFO.csv
2025-10-27 20:33:36,188 [INFO] [root] [MainThread]: Successfully processed: NFO\GFDLNFO_TICK_03012025\Options\NIFTY09JAN2524600PE.NFO.csv
2025-10-27 20:33:36,188 [INFO] [root] [MainThread]: Started processing: NFO\GFDLNFO_TICK_03012025\Options\NIFTY09JAN2524650PE.NFO.csv
2025-10-27 20:33:36,294 [INFO] [root] [MainThread]: Successfully processed: NFO\GFDLNFO_TICK_03012025\Options\NIFTY09JAN2524650PE.NFO.csv
2025-10-27 20:33:36,294 [INFO] [root] [MainThread]: Started processing: NFO\GFDLNFO_TICK_03012025\Options\NIFTY09JAN2524700PE.NFO.csv
2025-10-27 20:33:36,391 [INFO] [root] [MainThread]: Successfully processed: NFO\GFDLNFO_TICK_03012025\Options\NIFTY09JAN2524700PE.NFO.csv
2025-10-27 20:33:36,391 [INFO] [root] [MainThread]: Started processing: NFO\GFDLNFO_TICK_03012025\Options\NIFTY09JAN2524750PE.NFO.csv
2025-10-27 20:33:36,461 [INFO] [root] [MainThread]: Successfully processed: NFO\GFDLNFO_TICK_03012025\Options\NIFTY09JAN2524750PE.NFO.csv
2025-10-27 20:33:36,461 [INFO] [root] [MainThread]: Started processing: NFO\GFDLNFO_TICK_03012025\Options\NIFTY09JAN2524800PE.NFO.csv
2025-10-27 20:33:36,560 [INFO] [root] [MainThread]: Successfully processed: NFO\GFDLNFO_TICK_03012025\Options\NIFTY09JAN2524800PE.NFO.csv
2025-10-27 20:33:36,561 [INFO] [root] [MainThread]: Started processing: NFO\GFDLNFO_TICK_03012025\Options\NIFTY09JAN2524850PE.NFO.csv
2025-10-27 20:33:36,666 [INFO] [root] [MainThread]: Successfully processed: NFO\GFDLNFO_TICK_03012025\Options\NIFTY09JAN2524850PE.NFO.csv
2025-10-27 20:33:36,666 [INFO] [root] [MainThread]: Started processing: NFO\GFDLNFO_TICK_03012025\Options\NIFTY09JAN2524900PE.NFO.csv
2025-10-27 20:33:36,765 [INFO] [root] [MainThread]: Successfully processed: NFO\GFDLNFO_TICK_03012025\Options\NIFTY09JAN2524900PE.NFO.csv
2025-10-27 20:33:36,765 [INFO] [root] [MainThread]: Started processing: NFO\GFDLNFO_TICK_03012025\Options\NIFTY09JAN2524950PE.NFO.csv
2025-10-27 20:33:36,830 [INFO] [root] [MainThread]: Successfully processed: NFO\GFDLNFO_TICK_03012025\Options\NIFTY09JAN2524950PE.NFO.csv
2025-10-27 20:33:36,830 [INFO] [root] [MainThread]: Started processing: NFO\GFDLNFO_TICK_03012025\Options\NIFTY09JAN2525000PE.NFO.csv
