2025-10-27 13:54:47,250 [INFO] [root] [MainThread]: Utility started.
2025-10-27 13:54:47,251 [INFO] [root] [MainThread]: Processing BANKNIFTY from NFO exchange
2025-10-27 13:54:47,251 [INFO] [root] [MainThread]: Detected yearly folder structure in NFO\GFDLNFO_TICK_03012025\GFDLNFO_TICK_03012025
2025-10-27 13:54:47,869 [INFO] [root] [MainThread]: No date subfolders found, extracted date 03012025 from parent folder: GFDLNFO_TICK_03012025
2025-10-27 13:54:47,870 [INFO] [root] [MainThread]: Got following folder info {'03012025': {'NFO\\GFDLNFO_TICK_03012025\\GFDLNFO_TICK_03012025'}} for processing {'index': 'BANKNIFTY', 'instrument_type': 'call'}.
2025-10-27 13:54:47,882 [INFO] [root] [MainThread]: Started processing folder: NFO\GFDLNFO_TICK_03012025\GFDLNFO_TICK_03012025 for {'index': 'BANKNIFTY', 'instrument_type': 'call'}, date: 03012025
2025-10-27 13:54:47,914 [INFO] [root] [MainThread]: Found 196 call option files to process for BANKNIFTY.
2025-10-27 13:54:47,914 [INFO] [root] [MainThread]: Started processing: NFO\GFDLNFO_TICK_03012025\GFDLNFO_TICK_03012025\Options\BANKNIFTY26JUN2552500CE.NFO.csv
2025-10-27 13:54:47,948 [INFO] [root] [MainThread]: Successfully processed: NFO\GFDLNFO_TICK_03012025\GFDLNFO_TICK_03012025\Options\BANKNIFTY26JUN2552500CE.NFO.csv
2025-10-27 13:54:47,948 [INFO] [root] [MainThread]: Started processing: NFO\GFDLNFO_TICK_03012025\GFDLNFO_TICK_03012025\Options\BANKNIFTY26JUN2554000CE.NFO.csv
2025-10-27 13:54:47,979 [INFO] [root] [MainThread]: Successfully processed: NFO\GFDLNFO_TICK_03012025\GFDLNFO_TICK_03012025\Options\BANKNIFTY26JUN2554000CE.NFO.csv
2025-10-27 13:54:47,979 [INFO] [root] [MainThread]: Started processing: NFO\GFDLNFO_TICK_03012025\GFDLNFO_TICK_03012025\Options\BANKNIFTY26JUN2557000CE.NFO.csv
2025-10-27 13:54:47,996 [INFO] [root] [MainThread]: Successfully processed: NFO\GFDLNFO_TICK_03012025\GFDLNFO_TICK_03012025\Options\BANKNIFTY26JUN2557000CE.NFO.csv
2025-10-27 13:54:47,996 [INFO] [root] [MainThread]: Started processing: NFO\GFDLNFO_TICK_03012025\GFDLNFO_TICK_03012025\Options\BANKNIFTY26JUN2558500CE.NFO.csv
2025-10-27 13:54:48,010 [INFO] [root] [MainThread]: Successfully processed: NFO\GFDLNFO_TICK_03012025\GFDLNFO_TICK_03012025\Options\BANKNIFTY26JUN2558500CE.NFO.csv
2025-10-27 13:54:48,011 [INFO] [root] [MainThread]: Started processing: NFO\GFDLNFO_TICK_03012025\GFDLNFO_TICK_03012025\Options\BANKNIFTY27FEB2545000CE.NFO.csv
2025-10-27 13:54:48,024 [INFO] [root] [MainThread]: Successfully processed: NFO\GFDLNFO_TICK_03012025\GFDLNFO_TICK_03012025\Options\BANKNIFTY27FEB2545000CE.NFO.csv
2025-10-27 13:54:48,024 [INFO] [root] [MainThread]: Started processing: NFO\GFDLNFO_TICK_03012025\GFDLNFO_TICK_03012025\Options\BANKNIFTY27FEB2547000CE.NFO.csv
2025-10-27 13:54:48,056 [INFO] [root] [MainThread]: Successfully processed: NFO\GFDLNFO_TICK_03012025\GFDLNFO_TICK_03012025\Options\BANKNIFTY27FEB2547000CE.NFO.csv
2025-10-27 13:54:48,056 [INFO] [root] [MainThread]: Started processing: NFO\GFDLNFO_TICK_03012025\GFDLNFO_TICK_03012025\Options\BANKNIFTY27FEB2548000CE.NFO.csv
2025-10-27 13:54:48,086 [INFO] [root] [MainThread]: Successfully processed: NFO\GFDLNFO_TICK_03012025\GFDLNFO_TICK_03012025\Options\BANKNIFTY27FEB2548000CE.NFO.csv
2025-10-27 13:54:48,086 [INFO] [root] [MainThread]: Started processing: NFO\GFDLNFO_TICK_03012025\GFDLNFO_TICK_03012025\Options\BANKNIFTY27FEB2549000CE.NFO.csv
2025-10-27 13:54:48,120 [INFO] [root] [MainThread]: Successfully processed: NFO\GFDLNFO_TICK_03012025\GFDLNFO_TICK_03012025\Options\BANKNIFTY27FEB2549000CE.NFO.csv
2025-10-27 13:54:48,121 [INFO] [root] [MainThread]: Started processing: NFO\GFDLNFO_TICK_03012025\GFDLNFO_TICK_03012025\Options\BANKNIFTY27FEB2549500CE.NFO.csv
2025-10-27 13:54:48,148 [INFO] [root] [MainThread]: Successfully processed: NFO\GFDLNFO_TICK_03012025\GFDLNFO_TICK_03012025\Options\BANKNIFTY27FEB2549500CE.NFO.csv
2025-10-27 13:54:48,148 [INFO] [root] [MainThread]: Started processing: NFO\GFDLNFO_TICK_03012025\GFDLNFO_TICK_03012025\Options\BANKNIFTY27FEB2549700CE.NFO.csv
2025-10-27 13:54:48,160 [INFO] [root] [MainThread]: Successfully processed: NFO\GFDLNFO_TICK_03012025\GFDLNFO_TICK_03012025\Options\BANKNIFTY27FEB2549700CE.NFO.csv
2025-10-27 13:54:48,160 [INFO] [root] [MainThread]: Started processing: NFO\GFDLNFO_TICK_03012025\GFDLNFO_TICK_03012025\Options\BANKNIFTY27FEB2549800CE.NFO.csv
2025-10-27 13:54:48,174 [INFO] [root] [MainThread]: Successfully processed: NFO\GFDLNFO_TICK_03012025\GFDLNFO_TICK_03012025\Options\BANKNIFTY27FEB2549800CE.NFO.csv
2025-10-27 13:54:48,174 [INFO] [root] [MainThread]: Started processing: NFO\GFDLNFO_TICK_03012025\GFDLNFO_TICK_03012025\Options\BANKNIFTY27FEB2549900CE.NFO.csv
2025-10-27 13:54:48,185 [INFO] [root] [MainThread]: Successfully processed: NFO\GFDLNFO_TICK_03012025\GFDLNFO_TICK_03012025\Options\BANKNIFTY27FEB2549900CE.NFO.csv
2025-10-27 13:54:48,185 [INFO] [root] [MainThread]: Started processing: NFO\GFDLNFO_TICK_03012025\GFDLNFO_TICK_03012025\Options\BANKNIFTY27FEB2550000CE.NFO.csv
2025-10-27 13:54:48,219 [INFO] [root] [MainThread]: Successfully processed: NFO\GFDLNFO_TICK_03012025\GFDLNFO_TICK_03012025\Options\BANKNIFTY27FEB2550000CE.NFO.csv
2025-10-27 13:54:48,220 [INFO] [root] [MainThread]: Started processing: NFO\GFDLNFO_TICK_03012025\GFDLNFO_TICK_03012025\Options\BANKNIFTY27FEB2550100CE.NFO.csv
2025-10-27 13:54:48,230 [INFO] [root] [MainThread]: Successfully processed: NFO\GFDLNFO_TICK_03012025\GFDLNFO_TICK_03012025\Options\BANKNIFTY27FEB2550100CE.NFO.csv
2025-10-27 13:54:48,230 [INFO] [root] [MainThread]: Started processing: NFO\GFDLNFO_TICK_03012025\GFDLNFO_TICK_03012025\Options\BANKNIFTY27FEB2550200CE.NFO.csv
2025-10-27 13:54:48,256 [INFO] [root] [MainThread]: Successfully processed: NFO\GFDLNFO_TICK_03012025\GFDLNFO_TICK_03012025\Options\BANKNIFTY27FEB2550200CE.NFO.csv
2025-10-27 13:54:48,256 [INFO] [root] [MainThread]: Started processing: NFO\GFDLNFO_TICK_03012025\GFDLNFO_TICK_03012025\Options\BANKNIFTY27FEB2550400CE.NFO.csv
2025-10-27 13:54:48,272 [INFO] [root] [MainThread]: Successfully processed: NFO\GFDLNFO_TICK_03012025\GFDLNFO_TICK_03012025\Options\BANKNIFTY27FEB2550400CE.NFO.csv
2025-10-27 13:54:48,272 [INFO] [root] [MainThread]: Started processing: NFO\GFDLNFO_TICK_03012025\GFDLNFO_TICK_03012025\Options\BANKNIFTY27FEB2550500CE.NFO.csv
2025-10-27 13:54:48,308 [INFO] [root] [MainThread]: Successfully processed: NFO\GFDLNFO_TICK_03012025\GFDLNFO_TICK_03012025\Options\BANKNIFTY27FEB2550500CE.NFO.csv
2025-10-27 13:54:48,309 [INFO] [root] [MainThread]: Started processing: NFO\GFDLNFO_TICK_03012025\GFDLNFO_TICK_03012025\Options\BANKNIFTY27FEB2550600CE.NFO.csv
2025-10-27 13:54:48,325 [INFO] [root] [MainThread]: Successfully processed: NFO\GFDLNFO_TICK_03012025\GFDLNFO_TICK_03012025\Options\BANKNIFTY27FEB2550600CE.NFO.csv
2025-10-27 13:54:48,325 [INFO] [root] [MainThread]: Started processing: NFO\GFDLNFO_TICK_03012025\GFDLNFO_TICK_03012025\Options\BANKNIFTY27FEB2550700CE.NFO.csv
2025-10-27 13:54:48,358 [INFO] [root] [MainThread]: Successfully processed: NFO\GFDLNFO_TICK_03012025\GFDLNFO_TICK_03012025\Options\BANKNIFTY27FEB2550700CE.NFO.csv
2025-10-27 13:54:48,359 [INFO] [root] [MainThread]: Started processing: NFO\GFDLNFO_TICK_03012025\GFDLNFO_TICK_03012025\Options\BANKNIFTY27FEB2550800CE.NFO.csv
2025-10-27 13:54:48,395 [INFO] [root] [MainThread]: Successfully processed: NFO\GFDLNFO_TICK_03012025\GFDLNFO_TICK_03012025\Options\BANKNIFTY27FEB2550800CE.NFO.csv
2025-10-27 13:54:48,395 [INFO] [root] [MainThread]: Started processing: NFO\GFDLNFO_TICK_03012025\GFDLNFO_TICK_03012025\Options\BANKNIFTY27FEB2550900CE.NFO.csv
2025-10-27 13:54:48,436 [INFO] [root] [MainThread]: Successfully processed: NFO\GFDLNFO_TICK_03012025\GFDLNFO_TICK_03012025\Options\BANKNIFTY27FEB2550900CE.NFO.csv
2025-10-27 13:54:48,436 [INFO] [root] [MainThread]: Started processing: NFO\GFDLNFO_TICK_03012025\GFDLNFO_TICK_03012025\Options\BANKNIFTY27FEB2551000CE.NFO.csv
2025-10-27 13:54:48,479 [INFO] [root] [MainThread]: Successfully processed: NFO\GFDLNFO_TICK_03012025\GFDLNFO_TICK_03012025\Options\BANKNIFTY27FEB2551000CE.NFO.csv
2025-10-27 13:54:48,479 [INFO] [root] [MainThread]: Started processing: NFO\GFDLNFO_TICK_03012025\GFDLNFO_TICK_03012025\Options\BANKNIFTY27FEB2551100CE.NFO.csv
2025-10-27 13:54:48,515 [INFO] [root] [MainThread]: Successfully processed: NFO\GFDLNFO_TICK_03012025\GFDLNFO_TICK_03012025\Options\BANKNIFTY27FEB2551100CE.NFO.csv
2025-10-27 13:54:48,515 [INFO] [root] [MainThread]: Started processing: NFO\GFDLNFO_TICK_03012025\GFDLNFO_TICK_03012025\Options\BANKNIFTY27FEB2551200CE.NFO.csv
2025-10-27 13:54:48,551 [INFO] [root] [MainThread]: Successfully processed: NFO\GFDLNFO_TICK_03012025\GFDLNFO_TICK_03012025\Options\BANKNIFTY27FEB2551200CE.NFO.csv
2025-10-27 13:54:48,551 [INFO] [root] [MainThread]: Started processing: NFO\GFDLNFO_TICK_03012025\GFDLNFO_TICK_03012025\Options\BANKNIFTY27FEB2551300CE.NFO.csv
2025-10-27 13:54:48,592 [INFO] [root] [MainThread]: Successfully processed: NFO\GFDLNFO_TICK_03012025\GFDLNFO_TICK_03012025\Options\BANKNIFTY27FEB2551300CE.NFO.csv
2025-10-27 13:54:48,593 [INFO] [root] [MainThread]: Started processing: NFO\GFDLNFO_TICK_03012025\GFDLNFO_TICK_03012025\Options\BANKNIFTY27FEB2551400CE.NFO.csv
2025-10-27 13:54:48,635 [INFO] [root] [MainThread]: Successfully processed: NFO\GFDLNFO_TICK_03012025\GFDLNFO_TICK_03012025\Options\BANKNIFTY27FEB2551400CE.NFO.csv
2025-10-27 13:54:48,635 [INFO] [root] [MainThread]: Started processing: NFO\GFDLNFO_TICK_03012025\GFDLNFO_TICK_03012025\Options\BANKNIFTY27FEB2551500CE.NFO.csv
2025-10-27 13:54:48,679 [INFO] [root] [MainThread]: Successfully processed: NFO\GFDLNFO_TICK_03012025\GFDLNFO_TICK_03012025\Options\BANKNIFTY27FEB2551500CE.NFO.csv
2025-10-27 13:54:48,679 [INFO] [root] [MainThread]: Started processing: NFO\GFDLNFO_TICK_03012025\GFDLNFO_TICK_03012025\Options\BANKNIFTY27FEB2551600CE.NFO.csv
2025-10-27 13:54:48,720 [INFO] [root] [MainThread]: Successfully processed: NFO\GFDLNFO_TICK_03012025\GFDLNFO_TICK_03012025\Options\BANKNIFTY27FEB2551600CE.NFO.csv
2025-10-27 13:54:48,720 [INFO] [root] [MainThread]: Started processing: NFO\GFDLNFO_TICK_03012025\GFDLNFO_TICK_03012025\Options\BANKNIFTY27FEB2551700CE.NFO.csv
2025-10-27 13:54:48,765 [INFO] [root] [MainThread]: Successfully processed: NFO\GFDLNFO_TICK_03012025\GFDLNFO_TICK_03012025\Options\BANKNIFTY27FEB2551700CE.NFO.csv
2025-10-27 13:54:48,765 [INFO] [root] [MainThread]: Started processing: NFO\GFDLNFO_TICK_03012025\GFDLNFO_TICK_03012025\Options\BANKNIFTY27FEB2551800CE.NFO.csv
2025-10-27 13:54:48,809 [INFO] [root] [MainThread]: Successfully processed: NFO\GFDLNFO_TICK_03012025\GFDLNFO_TICK_03012025\Options\BANKNIFTY27FEB2551800CE.NFO.csv
2025-10-27 13:54:48,809 [INFO] [root] [MainThread]: Started processing: NFO\GFDLNFO_TICK_03012025\GFDLNFO_TICK_03012025\Options\BANKNIFTY27FEB2551900CE.NFO.csv
2025-10-27 13:54:48,850 [INFO] [root] [MainThread]: Successfully processed: NFO\GFDLNFO_TICK_03012025\GFDLNFO_TICK_03012025\Options\BANKNIFTY27FEB2551900CE.NFO.csv
2025-10-27 13:54:48,850 [INFO] [root] [MainThread]: Started processing: NFO\GFDLNFO_TICK_03012025\GFDLNFO_TICK_03012025\Options\BANKNIFTY27FEB2552000CE.NFO.csv
2025-10-27 13:54:48,902 [INFO] [root] [MainThread]: Successfully processed: NFO\GFDLNFO_TICK_03012025\GFDLNFO_TICK_03012025\Options\BANKNIFTY27FEB2552000CE.NFO.csv
2025-10-27 13:54:48,903 [INFO] [root] [MainThread]: Started processing: NFO\GFDLNFO_TICK_03012025\GFDLNFO_TICK_03012025\Options\BANKNIFTY27FEB2552100CE.NFO.csv
2025-10-27 13:54:48,940 [INFO] [root] [MainThread]: Successfully processed: NFO\GFDLNFO_TICK_03012025\GFDLNFO_TICK_03012025\Options\BANKNIFTY27FEB2552100CE.NFO.csv
2025-10-27 13:54:48,940 [INFO] [root] [MainThread]: Started processing: NFO\GFDLNFO_TICK_03012025\GFDLNFO_TICK_03012025\Options\BANKNIFTY27FEB2552200CE.NFO.csv
2025-10-27 13:54:48,981 [INFO] [root] [MainThread]: Successfully processed: NFO\GFDLNFO_TICK_03012025\GFDLNFO_TICK_03012025\Options\BANKNIFTY27FEB2552200CE.NFO.csv
2025-10-27 13:54:48,981 [INFO] [root] [MainThread]: Started processing: NFO\GFDLNFO_TICK_03012025\GFDLNFO_TICK_03012025\Options\BANKNIFTY27FEB2552300CE.NFO.csv
2025-10-27 13:54:49,026 [INFO] [root] [MainThread]: Successfully processed: NFO\GFDLNFO_TICK_03012025\GFDLNFO_TICK_03012025\Options\BANKNIFTY27FEB2552300CE.NFO.csv
2025-10-27 13:54:49,026 [INFO] [root] [MainThread]: Started processing: NFO\GFDLNFO_TICK_03012025\GFDLNFO_TICK_03012025\Options\BANKNIFTY27FEB2552400CE.NFO.csv
2025-10-27 13:54:49,069 [INFO] [root] [MainThread]: Successfully processed: NFO\GFDLNFO_TICK_03012025\GFDLNFO_TICK_03012025\Options\BANKNIFTY27FEB2552400CE.NFO.csv
2025-10-27 13:54:49,069 [INFO] [root] [MainThread]: Started processing: NFO\GFDLNFO_TICK_03012025\GFDLNFO_TICK_03012025\Options\BANKNIFTY27FEB2552500CE.NFO.csv
2025-10-27 13:54:49,112 [INFO] [root] [MainThread]: Successfully processed: NFO\GFDLNFO_TICK_03012025\GFDLNFO_TICK_03012025\Options\BANKNIFTY27FEB2552500CE.NFO.csv
2025-10-27 13:54:49,112 [INFO] [root] [MainThread]: Started processing: NFO\GFDLNFO_TICK_03012025\GFDLNFO_TICK_03012025\Options\BANKNIFTY27FEB2552600CE.NFO.csv
2025-10-27 13:54:49,155 [INFO] [root] [MainThread]: Successfully processed: NFO\GFDLNFO_TICK_03012025\GFDLNFO_TICK_03012025\Options\BANKNIFTY27FEB2552600CE.NFO.csv
2025-10-27 13:54:49,155 [INFO] [root] [MainThread]: Started processing: NFO\GFDLNFO_TICK_03012025\GFDLNFO_TICK_03012025\Options\BANKNIFTY27FEB2552700CE.NFO.csv
2025-10-27 13:54:49,195 [INFO] [root] [MainThread]: Successfully processed: NFO\GFDLNFO_TICK_03012025\GFDLNFO_TICK_03012025\Options\BANKNIFTY27FEB2552700CE.NFO.csv
2025-10-27 13:54:49,195 [INFO] [root] [MainThread]: Started processing: NFO\GFDLNFO_TICK_03012025\GFDLNFO_TICK_03012025\Options\BANKNIFTY27FEB2552800CE.NFO.csv
2025-10-27 13:54:49,233 [INFO] [root] [MainThread]: Successfully processed: NFO\GFDLNFO_TICK_03012025\GFDLNFO_TICK_03012025\Options\BANKNIFTY27FEB2552800CE.NFO.csv
2025-10-27 13:54:49,233 [INFO] [root] [MainThread]: Started processing: NFO\GFDLNFO_TICK_03012025\GFDLNFO_TICK_03012025\Options\BANKNIFTY27FEB2552900CE.NFO.csv
2025-10-27 13:54:49,274 [INFO] [root] [MainThread]: Successfully processed: NFO\GFDLNFO_TICK_03012025\GFDLNFO_TICK_03012025\Options\BANKNIFTY27FEB2552900CE.NFO.csv
2025-10-27 13:54:49,275 [INFO] [root] [MainThread]: Started processing: NFO\GFDLNFO_TICK_03012025\GFDLNFO_TICK_03012025\Options\BANKNIFTY27FEB2553000CE.NFO.csv
2025-10-27 13:54:49,318 [INFO] [root] [MainThread]: Successfully processed: NFO\GFDLNFO_TICK_03012025\GFDLNFO_TICK_03012025\Options\BANKNIFTY27FEB2553000CE.NFO.csv
2025-10-27 13:54:49,318 [INFO] [root] [MainThread]: Started processing: NFO\GFDLNFO_TICK_03012025\GFDLNFO_TICK_03012025\Options\BANKNIFTY27FEB2553100CE.NFO.csv
2025-10-27 13:54:49,354 [INFO] [root] [MainThread]: Successfully processed: NFO\GFDLNFO_TICK_03012025\GFDLNFO_TICK_03012025\Options\BANKNIFTY27FEB2553100CE.NFO.csv
2025-10-27 13:54:49,355 [INFO] [root] [MainThread]: Started processing: NFO\GFDLNFO_TICK_03012025\GFDLNFO_TICK_03012025\Options\BANKNIFTY27FEB2553200CE.NFO.csv
2025-10-27 13:54:49,385 [INFO] [root] [MainThread]: Successfully processed: NFO\GFDLNFO_TICK_03012025\GFDLNFO_TICK_03012025\Options\BANKNIFTY27FEB2553200CE.NFO.csv
2025-10-27 13:54:49,385 [INFO] [root] [MainThread]: Started processing: NFO\GFDLNFO_TICK_03012025\GFDLNFO_TICK_03012025\Options\BANKNIFTY27FEB2553300CE.NFO.csv
2025-10-27 13:54:49,413 [INFO] [root] [MainThread]: Successfully processed: NFO\GFDLNFO_TICK_03012025\GFDLNFO_TICK_03012025\Options\BANKNIFTY27FEB2553300CE.NFO.csv
2025-10-27 13:54:49,413 [INFO] [root] [MainThread]: Started processing: NFO\GFDLNFO_TICK_03012025\GFDLNFO_TICK_03012025\Options\BANKNIFTY27FEB2553400CE.NFO.csv
2025-10-27 13:54:49,436 [INFO] [root] [MainThread]: Successfully processed: NFO\GFDLNFO_TICK_03012025\GFDLNFO_TICK_03012025\Options\BANKNIFTY27FEB2553400CE.NFO.csv
2025-10-27 13:54:49,436 [INFO] [root] [MainThread]: Started processing: NFO\GFDLNFO_TICK_03012025\GFDLNFO_TICK_03012025\Options\BANKNIFTY27FEB2553500CE.NFO.csv
2025-10-27 13:54:49,477 [INFO] [root] [MainThread]: Successfully processed: NFO\GFDLNFO_TICK_03012025\GFDLNFO_TICK_03012025\Options\BANKNIFTY27FEB2553500CE.NFO.csv
2025-10-27 13:54:49,477 [INFO] [root] [MainThread]: Started processing: NFO\GFDLNFO_TICK_03012025\GFDLNFO_TICK_03012025\Options\BANKNIFTY27FEB2553600CE.NFO.csv
2025-10-27 13:54:49,506 [INFO] [root] [MainThread]: Successfully processed: NFO\GFDLNFO_TICK_03012025\GFDLNFO_TICK_03012025\Options\BANKNIFTY27FEB2553600CE.NFO.csv
2025-10-27 13:54:49,506 [INFO] [root] [MainThread]: Started processing: NFO\GFDLNFO_TICK_03012025\GFDLNFO_TICK_03012025\Options\BANKNIFTY27FEB2553700CE.NFO.csv
2025-10-27 13:54:49,530 [INFO] [root] [MainThread]: Successfully processed: NFO\GFDLNFO_TICK_03012025\GFDLNFO_TICK_03012025\Options\BANKNIFTY27FEB2553700CE.NFO.csv
2025-10-27 13:54:49,531 [INFO] [root] [MainThread]: Started processing: NFO\GFDLNFO_TICK_03012025\GFDLNFO_TICK_03012025\Options\BANKNIFTY27FEB2553800CE.NFO.csv
2025-10-27 13:54:49,552 [INFO] [root] [MainThread]: Successfully processed: NFO\GFDLNFO_TICK_03012025\GFDLNFO_TICK_03012025\Options\BANKNIFTY27FEB2553800CE.NFO.csv
2025-10-27 13:54:49,553 [INFO] [root] [MainThread]: Started processing: NFO\GFDLNFO_TICK_03012025\GFDLNFO_TICK_03012025\Options\BANKNIFTY27FEB2553900CE.NFO.csv
2025-10-27 13:54:49,581 [INFO] [root] [MainThread]: Successfully processed: NFO\GFDLNFO_TICK_03012025\GFDLNFO_TICK_03012025\Options\BANKNIFTY27FEB2553900CE.NFO.csv
2025-10-27 13:54:49,581 [INFO] [root] [MainThread]: Started processing: NFO\GFDLNFO_TICK_03012025\GFDLNFO_TICK_03012025\Options\BANKNIFTY27FEB2554000CE.NFO.csv
2025-10-27 13:54:49,635 [INFO] [root] [MainThread]: Successfully processed: NFO\GFDLNFO_TICK_03012025\GFDLNFO_TICK_03012025\Options\BANKNIFTY27FEB2554000CE.NFO.csv
2025-10-27 13:54:49,635 [INFO] [root] [MainThread]: Started processing: NFO\GFDLNFO_TICK_03012025\GFDLNFO_TICK_03012025\Options\BANKNIFTY27FEB2554100CE.NFO.csv
2025-10-27 13:54:49,654 [INFO] [root] [MainThread]: Successfully processed: NFO\GFDLNFO_TICK_03012025\GFDLNFO_TICK_03012025\Options\BANKNIFTY27FEB2554100CE.NFO.csv
2025-10-27 13:54:49,654 [INFO] [root] [MainThread]: Started processing: NFO\GFDLNFO_TICK_03012025\GFDLNFO_TICK_03012025\Options\BANKNIFTY27FEB2554200CE.NFO.csv
2025-10-27 13:54:49,676 [INFO] [root] [MainThread]: Successfully processed: NFO\GFDLNFO_TICK_03012025\GFDLNFO_TICK_03012025\Options\BANKNIFTY27FEB2554200CE.NFO.csv
2025-10-27 13:54:49,676 [INFO] [root] [MainThread]: Started processing: NFO\GFDLNFO_TICK_03012025\GFDLNFO_TICK_03012025\Options\BANKNIFTY27FEB2554300CE.NFO.csv
2025-10-27 13:54:49,701 [INFO] [root] [MainThread]: Successfully processed: NFO\GFDLNFO_TICK_03012025\GFDLNFO_TICK_03012025\Options\BANKNIFTY27FEB2554300CE.NFO.csv
2025-10-27 13:54:49,701 [INFO] [root] [MainThread]: Started processing: NFO\GFDLNFO_TICK_03012025\GFDLNFO_TICK_03012025\Options\BANKNIFTY27FEB2554400CE.NFO.csv
2025-10-27 13:54:49,713 [INFO] [root] [MainThread]: Successfully processed: NFO\GFDLNFO_TICK_03012025\GFDLNFO_TICK_03012025\Options\BANKNIFTY27FEB2554400CE.NFO.csv
2025-10-27 13:54:49,713 [INFO] [root] [MainThread]: Started processing: NFO\GFDLNFO_TICK_03012025\GFDLNFO_TICK_03012025\Options\BANKNIFTY27FEB2554500CE.NFO.csv
2025-10-27 13:54:49,758 [INFO] [root] [MainThread]: Successfully processed: NFO\GFDLNFO_TICK_03012025\GFDLNFO_TICK_03012025\Options\BANKNIFTY27FEB2554500CE.NFO.csv
2025-10-27 13:54:49,758 [INFO] [root] [MainThread]: Started processing: NFO\GFDLNFO_TICK_03012025\GFDLNFO_TICK_03012025\Options\BANKNIFTY27FEB2554600CE.NFO.csv
2025-10-27 13:54:49,774 [INFO] [root] [MainThread]: Successfully processed: NFO\GFDLNFO_TICK_03012025\GFDLNFO_TICK_03012025\Options\BANKNIFTY27FEB2554600CE.NFO.csv
2025-10-27 13:54:49,775 [INFO] [root] [MainThread]: Started processing: NFO\GFDLNFO_TICK_03012025\GFDLNFO_TICK_03012025\Options\BANKNIFTY27FEB2554800CE.NFO.csv
2025-10-27 13:54:49,793 [INFO] [root] [MainThread]: Successfully processed: NFO\GFDLNFO_TICK_03012025\GFDLNFO_TICK_03012025\Options\BANKNIFTY27FEB2554800CE.NFO.csv
2025-10-27 13:54:49,793 [INFO] [root] [MainThread]: Started processing: NFO\GFDLNFO_TICK_03012025\GFDLNFO_TICK_03012025\Options\BANKNIFTY27FEB2554900CE.NFO.csv
2025-10-27 13:54:49,804 [INFO] [root] [MainThread]: Successfully processed: NFO\GFDLNFO_TICK_03012025\GFDLNFO_TICK_03012025\Options\BANKNIFTY27FEB2554900CE.NFO.csv
2025-10-27 13:54:49,805 [INFO] [root] [MainThread]: Started processing: NFO\GFDLNFO_TICK_03012025\GFDLNFO_TICK_03012025\Options\BANKNIFTY27FEB2555000CE.NFO.csv
2025-10-27 13:54:49,847 [INFO] [root] [MainThread]: Successfully processed: NFO\GFDLNFO_TICK_03012025\GFDLNFO_TICK_03012025\Options\BANKNIFTY27FEB2555000CE.NFO.csv
2025-10-27 13:54:49,848 [INFO] [root] [MainThread]: Started processing: NFO\GFDLNFO_TICK_03012025\GFDLNFO_TICK_03012025\Options\BANKNIFTY27FEB2555100CE.NFO.csv
2025-10-27 13:54:49,861 [INFO] [root] [MainThread]: Successfully processed: NFO\GFDLNFO_TICK_03012025\GFDLNFO_TICK_03012025\Options\BANKNIFTY27FEB2555100CE.NFO.csv
2025-10-27 13:54:49,862 [INFO] [root] [MainThread]: Started processing: NFO\GFDLNFO_TICK_03012025\GFDLNFO_TICK_03012025\Options\BANKNIFTY27FEB2555300CE.NFO.csv
2025-10-27 13:54:49,877 [INFO] [root] [MainThread]: Successfully processed: NFO\GFDLNFO_TICK_03012025\GFDLNFO_TICK_03012025\Options\BANKNIFTY27FEB2555300CE.NFO.csv
2025-10-27 13:54:49,877 [INFO] [root] [MainThread]: Started processing: NFO\GFDLNFO_TICK_03012025\GFDLNFO_TICK_03012025\Options\BANKNIFTY27FEB2555500CE.NFO.csv
2025-10-27 13:54:49,914 [INFO] [root] [MainThread]: Successfully processed: NFO\GFDLNFO_TICK_03012025\GFDLNFO_TICK_03012025\Options\BANKNIFTY27FEB2555500CE.NFO.csv
2025-10-27 13:54:49,914 [INFO] [root] [MainThread]: Started processing: NFO\GFDLNFO_TICK_03012025\GFDLNFO_TICK_03012025\Options\BANKNIFTY27FEB2556000CE.NFO.csv
2025-10-27 13:54:49,952 [INFO] [root] [MainThread]: Successfully processed: NFO\GFDLNFO_TICK_03012025\GFDLNFO_TICK_03012025\Options\BANKNIFTY27FEB2556000CE.NFO.csv
2025-10-27 13:54:49,952 [INFO] [root] [MainThread]: Started processing: NFO\GFDLNFO_TICK_03012025\GFDLNFO_TICK_03012025\Options\BANKNIFTY27FEB2556500CE.NFO.csv
2025-10-27 13:54:49,980 [INFO] [root] [MainThread]: Successfully processed: NFO\GFDLNFO_TICK_03012025\GFDLNFO_TICK_03012025\Options\BANKNIFTY27FEB2556500CE.NFO.csv
2025-10-27 13:54:49,980 [INFO] [root] [MainThread]: Started processing: NFO\GFDLNFO_TICK_03012025\GFDLNFO_TICK_03012025\Options\BANKNIFTY27FEB2557000CE.NFO.csv
2025-10-27 13:54:50,011 [INFO] [root] [MainThread]: Successfully processed: NFO\GFDLNFO_TICK_03012025\GFDLNFO_TICK_03012025\Options\BANKNIFTY27FEB2557000CE.NFO.csv
2025-10-27 13:54:50,011 [INFO] [root] [MainThread]: Started processing: NFO\GFDLNFO_TICK_03012025\GFDLNFO_TICK_03012025\Options\BANKNIFTY27FEB2557500CE.NFO.csv
2025-10-27 13:54:50,023 [INFO] [root] [MainThread]: Successfully processed: NFO\GFDLNFO_TICK_03012025\GFDLNFO_TICK_03012025\Options\BANKNIFTY27FEB2557500CE.NFO.csv
2025-10-27 13:54:50,024 [INFO] [root] [MainThread]: Started processing: NFO\GFDLNFO_TICK_03012025\GFDLNFO_TICK_03012025\Options\BANKNIFTY27FEB2558000CE.NFO.csv
2025-10-27 13:54:50,043 [INFO] [root] [MainThread]: Successfully processed: NFO\GFDLNFO_TICK_03012025\GFDLNFO_TICK_03012025\Options\BANKNIFTY27FEB2558000CE.NFO.csv
2025-10-27 13:54:50,043 [INFO] [root] [MainThread]: Started processing: NFO\GFDLNFO_TICK_03012025\GFDLNFO_TICK_03012025\Options\BANKNIFTY27FEB2558500CE.NFO.csv
2025-10-27 13:54:50,057 [INFO] [root] [MainThread]: Successfully processed: NFO\GFDLNFO_TICK_03012025\GFDLNFO_TICK_03012025\Options\BANKNIFTY27FEB2558500CE.NFO.csv
2025-10-27 13:54:50,057 [INFO] [root] [MainThread]: Started processing: NFO\GFDLNFO_TICK_03012025\GFDLNFO_TICK_03012025\Options\BANKNIFTY27FEB2559000CE.NFO.csv
2025-10-27 13:54:50,069 [INFO] [root] [MainThread]: Successfully processed: NFO\GFDLNFO_TICK_03012025\GFDLNFO_TICK_03012025\Options\BANKNIFTY27FEB2559000CE.NFO.csv
2025-10-27 13:54:50,069 [INFO] [root] [MainThread]: Started processing: NFO\GFDLNFO_TICK_03012025\GFDLNFO_TICK_03012025\Options\BANKNIFTY27FEB2559500CE.NFO.csv
2025-10-27 13:54:50,080 [INFO] [root] [MainThread]: Successfully processed: NFO\GFDLNFO_TICK_03012025\GFDLNFO_TICK_03012025\Options\BANKNIFTY27FEB2559500CE.NFO.csv
2025-10-27 13:54:50,080 [INFO] [root] [MainThread]: Started processing: NFO\GFDLNFO_TICK_03012025\GFDLNFO_TICK_03012025\Options\BANKNIFTY27FEB2560000CE.NFO.csv
2025-10-27 13:54:50,093 [INFO] [root] [MainThread]: Successfully processed: NFO\GFDLNFO_TICK_03012025\GFDLNFO_TICK_03012025\Options\BANKNIFTY27FEB2560000CE.NFO.csv
2025-10-27 13:54:50,093 [INFO] [root] [MainThread]: Started processing: NFO\GFDLNFO_TICK_03012025\GFDLNFO_TICK_03012025\Options\BANKNIFTY27FEB2560500CE.NFO.csv
2025-10-27 13:54:50,106 [INFO] [root] [MainThread]: Successfully processed: NFO\GFDLNFO_TICK_03012025\GFDLNFO_TICK_03012025\Options\BANKNIFTY27FEB2560500CE.NFO.csv
2025-10-27 13:54:50,106 [INFO] [root] [MainThread]: Started processing: NFO\GFDLNFO_TICK_03012025\GFDLNFO_TICK_03012025\Options\BANKNIFTY27FEB2561000CE.NFO.csv
2025-10-27 13:54:50,119 [INFO] [root] [MainThread]: Successfully processed: NFO\GFDLNFO_TICK_03012025\GFDLNFO_TICK_03012025\Options\BANKNIFTY27FEB2561000CE.NFO.csv
2025-10-27 13:54:50,119 [INFO] [root] [MainThread]: Started processing: NFO\GFDLNFO_TICK_03012025\GFDLNFO_TICK_03012025\Options\BANKNIFTY27MAR2548300CE.NFO.csv
2025-10-27 13:54:50,131 [INFO] [root] [MainThread]: Successfully processed: NFO\GFDLNFO_TICK_03012025\GFDLNFO_TICK_03012025\Options\BANKNIFTY27MAR2548300CE.NFO.csv
2025-10-27 13:54:50,131 [INFO] [root] [MainThread]: Started processing: NFO\GFDLNFO_TICK_03012025\GFDLNFO_TICK_03012025\Options\BANKNIFTY27MAR2548400CE.NFO.csv
2025-10-27 13:54:50,144 [INFO] [root] [MainThread]: Successfully processed: NFO\GFDLNFO_TICK_03012025\GFDLNFO_TICK_03012025\Options\BANKNIFTY27MAR2548400CE.NFO.csv
2025-10-27 13:54:50,144 [INFO] [root] [MainThread]: Started processing: NFO\GFDLNFO_TICK_03012025\GFDLNFO_TICK_03012025\Options\BANKNIFTY27MAR2548600CE.NFO.csv
2025-10-27 13:54:50,155 [INFO] [root] [MainThread]: Successfully processed: NFO\GFDLNFO_TICK_03012025\GFDLNFO_TICK_03012025\Options\BANKNIFTY27MAR2548600CE.NFO.csv
2025-10-27 13:54:50,155 [INFO] [root] [MainThread]: Started processing: NFO\GFDLNFO_TICK_03012025\GFDLNFO_TICK_03012025\Options\BANKNIFTY27MAR2548900CE.NFO.csv
2025-10-27 13:54:50,168 [INFO] [root] [MainThread]: Successfully processed: NFO\GFDLNFO_TICK_03012025\GFDLNFO_TICK_03012025\Options\BANKNIFTY27MAR2548900CE.NFO.csv
2025-10-27 13:54:50,168 [INFO] [root] [MainThread]: Started processing: NFO\GFDLNFO_TICK_03012025\GFDLNFO_TICK_03012025\Options\BANKNIFTY27MAR2549000CE.NFO.csv
2025-10-27 13:54:50,181 [INFO] [root] [MainThread]: Successfully processed: NFO\GFDLNFO_TICK_03012025\GFDLNFO_TICK_03012025\Options\BANKNIFTY27MAR2549000CE.NFO.csv
2025-10-27 13:54:50,182 [INFO] [root] [MainThread]: Started processing: NFO\GFDLNFO_TICK_03012025\GFDLNFO_TICK_03012025\Options\BANKNIFTY27MAR2549200CE.NFO.csv
2025-10-27 13:54:50,196 [INFO] [root] [MainThread]: Successfully processed: NFO\GFDLNFO_TICK_03012025\GFDLNFO_TICK_03012025\Options\BANKNIFTY27MAR2549200CE.NFO.csv
2025-10-27 13:54:50,196 [INFO] [root] [MainThread]: Started processing: NFO\GFDLNFO_TICK_03012025\GFDLNFO_TICK_03012025\Options\BANKNIFTY27MAR2549600CE.NFO.csv
2025-10-27 13:54:50,210 [INFO] [root] [MainThread]: Successfully processed: NFO\GFDLNFO_TICK_03012025\GFDLNFO_TICK_03012025\Options\BANKNIFTY27MAR2549600CE.NFO.csv
2025-10-27 13:54:50,210 [INFO] [root] [MainThread]: Started processing: NFO\GFDLNFO_TICK_03012025\GFDLNFO_TICK_03012025\Options\BANKNIFTY27MAR2550000CE.NFO.csv
2025-10-27 13:54:50,244 [INFO] [root] [MainThread]: Successfully processed: NFO\GFDLNFO_TICK_03012025\GFDLNFO_TICK_03012025\Options\BANKNIFTY27MAR2550000CE.NFO.csv
2025-10-27 13:54:50,245 [INFO] [root] [MainThread]: Started processing: NFO\GFDLNFO_TICK_03012025\GFDLNFO_TICK_03012025\Options\BANKNIFTY27MAR2550500CE.NFO.csv
2025-10-27 13:54:50,282 [INFO] [root] [MainThread]: Successfully processed: NFO\GFDLNFO_TICK_03012025\GFDLNFO_TICK_03012025\Options\BANKNIFTY27MAR2550500CE.NFO.csv
2025-10-27 13:54:50,282 [INFO] [root] [MainThread]: Started processing: NFO\GFDLNFO_TICK_03012025\GFDLNFO_TICK_03012025\Options\BANKNIFTY27MAR2551000CE.NFO.csv
2025-10-27 13:54:50,327 [INFO] [root] [MainThread]: Successfully processed: NFO\GFDLNFO_TICK_03012025\GFDLNFO_TICK_03012025\Options\BANKNIFTY27MAR2551000CE.NFO.csv
2025-10-27 13:54:50,327 [INFO] [root] [MainThread]: Started processing: NFO\GFDLNFO_TICK_03012025\GFDLNFO_TICK_03012025\Options\BANKNIFTY27MAR2551500CE.NFO.csv
2025-10-27 13:54:50,362 [INFO] [root] [MainThread]: Successfully processed: NFO\GFDLNFO_TICK_03012025\GFDLNFO_TICK_03012025\Options\BANKNIFTY27MAR2551500CE.NFO.csv
2025-10-27 13:54:50,362 [INFO] [root] [MainThread]: Started processing: NFO\GFDLNFO_TICK_03012025\GFDLNFO_TICK_03012025\Options\BANKNIFTY27MAR2551800CE.NFO.csv
2025-10-27 13:54:50,375 [INFO] [root] [MainThread]: Successfully processed: NFO\GFDLNFO_TICK_03012025\GFDLNFO_TICK_03012025\Options\BANKNIFTY27MAR2551800CE.NFO.csv
2025-10-27 13:54:50,375 [INFO] [root] [MainThread]: Started processing: NFO\GFDLNFO_TICK_03012025\GFDLNFO_TICK_03012025\Options\BANKNIFTY27MAR2552000CE.NFO.csv
2025-10-27 13:54:50,412 [INFO] [root] [MainThread]: Successfully processed: NFO\GFDLNFO_TICK_03012025\GFDLNFO_TICK_03012025\Options\BANKNIFTY27MAR2552000CE.NFO.csv
2025-10-27 13:54:50,412 [INFO] [root] [MainThread]: Started processing: NFO\GFDLNFO_TICK_03012025\GFDLNFO_TICK_03012025\Options\BANKNIFTY27MAR2552500CE.NFO.csv
2025-10-27 13:54:50,449 [INFO] [root] [MainThread]: Successfully processed: NFO\GFDLNFO_TICK_03012025\GFDLNFO_TICK_03012025\Options\BANKNIFTY27MAR2552500CE.NFO.csv
2025-10-27 13:54:50,449 [INFO] [root] [MainThread]: Started processing: NFO\GFDLNFO_TICK_03012025\GFDLNFO_TICK_03012025\Options\BANKNIFTY27MAR2553000CE.NFO.csv
2025-10-27 13:54:50,492 [INFO] [root] [MainThread]: Successfully processed: NFO\GFDLNFO_TICK_03012025\GFDLNFO_TICK_03012025\Options\BANKNIFTY27MAR2553000CE.NFO.csv
2025-10-27 13:54:50,492 [INFO] [root] [MainThread]: Started processing: NFO\GFDLNFO_TICK_03012025\GFDLNFO_TICK_03012025\Options\BANKNIFTY27MAR2553500CE.NFO.csv
2025-10-27 13:54:50,528 [INFO] [root] [MainThread]: Successfully processed: NFO\GFDLNFO_TICK_03012025\GFDLNFO_TICK_03012025\Options\BANKNIFTY27MAR2553500CE.NFO.csv
2025-10-27 13:54:50,529 [INFO] [root] [MainThread]: Started processing: NFO\GFDLNFO_TICK_03012025\GFDLNFO_TICK_03012025\Options\BANKNIFTY27MAR2554000CE.NFO.csv
2025-10-27 13:54:50,571 [INFO] [root] [MainThread]: Successfully processed: NFO\GFDLNFO_TICK_03012025\GFDLNFO_TICK_03012025\Options\BANKNIFTY27MAR2554000CE.NFO.csv
2025-10-27 13:54:50,571 [INFO] [root] [MainThread]: Started processing: NFO\GFDLNFO_TICK_03012025\GFDLNFO_TICK_03012025\Options\BANKNIFTY27MAR2554500CE.NFO.csv
2025-10-27 13:54:50,583 [INFO] [root] [MainThread]: Successfully processed: NFO\GFDLNFO_TICK_03012025\GFDLNFO_TICK_03012025\Options\BANKNIFTY27MAR2554500CE.NFO.csv
2025-10-27 13:54:50,583 [INFO] [root] [MainThread]: Started processing: NFO\GFDLNFO_TICK_03012025\GFDLNFO_TICK_03012025\Options\BANKNIFTY27MAR2555000CE.NFO.csv
2025-10-27 13:54:50,615 [INFO] [root] [MainThread]: Successfully processed: NFO\GFDLNFO_TICK_03012025\GFDLNFO_TICK_03012025\Options\BANKNIFTY27MAR2555000CE.NFO.csv
2025-10-27 13:54:50,616 [INFO] [root] [MainThread]: Started processing: NFO\GFDLNFO_TICK_03012025\GFDLNFO_TICK_03012025\Options\BANKNIFTY27MAR2555500CE.NFO.csv
2025-10-27 13:54:50,650 [INFO] [root] [MainThread]: Successfully processed: NFO\GFDLNFO_TICK_03012025\GFDLNFO_TICK_03012025\Options\BANKNIFTY27MAR2555500CE.NFO.csv
2025-10-27 13:54:50,650 [INFO] [root] [MainThread]: Started processing: NFO\GFDLNFO_TICK_03012025\GFDLNFO_TICK_03012025\Options\BANKNIFTY27MAR2557000CE.NFO.csv
2025-10-27 13:54:50,674 [INFO] [root] [MainThread]: Successfully processed: NFO\GFDLNFO_TICK_03012025\GFDLNFO_TICK_03012025\Options\BANKNIFTY27MAR2557000CE.NFO.csv
2025-10-27 13:54:50,674 [INFO] [root] [MainThread]: Started processing: NFO\GFDLNFO_TICK_03012025\GFDLNFO_TICK_03012025\Options\BANKNIFTY27MAR2558000CE.NFO.csv
2025-10-27 13:54:50,686 [INFO] [root] [MainThread]: Successfully processed: NFO\GFDLNFO_TICK_03012025\GFDLNFO_TICK_03012025\Options\BANKNIFTY27MAR2558000CE.NFO.csv
2025-10-27 13:54:50,686 [INFO] [root] [MainThread]: Started processing: NFO\GFDLNFO_TICK_03012025\GFDLNFO_TICK_03012025\Options\BANKNIFTY27MAR2560000CE.NFO.csv
2025-10-27 13:54:50,710 [INFO] [root] [MainThread]: Successfully processed: NFO\GFDLNFO_TICK_03012025\GFDLNFO_TICK_03012025\Options\BANKNIFTY27MAR2560000CE.NFO.csv
2025-10-27 13:54:50,710 [INFO] [root] [MainThread]: Started processing: NFO\GFDLNFO_TICK_03012025\GFDLNFO_TICK_03012025\Options\BANKNIFTY27MAR2561500CE.NFO.csv
2025-10-27 13:54:50,723 [INFO] [root] [MainThread]: Successfully processed: NFO\GFDLNFO_TICK_03012025\GFDLNFO_TICK_03012025\Options\BANKNIFTY27MAR2561500CE.NFO.csv
2025-10-27 13:54:50,723 [INFO] [root] [MainThread]: Started processing: NFO\GFDLNFO_TICK_03012025\GFDLNFO_TICK_03012025\Options\BANKNIFTY30JAN2542500CE.NFO.csv
2025-10-27 13:54:50,755 [INFO] [root] [MainThread]: Successfully processed: NFO\GFDLNFO_TICK_03012025\GFDLNFO_TICK_03012025\Options\BANKNIFTY30JAN2542500CE.NFO.csv
2025-10-27 13:54:50,755 [INFO] [root] [MainThread]: Processed 100/196 files...
2025-10-27 13:54:50,755 [INFO] [root] [MainThread]: Started processing: NFO\GFDLNFO_TICK_03012025\GFDLNFO_TICK_03012025\Options\BANKNIFTY30JAN2543000CE.NFO.csv
2025-10-27 13:54:50,803 [INFO] [root] [MainThread]: Successfully processed: NFO\GFDLNFO_TICK_03012025\GFDLNFO_TICK_03012025\Options\BANKNIFTY30JAN2543000CE.NFO.csv
2025-10-27 13:54:50,803 [INFO] [root] [MainThread]: Started processing: NFO\GFDLNFO_TICK_03012025\GFDLNFO_TICK_03012025\Options\BANKNIFTY30JAN2545000CE.NFO.csv
2025-10-27 13:54:50,841 [INFO] [root] [MainThread]: Successfully processed: NFO\GFDLNFO_TICK_03012025\GFDLNFO_TICK_03012025\Options\BANKNIFTY30JAN2545000CE.NFO.csv
2025-10-27 13:54:50,842 [INFO] [root] [MainThread]: Started processing: NFO\GFDLNFO_TICK_03012025\GFDLNFO_TICK_03012025\Options\BANKNIFTY30JAN2546000CE.NFO.csv
2025-10-27 13:54:50,878 [INFO] [root] [MainThread]: Successfully processed: NFO\GFDLNFO_TICK_03012025\GFDLNFO_TICK_03012025\Options\BANKNIFTY30JAN2546000CE.NFO.csv
2025-10-27 13:54:50,878 [INFO] [root] [MainThread]: Started processing: NFO\GFDLNFO_TICK_03012025\GFDLNFO_TICK_03012025\Options\BANKNIFTY30JAN2546500CE.NFO.csv
2025-10-27 13:54:50,909 [INFO] [root] [MainThread]: Successfully processed: NFO\GFDLNFO_TICK_03012025\GFDLNFO_TICK_03012025\Options\BANKNIFTY30JAN2546500CE.NFO.csv
2025-10-27 13:54:50,909 [INFO] [root] [MainThread]: Started processing: NFO\GFDLNFO_TICK_03012025\GFDLNFO_TICK_03012025\Options\BANKNIFTY30JAN2547000CE.NFO.csv
2025-10-27 13:54:50,951 [INFO] [root] [MainThread]: Successfully processed: NFO\GFDLNFO_TICK_03012025\GFDLNFO_TICK_03012025\Options\BANKNIFTY30JAN2547000CE.NFO.csv
2025-10-27 13:54:50,952 [INFO] [root] [MainThread]: Started processing: NFO\GFDLNFO_TICK_03012025\GFDLNFO_TICK_03012025\Options\BANKNIFTY30JAN2547500CE.NFO.csv
2025-10-27 13:54:50,992 [INFO] [root] [MainThread]: Successfully processed: NFO\GFDLNFO_TICK_03012025\GFDLNFO_TICK_03012025\Options\BANKNIFTY30JAN2547500CE.NFO.csv
2025-10-27 13:54:50,992 [INFO] [root] [MainThread]: Started processing: NFO\GFDLNFO_TICK_03012025\GFDLNFO_TICK_03012025\Options\BANKNIFTY30JAN2547800CE.NFO.csv
2025-10-27 13:54:51,024 [INFO] [root] [MainThread]: Successfully processed: NFO\GFDLNFO_TICK_03012025\GFDLNFO_TICK_03012025\Options\BANKNIFTY30JAN2547800CE.NFO.csv
2025-10-27 13:54:51,024 [INFO] [root] [MainThread]: Started processing: NFO\GFDLNFO_TICK_03012025\GFDLNFO_TICK_03012025\Options\BANKNIFTY30JAN2548000CE.NFO.csv
2025-10-27 13:54:51,065 [INFO] [root] [MainThread]: Successfully processed: NFO\GFDLNFO_TICK_03012025\GFDLNFO_TICK_03012025\Options\BANKNIFTY30JAN2548000CE.NFO.csv
2025-10-27 13:54:51,065 [INFO] [root] [MainThread]: Started processing: NFO\GFDLNFO_TICK_03012025\GFDLNFO_TICK_03012025\Options\BANKNIFTY30JAN2548500CE.NFO.csv
2025-10-27 13:54:51,106 [INFO] [root] [MainThread]: Successfully processed: NFO\GFDLNFO_TICK_03012025\GFDLNFO_TICK_03012025\Options\BANKNIFTY30JAN2548500CE.NFO.csv
2025-10-27 13:54:51,107 [INFO] [root] [MainThread]: Started processing: NFO\GFDLNFO_TICK_03012025\GFDLNFO_TICK_03012025\Options\BANKNIFTY30JAN2548900CE.NFO.csv
2025-10-27 13:54:51,145 [INFO] [root] [MainThread]: Successfully processed: NFO\GFDLNFO_TICK_03012025\GFDLNFO_TICK_03012025\Options\BANKNIFTY30JAN2548900CE.NFO.csv
2025-10-27 13:54:51,145 [INFO] [root] [MainThread]: Started processing: NFO\GFDLNFO_TICK_03012025\GFDLNFO_TICK_03012025\Options\BANKNIFTY30JAN2549000CE.NFO.csv
2025-10-27 13:54:51,190 [INFO] [root] [MainThread]: Successfully processed: NFO\GFDLNFO_TICK_03012025\GFDLNFO_TICK_03012025\Options\BANKNIFTY30JAN2549000CE.NFO.csv
2025-10-27 13:54:51,190 [INFO] [root] [MainThread]: Started processing: NFO\GFDLNFO_TICK_03012025\GFDLNFO_TICK_03012025\Options\BANKNIFTY30JAN2549100CE.NFO.csv
2025-10-27 13:54:51,226 [INFO] [root] [MainThread]: Successfully processed: NFO\GFDLNFO_TICK_03012025\GFDLNFO_TICK_03012025\Options\BANKNIFTY30JAN2549100CE.NFO.csv
2025-10-27 13:54:51,226 [INFO] [root] [MainThread]: Started processing: NFO\GFDLNFO_TICK_03012025\GFDLNFO_TICK_03012025\Options\BANKNIFTY30JAN2549200CE.NFO.csv
2025-10-27 13:54:51,255 [INFO] [root] [MainThread]: Successfully processed: NFO\GFDLNFO_TICK_03012025\GFDLNFO_TICK_03012025\Options\BANKNIFTY30JAN2549200CE.NFO.csv
2025-10-27 13:54:51,255 [INFO] [root] [MainThread]: Started processing: NFO\GFDLNFO_TICK_03012025\GFDLNFO_TICK_03012025\Options\BANKNIFTY30JAN2549300CE.NFO.csv
2025-10-27 13:54:51,270 [INFO] [root] [MainThread]: Successfully processed: NFO\GFDLNFO_TICK_03012025\GFDLNFO_TICK_03012025\Options\BANKNIFTY30JAN2549300CE.NFO.csv
2025-10-27 13:54:51,270 [INFO] [root] [MainThread]: Started processing: NFO\GFDLNFO_TICK_03012025\GFDLNFO_TICK_03012025\Options\BANKNIFTY30JAN2549400CE.NFO.csv
2025-10-27 13:54:51,311 [INFO] [root] [MainThread]: Successfully processed: NFO\GFDLNFO_TICK_03012025\GFDLNFO_TICK_03012025\Options\BANKNIFTY30JAN2549400CE.NFO.csv
2025-10-27 13:54:51,311 [INFO] [root] [MainThread]: Started processing: NFO\GFDLNFO_TICK_03012025\GFDLNFO_TICK_03012025\Options\BANKNIFTY30JAN2549500CE.NFO.csv
2025-10-27 13:54:51,355 [INFO] [root] [MainThread]: Successfully processed: NFO\GFDLNFO_TICK_03012025\GFDLNFO_TICK_03012025\Options\BANKNIFTY30JAN2549500CE.NFO.csv
2025-10-27 13:54:51,355 [INFO] [root] [MainThread]: Started processing: NFO\GFDLNFO_TICK_03012025\GFDLNFO_TICK_03012025\Options\BANKNIFTY30JAN2549600CE.NFO.csv
2025-10-27 13:54:51,397 [INFO] [root] [MainThread]: Successfully processed: NFO\GFDLNFO_TICK_03012025\GFDLNFO_TICK_03012025\Options\BANKNIFTY30JAN2549600CE.NFO.csv
2025-10-27 13:54:51,397 [INFO] [root] [MainThread]: Started processing: NFO\GFDLNFO_TICK_03012025\GFDLNFO_TICK_03012025\Options\BANKNIFTY30JAN2549700CE.NFO.csv
2025-10-27 13:54:51,440 [INFO] [root] [MainThread]: Successfully processed: NFO\GFDLNFO_TICK_03012025\GFDLNFO_TICK_03012025\Options\BANKNIFTY30JAN2549700CE.NFO.csv
2025-10-27 13:54:51,440 [INFO] [root] [MainThread]: Started processing: NFO\GFDLNFO_TICK_03012025\GFDLNFO_TICK_03012025\Options\BANKNIFTY30JAN2549800CE.NFO.csv
2025-10-27 13:54:51,480 [INFO] [root] [MainThread]: Successfully processed: NFO\GFDLNFO_TICK_03012025\GFDLNFO_TICK_03012025\Options\BANKNIFTY30JAN2549800CE.NFO.csv
2025-10-27 13:54:51,480 [INFO] [root] [MainThread]: Started processing: NFO\GFDLNFO_TICK_03012025\GFDLNFO_TICK_03012025\Options\BANKNIFTY30JAN2549900CE.NFO.csv
2025-10-27 13:54:51,524 [INFO] [root] [MainThread]: Successfully processed: NFO\GFDLNFO_TICK_03012025\GFDLNFO_TICK_03012025\Options\BANKNIFTY30JAN2549900CE.NFO.csv
2025-10-27 13:54:51,524 [INFO] [root] [MainThread]: Started processing: NFO\GFDLNFO_TICK_03012025\GFDLNFO_TICK_03012025\Options\BANKNIFTY30JAN2550000CE.NFO.csv
2025-10-27 13:54:51,579 [INFO] [root] [MainThread]: Successfully processed: NFO\GFDLNFO_TICK_03012025\GFDLNFO_TICK_03012025\Options\BANKNIFTY30JAN2550000CE.NFO.csv
2025-10-27 13:54:51,579 [INFO] [root] [MainThread]: Started processing: NFO\GFDLNFO_TICK_03012025\GFDLNFO_TICK_03012025\Options\BANKNIFTY30JAN2550100CE.NFO.csv
2025-10-27 13:54:51,624 [INFO] [root] [MainThread]: Successfully processed: NFO\GFDLNFO_TICK_03012025\GFDLNFO_TICK_03012025\Options\BANKNIFTY30JAN2550100CE.NFO.csv
2025-10-27 13:54:51,624 [INFO] [root] [MainThread]: Started processing: NFO\GFDLNFO_TICK_03012025\GFDLNFO_TICK_03012025\Options\BANKNIFTY30JAN2550200CE.NFO.csv
2025-10-27 13:54:51,666 [INFO] [root] [MainThread]: Successfully processed: NFO\GFDLNFO_TICK_03012025\GFDLNFO_TICK_03012025\Options\BANKNIFTY30JAN2550200CE.NFO.csv
2025-10-27 13:54:51,666 [INFO] [root] [MainThread]: Started processing: NFO\GFDLNFO_TICK_03012025\GFDLNFO_TICK_03012025\Options\BANKNIFTY30JAN2550300CE.NFO.csv
2025-10-27 13:54:51,710 [INFO] [root] [MainThread]: Successfully processed: NFO\GFDLNFO_TICK_03012025\GFDLNFO_TICK_03012025\Options\BANKNIFTY30JAN2550300CE.NFO.csv
2025-10-27 13:54:51,711 [INFO] [root] [MainThread]: Started processing: NFO\GFDLNFO_TICK_03012025\GFDLNFO_TICK_03012025\Options\BANKNIFTY30JAN2550400CE.NFO.csv
2025-10-27 13:54:51,755 [INFO] [root] [MainThread]: Successfully processed: NFO\GFDLNFO_TICK_03012025\GFDLNFO_TICK_03012025\Options\BANKNIFTY30JAN2550400CE.NFO.csv
2025-10-27 13:54:51,756 [INFO] [root] [MainThread]: Started processing: NFO\GFDLNFO_TICK_03012025\GFDLNFO_TICK_03012025\Options\BANKNIFTY30JAN2550500CE.NFO.csv
2025-10-27 13:54:51,820 [INFO] [root] [MainThread]: Successfully processed: NFO\GFDLNFO_TICK_03012025\GFDLNFO_TICK_03012025\Options\BANKNIFTY30JAN2550500CE.NFO.csv
2025-10-27 13:54:51,820 [INFO] [root] [MainThread]: Started processing: NFO\GFDLNFO_TICK_03012025\GFDLNFO_TICK_03012025\Options\BANKNIFTY30JAN2550600CE.NFO.csv
2025-10-27 13:54:51,868 [INFO] [root] [MainThread]: Successfully processed: NFO\GFDLNFO_TICK_03012025\GFDLNFO_TICK_03012025\Options\BANKNIFTY30JAN2550600CE.NFO.csv
2025-10-27 13:54:51,868 [INFO] [root] [MainThread]: Started processing: NFO\GFDLNFO_TICK_03012025\GFDLNFO_TICK_03012025\Options\BANKNIFTY30JAN2550700CE.NFO.csv
2025-10-27 13:54:51,918 [INFO] [root] [MainThread]: Successfully processed: NFO\GFDLNFO_TICK_03012025\GFDLNFO_TICK_03012025\Options\BANKNIFTY30JAN2550700CE.NFO.csv
2025-10-27 13:54:51,918 [INFO] [root] [MainThread]: Started processing: NFO\GFDLNFO_TICK_03012025\GFDLNFO_TICK_03012025\Options\BANKNIFTY30JAN2550800CE.NFO.csv
2025-10-27 13:54:51,974 [INFO] [root] [MainThread]: Successfully processed: NFO\GFDLNFO_TICK_03012025\GFDLNFO_TICK_03012025\Options\BANKNIFTY30JAN2550800CE.NFO.csv
2025-10-27 13:54:51,975 [INFO] [root] [MainThread]: Started processing: NFO\GFDLNFO_TICK_03012025\GFDLNFO_TICK_03012025\Options\BANKNIFTY30JAN2550900CE.NFO.csv
2025-10-27 13:54:52,041 [INFO] [root] [MainThread]: Successfully processed: NFO\GFDLNFO_TICK_03012025\GFDLNFO_TICK_03012025\Options\BANKNIFTY30JAN2550900CE.NFO.csv
2025-10-27 13:54:52,041 [INFO] [root] [MainThread]: Started processing: NFO\GFDLNFO_TICK_03012025\GFDLNFO_TICK_03012025\Options\BANKNIFTY30JAN2551000CE.NFO.csv
2025-10-27 13:54:52,142 [INFO] [root] [MainThread]: Successfully processed: NFO\GFDLNFO_TICK_03012025\GFDLNFO_TICK_03012025\Options\BANKNIFTY30JAN2551000CE.NFO.csv
2025-10-27 13:54:52,142 [INFO] [root] [MainThread]: Started processing: NFO\GFDLNFO_TICK_03012025\GFDLNFO_TICK_03012025\Options\BANKNIFTY30JAN2551100CE.NFO.csv
2025-10-27 13:54:52,238 [INFO] [root] [MainThread]: Successfully processed: NFO\GFDLNFO_TICK_03012025\GFDLNFO_TICK_03012025\Options\BANKNIFTY30JAN2551100CE.NFO.csv
2025-10-27 13:54:52,238 [INFO] [root] [MainThread]: Started processing: NFO\GFDLNFO_TICK_03012025\GFDLNFO_TICK_03012025\Options\BANKNIFTY30JAN2551200CE.NFO.csv
2025-10-27 13:54:52,340 [INFO] [root] [MainThread]: Successfully processed: NFO\GFDLNFO_TICK_03012025\GFDLNFO_TICK_03012025\Options\BANKNIFTY30JAN2551200CE.NFO.csv
2025-10-27 13:54:52,341 [INFO] [root] [MainThread]: Started processing: NFO\GFDLNFO_TICK_03012025\GFDLNFO_TICK_03012025\Options\BANKNIFTY30JAN2551300CE.NFO.csv
2025-10-27 13:54:52,443 [INFO] [root] [MainThread]: Successfully processed: NFO\GFDLNFO_TICK_03012025\GFDLNFO_TICK_03012025\Options\BANKNIFTY30JAN2551300CE.NFO.csv
2025-10-27 13:54:52,444 [INFO] [root] [MainThread]: Started processing: NFO\GFDLNFO_TICK_03012025\GFDLNFO_TICK_03012025\Options\BANKNIFTY30JAN2551400CE.NFO.csv
2025-10-27 13:54:52,542 [INFO] [root] [MainThread]: Successfully processed: NFO\GFDLNFO_TICK_03012025\GFDLNFO_TICK_03012025\Options\BANKNIFTY30JAN2551400CE.NFO.csv
2025-10-27 13:54:52,543 [INFO] [root] [MainThread]: Started processing: NFO\GFDLNFO_TICK_03012025\GFDLNFO_TICK_03012025\Options\BANKNIFTY30JAN2551500CE.NFO.csv
2025-10-27 13:54:52,657 [INFO] [root] [MainThread]: Successfully processed: NFO\GFDLNFO_TICK_03012025\GFDLNFO_TICK_03012025\Options\BANKNIFTY30JAN2551500CE.NFO.csv
2025-10-27 13:54:52,657 [INFO] [root] [MainThread]: Started processing: NFO\GFDLNFO_TICK_03012025\GFDLNFO_TICK_03012025\Options\BANKNIFTY30JAN2551600CE.NFO.csv
2025-10-27 13:54:52,753 [INFO] [root] [MainThread]: Successfully processed: NFO\GFDLNFO_TICK_03012025\GFDLNFO_TICK_03012025\Options\BANKNIFTY30JAN2551600CE.NFO.csv
2025-10-27 13:54:52,753 [INFO] [root] [MainThread]: Started processing: NFO\GFDLNFO_TICK_03012025\GFDLNFO_TICK_03012025\Options\BANKNIFTY30JAN2551700CE.NFO.csv
2025-10-27 13:54:52,844 [INFO] [root] [MainThread]: Successfully processed: NFO\GFDLNFO_TICK_03012025\GFDLNFO_TICK_03012025\Options\BANKNIFTY30JAN2551700CE.NFO.csv
2025-10-27 13:54:52,844 [INFO] [root] [MainThread]: Started processing: NFO\GFDLNFO_TICK_03012025\GFDLNFO_TICK_03012025\Options\BANKNIFTY30JAN2551800CE.NFO.csv
2025-10-27 13:54:52,934 [INFO] [root] [MainThread]: Successfully processed: NFO\GFDLNFO_TICK_03012025\GFDLNFO_TICK_03012025\Options\BANKNIFTY30JAN2551800CE.NFO.csv
2025-10-27 13:54:52,935 [INFO] [root] [MainThread]: Started processing: NFO\GFDLNFO_TICK_03012025\GFDLNFO_TICK_03012025\Options\BANKNIFTY30JAN2551900CE.NFO.csv
2025-10-27 13:54:53,012 [INFO] [root] [MainThread]: Successfully processed: NFO\GFDLNFO_TICK_03012025\GFDLNFO_TICK_03012025\Options\BANKNIFTY30JAN2551900CE.NFO.csv
2025-10-27 13:54:53,012 [INFO] [root] [MainThread]: Started processing: NFO\GFDLNFO_TICK_03012025\GFDLNFO_TICK_03012025\Options\BANKNIFTY30JAN2552000CE.NFO.csv
2025-10-27 13:54:53,121 [INFO] [root] [MainThread]: Successfully processed: NFO\GFDLNFO_TICK_03012025\GFDLNFO_TICK_03012025\Options\BANKNIFTY30JAN2552000CE.NFO.csv
2025-10-27 13:54:53,122 [INFO] [root] [MainThread]: Started processing: NFO\GFDLNFO_TICK_03012025\GFDLNFO_TICK_03012025\Options\BANKNIFTY30JAN2552100CE.NFO.csv
2025-10-27 13:54:53,207 [INFO] [root] [MainThread]: Successfully processed: NFO\GFDLNFO_TICK_03012025\GFDLNFO_TICK_03012025\Options\BANKNIFTY30JAN2552100CE.NFO.csv
2025-10-27 13:54:53,207 [INFO] [root] [MainThread]: Started processing: NFO\GFDLNFO_TICK_03012025\GFDLNFO_TICK_03012025\Options\BANKNIFTY30JAN2552200CE.NFO.csv
2025-10-27 13:54:53,283 [INFO] [root] [MainThread]: Successfully processed: NFO\GFDLNFO_TICK_03012025\GFDLNFO_TICK_03012025\Options\BANKNIFTY30JAN2552200CE.NFO.csv
2025-10-27 13:54:53,283 [INFO] [root] [MainThread]: Started processing: NFO\GFDLNFO_TICK_03012025\GFDLNFO_TICK_03012025\Options\BANKNIFTY30JAN2552300CE.NFO.csv
2025-10-27 13:54:53,356 [INFO] [root] [MainThread]: Successfully processed: NFO\GFDLNFO_TICK_03012025\GFDLNFO_TICK_03012025\Options\BANKNIFTY30JAN2552300CE.NFO.csv
2025-10-27 13:54:53,356 [INFO] [root] [MainThread]: Started processing: NFO\GFDLNFO_TICK_03012025\GFDLNFO_TICK_03012025\Options\BANKNIFTY30JAN2552400CE.NFO.csv
2025-10-27 13:54:53,425 [INFO] [root] [MainThread]: Successfully processed: NFO\GFDLNFO_TICK_03012025\GFDLNFO_TICK_03012025\Options\BANKNIFTY30JAN2552400CE.NFO.csv
2025-10-27 13:54:53,425 [INFO] [root] [MainThread]: Started processing: NFO\GFDLNFO_TICK_03012025\GFDLNFO_TICK_03012025\Options\BANKNIFTY30JAN2552500CE.NFO.csv
2025-10-27 13:54:53,527 [INFO] [root] [MainThread]: Successfully processed: NFO\GFDLNFO_TICK_03012025\GFDLNFO_TICK_03012025\Options\BANKNIFTY30JAN2552500CE.NFO.csv
2025-10-27 13:54:53,527 [INFO] [root] [MainThread]: Started processing: NFO\GFDLNFO_TICK_03012025\GFDLNFO_TICK_03012025\Options\BANKNIFTY30JAN2552600CE.NFO.csv
2025-10-27 13:54:53,608 [INFO] [root] [MainThread]: Successfully processed: NFO\GFDLNFO_TICK_03012025\GFDLNFO_TICK_03012025\Options\BANKNIFTY30JAN2552600CE.NFO.csv
2025-10-27 13:54:53,608 [INFO] [root] [MainThread]: Started processing: NFO\GFDLNFO_TICK_03012025\GFDLNFO_TICK_03012025\Options\BANKNIFTY30JAN2552700CE.NFO.csv
2025-10-27 13:54:53,691 [INFO] [root] [MainThread]: Successfully processed: NFO\GFDLNFO_TICK_03012025\GFDLNFO_TICK_03012025\Options\BANKNIFTY30JAN2552700CE.NFO.csv
2025-10-27 13:54:53,691 [INFO] [root] [MainThread]: Started processing: NFO\GFDLNFO_TICK_03012025\GFDLNFO_TICK_03012025\Options\BANKNIFTY30JAN2552800CE.NFO.csv
2025-10-27 13:54:53,778 [INFO] [root] [MainThread]: Successfully processed: NFO\GFDLNFO_TICK_03012025\GFDLNFO_TICK_03012025\Options\BANKNIFTY30JAN2552800CE.NFO.csv
2025-10-27 13:54:53,778 [INFO] [root] [MainThread]: Started processing: NFO\GFDLNFO_TICK_03012025\GFDLNFO_TICK_03012025\Options\BANKNIFTY30JAN2552900CE.NFO.csv
2025-10-27 13:54:53,872 [INFO] [root] [MainThread]: Successfully processed: NFO\GFDLNFO_TICK_03012025\GFDLNFO_TICK_03012025\Options\BANKNIFTY30JAN2552900CE.NFO.csv
2025-10-27 13:54:53,872 [INFO] [root] [MainThread]: Started processing: NFO\GFDLNFO_TICK_03012025\GFDLNFO_TICK_03012025\Options\BANKNIFTY30JAN2553000CE.NFO.csv
2025-10-27 13:54:54,008 [INFO] [root] [MainThread]: Successfully processed: NFO\GFDLNFO_TICK_03012025\GFDLNFO_TICK_03012025\Options\BANKNIFTY30JAN2553000CE.NFO.csv
2025-10-27 13:54:54,008 [INFO] [root] [MainThread]: Started processing: NFO\GFDLNFO_TICK_03012025\GFDLNFO_TICK_03012025\Options\BANKNIFTY30JAN2553100CE.NFO.csv
2025-10-27 13:54:54,093 [INFO] [root] [MainThread]: Successfully processed: NFO\GFDLNFO_TICK_03012025\GFDLNFO_TICK_03012025\Options\BANKNIFTY30JAN2553100CE.NFO.csv
2025-10-27 13:54:54,093 [INFO] [root] [MainThread]: Started processing: NFO\GFDLNFO_TICK_03012025\GFDLNFO_TICK_03012025\Options\BANKNIFTY30JAN2553200CE.NFO.csv
2025-10-27 13:54:54,184 [INFO] [root] [MainThread]: Successfully processed: NFO\GFDLNFO_TICK_03012025\GFDLNFO_TICK_03012025\Options\BANKNIFTY30JAN2553200CE.NFO.csv
2025-10-27 13:54:54,185 [INFO] [root] [MainThread]: Started processing: NFO\GFDLNFO_TICK_03012025\GFDLNFO_TICK_03012025\Options\BANKNIFTY30JAN2553300CE.NFO.csv
2025-10-27 13:54:54,279 [INFO] [root] [MainThread]: Successfully processed: NFO\GFDLNFO_TICK_03012025\GFDLNFO_TICK_03012025\Options\BANKNIFTY30JAN2553300CE.NFO.csv
2025-10-27 13:54:54,279 [INFO] [root] [MainThread]: Started processing: NFO\GFDLNFO_TICK_03012025\GFDLNFO_TICK_03012025\Options\BANKNIFTY30JAN2553400CE.NFO.csv
2025-10-27 13:54:54,359 [INFO] [root] [MainThread]: Successfully processed: NFO\GFDLNFO_TICK_03012025\GFDLNFO_TICK_03012025\Options\BANKNIFTY30JAN2553400CE.NFO.csv
2025-10-27 13:54:54,359 [INFO] [root] [MainThread]: Started processing: NFO\GFDLNFO_TICK_03012025\GFDLNFO_TICK_03012025\Options\BANKNIFTY30JAN2553500CE.NFO.csv
2025-10-27 13:54:54,466 [INFO] [root] [MainThread]: Successfully processed: NFO\GFDLNFO_TICK_03012025\GFDLNFO_TICK_03012025\Options\BANKNIFTY30JAN2553500CE.NFO.csv
2025-10-27 13:54:54,466 [INFO] [root] [MainThread]: Started processing: NFO\GFDLNFO_TICK_03012025\GFDLNFO_TICK_03012025\Options\BANKNIFTY30JAN2553600CE.NFO.csv
2025-10-27 13:54:54,531 [INFO] [root] [MainThread]: Successfully processed: NFO\GFDLNFO_TICK_03012025\GFDLNFO_TICK_03012025\Options\BANKNIFTY30JAN2553600CE.NFO.csv
2025-10-27 13:54:54,531 [INFO] [root] [MainThread]: Started processing: NFO\GFDLNFO_TICK_03012025\GFDLNFO_TICK_03012025\Options\BANKNIFTY30JAN2553700CE.NFO.csv
2025-10-27 13:54:54,593 [INFO] [root] [MainThread]: Successfully processed: NFO\GFDLNFO_TICK_03012025\GFDLNFO_TICK_03012025\Options\BANKNIFTY30JAN2553700CE.NFO.csv
2025-10-27 13:54:54,594 [INFO] [root] [MainThread]: Started processing: NFO\GFDLNFO_TICK_03012025\GFDLNFO_TICK_03012025\Options\BANKNIFTY30JAN2553800CE.NFO.csv
2025-10-27 13:54:54,659 [INFO] [root] [MainThread]: Successfully processed: NFO\GFDLNFO_TICK_03012025\GFDLNFO_TICK_03012025\Options\BANKNIFTY30JAN2553800CE.NFO.csv
2025-10-27 13:54:54,659 [INFO] [root] [MainThread]: Started processing: NFO\GFDLNFO_TICK_03012025\GFDLNFO_TICK_03012025\Options\BANKNIFTY30JAN2553900CE.NFO.csv
2025-10-27 13:54:54,728 [INFO] [root] [MainThread]: Successfully processed: NFO\GFDLNFO_TICK_03012025\GFDLNFO_TICK_03012025\Options\BANKNIFTY30JAN2553900CE.NFO.csv
2025-10-27 13:54:54,728 [INFO] [root] [MainThread]: Started processing: NFO\GFDLNFO_TICK_03012025\GFDLNFO_TICK_03012025\Options\BANKNIFTY30JAN2554000CE.NFO.csv
2025-10-27 13:54:54,823 [INFO] [root] [MainThread]: Successfully processed: NFO\GFDLNFO_TICK_03012025\GFDLNFO_TICK_03012025\Options\BANKNIFTY30JAN2554000CE.NFO.csv
2025-10-27 13:54:54,823 [INFO] [root] [MainThread]: Started processing: NFO\GFDLNFO_TICK_03012025\GFDLNFO_TICK_03012025\Options\BANKNIFTY30JAN2554100CE.NFO.csv
2025-10-27 13:54:54,886 [INFO] [root] [MainThread]: Successfully processed: NFO\GFDLNFO_TICK_03012025\GFDLNFO_TICK_03012025\Options\BANKNIFTY30JAN2554100CE.NFO.csv
2025-10-27 13:54:54,887 [INFO] [root] [MainThread]: Started processing: NFO\GFDLNFO_TICK_03012025\GFDLNFO_TICK_03012025\Options\BANKNIFTY30JAN2554200CE.NFO.csv
2025-10-27 13:54:54,955 [INFO] [root] [MainThread]: Successfully processed: NFO\GFDLNFO_TICK_03012025\GFDLNFO_TICK_03012025\Options\BANKNIFTY30JAN2554200CE.NFO.csv
2025-10-27 13:54:54,955 [INFO] [root] [MainThread]: Started processing: NFO\GFDLNFO_TICK_03012025\GFDLNFO_TICK_03012025\Options\BANKNIFTY30JAN2554300CE.NFO.csv
2025-10-27 13:54:55,020 [INFO] [root] [MainThread]: Successfully processed: NFO\GFDLNFO_TICK_03012025\GFDLNFO_TICK_03012025\Options\BANKNIFTY30JAN2554300CE.NFO.csv
2025-10-27 13:54:55,020 [INFO] [root] [MainThread]: Started processing: NFO\GFDLNFO_TICK_03012025\GFDLNFO_TICK_03012025\Options\BANKNIFTY30JAN2554400CE.NFO.csv
2025-10-27 13:54:55,085 [INFO] [root] [MainThread]: Successfully processed: NFO\GFDLNFO_TICK_03012025\GFDLNFO_TICK_03012025\Options\BANKNIFTY30JAN2554400CE.NFO.csv
2025-10-27 13:54:55,085 [INFO] [root] [MainThread]: Started processing: NFO\GFDLNFO_TICK_03012025\GFDLNFO_TICK_03012025\Options\BANKNIFTY30JAN2554500CE.NFO.csv
2025-10-27 13:54:55,166 [INFO] [root] [MainThread]: Successfully processed: NFO\GFDLNFO_TICK_03012025\GFDLNFO_TICK_03012025\Options\BANKNIFTY30JAN2554500CE.NFO.csv
2025-10-27 13:54:55,167 [INFO] [root] [MainThread]: Started processing: NFO\GFDLNFO_TICK_03012025\GFDLNFO_TICK_03012025\Options\BANKNIFTY30JAN2554600CE.NFO.csv
2025-10-27 13:54:55,226 [INFO] [root] [MainThread]: Successfully processed: NFO\GFDLNFO_TICK_03012025\GFDLNFO_TICK_03012025\Options\BANKNIFTY30JAN2554600CE.NFO.csv
2025-10-27 13:54:55,227 [INFO] [root] [MainThread]: Started processing: NFO\GFDLNFO_TICK_03012025\GFDLNFO_TICK_03012025\Options\BANKNIFTY30JAN2554700CE.NFO.csv
2025-10-27 13:54:55,288 [INFO] [root] [MainThread]: Successfully processed: NFO\GFDLNFO_TICK_03012025\GFDLNFO_TICK_03012025\Options\BANKNIFTY30JAN2554700CE.NFO.csv
2025-10-27 13:54:55,289 [INFO] [root] [MainThread]: Started processing: NFO\GFDLNFO_TICK_03012025\GFDLNFO_TICK_03012025\Options\BANKNIFTY30JAN2554800CE.NFO.csv
2025-10-27 13:54:55,349 [INFO] [root] [MainThread]: Successfully processed: NFO\GFDLNFO_TICK_03012025\GFDLNFO_TICK_03012025\Options\BANKNIFTY30JAN2554800CE.NFO.csv
2025-10-27 13:54:55,349 [INFO] [root] [MainThread]: Started processing: NFO\GFDLNFO_TICK_03012025\GFDLNFO_TICK_03012025\Options\BANKNIFTY30JAN2554900CE.NFO.csv
2025-10-27 13:54:55,402 [INFO] [root] [MainThread]: Successfully processed: NFO\GFDLNFO_TICK_03012025\GFDLNFO_TICK_03012025\Options\BANKNIFTY30JAN2554900CE.NFO.csv
2025-10-27 13:54:55,403 [INFO] [root] [MainThread]: Started processing: NFO\GFDLNFO_TICK_03012025\GFDLNFO_TICK_03012025\Options\BANKNIFTY30JAN2555000CE.NFO.csv
2025-10-27 13:54:55,486 [INFO] [root] [MainThread]: Successfully processed: NFO\GFDLNFO_TICK_03012025\GFDLNFO_TICK_03012025\Options\BANKNIFTY30JAN2555000CE.NFO.csv
2025-10-27 13:54:55,486 [INFO] [root] [MainThread]: Started processing: NFO\GFDLNFO_TICK_03012025\GFDLNFO_TICK_03012025\Options\BANKNIFTY30JAN2555100CE.NFO.csv
2025-10-27 13:54:55,540 [INFO] [root] [MainThread]: Successfully processed: NFO\GFDLNFO_TICK_03012025\GFDLNFO_TICK_03012025\Options\BANKNIFTY30JAN2555100CE.NFO.csv
2025-10-27 13:54:55,540 [INFO] [root] [MainThread]: Started processing: NFO\GFDLNFO_TICK_03012025\GFDLNFO_TICK_03012025\Options\BANKNIFTY30JAN2555200CE.NFO.csv
2025-10-27 13:54:55,596 [INFO] [root] [MainThread]: Successfully processed: NFO\GFDLNFO_TICK_03012025\GFDLNFO_TICK_03012025\Options\BANKNIFTY30JAN2555200CE.NFO.csv
2025-10-27 13:54:55,596 [INFO] [root] [MainThread]: Started processing: NFO\GFDLNFO_TICK_03012025\GFDLNFO_TICK_03012025\Options\BANKNIFTY30JAN2555300CE.NFO.csv
2025-10-27 13:54:55,651 [INFO] [root] [MainThread]: Successfully processed: NFO\GFDLNFO_TICK_03012025\GFDLNFO_TICK_03012025\Options\BANKNIFTY30JAN2555300CE.NFO.csv
2025-10-27 13:54:55,651 [INFO] [root] [MainThread]: Started processing: NFO\GFDLNFO_TICK_03012025\GFDLNFO_TICK_03012025\Options\BANKNIFTY30JAN2555400CE.NFO.csv
2025-10-27 13:54:55,702 [INFO] [root] [MainThread]: Successfully processed: NFO\GFDLNFO_TICK_03012025\GFDLNFO_TICK_03012025\Options\BANKNIFTY30JAN2555400CE.NFO.csv
2025-10-27 13:54:55,702 [INFO] [root] [MainThread]: Started processing: NFO\GFDLNFO_TICK_03012025\GFDLNFO_TICK_03012025\Options\BANKNIFTY30JAN2555500CE.NFO.csv
2025-10-27 13:54:55,774 [INFO] [root] [MainThread]: Successfully processed: NFO\GFDLNFO_TICK_03012025\GFDLNFO_TICK_03012025\Options\BANKNIFTY30JAN2555500CE.NFO.csv
2025-10-27 13:54:55,774 [INFO] [root] [MainThread]: Started processing: NFO\GFDLNFO_TICK_03012025\GFDLNFO_TICK_03012025\Options\BANKNIFTY30JAN2555600CE.NFO.csv
2025-10-27 13:54:55,824 [INFO] [root] [MainThread]: Successfully processed: NFO\GFDLNFO_TICK_03012025\GFDLNFO_TICK_03012025\Options\BANKNIFTY30JAN2555600CE.NFO.csv
2025-10-27 13:54:55,824 [INFO] [root] [MainThread]: Started processing: NFO\GFDLNFO_TICK_03012025\GFDLNFO_TICK_03012025\Options\BANKNIFTY30JAN2555700CE.NFO.csv
2025-10-27 13:54:55,871 [INFO] [root] [MainThread]: Successfully processed: NFO\GFDLNFO_TICK_03012025\GFDLNFO_TICK_03012025\Options\BANKNIFTY30JAN2555700CE.NFO.csv
2025-10-27 13:54:55,871 [INFO] [root] [MainThread]: Started processing: NFO\GFDLNFO_TICK_03012025\GFDLNFO_TICK_03012025\Options\BANKNIFTY30JAN2555800CE.NFO.csv
2025-10-27 13:54:55,922 [INFO] [root] [MainThread]: Successfully processed: NFO\GFDLNFO_TICK_03012025\GFDLNFO_TICK_03012025\Options\BANKNIFTY30JAN2555800CE.NFO.csv
2025-10-27 13:54:55,922 [INFO] [root] [MainThread]: Started processing: NFO\GFDLNFO_TICK_03012025\GFDLNFO_TICK_03012025\Options\BANKNIFTY30JAN2555900CE.NFO.csv
2025-10-27 13:54:55,966 [INFO] [root] [MainThread]: Successfully processed: NFO\GFDLNFO_TICK_03012025\GFDLNFO_TICK_03012025\Options\BANKNIFTY30JAN2555900CE.NFO.csv
2025-10-27 13:54:55,966 [INFO] [root] [MainThread]: Started processing: NFO\GFDLNFO_TICK_03012025\GFDLNFO_TICK_03012025\Options\BANKNIFTY30JAN2556000CE.NFO.csv
2025-10-27 13:54:56,037 [INFO] [root] [MainThread]: Successfully processed: NFO\GFDLNFO_TICK_03012025\GFDLNFO_TICK_03012025\Options\BANKNIFTY30JAN2556000CE.NFO.csv
2025-10-27 13:54:56,037 [INFO] [root] [MainThread]: Started processing: NFO\GFDLNFO_TICK_03012025\GFDLNFO_TICK_03012025\Options\BANKNIFTY30JAN2556100CE.NFO.csv
2025-10-27 13:54:56,079 [INFO] [root] [MainThread]: Successfully processed: NFO\GFDLNFO_TICK_03012025\GFDLNFO_TICK_03012025\Options\BANKNIFTY30JAN2556100CE.NFO.csv
2025-10-27 13:54:56,079 [INFO] [root] [MainThread]: Started processing: NFO\GFDLNFO_TICK_03012025\GFDLNFO_TICK_03012025\Options\BANKNIFTY30JAN2556200CE.NFO.csv
2025-10-27 13:54:56,123 [INFO] [root] [MainThread]: Successfully processed: NFO\GFDLNFO_TICK_03012025\GFDLNFO_TICK_03012025\Options\BANKNIFTY30JAN2556200CE.NFO.csv
2025-10-27 13:54:56,123 [INFO] [root] [MainThread]: Started processing: NFO\GFDLNFO_TICK_03012025\GFDLNFO_TICK_03012025\Options\BANKNIFTY30JAN2556300CE.NFO.csv
2025-10-27 13:54:56,168 [INFO] [root] [MainThread]: Successfully processed: NFO\GFDLNFO_TICK_03012025\GFDLNFO_TICK_03012025\Options\BANKNIFTY30JAN2556300CE.NFO.csv
2025-10-27 13:54:56,168 [INFO] [root] [MainThread]: Started processing: NFO\GFDLNFO_TICK_03012025\GFDLNFO_TICK_03012025\Options\BANKNIFTY30JAN2556400CE.NFO.csv
2025-10-27 13:54:56,215 [INFO] [root] [MainThread]: Successfully processed: NFO\GFDLNFO_TICK_03012025\GFDLNFO_TICK_03012025\Options\BANKNIFTY30JAN2556400CE.NFO.csv
2025-10-27 13:54:56,215 [INFO] [root] [MainThread]: Started processing: NFO\GFDLNFO_TICK_03012025\GFDLNFO_TICK_03012025\Options\BANKNIFTY30JAN2556500CE.NFO.csv
2025-10-27 13:54:56,275 [INFO] [root] [MainThread]: Successfully processed: NFO\GFDLNFO_TICK_03012025\GFDLNFO_TICK_03012025\Options\BANKNIFTY30JAN2556500CE.NFO.csv
2025-10-27 13:54:56,276 [INFO] [root] [MainThread]: Started processing: NFO\GFDLNFO_TICK_03012025\GFDLNFO_TICK_03012025\Options\BANKNIFTY30JAN2556600CE.NFO.csv
2025-10-27 13:54:56,329 [INFO] [root] [MainThread]: Successfully processed: NFO\GFDLNFO_TICK_03012025\GFDLNFO_TICK_03012025\Options\BANKNIFTY30JAN2556600CE.NFO.csv
2025-10-27 13:54:56,329 [INFO] [root] [MainThread]: Started processing: NFO\GFDLNFO_TICK_03012025\GFDLNFO_TICK_03012025\Options\BANKNIFTY30JAN2557000CE.NFO.csv
2025-10-27 13:54:56,405 [INFO] [root] [MainThread]: Successfully processed: NFO\GFDLNFO_TICK_03012025\GFDLNFO_TICK_03012025\Options\BANKNIFTY30JAN2557000CE.NFO.csv
2025-10-27 13:54:56,405 [INFO] [root] [MainThread]: Started processing: NFO\GFDLNFO_TICK_03012025\GFDLNFO_TICK_03012025\Options\BANKNIFTY30JAN2557500CE.NFO.csv
2025-10-27 13:54:56,463 [INFO] [root] [MainThread]: Successfully processed: NFO\GFDLNFO_TICK_03012025\GFDLNFO_TICK_03012025\Options\BANKNIFTY30JAN2557500CE.NFO.csv
2025-10-27 13:54:56,464 [INFO] [root] [MainThread]: Started processing: NFO\GFDLNFO_TICK_03012025\GFDLNFO_TICK_03012025\Options\BANKNIFTY30JAN2558000CE.NFO.csv
2025-10-27 13:54:56,522 [INFO] [root] [MainThread]: Successfully processed: NFO\GFDLNFO_TICK_03012025\GFDLNFO_TICK_03012025\Options\BANKNIFTY30JAN2558000CE.NFO.csv
2025-10-27 13:54:56,522 [INFO] [root] [MainThread]: Started processing: NFO\GFDLNFO_TICK_03012025\GFDLNFO_TICK_03012025\Options\BANKNIFTY30JAN2558500CE.NFO.csv
2025-10-27 13:54:56,573 [INFO] [root] [MainThread]: Successfully processed: NFO\GFDLNFO_TICK_03012025\GFDLNFO_TICK_03012025\Options\BANKNIFTY30JAN2558500CE.NFO.csv
2025-10-27 13:54:56,573 [INFO] [root] [MainThread]: Started processing: NFO\GFDLNFO_TICK_03012025\GFDLNFO_TICK_03012025\Options\BANKNIFTY30JAN2559000CE.NFO.csv
2025-10-27 13:54:56,629 [INFO] [root] [MainThread]: Successfully processed: NFO\GFDLNFO_TICK_03012025\GFDLNFO_TICK_03012025\Options\BANKNIFTY30JAN2559000CE.NFO.csv
2025-10-27 13:54:56,630 [INFO] [root] [MainThread]: Started processing: NFO\GFDLNFO_TICK_03012025\GFDLNFO_TICK_03012025\Options\BANKNIFTY30JAN2559500CE.NFO.csv
2025-10-27 13:54:56,673 [INFO] [root] [MainThread]: Successfully processed: NFO\GFDLNFO_TICK_03012025\GFDLNFO_TICK_03012025\Options\BANKNIFTY30JAN2559500CE.NFO.csv
2025-10-27 13:54:56,674 [INFO] [root] [MainThread]: Started processing: NFO\GFDLNFO_TICK_03012025\GFDLNFO_TICK_03012025\Options\BANKNIFTY30JAN2560000CE.NFO.csv
2025-10-27 13:54:56,736 [INFO] [root] [MainThread]: Successfully processed: NFO\GFDLNFO_TICK_03012025\GFDLNFO_TICK_03012025\Options\BANKNIFTY30JAN2560000CE.NFO.csv
2025-10-27 13:54:56,736 [INFO] [root] [MainThread]: Started processing: NFO\GFDLNFO_TICK_03012025\GFDLNFO_TICK_03012025\Options\BANKNIFTY30JAN2560500CE.NFO.csv
2025-10-27 13:54:56,787 [INFO] [root] [MainThread]: Successfully processed: NFO\GFDLNFO_TICK_03012025\GFDLNFO_TICK_03012025\Options\BANKNIFTY30JAN2560500CE.NFO.csv
2025-10-27 13:54:56,787 [INFO] [root] [MainThread]: Started processing: NFO\GFDLNFO_TICK_03012025\GFDLNFO_TICK_03012025\Options\BANKNIFTY30JAN2561000CE.NFO.csv
2025-10-27 13:54:56,886 [INFO] [root] [MainThread]: Successfully processed: NFO\GFDLNFO_TICK_03012025\GFDLNFO_TICK_03012025\Options\BANKNIFTY30JAN2561000CE.NFO.csv
2025-10-27 13:54:56,887 [INFO] [root] [MainThread]: Combining 196 dataframes...
2025-10-27 13:54:56,952 [INFO] [root] [MainThread]: Writing to ProcessedParquet\banknifty_call_03012025.parquet (438414 rows)...
2025-10-27 13:54:57,402 [INFO] [root] [MainThread]: Successfully saved 196 option files to ProcessedParquet\banknifty_call_03012025.parquet
2025-10-27 13:54:57,402 [INFO] [root] [MainThread]: Utility stopped.
