2025-10-27 11:04:17,374 [INFO] [root] [MainThread]: Utility started.
2025-10-27 11:04:17,375 [INFO] [root] [MainThread]: Processing NIFTY from NFO exchange
2025-10-27 11:04:17,376 [INFO] [root] [MainThread]: Found date 03012025 from folder name: GFDLNFO_TICK_03012025 for exchange NFO
2025-10-27 11:04:17,376 [INFO] [root] [MainThread]: Got following folder info {'03012025': {'GFDLNFO_TICK_03012025'}} for processing {'index': 'NIFTY', 'instrument_type': 'call'}.
2025-10-27 11:04:17,377 [INFO] [root] [MainThread]: Started processing folder: GFDLNFO_TICK_03012025 for {'index': 'NIFTY', 'instrument_type': 'call'}
2025-10-27 11:04:17,452 [INFO] [root] [MainThread]: Found 425 call option files to process for NIFTY.
2025-10-27 11:04:17,452 [INFO] [root] [MainThread]: Started processing: GFDLNFO_TICK_03012025\Options\NIFTY06FEB2523950CE.NFO.csv
2025-10-27 11:04:17,529 [INFO] [root] [MainThread]: Successfully processed: GFDLNFO_TICK_03012025\Options\NIFTY06FEB2523950CE.NFO.csv
2025-10-27 11:04:17,532 [INFO] [root] [MainThread]: Started processing: GFDLNFO_TICK_03012025\Options\NIFTY06FEB2524000CE.NFO.csv
2025-10-27 11:04:17,652 [INFO] [root] [MainThread]: Successfully processed: GFDLNFO_TICK_03012025\Options\NIFTY06FEB2524000CE.NFO.csv
2025-10-27 11:04:17,653 [INFO] [root] [MainThread]: Started processing: GFDLNFO_TICK_03012025\Options\NIFTY06FEB2524100CE.NFO.csv
2025-10-27 11:04:17,759 [INFO] [root] [MainThread]: Successfully processed: GFDLNFO_TICK_03012025\Options\NIFTY06FEB2524100CE.NFO.csv
2025-10-27 11:04:17,759 [INFO] [root] [MainThread]: Started processing: GFDLNFO_TICK_03012025\Options\NIFTY06FEB2524200CE.NFO.csv
2025-10-27 11:04:17,895 [INFO] [root] [MainThread]: Successfully processed: GFDLNFO_TICK_03012025\Options\NIFTY06FEB2524200CE.NFO.csv
2025-10-27 11:04:17,895 [INFO] [root] [MainThread]: Started processing: GFDLNFO_TICK_03012025\Options\NIFTY06FEB2524350CE.NFO.csv
2025-10-27 11:04:18,045 [INFO] [root] [MainThread]: Successfully processed: GFDLNFO_TICK_03012025\Options\NIFTY06FEB2524350CE.NFO.csv
2025-10-27 11:04:18,045 [INFO] [root] [MainThread]: Started processing: GFDLNFO_TICK_03012025\Options\NIFTY06FEB2524500CE.NFO.csv
2025-10-27 11:04:18,083 [INFO] [root] [MainThread]: Successfully processed: GFDLNFO_TICK_03012025\Options\NIFTY06FEB2524500CE.NFO.csv
2025-10-27 11:04:18,086 [INFO] [root] [MainThread]: Started processing: GFDLNFO_TICK_03012025\Options\NIFTY06FEB2524700CE.NFO.csv
2025-10-27 11:04:18,168 [INFO] [root] [MainThread]: Successfully processed: GFDLNFO_TICK_03012025\Options\NIFTY06FEB2524700CE.NFO.csv
2025-10-27 11:04:18,168 [INFO] [root] [MainThread]: Started processing: GFDLNFO_TICK_03012025\Options\NIFTY06FEB2524800CE.NFO.csv
2025-10-27 11:04:18,359 [INFO] [root] [MainThread]: Successfully processed: GFDLNFO_TICK_03012025\Options\NIFTY06FEB2524800CE.NFO.csv
2025-10-27 11:04:18,360 [INFO] [root] [MainThread]: Started processing: GFDLNFO_TICK_03012025\Options\NIFTY06FEB2525000CE.NFO.csv
2025-10-27 11:04:18,493 [INFO] [root] [MainThread]: Successfully processed: GFDLNFO_TICK_03012025\Options\NIFTY06FEB2525000CE.NFO.csv
2025-10-27 11:04:18,494 [INFO] [root] [MainThread]: Started processing: GFDLNFO_TICK_03012025\Options\NIFTY06FEB2525500CE.NFO.csv
2025-10-27 11:04:18,572 [INFO] [root] [MainThread]: Successfully processed: GFDLNFO_TICK_03012025\Options\NIFTY06FEB2525500CE.NFO.csv
2025-10-27 11:04:18,573 [INFO] [root] [MainThread]: Started processing: GFDLNFO_TICK_03012025\Options\NIFTY06FEB2525700CE.NFO.csv
2025-10-27 11:04:18,676 [INFO] [root] [MainThread]: Successfully processed: GFDLNFO_TICK_03012025\Options\NIFTY06FEB2525700CE.NFO.csv
2025-10-27 11:04:18,676 [INFO] [root] [MainThread]: Started processing: GFDLNFO_TICK_03012025\Options\NIFTY09JAN2521850CE.NFO.csv
2025-10-27 11:04:18,861 [INFO] [root] [MainThread]: Successfully processed: GFDLNFO_TICK_03012025\Options\NIFTY09JAN2521850CE.NFO.csv
2025-10-27 11:04:18,862 [INFO] [root] [MainThread]: Started processing: GFDLNFO_TICK_03012025\Options\NIFTY09JAN2522000CE.NFO.csv
2025-10-27 11:04:19,110 [INFO] [root] [MainThread]: Successfully processed: GFDLNFO_TICK_03012025\Options\NIFTY09JAN2522000CE.NFO.csv
2025-10-27 11:04:19,111 [INFO] [root] [MainThread]: Started processing: GFDLNFO_TICK_03012025\Options\NIFTY09JAN2522400CE.NFO.csv
2025-10-27 11:04:19,655 [INFO] [root] [MainThread]: Successfully processed: GFDLNFO_TICK_03012025\Options\NIFTY09JAN2522400CE.NFO.csv
2025-10-27 11:04:19,658 [INFO] [root] [MainThread]: Started processing: GFDLNFO_TICK_03012025\Options\NIFTY09JAN2522500CE.NFO.csv
2025-10-27 11:04:20,187 [INFO] [root] [MainThread]: Successfully processed: GFDLNFO_TICK_03012025\Options\NIFTY09JAN2522500CE.NFO.csv
2025-10-27 11:04:20,188 [INFO] [root] [MainThread]: Started processing: GFDLNFO_TICK_03012025\Options\NIFTY09JAN2522600CE.NFO.csv
2025-10-27 11:04:20,559 [INFO] [root] [MainThread]: Successfully processed: GFDLNFO_TICK_03012025\Options\NIFTY09JAN2522600CE.NFO.csv
2025-10-27 11:04:20,560 [INFO] [root] [MainThread]: Started processing: GFDLNFO_TICK_03012025\Options\NIFTY09JAN2522700CE.NFO.csv
2025-10-27 11:04:20,889 [INFO] [root] [MainThread]: Successfully processed: GFDLNFO_TICK_03012025\Options\NIFTY09JAN2522700CE.NFO.csv
2025-10-27 11:04:20,889 [INFO] [root] [MainThread]: Started processing: GFDLNFO_TICK_03012025\Options\NIFTY09JAN2522750CE.NFO.csv
2025-10-27 11:04:21,048 [INFO] [root] [MainThread]: Successfully processed: GFDLNFO_TICK_03012025\Options\NIFTY09JAN2522750CE.NFO.csv
2025-10-27 11:04:21,049 [INFO] [root] [MainThread]: Started processing: GFDLNFO_TICK_03012025\Options\NIFTY09JAN2522800CE.NFO.csv
2025-10-27 11:04:21,179 [INFO] [root] [MainThread]: Successfully processed: GFDLNFO_TICK_03012025\Options\NIFTY09JAN2522800CE.NFO.csv
2025-10-27 11:04:21,180 [INFO] [root] [MainThread]: Started processing: GFDLNFO_TICK_03012025\Options\NIFTY09JAN2522850CE.NFO.csv
2025-10-27 11:04:21,309 [INFO] [root] [MainThread]: Successfully processed: GFDLNFO_TICK_03012025\Options\NIFTY09JAN2522850CE.NFO.csv
2025-10-27 11:04:21,309 [INFO] [root] [MainThread]: Started processing: GFDLNFO_TICK_03012025\Options\NIFTY09JAN2522900CE.NFO.csv
2025-10-27 11:04:21,432 [INFO] [root] [MainThread]: Successfully processed: GFDLNFO_TICK_03012025\Options\NIFTY09JAN2522900CE.NFO.csv
2025-10-27 11:04:21,432 [INFO] [root] [MainThread]: Started processing: GFDLNFO_TICK_03012025\Options\NIFTY09JAN2523000CE.NFO.csv
2025-10-27 11:04:21,653 [INFO] [root] [MainThread]: Successfully processed: GFDLNFO_TICK_03012025\Options\NIFTY09JAN2523000CE.NFO.csv
2025-10-27 11:04:21,653 [INFO] [root] [MainThread]: Started processing: GFDLNFO_TICK_03012025\Options\NIFTY09JAN2523100CE.NFO.csv
2025-10-27 11:04:21,801 [INFO] [root] [MainThread]: Successfully processed: GFDLNFO_TICK_03012025\Options\NIFTY09JAN2523100CE.NFO.csv
2025-10-27 11:04:21,802 [INFO] [root] [MainThread]: Started processing: GFDLNFO_TICK_03012025\Options\NIFTY09JAN2523150CE.NFO.csv
2025-10-27 11:04:21,936 [INFO] [root] [MainThread]: Successfully processed: GFDLNFO_TICK_03012025\Options\NIFTY09JAN2523150CE.NFO.csv
2025-10-27 11:04:21,936 [INFO] [root] [MainThread]: Started processing: GFDLNFO_TICK_03012025\Options\NIFTY09JAN2523200CE.NFO.csv
2025-10-27 11:04:22,244 [INFO] [root] [MainThread]: Successfully processed: GFDLNFO_TICK_03012025\Options\NIFTY09JAN2523200CE.NFO.csv
2025-10-27 11:04:22,246 [INFO] [root] [MainThread]: Started processing: GFDLNFO_TICK_03012025\Options\NIFTY09JAN2523250CE.NFO.csv
2025-10-27 11:04:22,579 [INFO] [root] [MainThread]: Successfully processed: GFDLNFO_TICK_03012025\Options\NIFTY09JAN2523250CE.NFO.csv
2025-10-27 11:04:22,580 [INFO] [root] [MainThread]: Started processing: GFDLNFO_TICK_03012025\Options\NIFTY09JAN2523300CE.NFO.csv
2025-10-27 11:04:22,908 [INFO] [root] [MainThread]: Successfully processed: GFDLNFO_TICK_03012025\Options\NIFTY09JAN2523300CE.NFO.csv
2025-10-27 11:04:22,915 [INFO] [root] [MainThread]: Started processing: GFDLNFO_TICK_03012025\Options\NIFTY09JAN2523350CE.NFO.csv
2025-10-27 11:04:23,252 [INFO] [root] [MainThread]: Successfully processed: GFDLNFO_TICK_03012025\Options\NIFTY09JAN2523350CE.NFO.csv
2025-10-27 11:04:23,253 [INFO] [root] [MainThread]: Started processing: GFDLNFO_TICK_03012025\Options\NIFTY09JAN2523400CE.NFO.csv
2025-10-27 11:04:23,561 [INFO] [root] [MainThread]: Successfully processed: GFDLNFO_TICK_03012025\Options\NIFTY09JAN2523400CE.NFO.csv
2025-10-27 11:04:23,562 [INFO] [root] [MainThread]: Started processing: GFDLNFO_TICK_03012025\Options\NIFTY09JAN2523450CE.NFO.csv
2025-10-27 11:04:23,968 [INFO] [root] [MainThread]: Successfully processed: GFDLNFO_TICK_03012025\Options\NIFTY09JAN2523450CE.NFO.csv
2025-10-27 11:04:23,969 [INFO] [root] [MainThread]: Started processing: GFDLNFO_TICK_03012025\Options\NIFTY09JAN2523500CE.NFO.csv
2025-10-27 11:04:24,353 [INFO] [root] [MainThread]: Successfully processed: GFDLNFO_TICK_03012025\Options\NIFTY09JAN2523500CE.NFO.csv
2025-10-27 11:04:24,354 [INFO] [root] [MainThread]: Started processing: GFDLNFO_TICK_03012025\Options\NIFTY09JAN2523550CE.NFO.csv
2025-10-27 11:04:24,652 [INFO] [root] [MainThread]: Successfully processed: GFDLNFO_TICK_03012025\Options\NIFTY09JAN2523550CE.NFO.csv
2025-10-27 11:04:24,659 [INFO] [root] [MainThread]: Started processing: GFDLNFO_TICK_03012025\Options\NIFTY09JAN2523600CE.NFO.csv
2025-10-27 11:04:25,171 [INFO] [root] [MainThread]: Successfully processed: GFDLNFO_TICK_03012025\Options\NIFTY09JAN2523600CE.NFO.csv
2025-10-27 11:04:25,178 [INFO] [root] [MainThread]: Started processing: GFDLNFO_TICK_03012025\Options\NIFTY09JAN2523650CE.NFO.csv
2025-10-27 11:04:25,540 [INFO] [root] [MainThread]: Successfully processed: GFDLNFO_TICK_03012025\Options\NIFTY09JAN2523650CE.NFO.csv
2025-10-27 11:04:25,540 [INFO] [root] [MainThread]: Started processing: GFDLNFO_TICK_03012025\Options\NIFTY09JAN2523700CE.NFO.csv
2025-10-27 11:04:26,247 [INFO] [root] [MainThread]: Successfully processed: GFDLNFO_TICK_03012025\Options\NIFTY09JAN2523700CE.NFO.csv
2025-10-27 11:04:26,247 [INFO] [root] [MainThread]: Started processing: GFDLNFO_TICK_03012025\Options\NIFTY09JAN2523750CE.NFO.csv
2025-10-27 11:04:27,153 [INFO] [root] [MainThread]: Successfully processed: GFDLNFO_TICK_03012025\Options\NIFTY09JAN2523750CE.NFO.csv
2025-10-27 11:04:27,159 [INFO] [root] [MainThread]: Started processing: GFDLNFO_TICK_03012025\Options\NIFTY09JAN2523800CE.NFO.csv
2025-10-27 11:04:27,844 [INFO] [root] [MainThread]: Successfully processed: GFDLNFO_TICK_03012025\Options\NIFTY09JAN2523800CE.NFO.csv
2025-10-27 11:04:27,847 [INFO] [root] [MainThread]: Started processing: GFDLNFO_TICK_03012025\Options\NIFTY09JAN2523850CE.NFO.csv
2025-10-27 11:04:28,223 [INFO] [root] [MainThread]: Successfully processed: GFDLNFO_TICK_03012025\Options\NIFTY09JAN2523850CE.NFO.csv
2025-10-27 11:04:28,224 [INFO] [root] [MainThread]: Started processing: GFDLNFO_TICK_03012025\Options\NIFTY09JAN2523900CE.NFO.csv
2025-10-27 11:04:28,694 [INFO] [root] [MainThread]: Successfully processed: GFDLNFO_TICK_03012025\Options\NIFTY09JAN2523900CE.NFO.csv
2025-10-27 11:04:28,730 [INFO] [root] [MainThread]: Started processing: GFDLNFO_TICK_03012025\Options\NIFTY09JAN2523950CE.NFO.csv
2025-10-27 11:04:29,760 [INFO] [root] [MainThread]: Successfully processed: GFDLNFO_TICK_03012025\Options\NIFTY09JAN2523950CE.NFO.csv
2025-10-27 11:04:29,762 [INFO] [root] [MainThread]: Started processing: GFDLNFO_TICK_03012025\Options\NIFTY09JAN2524000CE.NFO.csv
2025-10-27 11:04:30,716 [INFO] [root] [MainThread]: Successfully processed: GFDLNFO_TICK_03012025\Options\NIFTY09JAN2524000CE.NFO.csv
2025-10-27 11:04:30,721 [INFO] [root] [MainThread]: Started processing: GFDLNFO_TICK_03012025\Options\NIFTY09JAN2524050CE.NFO.csv
2025-10-27 11:04:31,296 [INFO] [root] [MainThread]: Successfully processed: GFDLNFO_TICK_03012025\Options\NIFTY09JAN2524050CE.NFO.csv
2025-10-27 11:04:31,297 [INFO] [root] [MainThread]: Started processing: GFDLNFO_TICK_03012025\Options\NIFTY09JAN2524100CE.NFO.csv
2025-10-27 11:04:31,769 [INFO] [root] [MainThread]: Successfully processed: GFDLNFO_TICK_03012025\Options\NIFTY09JAN2524100CE.NFO.csv
2025-10-27 11:04:31,770 [INFO] [root] [MainThread]: Started processing: GFDLNFO_TICK_03012025\Options\NIFTY09JAN2524150CE.NFO.csv
2025-10-27 11:04:32,336 [INFO] [root] [MainThread]: Successfully processed: GFDLNFO_TICK_03012025\Options\NIFTY09JAN2524150CE.NFO.csv
2025-10-27 11:04:32,337 [INFO] [root] [MainThread]: Started processing: GFDLNFO_TICK_03012025\Options\NIFTY09JAN2524200CE.NFO.csv
2025-10-27 11:04:33,063 [INFO] [root] [MainThread]: Successfully processed: GFDLNFO_TICK_03012025\Options\NIFTY09JAN2524200CE.NFO.csv
2025-10-27 11:04:33,063 [INFO] [root] [MainThread]: Started processing: GFDLNFO_TICK_03012025\Options\NIFTY09JAN2524250CE.NFO.csv
2025-10-27 11:04:34,096 [INFO] [root] [MainThread]: Successfully processed: GFDLNFO_TICK_03012025\Options\NIFTY09JAN2524250CE.NFO.csv
2025-10-27 11:04:34,100 [INFO] [root] [MainThread]: Started processing: GFDLNFO_TICK_03012025\Options\NIFTY09JAN2524300CE.NFO.csv
2025-10-27 11:04:35,763 [INFO] [root] [MainThread]: Successfully processed: GFDLNFO_TICK_03012025\Options\NIFTY09JAN2524300CE.NFO.csv
2025-10-27 11:04:35,764 [INFO] [root] [MainThread]: Started processing: GFDLNFO_TICK_03012025\Options\NIFTY09JAN2524350CE.NFO.csv
2025-10-27 11:04:36,491 [INFO] [root] [MainThread]: Successfully processed: GFDLNFO_TICK_03012025\Options\NIFTY09JAN2524350CE.NFO.csv
2025-10-27 11:04:36,507 [INFO] [root] [MainThread]: Started processing: GFDLNFO_TICK_03012025\Options\NIFTY09JAN2524400CE.NFO.csv
2025-10-27 11:04:37,919 [INFO] [root] [MainThread]: Successfully processed: GFDLNFO_TICK_03012025\Options\NIFTY09JAN2524400CE.NFO.csv
2025-10-27 11:04:37,922 [INFO] [root] [MainThread]: Started processing: GFDLNFO_TICK_03012025\Options\NIFTY09JAN2524450CE.NFO.csv
2025-10-27 11:04:39,254 [INFO] [root] [MainThread]: Successfully processed: GFDLNFO_TICK_03012025\Options\NIFTY09JAN2524450CE.NFO.csv
2025-10-27 11:04:39,255 [INFO] [root] [MainThread]: Started processing: GFDLNFO_TICK_03012025\Options\NIFTY09JAN2524500CE.NFO.csv
2025-10-27 11:04:39,775 [INFO] [root] [MainThread]: Successfully processed: GFDLNFO_TICK_03012025\Options\NIFTY09JAN2524500CE.NFO.csv
2025-10-27 11:04:39,776 [INFO] [root] [MainThread]: Started processing: GFDLNFO_TICK_03012025\Options\NIFTY09JAN2524550CE.NFO.csv
2025-10-27 11:04:40,200 [INFO] [root] [MainThread]: Successfully processed: GFDLNFO_TICK_03012025\Options\NIFTY09JAN2524550CE.NFO.csv
2025-10-27 11:04:40,200 [INFO] [root] [MainThread]: Started processing: GFDLNFO_TICK_03012025\Options\NIFTY09JAN2524600CE.NFO.csv
2025-10-27 11:04:40,788 [INFO] [root] [MainThread]: Successfully processed: GFDLNFO_TICK_03012025\Options\NIFTY09JAN2524600CE.NFO.csv
2025-10-27 11:04:40,788 [INFO] [root] [MainThread]: Started processing: GFDLNFO_TICK_03012025\Options\NIFTY09JAN2524650CE.NFO.csv
2025-10-27 11:04:41,775 [INFO] [root] [MainThread]: Successfully processed: GFDLNFO_TICK_03012025\Options\NIFTY09JAN2524650CE.NFO.csv
2025-10-27 11:04:41,776 [INFO] [root] [MainThread]: Started processing: GFDLNFO_TICK_03012025\Options\NIFTY09JAN2524700CE.NFO.csv
2025-10-27 11:04:42,868 [INFO] [root] [MainThread]: Successfully processed: GFDLNFO_TICK_03012025\Options\NIFTY09JAN2524700CE.NFO.csv
2025-10-27 11:04:42,869 [INFO] [root] [MainThread]: Started processing: GFDLNFO_TICK_03012025\Options\NIFTY09JAN2524750CE.NFO.csv
2025-10-27 11:04:43,591 [INFO] [root] [MainThread]: Successfully processed: GFDLNFO_TICK_03012025\Options\NIFTY09JAN2524750CE.NFO.csv
2025-10-27 11:04:43,592 [INFO] [root] [MainThread]: Started processing: GFDLNFO_TICK_03012025\Options\NIFTY09JAN2524800CE.NFO.csv
2025-10-27 11:04:44,141 [INFO] [root] [MainThread]: Successfully processed: GFDLNFO_TICK_03012025\Options\NIFTY09JAN2524800CE.NFO.csv
2025-10-27 11:04:44,142 [INFO] [root] [MainThread]: Started processing: GFDLNFO_TICK_03012025\Options\NIFTY09JAN2524850CE.NFO.csv
2025-10-27 11:04:44,684 [INFO] [root] [MainThread]: Successfully processed: GFDLNFO_TICK_03012025\Options\NIFTY09JAN2524850CE.NFO.csv
2025-10-27 11:04:44,685 [INFO] [root] [MainThread]: Started processing: GFDLNFO_TICK_03012025\Options\NIFTY09JAN2524900CE.NFO.csv
2025-10-27 11:04:45,816 [INFO] [root] [MainThread]: Successfully processed: GFDLNFO_TICK_03012025\Options\NIFTY09JAN2524900CE.NFO.csv
2025-10-27 11:04:45,816 [INFO] [root] [MainThread]: Started processing: GFDLNFO_TICK_03012025\Options\NIFTY09JAN2524950CE.NFO.csv
2025-10-27 11:04:46,690 [INFO] [root] [MainThread]: Successfully processed: GFDLNFO_TICK_03012025\Options\NIFTY09JAN2524950CE.NFO.csv
2025-10-27 11:04:46,691 [INFO] [root] [MainThread]: Started processing: GFDLNFO_TICK_03012025\Options\NIFTY09JAN2525000CE.NFO.csv
2025-10-27 11:04:47,440 [INFO] [root] [MainThread]: Successfully processed: GFDLNFO_TICK_03012025\Options\NIFTY09JAN2525000CE.NFO.csv
2025-10-27 11:04:47,441 [INFO] [root] [MainThread]: Started processing: GFDLNFO_TICK_03012025\Options\NIFTY09JAN2525050CE.NFO.csv
2025-10-27 11:04:47,769 [INFO] [root] [MainThread]: Successfully processed: GFDLNFO_TICK_03012025\Options\NIFTY09JAN2525050CE.NFO.csv
2025-10-27 11:04:47,770 [INFO] [root] [MainThread]: Started processing: GFDLNFO_TICK_03012025\Options\NIFTY09JAN2525100CE.NFO.csv
2025-10-27 11:04:48,019 [INFO] [root] [MainThread]: Successfully processed: GFDLNFO_TICK_03012025\Options\NIFTY09JAN2525100CE.NFO.csv
2025-10-27 11:04:48,019 [INFO] [root] [MainThread]: Started processing: GFDLNFO_TICK_03012025\Options\NIFTY09JAN2525150CE.NFO.csv
2025-10-27 11:04:48,375 [INFO] [root] [MainThread]: Successfully processed: GFDLNFO_TICK_03012025\Options\NIFTY09JAN2525150CE.NFO.csv
2025-10-27 11:04:48,376 [INFO] [root] [MainThread]: Started processing: GFDLNFO_TICK_03012025\Options\NIFTY09JAN2525200CE.NFO.csv
2025-10-27 11:04:48,794 [INFO] [root] [MainThread]: Successfully processed: GFDLNFO_TICK_03012025\Options\NIFTY09JAN2525200CE.NFO.csv
2025-10-27 11:04:48,795 [INFO] [root] [MainThread]: Started processing: GFDLNFO_TICK_03012025\Options\NIFTY09JAN2525250CE.NFO.csv
2025-10-27 11:04:49,280 [INFO] [root] [MainThread]: Successfully processed: GFDLNFO_TICK_03012025\Options\NIFTY09JAN2525250CE.NFO.csv
2025-10-27 11:04:49,281 [INFO] [root] [MainThread]: Started processing: GFDLNFO_TICK_03012025\Options\NIFTY09JAN2525300CE.NFO.csv
2025-10-27 11:04:49,598 [INFO] [root] [MainThread]: Successfully processed: GFDLNFO_TICK_03012025\Options\NIFTY09JAN2525300CE.NFO.csv
2025-10-27 11:04:49,598 [INFO] [root] [MainThread]: Started processing: GFDLNFO_TICK_03012025\Options\NIFTY09JAN2525350CE.NFO.csv
2025-10-27 11:04:50,117 [INFO] [root] [MainThread]: Successfully processed: GFDLNFO_TICK_03012025\Options\NIFTY09JAN2525350CE.NFO.csv
2025-10-27 11:04:50,118 [INFO] [root] [MainThread]: Started processing: GFDLNFO_TICK_03012025\Options\NIFTY09JAN2525400CE.NFO.csv
2025-10-27 11:04:50,430 [INFO] [root] [MainThread]: Successfully processed: GFDLNFO_TICK_03012025\Options\NIFTY09JAN2525400CE.NFO.csv
2025-10-27 11:04:50,431 [INFO] [root] [MainThread]: Started processing: GFDLNFO_TICK_03012025\Options\NIFTY09JAN2525450CE.NFO.csv
2025-10-27 11:04:50,825 [INFO] [root] [MainThread]: Successfully processed: GFDLNFO_TICK_03012025\Options\NIFTY09JAN2525450CE.NFO.csv
2025-10-27 11:04:50,826 [INFO] [root] [MainThread]: Started processing: GFDLNFO_TICK_03012025\Options\NIFTY09JAN2525500CE.NFO.csv
2025-10-27 11:04:51,030 [INFO] [root] [MainThread]: Successfully processed: GFDLNFO_TICK_03012025\Options\NIFTY09JAN2525500CE.NFO.csv
2025-10-27 11:04:51,030 [INFO] [root] [MainThread]: Started processing: GFDLNFO_TICK_03012025\Options\NIFTY09JAN2525550CE.NFO.csv
2025-10-27 11:04:51,207 [INFO] [root] [MainThread]: Successfully processed: GFDLNFO_TICK_03012025\Options\NIFTY09JAN2525550CE.NFO.csv
2025-10-27 11:04:51,208 [INFO] [root] [MainThread]: Started processing: GFDLNFO_TICK_03012025\Options\NIFTY09JAN2525600CE.NFO.csv
2025-10-27 11:04:51,312 [INFO] [root] [MainThread]: Successfully processed: GFDLNFO_TICK_03012025\Options\NIFTY09JAN2525600CE.NFO.csv
2025-10-27 11:04:51,320 [INFO] [root] [MainThread]: Started processing: GFDLNFO_TICK_03012025\Options\NIFTY09JAN2525650CE.NFO.csv
2025-10-27 11:04:51,480 [INFO] [root] [MainThread]: Successfully processed: GFDLNFO_TICK_03012025\Options\NIFTY09JAN2525650CE.NFO.csv
2025-10-27 11:04:51,480 [INFO] [root] [MainThread]: Started processing: GFDLNFO_TICK_03012025\Options\NIFTY09JAN2525700CE.NFO.csv
2025-10-27 11:04:51,608 [INFO] [root] [MainThread]: Successfully processed: GFDLNFO_TICK_03012025\Options\NIFTY09JAN2525700CE.NFO.csv
2025-10-27 11:04:51,609 [INFO] [root] [MainThread]: Started processing: GFDLNFO_TICK_03012025\Options\NIFTY09JAN2525750CE.NFO.csv
2025-10-27 11:04:51,871 [INFO] [root] [MainThread]: Successfully processed: GFDLNFO_TICK_03012025\Options\NIFTY09JAN2525750CE.NFO.csv
2025-10-27 11:04:51,872 [INFO] [root] [MainThread]: Started processing: GFDLNFO_TICK_03012025\Options\NIFTY09JAN2525800CE.NFO.csv
2025-10-27 11:04:52,031 [INFO] [root] [MainThread]: Successfully processed: GFDLNFO_TICK_03012025\Options\NIFTY09JAN2525800CE.NFO.csv
2025-10-27 11:04:52,031 [INFO] [root] [MainThread]: Started processing: GFDLNFO_TICK_03012025\Options\NIFTY09JAN2525850CE.NFO.csv
2025-10-27 11:04:52,204 [INFO] [root] [MainThread]: Successfully processed: GFDLNFO_TICK_03012025\Options\NIFTY09JAN2525850CE.NFO.csv
2025-10-27 11:04:52,204 [INFO] [root] [MainThread]: Started processing: GFDLNFO_TICK_03012025\Options\NIFTY09JAN2525900CE.NFO.csv
2025-10-27 11:04:52,301 [INFO] [root] [MainThread]: Successfully processed: GFDLNFO_TICK_03012025\Options\NIFTY09JAN2525900CE.NFO.csv
2025-10-27 11:04:52,302 [INFO] [root] [MainThread]: Started processing: GFDLNFO_TICK_03012025\Options\NIFTY09JAN2525950CE.NFO.csv
2025-10-27 11:04:52,439 [INFO] [root] [MainThread]: Successfully processed: GFDLNFO_TICK_03012025\Options\NIFTY09JAN2525950CE.NFO.csv
2025-10-27 11:04:52,439 [INFO] [root] [MainThread]: Started processing: GFDLNFO_TICK_03012025\Options\NIFTY09JAN2526000CE.NFO.csv
2025-10-27 11:04:52,692 [INFO] [root] [MainThread]: Successfully processed: GFDLNFO_TICK_03012025\Options\NIFTY09JAN2526000CE.NFO.csv
2025-10-27 11:04:52,692 [INFO] [root] [MainThread]: Started processing: GFDLNFO_TICK_03012025\Options\NIFTY09JAN2526050CE.NFO.csv
2025-10-27 11:04:52,915 [INFO] [root] [MainThread]: Successfully processed: GFDLNFO_TICK_03012025\Options\NIFTY09JAN2526050CE.NFO.csv
2025-10-27 11:04:52,920 [INFO] [root] [MainThread]: Started processing: GFDLNFO_TICK_03012025\Options\NIFTY09JAN2526100CE.NFO.csv
2025-10-27 11:04:53,404 [INFO] [root] [MainThread]: Successfully processed: GFDLNFO_TICK_03012025\Options\NIFTY09JAN2526100CE.NFO.csv
2025-10-27 11:04:53,404 [INFO] [root] [MainThread]: Started processing: GFDLNFO_TICK_03012025\Options\NIFTY09JAN2526150CE.NFO.csv
2025-10-27 11:04:53,695 [INFO] [root] [MainThread]: Successfully processed: GFDLNFO_TICK_03012025\Options\NIFTY09JAN2526150CE.NFO.csv
2025-10-27 11:04:53,708 [INFO] [root] [MainThread]: Started processing: GFDLNFO_TICK_03012025\Options\NIFTY09JAN2526200CE.NFO.csv
2025-10-27 11:04:53,943 [INFO] [root] [MainThread]: Successfully processed: GFDLNFO_TICK_03012025\Options\NIFTY09JAN2526200CE.NFO.csv
2025-10-27 11:04:53,944 [INFO] [root] [MainThread]: Started processing: GFDLNFO_TICK_03012025\Options\NIFTY09JAN2526250CE.NFO.csv
2025-10-27 11:04:54,202 [INFO] [root] [MainThread]: Successfully processed: GFDLNFO_TICK_03012025\Options\NIFTY09JAN2526250CE.NFO.csv
2025-10-27 11:04:54,203 [INFO] [root] [MainThread]: Started processing: GFDLNFO_TICK_03012025\Options\NIFTY09JAN2526300CE.NFO.csv
2025-10-27 11:04:54,452 [INFO] [root] [MainThread]: Successfully processed: GFDLNFO_TICK_03012025\Options\NIFTY09JAN2526300CE.NFO.csv
2025-10-27 11:04:54,453 [INFO] [root] [MainThread]: Started processing: GFDLNFO_TICK_03012025\Options\NIFTY09JAN2526350CE.NFO.csv
2025-10-27 11:04:54,682 [INFO] [root] [MainThread]: Successfully processed: GFDLNFO_TICK_03012025\Options\NIFTY09JAN2526350CE.NFO.csv
2025-10-27 11:04:54,682 [INFO] [root] [MainThread]: Started processing: GFDLNFO_TICK_03012025\Options\NIFTY09JAN2526400CE.NFO.csv
2025-10-27 11:04:54,828 [INFO] [root] [MainThread]: Successfully processed: GFDLNFO_TICK_03012025\Options\NIFTY09JAN2526400CE.NFO.csv
2025-10-27 11:04:54,831 [INFO] [root] [MainThread]: Started processing: GFDLNFO_TICK_03012025\Options\NIFTY09JAN2526450CE.NFO.csv
2025-10-27 11:04:55,076 [INFO] [root] [MainThread]: Successfully processed: GFDLNFO_TICK_03012025\Options\NIFTY09JAN2526450CE.NFO.csv
2025-10-27 11:04:55,076 [INFO] [root] [MainThread]: Started processing: GFDLNFO_TICK_03012025\Options\NIFTY09JAN2526500CE.NFO.csv
2025-10-27 11:04:55,339 [INFO] [root] [MainThread]: Successfully processed: GFDLNFO_TICK_03012025\Options\NIFTY09JAN2526500CE.NFO.csv
2025-10-27 11:04:55,339 [INFO] [root] [MainThread]: Started processing: GFDLNFO_TICK_03012025\Options\NIFTY16JAN2522000CE.NFO.csv
2025-10-27 11:04:55,450 [INFO] [root] [MainThread]: Successfully processed: GFDLNFO_TICK_03012025\Options\NIFTY16JAN2522000CE.NFO.csv
2025-10-27 11:04:55,450 [INFO] [root] [MainThread]: Started processing: GFDLNFO_TICK_03012025\Options\NIFTY16JAN2522500CE.NFO.csv
2025-10-27 11:04:55,567 [INFO] [root] [MainThread]: Successfully processed: GFDLNFO_TICK_03012025\Options\NIFTY16JAN2522500CE.NFO.csv
2025-10-27 11:04:55,568 [INFO] [root] [MainThread]: Started processing: GFDLNFO_TICK_03012025\Options\NIFTY16JAN2523000CE.NFO.csv
2025-10-27 11:04:55,739 [INFO] [root] [MainThread]: Successfully processed: GFDLNFO_TICK_03012025\Options\NIFTY16JAN2523000CE.NFO.csv
2025-10-27 11:04:55,739 [INFO] [root] [MainThread]: Started processing: GFDLNFO_TICK_03012025\Options\NIFTY16JAN2523100CE.NFO.csv
2025-10-27 11:04:55,826 [INFO] [root] [MainThread]: Successfully processed: GFDLNFO_TICK_03012025\Options\NIFTY16JAN2523100CE.NFO.csv
2025-10-27 11:04:55,826 [INFO] [root] [MainThread]: Started processing: GFDLNFO_TICK_03012025\Options\NIFTY16JAN2523200CE.NFO.csv
2025-10-27 11:04:55,931 [INFO] [root] [MainThread]: Successfully processed: GFDLNFO_TICK_03012025\Options\NIFTY16JAN2523200CE.NFO.csv
2025-10-27 11:04:55,932 [INFO] [root] [MainThread]: Started processing: GFDLNFO_TICK_03012025\Options\NIFTY16JAN2523250CE.NFO.csv
2025-10-27 11:04:55,988 [INFO] [root] [MainThread]: Successfully processed: GFDLNFO_TICK_03012025\Options\NIFTY16JAN2523250CE.NFO.csv
2025-10-27 11:04:55,988 [INFO] [root] [MainThread]: Started processing: GFDLNFO_TICK_03012025\Options\NIFTY16JAN2523300CE.NFO.csv
2025-10-27 11:04:56,123 [INFO] [root] [MainThread]: Successfully processed: GFDLNFO_TICK_03012025\Options\NIFTY16JAN2523300CE.NFO.csv
2025-10-27 11:04:56,124 [INFO] [root] [MainThread]: Started processing: GFDLNFO_TICK_03012025\Options\NIFTY16JAN2523350CE.NFO.csv
2025-10-27 11:04:56,237 [INFO] [root] [MainThread]: Successfully processed: GFDLNFO_TICK_03012025\Options\NIFTY16JAN2523350CE.NFO.csv
2025-10-27 11:04:56,241 [INFO] [root] [MainThread]: Started processing: GFDLNFO_TICK_03012025\Options\NIFTY16JAN2523400CE.NFO.csv
2025-10-27 11:04:56,350 [INFO] [root] [MainThread]: Successfully processed: GFDLNFO_TICK_03012025\Options\NIFTY16JAN2523400CE.NFO.csv
2025-10-27 11:04:56,350 [INFO] [root] [MainThread]: Processed 100/425 files...
2025-10-27 11:04:56,351 [INFO] [root] [MainThread]: Started processing: GFDLNFO_TICK_03012025\Options\NIFTY16JAN2523450CE.NFO.csv
2025-10-27 11:04:56,451 [INFO] [root] [MainThread]: Successfully processed: GFDLNFO_TICK_03012025\Options\NIFTY16JAN2523450CE.NFO.csv
2025-10-27 11:04:56,451 [INFO] [root] [MainThread]: Started processing: GFDLNFO_TICK_03012025\Options\NIFTY16JAN2523500CE.NFO.csv
2025-10-27 11:04:56,651 [INFO] [root] [MainThread]: Successfully processed: GFDLNFO_TICK_03012025\Options\NIFTY16JAN2523500CE.NFO.csv
2025-10-27 11:04:56,653 [INFO] [root] [MainThread]: Started processing: GFDLNFO_TICK_03012025\Options\NIFTY16JAN2523550CE.NFO.csv
2025-10-27 11:04:56,816 [INFO] [root] [MainThread]: Successfully processed: GFDLNFO_TICK_03012025\Options\NIFTY16JAN2523550CE.NFO.csv
2025-10-27 11:04:56,816 [INFO] [root] [MainThread]: Started processing: GFDLNFO_TICK_03012025\Options\NIFTY16JAN2523600CE.NFO.csv
2025-10-27 11:04:57,092 [INFO] [root] [MainThread]: Successfully processed: GFDLNFO_TICK_03012025\Options\NIFTY16JAN2523600CE.NFO.csv
2025-10-27 11:04:57,092 [INFO] [root] [MainThread]: Started processing: GFDLNFO_TICK_03012025\Options\NIFTY16JAN2523650CE.NFO.csv
2025-10-27 11:04:57,388 [INFO] [root] [MainThread]: Successfully processed: GFDLNFO_TICK_03012025\Options\NIFTY16JAN2523650CE.NFO.csv
2025-10-27 11:04:57,389 [INFO] [root] [MainThread]: Started processing: GFDLNFO_TICK_03012025\Options\NIFTY16JAN2523700CE.NFO.csv
2025-10-27 11:04:57,672 [INFO] [root] [MainThread]: Successfully processed: GFDLNFO_TICK_03012025\Options\NIFTY16JAN2523700CE.NFO.csv
2025-10-27 11:04:57,672 [INFO] [root] [MainThread]: Started processing: GFDLNFO_TICK_03012025\Options\NIFTY16JAN2523750CE.NFO.csv
2025-10-27 11:04:57,899 [INFO] [root] [MainThread]: Successfully processed: GFDLNFO_TICK_03012025\Options\NIFTY16JAN2523750CE.NFO.csv
2025-10-27 11:04:57,899 [INFO] [root] [MainThread]: Started processing: GFDLNFO_TICK_03012025\Options\NIFTY16JAN2523800CE.NFO.csv
2025-10-27 11:04:58,306 [INFO] [root] [MainThread]: Successfully processed: GFDLNFO_TICK_03012025\Options\NIFTY16JAN2523800CE.NFO.csv
2025-10-27 11:04:58,306 [INFO] [root] [MainThread]: Started processing: GFDLNFO_TICK_03012025\Options\NIFTY16JAN2523850CE.NFO.csv
2025-10-27 11:04:58,667 [INFO] [root] [MainThread]: Successfully processed: GFDLNFO_TICK_03012025\Options\NIFTY16JAN2523850CE.NFO.csv
2025-10-27 11:04:58,668 [INFO] [root] [MainThread]: Started processing: GFDLNFO_TICK_03012025\Options\NIFTY16JAN2523900CE.NFO.csv
2025-10-27 11:04:58,918 [INFO] [root] [MainThread]: Successfully processed: GFDLNFO_TICK_03012025\Options\NIFTY16JAN2523900CE.NFO.csv
2025-10-27 11:04:58,919 [INFO] [root] [MainThread]: Started processing: GFDLNFO_TICK_03012025\Options\NIFTY16JAN2523950CE.NFO.csv
2025-10-27 11:04:59,138 [INFO] [root] [MainThread]: Successfully processed: GFDLNFO_TICK_03012025\Options\NIFTY16JAN2523950CE.NFO.csv
2025-10-27 11:04:59,139 [INFO] [root] [MainThread]: Started processing: GFDLNFO_TICK_03012025\Options\NIFTY16JAN2524000CE.NFO.csv
2025-10-27 11:04:59,489 [INFO] [root] [MainThread]: Successfully processed: GFDLNFO_TICK_03012025\Options\NIFTY16JAN2524000CE.NFO.csv
2025-10-27 11:04:59,490 [INFO] [root] [MainThread]: Started processing: GFDLNFO_TICK_03012025\Options\NIFTY16JAN2524050CE.NFO.csv
2025-10-27 11:04:59,657 [INFO] [root] [MainThread]: Successfully processed: GFDLNFO_TICK_03012025\Options\NIFTY16JAN2524050CE.NFO.csv
2025-10-27 11:04:59,657 [INFO] [root] [MainThread]: Started processing: GFDLNFO_TICK_03012025\Options\NIFTY16JAN2524100CE.NFO.csv
2025-10-27 11:04:59,866 [INFO] [root] [MainThread]: Successfully processed: GFDLNFO_TICK_03012025\Options\NIFTY16JAN2524100CE.NFO.csv
2025-10-27 11:04:59,866 [INFO] [root] [MainThread]: Started processing: GFDLNFO_TICK_03012025\Options\NIFTY16JAN2524150CE.NFO.csv
2025-10-27 11:05:00,036 [INFO] [root] [MainThread]: Successfully processed: GFDLNFO_TICK_03012025\Options\NIFTY16JAN2524150CE.NFO.csv
2025-10-27 11:05:00,037 [INFO] [root] [MainThread]: Started processing: GFDLNFO_TICK_03012025\Options\NIFTY16JAN2524200CE.NFO.csv
2025-10-27 11:05:00,258 [INFO] [root] [MainThread]: Successfully processed: GFDLNFO_TICK_03012025\Options\NIFTY16JAN2524200CE.NFO.csv
2025-10-27 11:05:00,259 [INFO] [root] [MainThread]: Started processing: GFDLNFO_TICK_03012025\Options\NIFTY16JAN2524250CE.NFO.csv
2025-10-27 11:05:00,405 [INFO] [root] [MainThread]: Successfully processed: GFDLNFO_TICK_03012025\Options\NIFTY16JAN2524250CE.NFO.csv
2025-10-27 11:05:00,405 [INFO] [root] [MainThread]: Started processing: GFDLNFO_TICK_03012025\Options\NIFTY16JAN2524300CE.NFO.csv
2025-10-27 11:05:00,584 [INFO] [root] [MainThread]: Successfully processed: GFDLNFO_TICK_03012025\Options\NIFTY16JAN2524300CE.NFO.csv
2025-10-27 11:05:00,585 [INFO] [root] [MainThread]: Started processing: GFDLNFO_TICK_03012025\Options\NIFTY16JAN2524350CE.NFO.csv
2025-10-27 11:05:00,821 [INFO] [root] [MainThread]: Successfully processed: GFDLNFO_TICK_03012025\Options\NIFTY16JAN2524350CE.NFO.csv
2025-10-27 11:05:00,822 [INFO] [root] [MainThread]: Started processing: GFDLNFO_TICK_03012025\Options\NIFTY16JAN2524400CE.NFO.csv
2025-10-27 11:05:01,080 [INFO] [root] [MainThread]: Successfully processed: GFDLNFO_TICK_03012025\Options\NIFTY16JAN2524400CE.NFO.csv
2025-10-27 11:05:01,081 [INFO] [root] [MainThread]: Started processing: GFDLNFO_TICK_03012025\Options\NIFTY16JAN2524450CE.NFO.csv
2025-10-27 11:05:01,290 [INFO] [root] [MainThread]: Successfully processed: GFDLNFO_TICK_03012025\Options\NIFTY16JAN2524450CE.NFO.csv
2025-10-27 11:05:01,290 [INFO] [root] [MainThread]: Started processing: GFDLNFO_TICK_03012025\Options\NIFTY16JAN2524500CE.NFO.csv
2025-10-27 11:05:01,622 [INFO] [root] [MainThread]: Successfully processed: GFDLNFO_TICK_03012025\Options\NIFTY16JAN2524500CE.NFO.csv
2025-10-27 11:05:01,622 [INFO] [root] [MainThread]: Started processing: GFDLNFO_TICK_03012025\Options\NIFTY16JAN2524550CE.NFO.csv
2025-10-27 11:05:01,841 [INFO] [root] [MainThread]: Successfully processed: GFDLNFO_TICK_03012025\Options\NIFTY16JAN2524550CE.NFO.csv
2025-10-27 11:05:01,841 [INFO] [root] [MainThread]: Started processing: GFDLNFO_TICK_03012025\Options\NIFTY16JAN2524600CE.NFO.csv
2025-10-27 11:05:02,162 [INFO] [root] [MainThread]: Successfully processed: GFDLNFO_TICK_03012025\Options\NIFTY16JAN2524600CE.NFO.csv
2025-10-27 11:05:02,163 [INFO] [root] [MainThread]: Started processing: GFDLNFO_TICK_03012025\Options\NIFTY16JAN2524650CE.NFO.csv
2025-10-27 11:05:02,350 [INFO] [root] [MainThread]: Successfully processed: GFDLNFO_TICK_03012025\Options\NIFTY16JAN2524650CE.NFO.csv
2025-10-27 11:05:02,350 [INFO] [root] [MainThread]: Started processing: GFDLNFO_TICK_03012025\Options\NIFTY16JAN2524700CE.NFO.csv
2025-10-27 11:05:02,589 [INFO] [root] [MainThread]: Successfully processed: GFDLNFO_TICK_03012025\Options\NIFTY16JAN2524700CE.NFO.csv
2025-10-27 11:05:02,590 [INFO] [root] [MainThread]: Started processing: GFDLNFO_TICK_03012025\Options\NIFTY16JAN2524750CE.NFO.csv
2025-10-27 11:05:02,766 [INFO] [root] [MainThread]: An uncaught exception occurred: <class 'KeyboardInterrupt'>, , <traceback object at 0x000001F66EF13EC0>
2025-10-27 11:05:02,968 [INFO] [root] [MainThread]: '  File "C:\\parquet_conversion\\prepareTickByTickData_Parquet.py", line 291, in <module>\n    df = getFinalDatasetToPush(\n        dataFilePath=os.path.join(folderpath, symbolFile),\n    ...<7 lines>...\n        isFutureDataFile=False\n    )\n'
2025-10-27 11:05:02,969 [INFO] [root] [MainThread]: '  File "C:\\parquet_conversion\\prepareTickByTickData_Parquet.py", line 83, in getFinalDatasetToPush\n    optDataset = pd.read_csv(dataFilePath)\n'
2025-10-27 11:05:02,970 [INFO] [root] [MainThread]: '  File "C:\\Users\\User\\AppData\\Local\\Programs\\Python\\Python313\\Lib\\site-packages\\pandas\\io\\parsers\\readers.py", line 1026, in read_csv\n    return _read(filepath_or_buffer, kwds)\n'
2025-10-27 11:05:02,970 [INFO] [root] [MainThread]: '  File "C:\\Users\\User\\AppData\\Local\\Programs\\Python\\Python313\\Lib\\site-packages\\pandas\\io\\parsers\\readers.py", line 626, in _read\n    return parser.read(nrows)\n           ~~~~~~~~~~~^^^^^^^\n'
2025-10-27 11:05:02,970 [INFO] [root] [MainThread]: '  File "C:\\Users\\User\\AppData\\Local\\Programs\\Python\\Python313\\Lib\\site-packages\\pandas\\io\\parsers\\readers.py", line 1923, in read\n    ) = self._engine.read(  # type: ignore[attr-defined]\n        ~~~~~~~~~~~~~~~~~^^^^^^^^^^^^^^^^^^^^^^^^^^^^^^^\n        nrows\n        ^^^^^\n    )\n    ^\n'
2025-10-27 11:05:02,973 [INFO] [root] [MainThread]: '  File "C:\\Users\\User\\AppData\\Local\\Programs\\Python\\Python313\\Lib\\site-packages\\pandas\\io\\parsers\\c_parser_wrapper.py", line 234, in read\n    chunks = self._reader.read_low_memory(nrows)\n'
