2025-10-27 20:30:13,122 [INFO] [root] [MainThread]: Utility started.
2025-10-27 20:30:13,122 [INFO] [root] [MainThread]: Processing FINNIFTY from NFO exchange
2025-10-27 20:30:13,122 [INFO] [root] [MainThread]: Detected yearly folder structure in NFO\GFDLNFO_TICK_03012025
2025-10-27 20:30:13,517 [INFO] [root] [MainThread]: No date subfolders found, extracted date 03012025 from parent folder: GFDLNFO_TICK_03012025
2025-10-27 20:30:13,517 [INFO] [root] [MainThread]: Got following folder info {'03012025': {'NFO\\GFDLNFO_TICK_03012025'}} for processing {'index': 'FINNIFTY', 'instrument_type': 'call'}.
2025-10-27 20:30:13,527 [INFO] [root] [MainThread]: Started processing folder: NFO\GFDLNFO_TICK_03012025 for {'index': 'FINNIFTY', 'instrument_type': 'call'}, date: 03012025
2025-10-27 20:30:13,557 [INFO] [root] [MainThread]: Found 67 call option files to process for FINNIFTY.
2025-10-27 20:30:13,557 [INFO] [root] [MainThread]: Started processing: NFO\GFDLNFO_TICK_03012025\Options\FINNIFTY27FEB2526100CE.NFO.csv
2025-10-27 20:30:13,573 [INFO] [root] [MainThread]: Successfully processed: NFO\GFDLNFO_TICK_03012025\Options\FINNIFTY27FEB2526100CE.NFO.csv
2025-10-27 20:30:13,574 [INFO] [root] [MainThread]: Started processing: NFO\GFDLNFO_TICK_03012025\Options\FINNIFTY27MAR2523000CE.NFO.csv
2025-10-27 20:30:13,584 [INFO] [root] [MainThread]: Successfully processed: NFO\GFDLNFO_TICK_03012025\Options\FINNIFTY27MAR2523000CE.NFO.csv
2025-10-27 20:30:13,584 [INFO] [root] [MainThread]: Started processing: NFO\GFDLNFO_TICK_03012025\Options\FINNIFTY27MAR2524000CE.NFO.csv
2025-10-27 20:30:13,593 [INFO] [root] [MainThread]: Successfully processed: NFO\GFDLNFO_TICK_03012025\Options\FINNIFTY27MAR2524000CE.NFO.csv
2025-10-27 20:30:13,594 [INFO] [root] [MainThread]: Started processing: NFO\GFDLNFO_TICK_03012025\Options\FINNIFTY30JAN2522900CE.NFO.csv
2025-10-27 20:30:13,608 [INFO] [root] [MainThread]: Successfully processed: NFO\GFDLNFO_TICK_03012025\Options\FINNIFTY30JAN2522900CE.NFO.csv
2025-10-27 20:30:13,608 [INFO] [root] [MainThread]: Started processing: NFO\GFDLNFO_TICK_03012025\Options\FINNIFTY30JAN2523000CE.NFO.csv
2025-10-27 20:30:13,618 [INFO] [root] [MainThread]: Successfully processed: NFO\GFDLNFO_TICK_03012025\Options\FINNIFTY30JAN2523000CE.NFO.csv
2025-10-27 20:30:13,618 [INFO] [root] [MainThread]: Started processing: NFO\GFDLNFO_TICK_03012025\Options\FINNIFTY30JAN2523150CE.NFO.csv
2025-10-27 20:30:13,636 [INFO] [root] [MainThread]: Successfully processed: NFO\GFDLNFO_TICK_03012025\Options\FINNIFTY30JAN2523150CE.NFO.csv
2025-10-27 20:30:13,637 [INFO] [root] [MainThread]: Started processing: NFO\GFDLNFO_TICK_03012025\Options\FINNIFTY30JAN2523200CE.NFO.csv
2025-10-27 20:30:13,650 [INFO] [root] [MainThread]: Successfully processed: NFO\GFDLNFO_TICK_03012025\Options\FINNIFTY30JAN2523200CE.NFO.csv
2025-10-27 20:30:13,650 [INFO] [root] [MainThread]: Started processing: NFO\GFDLNFO_TICK_03012025\Options\FINNIFTY30JAN2523250CE.NFO.csv
2025-10-27 20:30:13,677 [INFO] [root] [MainThread]: Successfully processed: NFO\GFDLNFO_TICK_03012025\Options\FINNIFTY30JAN2523250CE.NFO.csv
2025-10-27 20:30:13,677 [INFO] [root] [MainThread]: Started processing: NFO\GFDLNFO_TICK_03012025\Options\FINNIFTY30JAN2523300CE.NFO.csv
2025-10-27 20:30:13,692 [INFO] [root] [MainThread]: Successfully processed: NFO\GFDLNFO_TICK_03012025\Options\FINNIFTY30JAN2523300CE.NFO.csv
2025-10-27 20:30:13,692 [INFO] [root] [MainThread]: Started processing: NFO\GFDLNFO_TICK_03012025\Options\FINNIFTY30JAN2523350CE.NFO.csv
2025-10-27 20:30:13,722 [INFO] [root] [MainThread]: Successfully processed: NFO\GFDLNFO_TICK_03012025\Options\FINNIFTY30JAN2523350CE.NFO.csv
2025-10-27 20:30:13,723 [INFO] [root] [MainThread]: Started processing: NFO\GFDLNFO_TICK_03012025\Options\FINNIFTY30JAN2523400CE.NFO.csv
2025-10-27 20:30:13,740 [INFO] [root] [MainThread]: Successfully processed: NFO\GFDLNFO_TICK_03012025\Options\FINNIFTY30JAN2523400CE.NFO.csv
2025-10-27 20:30:13,741 [INFO] [root] [MainThread]: Started processing: NFO\GFDLNFO_TICK_03012025\Options\FINNIFTY30JAN2523450CE.NFO.csv
2025-10-27 20:30:13,777 [INFO] [root] [MainThread]: Successfully processed: NFO\GFDLNFO_TICK_03012025\Options\FINNIFTY30JAN2523450CE.NFO.csv
2025-10-27 20:30:13,777 [INFO] [root] [MainThread]: Started processing: NFO\GFDLNFO_TICK_03012025\Options\FINNIFTY30JAN2523500CE.NFO.csv
2025-10-27 20:30:13,798 [INFO] [root] [MainThread]: Successfully processed: NFO\GFDLNFO_TICK_03012025\Options\FINNIFTY30JAN2523500CE.NFO.csv
2025-10-27 20:30:13,798 [INFO] [root] [MainThread]: Started processing: NFO\GFDLNFO_TICK_03012025\Options\FINNIFTY30JAN2523550CE.NFO.csv
2025-10-27 20:30:13,830 [INFO] [root] [MainThread]: Successfully processed: NFO\GFDLNFO_TICK_03012025\Options\FINNIFTY30JAN2523550CE.NFO.csv
2025-10-27 20:30:13,831 [INFO] [root] [MainThread]: Started processing: NFO\GFDLNFO_TICK_03012025\Options\FINNIFTY30JAN2523600CE.NFO.csv
2025-10-27 20:30:13,850 [INFO] [root] [MainThread]: Successfully processed: NFO\GFDLNFO_TICK_03012025\Options\FINNIFTY30JAN2523600CE.NFO.csv
2025-10-27 20:30:13,850 [INFO] [root] [MainThread]: Started processing: NFO\GFDLNFO_TICK_03012025\Options\FINNIFTY30JAN2523650CE.NFO.csv
2025-10-27 20:30:13,883 [INFO] [root] [MainThread]: Successfully processed: NFO\GFDLNFO_TICK_03012025\Options\FINNIFTY30JAN2523650CE.NFO.csv
2025-10-27 20:30:13,883 [INFO] [root] [MainThread]: Started processing: NFO\GFDLNFO_TICK_03012025\Options\FINNIFTY30JAN2523700CE.NFO.csv
2025-10-27 20:30:13,917 [INFO] [root] [MainThread]: Successfully processed: NFO\GFDLNFO_TICK_03012025\Options\FINNIFTY30JAN2523700CE.NFO.csv
2025-10-27 20:30:13,917 [INFO] [root] [MainThread]: Started processing: NFO\GFDLNFO_TICK_03012025\Options\FINNIFTY30JAN2523750CE.NFO.csv
2025-10-27 20:30:13,966 [INFO] [root] [MainThread]: Successfully processed: NFO\GFDLNFO_TICK_03012025\Options\FINNIFTY30JAN2523750CE.NFO.csv
2025-10-27 20:30:13,966 [INFO] [root] [MainThread]: Started processing: NFO\GFDLNFO_TICK_03012025\Options\FINNIFTY30JAN2523800CE.NFO.csv
2025-10-27 20:30:14,023 [INFO] [root] [MainThread]: Successfully processed: NFO\GFDLNFO_TICK_03012025\Options\FINNIFTY30JAN2523800CE.NFO.csv
2025-10-27 20:30:14,023 [INFO] [root] [MainThread]: Started processing: NFO\GFDLNFO_TICK_03012025\Options\FINNIFTY30JAN2523850CE.NFO.csv
2025-10-27 20:30:14,073 [INFO] [root] [MainThread]: Successfully processed: NFO\GFDLNFO_TICK_03012025\Options\FINNIFTY30JAN2523850CE.NFO.csv
2025-10-27 20:30:14,073 [INFO] [root] [MainThread]: Started processing: NFO\GFDLNFO_TICK_03012025\Options\FINNIFTY30JAN2523900CE.NFO.csv
2025-10-27 20:30:14,124 [INFO] [root] [MainThread]: Successfully processed: NFO\GFDLNFO_TICK_03012025\Options\FINNIFTY30JAN2523900CE.NFO.csv
2025-10-27 20:30:14,124 [INFO] [root] [MainThread]: Started processing: NFO\GFDLNFO_TICK_03012025\Options\FINNIFTY30JAN2523950CE.NFO.csv
2025-10-27 20:30:14,173 [INFO] [root] [MainThread]: Successfully processed: NFO\GFDLNFO_TICK_03012025\Options\FINNIFTY30JAN2523950CE.NFO.csv
2025-10-27 20:30:14,173 [INFO] [root] [MainThread]: Started processing: NFO\GFDLNFO_TICK_03012025\Options\FINNIFTY30JAN2524000CE.NFO.csv
2025-10-27 20:30:14,228 [INFO] [root] [MainThread]: Successfully processed: NFO\GFDLNFO_TICK_03012025\Options\FINNIFTY30JAN2524000CE.NFO.csv
2025-10-27 20:30:14,229 [INFO] [root] [MainThread]: Started processing: NFO\GFDLNFO_TICK_03012025\Options\FINNIFTY30JAN2524050CE.NFO.csv
2025-10-27 20:30:14,274 [INFO] [root] [MainThread]: Successfully processed: NFO\GFDLNFO_TICK_03012025\Options\FINNIFTY30JAN2524050CE.NFO.csv
2025-10-27 20:30:14,274 [INFO] [root] [MainThread]: Started processing: NFO\GFDLNFO_TICK_03012025\Options\FINNIFTY30JAN2524100CE.NFO.csv
2025-10-27 20:30:14,318 [INFO] [root] [MainThread]: Successfully processed: NFO\GFDLNFO_TICK_03012025\Options\FINNIFTY30JAN2524100CE.NFO.csv
2025-10-27 20:30:14,318 [INFO] [root] [MainThread]: Started processing: NFO\GFDLNFO_TICK_03012025\Options\FINNIFTY30JAN2524150CE.NFO.csv
2025-10-27 20:30:14,357 [INFO] [root] [MainThread]: Successfully processed: NFO\GFDLNFO_TICK_03012025\Options\FINNIFTY30JAN2524150CE.NFO.csv
2025-10-27 20:30:14,357 [INFO] [root] [MainThread]: Started processing: NFO\GFDLNFO_TICK_03012025\Options\FINNIFTY30JAN2524200CE.NFO.csv
2025-10-27 20:30:14,401 [INFO] [root] [MainThread]: Successfully processed: NFO\GFDLNFO_TICK_03012025\Options\FINNIFTY30JAN2524200CE.NFO.csv
2025-10-27 20:30:14,401 [INFO] [root] [MainThread]: Started processing: NFO\GFDLNFO_TICK_03012025\Options\FINNIFTY30JAN2524250CE.NFO.csv
2025-10-27 20:30:14,437 [INFO] [root] [MainThread]: Successfully processed: NFO\GFDLNFO_TICK_03012025\Options\FINNIFTY30JAN2524250CE.NFO.csv
2025-10-27 20:30:14,438 [INFO] [root] [MainThread]: Started processing: NFO\GFDLNFO_TICK_03012025\Options\FINNIFTY30JAN2524300CE.NFO.csv
2025-10-27 20:30:14,478 [INFO] [root] [MainThread]: Successfully processed: NFO\GFDLNFO_TICK_03012025\Options\FINNIFTY30JAN2524300CE.NFO.csv
2025-10-27 20:30:14,478 [INFO] [root] [MainThread]: Started processing: NFO\GFDLNFO_TICK_03012025\Options\FINNIFTY30JAN2524350CE.NFO.csv
2025-10-27 20:30:14,516 [INFO] [root] [MainThread]: Successfully processed: NFO\GFDLNFO_TICK_03012025\Options\FINNIFTY30JAN2524350CE.NFO.csv
2025-10-27 20:30:14,516 [INFO] [root] [MainThread]: Started processing: NFO\GFDLNFO_TICK_03012025\Options\FINNIFTY30JAN2524400CE.NFO.csv
2025-10-27 20:30:14,546 [INFO] [root] [MainThread]: Successfully processed: NFO\GFDLNFO_TICK_03012025\Options\FINNIFTY30JAN2524400CE.NFO.csv
2025-10-27 20:30:14,547 [INFO] [root] [MainThread]: Started processing: NFO\GFDLNFO_TICK_03012025\Options\FINNIFTY30JAN2524450CE.NFO.csv
2025-10-27 20:30:14,581 [INFO] [root] [MainThread]: Successfully processed: NFO\GFDLNFO_TICK_03012025\Options\FINNIFTY30JAN2524450CE.NFO.csv
2025-10-27 20:30:14,582 [INFO] [root] [MainThread]: Started processing: NFO\GFDLNFO_TICK_03012025\Options\FINNIFTY30JAN2524500CE.NFO.csv
2025-10-27 20:30:14,630 [INFO] [root] [MainThread]: Successfully processed: NFO\GFDLNFO_TICK_03012025\Options\FINNIFTY30JAN2524500CE.NFO.csv
2025-10-27 20:30:14,630 [INFO] [root] [MainThread]: Started processing: NFO\GFDLNFO_TICK_03012025\Options\FINNIFTY30JAN2524550CE.NFO.csv
2025-10-27 20:30:14,661 [INFO] [root] [MainThread]: Successfully processed: NFO\GFDLNFO_TICK_03012025\Options\FINNIFTY30JAN2524550CE.NFO.csv
2025-10-27 20:30:14,661 [INFO] [root] [MainThread]: Started processing: NFO\GFDLNFO_TICK_03012025\Options\FINNIFTY30JAN2524600CE.NFO.csv
2025-10-27 20:30:14,687 [INFO] [root] [MainThread]: Successfully processed: NFO\GFDLNFO_TICK_03012025\Options\FINNIFTY30JAN2524600CE.NFO.csv
2025-10-27 20:30:14,687 [INFO] [root] [MainThread]: Started processing: NFO\GFDLNFO_TICK_03012025\Options\FINNIFTY30JAN2524650CE.NFO.csv
2025-10-27 20:30:14,712 [INFO] [root] [MainThread]: Successfully processed: NFO\GFDLNFO_TICK_03012025\Options\FINNIFTY30JAN2524650CE.NFO.csv
2025-10-27 20:30:14,713 [INFO] [root] [MainThread]: Started processing: NFO\GFDLNFO_TICK_03012025\Options\FINNIFTY30JAN2524700CE.NFO.csv
2025-10-27 20:30:14,731 [INFO] [root] [MainThread]: Successfully processed: NFO\GFDLNFO_TICK_03012025\Options\FINNIFTY30JAN2524700CE.NFO.csv
2025-10-27 20:30:14,731 [INFO] [root] [MainThread]: Started processing: NFO\GFDLNFO_TICK_03012025\Options\FINNIFTY30JAN2524750CE.NFO.csv
2025-10-27 20:30:14,759 [INFO] [root] [MainThread]: Successfully processed: NFO\GFDLNFO_TICK_03012025\Options\FINNIFTY30JAN2524750CE.NFO.csv
2025-10-27 20:30:14,759 [INFO] [root] [MainThread]: Started processing: NFO\GFDLNFO_TICK_03012025\Options\FINNIFTY30JAN2524800CE.NFO.csv
2025-10-27 20:30:14,780 [INFO] [root] [MainThread]: Successfully processed: NFO\GFDLNFO_TICK_03012025\Options\FINNIFTY30JAN2524800CE.NFO.csv
2025-10-27 20:30:14,780 [INFO] [root] [MainThread]: Started processing: NFO\GFDLNFO_TICK_03012025\Options\FINNIFTY30JAN2524850CE.NFO.csv
2025-10-27 20:30:14,809 [INFO] [root] [MainThread]: Successfully processed: NFO\GFDLNFO_TICK_03012025\Options\FINNIFTY30JAN2524850CE.NFO.csv
2025-10-27 20:30:14,810 [INFO] [root] [MainThread]: Started processing: NFO\GFDLNFO_TICK_03012025\Options\FINNIFTY30JAN2524900CE.NFO.csv
2025-10-27 20:30:14,832 [INFO] [root] [MainThread]: Successfully processed: NFO\GFDLNFO_TICK_03012025\Options\FINNIFTY30JAN2524900CE.NFO.csv
2025-10-27 20:30:14,833 [INFO] [root] [MainThread]: Started processing: NFO\GFDLNFO_TICK_03012025\Options\FINNIFTY30JAN2524950CE.NFO.csv
2025-10-27 20:30:14,855 [INFO] [root] [MainThread]: Successfully processed: NFO\GFDLNFO_TICK_03012025\Options\FINNIFTY30JAN2524950CE.NFO.csv
2025-10-27 20:30:14,855 [INFO] [root] [MainThread]: Started processing: NFO\GFDLNFO_TICK_03012025\Options\FINNIFTY30JAN2525000CE.NFO.csv
2025-10-27 20:30:14,910 [INFO] [root] [MainThread]: Successfully processed: NFO\GFDLNFO_TICK_03012025\Options\FINNIFTY30JAN2525000CE.NFO.csv
2025-10-27 20:30:14,910 [INFO] [root] [MainThread]: Started processing: NFO\GFDLNFO_TICK_03012025\Options\FINNIFTY30JAN2525100CE.NFO.csv
2025-10-27 20:30:14,939 [INFO] [root] [MainThread]: Successfully processed: NFO\GFDLNFO_TICK_03012025\Options\FINNIFTY30JAN2525100CE.NFO.csv
2025-10-27 20:30:14,939 [INFO] [root] [MainThread]: Started processing: NFO\GFDLNFO_TICK_03012025\Options\FINNIFTY30JAN2525150CE.NFO.csv
2025-10-27 20:30:14,965 [INFO] [root] [MainThread]: Successfully processed: NFO\GFDLNFO_TICK_03012025\Options\FINNIFTY30JAN2525150CE.NFO.csv
2025-10-27 20:30:14,965 [INFO] [root] [MainThread]: Started processing: NFO\GFDLNFO_TICK_03012025\Options\FINNIFTY30JAN2525200CE.NFO.csv
2025-10-27 20:30:14,989 [INFO] [root] [MainThread]: Successfully processed: NFO\GFDLNFO_TICK_03012025\Options\FINNIFTY30JAN2525200CE.NFO.csv
2025-10-27 20:30:14,989 [INFO] [root] [MainThread]: Started processing: NFO\GFDLNFO_TICK_03012025\Options\FINNIFTY30JAN2525250CE.NFO.csv
2025-10-27 20:30:15,009 [INFO] [root] [MainThread]: Successfully processed: NFO\GFDLNFO_TICK_03012025\Options\FINNIFTY30JAN2525250CE.NFO.csv
2025-10-27 20:30:15,009 [INFO] [root] [MainThread]: Started processing: NFO\GFDLNFO_TICK_03012025\Options\FINNIFTY30JAN2525300CE.NFO.csv
2025-10-27 20:30:15,032 [INFO] [root] [MainThread]: Successfully processed: NFO\GFDLNFO_TICK_03012025\Options\FINNIFTY30JAN2525300CE.NFO.csv
2025-10-27 20:30:15,032 [INFO] [root] [MainThread]: Started processing: NFO\GFDLNFO_TICK_03012025\Options\FINNIFTY30JAN2525400CE.NFO.csv
2025-10-27 20:30:15,061 [INFO] [root] [MainThread]: Successfully processed: NFO\GFDLNFO_TICK_03012025\Options\FINNIFTY30JAN2525400CE.NFO.csv
2025-10-27 20:30:15,061 [INFO] [root] [MainThread]: Started processing: NFO\GFDLNFO_TICK_03012025\Options\FINNIFTY30JAN2525500CE.NFO.csv
2025-10-27 20:30:15,094 [INFO] [root] [MainThread]: Successfully processed: NFO\GFDLNFO_TICK_03012025\Options\FINNIFTY30JAN2525500CE.NFO.csv
2025-10-27 20:30:15,094 [INFO] [root] [MainThread]: Started processing: NFO\GFDLNFO_TICK_03012025\Options\FINNIFTY30JAN2525600CE.NFO.csv
2025-10-27 20:30:15,111 [INFO] [root] [MainThread]: Successfully processed: NFO\GFDLNFO_TICK_03012025\Options\FINNIFTY30JAN2525600CE.NFO.csv
2025-10-27 20:30:15,111 [INFO] [root] [MainThread]: Started processing: NFO\GFDLNFO_TICK_03012025\Options\FINNIFTY30JAN2525700CE.NFO.csv
2025-10-27 20:30:15,130 [INFO] [root] [MainThread]: Successfully processed: NFO\GFDLNFO_TICK_03012025\Options\FINNIFTY30JAN2525700CE.NFO.csv
2025-10-27 20:30:15,130 [INFO] [root] [MainThread]: Started processing: NFO\GFDLNFO_TICK_03012025\Options\FINNIFTY30JAN2525800CE.NFO.csv
2025-10-27 20:30:15,147 [INFO] [root] [MainThread]: Successfully processed: NFO\GFDLNFO_TICK_03012025\Options\FINNIFTY30JAN2525800CE.NFO.csv
2025-10-27 20:30:15,147 [INFO] [root] [MainThread]: Started processing: NFO\GFDLNFO_TICK_03012025\Options\FINNIFTY30JAN2525900CE.NFO.csv
2025-10-27 20:30:15,165 [INFO] [root] [MainThread]: Successfully processed: NFO\GFDLNFO_TICK_03012025\Options\FINNIFTY30JAN2525900CE.NFO.csv
2025-10-27 20:30:15,166 [INFO] [root] [MainThread]: Started processing: NFO\GFDLNFO_TICK_03012025\Options\FINNIFTY30JAN2526000CE.NFO.csv
2025-10-27 20:30:15,186 [INFO] [root] [MainThread]: Successfully processed: NFO\GFDLNFO_TICK_03012025\Options\FINNIFTY30JAN2526000CE.NFO.csv
2025-10-27 20:30:15,186 [INFO] [root] [MainThread]: Started processing: NFO\GFDLNFO_TICK_03012025\Options\FINNIFTY30JAN2526100CE.NFO.csv
2025-10-27 20:30:15,211 [INFO] [root] [MainThread]: Successfully processed: NFO\GFDLNFO_TICK_03012025\Options\FINNIFTY30JAN2526100CE.NFO.csv
2025-10-27 20:30:15,211 [INFO] [root] [MainThread]: Started processing: NFO\GFDLNFO_TICK_03012025\Options\FINNIFTY30JAN2526200CE.NFO.csv
2025-10-27 20:30:15,227 [INFO] [root] [MainThread]: Successfully processed: NFO\GFDLNFO_TICK_03012025\Options\FINNIFTY30JAN2526200CE.NFO.csv
2025-10-27 20:30:15,228 [INFO] [root] [MainThread]: Started processing: NFO\GFDLNFO_TICK_03012025\Options\FINNIFTY30JAN2526300CE.NFO.csv
2025-10-27 20:30:15,242 [INFO] [root] [MainThread]: Successfully processed: NFO\GFDLNFO_TICK_03012025\Options\FINNIFTY30JAN2526300CE.NFO.csv
2025-10-27 20:30:15,242 [INFO] [root] [MainThread]: Started processing: NFO\GFDLNFO_TICK_03012025\Options\FINNIFTY30JAN2526400CE.NFO.csv
2025-10-27 20:30:15,254 [INFO] [root] [MainThread]: Successfully processed: NFO\GFDLNFO_TICK_03012025\Options\FINNIFTY30JAN2526400CE.NFO.csv
2025-10-27 20:30:15,254 [INFO] [root] [MainThread]: Started processing: NFO\GFDLNFO_TICK_03012025\Options\FINNIFTY30JAN2526500CE.NFO.csv
2025-10-27 20:30:15,269 [INFO] [root] [MainThread]: Successfully processed: NFO\GFDLNFO_TICK_03012025\Options\FINNIFTY30JAN2526500CE.NFO.csv
2025-10-27 20:30:15,269 [INFO] [root] [MainThread]: Started processing: NFO\GFDLNFO_TICK_03012025\Options\FINNIFTY30JAN2526600CE.NFO.csv
2025-10-27 20:30:15,286 [INFO] [root] [MainThread]: Successfully processed: NFO\GFDLNFO_TICK_03012025\Options\FINNIFTY30JAN2526600CE.NFO.csv
2025-10-27 20:30:15,287 [INFO] [root] [MainThread]: Started processing: NFO\GFDLNFO_TICK_03012025\Options\FINNIFTY30JAN2526700CE.NFO.csv
2025-10-27 20:30:15,306 [INFO] [root] [MainThread]: Successfully processed: NFO\GFDLNFO_TICK_03012025\Options\FINNIFTY30JAN2526700CE.NFO.csv
2025-10-27 20:30:15,307 [INFO] [root] [MainThread]: Started processing: NFO\GFDLNFO_TICK_03012025\Options\FINNIFTY30JAN2526800CE.NFO.csv
2025-10-27 20:30:15,320 [INFO] [root] [MainThread]: Successfully processed: NFO\GFDLNFO_TICK_03012025\Options\FINNIFTY30JAN2526800CE.NFO.csv
2025-10-27 20:30:15,320 [INFO] [root] [MainThread]: Started processing: NFO\GFDLNFO_TICK_03012025\Options\FINNIFTY30JAN2526900CE.NFO.csv
2025-10-27 20:30:15,334 [INFO] [root] [MainThread]: Successfully processed: NFO\GFDLNFO_TICK_03012025\Options\FINNIFTY30JAN2526900CE.NFO.csv
2025-10-27 20:30:15,334 [INFO] [root] [MainThread]: Started processing: NFO\GFDLNFO_TICK_03012025\Options\FINNIFTY30JAN2527000CE.NFO.csv
2025-10-27 20:30:15,348 [INFO] [root] [MainThread]: Successfully processed: NFO\GFDLNFO_TICK_03012025\Options\FINNIFTY30JAN2527000CE.NFO.csv
2025-10-27 20:30:15,348 [INFO] [root] [MainThread]: Started processing: NFO\GFDLNFO_TICK_03012025\Options\FINNIFTY30JAN2527500CE.NFO.csv
2025-10-27 20:30:15,362 [INFO] [root] [MainThread]: Successfully processed: NFO\GFDLNFO_TICK_03012025\Options\FINNIFTY30JAN2527500CE.NFO.csv
2025-10-27 20:30:15,362 [INFO] [root] [MainThread]: Started processing: NFO\GFDLNFO_TICK_03012025\Options\FINNIFTY30JAN2528000CE.NFO.csv
2025-10-27 20:30:15,375 [INFO] [root] [MainThread]: Successfully processed: NFO\GFDLNFO_TICK_03012025\Options\FINNIFTY30JAN2528000CE.NFO.csv
2025-10-27 20:30:15,375 [INFO] [root] [MainThread]: Combining 67 dataframes...
2025-10-27 20:30:15,420 [INFO] [root] [MainThread]: Writing to ProcessedParquet\finnifty_call_03012025.parquet (46530 rows)...
2025-10-27 20:30:15,576 [INFO] [root] [MainThread]: Successfully saved 67 option files to ProcessedParquet\finnifty_call_03012025.parquet
2025-10-27 20:30:15,577 [INFO] [root] [MainThread]: Utility stopped.
