2025-10-27 13:49:39,071 [INFO] [root] [MainThread]: Utility started.
2025-10-27 13:49:39,071 [INFO] [root] [MainThread]: Processing FINNIFTY from NFO exchange
2025-10-27 13:49:39,071 [INFO] [root] [MainThread]: Detected yearly folder structure in NFO\GFDLNFO_TICK_03012025\GFDLNFO_TICK_03012025
2025-10-27 13:49:39,688 [INFO] [root] [MainThread]: No date subfolders found, extracted date 03012025 from parent folder: GFDLNFO_TICK_03012025
2025-10-27 13:49:39,688 [INFO] [root] [MainThread]: Got following folder info {'03012025': {'NFO\\GFDLNFO_TICK_03012025\\GFDLNFO_TICK_03012025'}} for processing {'index': 'FINNIFTY', 'instrument_type': 'put'}.
2025-10-27 13:49:39,700 [INFO] [root] [MainThread]: Started processing folder: NFO\GFDLNFO_TICK_03012025\GFDLNFO_TICK_03012025 for {'index': 'FINNIFTY', 'instrument_type': 'put'}, date: 03012025
2025-10-27 13:49:39,742 [INFO] [root] [MainThread]: Found 70 put option files to process for FINNIFTY.
2025-10-27 13:49:39,743 [INFO] [root] [MainThread]: Started processing: NFO\GFDLNFO_TICK_03012025\GFDLNFO_TICK_03012025\Options\FINNIFTY30JAN2520000PE.NFO.csv
2025-10-27 13:49:39,774 [INFO] [root] [MainThread]: Successfully processed: NFO\GFDLNFO_TICK_03012025\GFDLNFO_TICK_03012025\Options\FINNIFTY30JAN2520000PE.NFO.csv
2025-10-27 13:49:39,774 [INFO] [root] [MainThread]: Started processing: NFO\GFDLNFO_TICK_03012025\GFDLNFO_TICK_03012025\Options\FINNIFTY30JAN2520500PE.NFO.csv
2025-10-27 13:49:39,801 [INFO] [root] [MainThread]: Successfully processed: NFO\GFDLNFO_TICK_03012025\GFDLNFO_TICK_03012025\Options\FINNIFTY30JAN2520500PE.NFO.csv
2025-10-27 13:49:39,801 [INFO] [root] [MainThread]: Started processing: NFO\GFDLNFO_TICK_03012025\GFDLNFO_TICK_03012025\Options\FINNIFTY30JAN2521000PE.NFO.csv
2025-10-27 13:49:39,830 [INFO] [root] [MainThread]: Successfully processed: NFO\GFDLNFO_TICK_03012025\GFDLNFO_TICK_03012025\Options\FINNIFTY30JAN2521000PE.NFO.csv
2025-10-27 13:49:39,830 [INFO] [root] [MainThread]: Started processing: NFO\GFDLNFO_TICK_03012025\GFDLNFO_TICK_03012025\Options\FINNIFTY30JAN2521100PE.NFO.csv
2025-10-27 13:49:39,856 [INFO] [root] [MainThread]: Successfully processed: NFO\GFDLNFO_TICK_03012025\GFDLNFO_TICK_03012025\Options\FINNIFTY30JAN2521100PE.NFO.csv
2025-10-27 13:49:39,856 [INFO] [root] [MainThread]: Started processing: NFO\GFDLNFO_TICK_03012025\GFDLNFO_TICK_03012025\Options\FINNIFTY30JAN2521200PE.NFO.csv
2025-10-27 13:49:39,883 [INFO] [root] [MainThread]: Successfully processed: NFO\GFDLNFO_TICK_03012025\GFDLNFO_TICK_03012025\Options\FINNIFTY30JAN2521200PE.NFO.csv
2025-10-27 13:49:39,883 [INFO] [root] [MainThread]: Started processing: NFO\GFDLNFO_TICK_03012025\GFDLNFO_TICK_03012025\Options\FINNIFTY30JAN2521300PE.NFO.csv
2025-10-27 13:49:39,914 [INFO] [root] [MainThread]: Successfully processed: NFO\GFDLNFO_TICK_03012025\GFDLNFO_TICK_03012025\Options\FINNIFTY30JAN2521300PE.NFO.csv
2025-10-27 13:49:39,914 [INFO] [root] [MainThread]: Started processing: NFO\GFDLNFO_TICK_03012025\GFDLNFO_TICK_03012025\Options\FINNIFTY30JAN2521400PE.NFO.csv
2025-10-27 13:49:39,943 [INFO] [root] [MainThread]: Successfully processed: NFO\GFDLNFO_TICK_03012025\GFDLNFO_TICK_03012025\Options\FINNIFTY30JAN2521400PE.NFO.csv
2025-10-27 13:49:39,944 [INFO] [root] [MainThread]: Started processing: NFO\GFDLNFO_TICK_03012025\GFDLNFO_TICK_03012025\Options\FINNIFTY30JAN2521500PE.NFO.csv
2025-10-27 13:49:39,973 [INFO] [root] [MainThread]: Successfully processed: NFO\GFDLNFO_TICK_03012025\GFDLNFO_TICK_03012025\Options\FINNIFTY30JAN2521500PE.NFO.csv
2025-10-27 13:49:39,973 [INFO] [root] [MainThread]: Started processing: NFO\GFDLNFO_TICK_03012025\GFDLNFO_TICK_03012025\Options\FINNIFTY30JAN2521600PE.NFO.csv
2025-10-27 13:49:40,001 [INFO] [root] [MainThread]: Successfully processed: NFO\GFDLNFO_TICK_03012025\GFDLNFO_TICK_03012025\Options\FINNIFTY30JAN2521600PE.NFO.csv
2025-10-27 13:49:40,002 [INFO] [root] [MainThread]: Started processing: NFO\GFDLNFO_TICK_03012025\GFDLNFO_TICK_03012025\Options\FINNIFTY30JAN2521700PE.NFO.csv
2025-10-27 13:49:40,033 [INFO] [root] [MainThread]: Successfully processed: NFO\GFDLNFO_TICK_03012025\GFDLNFO_TICK_03012025\Options\FINNIFTY30JAN2521700PE.NFO.csv
2025-10-27 13:49:40,033 [INFO] [root] [MainThread]: Started processing: NFO\GFDLNFO_TICK_03012025\GFDLNFO_TICK_03012025\Options\FINNIFTY30JAN2521800PE.NFO.csv
2025-10-27 13:49:40,066 [INFO] [root] [MainThread]: Successfully processed: NFO\GFDLNFO_TICK_03012025\GFDLNFO_TICK_03012025\Options\FINNIFTY30JAN2521800PE.NFO.csv
2025-10-27 13:49:40,066 [INFO] [root] [MainThread]: Started processing: NFO\GFDLNFO_TICK_03012025\GFDLNFO_TICK_03012025\Options\FINNIFTY30JAN2522000PE.NFO.csv
2025-10-27 13:49:40,102 [INFO] [root] [MainThread]: Successfully processed: NFO\GFDLNFO_TICK_03012025\GFDLNFO_TICK_03012025\Options\FINNIFTY30JAN2522000PE.NFO.csv
2025-10-27 13:49:40,102 [INFO] [root] [MainThread]: Started processing: NFO\GFDLNFO_TICK_03012025\GFDLNFO_TICK_03012025\Options\FINNIFTY30JAN2522100PE.NFO.csv
2025-10-27 13:49:40,135 [INFO] [root] [MainThread]: Successfully processed: NFO\GFDLNFO_TICK_03012025\GFDLNFO_TICK_03012025\Options\FINNIFTY30JAN2522100PE.NFO.csv
2025-10-27 13:49:40,135 [INFO] [root] [MainThread]: Started processing: NFO\GFDLNFO_TICK_03012025\GFDLNFO_TICK_03012025\Options\FINNIFTY30JAN2522200PE.NFO.csv
2025-10-27 13:49:40,168 [INFO] [root] [MainThread]: Successfully processed: NFO\GFDLNFO_TICK_03012025\GFDLNFO_TICK_03012025\Options\FINNIFTY30JAN2522200PE.NFO.csv
2025-10-27 13:49:40,168 [INFO] [root] [MainThread]: Started processing: NFO\GFDLNFO_TICK_03012025\GFDLNFO_TICK_03012025\Options\FINNIFTY30JAN2522250PE.NFO.csv
2025-10-27 13:49:40,199 [INFO] [root] [MainThread]: Successfully processed: NFO\GFDLNFO_TICK_03012025\GFDLNFO_TICK_03012025\Options\FINNIFTY30JAN2522250PE.NFO.csv
2025-10-27 13:49:40,199 [INFO] [root] [MainThread]: Started processing: NFO\GFDLNFO_TICK_03012025\GFDLNFO_TICK_03012025\Options\FINNIFTY30JAN2522300PE.NFO.csv
2025-10-27 13:49:40,236 [INFO] [root] [MainThread]: Successfully processed: NFO\GFDLNFO_TICK_03012025\GFDLNFO_TICK_03012025\Options\FINNIFTY30JAN2522300PE.NFO.csv
2025-10-27 13:49:40,236 [INFO] [root] [MainThread]: Started processing: NFO\GFDLNFO_TICK_03012025\GFDLNFO_TICK_03012025\Options\FINNIFTY30JAN2522350PE.NFO.csv
2025-10-27 13:49:40,283 [INFO] [root] [MainThread]: Successfully processed: NFO\GFDLNFO_TICK_03012025\GFDLNFO_TICK_03012025\Options\FINNIFTY30JAN2522350PE.NFO.csv
2025-10-27 13:49:40,283 [INFO] [root] [MainThread]: Started processing: NFO\GFDLNFO_TICK_03012025\GFDLNFO_TICK_03012025\Options\FINNIFTY30JAN2522400PE.NFO.csv
2025-10-27 13:49:40,318 [INFO] [root] [MainThread]: Successfully processed: NFO\GFDLNFO_TICK_03012025\GFDLNFO_TICK_03012025\Options\FINNIFTY30JAN2522400PE.NFO.csv
2025-10-27 13:49:40,319 [INFO] [root] [MainThread]: Started processing: NFO\GFDLNFO_TICK_03012025\GFDLNFO_TICK_03012025\Options\FINNIFTY30JAN2522450PE.NFO.csv
2025-10-27 13:49:40,367 [INFO] [root] [MainThread]: Successfully processed: NFO\GFDLNFO_TICK_03012025\GFDLNFO_TICK_03012025\Options\FINNIFTY30JAN2522450PE.NFO.csv
2025-10-27 13:49:40,367 [INFO] [root] [MainThread]: Started processing: NFO\GFDLNFO_TICK_03012025\GFDLNFO_TICK_03012025\Options\FINNIFTY30JAN2522500PE.NFO.csv
2025-10-27 13:49:40,416 [INFO] [root] [MainThread]: Successfully processed: NFO\GFDLNFO_TICK_03012025\GFDLNFO_TICK_03012025\Options\FINNIFTY30JAN2522500PE.NFO.csv
2025-10-27 13:49:40,416 [INFO] [root] [MainThread]: Started processing: NFO\GFDLNFO_TICK_03012025\GFDLNFO_TICK_03012025\Options\FINNIFTY30JAN2522550PE.NFO.csv
2025-10-27 13:49:40,467 [INFO] [root] [MainThread]: Successfully processed: NFO\GFDLNFO_TICK_03012025\GFDLNFO_TICK_03012025\Options\FINNIFTY30JAN2522550PE.NFO.csv
2025-10-27 13:49:40,468 [INFO] [root] [MainThread]: Started processing: NFO\GFDLNFO_TICK_03012025\GFDLNFO_TICK_03012025\Options\FINNIFTY30JAN2522600PE.NFO.csv
2025-10-27 13:49:40,515 [INFO] [root] [MainThread]: Successfully processed: NFO\GFDLNFO_TICK_03012025\GFDLNFO_TICK_03012025\Options\FINNIFTY30JAN2522600PE.NFO.csv
2025-10-27 13:49:40,515 [INFO] [root] [MainThread]: Started processing: NFO\GFDLNFO_TICK_03012025\GFDLNFO_TICK_03012025\Options\FINNIFTY30JAN2522650PE.NFO.csv
2025-10-27 13:49:40,565 [INFO] [root] [MainThread]: Successfully processed: NFO\GFDLNFO_TICK_03012025\GFDLNFO_TICK_03012025\Options\FINNIFTY30JAN2522650PE.NFO.csv
2025-10-27 13:49:40,565 [INFO] [root] [MainThread]: Started processing: NFO\GFDLNFO_TICK_03012025\GFDLNFO_TICK_03012025\Options\FINNIFTY30JAN2522700PE.NFO.csv
2025-10-27 13:49:40,608 [INFO] [root] [MainThread]: Successfully processed: NFO\GFDLNFO_TICK_03012025\GFDLNFO_TICK_03012025\Options\FINNIFTY30JAN2522700PE.NFO.csv
2025-10-27 13:49:40,609 [INFO] [root] [MainThread]: Started processing: NFO\GFDLNFO_TICK_03012025\GFDLNFO_TICK_03012025\Options\FINNIFTY30JAN2522750PE.NFO.csv
2025-10-27 13:49:40,662 [INFO] [root] [MainThread]: Successfully processed: NFO\GFDLNFO_TICK_03012025\GFDLNFO_TICK_03012025\Options\FINNIFTY30JAN2522750PE.NFO.csv
2025-10-27 13:49:40,662 [INFO] [root] [MainThread]: Started processing: NFO\GFDLNFO_TICK_03012025\GFDLNFO_TICK_03012025\Options\FINNIFTY30JAN2522800PE.NFO.csv
2025-10-27 13:49:40,706 [INFO] [root] [MainThread]: Successfully processed: NFO\GFDLNFO_TICK_03012025\GFDLNFO_TICK_03012025\Options\FINNIFTY30JAN2522800PE.NFO.csv
2025-10-27 13:49:40,706 [INFO] [root] [MainThread]: Started processing: NFO\GFDLNFO_TICK_03012025\GFDLNFO_TICK_03012025\Options\FINNIFTY30JAN2522850PE.NFO.csv
2025-10-27 13:49:40,757 [INFO] [root] [MainThread]: Successfully processed: NFO\GFDLNFO_TICK_03012025\GFDLNFO_TICK_03012025\Options\FINNIFTY30JAN2522850PE.NFO.csv
2025-10-27 13:49:40,757 [INFO] [root] [MainThread]: Started processing: NFO\GFDLNFO_TICK_03012025\GFDLNFO_TICK_03012025\Options\FINNIFTY30JAN2522900PE.NFO.csv
2025-10-27 13:49:40,795 [INFO] [root] [MainThread]: Successfully processed: NFO\GFDLNFO_TICK_03012025\GFDLNFO_TICK_03012025\Options\FINNIFTY30JAN2522900PE.NFO.csv
2025-10-27 13:49:40,795 [INFO] [root] [MainThread]: Started processing: NFO\GFDLNFO_TICK_03012025\GFDLNFO_TICK_03012025\Options\FINNIFTY30JAN2522950PE.NFO.csv
2025-10-27 13:49:40,845 [INFO] [root] [MainThread]: Successfully processed: NFO\GFDLNFO_TICK_03012025\GFDLNFO_TICK_03012025\Options\FINNIFTY30JAN2522950PE.NFO.csv
2025-10-27 13:49:40,846 [INFO] [root] [MainThread]: Started processing: NFO\GFDLNFO_TICK_03012025\GFDLNFO_TICK_03012025\Options\FINNIFTY30JAN2523000PE.NFO.csv
2025-10-27 13:49:40,935 [INFO] [root] [MainThread]: Successfully processed: NFO\GFDLNFO_TICK_03012025\GFDLNFO_TICK_03012025\Options\FINNIFTY30JAN2523000PE.NFO.csv
2025-10-27 13:49:40,935 [INFO] [root] [MainThread]: Started processing: NFO\GFDLNFO_TICK_03012025\GFDLNFO_TICK_03012025\Options\FINNIFTY30JAN2523050PE.NFO.csv
2025-10-27 13:49:40,983 [INFO] [root] [MainThread]: Successfully processed: NFO\GFDLNFO_TICK_03012025\GFDLNFO_TICK_03012025\Options\FINNIFTY30JAN2523050PE.NFO.csv
2025-10-27 13:49:40,983 [INFO] [root] [MainThread]: Started processing: NFO\GFDLNFO_TICK_03012025\GFDLNFO_TICK_03012025\Options\FINNIFTY30JAN2523100PE.NFO.csv
2025-10-27 13:49:41,022 [INFO] [root] [MainThread]: Successfully processed: NFO\GFDLNFO_TICK_03012025\GFDLNFO_TICK_03012025\Options\FINNIFTY30JAN2523100PE.NFO.csv
2025-10-27 13:49:41,023 [INFO] [root] [MainThread]: Started processing: NFO\GFDLNFO_TICK_03012025\GFDLNFO_TICK_03012025\Options\FINNIFTY30JAN2523150PE.NFO.csv
2025-10-27 13:49:41,067 [INFO] [root] [MainThread]: Successfully processed: NFO\GFDLNFO_TICK_03012025\GFDLNFO_TICK_03012025\Options\FINNIFTY30JAN2523150PE.NFO.csv
2025-10-27 13:49:41,067 [INFO] [root] [MainThread]: Started processing: NFO\GFDLNFO_TICK_03012025\GFDLNFO_TICK_03012025\Options\FINNIFTY30JAN2523200PE.NFO.csv
2025-10-27 13:49:41,106 [INFO] [root] [MainThread]: Successfully processed: NFO\GFDLNFO_TICK_03012025\GFDLNFO_TICK_03012025\Options\FINNIFTY30JAN2523200PE.NFO.csv
2025-10-27 13:49:41,106 [INFO] [root] [MainThread]: Started processing: NFO\GFDLNFO_TICK_03012025\GFDLNFO_TICK_03012025\Options\FINNIFTY30JAN2523250PE.NFO.csv
2025-10-27 13:49:41,153 [INFO] [root] [MainThread]: Successfully processed: NFO\GFDLNFO_TICK_03012025\GFDLNFO_TICK_03012025\Options\FINNIFTY30JAN2523250PE.NFO.csv
2025-10-27 13:49:41,154 [INFO] [root] [MainThread]: Started processing: NFO\GFDLNFO_TICK_03012025\GFDLNFO_TICK_03012025\Options\FINNIFTY30JAN2523300PE.NFO.csv
2025-10-27 13:49:41,198 [INFO] [root] [MainThread]: Successfully processed: NFO\GFDLNFO_TICK_03012025\GFDLNFO_TICK_03012025\Options\FINNIFTY30JAN2523300PE.NFO.csv
2025-10-27 13:49:41,198 [INFO] [root] [MainThread]: Started processing: NFO\GFDLNFO_TICK_03012025\GFDLNFO_TICK_03012025\Options\FINNIFTY30JAN2523350PE.NFO.csv
2025-10-27 13:49:41,259 [INFO] [root] [MainThread]: Successfully processed: NFO\GFDLNFO_TICK_03012025\GFDLNFO_TICK_03012025\Options\FINNIFTY30JAN2523350PE.NFO.csv
2025-10-27 13:49:41,259 [INFO] [root] [MainThread]: Started processing: NFO\GFDLNFO_TICK_03012025\GFDLNFO_TICK_03012025\Options\FINNIFTY30JAN2523400PE.NFO.csv
2025-10-27 13:49:41,318 [INFO] [root] [MainThread]: Successfully processed: NFO\GFDLNFO_TICK_03012025\GFDLNFO_TICK_03012025\Options\FINNIFTY30JAN2523400PE.NFO.csv
2025-10-27 13:49:41,318 [INFO] [root] [MainThread]: Started processing: NFO\GFDLNFO_TICK_03012025\GFDLNFO_TICK_03012025\Options\FINNIFTY30JAN2523450PE.NFO.csv
2025-10-27 13:49:41,380 [INFO] [root] [MainThread]: Successfully processed: NFO\GFDLNFO_TICK_03012025\GFDLNFO_TICK_03012025\Options\FINNIFTY30JAN2523450PE.NFO.csv
2025-10-27 13:49:41,380 [INFO] [root] [MainThread]: Started processing: NFO\GFDLNFO_TICK_03012025\GFDLNFO_TICK_03012025\Options\FINNIFTY30JAN2523500PE.NFO.csv
2025-10-27 13:49:41,457 [INFO] [root] [MainThread]: Successfully processed: NFO\GFDLNFO_TICK_03012025\GFDLNFO_TICK_03012025\Options\FINNIFTY30JAN2523500PE.NFO.csv
2025-10-27 13:49:41,457 [INFO] [root] [MainThread]: Started processing: NFO\GFDLNFO_TICK_03012025\GFDLNFO_TICK_03012025\Options\FINNIFTY30JAN2523550PE.NFO.csv
2025-10-27 13:49:41,525 [INFO] [root] [MainThread]: Successfully processed: NFO\GFDLNFO_TICK_03012025\GFDLNFO_TICK_03012025\Options\FINNIFTY30JAN2523550PE.NFO.csv
2025-10-27 13:49:41,525 [INFO] [root] [MainThread]: Started processing: NFO\GFDLNFO_TICK_03012025\GFDLNFO_TICK_03012025\Options\FINNIFTY30JAN2523600PE.NFO.csv
2025-10-27 13:49:41,588 [INFO] [root] [MainThread]: Successfully processed: NFO\GFDLNFO_TICK_03012025\GFDLNFO_TICK_03012025\Options\FINNIFTY30JAN2523600PE.NFO.csv
2025-10-27 13:49:41,588 [INFO] [root] [MainThread]: Started processing: NFO\GFDLNFO_TICK_03012025\GFDLNFO_TICK_03012025\Options\FINNIFTY30JAN2523650PE.NFO.csv
2025-10-27 13:49:41,647 [INFO] [root] [MainThread]: Successfully processed: NFO\GFDLNFO_TICK_03012025\GFDLNFO_TICK_03012025\Options\FINNIFTY30JAN2523650PE.NFO.csv
2025-10-27 13:49:41,648 [INFO] [root] [MainThread]: Started processing: NFO\GFDLNFO_TICK_03012025\GFDLNFO_TICK_03012025\Options\FINNIFTY30JAN2523700PE.NFO.csv
2025-10-27 13:49:41,707 [INFO] [root] [MainThread]: Successfully processed: NFO\GFDLNFO_TICK_03012025\GFDLNFO_TICK_03012025\Options\FINNIFTY30JAN2523700PE.NFO.csv
2025-10-27 13:49:41,707 [INFO] [root] [MainThread]: Started processing: NFO\GFDLNFO_TICK_03012025\GFDLNFO_TICK_03012025\Options\FINNIFTY30JAN2523750PE.NFO.csv
2025-10-27 13:49:41,767 [INFO] [root] [MainThread]: Successfully processed: NFO\GFDLNFO_TICK_03012025\GFDLNFO_TICK_03012025\Options\FINNIFTY30JAN2523750PE.NFO.csv
2025-10-27 13:49:41,767 [INFO] [root] [MainThread]: Started processing: NFO\GFDLNFO_TICK_03012025\GFDLNFO_TICK_03012025\Options\FINNIFTY30JAN2523800PE.NFO.csv
2025-10-27 13:49:41,838 [INFO] [root] [MainThread]: Successfully processed: NFO\GFDLNFO_TICK_03012025\GFDLNFO_TICK_03012025\Options\FINNIFTY30JAN2523800PE.NFO.csv
2025-10-27 13:49:41,839 [INFO] [root] [MainThread]: Started processing: NFO\GFDLNFO_TICK_03012025\GFDLNFO_TICK_03012025\Options\FINNIFTY30JAN2523850PE.NFO.csv
2025-10-27 13:49:41,913 [INFO] [root] [MainThread]: Successfully processed: NFO\GFDLNFO_TICK_03012025\GFDLNFO_TICK_03012025\Options\FINNIFTY30JAN2523850PE.NFO.csv
2025-10-27 13:49:41,913 [INFO] [root] [MainThread]: Started processing: NFO\GFDLNFO_TICK_03012025\GFDLNFO_TICK_03012025\Options\FINNIFTY30JAN2523900PE.NFO.csv
2025-10-27 13:49:41,993 [INFO] [root] [MainThread]: Successfully processed: NFO\GFDLNFO_TICK_03012025\GFDLNFO_TICK_03012025\Options\FINNIFTY30JAN2523900PE.NFO.csv
2025-10-27 13:49:41,993 [INFO] [root] [MainThread]: Started processing: NFO\GFDLNFO_TICK_03012025\GFDLNFO_TICK_03012025\Options\FINNIFTY30JAN2523950PE.NFO.csv
2025-10-27 13:49:42,060 [INFO] [root] [MainThread]: Successfully processed: NFO\GFDLNFO_TICK_03012025\GFDLNFO_TICK_03012025\Options\FINNIFTY30JAN2523950PE.NFO.csv
2025-10-27 13:49:42,060 [INFO] [root] [MainThread]: Started processing: NFO\GFDLNFO_TICK_03012025\GFDLNFO_TICK_03012025\Options\FINNIFTY30JAN2524000PE.NFO.csv
2025-10-27 13:49:42,133 [INFO] [root] [MainThread]: Successfully processed: NFO\GFDLNFO_TICK_03012025\GFDLNFO_TICK_03012025\Options\FINNIFTY30JAN2524000PE.NFO.csv
2025-10-27 13:49:42,133 [INFO] [root] [MainThread]: Started processing: NFO\GFDLNFO_TICK_03012025\GFDLNFO_TICK_03012025\Options\FINNIFTY30JAN2524050PE.NFO.csv
2025-10-27 13:49:42,194 [INFO] [root] [MainThread]: Successfully processed: NFO\GFDLNFO_TICK_03012025\GFDLNFO_TICK_03012025\Options\FINNIFTY30JAN2524050PE.NFO.csv
2025-10-27 13:49:42,194 [INFO] [root] [MainThread]: Started processing: NFO\GFDLNFO_TICK_03012025\GFDLNFO_TICK_03012025\Options\FINNIFTY30JAN2524100PE.NFO.csv
2025-10-27 13:49:42,252 [INFO] [root] [MainThread]: Successfully processed: NFO\GFDLNFO_TICK_03012025\GFDLNFO_TICK_03012025\Options\FINNIFTY30JAN2524100PE.NFO.csv
2025-10-27 13:49:42,252 [INFO] [root] [MainThread]: Started processing: NFO\GFDLNFO_TICK_03012025\GFDLNFO_TICK_03012025\Options\FINNIFTY30JAN2524150PE.NFO.csv
2025-10-27 13:49:42,304 [INFO] [root] [MainThread]: Successfully processed: NFO\GFDLNFO_TICK_03012025\GFDLNFO_TICK_03012025\Options\FINNIFTY30JAN2524150PE.NFO.csv
2025-10-27 13:49:42,304 [INFO] [root] [MainThread]: Started processing: NFO\GFDLNFO_TICK_03012025\GFDLNFO_TICK_03012025\Options\FINNIFTY30JAN2524200PE.NFO.csv
2025-10-27 13:49:42,353 [INFO] [root] [MainThread]: Successfully processed: NFO\GFDLNFO_TICK_03012025\GFDLNFO_TICK_03012025\Options\FINNIFTY30JAN2524200PE.NFO.csv
2025-10-27 13:49:42,353 [INFO] [root] [MainThread]: Started processing: NFO\GFDLNFO_TICK_03012025\GFDLNFO_TICK_03012025\Options\FINNIFTY30JAN2524250PE.NFO.csv
2025-10-27 13:49:42,401 [INFO] [root] [MainThread]: Successfully processed: NFO\GFDLNFO_TICK_03012025\GFDLNFO_TICK_03012025\Options\FINNIFTY30JAN2524250PE.NFO.csv
2025-10-27 13:49:42,401 [INFO] [root] [MainThread]: Started processing: NFO\GFDLNFO_TICK_03012025\GFDLNFO_TICK_03012025\Options\FINNIFTY30JAN2524300PE.NFO.csv
2025-10-27 13:49:42,440 [INFO] [root] [MainThread]: Successfully processed: NFO\GFDLNFO_TICK_03012025\GFDLNFO_TICK_03012025\Options\FINNIFTY30JAN2524300PE.NFO.csv
2025-10-27 13:49:42,440 [INFO] [root] [MainThread]: Started processing: NFO\GFDLNFO_TICK_03012025\GFDLNFO_TICK_03012025\Options\FINNIFTY30JAN2524350PE.NFO.csv
2025-10-27 13:49:42,487 [INFO] [root] [MainThread]: Successfully processed: NFO\GFDLNFO_TICK_03012025\GFDLNFO_TICK_03012025\Options\FINNIFTY30JAN2524350PE.NFO.csv
2025-10-27 13:49:42,487 [INFO] [root] [MainThread]: Started processing: NFO\GFDLNFO_TICK_03012025\GFDLNFO_TICK_03012025\Options\FINNIFTY30JAN2524400PE.NFO.csv
2025-10-27 13:49:42,522 [INFO] [root] [MainThread]: Successfully processed: NFO\GFDLNFO_TICK_03012025\GFDLNFO_TICK_03012025\Options\FINNIFTY30JAN2524400PE.NFO.csv
2025-10-27 13:49:42,522 [INFO] [root] [MainThread]: Started processing: NFO\GFDLNFO_TICK_03012025\GFDLNFO_TICK_03012025\Options\FINNIFTY30JAN2524450PE.NFO.csv
2025-10-27 13:49:42,561 [INFO] [root] [MainThread]: Successfully processed: NFO\GFDLNFO_TICK_03012025\GFDLNFO_TICK_03012025\Options\FINNIFTY30JAN2524450PE.NFO.csv
2025-10-27 13:49:42,561 [INFO] [root] [MainThread]: Started processing: NFO\GFDLNFO_TICK_03012025\GFDLNFO_TICK_03012025\Options\FINNIFTY30JAN2524500PE.NFO.csv
2025-10-27 13:49:42,604 [INFO] [root] [MainThread]: Successfully processed: NFO\GFDLNFO_TICK_03012025\GFDLNFO_TICK_03012025\Options\FINNIFTY30JAN2524500PE.NFO.csv
2025-10-27 13:49:42,604 [INFO] [root] [MainThread]: Started processing: NFO\GFDLNFO_TICK_03012025\GFDLNFO_TICK_03012025\Options\FINNIFTY30JAN2524550PE.NFO.csv
2025-10-27 13:49:42,641 [INFO] [root] [MainThread]: Successfully processed: NFO\GFDLNFO_TICK_03012025\GFDLNFO_TICK_03012025\Options\FINNIFTY30JAN2524550PE.NFO.csv
2025-10-27 13:49:42,642 [INFO] [root] [MainThread]: Started processing: NFO\GFDLNFO_TICK_03012025\GFDLNFO_TICK_03012025\Options\FINNIFTY30JAN2524600PE.NFO.csv
2025-10-27 13:49:42,666 [INFO] [root] [MainThread]: Successfully processed: NFO\GFDLNFO_TICK_03012025\GFDLNFO_TICK_03012025\Options\FINNIFTY30JAN2524600PE.NFO.csv
2025-10-27 13:49:42,666 [INFO] [root] [MainThread]: Started processing: NFO\GFDLNFO_TICK_03012025\GFDLNFO_TICK_03012025\Options\FINNIFTY30JAN2524650PE.NFO.csv
2025-10-27 13:49:42,703 [INFO] [root] [MainThread]: Successfully processed: NFO\GFDLNFO_TICK_03012025\GFDLNFO_TICK_03012025\Options\FINNIFTY30JAN2524650PE.NFO.csv
2025-10-27 13:49:42,703 [INFO] [root] [MainThread]: Started processing: NFO\GFDLNFO_TICK_03012025\GFDLNFO_TICK_03012025\Options\FINNIFTY30JAN2524700PE.NFO.csv
2025-10-27 13:49:42,728 [INFO] [root] [MainThread]: Successfully processed: NFO\GFDLNFO_TICK_03012025\GFDLNFO_TICK_03012025\Options\FINNIFTY30JAN2524700PE.NFO.csv
2025-10-27 13:49:42,728 [INFO] [root] [MainThread]: Started processing: NFO\GFDLNFO_TICK_03012025\GFDLNFO_TICK_03012025\Options\FINNIFTY30JAN2524750PE.NFO.csv
2025-10-27 13:49:42,764 [INFO] [root] [MainThread]: Successfully processed: NFO\GFDLNFO_TICK_03012025\GFDLNFO_TICK_03012025\Options\FINNIFTY30JAN2524750PE.NFO.csv
2025-10-27 13:49:42,764 [INFO] [root] [MainThread]: Started processing: NFO\GFDLNFO_TICK_03012025\GFDLNFO_TICK_03012025\Options\FINNIFTY30JAN2524800PE.NFO.csv
2025-10-27 13:49:42,804 [INFO] [root] [MainThread]: Successfully processed: NFO\GFDLNFO_TICK_03012025\GFDLNFO_TICK_03012025\Options\FINNIFTY30JAN2524800PE.NFO.csv
2025-10-27 13:49:42,804 [INFO] [root] [MainThread]: Started processing: NFO\GFDLNFO_TICK_03012025\GFDLNFO_TICK_03012025\Options\FINNIFTY30JAN2524850PE.NFO.csv
2025-10-27 13:49:42,836 [INFO] [root] [MainThread]: Successfully processed: NFO\GFDLNFO_TICK_03012025\GFDLNFO_TICK_03012025\Options\FINNIFTY30JAN2524850PE.NFO.csv
2025-10-27 13:49:42,836 [INFO] [root] [MainThread]: Started processing: NFO\GFDLNFO_TICK_03012025\GFDLNFO_TICK_03012025\Options\FINNIFTY30JAN2524900PE.NFO.csv
2025-10-27 13:49:42,860 [INFO] [root] [MainThread]: Successfully processed: NFO\GFDLNFO_TICK_03012025\GFDLNFO_TICK_03012025\Options\FINNIFTY30JAN2524900PE.NFO.csv
2025-10-27 13:49:42,860 [INFO] [root] [MainThread]: Started processing: NFO\GFDLNFO_TICK_03012025\GFDLNFO_TICK_03012025\Options\FINNIFTY30JAN2524950PE.NFO.csv
2025-10-27 13:49:42,884 [INFO] [root] [MainThread]: Successfully processed: NFO\GFDLNFO_TICK_03012025\GFDLNFO_TICK_03012025\Options\FINNIFTY30JAN2524950PE.NFO.csv
2025-10-27 13:49:42,884 [INFO] [root] [MainThread]: Started processing: NFO\GFDLNFO_TICK_03012025\GFDLNFO_TICK_03012025\Options\FINNIFTY30JAN2525000PE.NFO.csv
2025-10-27 13:49:42,908 [INFO] [root] [MainThread]: Successfully processed: NFO\GFDLNFO_TICK_03012025\GFDLNFO_TICK_03012025\Options\FINNIFTY30JAN2525000PE.NFO.csv
2025-10-27 13:49:42,908 [INFO] [root] [MainThread]: Combining 70 dataframes...
2025-10-27 13:49:42,921 [INFO] [root] [MainThread]: Writing to ProcessedParquet\finnifty_put_03012025.parquet (43480 rows)...
2025-10-27 13:49:42,988 [INFO] [root] [MainThread]: Successfully saved 70 option files to ProcessedParquet\finnifty_put_03012025.parquet
2025-10-27 13:49:42,988 [INFO] [root] [MainThread]: Utility stopped.
