2025-10-27 20:31:29,105 [INFO] [root] [MainThread]: Utility started.
2025-10-27 20:31:29,106 [INFO] [root] [MainThread]: Processing BANKNIFTY from NFO exchange
2025-10-27 20:31:29,106 [INFO] [root] [MainThread]: Detected yearly folder structure in NFO\GFDLNFO_TICK_03012025
2025-10-27 20:31:29,840 [INFO] [root] [MainThread]: No date subfolders found, extracted date 03012025 from parent folder: GFDLNFO_TICK_03012025
2025-10-27 20:31:29,840 [INFO] [root] [MainThread]: Got following folder info {'03012025': {'NFO\\GFDLNFO_TICK_03012025'}} for processing {'index': 'BANKNIFTY', 'instrument_type': 'call'}.
2025-10-27 20:31:29,841 [INFO] [root] [MainThread]: Started processing folder: NFO\GFDLNFO_TICK_03012025 for {'index': 'BANKNIFTY', 'instrument_type': 'call'}, date: 03012025
2025-10-27 20:31:29,869 [INFO] [root] [MainThread]: Found 196 call option files to process for BANKNIFTY.
2025-10-27 20:31:29,869 [INFO] [root] [MainThread]: Started processing: NFO\GFDLNFO_TICK_03012025\Options\BANKNIFTY26JUN2552500CE.NFO.csv
2025-10-27 20:31:29,898 [INFO] [root] [MainThread]: Successfully processed: NFO\GFDLNFO_TICK_03012025\Options\BANKNIFTY26JUN2552500CE.NFO.csv
2025-10-27 20:31:29,899 [INFO] [root] [MainThread]: Started processing: NFO\GFDLNFO_TICK_03012025\Options\BANKNIFTY26JUN2554000CE.NFO.csv
2025-10-27 20:31:29,932 [INFO] [root] [MainThread]: Successfully processed: NFO\GFDLNFO_TICK_03012025\Options\BANKNIFTY26JUN2554000CE.NFO.csv
2025-10-27 20:31:29,933 [INFO] [root] [MainThread]: Started processing: NFO\GFDLNFO_TICK_03012025\Options\BANKNIFTY26JUN2557000CE.NFO.csv
2025-10-27 20:31:29,946 [INFO] [root] [MainThread]: Successfully processed: NFO\GFDLNFO_TICK_03012025\Options\BANKNIFTY26JUN2557000CE.NFO.csv
2025-10-27 20:31:29,946 [INFO] [root] [MainThread]: Started processing: NFO\GFDLNFO_TICK_03012025\Options\BANKNIFTY26JUN2558500CE.NFO.csv
2025-10-27 20:31:29,956 [INFO] [root] [MainThread]: Successfully processed: NFO\GFDLNFO_TICK_03012025\Options\BANKNIFTY26JUN2558500CE.NFO.csv
2025-10-27 20:31:29,956 [INFO] [root] [MainThread]: Started processing: NFO\GFDLNFO_TICK_03012025\Options\BANKNIFTY27FEB2545000CE.NFO.csv
2025-10-27 20:31:29,966 [INFO] [root] [MainThread]: Successfully processed: NFO\GFDLNFO_TICK_03012025\Options\BANKNIFTY27FEB2545000CE.NFO.csv
2025-10-27 20:31:29,966 [INFO] [root] [MainThread]: Started processing: NFO\GFDLNFO_TICK_03012025\Options\BANKNIFTY27FEB2547000CE.NFO.csv
2025-10-27 20:31:29,993 [INFO] [root] [MainThread]: Successfully processed: NFO\GFDLNFO_TICK_03012025\Options\BANKNIFTY27FEB2547000CE.NFO.csv
2025-10-27 20:31:29,994 [INFO] [root] [MainThread]: Started processing: NFO\GFDLNFO_TICK_03012025\Options\BANKNIFTY27FEB2548000CE.NFO.csv
2025-10-27 20:31:30,021 [INFO] [root] [MainThread]: Successfully processed: NFO\GFDLNFO_TICK_03012025\Options\BANKNIFTY27FEB2548000CE.NFO.csv
2025-10-27 20:31:30,021 [INFO] [root] [MainThread]: Started processing: NFO\GFDLNFO_TICK_03012025\Options\BANKNIFTY27FEB2549000CE.NFO.csv
2025-10-27 20:31:30,056 [INFO] [root] [MainThread]: Successfully processed: NFO\GFDLNFO_TICK_03012025\Options\BANKNIFTY27FEB2549000CE.NFO.csv
2025-10-27 20:31:30,056 [INFO] [root] [MainThread]: Started processing: NFO\GFDLNFO_TICK_03012025\Options\BANKNIFTY27FEB2549500CE.NFO.csv
2025-10-27 20:31:30,077 [INFO] [root] [MainThread]: Successfully processed: NFO\GFDLNFO_TICK_03012025\Options\BANKNIFTY27FEB2549500CE.NFO.csv
2025-10-27 20:31:30,077 [INFO] [root] [MainThread]: Started processing: NFO\GFDLNFO_TICK_03012025\Options\BANKNIFTY27FEB2549700CE.NFO.csv
2025-10-27 20:31:30,086 [INFO] [root] [MainThread]: Successfully processed: NFO\GFDLNFO_TICK_03012025\Options\BANKNIFTY27FEB2549700CE.NFO.csv
2025-10-27 20:31:30,086 [INFO] [root] [MainThread]: Started processing: NFO\GFDLNFO_TICK_03012025\Options\BANKNIFTY27FEB2549800CE.NFO.csv
2025-10-27 20:31:30,095 [INFO] [root] [MainThread]: Successfully processed: NFO\GFDLNFO_TICK_03012025\Options\BANKNIFTY27FEB2549800CE.NFO.csv
2025-10-27 20:31:30,095 [INFO] [root] [MainThread]: Started processing: NFO\GFDLNFO_TICK_03012025\Options\BANKNIFTY27FEB2549900CE.NFO.csv
2025-10-27 20:31:30,105 [INFO] [root] [MainThread]: Successfully processed: NFO\GFDLNFO_TICK_03012025\Options\BANKNIFTY27FEB2549900CE.NFO.csv
2025-10-27 20:31:30,106 [INFO] [root] [MainThread]: Started processing: NFO\GFDLNFO_TICK_03012025\Options\BANKNIFTY27FEB2550000CE.NFO.csv
2025-10-27 20:31:30,136 [INFO] [root] [MainThread]: Successfully processed: NFO\GFDLNFO_TICK_03012025\Options\BANKNIFTY27FEB2550000CE.NFO.csv
2025-10-27 20:31:30,136 [INFO] [root] [MainThread]: Started processing: NFO\GFDLNFO_TICK_03012025\Options\BANKNIFTY27FEB2550100CE.NFO.csv
2025-10-27 20:31:30,145 [INFO] [root] [MainThread]: Successfully processed: NFO\GFDLNFO_TICK_03012025\Options\BANKNIFTY27FEB2550100CE.NFO.csv
2025-10-27 20:31:30,145 [INFO] [root] [MainThread]: Started processing: NFO\GFDLNFO_TICK_03012025\Options\BANKNIFTY27FEB2550200CE.NFO.csv
2025-10-27 20:31:30,177 [INFO] [root] [MainThread]: Successfully processed: NFO\GFDLNFO_TICK_03012025\Options\BANKNIFTY27FEB2550200CE.NFO.csv
2025-10-27 20:31:30,177 [INFO] [root] [MainThread]: Started processing: NFO\GFDLNFO_TICK_03012025\Options\BANKNIFTY27FEB2550400CE.NFO.csv
2025-10-27 20:31:30,195 [INFO] [root] [MainThread]: Successfully processed: NFO\GFDLNFO_TICK_03012025\Options\BANKNIFTY27FEB2550400CE.NFO.csv
2025-10-27 20:31:30,195 [INFO] [root] [MainThread]: Started processing: NFO\GFDLNFO_TICK_03012025\Options\BANKNIFTY27FEB2550500CE.NFO.csv
2025-10-27 20:31:30,227 [INFO] [root] [MainThread]: Successfully processed: NFO\GFDLNFO_TICK_03012025\Options\BANKNIFTY27FEB2550500CE.NFO.csv
2025-10-27 20:31:30,227 [INFO] [root] [MainThread]: Started processing: NFO\GFDLNFO_TICK_03012025\Options\BANKNIFTY27FEB2550600CE.NFO.csv
2025-10-27 20:31:30,240 [INFO] [root] [MainThread]: Successfully processed: NFO\GFDLNFO_TICK_03012025\Options\BANKNIFTY27FEB2550600CE.NFO.csv
2025-10-27 20:31:30,240 [INFO] [root] [MainThread]: Started processing: NFO\GFDLNFO_TICK_03012025\Options\BANKNIFTY27FEB2550700CE.NFO.csv
2025-10-27 20:31:30,268 [INFO] [root] [MainThread]: Successfully processed: NFO\GFDLNFO_TICK_03012025\Options\BANKNIFTY27FEB2550700CE.NFO.csv
2025-10-27 20:31:30,268 [INFO] [root] [MainThread]: Started processing: NFO\GFDLNFO_TICK_03012025\Options\BANKNIFTY27FEB2550800CE.NFO.csv
2025-10-27 20:31:30,297 [INFO] [root] [MainThread]: Successfully processed: NFO\GFDLNFO_TICK_03012025\Options\BANKNIFTY27FEB2550800CE.NFO.csv
2025-10-27 20:31:30,297 [INFO] [root] [MainThread]: Started processing: NFO\GFDLNFO_TICK_03012025\Options\BANKNIFTY27FEB2550900CE.NFO.csv
2025-10-27 20:31:30,329 [INFO] [root] [MainThread]: Successfully processed: NFO\GFDLNFO_TICK_03012025\Options\BANKNIFTY27FEB2550900CE.NFO.csv
2025-10-27 20:31:30,329 [INFO] [root] [MainThread]: Started processing: NFO\GFDLNFO_TICK_03012025\Options\BANKNIFTY27FEB2551000CE.NFO.csv
2025-10-27 20:31:30,366 [INFO] [root] [MainThread]: Successfully processed: NFO\GFDLNFO_TICK_03012025\Options\BANKNIFTY27FEB2551000CE.NFO.csv
2025-10-27 20:31:30,366 [INFO] [root] [MainThread]: Started processing: NFO\GFDLNFO_TICK_03012025\Options\BANKNIFTY27FEB2551100CE.NFO.csv
2025-10-27 20:31:30,397 [INFO] [root] [MainThread]: Successfully processed: NFO\GFDLNFO_TICK_03012025\Options\BANKNIFTY27FEB2551100CE.NFO.csv
2025-10-27 20:31:30,398 [INFO] [root] [MainThread]: Started processing: NFO\GFDLNFO_TICK_03012025\Options\BANKNIFTY27FEB2551200CE.NFO.csv
2025-10-27 20:31:30,427 [INFO] [root] [MainThread]: Successfully processed: NFO\GFDLNFO_TICK_03012025\Options\BANKNIFTY27FEB2551200CE.NFO.csv
2025-10-27 20:31:30,427 [INFO] [root] [MainThread]: Started processing: NFO\GFDLNFO_TICK_03012025\Options\BANKNIFTY27FEB2551300CE.NFO.csv
2025-10-27 20:31:30,460 [INFO] [root] [MainThread]: Successfully processed: NFO\GFDLNFO_TICK_03012025\Options\BANKNIFTY27FEB2551300CE.NFO.csv
2025-10-27 20:31:30,460 [INFO] [root] [MainThread]: Started processing: NFO\GFDLNFO_TICK_03012025\Options\BANKNIFTY27FEB2551400CE.NFO.csv
2025-10-27 20:31:30,496 [INFO] [root] [MainThread]: Successfully processed: NFO\GFDLNFO_TICK_03012025\Options\BANKNIFTY27FEB2551400CE.NFO.csv
2025-10-27 20:31:30,497 [INFO] [root] [MainThread]: Started processing: NFO\GFDLNFO_TICK_03012025\Options\BANKNIFTY27FEB2551500CE.NFO.csv
2025-10-27 20:31:30,535 [INFO] [root] [MainThread]: Successfully processed: NFO\GFDLNFO_TICK_03012025\Options\BANKNIFTY27FEB2551500CE.NFO.csv
2025-10-27 20:31:30,535 [INFO] [root] [MainThread]: Started processing: NFO\GFDLNFO_TICK_03012025\Options\BANKNIFTY27FEB2551600CE.NFO.csv
2025-10-27 20:31:30,570 [INFO] [root] [MainThread]: Successfully processed: NFO\GFDLNFO_TICK_03012025\Options\BANKNIFTY27FEB2551600CE.NFO.csv
2025-10-27 20:31:30,570 [INFO] [root] [MainThread]: Started processing: NFO\GFDLNFO_TICK_03012025\Options\BANKNIFTY27FEB2551700CE.NFO.csv
2025-10-27 20:31:30,609 [INFO] [root] [MainThread]: Successfully processed: NFO\GFDLNFO_TICK_03012025\Options\BANKNIFTY27FEB2551700CE.NFO.csv
2025-10-27 20:31:30,609 [INFO] [root] [MainThread]: Started processing: NFO\GFDLNFO_TICK_03012025\Options\BANKNIFTY27FEB2551800CE.NFO.csv
2025-10-27 20:31:30,649 [INFO] [root] [MainThread]: Successfully processed: NFO\GFDLNFO_TICK_03012025\Options\BANKNIFTY27FEB2551800CE.NFO.csv
2025-10-27 20:31:30,649 [INFO] [root] [MainThread]: Started processing: NFO\GFDLNFO_TICK_03012025\Options\BANKNIFTY27FEB2551900CE.NFO.csv
2025-10-27 20:31:30,691 [INFO] [root] [MainThread]: Successfully processed: NFO\GFDLNFO_TICK_03012025\Options\BANKNIFTY27FEB2551900CE.NFO.csv
2025-10-27 20:31:30,691 [INFO] [root] [MainThread]: Started processing: NFO\GFDLNFO_TICK_03012025\Options\BANKNIFTY27FEB2552000CE.NFO.csv
2025-10-27 20:31:30,730 [INFO] [root] [MainThread]: Successfully processed: NFO\GFDLNFO_TICK_03012025\Options\BANKNIFTY27FEB2552000CE.NFO.csv
2025-10-27 20:31:30,730 [INFO] [root] [MainThread]: Started processing: NFO\GFDLNFO_TICK_03012025\Options\BANKNIFTY27FEB2552100CE.NFO.csv
2025-10-27 20:31:30,761 [INFO] [root] [MainThread]: Successfully processed: NFO\GFDLNFO_TICK_03012025\Options\BANKNIFTY27FEB2552100CE.NFO.csv
2025-10-27 20:31:30,761 [INFO] [root] [MainThread]: Started processing: NFO\GFDLNFO_TICK_03012025\Options\BANKNIFTY27FEB2552200CE.NFO.csv
2025-10-27 20:31:30,798 [INFO] [root] [MainThread]: Successfully processed: NFO\GFDLNFO_TICK_03012025\Options\BANKNIFTY27FEB2552200CE.NFO.csv
2025-10-27 20:31:30,804 [INFO] [root] [MainThread]: Started processing: NFO\GFDLNFO_TICK_03012025\Options\BANKNIFTY27FEB2552300CE.NFO.csv
2025-10-27 20:31:30,841 [INFO] [root] [MainThread]: Successfully processed: NFO\GFDLNFO_TICK_03012025\Options\BANKNIFTY27FEB2552300CE.NFO.csv
2025-10-27 20:31:30,841 [INFO] [root] [MainThread]: Started processing: NFO\GFDLNFO_TICK_03012025\Options\BANKNIFTY27FEB2552400CE.NFO.csv
2025-10-27 20:31:30,876 [INFO] [root] [MainThread]: Successfully processed: NFO\GFDLNFO_TICK_03012025\Options\BANKNIFTY27FEB2552400CE.NFO.csv
2025-10-27 20:31:30,876 [INFO] [root] [MainThread]: Started processing: NFO\GFDLNFO_TICK_03012025\Options\BANKNIFTY27FEB2552500CE.NFO.csv
2025-10-27 20:31:30,912 [INFO] [root] [MainThread]: Successfully processed: NFO\GFDLNFO_TICK_03012025\Options\BANKNIFTY27FEB2552500CE.NFO.csv
2025-10-27 20:31:30,912 [INFO] [root] [MainThread]: Started processing: NFO\GFDLNFO_TICK_03012025\Options\BANKNIFTY27FEB2552600CE.NFO.csv
2025-10-27 20:31:30,946 [INFO] [root] [MainThread]: Successfully processed: NFO\GFDLNFO_TICK_03012025\Options\BANKNIFTY27FEB2552600CE.NFO.csv
2025-10-27 20:31:30,946 [INFO] [root] [MainThread]: Started processing: NFO\GFDLNFO_TICK_03012025\Options\BANKNIFTY27FEB2552700CE.NFO.csv
2025-10-27 20:31:30,983 [INFO] [root] [MainThread]: Successfully processed: NFO\GFDLNFO_TICK_03012025\Options\BANKNIFTY27FEB2552700CE.NFO.csv
2025-10-27 20:31:30,983 [INFO] [root] [MainThread]: Started processing: NFO\GFDLNFO_TICK_03012025\Options\BANKNIFTY27FEB2552800CE.NFO.csv
2025-10-27 20:31:31,020 [INFO] [root] [MainThread]: Successfully processed: NFO\GFDLNFO_TICK_03012025\Options\BANKNIFTY27FEB2552800CE.NFO.csv
2025-10-27 20:31:31,020 [INFO] [root] [MainThread]: Started processing: NFO\GFDLNFO_TICK_03012025\Options\BANKNIFTY27FEB2552900CE.NFO.csv
2025-10-27 20:31:31,056 [INFO] [root] [MainThread]: Successfully processed: NFO\GFDLNFO_TICK_03012025\Options\BANKNIFTY27FEB2552900CE.NFO.csv
2025-10-27 20:31:31,056 [INFO] [root] [MainThread]: Started processing: NFO\GFDLNFO_TICK_03012025\Options\BANKNIFTY27FEB2553000CE.NFO.csv
2025-10-27 20:31:31,097 [INFO] [root] [MainThread]: Successfully processed: NFO\GFDLNFO_TICK_03012025\Options\BANKNIFTY27FEB2553000CE.NFO.csv
2025-10-27 20:31:31,097 [INFO] [root] [MainThread]: Started processing: NFO\GFDLNFO_TICK_03012025\Options\BANKNIFTY27FEB2553100CE.NFO.csv
2025-10-27 20:31:31,126 [INFO] [root] [MainThread]: Successfully processed: NFO\GFDLNFO_TICK_03012025\Options\BANKNIFTY27FEB2553100CE.NFO.csv
2025-10-27 20:31:31,126 [INFO] [root] [MainThread]: Started processing: NFO\GFDLNFO_TICK_03012025\Options\BANKNIFTY27FEB2553200CE.NFO.csv
2025-10-27 20:31:31,150 [INFO] [root] [MainThread]: Successfully processed: NFO\GFDLNFO_TICK_03012025\Options\BANKNIFTY27FEB2553200CE.NFO.csv
2025-10-27 20:31:31,150 [INFO] [root] [MainThread]: Started processing: NFO\GFDLNFO_TICK_03012025\Options\BANKNIFTY27FEB2553300CE.NFO.csv
2025-10-27 20:31:31,171 [INFO] [root] [MainThread]: Successfully processed: NFO\GFDLNFO_TICK_03012025\Options\BANKNIFTY27FEB2553300CE.NFO.csv
2025-10-27 20:31:31,171 [INFO] [root] [MainThread]: Started processing: NFO\GFDLNFO_TICK_03012025\Options\BANKNIFTY27FEB2553400CE.NFO.csv
2025-10-27 20:31:31,196 [INFO] [root] [MainThread]: Successfully processed: NFO\GFDLNFO_TICK_03012025\Options\BANKNIFTY27FEB2553400CE.NFO.csv
2025-10-27 20:31:31,196 [INFO] [root] [MainThread]: Started processing: NFO\GFDLNFO_TICK_03012025\Options\BANKNIFTY27FEB2553500CE.NFO.csv
2025-10-27 20:31:31,236 [INFO] [root] [MainThread]: Successfully processed: NFO\GFDLNFO_TICK_03012025\Options\BANKNIFTY27FEB2553500CE.NFO.csv
2025-10-27 20:31:31,237 [INFO] [root] [MainThread]: Started processing: NFO\GFDLNFO_TICK_03012025\Options\BANKNIFTY27FEB2553600CE.NFO.csv
2025-10-27 20:31:31,266 [INFO] [root] [MainThread]: Successfully processed: NFO\GFDLNFO_TICK_03012025\Options\BANKNIFTY27FEB2553600CE.NFO.csv
2025-10-27 20:31:31,266 [INFO] [root] [MainThread]: Started processing: NFO\GFDLNFO_TICK_03012025\Options\BANKNIFTY27FEB2553700CE.NFO.csv
2025-10-27 20:31:31,291 [INFO] [root] [MainThread]: Successfully processed: NFO\GFDLNFO_TICK_03012025\Options\BANKNIFTY27FEB2553700CE.NFO.csv
2025-10-27 20:31:31,291 [INFO] [root] [MainThread]: Started processing: NFO\GFDLNFO_TICK_03012025\Options\BANKNIFTY27FEB2553800CE.NFO.csv
2025-10-27 20:31:31,315 [INFO] [root] [MainThread]: Successfully processed: NFO\GFDLNFO_TICK_03012025\Options\BANKNIFTY27FEB2553800CE.NFO.csv
2025-10-27 20:31:31,315 [INFO] [root] [MainThread]: Started processing: NFO\GFDLNFO_TICK_03012025\Options\BANKNIFTY27FEB2553900CE.NFO.csv
2025-10-27 20:31:31,340 [INFO] [root] [MainThread]: Successfully processed: NFO\GFDLNFO_TICK_03012025\Options\BANKNIFTY27FEB2553900CE.NFO.csv
2025-10-27 20:31:31,340 [INFO] [root] [MainThread]: Started processing: NFO\GFDLNFO_TICK_03012025\Options\BANKNIFTY27FEB2554000CE.NFO.csv
2025-10-27 20:31:31,396 [INFO] [root] [MainThread]: Successfully processed: NFO\GFDLNFO_TICK_03012025\Options\BANKNIFTY27FEB2554000CE.NFO.csv
2025-10-27 20:31:31,396 [INFO] [root] [MainThread]: Started processing: NFO\GFDLNFO_TICK_03012025\Options\BANKNIFTY27FEB2554100CE.NFO.csv
2025-10-27 20:31:31,412 [INFO] [root] [MainThread]: Successfully processed: NFO\GFDLNFO_TICK_03012025\Options\BANKNIFTY27FEB2554100CE.NFO.csv
2025-10-27 20:31:31,412 [INFO] [root] [MainThread]: Started processing: NFO\GFDLNFO_TICK_03012025\Options\BANKNIFTY27FEB2554200CE.NFO.csv
2025-10-27 20:31:31,436 [INFO] [root] [MainThread]: Successfully processed: NFO\GFDLNFO_TICK_03012025\Options\BANKNIFTY27FEB2554200CE.NFO.csv
2025-10-27 20:31:31,436 [INFO] [root] [MainThread]: Started processing: NFO\GFDLNFO_TICK_03012025\Options\BANKNIFTY27FEB2554300CE.NFO.csv
2025-10-27 20:31:31,467 [INFO] [root] [MainThread]: Successfully processed: NFO\GFDLNFO_TICK_03012025\Options\BANKNIFTY27FEB2554300CE.NFO.csv
2025-10-27 20:31:31,467 [INFO] [root] [MainThread]: Started processing: NFO\GFDLNFO_TICK_03012025\Options\BANKNIFTY27FEB2554400CE.NFO.csv
2025-10-27 20:31:31,478 [INFO] [root] [MainThread]: Successfully processed: NFO\GFDLNFO_TICK_03012025\Options\BANKNIFTY27FEB2554400CE.NFO.csv
2025-10-27 20:31:31,479 [INFO] [root] [MainThread]: Started processing: NFO\GFDLNFO_TICK_03012025\Options\BANKNIFTY27FEB2554500CE.NFO.csv
2025-10-27 20:31:31,525 [INFO] [root] [MainThread]: Successfully processed: NFO\GFDLNFO_TICK_03012025\Options\BANKNIFTY27FEB2554500CE.NFO.csv
2025-10-27 20:31:31,525 [INFO] [root] [MainThread]: Started processing: NFO\GFDLNFO_TICK_03012025\Options\BANKNIFTY27FEB2554600CE.NFO.csv
2025-10-27 20:31:31,539 [INFO] [root] [MainThread]: Successfully processed: NFO\GFDLNFO_TICK_03012025\Options\BANKNIFTY27FEB2554600CE.NFO.csv
2025-10-27 20:31:31,539 [INFO] [root] [MainThread]: Started processing: NFO\GFDLNFO_TICK_03012025\Options\BANKNIFTY27FEB2554800CE.NFO.csv
2025-10-27 20:31:31,557 [INFO] [root] [MainThread]: Successfully processed: NFO\GFDLNFO_TICK_03012025\Options\BANKNIFTY27FEB2554800CE.NFO.csv
2025-10-27 20:31:31,557 [INFO] [root] [MainThread]: Started processing: NFO\GFDLNFO_TICK_03012025\Options\BANKNIFTY27FEB2554900CE.NFO.csv
2025-10-27 20:31:31,567 [INFO] [root] [MainThread]: Successfully processed: NFO\GFDLNFO_TICK_03012025\Options\BANKNIFTY27FEB2554900CE.NFO.csv
2025-10-27 20:31:31,567 [INFO] [root] [MainThread]: Started processing: NFO\GFDLNFO_TICK_03012025\Options\BANKNIFTY27FEB2555000CE.NFO.csv
2025-10-27 20:31:31,611 [INFO] [root] [MainThread]: Successfully processed: NFO\GFDLNFO_TICK_03012025\Options\BANKNIFTY27FEB2555000CE.NFO.csv
2025-10-27 20:31:31,611 [INFO] [root] [MainThread]: Started processing: NFO\GFDLNFO_TICK_03012025\Options\BANKNIFTY27FEB2555100CE.NFO.csv
2025-10-27 20:31:31,624 [INFO] [root] [MainThread]: Successfully processed: NFO\GFDLNFO_TICK_03012025\Options\BANKNIFTY27FEB2555100CE.NFO.csv
2025-10-27 20:31:31,624 [INFO] [root] [MainThread]: Started processing: NFO\GFDLNFO_TICK_03012025\Options\BANKNIFTY27FEB2555300CE.NFO.csv
2025-10-27 20:31:31,637 [INFO] [root] [MainThread]: Successfully processed: NFO\GFDLNFO_TICK_03012025\Options\BANKNIFTY27FEB2555300CE.NFO.csv
2025-10-27 20:31:31,637 [INFO] [root] [MainThread]: Started processing: NFO\GFDLNFO_TICK_03012025\Options\BANKNIFTY27FEB2555500CE.NFO.csv
2025-10-27 20:31:31,675 [INFO] [root] [MainThread]: Successfully processed: NFO\GFDLNFO_TICK_03012025\Options\BANKNIFTY27FEB2555500CE.NFO.csv
2025-10-27 20:31:31,675 [INFO] [root] [MainThread]: Started processing: NFO\GFDLNFO_TICK_03012025\Options\BANKNIFTY27FEB2556000CE.NFO.csv
2025-10-27 20:31:31,711 [INFO] [root] [MainThread]: Successfully processed: NFO\GFDLNFO_TICK_03012025\Options\BANKNIFTY27FEB2556000CE.NFO.csv
2025-10-27 20:31:31,711 [INFO] [root] [MainThread]: Started processing: NFO\GFDLNFO_TICK_03012025\Options\BANKNIFTY27FEB2556500CE.NFO.csv
2025-10-27 20:31:31,737 [INFO] [root] [MainThread]: Successfully processed: NFO\GFDLNFO_TICK_03012025\Options\BANKNIFTY27FEB2556500CE.NFO.csv
2025-10-27 20:31:31,737 [INFO] [root] [MainThread]: Started processing: NFO\GFDLNFO_TICK_03012025\Options\BANKNIFTY27FEB2557000CE.NFO.csv
2025-10-27 20:31:31,763 [INFO] [root] [MainThread]: Successfully processed: NFO\GFDLNFO_TICK_03012025\Options\BANKNIFTY27FEB2557000CE.NFO.csv
2025-10-27 20:31:31,763 [INFO] [root] [MainThread]: Started processing: NFO\GFDLNFO_TICK_03012025\Options\BANKNIFTY27FEB2557500CE.NFO.csv
2025-10-27 20:31:31,774 [INFO] [root] [MainThread]: Successfully processed: NFO\GFDLNFO_TICK_03012025\Options\BANKNIFTY27FEB2557500CE.NFO.csv
2025-10-27 20:31:31,774 [INFO] [root] [MainThread]: Started processing: NFO\GFDLNFO_TICK_03012025\Options\BANKNIFTY27FEB2558000CE.NFO.csv
2025-10-27 20:31:31,791 [INFO] [root] [MainThread]: Successfully processed: NFO\GFDLNFO_TICK_03012025\Options\BANKNIFTY27FEB2558000CE.NFO.csv
2025-10-27 20:31:31,791 [INFO] [root] [MainThread]: Started processing: NFO\GFDLNFO_TICK_03012025\Options\BANKNIFTY27FEB2558500CE.NFO.csv
2025-10-27 20:31:31,803 [INFO] [root] [MainThread]: Successfully processed: NFO\GFDLNFO_TICK_03012025\Options\BANKNIFTY27FEB2558500CE.NFO.csv
2025-10-27 20:31:31,803 [INFO] [root] [MainThread]: Started processing: NFO\GFDLNFO_TICK_03012025\Options\BANKNIFTY27FEB2559000CE.NFO.csv
2025-10-27 20:31:31,813 [INFO] [root] [MainThread]: Successfully processed: NFO\GFDLNFO_TICK_03012025\Options\BANKNIFTY27FEB2559000CE.NFO.csv
2025-10-27 20:31:31,814 [INFO] [root] [MainThread]: Started processing: NFO\GFDLNFO_TICK_03012025\Options\BANKNIFTY27FEB2559500CE.NFO.csv
2025-10-27 20:31:31,824 [INFO] [root] [MainThread]: Successfully processed: NFO\GFDLNFO_TICK_03012025\Options\BANKNIFTY27FEB2559500CE.NFO.csv
2025-10-27 20:31:31,824 [INFO] [root] [MainThread]: Started processing: NFO\GFDLNFO_TICK_03012025\Options\BANKNIFTY27FEB2560000CE.NFO.csv
2025-10-27 20:31:31,834 [INFO] [root] [MainThread]: Successfully processed: NFO\GFDLNFO_TICK_03012025\Options\BANKNIFTY27FEB2560000CE.NFO.csv
2025-10-27 20:31:31,834 [INFO] [root] [MainThread]: Started processing: NFO\GFDLNFO_TICK_03012025\Options\BANKNIFTY27FEB2560500CE.NFO.csv
2025-10-27 20:31:31,845 [INFO] [root] [MainThread]: Successfully processed: NFO\GFDLNFO_TICK_03012025\Options\BANKNIFTY27FEB2560500CE.NFO.csv
2025-10-27 20:31:31,845 [INFO] [root] [MainThread]: Started processing: NFO\GFDLNFO_TICK_03012025\Options\BANKNIFTY27FEB2561000CE.NFO.csv
2025-10-27 20:31:31,856 [INFO] [root] [MainThread]: Successfully processed: NFO\GFDLNFO_TICK_03012025\Options\BANKNIFTY27FEB2561000CE.NFO.csv
2025-10-27 20:31:31,856 [INFO] [root] [MainThread]: Started processing: NFO\GFDLNFO_TICK_03012025\Options\BANKNIFTY27MAR2548300CE.NFO.csv
2025-10-27 20:31:31,867 [INFO] [root] [MainThread]: Successfully processed: NFO\GFDLNFO_TICK_03012025\Options\BANKNIFTY27MAR2548300CE.NFO.csv
2025-10-27 20:31:31,867 [INFO] [root] [MainThread]: Started processing: NFO\GFDLNFO_TICK_03012025\Options\BANKNIFTY27MAR2548400CE.NFO.csv
2025-10-27 20:31:31,876 [INFO] [root] [MainThread]: Successfully processed: NFO\GFDLNFO_TICK_03012025\Options\BANKNIFTY27MAR2548400CE.NFO.csv
2025-10-27 20:31:31,876 [INFO] [root] [MainThread]: Started processing: NFO\GFDLNFO_TICK_03012025\Options\BANKNIFTY27MAR2548600CE.NFO.csv
2025-10-27 20:31:31,885 [INFO] [root] [MainThread]: Successfully processed: NFO\GFDLNFO_TICK_03012025\Options\BANKNIFTY27MAR2548600CE.NFO.csv
2025-10-27 20:31:31,885 [INFO] [root] [MainThread]: Started processing: NFO\GFDLNFO_TICK_03012025\Options\BANKNIFTY27MAR2548900CE.NFO.csv
2025-10-27 20:31:31,894 [INFO] [root] [MainThread]: Successfully processed: NFO\GFDLNFO_TICK_03012025\Options\BANKNIFTY27MAR2548900CE.NFO.csv
2025-10-27 20:31:31,894 [INFO] [root] [MainThread]: Started processing: NFO\GFDLNFO_TICK_03012025\Options\BANKNIFTY27MAR2549000CE.NFO.csv
2025-10-27 20:31:31,903 [INFO] [root] [MainThread]: Successfully processed: NFO\GFDLNFO_TICK_03012025\Options\BANKNIFTY27MAR2549000CE.NFO.csv
2025-10-27 20:31:31,903 [INFO] [root] [MainThread]: Started processing: NFO\GFDLNFO_TICK_03012025\Options\BANKNIFTY27MAR2549200CE.NFO.csv
2025-10-27 20:31:31,911 [INFO] [root] [MainThread]: Successfully processed: NFO\GFDLNFO_TICK_03012025\Options\BANKNIFTY27MAR2549200CE.NFO.csv
2025-10-27 20:31:31,911 [INFO] [root] [MainThread]: Started processing: NFO\GFDLNFO_TICK_03012025\Options\BANKNIFTY27MAR2549600CE.NFO.csv
2025-10-27 20:31:31,920 [INFO] [root] [MainThread]: Successfully processed: NFO\GFDLNFO_TICK_03012025\Options\BANKNIFTY27MAR2549600CE.NFO.csv
2025-10-27 20:31:31,920 [INFO] [root] [MainThread]: Started processing: NFO\GFDLNFO_TICK_03012025\Options\BANKNIFTY27MAR2550000CE.NFO.csv
2025-10-27 20:31:31,943 [INFO] [root] [MainThread]: Successfully processed: NFO\GFDLNFO_TICK_03012025\Options\BANKNIFTY27MAR2550000CE.NFO.csv
2025-10-27 20:31:31,943 [INFO] [root] [MainThread]: Started processing: NFO\GFDLNFO_TICK_03012025\Options\BANKNIFTY27MAR2550500CE.NFO.csv
2025-10-27 20:31:31,967 [INFO] [root] [MainThread]: Successfully processed: NFO\GFDLNFO_TICK_03012025\Options\BANKNIFTY27MAR2550500CE.NFO.csv
2025-10-27 20:31:31,968 [INFO] [root] [MainThread]: Started processing: NFO\GFDLNFO_TICK_03012025\Options\BANKNIFTY27MAR2551000CE.NFO.csv
2025-10-27 20:31:31,999 [INFO] [root] [MainThread]: Successfully processed: NFO\GFDLNFO_TICK_03012025\Options\BANKNIFTY27MAR2551000CE.NFO.csv
2025-10-27 20:31:31,999 [INFO] [root] [MainThread]: Started processing: NFO\GFDLNFO_TICK_03012025\Options\BANKNIFTY27MAR2551500CE.NFO.csv
2025-10-27 20:31:32,023 [INFO] [root] [MainThread]: Successfully processed: NFO\GFDLNFO_TICK_03012025\Options\BANKNIFTY27MAR2551500CE.NFO.csv
2025-10-27 20:31:32,024 [INFO] [root] [MainThread]: Started processing: NFO\GFDLNFO_TICK_03012025\Options\BANKNIFTY27MAR2551800CE.NFO.csv
2025-10-27 20:31:32,032 [INFO] [root] [MainThread]: Successfully processed: NFO\GFDLNFO_TICK_03012025\Options\BANKNIFTY27MAR2551800CE.NFO.csv
2025-10-27 20:31:32,032 [INFO] [root] [MainThread]: Started processing: NFO\GFDLNFO_TICK_03012025\Options\BANKNIFTY27MAR2552000CE.NFO.csv
2025-10-27 20:31:32,060 [INFO] [root] [MainThread]: Successfully processed: NFO\GFDLNFO_TICK_03012025\Options\BANKNIFTY27MAR2552000CE.NFO.csv
2025-10-27 20:31:32,061 [INFO] [root] [MainThread]: Started processing: NFO\GFDLNFO_TICK_03012025\Options\BANKNIFTY27MAR2552500CE.NFO.csv
2025-10-27 20:31:32,088 [INFO] [root] [MainThread]: Successfully processed: NFO\GFDLNFO_TICK_03012025\Options\BANKNIFTY27MAR2552500CE.NFO.csv
2025-10-27 20:31:32,088 [INFO] [root] [MainThread]: Started processing: NFO\GFDLNFO_TICK_03012025\Options\BANKNIFTY27MAR2553000CE.NFO.csv
2025-10-27 20:31:32,119 [INFO] [root] [MainThread]: Successfully processed: NFO\GFDLNFO_TICK_03012025\Options\BANKNIFTY27MAR2553000CE.NFO.csv
2025-10-27 20:31:32,119 [INFO] [root] [MainThread]: Started processing: NFO\GFDLNFO_TICK_03012025\Options\BANKNIFTY27MAR2553500CE.NFO.csv
2025-10-27 20:31:32,147 [INFO] [root] [MainThread]: Successfully processed: NFO\GFDLNFO_TICK_03012025\Options\BANKNIFTY27MAR2553500CE.NFO.csv
2025-10-27 20:31:32,148 [INFO] [root] [MainThread]: Started processing: NFO\GFDLNFO_TICK_03012025\Options\BANKNIFTY27MAR2554000CE.NFO.csv
2025-10-27 20:31:32,180 [INFO] [root] [MainThread]: Successfully processed: NFO\GFDLNFO_TICK_03012025\Options\BANKNIFTY27MAR2554000CE.NFO.csv
2025-10-27 20:31:32,181 [INFO] [root] [MainThread]: Started processing: NFO\GFDLNFO_TICK_03012025\Options\BANKNIFTY27MAR2554500CE.NFO.csv
2025-10-27 20:31:32,189 [INFO] [root] [MainThread]: Successfully processed: NFO\GFDLNFO_TICK_03012025\Options\BANKNIFTY27MAR2554500CE.NFO.csv
2025-10-27 20:31:32,189 [INFO] [root] [MainThread]: Started processing: NFO\GFDLNFO_TICK_03012025\Options\BANKNIFTY27MAR2555000CE.NFO.csv
2025-10-27 20:31:32,214 [INFO] [root] [MainThread]: Successfully processed: NFO\GFDLNFO_TICK_03012025\Options\BANKNIFTY27MAR2555000CE.NFO.csv
2025-10-27 20:31:32,214 [INFO] [root] [MainThread]: Started processing: NFO\GFDLNFO_TICK_03012025\Options\BANKNIFTY27MAR2555500CE.NFO.csv
2025-10-27 20:31:32,240 [INFO] [root] [MainThread]: Successfully processed: NFO\GFDLNFO_TICK_03012025\Options\BANKNIFTY27MAR2555500CE.NFO.csv
2025-10-27 20:31:32,240 [INFO] [root] [MainThread]: Started processing: NFO\GFDLNFO_TICK_03012025\Options\BANKNIFTY27MAR2557000CE.NFO.csv
2025-10-27 20:31:32,258 [INFO] [root] [MainThread]: Successfully processed: NFO\GFDLNFO_TICK_03012025\Options\BANKNIFTY27MAR2557000CE.NFO.csv
2025-10-27 20:31:32,258 [INFO] [root] [MainThread]: Started processing: NFO\GFDLNFO_TICK_03012025\Options\BANKNIFTY27MAR2558000CE.NFO.csv
2025-10-27 20:31:32,267 [INFO] [root] [MainThread]: Successfully processed: NFO\GFDLNFO_TICK_03012025\Options\BANKNIFTY27MAR2558000CE.NFO.csv
2025-10-27 20:31:32,267 [INFO] [root] [MainThread]: Started processing: NFO\GFDLNFO_TICK_03012025\Options\BANKNIFTY27MAR2560000CE.NFO.csv
2025-10-27 20:31:32,286 [INFO] [root] [MainThread]: Successfully processed: NFO\GFDLNFO_TICK_03012025\Options\BANKNIFTY27MAR2560000CE.NFO.csv
2025-10-27 20:31:32,286 [INFO] [root] [MainThread]: Started processing: NFO\GFDLNFO_TICK_03012025\Options\BANKNIFTY27MAR2561500CE.NFO.csv
2025-10-27 20:31:32,298 [INFO] [root] [MainThread]: Successfully processed: NFO\GFDLNFO_TICK_03012025\Options\BANKNIFTY27MAR2561500CE.NFO.csv
2025-10-27 20:31:32,298 [INFO] [root] [MainThread]: Started processing: NFO\GFDLNFO_TICK_03012025\Options\BANKNIFTY30JAN2542500CE.NFO.csv
2025-10-27 20:31:32,323 [INFO] [root] [MainThread]: Successfully processed: NFO\GFDLNFO_TICK_03012025\Options\BANKNIFTY30JAN2542500CE.NFO.csv
2025-10-27 20:31:32,323 [INFO] [root] [MainThread]: Processed 100/196 files...
2025-10-27 20:31:32,323 [INFO] [root] [MainThread]: Started processing: NFO\GFDLNFO_TICK_03012025\Options\BANKNIFTY30JAN2543000CE.NFO.csv
2025-10-27 20:31:32,359 [INFO] [root] [MainThread]: Successfully processed: NFO\GFDLNFO_TICK_03012025\Options\BANKNIFTY30JAN2543000CE.NFO.csv
2025-10-27 20:31:32,359 [INFO] [root] [MainThread]: Started processing: NFO\GFDLNFO_TICK_03012025\Options\BANKNIFTY30JAN2545000CE.NFO.csv
2025-10-27 20:31:32,392 [INFO] [root] [MainThread]: Successfully processed: NFO\GFDLNFO_TICK_03012025\Options\BANKNIFTY30JAN2545000CE.NFO.csv
2025-10-27 20:31:32,392 [INFO] [root] [MainThread]: Started processing: NFO\GFDLNFO_TICK_03012025\Options\BANKNIFTY30JAN2546000CE.NFO.csv
2025-10-27 20:31:32,425 [INFO] [root] [MainThread]: Successfully processed: NFO\GFDLNFO_TICK_03012025\Options\BANKNIFTY30JAN2546000CE.NFO.csv
2025-10-27 20:31:32,425 [INFO] [root] [MainThread]: Started processing: NFO\GFDLNFO_TICK_03012025\Options\BANKNIFTY30JAN2546500CE.NFO.csv
2025-10-27 20:31:32,451 [INFO] [root] [MainThread]: Successfully processed: NFO\GFDLNFO_TICK_03012025\Options\BANKNIFTY30JAN2546500CE.NFO.csv
2025-10-27 20:31:32,451 [INFO] [root] [MainThread]: Started processing: NFO\GFDLNFO_TICK_03012025\Options\BANKNIFTY30JAN2547000CE.NFO.csv
2025-10-27 20:31:32,492 [INFO] [root] [MainThread]: Successfully processed: NFO\GFDLNFO_TICK_03012025\Options\BANKNIFTY30JAN2547000CE.NFO.csv
2025-10-27 20:31:32,492 [INFO] [root] [MainThread]: Started processing: NFO\GFDLNFO_TICK_03012025\Options\BANKNIFTY30JAN2547500CE.NFO.csv
2025-10-27 20:31:32,531 [INFO] [root] [MainThread]: Successfully processed: NFO\GFDLNFO_TICK_03012025\Options\BANKNIFTY30JAN2547500CE.NFO.csv
2025-10-27 20:31:32,531 [INFO] [root] [MainThread]: Started processing: NFO\GFDLNFO_TICK_03012025\Options\BANKNIFTY30JAN2547800CE.NFO.csv
2025-10-27 20:31:32,561 [INFO] [root] [MainThread]: Successfully processed: NFO\GFDLNFO_TICK_03012025\Options\BANKNIFTY30JAN2547800CE.NFO.csv
2025-10-27 20:31:32,561 [INFO] [root] [MainThread]: Started processing: NFO\GFDLNFO_TICK_03012025\Options\BANKNIFTY30JAN2548000CE.NFO.csv
2025-10-27 20:31:32,604 [INFO] [root] [MainThread]: Successfully processed: NFO\GFDLNFO_TICK_03012025\Options\BANKNIFTY30JAN2548000CE.NFO.csv
2025-10-27 20:31:32,605 [INFO] [root] [MainThread]: Started processing: NFO\GFDLNFO_TICK_03012025\Options\BANKNIFTY30JAN2548500CE.NFO.csv
2025-10-27 20:31:32,647 [INFO] [root] [MainThread]: Successfully processed: NFO\GFDLNFO_TICK_03012025\Options\BANKNIFTY30JAN2548500CE.NFO.csv
2025-10-27 20:31:32,647 [INFO] [root] [MainThread]: Started processing: NFO\GFDLNFO_TICK_03012025\Options\BANKNIFTY30JAN2548900CE.NFO.csv
2025-10-27 20:31:32,692 [INFO] [root] [MainThread]: Successfully processed: NFO\GFDLNFO_TICK_03012025\Options\BANKNIFTY30JAN2548900CE.NFO.csv
2025-10-27 20:31:32,692 [INFO] [root] [MainThread]: Started processing: NFO\GFDLNFO_TICK_03012025\Options\BANKNIFTY30JAN2549000CE.NFO.csv
2025-10-27 20:31:32,733 [INFO] [root] [MainThread]: Successfully processed: NFO\GFDLNFO_TICK_03012025\Options\BANKNIFTY30JAN2549000CE.NFO.csv
2025-10-27 20:31:32,733 [INFO] [root] [MainThread]: Started processing: NFO\GFDLNFO_TICK_03012025\Options\BANKNIFTY30JAN2549100CE.NFO.csv
2025-10-27 20:31:32,767 [INFO] [root] [MainThread]: Successfully processed: NFO\GFDLNFO_TICK_03012025\Options\BANKNIFTY30JAN2549100CE.NFO.csv
2025-10-27 20:31:32,767 [INFO] [root] [MainThread]: Started processing: NFO\GFDLNFO_TICK_03012025\Options\BANKNIFTY30JAN2549200CE.NFO.csv
2025-10-27 20:31:32,792 [INFO] [root] [MainThread]: Successfully processed: NFO\GFDLNFO_TICK_03012025\Options\BANKNIFTY30JAN2549200CE.NFO.csv
2025-10-27 20:31:32,792 [INFO] [root] [MainThread]: Started processing: NFO\GFDLNFO_TICK_03012025\Options\BANKNIFTY30JAN2549300CE.NFO.csv
2025-10-27 20:31:32,806 [INFO] [root] [MainThread]: Successfully processed: NFO\GFDLNFO_TICK_03012025\Options\BANKNIFTY30JAN2549300CE.NFO.csv
2025-10-27 20:31:32,806 [INFO] [root] [MainThread]: Started processing: NFO\GFDLNFO_TICK_03012025\Options\BANKNIFTY30JAN2549400CE.NFO.csv
2025-10-27 20:31:32,843 [INFO] [root] [MainThread]: Successfully processed: NFO\GFDLNFO_TICK_03012025\Options\BANKNIFTY30JAN2549400CE.NFO.csv
2025-10-27 20:31:32,844 [INFO] [root] [MainThread]: Started processing: NFO\GFDLNFO_TICK_03012025\Options\BANKNIFTY30JAN2549500CE.NFO.csv
2025-10-27 20:31:32,879 [INFO] [root] [MainThread]: Successfully processed: NFO\GFDLNFO_TICK_03012025\Options\BANKNIFTY30JAN2549500CE.NFO.csv
2025-10-27 20:31:32,879 [INFO] [root] [MainThread]: Started processing: NFO\GFDLNFO_TICK_03012025\Options\BANKNIFTY30JAN2549600CE.NFO.csv
2025-10-27 20:31:32,919 [INFO] [root] [MainThread]: Successfully processed: NFO\GFDLNFO_TICK_03012025\Options\BANKNIFTY30JAN2549600CE.NFO.csv
2025-10-27 20:31:32,919 [INFO] [root] [MainThread]: Started processing: NFO\GFDLNFO_TICK_03012025\Options\BANKNIFTY30JAN2549700CE.NFO.csv
2025-10-27 20:31:32,957 [INFO] [root] [MainThread]: Successfully processed: NFO\GFDLNFO_TICK_03012025\Options\BANKNIFTY30JAN2549700CE.NFO.csv
2025-10-27 20:31:32,957 [INFO] [root] [MainThread]: Started processing: NFO\GFDLNFO_TICK_03012025\Options\BANKNIFTY30JAN2549800CE.NFO.csv
2025-10-27 20:31:33,022 [INFO] [root] [MainThread]: Successfully processed: NFO\GFDLNFO_TICK_03012025\Options\BANKNIFTY30JAN2549800CE.NFO.csv
2025-10-27 20:31:33,023 [INFO] [root] [MainThread]: Started processing: NFO\GFDLNFO_TICK_03012025\Options\BANKNIFTY30JAN2549900CE.NFO.csv
2025-10-27 20:31:33,081 [INFO] [root] [MainThread]: Successfully processed: NFO\GFDLNFO_TICK_03012025\Options\BANKNIFTY30JAN2549900CE.NFO.csv
2025-10-27 20:31:33,081 [INFO] [root] [MainThread]: Started processing: NFO\GFDLNFO_TICK_03012025\Options\BANKNIFTY30JAN2550000CE.NFO.csv
2025-10-27 20:31:33,174 [INFO] [root] [MainThread]: Successfully processed: NFO\GFDLNFO_TICK_03012025\Options\BANKNIFTY30JAN2550000CE.NFO.csv
2025-10-27 20:31:33,175 [INFO] [root] [MainThread]: Started processing: NFO\GFDLNFO_TICK_03012025\Options\BANKNIFTY30JAN2550100CE.NFO.csv
2025-10-27 20:31:33,243 [INFO] [root] [MainThread]: Successfully processed: NFO\GFDLNFO_TICK_03012025\Options\BANKNIFTY30JAN2550100CE.NFO.csv
2025-10-27 20:31:33,244 [INFO] [root] [MainThread]: Started processing: NFO\GFDLNFO_TICK_03012025\Options\BANKNIFTY30JAN2550200CE.NFO.csv
2025-10-27 20:31:33,315 [INFO] [root] [MainThread]: Successfully processed: NFO\GFDLNFO_TICK_03012025\Options\BANKNIFTY30JAN2550200CE.NFO.csv
2025-10-27 20:31:33,315 [INFO] [root] [MainThread]: Started processing: NFO\GFDLNFO_TICK_03012025\Options\BANKNIFTY30JAN2550300CE.NFO.csv
2025-10-27 20:31:33,367 [INFO] [root] [MainThread]: Successfully processed: NFO\GFDLNFO_TICK_03012025\Options\BANKNIFTY30JAN2550300CE.NFO.csv
2025-10-27 20:31:33,367 [INFO] [root] [MainThread]: Started processing: NFO\GFDLNFO_TICK_03012025\Options\BANKNIFTY30JAN2550400CE.NFO.csv
2025-10-27 20:31:33,424 [INFO] [root] [MainThread]: Successfully processed: NFO\GFDLNFO_TICK_03012025\Options\BANKNIFTY30JAN2550400CE.NFO.csv
2025-10-27 20:31:33,424 [INFO] [root] [MainThread]: Started processing: NFO\GFDLNFO_TICK_03012025\Options\BANKNIFTY30JAN2550500CE.NFO.csv
2025-10-27 20:31:33,500 [INFO] [root] [MainThread]: Successfully processed: NFO\GFDLNFO_TICK_03012025\Options\BANKNIFTY30JAN2550500CE.NFO.csv
2025-10-27 20:31:33,500 [INFO] [root] [MainThread]: Started processing: NFO\GFDLNFO_TICK_03012025\Options\BANKNIFTY30JAN2550600CE.NFO.csv
2025-10-27 20:31:33,563 [INFO] [root] [MainThread]: Successfully processed: NFO\GFDLNFO_TICK_03012025\Options\BANKNIFTY30JAN2550600CE.NFO.csv
2025-10-27 20:31:33,563 [INFO] [root] [MainThread]: Started processing: NFO\GFDLNFO_TICK_03012025\Options\BANKNIFTY30JAN2550700CE.NFO.csv
2025-10-27 20:31:33,622 [INFO] [root] [MainThread]: Successfully processed: NFO\GFDLNFO_TICK_03012025\Options\BANKNIFTY30JAN2550700CE.NFO.csv
2025-10-27 20:31:33,622 [INFO] [root] [MainThread]: Started processing: NFO\GFDLNFO_TICK_03012025\Options\BANKNIFTY30JAN2550800CE.NFO.csv
2025-10-27 20:31:33,697 [INFO] [root] [MainThread]: Successfully processed: NFO\GFDLNFO_TICK_03012025\Options\BANKNIFTY30JAN2550800CE.NFO.csv
2025-10-27 20:31:33,697 [INFO] [root] [MainThread]: Started processing: NFO\GFDLNFO_TICK_03012025\Options\BANKNIFTY30JAN2550900CE.NFO.csv
2025-10-27 20:31:33,770 [INFO] [root] [MainThread]: Successfully processed: NFO\GFDLNFO_TICK_03012025\Options\BANKNIFTY30JAN2550900CE.NFO.csv
2025-10-27 20:31:33,770 [INFO] [root] [MainThread]: Started processing: NFO\GFDLNFO_TICK_03012025\Options\BANKNIFTY30JAN2551000CE.NFO.csv
2025-10-27 20:31:33,876 [INFO] [root] [MainThread]: Successfully processed: NFO\GFDLNFO_TICK_03012025\Options\BANKNIFTY30JAN2551000CE.NFO.csv
2025-10-27 20:31:33,876 [INFO] [root] [MainThread]: Started processing: NFO\GFDLNFO_TICK_03012025\Options\BANKNIFTY30JAN2551100CE.NFO.csv
2025-10-27 20:31:33,982 [INFO] [root] [MainThread]: Successfully processed: NFO\GFDLNFO_TICK_03012025\Options\BANKNIFTY30JAN2551100CE.NFO.csv
2025-10-27 20:31:33,982 [INFO] [root] [MainThread]: Started processing: NFO\GFDLNFO_TICK_03012025\Options\BANKNIFTY30JAN2551200CE.NFO.csv
2025-10-27 20:31:34,096 [INFO] [root] [MainThread]: Successfully processed: NFO\GFDLNFO_TICK_03012025\Options\BANKNIFTY30JAN2551200CE.NFO.csv
2025-10-27 20:31:34,097 [INFO] [root] [MainThread]: Started processing: NFO\GFDLNFO_TICK_03012025\Options\BANKNIFTY30JAN2551300CE.NFO.csv
2025-10-27 20:31:34,220 [INFO] [root] [MainThread]: Successfully processed: NFO\GFDLNFO_TICK_03012025\Options\BANKNIFTY30JAN2551300CE.NFO.csv
2025-10-27 20:31:34,220 [INFO] [root] [MainThread]: Started processing: NFO\GFDLNFO_TICK_03012025\Options\BANKNIFTY30JAN2551400CE.NFO.csv
2025-10-27 20:31:34,331 [INFO] [root] [MainThread]: Successfully processed: NFO\GFDLNFO_TICK_03012025\Options\BANKNIFTY30JAN2551400CE.NFO.csv
2025-10-27 20:31:34,331 [INFO] [root] [MainThread]: Started processing: NFO\GFDLNFO_TICK_03012025\Options\BANKNIFTY30JAN2551500CE.NFO.csv
2025-10-27 20:31:34,448 [INFO] [root] [MainThread]: Successfully processed: NFO\GFDLNFO_TICK_03012025\Options\BANKNIFTY30JAN2551500CE.NFO.csv
2025-10-27 20:31:34,448 [INFO] [root] [MainThread]: Started processing: NFO\GFDLNFO_TICK_03012025\Options\BANKNIFTY30JAN2551600CE.NFO.csv
2025-10-27 20:31:34,536 [INFO] [root] [MainThread]: Successfully processed: NFO\GFDLNFO_TICK_03012025\Options\BANKNIFTY30JAN2551600CE.NFO.csv
2025-10-27 20:31:34,536 [INFO] [root] [MainThread]: Started processing: NFO\GFDLNFO_TICK_03012025\Options\BANKNIFTY30JAN2551700CE.NFO.csv
2025-10-27 20:31:34,617 [INFO] [root] [MainThread]: Successfully processed: NFO\GFDLNFO_TICK_03012025\Options\BANKNIFTY30JAN2551700CE.NFO.csv
2025-10-27 20:31:34,617 [INFO] [root] [MainThread]: Started processing: NFO\GFDLNFO_TICK_03012025\Options\BANKNIFTY30JAN2551800CE.NFO.csv
2025-10-27 20:31:34,704 [INFO] [root] [MainThread]: Successfully processed: NFO\GFDLNFO_TICK_03012025\Options\BANKNIFTY30JAN2551800CE.NFO.csv
2025-10-27 20:31:34,704 [INFO] [root] [MainThread]: Started processing: NFO\GFDLNFO_TICK_03012025\Options\BANKNIFTY30JAN2551900CE.NFO.csv
2025-10-27 20:31:34,780 [INFO] [root] [MainThread]: Successfully processed: NFO\GFDLNFO_TICK_03012025\Options\BANKNIFTY30JAN2551900CE.NFO.csv
2025-10-27 20:31:34,780 [INFO] [root] [MainThread]: Started processing: NFO\GFDLNFO_TICK_03012025\Options\BANKNIFTY30JAN2552000CE.NFO.csv
2025-10-27 20:31:34,881 [INFO] [root] [MainThread]: Successfully processed: NFO\GFDLNFO_TICK_03012025\Options\BANKNIFTY30JAN2552000CE.NFO.csv
2025-10-27 20:31:34,881 [INFO] [root] [MainThread]: Started processing: NFO\GFDLNFO_TICK_03012025\Options\BANKNIFTY30JAN2552100CE.NFO.csv
2025-10-27 20:31:34,967 [INFO] [root] [MainThread]: Successfully processed: NFO\GFDLNFO_TICK_03012025\Options\BANKNIFTY30JAN2552100CE.NFO.csv
2025-10-27 20:31:34,967 [INFO] [root] [MainThread]: Started processing: NFO\GFDLNFO_TICK_03012025\Options\BANKNIFTY30JAN2552200CE.NFO.csv
2025-10-27 20:31:35,047 [INFO] [root] [MainThread]: Successfully processed: NFO\GFDLNFO_TICK_03012025\Options\BANKNIFTY30JAN2552200CE.NFO.csv
2025-10-27 20:31:35,047 [INFO] [root] [MainThread]: Started processing: NFO\GFDLNFO_TICK_03012025\Options\BANKNIFTY30JAN2552300CE.NFO.csv
2025-10-27 20:31:35,122 [INFO] [root] [MainThread]: Successfully processed: NFO\GFDLNFO_TICK_03012025\Options\BANKNIFTY30JAN2552300CE.NFO.csv
2025-10-27 20:31:35,122 [INFO] [root] [MainThread]: Started processing: NFO\GFDLNFO_TICK_03012025\Options\BANKNIFTY30JAN2552400CE.NFO.csv
2025-10-27 20:31:35,189 [INFO] [root] [MainThread]: Successfully processed: NFO\GFDLNFO_TICK_03012025\Options\BANKNIFTY30JAN2552400CE.NFO.csv
2025-10-27 20:31:35,189 [INFO] [root] [MainThread]: Started processing: NFO\GFDLNFO_TICK_03012025\Options\BANKNIFTY30JAN2552500CE.NFO.csv
2025-10-27 20:31:35,281 [INFO] [root] [MainThread]: Successfully processed: NFO\GFDLNFO_TICK_03012025\Options\BANKNIFTY30JAN2552500CE.NFO.csv
2025-10-27 20:31:35,281 [INFO] [root] [MainThread]: Started processing: NFO\GFDLNFO_TICK_03012025\Options\BANKNIFTY30JAN2552600CE.NFO.csv
2025-10-27 20:31:35,348 [INFO] [root] [MainThread]: Successfully processed: NFO\GFDLNFO_TICK_03012025\Options\BANKNIFTY30JAN2552600CE.NFO.csv
2025-10-27 20:31:35,348 [INFO] [root] [MainThread]: Started processing: NFO\GFDLNFO_TICK_03012025\Options\BANKNIFTY30JAN2552700CE.NFO.csv
2025-10-27 20:31:35,416 [INFO] [root] [MainThread]: Successfully processed: NFO\GFDLNFO_TICK_03012025\Options\BANKNIFTY30JAN2552700CE.NFO.csv
2025-10-27 20:31:35,417 [INFO] [root] [MainThread]: Started processing: NFO\GFDLNFO_TICK_03012025\Options\BANKNIFTY30JAN2552800CE.NFO.csv
2025-10-27 20:31:35,490 [INFO] [root] [MainThread]: Successfully processed: NFO\GFDLNFO_TICK_03012025\Options\BANKNIFTY30JAN2552800CE.NFO.csv
2025-10-27 20:31:35,490 [INFO] [root] [MainThread]: Started processing: NFO\GFDLNFO_TICK_03012025\Options\BANKNIFTY30JAN2552900CE.NFO.csv
2025-10-27 20:31:35,583 [INFO] [root] [MainThread]: Successfully processed: NFO\GFDLNFO_TICK_03012025\Options\BANKNIFTY30JAN2552900CE.NFO.csv
2025-10-27 20:31:35,583 [INFO] [root] [MainThread]: Started processing: NFO\GFDLNFO_TICK_03012025\Options\BANKNIFTY30JAN2553000CE.NFO.csv
2025-10-27 20:31:35,683 [INFO] [root] [MainThread]: Successfully processed: NFO\GFDLNFO_TICK_03012025\Options\BANKNIFTY30JAN2553000CE.NFO.csv
2025-10-27 20:31:35,683 [INFO] [root] [MainThread]: Started processing: NFO\GFDLNFO_TICK_03012025\Options\BANKNIFTY30JAN2553100CE.NFO.csv
2025-10-27 20:31:35,756 [INFO] [root] [MainThread]: Successfully processed: NFO\GFDLNFO_TICK_03012025\Options\BANKNIFTY30JAN2553100CE.NFO.csv
2025-10-27 20:31:35,756 [INFO] [root] [MainThread]: Started processing: NFO\GFDLNFO_TICK_03012025\Options\BANKNIFTY30JAN2553200CE.NFO.csv
2025-10-27 20:31:35,829 [INFO] [root] [MainThread]: Successfully processed: NFO\GFDLNFO_TICK_03012025\Options\BANKNIFTY30JAN2553200CE.NFO.csv
2025-10-27 20:31:35,829 [INFO] [root] [MainThread]: Started processing: NFO\GFDLNFO_TICK_03012025\Options\BANKNIFTY30JAN2553300CE.NFO.csv
2025-10-27 20:31:35,903 [INFO] [root] [MainThread]: Successfully processed: NFO\GFDLNFO_TICK_03012025\Options\BANKNIFTY30JAN2553300CE.NFO.csv
2025-10-27 20:31:35,903 [INFO] [root] [MainThread]: Started processing: NFO\GFDLNFO_TICK_03012025\Options\BANKNIFTY30JAN2553400CE.NFO.csv
2025-10-27 20:31:35,976 [INFO] [root] [MainThread]: Successfully processed: NFO\GFDLNFO_TICK_03012025\Options\BANKNIFTY30JAN2553400CE.NFO.csv
2025-10-27 20:31:35,976 [INFO] [root] [MainThread]: Started processing: NFO\GFDLNFO_TICK_03012025\Options\BANKNIFTY30JAN2553500CE.NFO.csv
2025-10-27 20:31:36,071 [INFO] [root] [MainThread]: Successfully processed: NFO\GFDLNFO_TICK_03012025\Options\BANKNIFTY30JAN2553500CE.NFO.csv
2025-10-27 20:31:36,071 [INFO] [root] [MainThread]: Started processing: NFO\GFDLNFO_TICK_03012025\Options\BANKNIFTY30JAN2553600CE.NFO.csv
2025-10-27 20:31:36,145 [INFO] [root] [MainThread]: Successfully processed: NFO\GFDLNFO_TICK_03012025\Options\BANKNIFTY30JAN2553600CE.NFO.csv
2025-10-27 20:31:36,146 [INFO] [root] [MainThread]: Started processing: NFO\GFDLNFO_TICK_03012025\Options\BANKNIFTY30JAN2553700CE.NFO.csv
2025-10-27 20:31:36,213 [INFO] [root] [MainThread]: Successfully processed: NFO\GFDLNFO_TICK_03012025\Options\BANKNIFTY30JAN2553700CE.NFO.csv
2025-10-27 20:31:36,213 [INFO] [root] [MainThread]: Started processing: NFO\GFDLNFO_TICK_03012025\Options\BANKNIFTY30JAN2553800CE.NFO.csv
2025-10-27 20:31:36,284 [INFO] [root] [MainThread]: Successfully processed: NFO\GFDLNFO_TICK_03012025\Options\BANKNIFTY30JAN2553800CE.NFO.csv
2025-10-27 20:31:36,284 [INFO] [root] [MainThread]: Started processing: NFO\GFDLNFO_TICK_03012025\Options\BANKNIFTY30JAN2553900CE.NFO.csv
2025-10-27 20:31:36,354 [INFO] [root] [MainThread]: Successfully processed: NFO\GFDLNFO_TICK_03012025\Options\BANKNIFTY30JAN2553900CE.NFO.csv
2025-10-27 20:31:36,354 [INFO] [root] [MainThread]: Started processing: NFO\GFDLNFO_TICK_03012025\Options\BANKNIFTY30JAN2554000CE.NFO.csv
2025-10-27 20:31:36,444 [INFO] [root] [MainThread]: Successfully processed: NFO\GFDLNFO_TICK_03012025\Options\BANKNIFTY30JAN2554000CE.NFO.csv
2025-10-27 20:31:36,444 [INFO] [root] [MainThread]: Started processing: NFO\GFDLNFO_TICK_03012025\Options\BANKNIFTY30JAN2554100CE.NFO.csv
2025-10-27 20:31:36,500 [INFO] [root] [MainThread]: Successfully processed: NFO\GFDLNFO_TICK_03012025\Options\BANKNIFTY30JAN2554100CE.NFO.csv
2025-10-27 20:31:36,501 [INFO] [root] [MainThread]: Started processing: NFO\GFDLNFO_TICK_03012025\Options\BANKNIFTY30JAN2554200CE.NFO.csv
2025-10-27 20:31:36,558 [INFO] [root] [MainThread]: Successfully processed: NFO\GFDLNFO_TICK_03012025\Options\BANKNIFTY30JAN2554200CE.NFO.csv
2025-10-27 20:31:36,558 [INFO] [root] [MainThread]: Started processing: NFO\GFDLNFO_TICK_03012025\Options\BANKNIFTY30JAN2554300CE.NFO.csv
2025-10-27 20:31:36,613 [INFO] [root] [MainThread]: Successfully processed: NFO\GFDLNFO_TICK_03012025\Options\BANKNIFTY30JAN2554300CE.NFO.csv
2025-10-27 20:31:36,613 [INFO] [root] [MainThread]: Started processing: NFO\GFDLNFO_TICK_03012025\Options\BANKNIFTY30JAN2554400CE.NFO.csv
2025-10-27 20:31:36,674 [INFO] [root] [MainThread]: Successfully processed: NFO\GFDLNFO_TICK_03012025\Options\BANKNIFTY30JAN2554400CE.NFO.csv
2025-10-27 20:31:36,674 [INFO] [root] [MainThread]: Started processing: NFO\GFDLNFO_TICK_03012025\Options\BANKNIFTY30JAN2554500CE.NFO.csv
2025-10-27 20:31:36,747 [INFO] [root] [MainThread]: Successfully processed: NFO\GFDLNFO_TICK_03012025\Options\BANKNIFTY30JAN2554500CE.NFO.csv
2025-10-27 20:31:36,747 [INFO] [root] [MainThread]: Started processing: NFO\GFDLNFO_TICK_03012025\Options\BANKNIFTY30JAN2554600CE.NFO.csv
2025-10-27 20:31:36,795 [INFO] [root] [MainThread]: Successfully processed: NFO\GFDLNFO_TICK_03012025\Options\BANKNIFTY30JAN2554600CE.NFO.csv
2025-10-27 20:31:36,796 [INFO] [root] [MainThread]: Started processing: NFO\GFDLNFO_TICK_03012025\Options\BANKNIFTY30JAN2554700CE.NFO.csv
2025-10-27 20:31:36,847 [INFO] [root] [MainThread]: Successfully processed: NFO\GFDLNFO_TICK_03012025\Options\BANKNIFTY30JAN2554700CE.NFO.csv
2025-10-27 20:31:36,847 [INFO] [root] [MainThread]: Started processing: NFO\GFDLNFO_TICK_03012025\Options\BANKNIFTY30JAN2554800CE.NFO.csv
2025-10-27 20:31:36,891 [INFO] [root] [MainThread]: Successfully processed: NFO\GFDLNFO_TICK_03012025\Options\BANKNIFTY30JAN2554800CE.NFO.csv
2025-10-27 20:31:36,891 [INFO] [root] [MainThread]: Started processing: NFO\GFDLNFO_TICK_03012025\Options\BANKNIFTY30JAN2554900CE.NFO.csv
2025-10-27 20:31:36,934 [INFO] [root] [MainThread]: Successfully processed: NFO\GFDLNFO_TICK_03012025\Options\BANKNIFTY30JAN2554900CE.NFO.csv
2025-10-27 20:31:36,934 [INFO] [root] [MainThread]: Started processing: NFO\GFDLNFO_TICK_03012025\Options\BANKNIFTY30JAN2555000CE.NFO.csv
2025-10-27 20:31:37,002 [INFO] [root] [MainThread]: Successfully processed: NFO\GFDLNFO_TICK_03012025\Options\BANKNIFTY30JAN2555000CE.NFO.csv
2025-10-27 20:31:37,003 [INFO] [root] [MainThread]: Started processing: NFO\GFDLNFO_TICK_03012025\Options\BANKNIFTY30JAN2555100CE.NFO.csv
2025-10-27 20:31:37,046 [INFO] [root] [MainThread]: Successfully processed: NFO\GFDLNFO_TICK_03012025\Options\BANKNIFTY30JAN2555100CE.NFO.csv
2025-10-27 20:31:37,046 [INFO] [root] [MainThread]: Started processing: NFO\GFDLNFO_TICK_03012025\Options\BANKNIFTY30JAN2555200CE.NFO.csv
2025-10-27 20:31:37,091 [INFO] [root] [MainThread]: Successfully processed: NFO\GFDLNFO_TICK_03012025\Options\BANKNIFTY30JAN2555200CE.NFO.csv
2025-10-27 20:31:37,092 [INFO] [root] [MainThread]: Started processing: NFO\GFDLNFO_TICK_03012025\Options\BANKNIFTY30JAN2555300CE.NFO.csv
2025-10-27 20:31:37,132 [INFO] [root] [MainThread]: Successfully processed: NFO\GFDLNFO_TICK_03012025\Options\BANKNIFTY30JAN2555300CE.NFO.csv
2025-10-27 20:31:37,132 [INFO] [root] [MainThread]: Started processing: NFO\GFDLNFO_TICK_03012025\Options\BANKNIFTY30JAN2555400CE.NFO.csv
2025-10-27 20:31:37,175 [INFO] [root] [MainThread]: Successfully processed: NFO\GFDLNFO_TICK_03012025\Options\BANKNIFTY30JAN2555400CE.NFO.csv
2025-10-27 20:31:37,175 [INFO] [root] [MainThread]: Started processing: NFO\GFDLNFO_TICK_03012025\Options\BANKNIFTY30JAN2555500CE.NFO.csv
2025-10-27 20:31:37,241 [INFO] [root] [MainThread]: Successfully processed: NFO\GFDLNFO_TICK_03012025\Options\BANKNIFTY30JAN2555500CE.NFO.csv
2025-10-27 20:31:37,241 [INFO] [root] [MainThread]: Started processing: NFO\GFDLNFO_TICK_03012025\Options\BANKNIFTY30JAN2555600CE.NFO.csv
2025-10-27 20:31:37,278 [INFO] [root] [MainThread]: Successfully processed: NFO\GFDLNFO_TICK_03012025\Options\BANKNIFTY30JAN2555600CE.NFO.csv
2025-10-27 20:31:37,279 [INFO] [root] [MainThread]: Started processing: NFO\GFDLNFO_TICK_03012025\Options\BANKNIFTY30JAN2555700CE.NFO.csv
2025-10-27 20:31:37,316 [INFO] [root] [MainThread]: Successfully processed: NFO\GFDLNFO_TICK_03012025\Options\BANKNIFTY30JAN2555700CE.NFO.csv
2025-10-27 20:31:37,316 [INFO] [root] [MainThread]: Started processing: NFO\GFDLNFO_TICK_03012025\Options\BANKNIFTY30JAN2555800CE.NFO.csv
2025-10-27 20:31:37,356 [INFO] [root] [MainThread]: Successfully processed: NFO\GFDLNFO_TICK_03012025\Options\BANKNIFTY30JAN2555800CE.NFO.csv
2025-10-27 20:31:37,356 [INFO] [root] [MainThread]: Started processing: NFO\GFDLNFO_TICK_03012025\Options\BANKNIFTY30JAN2555900CE.NFO.csv
2025-10-27 20:31:37,397 [INFO] [root] [MainThread]: Successfully processed: NFO\GFDLNFO_TICK_03012025\Options\BANKNIFTY30JAN2555900CE.NFO.csv
2025-10-27 20:31:37,397 [INFO] [root] [MainThread]: Started processing: NFO\GFDLNFO_TICK_03012025\Options\BANKNIFTY30JAN2556000CE.NFO.csv
2025-10-27 20:31:37,453 [INFO] [root] [MainThread]: Successfully processed: NFO\GFDLNFO_TICK_03012025\Options\BANKNIFTY30JAN2556000CE.NFO.csv
2025-10-27 20:31:37,453 [INFO] [root] [MainThread]: Started processing: NFO\GFDLNFO_TICK_03012025\Options\BANKNIFTY30JAN2556100CE.NFO.csv
2025-10-27 20:31:37,493 [INFO] [root] [MainThread]: Successfully processed: NFO\GFDLNFO_TICK_03012025\Options\BANKNIFTY30JAN2556100CE.NFO.csv
2025-10-27 20:31:37,493 [INFO] [root] [MainThread]: Started processing: NFO\GFDLNFO_TICK_03012025\Options\BANKNIFTY30JAN2556200CE.NFO.csv
2025-10-27 20:31:37,543 [INFO] [root] [MainThread]: Successfully processed: NFO\GFDLNFO_TICK_03012025\Options\BANKNIFTY30JAN2556200CE.NFO.csv
2025-10-27 20:31:37,543 [INFO] [root] [MainThread]: Started processing: NFO\GFDLNFO_TICK_03012025\Options\BANKNIFTY30JAN2556300CE.NFO.csv
2025-10-27 20:31:37,581 [INFO] [root] [MainThread]: Successfully processed: NFO\GFDLNFO_TICK_03012025\Options\BANKNIFTY30JAN2556300CE.NFO.csv
2025-10-27 20:31:37,581 [INFO] [root] [MainThread]: Started processing: NFO\GFDLNFO_TICK_03012025\Options\BANKNIFTY30JAN2556400CE.NFO.csv
2025-10-27 20:31:37,621 [INFO] [root] [MainThread]: Successfully processed: NFO\GFDLNFO_TICK_03012025\Options\BANKNIFTY30JAN2556400CE.NFO.csv
2025-10-27 20:31:37,621 [INFO] [root] [MainThread]: Started processing: NFO\GFDLNFO_TICK_03012025\Options\BANKNIFTY30JAN2556500CE.NFO.csv
2025-10-27 20:31:37,667 [INFO] [root] [MainThread]: Successfully processed: NFO\GFDLNFO_TICK_03012025\Options\BANKNIFTY30JAN2556500CE.NFO.csv
2025-10-27 20:31:37,667 [INFO] [root] [MainThread]: Started processing: NFO\GFDLNFO_TICK_03012025\Options\BANKNIFTY30JAN2556600CE.NFO.csv
2025-10-27 20:31:37,704 [INFO] [root] [MainThread]: Successfully processed: NFO\GFDLNFO_TICK_03012025\Options\BANKNIFTY30JAN2556600CE.NFO.csv
2025-10-27 20:31:37,704 [INFO] [root] [MainThread]: Started processing: NFO\GFDLNFO_TICK_03012025\Options\BANKNIFTY30JAN2557000CE.NFO.csv
2025-10-27 20:31:37,753 [INFO] [root] [MainThread]: Successfully processed: NFO\GFDLNFO_TICK_03012025\Options\BANKNIFTY30JAN2557000CE.NFO.csv
2025-10-27 20:31:37,753 [INFO] [root] [MainThread]: Started processing: NFO\GFDLNFO_TICK_03012025\Options\BANKNIFTY30JAN2557500CE.NFO.csv
2025-10-27 20:31:37,791 [INFO] [root] [MainThread]: Successfully processed: NFO\GFDLNFO_TICK_03012025\Options\BANKNIFTY30JAN2557500CE.NFO.csv
2025-10-27 20:31:37,791 [INFO] [root] [MainThread]: Started processing: NFO\GFDLNFO_TICK_03012025\Options\BANKNIFTY30JAN2558000CE.NFO.csv
2025-10-27 20:31:37,831 [INFO] [root] [MainThread]: Successfully processed: NFO\GFDLNFO_TICK_03012025\Options\BANKNIFTY30JAN2558000CE.NFO.csv
2025-10-27 20:31:37,831 [INFO] [root] [MainThread]: Started processing: NFO\GFDLNFO_TICK_03012025\Options\BANKNIFTY30JAN2558500CE.NFO.csv
2025-10-27 20:31:37,866 [INFO] [root] [MainThread]: Successfully processed: NFO\GFDLNFO_TICK_03012025\Options\BANKNIFTY30JAN2558500CE.NFO.csv
2025-10-27 20:31:37,866 [INFO] [root] [MainThread]: Started processing: NFO\GFDLNFO_TICK_03012025\Options\BANKNIFTY30JAN2559000CE.NFO.csv
2025-10-27 20:31:37,902 [INFO] [root] [MainThread]: Successfully processed: NFO\GFDLNFO_TICK_03012025\Options\BANKNIFTY30JAN2559000CE.NFO.csv
2025-10-27 20:31:37,903 [INFO] [root] [MainThread]: Started processing: NFO\GFDLNFO_TICK_03012025\Options\BANKNIFTY30JAN2559500CE.NFO.csv
2025-10-27 20:31:37,934 [INFO] [root] [MainThread]: Successfully processed: NFO\GFDLNFO_TICK_03012025\Options\BANKNIFTY30JAN2559500CE.NFO.csv
2025-10-27 20:31:37,934 [INFO] [root] [MainThread]: Started processing: NFO\GFDLNFO_TICK_03012025\Options\BANKNIFTY30JAN2560000CE.NFO.csv
2025-10-27 20:31:37,982 [INFO] [root] [MainThread]: Successfully processed: NFO\GFDLNFO_TICK_03012025\Options\BANKNIFTY30JAN2560000CE.NFO.csv
2025-10-27 20:31:37,982 [INFO] [root] [MainThread]: Started processing: NFO\GFDLNFO_TICK_03012025\Options\BANKNIFTY30JAN2560500CE.NFO.csv
2025-10-27 20:31:38,020 [INFO] [root] [MainThread]: Successfully processed: NFO\GFDLNFO_TICK_03012025\Options\BANKNIFTY30JAN2560500CE.NFO.csv
2025-10-27 20:31:38,020 [INFO] [root] [MainThread]: Started processing: NFO\GFDLNFO_TICK_03012025\Options\BANKNIFTY30JAN2561000CE.NFO.csv
2025-10-27 20:31:38,089 [INFO] [root] [MainThread]: Successfully processed: NFO\GFDLNFO_TICK_03012025\Options\BANKNIFTY30JAN2561000CE.NFO.csv
2025-10-27 20:31:38,089 [INFO] [root] [MainThread]: Combining 196 dataframes...
2025-10-27 20:31:38,133 [INFO] [root] [MainThread]: Writing to ProcessedParquet\banknifty_call_03012025.parquet (438414 rows)...
2025-10-27 20:31:38,499 [INFO] [root] [MainThread]: Successfully saved 196 option files to ProcessedParquet\banknifty_call_03012025.parquet
2025-10-27 20:31:38,500 [INFO] [root] [MainThread]: Utility stopped.
