2025-10-27 10:14:36,567 [INFO] [root] [MainThread]: Utility started.
2025-10-27 10:14:36,568 [INFO] [root] [MainThread]: Found date 03012025 from folder name: GFDLNFO_TICK_03012025
2025-10-27 10:14:36,568 [INFO] [root] [MainThread]: Got following folder info {'03012025': {'GFDLNFO_TICK_03012025'}} for processing {'index': 'NIFTY', 'instrument_type': 'put'}.
2025-10-27 10:14:36,569 [INFO] [root] [MainThread]: Started processing folder: GFDLNFO_TICK_03012025 for {'index': 'NIFTY', 'instrument_type': 'put'}
2025-10-27 10:14:36,597 [INFO] [root] [MainThread]: Found 407 put option files to process for NIFTY.
2025-10-27 10:14:36,607 [INFO] [root] [MainThread]: Started processing: GFDLNFO_TICK_03012025\Options\NIFTY06FEB2522450PE.NFO.csv
2025-10-27 10:14:36,662 [INFO] [root] [MainThread]: Successfully processed and saved: ProcessedParquet\nifty_put_03012025.parquet
2025-10-27 10:14:36,662 [INFO] [root] [MainThread]: Started processing: GFDLNFO_TICK_03012025\Options\NIFTY06FEB2523000PE.NFO.csv
2025-10-27 10:14:36,717 [INFO] [root] [MainThread]: Successfully processed and saved: ProcessedParquet\nifty_put_03012025.parquet
2025-10-27 10:14:36,717 [INFO] [root] [MainThread]: Started processing: GFDLNFO_TICK_03012025\Options\NIFTY06FEB2523500PE.NFO.csv
2025-10-27 10:14:36,756 [INFO] [root] [MainThread]: Successfully processed and saved: ProcessedParquet\nifty_put_03012025.parquet
2025-10-27 10:14:36,756 [INFO] [root] [MainThread]: Started processing: GFDLNFO_TICK_03012025\Options\NIFTY06FEB2523800PE.NFO.csv
2025-10-27 10:14:36,786 [INFO] [root] [MainThread]: Successfully processed and saved: ProcessedParquet\nifty_put_03012025.parquet
2025-10-27 10:14:36,787 [INFO] [root] [MainThread]: Started processing: GFDLNFO_TICK_03012025\Options\NIFTY06FEB2524000PE.NFO.csv
2025-10-27 10:14:36,827 [INFO] [root] [MainThread]: Successfully processed and saved: ProcessedParquet\nifty_put_03012025.parquet
2025-10-27 10:14:36,828 [INFO] [root] [MainThread]: Started processing: GFDLNFO_TICK_03012025\Options\NIFTY06FEB2524050PE.NFO.csv
2025-10-27 10:14:36,869 [INFO] [root] [MainThread]: Successfully processed and saved: ProcessedParquet\nifty_put_03012025.parquet
2025-10-27 10:14:36,870 [INFO] [root] [MainThread]: Started processing: GFDLNFO_TICK_03012025\Options\NIFTY06FEB2524100PE.NFO.csv
2025-10-27 10:14:36,900 [INFO] [root] [MainThread]: Successfully processed and saved: ProcessedParquet\nifty_put_03012025.parquet
2025-10-27 10:14:36,901 [INFO] [root] [MainThread]: Started processing: GFDLNFO_TICK_03012025\Options\NIFTY06FEB2524200PE.NFO.csv
2025-10-27 10:14:36,938 [INFO] [root] [MainThread]: Successfully processed and saved: ProcessedParquet\nifty_put_03012025.parquet
2025-10-27 10:14:36,938 [INFO] [root] [MainThread]: Started processing: GFDLNFO_TICK_03012025\Options\NIFTY09JAN2521850PE.NFO.csv
2025-10-27 10:14:37,016 [INFO] [root] [MainThread]: Successfully processed and saved: ProcessedParquet\nifty_put_03012025.parquet
2025-10-27 10:14:37,017 [INFO] [root] [MainThread]: Started processing: GFDLNFO_TICK_03012025\Options\NIFTY09JAN2521900PE.NFO.csv
2025-10-27 10:14:37,075 [INFO] [root] [MainThread]: Successfully processed and saved: ProcessedParquet\nifty_put_03012025.parquet
2025-10-27 10:14:37,075 [INFO] [root] [MainThread]: Started processing: GFDLNFO_TICK_03012025\Options\NIFTY09JAN2521950PE.NFO.csv
2025-10-27 10:14:37,144 [INFO] [root] [MainThread]: Successfully processed and saved: ProcessedParquet\nifty_put_03012025.parquet
2025-10-27 10:14:37,144 [INFO] [root] [MainThread]: Started processing: GFDLNFO_TICK_03012025\Options\NIFTY09JAN2522000PE.NFO.csv
2025-10-27 10:14:37,222 [INFO] [root] [MainThread]: Successfully processed and saved: ProcessedParquet\nifty_put_03012025.parquet
2025-10-27 10:14:37,223 [INFO] [root] [MainThread]: Started processing: GFDLNFO_TICK_03012025\Options\NIFTY09JAN2522050PE.NFO.csv
2025-10-27 10:14:37,286 [INFO] [root] [MainThread]: Successfully processed and saved: ProcessedParquet\nifty_put_03012025.parquet
2025-10-27 10:14:37,287 [INFO] [root] [MainThread]: Started processing: GFDLNFO_TICK_03012025\Options\NIFTY09JAN2522100PE.NFO.csv
2025-10-27 10:14:37,342 [INFO] [root] [MainThread]: Successfully processed and saved: ProcessedParquet\nifty_put_03012025.parquet
2025-10-27 10:14:37,342 [INFO] [root] [MainThread]: Started processing: GFDLNFO_TICK_03012025\Options\NIFTY09JAN2522150PE.NFO.csv
2025-10-27 10:14:37,415 [INFO] [root] [MainThread]: Successfully processed and saved: ProcessedParquet\nifty_put_03012025.parquet
2025-10-27 10:14:37,416 [INFO] [root] [MainThread]: Started processing: GFDLNFO_TICK_03012025\Options\NIFTY09JAN2522200PE.NFO.csv
2025-10-27 10:14:37,476 [INFO] [root] [MainThread]: Successfully processed and saved: ProcessedParquet\nifty_put_03012025.parquet
2025-10-27 10:14:37,477 [INFO] [root] [MainThread]: Started processing: GFDLNFO_TICK_03012025\Options\NIFTY09JAN2522250PE.NFO.csv
2025-10-27 10:14:37,529 [INFO] [root] [MainThread]: Successfully processed and saved: ProcessedParquet\nifty_put_03012025.parquet
2025-10-27 10:14:37,529 [INFO] [root] [MainThread]: Started processing: GFDLNFO_TICK_03012025\Options\NIFTY09JAN2522300PE.NFO.csv
2025-10-27 10:14:37,590 [INFO] [root] [MainThread]: Successfully processed and saved: ProcessedParquet\nifty_put_03012025.parquet
2025-10-27 10:14:37,590 [INFO] [root] [MainThread]: Started processing: GFDLNFO_TICK_03012025\Options\NIFTY09JAN2522350PE.NFO.csv
2025-10-27 10:14:37,664 [INFO] [root] [MainThread]: Successfully processed and saved: ProcessedParquet\nifty_put_03012025.parquet
2025-10-27 10:14:37,667 [INFO] [root] [MainThread]: Started processing: GFDLNFO_TICK_03012025\Options\NIFTY09JAN2522400PE.NFO.csv
2025-10-27 10:14:37,738 [INFO] [root] [MainThread]: Successfully processed and saved: ProcessedParquet\nifty_put_03012025.parquet
2025-10-27 10:14:37,739 [INFO] [root] [MainThread]: Started processing: GFDLNFO_TICK_03012025\Options\NIFTY09JAN2522450PE.NFO.csv
2025-10-27 10:14:37,817 [INFO] [root] [MainThread]: Successfully processed and saved: ProcessedParquet\nifty_put_03012025.parquet
2025-10-27 10:14:37,819 [INFO] [root] [MainThread]: Started processing: GFDLNFO_TICK_03012025\Options\NIFTY09JAN2522500PE.NFO.csv
2025-10-27 10:14:37,911 [INFO] [root] [MainThread]: Successfully processed and saved: ProcessedParquet\nifty_put_03012025.parquet
2025-10-27 10:14:37,912 [INFO] [root] [MainThread]: Started processing: GFDLNFO_TICK_03012025\Options\NIFTY09JAN2522550PE.NFO.csv
2025-10-27 10:14:37,999 [INFO] [root] [MainThread]: Successfully processed and saved: ProcessedParquet\nifty_put_03012025.parquet
2025-10-27 10:14:38,001 [INFO] [root] [MainThread]: Started processing: GFDLNFO_TICK_03012025\Options\NIFTY09JAN2522600PE.NFO.csv
2025-10-27 10:14:38,085 [INFO] [root] [MainThread]: Successfully processed and saved: ProcessedParquet\nifty_put_03012025.parquet
2025-10-27 10:14:38,087 [INFO] [root] [MainThread]: Started processing: GFDLNFO_TICK_03012025\Options\NIFTY09JAN2522650PE.NFO.csv
2025-10-27 10:14:38,179 [INFO] [root] [MainThread]: Successfully processed and saved: ProcessedParquet\nifty_put_03012025.parquet
2025-10-27 10:14:38,180 [INFO] [root] [MainThread]: Started processing: GFDLNFO_TICK_03012025\Options\NIFTY09JAN2522700PE.NFO.csv
2025-10-27 10:14:38,288 [INFO] [root] [MainThread]: Successfully processed and saved: ProcessedParquet\nifty_put_03012025.parquet
2025-10-27 10:14:38,290 [INFO] [root] [MainThread]: Started processing: GFDLNFO_TICK_03012025\Options\NIFTY09JAN2522750PE.NFO.csv
2025-10-27 10:14:38,409 [INFO] [root] [MainThread]: Successfully processed and saved: ProcessedParquet\nifty_put_03012025.parquet
2025-10-27 10:14:38,410 [INFO] [root] [MainThread]: Started processing: GFDLNFO_TICK_03012025\Options\NIFTY09JAN2522800PE.NFO.csv
2025-10-27 10:14:38,517 [INFO] [root] [MainThread]: Successfully processed and saved: ProcessedParquet\nifty_put_03012025.parquet
2025-10-27 10:14:38,519 [INFO] [root] [MainThread]: Started processing: GFDLNFO_TICK_03012025\Options\NIFTY09JAN2522850PE.NFO.csv
2025-10-27 10:14:38,637 [INFO] [root] [MainThread]: Successfully processed and saved: ProcessedParquet\nifty_put_03012025.parquet
2025-10-27 10:14:38,638 [INFO] [root] [MainThread]: Started processing: GFDLNFO_TICK_03012025\Options\NIFTY09JAN2522900PE.NFO.csv
2025-10-27 10:14:38,761 [INFO] [root] [MainThread]: Successfully processed and saved: ProcessedParquet\nifty_put_03012025.parquet
2025-10-27 10:14:38,765 [INFO] [root] [MainThread]: Started processing: GFDLNFO_TICK_03012025\Options\NIFTY09JAN2522950PE.NFO.csv
2025-10-27 10:14:38,905 [INFO] [root] [MainThread]: Successfully processed and saved: ProcessedParquet\nifty_put_03012025.parquet
2025-10-27 10:14:38,906 [INFO] [root] [MainThread]: Started processing: GFDLNFO_TICK_03012025\Options\NIFTY09JAN2523000PE.NFO.csv
2025-10-27 10:14:39,083 [INFO] [root] [MainThread]: Successfully processed and saved: ProcessedParquet\nifty_put_03012025.parquet
2025-10-27 10:14:39,086 [INFO] [root] [MainThread]: Started processing: GFDLNFO_TICK_03012025\Options\NIFTY09JAN2523050PE.NFO.csv
2025-10-27 10:14:39,233 [INFO] [root] [MainThread]: Successfully processed and saved: ProcessedParquet\nifty_put_03012025.parquet
2025-10-27 10:14:39,235 [INFO] [root] [MainThread]: Started processing: GFDLNFO_TICK_03012025\Options\NIFTY09JAN2523100PE.NFO.csv
2025-10-27 10:14:39,423 [INFO] [root] [MainThread]: Successfully processed and saved: ProcessedParquet\nifty_put_03012025.parquet
2025-10-27 10:14:39,426 [INFO] [root] [MainThread]: Started processing: GFDLNFO_TICK_03012025\Options\NIFTY09JAN2523150PE.NFO.csv
2025-10-27 10:14:39,597 [INFO] [root] [MainThread]: Successfully processed and saved: ProcessedParquet\nifty_put_03012025.parquet
2025-10-27 10:14:39,601 [INFO] [root] [MainThread]: Started processing: GFDLNFO_TICK_03012025\Options\NIFTY09JAN2523200PE.NFO.csv
2025-10-27 10:14:39,790 [INFO] [root] [MainThread]: Successfully processed and saved: ProcessedParquet\nifty_put_03012025.parquet
2025-10-27 10:14:39,793 [INFO] [root] [MainThread]: Started processing: GFDLNFO_TICK_03012025\Options\NIFTY09JAN2523250PE.NFO.csv
2025-10-27 10:14:40,006 [INFO] [root] [MainThread]: Successfully processed and saved: ProcessedParquet\nifty_put_03012025.parquet
2025-10-27 10:14:40,010 [INFO] [root] [MainThread]: Started processing: GFDLNFO_TICK_03012025\Options\NIFTY09JAN2523300PE.NFO.csv
2025-10-27 10:14:40,225 [INFO] [root] [MainThread]: Successfully processed and saved: ProcessedParquet\nifty_put_03012025.parquet
2025-10-27 10:14:40,229 [INFO] [root] [MainThread]: Started processing: GFDLNFO_TICK_03012025\Options\NIFTY09JAN2523350PE.NFO.csv
2025-10-27 10:14:40,452 [INFO] [root] [MainThread]: Successfully processed and saved: ProcessedParquet\nifty_put_03012025.parquet
2025-10-27 10:14:40,456 [INFO] [root] [MainThread]: Started processing: GFDLNFO_TICK_03012025\Options\NIFTY09JAN2523400PE.NFO.csv
2025-10-27 10:14:40,698 [INFO] [root] [MainThread]: Successfully processed and saved: ProcessedParquet\nifty_put_03012025.parquet
2025-10-27 10:14:40,703 [INFO] [root] [MainThread]: Started processing: GFDLNFO_TICK_03012025\Options\NIFTY09JAN2523450PE.NFO.csv
2025-10-27 10:14:40,950 [INFO] [root] [MainThread]: Successfully processed and saved: ProcessedParquet\nifty_put_03012025.parquet
2025-10-27 10:14:40,954 [INFO] [root] [MainThread]: Started processing: GFDLNFO_TICK_03012025\Options\NIFTY09JAN2523500PE.NFO.csv
2025-10-27 10:14:41,222 [INFO] [root] [MainThread]: Successfully processed and saved: ProcessedParquet\nifty_put_03012025.parquet
2025-10-27 10:14:41,227 [INFO] [root] [MainThread]: Started processing: GFDLNFO_TICK_03012025\Options\NIFTY09JAN2523550PE.NFO.csv
2025-10-27 10:14:41,505 [INFO] [root] [MainThread]: Successfully processed and saved: ProcessedParquet\nifty_put_03012025.parquet
2025-10-27 10:14:41,510 [INFO] [root] [MainThread]: Started processing: GFDLNFO_TICK_03012025\Options\NIFTY09JAN2523600PE.NFO.csv
2025-10-27 10:14:41,800 [INFO] [root] [MainThread]: Successfully processed and saved: ProcessedParquet\nifty_put_03012025.parquet
2025-10-27 10:14:41,805 [INFO] [root] [MainThread]: Started processing: GFDLNFO_TICK_03012025\Options\NIFTY09JAN2523650PE.NFO.csv
2025-10-27 10:14:42,099 [INFO] [root] [MainThread]: Successfully processed and saved: ProcessedParquet\nifty_put_03012025.parquet
2025-10-27 10:14:42,105 [INFO] [root] [MainThread]: Started processing: GFDLNFO_TICK_03012025\Options\NIFTY09JAN2523700PE.NFO.csv
2025-10-27 10:14:42,418 [INFO] [root] [MainThread]: Successfully processed and saved: ProcessedParquet\nifty_put_03012025.parquet
2025-10-27 10:14:42,424 [INFO] [root] [MainThread]: Started processing: GFDLNFO_TICK_03012025\Options\NIFTY09JAN2523750PE.NFO.csv
2025-10-27 10:14:42,771 [INFO] [root] [MainThread]: Successfully processed and saved: ProcessedParquet\nifty_put_03012025.parquet
2025-10-27 10:14:42,779 [INFO] [root] [MainThread]: Started processing: GFDLNFO_TICK_03012025\Options\NIFTY09JAN2523800PE.NFO.csv
2025-10-27 10:14:43,124 [INFO] [root] [MainThread]: Successfully processed and saved: ProcessedParquet\nifty_put_03012025.parquet
2025-10-27 10:14:43,132 [INFO] [root] [MainThread]: Started processing: GFDLNFO_TICK_03012025\Options\NIFTY09JAN2523850PE.NFO.csv
2025-10-27 10:14:43,486 [INFO] [root] [MainThread]: Successfully processed and saved: ProcessedParquet\nifty_put_03012025.parquet
2025-10-27 10:14:43,495 [INFO] [root] [MainThread]: Started processing: GFDLNFO_TICK_03012025\Options\NIFTY09JAN2523900PE.NFO.csv
2025-10-27 10:14:43,844 [INFO] [root] [MainThread]: Successfully processed and saved: ProcessedParquet\nifty_put_03012025.parquet
2025-10-27 10:14:43,852 [INFO] [root] [MainThread]: Started processing: GFDLNFO_TICK_03012025\Options\NIFTY09JAN2523950PE.NFO.csv
2025-10-27 10:14:44,237 [INFO] [root] [MainThread]: Successfully processed and saved: ProcessedParquet\nifty_put_03012025.parquet
2025-10-27 10:14:44,247 [INFO] [root] [MainThread]: Started processing: GFDLNFO_TICK_03012025\Options\NIFTY09JAN2524000PE.NFO.csv
2025-10-27 10:14:44,639 [INFO] [root] [MainThread]: Successfully processed and saved: ProcessedParquet\nifty_put_03012025.parquet
2025-10-27 10:14:44,650 [INFO] [root] [MainThread]: Started processing: GFDLNFO_TICK_03012025\Options\NIFTY09JAN2524050PE.NFO.csv
2025-10-27 10:14:45,051 [INFO] [root] [MainThread]: Successfully processed and saved: ProcessedParquet\nifty_put_03012025.parquet
2025-10-27 10:14:45,060 [INFO] [root] [MainThread]: Started processing: GFDLNFO_TICK_03012025\Options\NIFTY09JAN2524100PE.NFO.csv
2025-10-27 10:14:45,470 [INFO] [root] [MainThread]: Successfully processed and saved: ProcessedParquet\nifty_put_03012025.parquet
2025-10-27 10:14:45,481 [INFO] [root] [MainThread]: Started processing: GFDLNFO_TICK_03012025\Options\NIFTY09JAN2524150PE.NFO.csv
2025-10-27 10:14:45,909 [INFO] [root] [MainThread]: Successfully processed and saved: ProcessedParquet\nifty_put_03012025.parquet
2025-10-27 10:14:45,918 [INFO] [root] [MainThread]: Started processing: GFDLNFO_TICK_03012025\Options\NIFTY09JAN2524200PE.NFO.csv
2025-10-27 10:14:46,365 [INFO] [root] [MainThread]: Successfully processed and saved: ProcessedParquet\nifty_put_03012025.parquet
2025-10-27 10:14:46,374 [INFO] [root] [MainThread]: Started processing: GFDLNFO_TICK_03012025\Options\NIFTY09JAN2524250PE.NFO.csv
2025-10-27 10:14:46,811 [INFO] [root] [MainThread]: Successfully processed and saved: ProcessedParquet\nifty_put_03012025.parquet
2025-10-27 10:14:46,820 [INFO] [root] [MainThread]: Started processing: GFDLNFO_TICK_03012025\Options\NIFTY09JAN2524300PE.NFO.csv
2025-10-27 10:14:47,288 [INFO] [root] [MainThread]: Successfully processed and saved: ProcessedParquet\nifty_put_03012025.parquet
2025-10-27 10:14:47,299 [INFO] [root] [MainThread]: Started processing: GFDLNFO_TICK_03012025\Options\NIFTY09JAN2524350PE.NFO.csv
2025-10-27 10:14:47,734 [INFO] [root] [MainThread]: Successfully processed and saved: ProcessedParquet\nifty_put_03012025.parquet
2025-10-27 10:14:47,745 [INFO] [root] [MainThread]: Started processing: GFDLNFO_TICK_03012025\Options\NIFTY09JAN2524400PE.NFO.csv
2025-10-27 10:14:48,180 [INFO] [root] [MainThread]: Successfully processed and saved: ProcessedParquet\nifty_put_03012025.parquet
2025-10-27 10:14:48,192 [INFO] [root] [MainThread]: Started processing: GFDLNFO_TICK_03012025\Options\NIFTY09JAN2524450PE.NFO.csv
2025-10-27 10:14:48,621 [INFO] [root] [MainThread]: Successfully processed and saved: ProcessedParquet\nifty_put_03012025.parquet
2025-10-27 10:14:48,632 [INFO] [root] [MainThread]: Started processing: GFDLNFO_TICK_03012025\Options\NIFTY09JAN2524500PE.NFO.csv
2025-10-27 10:14:49,074 [INFO] [root] [MainThread]: Successfully processed and saved: ProcessedParquet\nifty_put_03012025.parquet
2025-10-27 10:14:49,083 [INFO] [root] [MainThread]: Started processing: GFDLNFO_TICK_03012025\Options\NIFTY09JAN2524550PE.NFO.csv
2025-10-27 10:14:49,525 [INFO] [root] [MainThread]: Successfully processed and saved: ProcessedParquet\nifty_put_03012025.parquet
2025-10-27 10:14:49,534 [INFO] [root] [MainThread]: Started processing: GFDLNFO_TICK_03012025\Options\NIFTY09JAN2524600PE.NFO.csv
2025-10-27 10:14:49,965 [INFO] [root] [MainThread]: Successfully processed and saved: ProcessedParquet\nifty_put_03012025.parquet
2025-10-27 10:14:49,977 [INFO] [root] [MainThread]: Started processing: GFDLNFO_TICK_03012025\Options\NIFTY09JAN2524650PE.NFO.csv
2025-10-27 10:14:50,403 [INFO] [root] [MainThread]: Successfully processed and saved: ProcessedParquet\nifty_put_03012025.parquet
2025-10-27 10:14:50,414 [INFO] [root] [MainThread]: Started processing: GFDLNFO_TICK_03012025\Options\NIFTY09JAN2524700PE.NFO.csv
2025-10-27 10:14:50,841 [INFO] [root] [MainThread]: Successfully processed and saved: ProcessedParquet\nifty_put_03012025.parquet
2025-10-27 10:14:50,850 [INFO] [root] [MainThread]: Started processing: GFDLNFO_TICK_03012025\Options\NIFTY09JAN2524750PE.NFO.csv
2025-10-27 10:14:51,289 [INFO] [root] [MainThread]: Successfully processed and saved: ProcessedParquet\nifty_put_03012025.parquet
2025-10-27 10:14:51,299 [INFO] [root] [MainThread]: Started processing: GFDLNFO_TICK_03012025\Options\NIFTY09JAN2524800PE.NFO.csv
2025-10-27 10:14:51,757 [INFO] [root] [MainThread]: Successfully processed and saved: ProcessedParquet\nifty_put_03012025.parquet
2025-10-27 10:14:51,768 [INFO] [root] [MainThread]: Started processing: GFDLNFO_TICK_03012025\Options\NIFTY09JAN2524850PE.NFO.csv
2025-10-27 10:14:52,233 [INFO] [root] [MainThread]: Successfully processed and saved: ProcessedParquet\nifty_put_03012025.parquet
2025-10-27 10:14:52,245 [INFO] [root] [MainThread]: Started processing: GFDLNFO_TICK_03012025\Options\NIFTY09JAN2524900PE.NFO.csv
2025-10-27 10:14:52,710 [INFO] [root] [MainThread]: Successfully processed and saved: ProcessedParquet\nifty_put_03012025.parquet
2025-10-27 10:14:52,722 [INFO] [root] [MainThread]: Started processing: GFDLNFO_TICK_03012025\Options\NIFTY09JAN2524950PE.NFO.csv
2025-10-27 10:14:53,187 [INFO] [root] [MainThread]: Successfully processed and saved: ProcessedParquet\nifty_put_03012025.parquet
2025-10-27 10:14:53,198 [INFO] [root] [MainThread]: Started processing: GFDLNFO_TICK_03012025\Options\NIFTY09JAN2525000PE.NFO.csv
2025-10-27 10:14:53,670 [INFO] [root] [MainThread]: Successfully processed and saved: ProcessedParquet\nifty_put_03012025.parquet
2025-10-27 10:14:53,681 [INFO] [root] [MainThread]: Started processing: GFDLNFO_TICK_03012025\Options\NIFTY09JAN2525050PE.NFO.csv
2025-10-27 10:14:54,112 [INFO] [root] [MainThread]: Successfully processed and saved: ProcessedParquet\nifty_put_03012025.parquet
2025-10-27 10:14:54,124 [INFO] [root] [MainThread]: Started processing: GFDLNFO_TICK_03012025\Options\NIFTY09JAN2525100PE.NFO.csv
2025-10-27 10:14:54,586 [INFO] [root] [MainThread]: Successfully processed and saved: ProcessedParquet\nifty_put_03012025.parquet
2025-10-27 10:14:54,597 [INFO] [root] [MainThread]: Started processing: GFDLNFO_TICK_03012025\Options\NIFTY09JAN2525200PE.NFO.csv
2025-10-27 10:14:55,055 [INFO] [root] [MainThread]: Successfully processed and saved: ProcessedParquet\nifty_put_03012025.parquet
2025-10-27 10:14:55,066 [INFO] [root] [MainThread]: Started processing: GFDLNFO_TICK_03012025\Options\NIFTY09JAN2525250PE.NFO.csv
2025-10-27 10:14:55,506 [INFO] [root] [MainThread]: Successfully processed and saved: ProcessedParquet\nifty_put_03012025.parquet
2025-10-27 10:14:55,518 [INFO] [root] [MainThread]: Started processing: GFDLNFO_TICK_03012025\Options\NIFTY09JAN2525300PE.NFO.csv
2025-10-27 10:14:55,973 [INFO] [root] [MainThread]: Successfully processed and saved: ProcessedParquet\nifty_put_03012025.parquet
2025-10-27 10:14:55,986 [INFO] [root] [MainThread]: Started processing: GFDLNFO_TICK_03012025\Options\NIFTY09JAN2525400PE.NFO.csv
2025-10-27 10:14:56,435 [INFO] [root] [MainThread]: Successfully processed and saved: ProcessedParquet\nifty_put_03012025.parquet
2025-10-27 10:14:56,446 [INFO] [root] [MainThread]: Started processing: GFDLNFO_TICK_03012025\Options\NIFTY09JAN2525500PE.NFO.csv
2025-10-27 10:14:56,905 [INFO] [root] [MainThread]: Successfully processed and saved: ProcessedParquet\nifty_put_03012025.parquet
2025-10-27 10:14:56,918 [INFO] [root] [MainThread]: Started processing: GFDLNFO_TICK_03012025\Options\NIFTY09JAN2525600PE.NFO.csv
2025-10-27 10:14:57,374 [INFO] [root] [MainThread]: Successfully processed and saved: ProcessedParquet\nifty_put_03012025.parquet
2025-10-27 10:14:57,387 [INFO] [root] [MainThread]: Started processing: GFDLNFO_TICK_03012025\Options\NIFTY09JAN2525700PE.NFO.csv
2025-10-27 10:14:57,847 [INFO] [root] [MainThread]: Successfully processed and saved: ProcessedParquet\nifty_put_03012025.parquet
2025-10-27 10:14:57,858 [INFO] [root] [MainThread]: Started processing: GFDLNFO_TICK_03012025\Options\NIFTY09JAN2525800PE.NFO.csv
2025-10-27 10:14:58,314 [INFO] [root] [MainThread]: Successfully processed and saved: ProcessedParquet\nifty_put_03012025.parquet
2025-10-27 10:14:58,326 [INFO] [root] [MainThread]: Started processing: GFDLNFO_TICK_03012025\Options\NIFTY09JAN2525900PE.NFO.csv
2025-10-27 10:14:58,779 [INFO] [root] [MainThread]: Successfully processed and saved: ProcessedParquet\nifty_put_03012025.parquet
2025-10-27 10:14:58,790 [INFO] [root] [MainThread]: Started processing: GFDLNFO_TICK_03012025\Options\NIFTY09JAN2526000PE.NFO.csv
2025-10-27 10:14:59,252 [INFO] [root] [MainThread]: Successfully processed and saved: ProcessedParquet\nifty_put_03012025.parquet
2025-10-27 10:14:59,263 [INFO] [root] [MainThread]: Started processing: GFDLNFO_TICK_03012025\Options\NIFTY09JAN2526400PE.NFO.csv
2025-10-27 10:14:59,728 [INFO] [root] [MainThread]: Successfully processed and saved: ProcessedParquet\nifty_put_03012025.parquet
2025-10-27 10:14:59,739 [INFO] [root] [MainThread]: Started processing: GFDLNFO_TICK_03012025\Options\NIFTY09JAN2526500PE.NFO.csv
2025-10-27 10:15:00,198 [INFO] [root] [MainThread]: Successfully processed and saved: ProcessedParquet\nifty_put_03012025.parquet
2025-10-27 10:15:00,208 [INFO] [root] [MainThread]: Started processing: GFDLNFO_TICK_03012025\Options\NIFTY16JAN2521850PE.NFO.csv
2025-10-27 10:15:00,651 [INFO] [root] [MainThread]: Successfully processed and saved: ProcessedParquet\nifty_put_03012025.parquet
2025-10-27 10:15:00,663 [INFO] [root] [MainThread]: Started processing: GFDLNFO_TICK_03012025\Options\NIFTY16JAN2521900PE.NFO.csv
2025-10-27 10:15:01,098 [INFO] [root] [MainThread]: Successfully processed and saved: ProcessedParquet\nifty_put_03012025.parquet
2025-10-27 10:15:01,108 [INFO] [root] [MainThread]: Started processing: GFDLNFO_TICK_03012025\Options\NIFTY16JAN2521950PE.NFO.csv
2025-10-27 10:15:01,553 [INFO] [root] [MainThread]: Successfully processed and saved: ProcessedParquet\nifty_put_03012025.parquet
2025-10-27 10:15:01,565 [INFO] [root] [MainThread]: Started processing: GFDLNFO_TICK_03012025\Options\NIFTY16JAN2522000PE.NFO.csv
2025-10-27 10:15:02,012 [INFO] [root] [MainThread]: Successfully processed and saved: ProcessedParquet\nifty_put_03012025.parquet
2025-10-27 10:15:02,024 [INFO] [root] [MainThread]: Started processing: GFDLNFO_TICK_03012025\Options\NIFTY16JAN2522050PE.NFO.csv
2025-10-27 10:15:02,477 [INFO] [root] [MainThread]: Successfully processed and saved: ProcessedParquet\nifty_put_03012025.parquet
2025-10-27 10:15:02,488 [INFO] [root] [MainThread]: Started processing: GFDLNFO_TICK_03012025\Options\NIFTY16JAN2522100PE.NFO.csv
2025-10-27 10:15:03,311 [INFO] [root] [MainThread]: Successfully processed and saved: ProcessedParquet\nifty_put_03012025.parquet
2025-10-27 10:15:03,325 [INFO] [root] [MainThread]: Started processing: GFDLNFO_TICK_03012025\Options\NIFTY16JAN2522150PE.NFO.csv
2025-10-27 10:15:03,817 [INFO] [root] [MainThread]: Successfully processed and saved: ProcessedParquet\nifty_put_03012025.parquet
2025-10-27 10:15:03,830 [INFO] [root] [MainThread]: Started processing: GFDLNFO_TICK_03012025\Options\NIFTY16JAN2522200PE.NFO.csv
2025-10-27 10:15:04,300 [INFO] [root] [MainThread]: Successfully processed and saved: ProcessedParquet\nifty_put_03012025.parquet
2025-10-27 10:15:04,313 [INFO] [root] [MainThread]: Started processing: GFDLNFO_TICK_03012025\Options\NIFTY16JAN2522250PE.NFO.csv
2025-10-27 10:15:04,761 [INFO] [root] [MainThread]: Successfully processed and saved: ProcessedParquet\nifty_put_03012025.parquet
2025-10-27 10:15:04,771 [INFO] [root] [MainThread]: Started processing: GFDLNFO_TICK_03012025\Options\NIFTY16JAN2522300PE.NFO.csv
2025-10-27 10:15:05,232 [INFO] [root] [MainThread]: Successfully processed and saved: ProcessedParquet\nifty_put_03012025.parquet
2025-10-27 10:15:05,245 [INFO] [root] [MainThread]: Started processing: GFDLNFO_TICK_03012025\Options\NIFTY16JAN2522350PE.NFO.csv
2025-10-27 10:15:05,692 [INFO] [root] [MainThread]: Successfully processed and saved: ProcessedParquet\nifty_put_03012025.parquet
2025-10-27 10:15:05,703 [INFO] [root] [MainThread]: Started processing: GFDLNFO_TICK_03012025\Options\NIFTY16JAN2522400PE.NFO.csv
2025-10-27 10:15:06,149 [INFO] [root] [MainThread]: Successfully processed and saved: ProcessedParquet\nifty_put_03012025.parquet
2025-10-27 10:15:06,162 [INFO] [root] [MainThread]: Started processing: GFDLNFO_TICK_03012025\Options\NIFTY16JAN2522450PE.NFO.csv
2025-10-27 10:15:06,626 [INFO] [root] [MainThread]: Successfully processed and saved: ProcessedParquet\nifty_put_03012025.parquet
2025-10-27 10:15:06,641 [INFO] [root] [MainThread]: Started processing: GFDLNFO_TICK_03012025\Options\NIFTY16JAN2522500PE.NFO.csv
2025-10-27 10:15:07,146 [INFO] [root] [MainThread]: Successfully processed and saved: ProcessedParquet\nifty_put_03012025.parquet
2025-10-27 10:15:07,158 [INFO] [root] [MainThread]: Started processing: GFDLNFO_TICK_03012025\Options\NIFTY16JAN2522550PE.NFO.csv
2025-10-27 10:15:07,620 [INFO] [root] [MainThread]: Successfully processed and saved: ProcessedParquet\nifty_put_03012025.parquet
2025-10-27 10:15:07,632 [INFO] [root] [MainThread]: Started processing: GFDLNFO_TICK_03012025\Options\NIFTY16JAN2522600PE.NFO.csv
2025-10-27 10:15:08,080 [INFO] [root] [MainThread]: Successfully processed and saved: ProcessedParquet\nifty_put_03012025.parquet
2025-10-27 10:15:08,092 [INFO] [root] [MainThread]: Started processing: GFDLNFO_TICK_03012025\Options\NIFTY16JAN2522650PE.NFO.csv
2025-10-27 10:15:08,578 [INFO] [root] [MainThread]: Successfully processed and saved: ProcessedParquet\nifty_put_03012025.parquet
2025-10-27 10:15:08,592 [INFO] [root] [MainThread]: Started processing: GFDLNFO_TICK_03012025\Options\NIFTY16JAN2522700PE.NFO.csv
2025-10-27 10:15:09,071 [INFO] [root] [MainThread]: Successfully processed and saved: ProcessedParquet\nifty_put_03012025.parquet
2025-10-27 10:15:09,082 [INFO] [root] [MainThread]: Started processing: GFDLNFO_TICK_03012025\Options\NIFTY16JAN2522750PE.NFO.csv
2025-10-27 10:15:09,684 [INFO] [root] [MainThread]: Successfully processed and saved: ProcessedParquet\nifty_put_03012025.parquet
2025-10-27 10:15:09,699 [INFO] [root] [MainThread]: Started processing: GFDLNFO_TICK_03012025\Options\NIFTY16JAN2522800PE.NFO.csv
2025-10-27 10:15:10,291 [INFO] [root] [MainThread]: Successfully processed and saved: ProcessedParquet\nifty_put_03012025.parquet
2025-10-27 10:15:10,304 [INFO] [root] [MainThread]: Started processing: GFDLNFO_TICK_03012025\Options\NIFTY16JAN2522850PE.NFO.csv
2025-10-27 10:15:10,773 [INFO] [root] [MainThread]: Successfully processed and saved: ProcessedParquet\nifty_put_03012025.parquet
2025-10-27 10:15:10,785 [INFO] [root] [MainThread]: Started processing: GFDLNFO_TICK_03012025\Options\NIFTY16JAN2522900PE.NFO.csv
2025-10-27 10:15:11,259 [INFO] [root] [MainThread]: Successfully processed and saved: ProcessedParquet\nifty_put_03012025.parquet
2025-10-27 10:15:11,271 [INFO] [root] [MainThread]: Started processing: GFDLNFO_TICK_03012025\Options\NIFTY16JAN2522950PE.NFO.csv
2025-10-27 10:15:11,737 [INFO] [root] [MainThread]: Successfully processed and saved: ProcessedParquet\nifty_put_03012025.parquet
2025-10-27 10:15:11,748 [INFO] [root] [MainThread]: Started processing: GFDLNFO_TICK_03012025\Options\NIFTY16JAN2523000PE.NFO.csv
2025-10-27 10:15:12,229 [INFO] [root] [MainThread]: Successfully processed and saved: ProcessedParquet\nifty_put_03012025.parquet
2025-10-27 10:15:12,242 [INFO] [root] [MainThread]: Started processing: GFDLNFO_TICK_03012025\Options\NIFTY16JAN2523050PE.NFO.csv
2025-10-27 10:15:12,720 [INFO] [root] [MainThread]: Successfully processed and saved: ProcessedParquet\nifty_put_03012025.parquet
2025-10-27 10:15:12,730 [INFO] [root] [MainThread]: Started processing: GFDLNFO_TICK_03012025\Options\NIFTY16JAN2523100PE.NFO.csv
2025-10-27 10:15:13,217 [INFO] [root] [MainThread]: Successfully processed and saved: ProcessedParquet\nifty_put_03012025.parquet
2025-10-27 10:15:13,228 [INFO] [root] [MainThread]: Started processing: GFDLNFO_TICK_03012025\Options\NIFTY16JAN2523150PE.NFO.csv
2025-10-27 10:15:13,696 [INFO] [root] [MainThread]: Successfully processed and saved: ProcessedParquet\nifty_put_03012025.parquet
2025-10-27 10:15:13,709 [INFO] [root] [MainThread]: Started processing: GFDLNFO_TICK_03012025\Options\NIFTY16JAN2523200PE.NFO.csv
2025-10-27 10:15:14,203 [INFO] [root] [MainThread]: Successfully processed and saved: ProcessedParquet\nifty_put_03012025.parquet
2025-10-27 10:15:14,215 [INFO] [root] [MainThread]: Started processing: GFDLNFO_TICK_03012025\Options\NIFTY16JAN2523250PE.NFO.csv
2025-10-27 10:15:14,689 [INFO] [root] [MainThread]: Successfully processed and saved: ProcessedParquet\nifty_put_03012025.parquet
2025-10-27 10:15:14,703 [INFO] [root] [MainThread]: Started processing: GFDLNFO_TICK_03012025\Options\NIFTY16JAN2523300PE.NFO.csv
2025-10-27 10:15:15,210 [INFO] [root] [MainThread]: Successfully processed and saved: ProcessedParquet\nifty_put_03012025.parquet
2025-10-27 10:15:15,223 [INFO] [root] [MainThread]: Started processing: GFDLNFO_TICK_03012025\Options\NIFTY16JAN2523350PE.NFO.csv
2025-10-27 10:15:15,714 [INFO] [root] [MainThread]: Successfully processed and saved: ProcessedParquet\nifty_put_03012025.parquet
2025-10-27 10:15:15,726 [INFO] [root] [MainThread]: Started processing: GFDLNFO_TICK_03012025\Options\NIFTY16JAN2523400PE.NFO.csv
2025-10-27 10:15:16,251 [INFO] [root] [MainThread]: Successfully processed and saved: ProcessedParquet\nifty_put_03012025.parquet
2025-10-27 10:15:16,265 [INFO] [root] [MainThread]: Started processing: GFDLNFO_TICK_03012025\Options\NIFTY16JAN2523450PE.NFO.csv
2025-10-27 10:15:16,766 [INFO] [root] [MainThread]: Successfully processed and saved: ProcessedParquet\nifty_put_03012025.parquet
2025-10-27 10:15:16,779 [INFO] [root] [MainThread]: Started processing: GFDLNFO_TICK_03012025\Options\NIFTY16JAN2523500PE.NFO.csv
2025-10-27 10:15:17,368 [INFO] [root] [MainThread]: Successfully processed and saved: ProcessedParquet\nifty_put_03012025.parquet
2025-10-27 10:15:17,381 [INFO] [root] [MainThread]: Started processing: GFDLNFO_TICK_03012025\Options\NIFTY16JAN2523550PE.NFO.csv
2025-10-27 10:15:17,912 [INFO] [root] [MainThread]: Successfully processed and saved: ProcessedParquet\nifty_put_03012025.parquet
2025-10-27 10:15:17,942 [INFO] [root] [MainThread]: Started processing: GFDLNFO_TICK_03012025\Options\NIFTY16JAN2523600PE.NFO.csv
2025-10-27 10:15:19,161 [INFO] [root] [MainThread]: Successfully processed and saved: ProcessedParquet\nifty_put_03012025.parquet
2025-10-27 10:15:19,178 [INFO] [root] [MainThread]: Started processing: GFDLNFO_TICK_03012025\Options\NIFTY16JAN2523650PE.NFO.csv
2025-10-27 10:15:19,809 [INFO] [root] [MainThread]: Successfully processed and saved: ProcessedParquet\nifty_put_03012025.parquet
2025-10-27 10:15:19,824 [INFO] [root] [MainThread]: Started processing: GFDLNFO_TICK_03012025\Options\NIFTY16JAN2523700PE.NFO.csv
2025-10-27 10:15:20,377 [INFO] [root] [MainThread]: Successfully processed and saved: ProcessedParquet\nifty_put_03012025.parquet
2025-10-27 10:15:20,390 [INFO] [root] [MainThread]: Started processing: GFDLNFO_TICK_03012025\Options\NIFTY16JAN2523750PE.NFO.csv
2025-10-27 10:15:20,901 [INFO] [root] [MainThread]: Successfully processed and saved: ProcessedParquet\nifty_put_03012025.parquet
2025-10-27 10:15:20,915 [INFO] [root] [MainThread]: Started processing: GFDLNFO_TICK_03012025\Options\NIFTY16JAN2523800PE.NFO.csv
2025-10-27 10:15:21,447 [INFO] [root] [MainThread]: Successfully processed and saved: ProcessedParquet\nifty_put_03012025.parquet
2025-10-27 10:15:21,460 [INFO] [root] [MainThread]: Started processing: GFDLNFO_TICK_03012025\Options\NIFTY16JAN2523850PE.NFO.csv
2025-10-27 10:15:21,977 [INFO] [root] [MainThread]: Successfully processed and saved: ProcessedParquet\nifty_put_03012025.parquet
2025-10-27 10:15:21,991 [INFO] [root] [MainThread]: Started processing: GFDLNFO_TICK_03012025\Options\NIFTY16JAN2523900PE.NFO.csv
2025-10-27 10:15:22,525 [INFO] [root] [MainThread]: Successfully processed and saved: ProcessedParquet\nifty_put_03012025.parquet
2025-10-27 10:15:22,537 [INFO] [root] [MainThread]: Started processing: GFDLNFO_TICK_03012025\Options\NIFTY16JAN2523950PE.NFO.csv
2025-10-27 10:15:23,052 [INFO] [root] [MainThread]: Successfully processed and saved: ProcessedParquet\nifty_put_03012025.parquet
2025-10-27 10:15:23,067 [INFO] [root] [MainThread]: Started processing: GFDLNFO_TICK_03012025\Options\NIFTY16JAN2524000PE.NFO.csv
2025-10-27 10:15:23,628 [INFO] [root] [MainThread]: Successfully processed and saved: ProcessedParquet\nifty_put_03012025.parquet
2025-10-27 10:15:23,641 [INFO] [root] [MainThread]: Started processing: GFDLNFO_TICK_03012025\Options\NIFTY16JAN2524050PE.NFO.csv
2025-10-27 10:15:24,166 [INFO] [root] [MainThread]: Successfully processed and saved: ProcessedParquet\nifty_put_03012025.parquet
2025-10-27 10:15:24,179 [INFO] [root] [MainThread]: Started processing: GFDLNFO_TICK_03012025\Options\NIFTY16JAN2524100PE.NFO.csv
2025-10-27 10:15:24,725 [INFO] [root] [MainThread]: Successfully processed and saved: ProcessedParquet\nifty_put_03012025.parquet
2025-10-27 10:15:24,737 [INFO] [root] [MainThread]: Started processing: GFDLNFO_TICK_03012025\Options\NIFTY16JAN2524150PE.NFO.csv
2025-10-27 10:15:25,282 [INFO] [root] [MainThread]: Successfully processed and saved: ProcessedParquet\nifty_put_03012025.parquet
2025-10-27 10:15:25,296 [INFO] [root] [MainThread]: Started processing: GFDLNFO_TICK_03012025\Options\NIFTY16JAN2524200PE.NFO.csv
2025-10-27 10:15:25,845 [INFO] [root] [MainThread]: Successfully processed and saved: ProcessedParquet\nifty_put_03012025.parquet
2025-10-27 10:15:25,859 [INFO] [root] [MainThread]: Started processing: GFDLNFO_TICK_03012025\Options\NIFTY16JAN2524250PE.NFO.csv
2025-10-27 10:15:26,419 [INFO] [root] [MainThread]: Successfully processed and saved: ProcessedParquet\nifty_put_03012025.parquet
2025-10-27 10:15:26,432 [INFO] [root] [MainThread]: Started processing: GFDLNFO_TICK_03012025\Options\NIFTY16JAN2524300PE.NFO.csv
2025-10-27 10:15:26,981 [INFO] [root] [MainThread]: Successfully processed and saved: ProcessedParquet\nifty_put_03012025.parquet
2025-10-27 10:15:26,998 [INFO] [root] [MainThread]: Started processing: GFDLNFO_TICK_03012025\Options\NIFTY16JAN2524350PE.NFO.csv
2025-10-27 10:15:27,540 [INFO] [root] [MainThread]: Successfully processed and saved: ProcessedParquet\nifty_put_03012025.parquet
2025-10-27 10:15:27,554 [INFO] [root] [MainThread]: Started processing: GFDLNFO_TICK_03012025\Options\NIFTY16JAN2524400PE.NFO.csv
2025-10-27 10:15:28,092 [INFO] [root] [MainThread]: Successfully processed and saved: ProcessedParquet\nifty_put_03012025.parquet
2025-10-27 10:15:28,106 [INFO] [root] [MainThread]: Started processing: GFDLNFO_TICK_03012025\Options\NIFTY16JAN2524450PE.NFO.csv
2025-10-27 10:15:28,639 [INFO] [root] [MainThread]: Successfully processed and saved: ProcessedParquet\nifty_put_03012025.parquet
2025-10-27 10:15:28,652 [INFO] [root] [MainThread]: Started processing: GFDLNFO_TICK_03012025\Options\NIFTY16JAN2524500PE.NFO.csv
2025-10-27 10:15:29,201 [INFO] [root] [MainThread]: Successfully processed and saved: ProcessedParquet\nifty_put_03012025.parquet
2025-10-27 10:15:29,214 [INFO] [root] [MainThread]: Started processing: GFDLNFO_TICK_03012025\Options\NIFTY16JAN2524550PE.NFO.csv
2025-10-27 10:15:29,753 [INFO] [root] [MainThread]: Successfully processed and saved: ProcessedParquet\nifty_put_03012025.parquet
2025-10-27 10:15:29,767 [INFO] [root] [MainThread]: Started processing: GFDLNFO_TICK_03012025\Options\NIFTY16JAN2524600PE.NFO.csv
2025-10-27 10:15:30,303 [INFO] [root] [MainThread]: Successfully processed and saved: ProcessedParquet\nifty_put_03012025.parquet
2025-10-27 10:15:30,316 [INFO] [root] [MainThread]: Started processing: GFDLNFO_TICK_03012025\Options\NIFTY16JAN2524700PE.NFO.csv
2025-10-27 10:15:30,846 [INFO] [root] [MainThread]: Successfully processed and saved: ProcessedParquet\nifty_put_03012025.parquet
2025-10-27 10:15:30,860 [INFO] [root] [MainThread]: Started processing: GFDLNFO_TICK_03012025\Options\NIFTY16JAN2524800PE.NFO.csv
2025-10-27 10:15:31,404 [INFO] [root] [MainThread]: Successfully processed and saved: ProcessedParquet\nifty_put_03012025.parquet
2025-10-27 10:15:31,418 [INFO] [root] [MainThread]: Started processing: GFDLNFO_TICK_03012025\Options\NIFTY16JAN2525000PE.NFO.csv
2025-10-27 10:15:31,961 [INFO] [root] [MainThread]: Successfully processed and saved: ProcessedParquet\nifty_put_03012025.parquet
2025-10-27 10:15:31,976 [INFO] [root] [MainThread]: Started processing: GFDLNFO_TICK_03012025\Options\NIFTY16JAN2525500PE.NFO.csv
2025-10-27 10:15:32,518 [INFO] [root] [MainThread]: Successfully processed and saved: ProcessedParquet\nifty_put_03012025.parquet
2025-10-27 10:15:32,531 [INFO] [root] [MainThread]: Started processing: GFDLNFO_TICK_03012025\Options\NIFTY16JAN2526500PE.NFO.csv
2025-10-27 10:15:33,067 [INFO] [root] [MainThread]: Successfully processed and saved: ProcessedParquet\nifty_put_03012025.parquet
2025-10-27 10:15:33,080 [INFO] [root] [MainThread]: Started processing: GFDLNFO_TICK_03012025\Options\NIFTY23JAN2521850PE.NFO.csv
2025-10-27 10:15:33,596 [INFO] [root] [MainThread]: Successfully processed and saved: ProcessedParquet\nifty_put_03012025.parquet
2025-10-27 10:15:33,609 [INFO] [root] [MainThread]: Started processing: GFDLNFO_TICK_03012025\Options\NIFTY23JAN2522000PE.NFO.csv
2025-10-27 10:15:34,141 [INFO] [root] [MainThread]: Successfully processed and saved: ProcessedParquet\nifty_put_03012025.parquet
2025-10-27 10:15:34,155 [INFO] [root] [MainThread]: Started processing: GFDLNFO_TICK_03012025\Options\NIFTY23JAN2522400PE.NFO.csv
2025-10-27 10:15:34,831 [INFO] [root] [MainThread]: Successfully processed and saved: ProcessedParquet\nifty_put_03012025.parquet
2025-10-27 10:15:34,846 [INFO] [root] [MainThread]: Started processing: GFDLNFO_TICK_03012025\Options\NIFTY23JAN2522500PE.NFO.csv
2025-10-27 10:15:35,508 [INFO] [root] [MainThread]: Successfully processed and saved: ProcessedParquet\nifty_put_03012025.parquet
2025-10-27 10:15:35,523 [INFO] [root] [MainThread]: Started processing: GFDLNFO_TICK_03012025\Options\NIFTY23JAN2522600PE.NFO.csv
2025-10-27 10:15:36,051 [INFO] [root] [MainThread]: Successfully processed and saved: ProcessedParquet\nifty_put_03012025.parquet
2025-10-27 10:15:36,066 [INFO] [root] [MainThread]: Started processing: GFDLNFO_TICK_03012025\Options\NIFTY23JAN2522700PE.NFO.csv
2025-10-27 10:15:36,581 [INFO] [root] [MainThread]: Successfully processed and saved: ProcessedParquet\nifty_put_03012025.parquet
2025-10-27 10:15:36,594 [INFO] [root] [MainThread]: Started processing: GFDLNFO_TICK_03012025\Options\NIFTY23JAN2522800PE.NFO.csv
2025-10-27 10:15:37,113 [INFO] [root] [MainThread]: Successfully processed and saved: ProcessedParquet\nifty_put_03012025.parquet
2025-10-27 10:15:37,128 [INFO] [root] [MainThread]: Started processing: GFDLNFO_TICK_03012025\Options\NIFTY23JAN2522900PE.NFO.csv
2025-10-27 10:15:37,714 [INFO] [root] [MainThread]: Successfully processed and saved: ProcessedParquet\nifty_put_03012025.parquet
2025-10-27 10:15:37,731 [INFO] [root] [MainThread]: Started processing: GFDLNFO_TICK_03012025\Options\NIFTY23JAN2522950PE.NFO.csv
2025-10-27 10:15:38,358 [INFO] [root] [MainThread]: Successfully processed and saved: ProcessedParquet\nifty_put_03012025.parquet
2025-10-27 10:15:38,376 [INFO] [root] [MainThread]: Started processing: GFDLNFO_TICK_03012025\Options\NIFTY23JAN2523000PE.NFO.csv
2025-10-27 10:15:39,015 [INFO] [root] [MainThread]: Successfully processed and saved: ProcessedParquet\nifty_put_03012025.parquet
2025-10-27 10:15:39,034 [INFO] [root] [MainThread]: Started processing: GFDLNFO_TICK_03012025\Options\NIFTY23JAN2523100PE.NFO.csv
2025-10-27 10:15:39,724 [INFO] [root] [MainThread]: Successfully processed and saved: ProcessedParquet\nifty_put_03012025.parquet
2025-10-27 10:15:39,739 [INFO] [root] [MainThread]: Started processing: GFDLNFO_TICK_03012025\Options\NIFTY23JAN2523150PE.NFO.csv
2025-10-27 10:15:40,413 [INFO] [root] [MainThread]: Successfully processed and saved: ProcessedParquet\nifty_put_03012025.parquet
2025-10-27 10:15:40,430 [INFO] [root] [MainThread]: Started processing: GFDLNFO_TICK_03012025\Options\NIFTY23JAN2523200PE.NFO.csv
2025-10-27 10:15:40,992 [INFO] [root] [MainThread]: Successfully processed and saved: ProcessedParquet\nifty_put_03012025.parquet
2025-10-27 10:15:41,004 [INFO] [root] [MainThread]: Started processing: GFDLNFO_TICK_03012025\Options\NIFTY23JAN2523250PE.NFO.csv
2025-10-27 10:15:41,528 [INFO] [root] [MainThread]: Successfully processed and saved: ProcessedParquet\nifty_put_03012025.parquet
2025-10-27 10:15:41,542 [INFO] [root] [MainThread]: Started processing: GFDLNFO_TICK_03012025\Options\NIFTY23JAN2523300PE.NFO.csv
2025-10-27 10:15:42,056 [INFO] [root] [MainThread]: Successfully processed and saved: ProcessedParquet\nifty_put_03012025.parquet
2025-10-27 10:15:42,069 [INFO] [root] [MainThread]: Started processing: GFDLNFO_TICK_03012025\Options\NIFTY23JAN2523400PE.NFO.csv
2025-10-27 10:15:42,591 [INFO] [root] [MainThread]: Successfully processed and saved: ProcessedParquet\nifty_put_03012025.parquet
2025-10-27 10:15:42,603 [INFO] [root] [MainThread]: Started processing: GFDLNFO_TICK_03012025\Options\NIFTY23JAN2523450PE.NFO.csv
2025-10-27 10:15:43,134 [INFO] [root] [MainThread]: Successfully processed and saved: ProcessedParquet\nifty_put_03012025.parquet
2025-10-27 10:15:43,148 [INFO] [root] [MainThread]: Started processing: GFDLNFO_TICK_03012025\Options\NIFTY23JAN2523500PE.NFO.csv
2025-10-27 10:15:43,679 [INFO] [root] [MainThread]: Successfully processed and saved: ProcessedParquet\nifty_put_03012025.parquet
2025-10-27 10:15:43,693 [INFO] [root] [MainThread]: Started processing: GFDLNFO_TICK_03012025\Options\NIFTY23JAN2523550PE.NFO.csv
2025-10-27 10:15:44,215 [INFO] [root] [MainThread]: Successfully processed and saved: ProcessedParquet\nifty_put_03012025.parquet
2025-10-27 10:15:44,229 [INFO] [root] [MainThread]: Started processing: GFDLNFO_TICK_03012025\Options\NIFTY23JAN2523600PE.NFO.csv
2025-10-27 10:15:44,749 [INFO] [root] [MainThread]: Successfully processed and saved: ProcessedParquet\nifty_put_03012025.parquet
2025-10-27 10:15:44,762 [INFO] [root] [MainThread]: Started processing: GFDLNFO_TICK_03012025\Options\NIFTY23JAN2523650PE.NFO.csv
2025-10-27 10:15:45,307 [INFO] [root] [MainThread]: Successfully processed and saved: ProcessedParquet\nifty_put_03012025.parquet
2025-10-27 10:15:45,321 [INFO] [root] [MainThread]: Started processing: GFDLNFO_TICK_03012025\Options\NIFTY23JAN2523700PE.NFO.csv
2025-10-27 10:15:45,847 [INFO] [root] [MainThread]: Successfully processed and saved: ProcessedParquet\nifty_put_03012025.parquet
2025-10-27 10:15:45,861 [INFO] [root] [MainThread]: Started processing: GFDLNFO_TICK_03012025\Options\NIFTY23JAN2523750PE.NFO.csv
2025-10-27 10:15:46,391 [INFO] [root] [MainThread]: Successfully processed and saved: ProcessedParquet\nifty_put_03012025.parquet
2025-10-27 10:15:46,404 [INFO] [root] [MainThread]: Started processing: GFDLNFO_TICK_03012025\Options\NIFTY23JAN2523800PE.NFO.csv
2025-10-27 10:15:46,935 [INFO] [root] [MainThread]: Successfully processed and saved: ProcessedParquet\nifty_put_03012025.parquet
2025-10-27 10:15:46,947 [INFO] [root] [MainThread]: Started processing: GFDLNFO_TICK_03012025\Options\NIFTY23JAN2523850PE.NFO.csv
2025-10-27 10:15:47,481 [INFO] [root] [MainThread]: Successfully processed and saved: ProcessedParquet\nifty_put_03012025.parquet
2025-10-27 10:15:47,494 [INFO] [root] [MainThread]: Started processing: GFDLNFO_TICK_03012025\Options\NIFTY23JAN2523900PE.NFO.csv
2025-10-27 10:15:48,022 [INFO] [root] [MainThread]: Successfully processed and saved: ProcessedParquet\nifty_put_03012025.parquet
2025-10-27 10:15:48,034 [INFO] [root] [MainThread]: Started processing: GFDLNFO_TICK_03012025\Options\NIFTY23JAN2523950PE.NFO.csv
2025-10-27 10:15:48,663 [INFO] [root] [MainThread]: Successfully processed and saved: ProcessedParquet\nifty_put_03012025.parquet
2025-10-27 10:15:48,679 [INFO] [root] [MainThread]: Started processing: GFDLNFO_TICK_03012025\Options\NIFTY23JAN2524000PE.NFO.csv
2025-10-27 10:15:49,334 [INFO] [root] [MainThread]: Successfully processed and saved: ProcessedParquet\nifty_put_03012025.parquet
2025-10-27 10:15:49,348 [INFO] [root] [MainThread]: Started processing: GFDLNFO_TICK_03012025\Options\NIFTY23JAN2524050PE.NFO.csv
2025-10-27 10:15:49,881 [INFO] [root] [MainThread]: Successfully processed and saved: ProcessedParquet\nifty_put_03012025.parquet
2025-10-27 10:15:49,895 [INFO] [root] [MainThread]: Started processing: GFDLNFO_TICK_03012025\Options\NIFTY23JAN2524100PE.NFO.csv
2025-10-27 10:15:50,441 [INFO] [root] [MainThread]: Successfully processed and saved: ProcessedParquet\nifty_put_03012025.parquet
2025-10-27 10:15:50,455 [INFO] [root] [MainThread]: Started processing: GFDLNFO_TICK_03012025\Options\NIFTY23JAN2524150PE.NFO.csv
2025-10-27 10:15:51,064 [INFO] [root] [MainThread]: Successfully processed and saved: ProcessedParquet\nifty_put_03012025.parquet
2025-10-27 10:15:51,079 [INFO] [root] [MainThread]: Started processing: GFDLNFO_TICK_03012025\Options\NIFTY23JAN2524200PE.NFO.csv
2025-10-27 10:15:51,746 [INFO] [root] [MainThread]: An uncaught exception occurred: <class 'KeyboardInterrupt'>, , <traceback object at 0x000001F81C8B7B40>
2025-10-27 10:15:51,784 [INFO] [root] [MainThread]: '  File "C:\\parquet_conversion\\prepareTickByTickData_Parquet.py", line 258, in <module>\n    getFinalDatasetToPush(\n    ~~~~~~~~~~~~~~~~~~~~~^\n        dataFilePath=os.path.join(folderpath, symbolFile),\n        ^^^^^^^^^^^^^^^^^^^^^^^^^^^^^^^^^^^^^^^^^^^^^^^^^^\n    ...<8 lines>...\n        isFutureDataFile=False\n        ^^^^^^^^^^^^^^^^^^^^^^\n    )\n    ^\n'
2025-10-27 10:15:51,784 [INFO] [root] [MainThread]: '  File "C:\\parquet_conversion\\prepareTickByTickData_Parquet.py", line 132, in getFinalDatasetToPush\n    combined_df.to_parquet(outputFilePath, index=False, engine=\'pyarrow\', compression=\'snappy\')\n    ~~~~~~~~~~~~~~~~~~~~~~^^^^^^^^^^^^^^^^^^^^^^^^^^^^^^^^^^^^^^^^^^^^^^^^^^^^^^^^^^^^^^^^^^^^^\n'
2025-10-27 10:15:51,784 [INFO] [root] [MainThread]: '  File "C:\\Users\\User\\AppData\\Local\\Programs\\Python\\Python313\\Lib\\site-packages\\pandas\\util\\_decorators.py", line 333, in wrapper\n    return func(*args, **kwargs)\n'
2025-10-27 10:15:51,784 [INFO] [root] [MainThread]: '  File "C:\\Users\\User\\AppData\\Local\\Programs\\Python\\Python313\\Lib\\site-packages\\pandas\\core\\frame.py", line 3124, in to_parquet\n    return to_parquet(\n        self,\n    ...<6 lines>...\n        **kwargs,\n    )\n'
2025-10-27 10:15:51,784 [INFO] [root] [MainThread]: '  File "C:\\Users\\User\\AppData\\Local\\Programs\\Python\\Python313\\Lib\\site-packages\\pandas\\io\\parquet.py", line 482, in to_parquet\n    impl.write(\n    ~~~~~~~~~~^\n        df,\n        ^^^\n    ...<6 lines>...\n        **kwargs,\n        ^^^^^^^^^\n    )\n    ^\n'
2025-10-27 10:15:51,784 [INFO] [root] [MainThread]: '  File "C:\\Users\\User\\AppData\\Local\\Programs\\Python\\Python313\\Lib\\site-packages\\pandas\\io\\parquet.py", line 229, in write\n    self.api.parquet.write_table(\n    ~~~~~~~~~~~~~~~~~~~~~~~~~~~~^\n        table,\n        ^^^^^^\n    ...<3 lines>...\n        **kwargs,\n        ^^^^^^^^^\n    )\n    ^\n'
2025-10-27 10:15:51,784 [INFO] [root] [MainThread]: '  File "C:\\Users\\User\\AppData\\Local\\Programs\\Python\\Python313\\Lib\\site-packages\\pyarrow\\parquet\\core.py", line 1909, in write_table\n    writer.write_table(table, row_group_size=row_group_size)\n    ~~~~~~~~~~~~~~~~~~^^^^^^^^^^^^^^^^^^^^^^^^^^^^^^^^^^^^^^\n'
2025-10-27 10:15:51,784 [INFO] [root] [MainThread]: '  File "C:\\Users\\User\\AppData\\Local\\Programs\\Python\\Python313\\Lib\\site-packages\\pyarrow\\parquet\\core.py", line 1115, in write_table\n    self.writer.write_table(table, row_group_size=row_group_size)\n    ~~~~~~~~~~~~~~~~~~~~~~~^^^^^^^^^^^^^^^^^^^^^^^^^^^^^^^^^^^^^^\n'
