2025-10-27 13:55:48,484 [INFO] [root] [MainThread]: Utility started.
2025-10-27 13:55:48,484 [INFO] [root] [MainThread]: Processing FINNIFTY from NFO exchange
2025-10-27 13:55:48,485 [INFO] [root] [MainThread]: Detected yearly folder structure in NFO\GFDLNFO_TICK_03012025\GFDLNFO_TICK_03012025
2025-10-27 13:55:49,107 [INFO] [root] [MainThread]: No date subfolders found, extracted date 03012025 from parent folder: GFDLNFO_TICK_03012025
2025-10-27 13:55:49,107 [INFO] [root] [MainThread]: Got following folder info {'03012025': {'NFO\\GFDLNFO_TICK_03012025\\GFDLNFO_TICK_03012025'}} for processing {'index': 'FINNIFTY', 'instrument_type': 'put'}.
2025-10-27 13:55:49,118 [INFO] [root] [MainThread]: Started processing folder: NFO\GFDLNFO_TICK_03012025\GFDLNFO_TICK_03012025 for {'index': 'FINNIFTY', 'instrument_type': 'put'}, date: 03012025
2025-10-27 13:55:49,151 [INFO] [root] [MainThread]: Found 70 put option files to process for FINNIFTY.
2025-10-27 13:55:49,151 [INFO] [root] [MainThread]: Started processing: NFO\GFDLNFO_TICK_03012025\GFDLNFO_TICK_03012025\Options\FINNIFTY30JAN2520000PE.NFO.csv
2025-10-27 13:55:49,173 [INFO] [root] [MainThread]: Successfully processed: NFO\GFDLNFO_TICK_03012025\GFDLNFO_TICK_03012025\Options\FINNIFTY30JAN2520000PE.NFO.csv
2025-10-27 13:55:49,174 [INFO] [root] [MainThread]: Started processing: NFO\GFDLNFO_TICK_03012025\GFDLNFO_TICK_03012025\Options\FINNIFTY30JAN2520500PE.NFO.csv
2025-10-27 13:55:49,188 [INFO] [root] [MainThread]: Successfully processed: NFO\GFDLNFO_TICK_03012025\GFDLNFO_TICK_03012025\Options\FINNIFTY30JAN2520500PE.NFO.csv
2025-10-27 13:55:49,189 [INFO] [root] [MainThread]: Started processing: NFO\GFDLNFO_TICK_03012025\GFDLNFO_TICK_03012025\Options\FINNIFTY30JAN2521000PE.NFO.csv
2025-10-27 13:55:49,205 [INFO] [root] [MainThread]: Successfully processed: NFO\GFDLNFO_TICK_03012025\GFDLNFO_TICK_03012025\Options\FINNIFTY30JAN2521000PE.NFO.csv
2025-10-27 13:55:49,206 [INFO] [root] [MainThread]: Started processing: NFO\GFDLNFO_TICK_03012025\GFDLNFO_TICK_03012025\Options\FINNIFTY30JAN2521100PE.NFO.csv
2025-10-27 13:55:49,221 [INFO] [root] [MainThread]: Successfully processed: NFO\GFDLNFO_TICK_03012025\GFDLNFO_TICK_03012025\Options\FINNIFTY30JAN2521100PE.NFO.csv
2025-10-27 13:55:49,222 [INFO] [root] [MainThread]: Started processing: NFO\GFDLNFO_TICK_03012025\GFDLNFO_TICK_03012025\Options\FINNIFTY30JAN2521200PE.NFO.csv
2025-10-27 13:55:49,237 [INFO] [root] [MainThread]: Successfully processed: NFO\GFDLNFO_TICK_03012025\GFDLNFO_TICK_03012025\Options\FINNIFTY30JAN2521200PE.NFO.csv
2025-10-27 13:55:49,237 [INFO] [root] [MainThread]: Started processing: NFO\GFDLNFO_TICK_03012025\GFDLNFO_TICK_03012025\Options\FINNIFTY30JAN2521300PE.NFO.csv
2025-10-27 13:55:49,250 [INFO] [root] [MainThread]: Successfully processed: NFO\GFDLNFO_TICK_03012025\GFDLNFO_TICK_03012025\Options\FINNIFTY30JAN2521300PE.NFO.csv
2025-10-27 13:55:49,250 [INFO] [root] [MainThread]: Started processing: NFO\GFDLNFO_TICK_03012025\GFDLNFO_TICK_03012025\Options\FINNIFTY30JAN2521400PE.NFO.csv
2025-10-27 13:55:49,265 [INFO] [root] [MainThread]: Successfully processed: NFO\GFDLNFO_TICK_03012025\GFDLNFO_TICK_03012025\Options\FINNIFTY30JAN2521400PE.NFO.csv
2025-10-27 13:55:49,265 [INFO] [root] [MainThread]: Started processing: NFO\GFDLNFO_TICK_03012025\GFDLNFO_TICK_03012025\Options\FINNIFTY30JAN2521500PE.NFO.csv
2025-10-27 13:55:49,283 [INFO] [root] [MainThread]: Successfully processed: NFO\GFDLNFO_TICK_03012025\GFDLNFO_TICK_03012025\Options\FINNIFTY30JAN2521500PE.NFO.csv
2025-10-27 13:55:49,283 [INFO] [root] [MainThread]: Started processing: NFO\GFDLNFO_TICK_03012025\GFDLNFO_TICK_03012025\Options\FINNIFTY30JAN2521600PE.NFO.csv
2025-10-27 13:55:49,299 [INFO] [root] [MainThread]: Successfully processed: NFO\GFDLNFO_TICK_03012025\GFDLNFO_TICK_03012025\Options\FINNIFTY30JAN2521600PE.NFO.csv
2025-10-27 13:55:49,299 [INFO] [root] [MainThread]: Started processing: NFO\GFDLNFO_TICK_03012025\GFDLNFO_TICK_03012025\Options\FINNIFTY30JAN2521700PE.NFO.csv
2025-10-27 13:55:49,313 [INFO] [root] [MainThread]: Successfully processed: NFO\GFDLNFO_TICK_03012025\GFDLNFO_TICK_03012025\Options\FINNIFTY30JAN2521700PE.NFO.csv
2025-10-27 13:55:49,314 [INFO] [root] [MainThread]: Started processing: NFO\GFDLNFO_TICK_03012025\GFDLNFO_TICK_03012025\Options\FINNIFTY30JAN2521800PE.NFO.csv
2025-10-27 13:55:49,329 [INFO] [root] [MainThread]: Successfully processed: NFO\GFDLNFO_TICK_03012025\GFDLNFO_TICK_03012025\Options\FINNIFTY30JAN2521800PE.NFO.csv
2025-10-27 13:55:49,329 [INFO] [root] [MainThread]: Started processing: NFO\GFDLNFO_TICK_03012025\GFDLNFO_TICK_03012025\Options\FINNIFTY30JAN2522000PE.NFO.csv
2025-10-27 13:55:49,350 [INFO] [root] [MainThread]: Successfully processed: NFO\GFDLNFO_TICK_03012025\GFDLNFO_TICK_03012025\Options\FINNIFTY30JAN2522000PE.NFO.csv
2025-10-27 13:55:49,351 [INFO] [root] [MainThread]: Started processing: NFO\GFDLNFO_TICK_03012025\GFDLNFO_TICK_03012025\Options\FINNIFTY30JAN2522100PE.NFO.csv
2025-10-27 13:55:49,360 [INFO] [root] [MainThread]: Successfully processed: NFO\GFDLNFO_TICK_03012025\GFDLNFO_TICK_03012025\Options\FINNIFTY30JAN2522100PE.NFO.csv
2025-10-27 13:55:49,360 [INFO] [root] [MainThread]: Started processing: NFO\GFDLNFO_TICK_03012025\GFDLNFO_TICK_03012025\Options\FINNIFTY30JAN2522200PE.NFO.csv
2025-10-27 13:55:49,375 [INFO] [root] [MainThread]: Successfully processed: NFO\GFDLNFO_TICK_03012025\GFDLNFO_TICK_03012025\Options\FINNIFTY30JAN2522200PE.NFO.csv
2025-10-27 13:55:49,375 [INFO] [root] [MainThread]: Started processing: NFO\GFDLNFO_TICK_03012025\GFDLNFO_TICK_03012025\Options\FINNIFTY30JAN2522250PE.NFO.csv
2025-10-27 13:55:49,389 [INFO] [root] [MainThread]: Successfully processed: NFO\GFDLNFO_TICK_03012025\GFDLNFO_TICK_03012025\Options\FINNIFTY30JAN2522250PE.NFO.csv
2025-10-27 13:55:49,389 [INFO] [root] [MainThread]: Started processing: NFO\GFDLNFO_TICK_03012025\GFDLNFO_TICK_03012025\Options\FINNIFTY30JAN2522300PE.NFO.csv
2025-10-27 13:55:49,405 [INFO] [root] [MainThread]: Successfully processed: NFO\GFDLNFO_TICK_03012025\GFDLNFO_TICK_03012025\Options\FINNIFTY30JAN2522300PE.NFO.csv
2025-10-27 13:55:49,406 [INFO] [root] [MainThread]: Started processing: NFO\GFDLNFO_TICK_03012025\GFDLNFO_TICK_03012025\Options\FINNIFTY30JAN2522350PE.NFO.csv
2025-10-27 13:55:49,431 [INFO] [root] [MainThread]: Successfully processed: NFO\GFDLNFO_TICK_03012025\GFDLNFO_TICK_03012025\Options\FINNIFTY30JAN2522350PE.NFO.csv
2025-10-27 13:55:49,431 [INFO] [root] [MainThread]: Started processing: NFO\GFDLNFO_TICK_03012025\GFDLNFO_TICK_03012025\Options\FINNIFTY30JAN2522400PE.NFO.csv
2025-10-27 13:55:49,448 [INFO] [root] [MainThread]: Successfully processed: NFO\GFDLNFO_TICK_03012025\GFDLNFO_TICK_03012025\Options\FINNIFTY30JAN2522400PE.NFO.csv
2025-10-27 13:55:49,449 [INFO] [root] [MainThread]: Started processing: NFO\GFDLNFO_TICK_03012025\GFDLNFO_TICK_03012025\Options\FINNIFTY30JAN2522450PE.NFO.csv
2025-10-27 13:55:49,474 [INFO] [root] [MainThread]: Successfully processed: NFO\GFDLNFO_TICK_03012025\GFDLNFO_TICK_03012025\Options\FINNIFTY30JAN2522450PE.NFO.csv
2025-10-27 13:55:49,474 [INFO] [root] [MainThread]: Started processing: NFO\GFDLNFO_TICK_03012025\GFDLNFO_TICK_03012025\Options\FINNIFTY30JAN2522500PE.NFO.csv
2025-10-27 13:55:49,512 [INFO] [root] [MainThread]: Successfully processed: NFO\GFDLNFO_TICK_03012025\GFDLNFO_TICK_03012025\Options\FINNIFTY30JAN2522500PE.NFO.csv
2025-10-27 13:55:49,512 [INFO] [root] [MainThread]: Started processing: NFO\GFDLNFO_TICK_03012025\GFDLNFO_TICK_03012025\Options\FINNIFTY30JAN2522550PE.NFO.csv
2025-10-27 13:55:49,552 [INFO] [root] [MainThread]: Successfully processed: NFO\GFDLNFO_TICK_03012025\GFDLNFO_TICK_03012025\Options\FINNIFTY30JAN2522550PE.NFO.csv
2025-10-27 13:55:49,552 [INFO] [root] [MainThread]: Started processing: NFO\GFDLNFO_TICK_03012025\GFDLNFO_TICK_03012025\Options\FINNIFTY30JAN2522600PE.NFO.csv
2025-10-27 13:55:49,573 [INFO] [root] [MainThread]: Successfully processed: NFO\GFDLNFO_TICK_03012025\GFDLNFO_TICK_03012025\Options\FINNIFTY30JAN2522600PE.NFO.csv
2025-10-27 13:55:49,573 [INFO] [root] [MainThread]: Started processing: NFO\GFDLNFO_TICK_03012025\GFDLNFO_TICK_03012025\Options\FINNIFTY30JAN2522650PE.NFO.csv
2025-10-27 13:55:49,602 [INFO] [root] [MainThread]: Successfully processed: NFO\GFDLNFO_TICK_03012025\GFDLNFO_TICK_03012025\Options\FINNIFTY30JAN2522650PE.NFO.csv
2025-10-27 13:55:49,603 [INFO] [root] [MainThread]: Started processing: NFO\GFDLNFO_TICK_03012025\GFDLNFO_TICK_03012025\Options\FINNIFTY30JAN2522700PE.NFO.csv
2025-10-27 13:55:49,624 [INFO] [root] [MainThread]: Successfully processed: NFO\GFDLNFO_TICK_03012025\GFDLNFO_TICK_03012025\Options\FINNIFTY30JAN2522700PE.NFO.csv
2025-10-27 13:55:49,624 [INFO] [root] [MainThread]: Started processing: NFO\GFDLNFO_TICK_03012025\GFDLNFO_TICK_03012025\Options\FINNIFTY30JAN2522750PE.NFO.csv
2025-10-27 13:55:49,654 [INFO] [root] [MainThread]: Successfully processed: NFO\GFDLNFO_TICK_03012025\GFDLNFO_TICK_03012025\Options\FINNIFTY30JAN2522750PE.NFO.csv
2025-10-27 13:55:49,654 [INFO] [root] [MainThread]: Started processing: NFO\GFDLNFO_TICK_03012025\GFDLNFO_TICK_03012025\Options\FINNIFTY30JAN2522800PE.NFO.csv
2025-10-27 13:55:49,674 [INFO] [root] [MainThread]: Successfully processed: NFO\GFDLNFO_TICK_03012025\GFDLNFO_TICK_03012025\Options\FINNIFTY30JAN2522800PE.NFO.csv
2025-10-27 13:55:49,675 [INFO] [root] [MainThread]: Started processing: NFO\GFDLNFO_TICK_03012025\GFDLNFO_TICK_03012025\Options\FINNIFTY30JAN2522850PE.NFO.csv
2025-10-27 13:55:49,704 [INFO] [root] [MainThread]: Successfully processed: NFO\GFDLNFO_TICK_03012025\GFDLNFO_TICK_03012025\Options\FINNIFTY30JAN2522850PE.NFO.csv
2025-10-27 13:55:49,704 [INFO] [root] [MainThread]: Started processing: NFO\GFDLNFO_TICK_03012025\GFDLNFO_TICK_03012025\Options\FINNIFTY30JAN2522900PE.NFO.csv
2025-10-27 13:55:49,720 [INFO] [root] [MainThread]: Successfully processed: NFO\GFDLNFO_TICK_03012025\GFDLNFO_TICK_03012025\Options\FINNIFTY30JAN2522900PE.NFO.csv
2025-10-27 13:55:49,720 [INFO] [root] [MainThread]: Started processing: NFO\GFDLNFO_TICK_03012025\GFDLNFO_TICK_03012025\Options\FINNIFTY30JAN2522950PE.NFO.csv
2025-10-27 13:55:49,749 [INFO] [root] [MainThread]: Successfully processed: NFO\GFDLNFO_TICK_03012025\GFDLNFO_TICK_03012025\Options\FINNIFTY30JAN2522950PE.NFO.csv
2025-10-27 13:55:49,749 [INFO] [root] [MainThread]: Started processing: NFO\GFDLNFO_TICK_03012025\GFDLNFO_TICK_03012025\Options\FINNIFTY30JAN2523000PE.NFO.csv
2025-10-27 13:55:49,786 [INFO] [root] [MainThread]: Successfully processed: NFO\GFDLNFO_TICK_03012025\GFDLNFO_TICK_03012025\Options\FINNIFTY30JAN2523000PE.NFO.csv
2025-10-27 13:55:49,787 [INFO] [root] [MainThread]: Started processing: NFO\GFDLNFO_TICK_03012025\GFDLNFO_TICK_03012025\Options\FINNIFTY30JAN2523050PE.NFO.csv
2025-10-27 13:55:49,816 [INFO] [root] [MainThread]: Successfully processed: NFO\GFDLNFO_TICK_03012025\GFDLNFO_TICK_03012025\Options\FINNIFTY30JAN2523050PE.NFO.csv
2025-10-27 13:55:49,816 [INFO] [root] [MainThread]: Started processing: NFO\GFDLNFO_TICK_03012025\GFDLNFO_TICK_03012025\Options\FINNIFTY30JAN2523100PE.NFO.csv
2025-10-27 13:55:49,836 [INFO] [root] [MainThread]: Successfully processed: NFO\GFDLNFO_TICK_03012025\GFDLNFO_TICK_03012025\Options\FINNIFTY30JAN2523100PE.NFO.csv
2025-10-27 13:55:49,836 [INFO] [root] [MainThread]: Started processing: NFO\GFDLNFO_TICK_03012025\GFDLNFO_TICK_03012025\Options\FINNIFTY30JAN2523150PE.NFO.csv
2025-10-27 13:55:49,863 [INFO] [root] [MainThread]: Successfully processed: NFO\GFDLNFO_TICK_03012025\GFDLNFO_TICK_03012025\Options\FINNIFTY30JAN2523150PE.NFO.csv
2025-10-27 13:55:49,863 [INFO] [root] [MainThread]: Started processing: NFO\GFDLNFO_TICK_03012025\GFDLNFO_TICK_03012025\Options\FINNIFTY30JAN2523200PE.NFO.csv
2025-10-27 13:55:49,885 [INFO] [root] [MainThread]: Successfully processed: NFO\GFDLNFO_TICK_03012025\GFDLNFO_TICK_03012025\Options\FINNIFTY30JAN2523200PE.NFO.csv
2025-10-27 13:55:49,885 [INFO] [root] [MainThread]: Started processing: NFO\GFDLNFO_TICK_03012025\GFDLNFO_TICK_03012025\Options\FINNIFTY30JAN2523250PE.NFO.csv
2025-10-27 13:55:49,917 [INFO] [root] [MainThread]: Successfully processed: NFO\GFDLNFO_TICK_03012025\GFDLNFO_TICK_03012025\Options\FINNIFTY30JAN2523250PE.NFO.csv
2025-10-27 13:55:49,918 [INFO] [root] [MainThread]: Started processing: NFO\GFDLNFO_TICK_03012025\GFDLNFO_TICK_03012025\Options\FINNIFTY30JAN2523300PE.NFO.csv
2025-10-27 13:55:49,938 [INFO] [root] [MainThread]: Successfully processed: NFO\GFDLNFO_TICK_03012025\GFDLNFO_TICK_03012025\Options\FINNIFTY30JAN2523300PE.NFO.csv
2025-10-27 13:55:49,938 [INFO] [root] [MainThread]: Started processing: NFO\GFDLNFO_TICK_03012025\GFDLNFO_TICK_03012025\Options\FINNIFTY30JAN2523350PE.NFO.csv
2025-10-27 13:55:49,974 [INFO] [root] [MainThread]: Successfully processed: NFO\GFDLNFO_TICK_03012025\GFDLNFO_TICK_03012025\Options\FINNIFTY30JAN2523350PE.NFO.csv
2025-10-27 13:55:49,975 [INFO] [root] [MainThread]: Started processing: NFO\GFDLNFO_TICK_03012025\GFDLNFO_TICK_03012025\Options\FINNIFTY30JAN2523400PE.NFO.csv
2025-10-27 13:55:50,015 [INFO] [root] [MainThread]: Successfully processed: NFO\GFDLNFO_TICK_03012025\GFDLNFO_TICK_03012025\Options\FINNIFTY30JAN2523400PE.NFO.csv
2025-10-27 13:55:50,015 [INFO] [root] [MainThread]: Started processing: NFO\GFDLNFO_TICK_03012025\GFDLNFO_TICK_03012025\Options\FINNIFTY30JAN2523450PE.NFO.csv
2025-10-27 13:55:50,051 [INFO] [root] [MainThread]: Successfully processed: NFO\GFDLNFO_TICK_03012025\GFDLNFO_TICK_03012025\Options\FINNIFTY30JAN2523450PE.NFO.csv
2025-10-27 13:55:50,051 [INFO] [root] [MainThread]: Started processing: NFO\GFDLNFO_TICK_03012025\GFDLNFO_TICK_03012025\Options\FINNIFTY30JAN2523500PE.NFO.csv
2025-10-27 13:55:50,101 [INFO] [root] [MainThread]: Successfully processed: NFO\GFDLNFO_TICK_03012025\GFDLNFO_TICK_03012025\Options\FINNIFTY30JAN2523500PE.NFO.csv
2025-10-27 13:55:50,101 [INFO] [root] [MainThread]: Started processing: NFO\GFDLNFO_TICK_03012025\GFDLNFO_TICK_03012025\Options\FINNIFTY30JAN2523550PE.NFO.csv
2025-10-27 13:55:50,139 [INFO] [root] [MainThread]: Successfully processed: NFO\GFDLNFO_TICK_03012025\GFDLNFO_TICK_03012025\Options\FINNIFTY30JAN2523550PE.NFO.csv
2025-10-27 13:55:50,139 [INFO] [root] [MainThread]: Started processing: NFO\GFDLNFO_TICK_03012025\GFDLNFO_TICK_03012025\Options\FINNIFTY30JAN2523600PE.NFO.csv
2025-10-27 13:55:50,185 [INFO] [root] [MainThread]: Successfully processed: NFO\GFDLNFO_TICK_03012025\GFDLNFO_TICK_03012025\Options\FINNIFTY30JAN2523600PE.NFO.csv
2025-10-27 13:55:50,185 [INFO] [root] [MainThread]: Started processing: NFO\GFDLNFO_TICK_03012025\GFDLNFO_TICK_03012025\Options\FINNIFTY30JAN2523650PE.NFO.csv
2025-10-27 13:55:50,231 [INFO] [root] [MainThread]: Successfully processed: NFO\GFDLNFO_TICK_03012025\GFDLNFO_TICK_03012025\Options\FINNIFTY30JAN2523650PE.NFO.csv
2025-10-27 13:55:50,231 [INFO] [root] [MainThread]: Started processing: NFO\GFDLNFO_TICK_03012025\GFDLNFO_TICK_03012025\Options\FINNIFTY30JAN2523700PE.NFO.csv
2025-10-27 13:55:50,284 [INFO] [root] [MainThread]: Successfully processed: NFO\GFDLNFO_TICK_03012025\GFDLNFO_TICK_03012025\Options\FINNIFTY30JAN2523700PE.NFO.csv
2025-10-27 13:55:50,284 [INFO] [root] [MainThread]: Started processing: NFO\GFDLNFO_TICK_03012025\GFDLNFO_TICK_03012025\Options\FINNIFTY30JAN2523750PE.NFO.csv
2025-10-27 13:55:50,341 [INFO] [root] [MainThread]: Successfully processed: NFO\GFDLNFO_TICK_03012025\GFDLNFO_TICK_03012025\Options\FINNIFTY30JAN2523750PE.NFO.csv
2025-10-27 13:55:50,342 [INFO] [root] [MainThread]: Started processing: NFO\GFDLNFO_TICK_03012025\GFDLNFO_TICK_03012025\Options\FINNIFTY30JAN2523800PE.NFO.csv
2025-10-27 13:55:50,408 [INFO] [root] [MainThread]: Successfully processed: NFO\GFDLNFO_TICK_03012025\GFDLNFO_TICK_03012025\Options\FINNIFTY30JAN2523800PE.NFO.csv
2025-10-27 13:55:50,409 [INFO] [root] [MainThread]: Started processing: NFO\GFDLNFO_TICK_03012025\GFDLNFO_TICK_03012025\Options\FINNIFTY30JAN2523850PE.NFO.csv
2025-10-27 13:55:50,470 [INFO] [root] [MainThread]: Successfully processed: NFO\GFDLNFO_TICK_03012025\GFDLNFO_TICK_03012025\Options\FINNIFTY30JAN2523850PE.NFO.csv
2025-10-27 13:55:50,470 [INFO] [root] [MainThread]: Started processing: NFO\GFDLNFO_TICK_03012025\GFDLNFO_TICK_03012025\Options\FINNIFTY30JAN2523900PE.NFO.csv
2025-10-27 13:55:50,532 [INFO] [root] [MainThread]: Successfully processed: NFO\GFDLNFO_TICK_03012025\GFDLNFO_TICK_03012025\Options\FINNIFTY30JAN2523900PE.NFO.csv
2025-10-27 13:55:50,532 [INFO] [root] [MainThread]: Started processing: NFO\GFDLNFO_TICK_03012025\GFDLNFO_TICK_03012025\Options\FINNIFTY30JAN2523950PE.NFO.csv
2025-10-27 13:55:50,595 [INFO] [root] [MainThread]: Successfully processed: NFO\GFDLNFO_TICK_03012025\GFDLNFO_TICK_03012025\Options\FINNIFTY30JAN2523950PE.NFO.csv
2025-10-27 13:55:50,595 [INFO] [root] [MainThread]: Started processing: NFO\GFDLNFO_TICK_03012025\GFDLNFO_TICK_03012025\Options\FINNIFTY30JAN2524000PE.NFO.csv
2025-10-27 13:55:50,671 [INFO] [root] [MainThread]: Successfully processed: NFO\GFDLNFO_TICK_03012025\GFDLNFO_TICK_03012025\Options\FINNIFTY30JAN2524000PE.NFO.csv
2025-10-27 13:55:50,671 [INFO] [root] [MainThread]: Started processing: NFO\GFDLNFO_TICK_03012025\GFDLNFO_TICK_03012025\Options\FINNIFTY30JAN2524050PE.NFO.csv
2025-10-27 13:55:50,727 [INFO] [root] [MainThread]: Successfully processed: NFO\GFDLNFO_TICK_03012025\GFDLNFO_TICK_03012025\Options\FINNIFTY30JAN2524050PE.NFO.csv
2025-10-27 13:55:50,727 [INFO] [root] [MainThread]: Started processing: NFO\GFDLNFO_TICK_03012025\GFDLNFO_TICK_03012025\Options\FINNIFTY30JAN2524100PE.NFO.csv
2025-10-27 13:55:50,784 [INFO] [root] [MainThread]: Successfully processed: NFO\GFDLNFO_TICK_03012025\GFDLNFO_TICK_03012025\Options\FINNIFTY30JAN2524100PE.NFO.csv
2025-10-27 13:55:50,784 [INFO] [root] [MainThread]: Started processing: NFO\GFDLNFO_TICK_03012025\GFDLNFO_TICK_03012025\Options\FINNIFTY30JAN2524150PE.NFO.csv
2025-10-27 13:55:50,834 [INFO] [root] [MainThread]: Successfully processed: NFO\GFDLNFO_TICK_03012025\GFDLNFO_TICK_03012025\Options\FINNIFTY30JAN2524150PE.NFO.csv
2025-10-27 13:55:50,835 [INFO] [root] [MainThread]: Started processing: NFO\GFDLNFO_TICK_03012025\GFDLNFO_TICK_03012025\Options\FINNIFTY30JAN2524200PE.NFO.csv
2025-10-27 13:55:50,884 [INFO] [root] [MainThread]: Successfully processed: NFO\GFDLNFO_TICK_03012025\GFDLNFO_TICK_03012025\Options\FINNIFTY30JAN2524200PE.NFO.csv
2025-10-27 13:55:50,884 [INFO] [root] [MainThread]: Started processing: NFO\GFDLNFO_TICK_03012025\GFDLNFO_TICK_03012025\Options\FINNIFTY30JAN2524250PE.NFO.csv
2025-10-27 13:55:50,930 [INFO] [root] [MainThread]: Successfully processed: NFO\GFDLNFO_TICK_03012025\GFDLNFO_TICK_03012025\Options\FINNIFTY30JAN2524250PE.NFO.csv
2025-10-27 13:55:50,930 [INFO] [root] [MainThread]: Started processing: NFO\GFDLNFO_TICK_03012025\GFDLNFO_TICK_03012025\Options\FINNIFTY30JAN2524300PE.NFO.csv
2025-10-27 13:55:50,961 [INFO] [root] [MainThread]: Successfully processed: NFO\GFDLNFO_TICK_03012025\GFDLNFO_TICK_03012025\Options\FINNIFTY30JAN2524300PE.NFO.csv
2025-10-27 13:55:50,962 [INFO] [root] [MainThread]: Started processing: NFO\GFDLNFO_TICK_03012025\GFDLNFO_TICK_03012025\Options\FINNIFTY30JAN2524350PE.NFO.csv
2025-10-27 13:55:51,007 [INFO] [root] [MainThread]: Successfully processed: NFO\GFDLNFO_TICK_03012025\GFDLNFO_TICK_03012025\Options\FINNIFTY30JAN2524350PE.NFO.csv
2025-10-27 13:55:51,007 [INFO] [root] [MainThread]: Started processing: NFO\GFDLNFO_TICK_03012025\GFDLNFO_TICK_03012025\Options\FINNIFTY30JAN2524400PE.NFO.csv
2025-10-27 13:55:51,036 [INFO] [root] [MainThread]: Successfully processed: NFO\GFDLNFO_TICK_03012025\GFDLNFO_TICK_03012025\Options\FINNIFTY30JAN2524400PE.NFO.csv
2025-10-27 13:55:51,036 [INFO] [root] [MainThread]: Started processing: NFO\GFDLNFO_TICK_03012025\GFDLNFO_TICK_03012025\Options\FINNIFTY30JAN2524450PE.NFO.csv
2025-10-27 13:55:51,071 [INFO] [root] [MainThread]: Successfully processed: NFO\GFDLNFO_TICK_03012025\GFDLNFO_TICK_03012025\Options\FINNIFTY30JAN2524450PE.NFO.csv
2025-10-27 13:55:51,071 [INFO] [root] [MainThread]: Started processing: NFO\GFDLNFO_TICK_03012025\GFDLNFO_TICK_03012025\Options\FINNIFTY30JAN2524500PE.NFO.csv
2025-10-27 13:55:51,092 [INFO] [root] [MainThread]: Successfully processed: NFO\GFDLNFO_TICK_03012025\GFDLNFO_TICK_03012025\Options\FINNIFTY30JAN2524500PE.NFO.csv
2025-10-27 13:55:51,092 [INFO] [root] [MainThread]: Started processing: NFO\GFDLNFO_TICK_03012025\GFDLNFO_TICK_03012025\Options\FINNIFTY30JAN2524550PE.NFO.csv
2025-10-27 13:55:51,127 [INFO] [root] [MainThread]: Successfully processed: NFO\GFDLNFO_TICK_03012025\GFDLNFO_TICK_03012025\Options\FINNIFTY30JAN2524550PE.NFO.csv
2025-10-27 13:55:51,127 [INFO] [root] [MainThread]: Started processing: NFO\GFDLNFO_TICK_03012025\GFDLNFO_TICK_03012025\Options\FINNIFTY30JAN2524600PE.NFO.csv
2025-10-27 13:55:51,147 [INFO] [root] [MainThread]: Successfully processed: NFO\GFDLNFO_TICK_03012025\GFDLNFO_TICK_03012025\Options\FINNIFTY30JAN2524600PE.NFO.csv
2025-10-27 13:55:51,147 [INFO] [root] [MainThread]: Started processing: NFO\GFDLNFO_TICK_03012025\GFDLNFO_TICK_03012025\Options\FINNIFTY30JAN2524650PE.NFO.csv
2025-10-27 13:55:51,181 [INFO] [root] [MainThread]: Successfully processed: NFO\GFDLNFO_TICK_03012025\GFDLNFO_TICK_03012025\Options\FINNIFTY30JAN2524650PE.NFO.csv
2025-10-27 13:55:51,181 [INFO] [root] [MainThread]: Started processing: NFO\GFDLNFO_TICK_03012025\GFDLNFO_TICK_03012025\Options\FINNIFTY30JAN2524700PE.NFO.csv
2025-10-27 13:55:51,198 [INFO] [root] [MainThread]: Successfully processed: NFO\GFDLNFO_TICK_03012025\GFDLNFO_TICK_03012025\Options\FINNIFTY30JAN2524700PE.NFO.csv
2025-10-27 13:55:51,198 [INFO] [root] [MainThread]: Started processing: NFO\GFDLNFO_TICK_03012025\GFDLNFO_TICK_03012025\Options\FINNIFTY30JAN2524750PE.NFO.csv
2025-10-27 13:55:51,232 [INFO] [root] [MainThread]: Successfully processed: NFO\GFDLNFO_TICK_03012025\GFDLNFO_TICK_03012025\Options\FINNIFTY30JAN2524750PE.NFO.csv
2025-10-27 13:55:51,232 [INFO] [root] [MainThread]: Started processing: NFO\GFDLNFO_TICK_03012025\GFDLNFO_TICK_03012025\Options\FINNIFTY30JAN2524800PE.NFO.csv
2025-10-27 13:55:51,255 [INFO] [root] [MainThread]: Successfully processed: NFO\GFDLNFO_TICK_03012025\GFDLNFO_TICK_03012025\Options\FINNIFTY30JAN2524800PE.NFO.csv
2025-10-27 13:55:51,256 [INFO] [root] [MainThread]: Started processing: NFO\GFDLNFO_TICK_03012025\GFDLNFO_TICK_03012025\Options\FINNIFTY30JAN2524850PE.NFO.csv
2025-10-27 13:55:51,280 [INFO] [root] [MainThread]: Successfully processed: NFO\GFDLNFO_TICK_03012025\GFDLNFO_TICK_03012025\Options\FINNIFTY30JAN2524850PE.NFO.csv
2025-10-27 13:55:51,281 [INFO] [root] [MainThread]: Started processing: NFO\GFDLNFO_TICK_03012025\GFDLNFO_TICK_03012025\Options\FINNIFTY30JAN2524900PE.NFO.csv
2025-10-27 13:55:51,298 [INFO] [root] [MainThread]: Successfully processed: NFO\GFDLNFO_TICK_03012025\GFDLNFO_TICK_03012025\Options\FINNIFTY30JAN2524900PE.NFO.csv
2025-10-27 13:55:51,298 [INFO] [root] [MainThread]: Started processing: NFO\GFDLNFO_TICK_03012025\GFDLNFO_TICK_03012025\Options\FINNIFTY30JAN2524950PE.NFO.csv
2025-10-27 13:55:51,314 [INFO] [root] [MainThread]: Successfully processed: NFO\GFDLNFO_TICK_03012025\GFDLNFO_TICK_03012025\Options\FINNIFTY30JAN2524950PE.NFO.csv
2025-10-27 13:55:51,314 [INFO] [root] [MainThread]: Started processing: NFO\GFDLNFO_TICK_03012025\GFDLNFO_TICK_03012025\Options\FINNIFTY30JAN2525000PE.NFO.csv
2025-10-27 13:55:51,330 [INFO] [root] [MainThread]: Successfully processed: NFO\GFDLNFO_TICK_03012025\GFDLNFO_TICK_03012025\Options\FINNIFTY30JAN2525000PE.NFO.csv
2025-10-27 13:55:51,330 [INFO] [root] [MainThread]: Combining 70 dataframes...
2025-10-27 13:55:51,348 [INFO] [root] [MainThread]: Writing to ProcessedParquet\finnifty_put_03012025.parquet (43480 rows)...
2025-10-27 13:55:51,441 [INFO] [root] [MainThread]: Successfully saved 70 option files to ProcessedParquet\finnifty_put_03012025.parquet
2025-10-27 13:55:51,441 [INFO] [root] [MainThread]: Utility stopped.
