2025-10-27 11:06:58,504 [INFO] [root] [MainThread]: Utility started.
2025-10-27 11:06:58,504 [INFO] [root] [MainThread]: Processing BANKNIFTY from NFO exchange
2025-10-27 11:06:58,505 [INFO] [root] [MainThread]: Found date 03012025 from folder name: GFDLNFO_TICK_03012025 for exchange NFO
2025-10-27 11:06:58,505 [INFO] [root] [MainThread]: Got following folder info {'03012025': {'GFDLNFO_TICK_03012025'}} for processing {'index': 'BANKNIFTY', 'instrument_type': 'call'}.
2025-10-27 11:06:58,506 [INFO] [root] [MainThread]: Started processing folder: GFDLNFO_TICK_03012025 for {'index': 'BANKNIFTY', 'instrument_type': 'call'}
2025-10-27 11:06:58,562 [INFO] [root] [MainThread]: Found 196 call option files to process for BANKNIFTY.
2025-10-27 11:06:58,564 [INFO] [root] [MainThread]: Started processing: GFDLNFO_TICK_03012025\Options\BANKNIFTY26JUN2552500CE.NFO.csv
2025-10-27 11:06:58,638 [INFO] [root] [MainThread]: Successfully processed: GFDLNFO_TICK_03012025\Options\BANKNIFTY26JUN2552500CE.NFO.csv
2025-10-27 11:06:58,639 [INFO] [root] [MainThread]: Started processing: GFDLNFO_TICK_03012025\Options\BANKNIFTY26JUN2554000CE.NFO.csv
2025-10-27 11:06:58,716 [INFO] [root] [MainThread]: Successfully processed: GFDLNFO_TICK_03012025\Options\BANKNIFTY26JUN2554000CE.NFO.csv
2025-10-27 11:06:58,717 [INFO] [root] [MainThread]: Started processing: GFDLNFO_TICK_03012025\Options\BANKNIFTY26JUN2557000CE.NFO.csv
2025-10-27 11:06:58,749 [INFO] [root] [MainThread]: Successfully processed: GFDLNFO_TICK_03012025\Options\BANKNIFTY26JUN2557000CE.NFO.csv
2025-10-27 11:06:58,749 [INFO] [root] [MainThread]: Started processing: GFDLNFO_TICK_03012025\Options\BANKNIFTY26JUN2558500CE.NFO.csv
2025-10-27 11:06:58,774 [INFO] [root] [MainThread]: Successfully processed: GFDLNFO_TICK_03012025\Options\BANKNIFTY26JUN2558500CE.NFO.csv
2025-10-27 11:06:58,774 [INFO] [root] [MainThread]: Started processing: GFDLNFO_TICK_03012025\Options\BANKNIFTY27FEB2545000CE.NFO.csv
2025-10-27 11:06:58,799 [INFO] [root] [MainThread]: Successfully processed: GFDLNFO_TICK_03012025\Options\BANKNIFTY27FEB2545000CE.NFO.csv
2025-10-27 11:06:58,799 [INFO] [root] [MainThread]: Started processing: GFDLNFO_TICK_03012025\Options\BANKNIFTY27FEB2547000CE.NFO.csv
2025-10-27 11:06:58,856 [INFO] [root] [MainThread]: Successfully processed: GFDLNFO_TICK_03012025\Options\BANKNIFTY27FEB2547000CE.NFO.csv
2025-10-27 11:06:58,856 [INFO] [root] [MainThread]: Started processing: GFDLNFO_TICK_03012025\Options\BANKNIFTY27FEB2548000CE.NFO.csv
2025-10-27 11:06:58,923 [INFO] [root] [MainThread]: Successfully processed: GFDLNFO_TICK_03012025\Options\BANKNIFTY27FEB2548000CE.NFO.csv
2025-10-27 11:06:58,923 [INFO] [root] [MainThread]: Started processing: GFDLNFO_TICK_03012025\Options\BANKNIFTY27FEB2549000CE.NFO.csv
2025-10-27 11:06:58,993 [INFO] [root] [MainThread]: Successfully processed: GFDLNFO_TICK_03012025\Options\BANKNIFTY27FEB2549000CE.NFO.csv
2025-10-27 11:06:58,994 [INFO] [root] [MainThread]: Started processing: GFDLNFO_TICK_03012025\Options\BANKNIFTY27FEB2549500CE.NFO.csv
2025-10-27 11:06:59,047 [INFO] [root] [MainThread]: Successfully processed: GFDLNFO_TICK_03012025\Options\BANKNIFTY27FEB2549500CE.NFO.csv
2025-10-27 11:06:59,047 [INFO] [root] [MainThread]: Started processing: GFDLNFO_TICK_03012025\Options\BANKNIFTY27FEB2549700CE.NFO.csv
2025-10-27 11:06:59,071 [INFO] [root] [MainThread]: Successfully processed: GFDLNFO_TICK_03012025\Options\BANKNIFTY27FEB2549700CE.NFO.csv
2025-10-27 11:06:59,071 [INFO] [root] [MainThread]: Started processing: GFDLNFO_TICK_03012025\Options\BANKNIFTY27FEB2549800CE.NFO.csv
2025-10-27 11:06:59,109 [INFO] [root] [MainThread]: Successfully processed: GFDLNFO_TICK_03012025\Options\BANKNIFTY27FEB2549800CE.NFO.csv
2025-10-27 11:06:59,109 [INFO] [root] [MainThread]: Started processing: GFDLNFO_TICK_03012025\Options\BANKNIFTY27FEB2549900CE.NFO.csv
2025-10-27 11:06:59,170 [INFO] [root] [MainThread]: Successfully processed: GFDLNFO_TICK_03012025\Options\BANKNIFTY27FEB2549900CE.NFO.csv
2025-10-27 11:06:59,170 [INFO] [root] [MainThread]: Started processing: GFDLNFO_TICK_03012025\Options\BANKNIFTY27FEB2550000CE.NFO.csv
2025-10-27 11:06:59,297 [INFO] [root] [MainThread]: Successfully processed: GFDLNFO_TICK_03012025\Options\BANKNIFTY27FEB2550000CE.NFO.csv
2025-10-27 11:06:59,298 [INFO] [root] [MainThread]: Started processing: GFDLNFO_TICK_03012025\Options\BANKNIFTY27FEB2550100CE.NFO.csv
2025-10-27 11:06:59,333 [INFO] [root] [MainThread]: Successfully processed: GFDLNFO_TICK_03012025\Options\BANKNIFTY27FEB2550100CE.NFO.csv
2025-10-27 11:06:59,333 [INFO] [root] [MainThread]: Started processing: GFDLNFO_TICK_03012025\Options\BANKNIFTY27FEB2550200CE.NFO.csv
2025-10-27 11:06:59,383 [INFO] [root] [MainThread]: Successfully processed: GFDLNFO_TICK_03012025\Options\BANKNIFTY27FEB2550200CE.NFO.csv
2025-10-27 11:06:59,384 [INFO] [root] [MainThread]: Started processing: GFDLNFO_TICK_03012025\Options\BANKNIFTY27FEB2550400CE.NFO.csv
2025-10-27 11:06:59,414 [INFO] [root] [MainThread]: Successfully processed: GFDLNFO_TICK_03012025\Options\BANKNIFTY27FEB2550400CE.NFO.csv
2025-10-27 11:06:59,414 [INFO] [root] [MainThread]: Started processing: GFDLNFO_TICK_03012025\Options\BANKNIFTY27FEB2550500CE.NFO.csv
2025-10-27 11:06:59,481 [INFO] [root] [MainThread]: Successfully processed: GFDLNFO_TICK_03012025\Options\BANKNIFTY27FEB2550500CE.NFO.csv
2025-10-27 11:06:59,482 [INFO] [root] [MainThread]: Started processing: GFDLNFO_TICK_03012025\Options\BANKNIFTY27FEB2550600CE.NFO.csv
2025-10-27 11:06:59,507 [INFO] [root] [MainThread]: Successfully processed: GFDLNFO_TICK_03012025\Options\BANKNIFTY27FEB2550600CE.NFO.csv
2025-10-27 11:06:59,507 [INFO] [root] [MainThread]: Started processing: GFDLNFO_TICK_03012025\Options\BANKNIFTY27FEB2550700CE.NFO.csv
2025-10-27 11:06:59,575 [INFO] [root] [MainThread]: Successfully processed: GFDLNFO_TICK_03012025\Options\BANKNIFTY27FEB2550700CE.NFO.csv
2025-10-27 11:06:59,575 [INFO] [root] [MainThread]: Started processing: GFDLNFO_TICK_03012025\Options\BANKNIFTY27FEB2550800CE.NFO.csv
2025-10-27 11:06:59,654 [INFO] [root] [MainThread]: Successfully processed: GFDLNFO_TICK_03012025\Options\BANKNIFTY27FEB2550800CE.NFO.csv
2025-10-27 11:06:59,654 [INFO] [root] [MainThread]: Started processing: GFDLNFO_TICK_03012025\Options\BANKNIFTY27FEB2550900CE.NFO.csv
2025-10-27 11:06:59,736 [INFO] [root] [MainThread]: Successfully processed: GFDLNFO_TICK_03012025\Options\BANKNIFTY27FEB2550900CE.NFO.csv
2025-10-27 11:06:59,736 [INFO] [root] [MainThread]: Started processing: GFDLNFO_TICK_03012025\Options\BANKNIFTY27FEB2551000CE.NFO.csv
2025-10-27 11:06:59,825 [INFO] [root] [MainThread]: Successfully processed: GFDLNFO_TICK_03012025\Options\BANKNIFTY27FEB2551000CE.NFO.csv
2025-10-27 11:06:59,826 [INFO] [root] [MainThread]: Started processing: GFDLNFO_TICK_03012025\Options\BANKNIFTY27FEB2551100CE.NFO.csv
2025-10-27 11:06:59,900 [INFO] [root] [MainThread]: Successfully processed: GFDLNFO_TICK_03012025\Options\BANKNIFTY27FEB2551100CE.NFO.csv
2025-10-27 11:06:59,901 [INFO] [root] [MainThread]: Started processing: GFDLNFO_TICK_03012025\Options\BANKNIFTY27FEB2551200CE.NFO.csv
2025-10-27 11:06:59,969 [INFO] [root] [MainThread]: Successfully processed: GFDLNFO_TICK_03012025\Options\BANKNIFTY27FEB2551200CE.NFO.csv
2025-10-27 11:06:59,969 [INFO] [root] [MainThread]: Started processing: GFDLNFO_TICK_03012025\Options\BANKNIFTY27FEB2551300CE.NFO.csv
2025-10-27 11:07:00,070 [INFO] [root] [MainThread]: Successfully processed: GFDLNFO_TICK_03012025\Options\BANKNIFTY27FEB2551300CE.NFO.csv
2025-10-27 11:07:00,070 [INFO] [root] [MainThread]: Started processing: GFDLNFO_TICK_03012025\Options\BANKNIFTY27FEB2551400CE.NFO.csv
2025-10-27 11:07:00,177 [INFO] [root] [MainThread]: Successfully processed: GFDLNFO_TICK_03012025\Options\BANKNIFTY27FEB2551400CE.NFO.csv
2025-10-27 11:07:00,177 [INFO] [root] [MainThread]: Started processing: GFDLNFO_TICK_03012025\Options\BANKNIFTY27FEB2551500CE.NFO.csv
2025-10-27 11:07:00,282 [INFO] [root] [MainThread]: Successfully processed: GFDLNFO_TICK_03012025\Options\BANKNIFTY27FEB2551500CE.NFO.csv
2025-10-27 11:07:00,282 [INFO] [root] [MainThread]: Started processing: GFDLNFO_TICK_03012025\Options\BANKNIFTY27FEB2551600CE.NFO.csv
2025-10-27 11:07:00,420 [INFO] [root] [MainThread]: Successfully processed: GFDLNFO_TICK_03012025\Options\BANKNIFTY27FEB2551600CE.NFO.csv
2025-10-27 11:07:00,421 [INFO] [root] [MainThread]: Started processing: GFDLNFO_TICK_03012025\Options\BANKNIFTY27FEB2551700CE.NFO.csv
2025-10-27 11:07:00,552 [INFO] [root] [MainThread]: Successfully processed: GFDLNFO_TICK_03012025\Options\BANKNIFTY27FEB2551700CE.NFO.csv
2025-10-27 11:07:00,553 [INFO] [root] [MainThread]: Started processing: GFDLNFO_TICK_03012025\Options\BANKNIFTY27FEB2551800CE.NFO.csv
2025-10-27 11:07:00,680 [INFO] [root] [MainThread]: Successfully processed: GFDLNFO_TICK_03012025\Options\BANKNIFTY27FEB2551800CE.NFO.csv
2025-10-27 11:07:00,680 [INFO] [root] [MainThread]: Started processing: GFDLNFO_TICK_03012025\Options\BANKNIFTY27FEB2551900CE.NFO.csv
2025-10-27 11:07:00,808 [INFO] [root] [MainThread]: Successfully processed: GFDLNFO_TICK_03012025\Options\BANKNIFTY27FEB2551900CE.NFO.csv
2025-10-27 11:07:00,808 [INFO] [root] [MainThread]: Started processing: GFDLNFO_TICK_03012025\Options\BANKNIFTY27FEB2552000CE.NFO.csv
2025-10-27 11:07:00,974 [INFO] [root] [MainThread]: Successfully processed: GFDLNFO_TICK_03012025\Options\BANKNIFTY27FEB2552000CE.NFO.csv
2025-10-27 11:07:00,974 [INFO] [root] [MainThread]: Started processing: GFDLNFO_TICK_03012025\Options\BANKNIFTY27FEB2552100CE.NFO.csv
2025-10-27 11:07:01,088 [INFO] [root] [MainThread]: Successfully processed: GFDLNFO_TICK_03012025\Options\BANKNIFTY27FEB2552100CE.NFO.csv
2025-10-27 11:07:01,089 [INFO] [root] [MainThread]: Started processing: GFDLNFO_TICK_03012025\Options\BANKNIFTY27FEB2552200CE.NFO.csv
2025-10-27 11:07:01,211 [INFO] [root] [MainThread]: Successfully processed: GFDLNFO_TICK_03012025\Options\BANKNIFTY27FEB2552200CE.NFO.csv
2025-10-27 11:07:01,211 [INFO] [root] [MainThread]: Started processing: GFDLNFO_TICK_03012025\Options\BANKNIFTY27FEB2552300CE.NFO.csv
2025-10-27 11:07:01,334 [INFO] [root] [MainThread]: Successfully processed: GFDLNFO_TICK_03012025\Options\BANKNIFTY27FEB2552300CE.NFO.csv
2025-10-27 11:07:01,335 [INFO] [root] [MainThread]: Started processing: GFDLNFO_TICK_03012025\Options\BANKNIFTY27FEB2552400CE.NFO.csv
2025-10-27 11:07:01,446 [INFO] [root] [MainThread]: Successfully processed: GFDLNFO_TICK_03012025\Options\BANKNIFTY27FEB2552400CE.NFO.csv
2025-10-27 11:07:01,447 [INFO] [root] [MainThread]: Started processing: GFDLNFO_TICK_03012025\Options\BANKNIFTY27FEB2552500CE.NFO.csv
2025-10-27 11:07:01,590 [INFO] [root] [MainThread]: Successfully processed: GFDLNFO_TICK_03012025\Options\BANKNIFTY27FEB2552500CE.NFO.csv
2025-10-27 11:07:01,591 [INFO] [root] [MainThread]: Started processing: GFDLNFO_TICK_03012025\Options\BANKNIFTY27FEB2552600CE.NFO.csv
2025-10-27 11:07:01,722 [INFO] [root] [MainThread]: Successfully processed: GFDLNFO_TICK_03012025\Options\BANKNIFTY27FEB2552600CE.NFO.csv
2025-10-27 11:07:01,722 [INFO] [root] [MainThread]: Started processing: GFDLNFO_TICK_03012025\Options\BANKNIFTY27FEB2552700CE.NFO.csv
2025-10-27 11:07:01,850 [INFO] [root] [MainThread]: Successfully processed: GFDLNFO_TICK_03012025\Options\BANKNIFTY27FEB2552700CE.NFO.csv
2025-10-27 11:07:01,851 [INFO] [root] [MainThread]: Started processing: GFDLNFO_TICK_03012025\Options\BANKNIFTY27FEB2552800CE.NFO.csv
2025-10-27 11:07:01,955 [INFO] [root] [MainThread]: Successfully processed: GFDLNFO_TICK_03012025\Options\BANKNIFTY27FEB2552800CE.NFO.csv
2025-10-27 11:07:01,956 [INFO] [root] [MainThread]: Started processing: GFDLNFO_TICK_03012025\Options\BANKNIFTY27FEB2552900CE.NFO.csv
2025-10-27 11:07:02,048 [INFO] [root] [MainThread]: Successfully processed: GFDLNFO_TICK_03012025\Options\BANKNIFTY27FEB2552900CE.NFO.csv
2025-10-27 11:07:02,048 [INFO] [root] [MainThread]: Started processing: GFDLNFO_TICK_03012025\Options\BANKNIFTY27FEB2553000CE.NFO.csv
2025-10-27 11:07:02,189 [INFO] [root] [MainThread]: Successfully processed: GFDLNFO_TICK_03012025\Options\BANKNIFTY27FEB2553000CE.NFO.csv
2025-10-27 11:07:02,190 [INFO] [root] [MainThread]: Started processing: GFDLNFO_TICK_03012025\Options\BANKNIFTY27FEB2553100CE.NFO.csv
2025-10-27 11:07:02,336 [INFO] [root] [MainThread]: Successfully processed: GFDLNFO_TICK_03012025\Options\BANKNIFTY27FEB2553100CE.NFO.csv
2025-10-27 11:07:02,337 [INFO] [root] [MainThread]: Started processing: GFDLNFO_TICK_03012025\Options\BANKNIFTY27FEB2553200CE.NFO.csv
2025-10-27 11:07:02,433 [INFO] [root] [MainThread]: Successfully processed: GFDLNFO_TICK_03012025\Options\BANKNIFTY27FEB2553200CE.NFO.csv
2025-10-27 11:07:02,433 [INFO] [root] [MainThread]: Started processing: GFDLNFO_TICK_03012025\Options\BANKNIFTY27FEB2553300CE.NFO.csv
2025-10-27 11:07:02,495 [INFO] [root] [MainThread]: Successfully processed: GFDLNFO_TICK_03012025\Options\BANKNIFTY27FEB2553300CE.NFO.csv
2025-10-27 11:07:02,496 [INFO] [root] [MainThread]: Started processing: GFDLNFO_TICK_03012025\Options\BANKNIFTY27FEB2553400CE.NFO.csv
2025-10-27 11:07:02,547 [INFO] [root] [MainThread]: Successfully processed: GFDLNFO_TICK_03012025\Options\BANKNIFTY27FEB2553400CE.NFO.csv
2025-10-27 11:07:02,547 [INFO] [root] [MainThread]: Started processing: GFDLNFO_TICK_03012025\Options\BANKNIFTY27FEB2553500CE.NFO.csv
2025-10-27 11:07:02,632 [INFO] [root] [MainThread]: Successfully processed: GFDLNFO_TICK_03012025\Options\BANKNIFTY27FEB2553500CE.NFO.csv
2025-10-27 11:07:02,632 [INFO] [root] [MainThread]: Started processing: GFDLNFO_TICK_03012025\Options\BANKNIFTY27FEB2553600CE.NFO.csv
2025-10-27 11:07:02,803 [INFO] [root] [MainThread]: Successfully processed: GFDLNFO_TICK_03012025\Options\BANKNIFTY27FEB2553600CE.NFO.csv
2025-10-27 11:07:02,804 [INFO] [root] [MainThread]: Started processing: GFDLNFO_TICK_03012025\Options\BANKNIFTY27FEB2553700CE.NFO.csv
2025-10-27 11:07:03,083 [INFO] [root] [MainThread]: Successfully processed: GFDLNFO_TICK_03012025\Options\BANKNIFTY27FEB2553700CE.NFO.csv
2025-10-27 11:07:03,084 [INFO] [root] [MainThread]: Started processing: GFDLNFO_TICK_03012025\Options\BANKNIFTY27FEB2553800CE.NFO.csv
2025-10-27 11:07:03,238 [INFO] [root] [MainThread]: Successfully processed: GFDLNFO_TICK_03012025\Options\BANKNIFTY27FEB2553800CE.NFO.csv
2025-10-27 11:07:03,239 [INFO] [root] [MainThread]: Started processing: GFDLNFO_TICK_03012025\Options\BANKNIFTY27FEB2553900CE.NFO.csv
2025-10-27 11:07:03,420 [INFO] [root] [MainThread]: Successfully processed: GFDLNFO_TICK_03012025\Options\BANKNIFTY27FEB2553900CE.NFO.csv
2025-10-27 11:07:03,420 [INFO] [root] [MainThread]: Started processing: GFDLNFO_TICK_03012025\Options\BANKNIFTY27FEB2554000CE.NFO.csv
2025-10-27 11:07:03,852 [INFO] [root] [MainThread]: Successfully processed: GFDLNFO_TICK_03012025\Options\BANKNIFTY27FEB2554000CE.NFO.csv
2025-10-27 11:07:03,855 [INFO] [root] [MainThread]: Started processing: GFDLNFO_TICK_03012025\Options\BANKNIFTY27FEB2554100CE.NFO.csv
2025-10-27 11:07:03,986 [INFO] [root] [MainThread]: Successfully processed: GFDLNFO_TICK_03012025\Options\BANKNIFTY27FEB2554100CE.NFO.csv
2025-10-27 11:07:03,987 [INFO] [root] [MainThread]: Started processing: GFDLNFO_TICK_03012025\Options\BANKNIFTY27FEB2554200CE.NFO.csv
2025-10-27 11:07:04,136 [INFO] [root] [MainThread]: Successfully processed: GFDLNFO_TICK_03012025\Options\BANKNIFTY27FEB2554200CE.NFO.csv
2025-10-27 11:07:04,136 [INFO] [root] [MainThread]: Started processing: GFDLNFO_TICK_03012025\Options\BANKNIFTY27FEB2554300CE.NFO.csv
2025-10-27 11:07:04,245 [INFO] [root] [MainThread]: Successfully processed: GFDLNFO_TICK_03012025\Options\BANKNIFTY27FEB2554300CE.NFO.csv
2025-10-27 11:07:04,246 [INFO] [root] [MainThread]: Started processing: GFDLNFO_TICK_03012025\Options\BANKNIFTY27FEB2554400CE.NFO.csv
2025-10-27 11:07:04,377 [INFO] [root] [MainThread]: Successfully processed: GFDLNFO_TICK_03012025\Options\BANKNIFTY27FEB2554400CE.NFO.csv
2025-10-27 11:07:04,379 [INFO] [root] [MainThread]: Started processing: GFDLNFO_TICK_03012025\Options\BANKNIFTY27FEB2554500CE.NFO.csv
2025-10-27 11:07:04,708 [INFO] [root] [MainThread]: Successfully processed: GFDLNFO_TICK_03012025\Options\BANKNIFTY27FEB2554500CE.NFO.csv
2025-10-27 11:07:04,708 [INFO] [root] [MainThread]: Started processing: GFDLNFO_TICK_03012025\Options\BANKNIFTY27FEB2554600CE.NFO.csv
2025-10-27 11:07:04,792 [INFO] [root] [MainThread]: Successfully processed: GFDLNFO_TICK_03012025\Options\BANKNIFTY27FEB2554600CE.NFO.csv
2025-10-27 11:07:04,793 [INFO] [root] [MainThread]: Started processing: GFDLNFO_TICK_03012025\Options\BANKNIFTY27FEB2554800CE.NFO.csv
2025-10-27 11:07:04,884 [INFO] [root] [MainThread]: Successfully processed: GFDLNFO_TICK_03012025\Options\BANKNIFTY27FEB2554800CE.NFO.csv
2025-10-27 11:07:04,885 [INFO] [root] [MainThread]: Started processing: GFDLNFO_TICK_03012025\Options\BANKNIFTY27FEB2554900CE.NFO.csv
2025-10-27 11:07:04,968 [INFO] [root] [MainThread]: Successfully processed: GFDLNFO_TICK_03012025\Options\BANKNIFTY27FEB2554900CE.NFO.csv
2025-10-27 11:07:04,969 [INFO] [root] [MainThread]: Started processing: GFDLNFO_TICK_03012025\Options\BANKNIFTY27FEB2555000CE.NFO.csv
2025-10-27 11:07:05,324 [INFO] [root] [MainThread]: Successfully processed: GFDLNFO_TICK_03012025\Options\BANKNIFTY27FEB2555000CE.NFO.csv
2025-10-27 11:07:05,325 [INFO] [root] [MainThread]: Started processing: GFDLNFO_TICK_03012025\Options\BANKNIFTY27FEB2555100CE.NFO.csv
2025-10-27 11:07:05,477 [INFO] [root] [MainThread]: Successfully processed: GFDLNFO_TICK_03012025\Options\BANKNIFTY27FEB2555100CE.NFO.csv
2025-10-27 11:07:05,478 [INFO] [root] [MainThread]: Started processing: GFDLNFO_TICK_03012025\Options\BANKNIFTY27FEB2555300CE.NFO.csv
2025-10-27 11:07:05,595 [INFO] [root] [MainThread]: Successfully processed: GFDLNFO_TICK_03012025\Options\BANKNIFTY27FEB2555300CE.NFO.csv
2025-10-27 11:07:05,596 [INFO] [root] [MainThread]: Started processing: GFDLNFO_TICK_03012025\Options\BANKNIFTY27FEB2555500CE.NFO.csv
2025-10-27 11:07:05,836 [INFO] [root] [MainThread]: Successfully processed: GFDLNFO_TICK_03012025\Options\BANKNIFTY27FEB2555500CE.NFO.csv
2025-10-27 11:07:05,837 [INFO] [root] [MainThread]: Started processing: GFDLNFO_TICK_03012025\Options\BANKNIFTY27FEB2556000CE.NFO.csv
2025-10-27 11:07:06,116 [INFO] [root] [MainThread]: Successfully processed: GFDLNFO_TICK_03012025\Options\BANKNIFTY27FEB2556000CE.NFO.csv
2025-10-27 11:07:06,117 [INFO] [root] [MainThread]: Started processing: GFDLNFO_TICK_03012025\Options\BANKNIFTY27FEB2556500CE.NFO.csv
2025-10-27 11:07:06,258 [INFO] [root] [MainThread]: Successfully processed: GFDLNFO_TICK_03012025\Options\BANKNIFTY27FEB2556500CE.NFO.csv
2025-10-27 11:07:06,258 [INFO] [root] [MainThread]: Started processing: GFDLNFO_TICK_03012025\Options\BANKNIFTY27FEB2557000CE.NFO.csv
2025-10-27 11:07:06,426 [INFO] [root] [MainThread]: Successfully processed: GFDLNFO_TICK_03012025\Options\BANKNIFTY27FEB2557000CE.NFO.csv
2025-10-27 11:07:06,427 [INFO] [root] [MainThread]: Started processing: GFDLNFO_TICK_03012025\Options\BANKNIFTY27FEB2557500CE.NFO.csv
2025-10-27 11:07:06,480 [INFO] [root] [MainThread]: Successfully processed: GFDLNFO_TICK_03012025\Options\BANKNIFTY27FEB2557500CE.NFO.csv
2025-10-27 11:07:06,481 [INFO] [root] [MainThread]: Started processing: GFDLNFO_TICK_03012025\Options\BANKNIFTY27FEB2558000CE.NFO.csv
2025-10-27 11:07:06,580 [INFO] [root] [MainThread]: Successfully processed: GFDLNFO_TICK_03012025\Options\BANKNIFTY27FEB2558000CE.NFO.csv
2025-10-27 11:07:06,580 [INFO] [root] [MainThread]: Started processing: GFDLNFO_TICK_03012025\Options\BANKNIFTY27FEB2558500CE.NFO.csv
2025-10-27 11:07:06,647 [INFO] [root] [MainThread]: Successfully processed: GFDLNFO_TICK_03012025\Options\BANKNIFTY27FEB2558500CE.NFO.csv
2025-10-27 11:07:06,648 [INFO] [root] [MainThread]: Started processing: GFDLNFO_TICK_03012025\Options\BANKNIFTY27FEB2559000CE.NFO.csv
2025-10-27 11:07:06,704 [INFO] [root] [MainThread]: Successfully processed: GFDLNFO_TICK_03012025\Options\BANKNIFTY27FEB2559000CE.NFO.csv
2025-10-27 11:07:06,705 [INFO] [root] [MainThread]: Started processing: GFDLNFO_TICK_03012025\Options\BANKNIFTY27FEB2559500CE.NFO.csv
2025-10-27 11:07:06,766 [INFO] [root] [MainThread]: Successfully processed: GFDLNFO_TICK_03012025\Options\BANKNIFTY27FEB2559500CE.NFO.csv
2025-10-27 11:07:06,766 [INFO] [root] [MainThread]: Started processing: GFDLNFO_TICK_03012025\Options\BANKNIFTY27FEB2560000CE.NFO.csv
2025-10-27 11:07:06,815 [INFO] [root] [MainThread]: Successfully processed: GFDLNFO_TICK_03012025\Options\BANKNIFTY27FEB2560000CE.NFO.csv
2025-10-27 11:07:06,815 [INFO] [root] [MainThread]: Started processing: GFDLNFO_TICK_03012025\Options\BANKNIFTY27FEB2560500CE.NFO.csv
2025-10-27 11:07:06,862 [INFO] [root] [MainThread]: Successfully processed: GFDLNFO_TICK_03012025\Options\BANKNIFTY27FEB2560500CE.NFO.csv
2025-10-27 11:07:06,862 [INFO] [root] [MainThread]: Started processing: GFDLNFO_TICK_03012025\Options\BANKNIFTY27FEB2561000CE.NFO.csv
2025-10-27 11:07:06,900 [INFO] [root] [MainThread]: Successfully processed: GFDLNFO_TICK_03012025\Options\BANKNIFTY27FEB2561000CE.NFO.csv
2025-10-27 11:07:06,901 [INFO] [root] [MainThread]: Started processing: GFDLNFO_TICK_03012025\Options\BANKNIFTY27MAR2548300CE.NFO.csv
2025-10-27 11:07:06,945 [INFO] [root] [MainThread]: Successfully processed: GFDLNFO_TICK_03012025\Options\BANKNIFTY27MAR2548300CE.NFO.csv
2025-10-27 11:07:06,945 [INFO] [root] [MainThread]: Started processing: GFDLNFO_TICK_03012025\Options\BANKNIFTY27MAR2548400CE.NFO.csv
2025-10-27 11:07:06,982 [INFO] [root] [MainThread]: Successfully processed: GFDLNFO_TICK_03012025\Options\BANKNIFTY27MAR2548400CE.NFO.csv
2025-10-27 11:07:06,982 [INFO] [root] [MainThread]: Started processing: GFDLNFO_TICK_03012025\Options\BANKNIFTY27MAR2548600CE.NFO.csv
2025-10-27 11:07:07,015 [INFO] [root] [MainThread]: Successfully processed: GFDLNFO_TICK_03012025\Options\BANKNIFTY27MAR2548600CE.NFO.csv
2025-10-27 11:07:07,016 [INFO] [root] [MainThread]: Started processing: GFDLNFO_TICK_03012025\Options\BANKNIFTY27MAR2548900CE.NFO.csv
2025-10-27 11:07:07,059 [INFO] [root] [MainThread]: Successfully processed: GFDLNFO_TICK_03012025\Options\BANKNIFTY27MAR2548900CE.NFO.csv
2025-10-27 11:07:07,059 [INFO] [root] [MainThread]: Started processing: GFDLNFO_TICK_03012025\Options\BANKNIFTY27MAR2549000CE.NFO.csv
2025-10-27 11:07:07,087 [INFO] [root] [MainThread]: Successfully processed: GFDLNFO_TICK_03012025\Options\BANKNIFTY27MAR2549000CE.NFO.csv
2025-10-27 11:07:07,088 [INFO] [root] [MainThread]: Started processing: GFDLNFO_TICK_03012025\Options\BANKNIFTY27MAR2549200CE.NFO.csv
2025-10-27 11:07:07,117 [INFO] [root] [MainThread]: Successfully processed: GFDLNFO_TICK_03012025\Options\BANKNIFTY27MAR2549200CE.NFO.csv
2025-10-27 11:07:07,117 [INFO] [root] [MainThread]: Started processing: GFDLNFO_TICK_03012025\Options\BANKNIFTY27MAR2549600CE.NFO.csv
2025-10-27 11:07:07,150 [INFO] [root] [MainThread]: Successfully processed: GFDLNFO_TICK_03012025\Options\BANKNIFTY27MAR2549600CE.NFO.csv
2025-10-27 11:07:07,150 [INFO] [root] [MainThread]: Started processing: GFDLNFO_TICK_03012025\Options\BANKNIFTY27MAR2550000CE.NFO.csv
2025-10-27 11:07:07,228 [INFO] [root] [MainThread]: Successfully processed: GFDLNFO_TICK_03012025\Options\BANKNIFTY27MAR2550000CE.NFO.csv
2025-10-27 11:07:07,228 [INFO] [root] [MainThread]: Started processing: GFDLNFO_TICK_03012025\Options\BANKNIFTY27MAR2550500CE.NFO.csv
2025-10-27 11:07:07,310 [INFO] [root] [MainThread]: Successfully processed: GFDLNFO_TICK_03012025\Options\BANKNIFTY27MAR2550500CE.NFO.csv
2025-10-27 11:07:07,310 [INFO] [root] [MainThread]: Started processing: GFDLNFO_TICK_03012025\Options\BANKNIFTY27MAR2551000CE.NFO.csv
2025-10-27 11:07:07,398 [INFO] [root] [MainThread]: Successfully processed: GFDLNFO_TICK_03012025\Options\BANKNIFTY27MAR2551000CE.NFO.csv
2025-10-27 11:07:07,399 [INFO] [root] [MainThread]: Started processing: GFDLNFO_TICK_03012025\Options\BANKNIFTY27MAR2551500CE.NFO.csv
2025-10-27 11:07:07,469 [INFO] [root] [MainThread]: Successfully processed: GFDLNFO_TICK_03012025\Options\BANKNIFTY27MAR2551500CE.NFO.csv
2025-10-27 11:07:07,470 [INFO] [root] [MainThread]: Started processing: GFDLNFO_TICK_03012025\Options\BANKNIFTY27MAR2551800CE.NFO.csv
2025-10-27 11:07:07,492 [INFO] [root] [MainThread]: Successfully processed: GFDLNFO_TICK_03012025\Options\BANKNIFTY27MAR2551800CE.NFO.csv
2025-10-27 11:07:07,492 [INFO] [root] [MainThread]: Started processing: GFDLNFO_TICK_03012025\Options\BANKNIFTY27MAR2552000CE.NFO.csv
2025-10-27 11:07:07,554 [INFO] [root] [MainThread]: Successfully processed: GFDLNFO_TICK_03012025\Options\BANKNIFTY27MAR2552000CE.NFO.csv
2025-10-27 11:07:07,554 [INFO] [root] [MainThread]: Started processing: GFDLNFO_TICK_03012025\Options\BANKNIFTY27MAR2552500CE.NFO.csv
2025-10-27 11:07:07,623 [INFO] [root] [MainThread]: Successfully processed: GFDLNFO_TICK_03012025\Options\BANKNIFTY27MAR2552500CE.NFO.csv
2025-10-27 11:07:07,624 [INFO] [root] [MainThread]: Started processing: GFDLNFO_TICK_03012025\Options\BANKNIFTY27MAR2553000CE.NFO.csv
2025-10-27 11:07:07,729 [INFO] [root] [MainThread]: Successfully processed: GFDLNFO_TICK_03012025\Options\BANKNIFTY27MAR2553000CE.NFO.csv
2025-10-27 11:07:07,730 [INFO] [root] [MainThread]: Started processing: GFDLNFO_TICK_03012025\Options\BANKNIFTY27MAR2553500CE.NFO.csv
2025-10-27 11:07:07,800 [INFO] [root] [MainThread]: Successfully processed: GFDLNFO_TICK_03012025\Options\BANKNIFTY27MAR2553500CE.NFO.csv
2025-10-27 11:07:07,800 [INFO] [root] [MainThread]: Started processing: GFDLNFO_TICK_03012025\Options\BANKNIFTY27MAR2554000CE.NFO.csv
2025-10-27 11:07:07,877 [INFO] [root] [MainThread]: Successfully processed: GFDLNFO_TICK_03012025\Options\BANKNIFTY27MAR2554000CE.NFO.csv
2025-10-27 11:07:07,877 [INFO] [root] [MainThread]: Started processing: GFDLNFO_TICK_03012025\Options\BANKNIFTY27MAR2554500CE.NFO.csv
2025-10-27 11:07:07,907 [INFO] [root] [MainThread]: Successfully processed: GFDLNFO_TICK_03012025\Options\BANKNIFTY27MAR2554500CE.NFO.csv
2025-10-27 11:07:07,907 [INFO] [root] [MainThread]: Started processing: GFDLNFO_TICK_03012025\Options\BANKNIFTY27MAR2555000CE.NFO.csv
2025-10-27 11:07:07,971 [INFO] [root] [MainThread]: Successfully processed: GFDLNFO_TICK_03012025\Options\BANKNIFTY27MAR2555000CE.NFO.csv
2025-10-27 11:07:07,972 [INFO] [root] [MainThread]: Started processing: GFDLNFO_TICK_03012025\Options\BANKNIFTY27MAR2555500CE.NFO.csv
2025-10-27 11:07:08,036 [INFO] [root] [MainThread]: Successfully processed: GFDLNFO_TICK_03012025\Options\BANKNIFTY27MAR2555500CE.NFO.csv
2025-10-27 11:07:08,037 [INFO] [root] [MainThread]: Started processing: GFDLNFO_TICK_03012025\Options\BANKNIFTY27MAR2557000CE.NFO.csv
2025-10-27 11:07:08,079 [INFO] [root] [MainThread]: Successfully processed: GFDLNFO_TICK_03012025\Options\BANKNIFTY27MAR2557000CE.NFO.csv
2025-10-27 11:07:08,079 [INFO] [root] [MainThread]: Started processing: GFDLNFO_TICK_03012025\Options\BANKNIFTY27MAR2558000CE.NFO.csv
2025-10-27 11:07:08,109 [INFO] [root] [MainThread]: Successfully processed: GFDLNFO_TICK_03012025\Options\BANKNIFTY27MAR2558000CE.NFO.csv
2025-10-27 11:07:08,110 [INFO] [root] [MainThread]: Started processing: GFDLNFO_TICK_03012025\Options\BANKNIFTY27MAR2560000CE.NFO.csv
2025-10-27 11:07:08,155 [INFO] [root] [MainThread]: Successfully processed: GFDLNFO_TICK_03012025\Options\BANKNIFTY27MAR2560000CE.NFO.csv
2025-10-27 11:07:08,155 [INFO] [root] [MainThread]: Started processing: GFDLNFO_TICK_03012025\Options\BANKNIFTY27MAR2561500CE.NFO.csv
2025-10-27 11:07:08,182 [INFO] [root] [MainThread]: Successfully processed: GFDLNFO_TICK_03012025\Options\BANKNIFTY27MAR2561500CE.NFO.csv
2025-10-27 11:07:08,183 [INFO] [root] [MainThread]: Started processing: GFDLNFO_TICK_03012025\Options\BANKNIFTY30JAN2542500CE.NFO.csv
2025-10-27 11:07:08,241 [INFO] [root] [MainThread]: Successfully processed: GFDLNFO_TICK_03012025\Options\BANKNIFTY30JAN2542500CE.NFO.csv
2025-10-27 11:07:08,242 [INFO] [root] [MainThread]: Processed 100/196 files...
2025-10-27 11:07:08,242 [INFO] [root] [MainThread]: Started processing: GFDLNFO_TICK_03012025\Options\BANKNIFTY30JAN2543000CE.NFO.csv
2025-10-27 11:07:08,338 [INFO] [root] [MainThread]: Successfully processed: GFDLNFO_TICK_03012025\Options\BANKNIFTY30JAN2543000CE.NFO.csv
2025-10-27 11:07:08,338 [INFO] [root] [MainThread]: Started processing: GFDLNFO_TICK_03012025\Options\BANKNIFTY30JAN2545000CE.NFO.csv
2025-10-27 11:07:08,429 [INFO] [root] [MainThread]: Successfully processed: GFDLNFO_TICK_03012025\Options\BANKNIFTY30JAN2545000CE.NFO.csv
2025-10-27 11:07:08,430 [INFO] [root] [MainThread]: Started processing: GFDLNFO_TICK_03012025\Options\BANKNIFTY30JAN2546000CE.NFO.csv
2025-10-27 11:07:08,555 [INFO] [root] [MainThread]: Successfully processed: GFDLNFO_TICK_03012025\Options\BANKNIFTY30JAN2546000CE.NFO.csv
2025-10-27 11:07:08,556 [INFO] [root] [MainThread]: Started processing: GFDLNFO_TICK_03012025\Options\BANKNIFTY30JAN2546500CE.NFO.csv
2025-10-27 11:07:08,660 [INFO] [root] [MainThread]: Successfully processed: GFDLNFO_TICK_03012025\Options\BANKNIFTY30JAN2546500CE.NFO.csv
2025-10-27 11:07:08,661 [INFO] [root] [MainThread]: Started processing: GFDLNFO_TICK_03012025\Options\BANKNIFTY30JAN2547000CE.NFO.csv
2025-10-27 11:07:08,839 [INFO] [root] [MainThread]: Successfully processed: GFDLNFO_TICK_03012025\Options\BANKNIFTY30JAN2547000CE.NFO.csv
2025-10-27 11:07:08,840 [INFO] [root] [MainThread]: Started processing: GFDLNFO_TICK_03012025\Options\BANKNIFTY30JAN2547500CE.NFO.csv
2025-10-27 11:07:09,026 [INFO] [root] [MainThread]: Successfully processed: GFDLNFO_TICK_03012025\Options\BANKNIFTY30JAN2547500CE.NFO.csv
2025-10-27 11:07:09,027 [INFO] [root] [MainThread]: Started processing: GFDLNFO_TICK_03012025\Options\BANKNIFTY30JAN2547800CE.NFO.csv
2025-10-27 11:07:09,134 [INFO] [root] [MainThread]: Successfully processed: GFDLNFO_TICK_03012025\Options\BANKNIFTY30JAN2547800CE.NFO.csv
2025-10-27 11:07:09,134 [INFO] [root] [MainThread]: Started processing: GFDLNFO_TICK_03012025\Options\BANKNIFTY30JAN2548000CE.NFO.csv
2025-10-27 11:07:09,395 [INFO] [root] [MainThread]: Successfully processed: GFDLNFO_TICK_03012025\Options\BANKNIFTY30JAN2548000CE.NFO.csv
2025-10-27 11:07:09,396 [INFO] [root] [MainThread]: Started processing: GFDLNFO_TICK_03012025\Options\BANKNIFTY30JAN2548500CE.NFO.csv
2025-10-27 11:07:09,568 [INFO] [root] [MainThread]: Successfully processed: GFDLNFO_TICK_03012025\Options\BANKNIFTY30JAN2548500CE.NFO.csv
2025-10-27 11:07:09,569 [INFO] [root] [MainThread]: Started processing: GFDLNFO_TICK_03012025\Options\BANKNIFTY30JAN2548900CE.NFO.csv
2025-10-27 11:07:09,733 [INFO] [root] [MainThread]: Successfully processed: GFDLNFO_TICK_03012025\Options\BANKNIFTY30JAN2548900CE.NFO.csv
2025-10-27 11:07:09,733 [INFO] [root] [MainThread]: Started processing: GFDLNFO_TICK_03012025\Options\BANKNIFTY30JAN2549000CE.NFO.csv
2025-10-27 11:07:09,886 [INFO] [root] [MainThread]: Successfully processed: GFDLNFO_TICK_03012025\Options\BANKNIFTY30JAN2549000CE.NFO.csv
2025-10-27 11:07:09,886 [INFO] [root] [MainThread]: Started processing: GFDLNFO_TICK_03012025\Options\BANKNIFTY30JAN2549100CE.NFO.csv
2025-10-27 11:07:10,025 [INFO] [root] [MainThread]: Successfully processed: GFDLNFO_TICK_03012025\Options\BANKNIFTY30JAN2549100CE.NFO.csv
2025-10-27 11:07:10,026 [INFO] [root] [MainThread]: Started processing: GFDLNFO_TICK_03012025\Options\BANKNIFTY30JAN2549200CE.NFO.csv
2025-10-27 11:07:10,126 [INFO] [root] [MainThread]: Successfully processed: GFDLNFO_TICK_03012025\Options\BANKNIFTY30JAN2549200CE.NFO.csv
2025-10-27 11:07:10,127 [INFO] [root] [MainThread]: Started processing: GFDLNFO_TICK_03012025\Options\BANKNIFTY30JAN2549300CE.NFO.csv
2025-10-27 11:07:10,186 [INFO] [root] [MainThread]: Successfully processed: GFDLNFO_TICK_03012025\Options\BANKNIFTY30JAN2549300CE.NFO.csv
2025-10-27 11:07:10,187 [INFO] [root] [MainThread]: Started processing: GFDLNFO_TICK_03012025\Options\BANKNIFTY30JAN2549400CE.NFO.csv
2025-10-27 11:07:10,315 [INFO] [root] [MainThread]: Successfully processed: GFDLNFO_TICK_03012025\Options\BANKNIFTY30JAN2549400CE.NFO.csv
2025-10-27 11:07:10,316 [INFO] [root] [MainThread]: Started processing: GFDLNFO_TICK_03012025\Options\BANKNIFTY30JAN2549500CE.NFO.csv
2025-10-27 11:07:10,460 [INFO] [root] [MainThread]: Successfully processed: GFDLNFO_TICK_03012025\Options\BANKNIFTY30JAN2549500CE.NFO.csv
2025-10-27 11:07:10,460 [INFO] [root] [MainThread]: Started processing: GFDLNFO_TICK_03012025\Options\BANKNIFTY30JAN2549600CE.NFO.csv
2025-10-27 11:07:10,588 [INFO] [root] [MainThread]: Successfully processed: GFDLNFO_TICK_03012025\Options\BANKNIFTY30JAN2549600CE.NFO.csv
2025-10-27 11:07:10,589 [INFO] [root] [MainThread]: Started processing: GFDLNFO_TICK_03012025\Options\BANKNIFTY30JAN2549700CE.NFO.csv
2025-10-27 11:07:10,687 [INFO] [root] [MainThread]: Successfully processed: GFDLNFO_TICK_03012025\Options\BANKNIFTY30JAN2549700CE.NFO.csv
2025-10-27 11:07:10,687 [INFO] [root] [MainThread]: Started processing: GFDLNFO_TICK_03012025\Options\BANKNIFTY30JAN2549800CE.NFO.csv
2025-10-27 11:07:10,818 [INFO] [root] [MainThread]: Successfully processed: GFDLNFO_TICK_03012025\Options\BANKNIFTY30JAN2549800CE.NFO.csv
2025-10-27 11:07:10,818 [INFO] [root] [MainThread]: Started processing: GFDLNFO_TICK_03012025\Options\BANKNIFTY30JAN2549900CE.NFO.csv
2025-10-27 11:07:10,934 [INFO] [root] [MainThread]: Successfully processed: GFDLNFO_TICK_03012025\Options\BANKNIFTY30JAN2549900CE.NFO.csv
2025-10-27 11:07:10,935 [INFO] [root] [MainThread]: Started processing: GFDLNFO_TICK_03012025\Options\BANKNIFTY30JAN2550000CE.NFO.csv
2025-10-27 11:07:11,128 [INFO] [root] [MainThread]: Successfully processed: GFDLNFO_TICK_03012025\Options\BANKNIFTY30JAN2550000CE.NFO.csv
2025-10-27 11:07:11,129 [INFO] [root] [MainThread]: Started processing: GFDLNFO_TICK_03012025\Options\BANKNIFTY30JAN2550100CE.NFO.csv
2025-10-27 11:07:11,257 [INFO] [root] [MainThread]: Successfully processed: GFDLNFO_TICK_03012025\Options\BANKNIFTY30JAN2550100CE.NFO.csv
2025-10-27 11:07:11,257 [INFO] [root] [MainThread]: Started processing: GFDLNFO_TICK_03012025\Options\BANKNIFTY30JAN2550200CE.NFO.csv
2025-10-27 11:07:11,398 [INFO] [root] [MainThread]: Successfully processed: GFDLNFO_TICK_03012025\Options\BANKNIFTY30JAN2550200CE.NFO.csv
2025-10-27 11:07:11,399 [INFO] [root] [MainThread]: Started processing: GFDLNFO_TICK_03012025\Options\BANKNIFTY30JAN2550300CE.NFO.csv
2025-10-27 11:07:11,559 [INFO] [root] [MainThread]: Successfully processed: GFDLNFO_TICK_03012025\Options\BANKNIFTY30JAN2550300CE.NFO.csv
2025-10-27 11:07:11,559 [INFO] [root] [MainThread]: Started processing: GFDLNFO_TICK_03012025\Options\BANKNIFTY30JAN2550400CE.NFO.csv
2025-10-27 11:07:11,729 [INFO] [root] [MainThread]: Successfully processed: GFDLNFO_TICK_03012025\Options\BANKNIFTY30JAN2550400CE.NFO.csv
2025-10-27 11:07:11,730 [INFO] [root] [MainThread]: Started processing: GFDLNFO_TICK_03012025\Options\BANKNIFTY30JAN2550500CE.NFO.csv
2025-10-27 11:07:11,887 [INFO] [root] [MainThread]: Successfully processed: GFDLNFO_TICK_03012025\Options\BANKNIFTY30JAN2550500CE.NFO.csv
2025-10-27 11:07:11,887 [INFO] [root] [MainThread]: Started processing: GFDLNFO_TICK_03012025\Options\BANKNIFTY30JAN2550600CE.NFO.csv
2025-10-27 11:07:12,105 [INFO] [root] [MainThread]: Successfully processed: GFDLNFO_TICK_03012025\Options\BANKNIFTY30JAN2550600CE.NFO.csv
2025-10-27 11:07:12,108 [INFO] [root] [MainThread]: Started processing: GFDLNFO_TICK_03012025\Options\BANKNIFTY30JAN2550700CE.NFO.csv
2025-10-27 11:07:12,339 [INFO] [root] [MainThread]: Successfully processed: GFDLNFO_TICK_03012025\Options\BANKNIFTY30JAN2550700CE.NFO.csv
2025-10-27 11:07:12,339 [INFO] [root] [MainThread]: Started processing: GFDLNFO_TICK_03012025\Options\BANKNIFTY30JAN2550800CE.NFO.csv
2025-10-27 11:07:12,756 [INFO] [root] [MainThread]: Successfully processed: GFDLNFO_TICK_03012025\Options\BANKNIFTY30JAN2550800CE.NFO.csv
2025-10-27 11:07:12,757 [INFO] [root] [MainThread]: Started processing: GFDLNFO_TICK_03012025\Options\BANKNIFTY30JAN2550900CE.NFO.csv
2025-10-27 11:07:13,039 [INFO] [root] [MainThread]: Successfully processed: GFDLNFO_TICK_03012025\Options\BANKNIFTY30JAN2550900CE.NFO.csv
2025-10-27 11:07:13,040 [INFO] [root] [MainThread]: Started processing: GFDLNFO_TICK_03012025\Options\BANKNIFTY30JAN2551000CE.NFO.csv
2025-10-27 11:07:13,428 [INFO] [root] [MainThread]: Successfully processed: GFDLNFO_TICK_03012025\Options\BANKNIFTY30JAN2551000CE.NFO.csv
2025-10-27 11:07:13,428 [INFO] [root] [MainThread]: Started processing: GFDLNFO_TICK_03012025\Options\BANKNIFTY30JAN2551100CE.NFO.csv
2025-10-27 11:07:13,763 [INFO] [root] [MainThread]: Successfully processed: GFDLNFO_TICK_03012025\Options\BANKNIFTY30JAN2551100CE.NFO.csv
2025-10-27 11:07:13,765 [INFO] [root] [MainThread]: Started processing: GFDLNFO_TICK_03012025\Options\BANKNIFTY30JAN2551200CE.NFO.csv
2025-10-27 11:07:14,139 [INFO] [root] [MainThread]: Successfully processed: GFDLNFO_TICK_03012025\Options\BANKNIFTY30JAN2551200CE.NFO.csv
2025-10-27 11:07:14,140 [INFO] [root] [MainThread]: Started processing: GFDLNFO_TICK_03012025\Options\BANKNIFTY30JAN2551300CE.NFO.csv
2025-10-27 11:07:14,496 [INFO] [root] [MainThread]: Successfully processed: GFDLNFO_TICK_03012025\Options\BANKNIFTY30JAN2551300CE.NFO.csv
2025-10-27 11:07:14,497 [INFO] [root] [MainThread]: Started processing: GFDLNFO_TICK_03012025\Options\BANKNIFTY30JAN2551400CE.NFO.csv
2025-10-27 11:07:14,823 [INFO] [root] [MainThread]: Successfully processed: GFDLNFO_TICK_03012025\Options\BANKNIFTY30JAN2551400CE.NFO.csv
2025-10-27 11:07:14,824 [INFO] [root] [MainThread]: Started processing: GFDLNFO_TICK_03012025\Options\BANKNIFTY30JAN2551500CE.NFO.csv
2025-10-27 11:07:15,143 [INFO] [root] [MainThread]: Successfully processed: GFDLNFO_TICK_03012025\Options\BANKNIFTY30JAN2551500CE.NFO.csv
2025-10-27 11:07:15,143 [INFO] [root] [MainThread]: Started processing: GFDLNFO_TICK_03012025\Options\BANKNIFTY30JAN2551600CE.NFO.csv
2025-10-27 11:07:15,364 [INFO] [root] [MainThread]: Successfully processed: GFDLNFO_TICK_03012025\Options\BANKNIFTY30JAN2551600CE.NFO.csv
2025-10-27 11:07:15,364 [INFO] [root] [MainThread]: Started processing: GFDLNFO_TICK_03012025\Options\BANKNIFTY30JAN2551700CE.NFO.csv
2025-10-27 11:07:15,577 [INFO] [root] [MainThread]: Successfully processed: GFDLNFO_TICK_03012025\Options\BANKNIFTY30JAN2551700CE.NFO.csv
2025-10-27 11:07:15,577 [INFO] [root] [MainThread]: Started processing: GFDLNFO_TICK_03012025\Options\BANKNIFTY30JAN2551800CE.NFO.csv
2025-10-27 11:07:15,809 [INFO] [root] [MainThread]: Successfully processed: GFDLNFO_TICK_03012025\Options\BANKNIFTY30JAN2551800CE.NFO.csv
2025-10-27 11:07:15,810 [INFO] [root] [MainThread]: Started processing: GFDLNFO_TICK_03012025\Options\BANKNIFTY30JAN2551900CE.NFO.csv
2025-10-27 11:07:16,022 [INFO] [root] [MainThread]: Successfully processed: GFDLNFO_TICK_03012025\Options\BANKNIFTY30JAN2551900CE.NFO.csv
2025-10-27 11:07:16,023 [INFO] [root] [MainThread]: Started processing: GFDLNFO_TICK_03012025\Options\BANKNIFTY30JAN2552000CE.NFO.csv
2025-10-27 11:07:16,329 [INFO] [root] [MainThread]: Successfully processed: GFDLNFO_TICK_03012025\Options\BANKNIFTY30JAN2552000CE.NFO.csv
2025-10-27 11:07:16,329 [INFO] [root] [MainThread]: Started processing: GFDLNFO_TICK_03012025\Options\BANKNIFTY30JAN2552100CE.NFO.csv
2025-10-27 11:07:16,650 [INFO] [root] [MainThread]: Successfully processed: GFDLNFO_TICK_03012025\Options\BANKNIFTY30JAN2552100CE.NFO.csv
2025-10-27 11:07:16,650 [INFO] [root] [MainThread]: Started processing: GFDLNFO_TICK_03012025\Options\BANKNIFTY30JAN2552200CE.NFO.csv
2025-10-27 11:07:16,990 [INFO] [root] [MainThread]: Successfully processed: GFDLNFO_TICK_03012025\Options\BANKNIFTY30JAN2552200CE.NFO.csv
2025-10-27 11:07:16,990 [INFO] [root] [MainThread]: Started processing: GFDLNFO_TICK_03012025\Options\BANKNIFTY30JAN2552300CE.NFO.csv
2025-10-27 11:07:17,310 [INFO] [root] [MainThread]: Successfully processed: GFDLNFO_TICK_03012025\Options\BANKNIFTY30JAN2552300CE.NFO.csv
2025-10-27 11:07:17,310 [INFO] [root] [MainThread]: Started processing: GFDLNFO_TICK_03012025\Options\BANKNIFTY30JAN2552400CE.NFO.csv
2025-10-27 11:07:17,576 [INFO] [root] [MainThread]: Successfully processed: GFDLNFO_TICK_03012025\Options\BANKNIFTY30JAN2552400CE.NFO.csv
2025-10-27 11:07:17,578 [INFO] [root] [MainThread]: Started processing: GFDLNFO_TICK_03012025\Options\BANKNIFTY30JAN2552500CE.NFO.csv
2025-10-27 11:07:18,106 [INFO] [root] [MainThread]: Successfully processed: GFDLNFO_TICK_03012025\Options\BANKNIFTY30JAN2552500CE.NFO.csv
2025-10-27 11:07:18,106 [INFO] [root] [MainThread]: Started processing: GFDLNFO_TICK_03012025\Options\BANKNIFTY30JAN2552600CE.NFO.csv
2025-10-27 11:07:18,437 [INFO] [root] [MainThread]: Successfully processed: GFDLNFO_TICK_03012025\Options\BANKNIFTY30JAN2552600CE.NFO.csv
2025-10-27 11:07:18,438 [INFO] [root] [MainThread]: Started processing: GFDLNFO_TICK_03012025\Options\BANKNIFTY30JAN2552700CE.NFO.csv
2025-10-27 11:07:18,659 [INFO] [root] [MainThread]: Successfully processed: GFDLNFO_TICK_03012025\Options\BANKNIFTY30JAN2552700CE.NFO.csv
2025-10-27 11:07:18,659 [INFO] [root] [MainThread]: Started processing: GFDLNFO_TICK_03012025\Options\BANKNIFTY30JAN2552800CE.NFO.csv
2025-10-27 11:07:18,883 [INFO] [root] [MainThread]: Successfully processed: GFDLNFO_TICK_03012025\Options\BANKNIFTY30JAN2552800CE.NFO.csv
2025-10-27 11:07:18,883 [INFO] [root] [MainThread]: Started processing: GFDLNFO_TICK_03012025\Options\BANKNIFTY30JAN2552900CE.NFO.csv
2025-10-27 11:07:19,065 [INFO] [root] [MainThread]: Successfully processed: GFDLNFO_TICK_03012025\Options\BANKNIFTY30JAN2552900CE.NFO.csv
2025-10-27 11:07:19,065 [INFO] [root] [MainThread]: Started processing: GFDLNFO_TICK_03012025\Options\BANKNIFTY30JAN2553000CE.NFO.csv
2025-10-27 11:07:19,284 [INFO] [root] [MainThread]: Successfully processed: GFDLNFO_TICK_03012025\Options\BANKNIFTY30JAN2553000CE.NFO.csv
2025-10-27 11:07:19,285 [INFO] [root] [MainThread]: Started processing: GFDLNFO_TICK_03012025\Options\BANKNIFTY30JAN2553100CE.NFO.csv
2025-10-27 11:07:19,451 [INFO] [root] [MainThread]: Successfully processed: GFDLNFO_TICK_03012025\Options\BANKNIFTY30JAN2553100CE.NFO.csv
2025-10-27 11:07:19,452 [INFO] [root] [MainThread]: Started processing: GFDLNFO_TICK_03012025\Options\BANKNIFTY30JAN2553200CE.NFO.csv
2025-10-27 11:07:19,633 [INFO] [root] [MainThread]: Successfully processed: GFDLNFO_TICK_03012025\Options\BANKNIFTY30JAN2553200CE.NFO.csv
2025-10-27 11:07:19,633 [INFO] [root] [MainThread]: Started processing: GFDLNFO_TICK_03012025\Options\BANKNIFTY30JAN2553300CE.NFO.csv
2025-10-27 11:07:19,788 [INFO] [root] [MainThread]: Successfully processed: GFDLNFO_TICK_03012025\Options\BANKNIFTY30JAN2553300CE.NFO.csv
2025-10-27 11:07:19,789 [INFO] [root] [MainThread]: Started processing: GFDLNFO_TICK_03012025\Options\BANKNIFTY30JAN2553400CE.NFO.csv
2025-10-27 11:07:19,928 [INFO] [root] [MainThread]: Successfully processed: GFDLNFO_TICK_03012025\Options\BANKNIFTY30JAN2553400CE.NFO.csv
2025-10-27 11:07:19,928 [INFO] [root] [MainThread]: Started processing: GFDLNFO_TICK_03012025\Options\BANKNIFTY30JAN2553500CE.NFO.csv
2025-10-27 11:07:20,143 [INFO] [root] [MainThread]: Successfully processed: GFDLNFO_TICK_03012025\Options\BANKNIFTY30JAN2553500CE.NFO.csv
2025-10-27 11:07:20,143 [INFO] [root] [MainThread]: Started processing: GFDLNFO_TICK_03012025\Options\BANKNIFTY30JAN2553600CE.NFO.csv
2025-10-27 11:07:20,286 [INFO] [root] [MainThread]: Successfully processed: GFDLNFO_TICK_03012025\Options\BANKNIFTY30JAN2553600CE.NFO.csv
2025-10-27 11:07:20,286 [INFO] [root] [MainThread]: Started processing: GFDLNFO_TICK_03012025\Options\BANKNIFTY30JAN2553700CE.NFO.csv
2025-10-27 11:07:20,458 [INFO] [root] [MainThread]: Successfully processed: GFDLNFO_TICK_03012025\Options\BANKNIFTY30JAN2553700CE.NFO.csv
2025-10-27 11:07:20,459 [INFO] [root] [MainThread]: Started processing: GFDLNFO_TICK_03012025\Options\BANKNIFTY30JAN2553800CE.NFO.csv
2025-10-27 11:07:20,659 [INFO] [root] [MainThread]: Successfully processed: GFDLNFO_TICK_03012025\Options\BANKNIFTY30JAN2553800CE.NFO.csv
2025-10-27 11:07:20,660 [INFO] [root] [MainThread]: Started processing: GFDLNFO_TICK_03012025\Options\BANKNIFTY30JAN2553900CE.NFO.csv
2025-10-27 11:07:20,888 [INFO] [root] [MainThread]: Successfully processed: GFDLNFO_TICK_03012025\Options\BANKNIFTY30JAN2553900CE.NFO.csv
2025-10-27 11:07:20,889 [INFO] [root] [MainThread]: Started processing: GFDLNFO_TICK_03012025\Options\BANKNIFTY30JAN2554000CE.NFO.csv
2025-10-27 11:07:21,185 [INFO] [root] [MainThread]: Successfully processed: GFDLNFO_TICK_03012025\Options\BANKNIFTY30JAN2554000CE.NFO.csv
2025-10-27 11:07:21,186 [INFO] [root] [MainThread]: Started processing: GFDLNFO_TICK_03012025\Options\BANKNIFTY30JAN2554100CE.NFO.csv
2025-10-27 11:07:21,379 [INFO] [root] [MainThread]: Successfully processed: GFDLNFO_TICK_03012025\Options\BANKNIFTY30JAN2554100CE.NFO.csv
2025-10-27 11:07:21,380 [INFO] [root] [MainThread]: Started processing: GFDLNFO_TICK_03012025\Options\BANKNIFTY30JAN2554200CE.NFO.csv
2025-10-27 11:07:21,590 [INFO] [root] [MainThread]: Successfully processed: GFDLNFO_TICK_03012025\Options\BANKNIFTY30JAN2554200CE.NFO.csv
2025-10-27 11:07:21,590 [INFO] [root] [MainThread]: Started processing: GFDLNFO_TICK_03012025\Options\BANKNIFTY30JAN2554300CE.NFO.csv
2025-10-27 11:07:21,783 [INFO] [root] [MainThread]: Successfully processed: GFDLNFO_TICK_03012025\Options\BANKNIFTY30JAN2554300CE.NFO.csv
2025-10-27 11:07:21,783 [INFO] [root] [MainThread]: Started processing: GFDLNFO_TICK_03012025\Options\BANKNIFTY30JAN2554400CE.NFO.csv
2025-10-27 11:07:21,967 [INFO] [root] [MainThread]: Successfully processed: GFDLNFO_TICK_03012025\Options\BANKNIFTY30JAN2554400CE.NFO.csv
2025-10-27 11:07:21,967 [INFO] [root] [MainThread]: Started processing: GFDLNFO_TICK_03012025\Options\BANKNIFTY30JAN2554500CE.NFO.csv
2025-10-27 11:07:22,210 [INFO] [root] [MainThread]: Successfully processed: GFDLNFO_TICK_03012025\Options\BANKNIFTY30JAN2554500CE.NFO.csv
2025-10-27 11:07:22,210 [INFO] [root] [MainThread]: Started processing: GFDLNFO_TICK_03012025\Options\BANKNIFTY30JAN2554600CE.NFO.csv
2025-10-27 11:07:22,409 [INFO] [root] [MainThread]: Successfully processed: GFDLNFO_TICK_03012025\Options\BANKNIFTY30JAN2554600CE.NFO.csv
2025-10-27 11:07:22,409 [INFO] [root] [MainThread]: Started processing: GFDLNFO_TICK_03012025\Options\BANKNIFTY30JAN2554700CE.NFO.csv
2025-10-27 11:07:22,564 [INFO] [root] [MainThread]: Successfully processed: GFDLNFO_TICK_03012025\Options\BANKNIFTY30JAN2554700CE.NFO.csv
2025-10-27 11:07:22,564 [INFO] [root] [MainThread]: Started processing: GFDLNFO_TICK_03012025\Options\BANKNIFTY30JAN2554800CE.NFO.csv
2025-10-27 11:07:22,702 [INFO] [root] [MainThread]: Successfully processed: GFDLNFO_TICK_03012025\Options\BANKNIFTY30JAN2554800CE.NFO.csv
2025-10-27 11:07:22,702 [INFO] [root] [MainThread]: Started processing: GFDLNFO_TICK_03012025\Options\BANKNIFTY30JAN2554900CE.NFO.csv
2025-10-27 11:07:22,815 [INFO] [root] [MainThread]: Successfully processed: GFDLNFO_TICK_03012025\Options\BANKNIFTY30JAN2554900CE.NFO.csv
2025-10-27 11:07:22,816 [INFO] [root] [MainThread]: Started processing: GFDLNFO_TICK_03012025\Options\BANKNIFTY30JAN2555000CE.NFO.csv
2025-10-27 11:07:22,991 [INFO] [root] [MainThread]: Successfully processed: GFDLNFO_TICK_03012025\Options\BANKNIFTY30JAN2555000CE.NFO.csv
2025-10-27 11:07:22,992 [INFO] [root] [MainThread]: Started processing: GFDLNFO_TICK_03012025\Options\BANKNIFTY30JAN2555100CE.NFO.csv
2025-10-27 11:07:23,096 [INFO] [root] [MainThread]: Successfully processed: GFDLNFO_TICK_03012025\Options\BANKNIFTY30JAN2555100CE.NFO.csv
2025-10-27 11:07:23,096 [INFO] [root] [MainThread]: Started processing: GFDLNFO_TICK_03012025\Options\BANKNIFTY30JAN2555200CE.NFO.csv
2025-10-27 11:07:23,197 [INFO] [root] [MainThread]: Successfully processed: GFDLNFO_TICK_03012025\Options\BANKNIFTY30JAN2555200CE.NFO.csv
2025-10-27 11:07:23,198 [INFO] [root] [MainThread]: Started processing: GFDLNFO_TICK_03012025\Options\BANKNIFTY30JAN2555300CE.NFO.csv
2025-10-27 11:07:23,293 [INFO] [root] [MainThread]: Successfully processed: GFDLNFO_TICK_03012025\Options\BANKNIFTY30JAN2555300CE.NFO.csv
2025-10-27 11:07:23,294 [INFO] [root] [MainThread]: Started processing: GFDLNFO_TICK_03012025\Options\BANKNIFTY30JAN2555400CE.NFO.csv
2025-10-27 11:07:23,384 [INFO] [root] [MainThread]: Successfully processed: GFDLNFO_TICK_03012025\Options\BANKNIFTY30JAN2555400CE.NFO.csv
2025-10-27 11:07:23,384 [INFO] [root] [MainThread]: Started processing: GFDLNFO_TICK_03012025\Options\BANKNIFTY30JAN2555500CE.NFO.csv
2025-10-27 11:07:23,517 [INFO] [root] [MainThread]: Successfully processed: GFDLNFO_TICK_03012025\Options\BANKNIFTY30JAN2555500CE.NFO.csv
2025-10-27 11:07:23,517 [INFO] [root] [MainThread]: Started processing: GFDLNFO_TICK_03012025\Options\BANKNIFTY30JAN2555600CE.NFO.csv
2025-10-27 11:07:23,610 [INFO] [root] [MainThread]: Successfully processed: GFDLNFO_TICK_03012025\Options\BANKNIFTY30JAN2555600CE.NFO.csv
2025-10-27 11:07:23,610 [INFO] [root] [MainThread]: Started processing: GFDLNFO_TICK_03012025\Options\BANKNIFTY30JAN2555700CE.NFO.csv
2025-10-27 11:07:23,693 [INFO] [root] [MainThread]: Successfully processed: GFDLNFO_TICK_03012025\Options\BANKNIFTY30JAN2555700CE.NFO.csv
2025-10-27 11:07:23,693 [INFO] [root] [MainThread]: Started processing: GFDLNFO_TICK_03012025\Options\BANKNIFTY30JAN2555800CE.NFO.csv
2025-10-27 11:07:23,771 [INFO] [root] [MainThread]: Successfully processed: GFDLNFO_TICK_03012025\Options\BANKNIFTY30JAN2555800CE.NFO.csv
2025-10-27 11:07:23,772 [INFO] [root] [MainThread]: Started processing: GFDLNFO_TICK_03012025\Options\BANKNIFTY30JAN2555900CE.NFO.csv
2025-10-27 11:07:23,841 [INFO] [root] [MainThread]: Successfully processed: GFDLNFO_TICK_03012025\Options\BANKNIFTY30JAN2555900CE.NFO.csv
2025-10-27 11:07:23,841 [INFO] [root] [MainThread]: Started processing: GFDLNFO_TICK_03012025\Options\BANKNIFTY30JAN2556000CE.NFO.csv
2025-10-27 11:07:23,967 [INFO] [root] [MainThread]: Successfully processed: GFDLNFO_TICK_03012025\Options\BANKNIFTY30JAN2556000CE.NFO.csv
2025-10-27 11:07:23,968 [INFO] [root] [MainThread]: Started processing: GFDLNFO_TICK_03012025\Options\BANKNIFTY30JAN2556100CE.NFO.csv
2025-10-27 11:07:24,038 [INFO] [root] [MainThread]: Successfully processed: GFDLNFO_TICK_03012025\Options\BANKNIFTY30JAN2556100CE.NFO.csv
2025-10-27 11:07:24,038 [INFO] [root] [MainThread]: Started processing: GFDLNFO_TICK_03012025\Options\BANKNIFTY30JAN2556200CE.NFO.csv
2025-10-27 11:07:24,112 [INFO] [root] [MainThread]: Successfully processed: GFDLNFO_TICK_03012025\Options\BANKNIFTY30JAN2556200CE.NFO.csv
2025-10-27 11:07:24,112 [INFO] [root] [MainThread]: Started processing: GFDLNFO_TICK_03012025\Options\BANKNIFTY30JAN2556300CE.NFO.csv
2025-10-27 11:07:24,187 [INFO] [root] [MainThread]: Successfully processed: GFDLNFO_TICK_03012025\Options\BANKNIFTY30JAN2556300CE.NFO.csv
2025-10-27 11:07:24,187 [INFO] [root] [MainThread]: Started processing: GFDLNFO_TICK_03012025\Options\BANKNIFTY30JAN2556400CE.NFO.csv
2025-10-27 11:07:24,273 [INFO] [root] [MainThread]: Successfully processed: GFDLNFO_TICK_03012025\Options\BANKNIFTY30JAN2556400CE.NFO.csv
2025-10-27 11:07:24,273 [INFO] [root] [MainThread]: Started processing: GFDLNFO_TICK_03012025\Options\BANKNIFTY30JAN2556500CE.NFO.csv
2025-10-27 11:07:24,372 [INFO] [root] [MainThread]: Successfully processed: GFDLNFO_TICK_03012025\Options\BANKNIFTY30JAN2556500CE.NFO.csv
2025-10-27 11:07:24,372 [INFO] [root] [MainThread]: Started processing: GFDLNFO_TICK_03012025\Options\BANKNIFTY30JAN2556600CE.NFO.csv
2025-10-27 11:07:24,451 [INFO] [root] [MainThread]: Successfully processed: GFDLNFO_TICK_03012025\Options\BANKNIFTY30JAN2556600CE.NFO.csv
2025-10-27 11:07:24,451 [INFO] [root] [MainThread]: Started processing: GFDLNFO_TICK_03012025\Options\BANKNIFTY30JAN2557000CE.NFO.csv
2025-10-27 11:07:24,599 [INFO] [root] [MainThread]: Successfully processed: GFDLNFO_TICK_03012025\Options\BANKNIFTY30JAN2557000CE.NFO.csv
2025-10-27 11:07:24,599 [INFO] [root] [MainThread]: Started processing: GFDLNFO_TICK_03012025\Options\BANKNIFTY30JAN2557500CE.NFO.csv
2025-10-27 11:07:24,739 [INFO] [root] [MainThread]: Successfully processed: GFDLNFO_TICK_03012025\Options\BANKNIFTY30JAN2557500CE.NFO.csv
2025-10-27 11:07:24,739 [INFO] [root] [MainThread]: Started processing: GFDLNFO_TICK_03012025\Options\BANKNIFTY30JAN2558000CE.NFO.csv
2025-10-27 11:07:24,878 [INFO] [root] [MainThread]: Successfully processed: GFDLNFO_TICK_03012025\Options\BANKNIFTY30JAN2558000CE.NFO.csv
2025-10-27 11:07:24,878 [INFO] [root] [MainThread]: Started processing: GFDLNFO_TICK_03012025\Options\BANKNIFTY30JAN2558500CE.NFO.csv
2025-10-27 11:07:24,996 [INFO] [root] [MainThread]: Successfully processed: GFDLNFO_TICK_03012025\Options\BANKNIFTY30JAN2558500CE.NFO.csv
2025-10-27 11:07:24,996 [INFO] [root] [MainThread]: Started processing: GFDLNFO_TICK_03012025\Options\BANKNIFTY30JAN2559000CE.NFO.csv
2025-10-27 11:07:25,100 [INFO] [root] [MainThread]: Successfully processed: GFDLNFO_TICK_03012025\Options\BANKNIFTY30JAN2559000CE.NFO.csv
2025-10-27 11:07:25,101 [INFO] [root] [MainThread]: Started processing: GFDLNFO_TICK_03012025\Options\BANKNIFTY30JAN2559500CE.NFO.csv
2025-10-27 11:07:25,218 [INFO] [root] [MainThread]: Successfully processed: GFDLNFO_TICK_03012025\Options\BANKNIFTY30JAN2559500CE.NFO.csv
2025-10-27 11:07:25,218 [INFO] [root] [MainThread]: Started processing: GFDLNFO_TICK_03012025\Options\BANKNIFTY30JAN2560000CE.NFO.csv
2025-10-27 11:07:25,367 [INFO] [root] [MainThread]: Successfully processed: GFDLNFO_TICK_03012025\Options\BANKNIFTY30JAN2560000CE.NFO.csv
2025-10-27 11:07:25,368 [INFO] [root] [MainThread]: Started processing: GFDLNFO_TICK_03012025\Options\BANKNIFTY30JAN2560500CE.NFO.csv
2025-10-27 11:07:25,505 [INFO] [root] [MainThread]: Successfully processed: GFDLNFO_TICK_03012025\Options\BANKNIFTY30JAN2560500CE.NFO.csv
2025-10-27 11:07:25,506 [INFO] [root] [MainThread]: Started processing: GFDLNFO_TICK_03012025\Options\BANKNIFTY30JAN2561000CE.NFO.csv
2025-10-27 11:07:25,743 [INFO] [root] [MainThread]: Successfully processed: GFDLNFO_TICK_03012025\Options\BANKNIFTY30JAN2561000CE.NFO.csv
2025-10-27 11:07:25,743 [INFO] [root] [MainThread]: Combining 196 dataframes...
2025-10-27 11:07:25,903 [INFO] [root] [MainThread]: Writing to ProcessedParquet\banknifty_call_03012025.parquet (438414 rows)...
2025-10-27 11:07:26,866 [INFO] [root] [MainThread]: Successfully saved 196 option files to ProcessedParquet\banknifty_call_03012025.parquet
2025-10-27 11:07:26,867 [INFO] [root] [MainThread]: Utility stopped.
